Solving...
Starting with fixed depth 1
Set parameter Username
Academic license - for non-commercial use only - expires 2025-09-20
Set parameter Threads to value 1
Set parameter TimeLimit to value 1200
Gurobi Optimizer version 10.0.0 build v10.0.0rc2 (linux64)

CPU model: AMD EPYC 9124 16-Core Processor, instruction set [SSE2|AVX|AVX2|AVX512]
Thread count: 32 physical cores, 64 logical processors, using up to 1 threads

Optimize a model with 291 rows, 194 columns and 1018 nonzeros
Model fingerprint: 0x239608a9
Variable types: 80 continuous, 114 integer (114 binary)
Coefficient statistics:
  Matrix range     [1e-02, 1e+02]
  Objective range  [2e-01, 3e-01]
  Bounds range     [1e+00, 1e+02]
  RHS range        [1e+00, 1e+00]
Presolve removed 14 rows and 10 columns
Presolve time: 0.00s
Presolved: 277 rows, 184 columns, 973 nonzeros
Variable types: 80 continuous, 104 integer (104 binary)
Found heuristic solution: objective -0.0000000
Found heuristic solution: objective 0.0123561

Root relaxation: objective 5.420259e-01, 107 iterations, 0.00 seconds (0.00 work units)

    Nodes    |    Current Node    |     Objective Bounds      |     Work
 Expl Unexpl |  Obj  Depth IntInf | Incumbent    BestBd   Gap | It/Node Time

     0     0    0.54203    0   33    0.01236    0.54203  4287%     -    0s
H    0     0                       0.0931534    0.54203   482%     -    0s
     0     0    0.54203    0   39    0.09315    0.54203   482%     -    0s
     0     0    0.54203    0   47    0.09315    0.54203   482%     -    0s
     0     0    0.54041    0   56    0.09315    0.54041   480%     -    0s
     0     0    0.54041    0   58    0.09315    0.54041   480%     -    0s
     0     0    0.53372    0   57    0.09315    0.53372   473%     -    0s
H    0     0                       0.1103983    0.53372   383%     -    0s
     0     0    0.53372    0   57    0.11040    0.53372   383%     -    0s
     0     0    0.53028    0   70    0.11040    0.53028   380%     -    0s
     0     0    0.53028    0   67    0.11040    0.53028   380%     -    0s
     0     0    0.52085    0   68    0.11040    0.52085   372%     -    0s
     0     0    0.51898    0   62    0.11040    0.51898   370%     -    0s
     0     0    0.51757    0   68    0.11040    0.51757   369%     -    0s
     0     0    0.51719    0   71    0.11040    0.51719   368%     -    0s
     0     0    0.51410    0   70    0.11040    0.51410   366%     -    0s
     0     0    0.51407    0   72    0.11040    0.51407   366%     -    0s
     0     0    0.51380    0   67    0.11040    0.51380   365%     -    0s
     0     0    0.51369    0   70    0.11040    0.51369   365%     -    0s
     0     0    0.51366    0   67    0.11040    0.51366   365%     -    0s
     0     0    0.51366    0   68    0.11040    0.51366   365%     -    0s
     0     0    0.51366    0   66    0.11040    0.51366   365%     -    0s
     0     0    0.51366    0   54    0.11040    0.51366   365%     -    0s
     0     0    0.51354    0   58    0.11040    0.51354   365%     -    0s
     0     0    0.51344    0   49    0.11040    0.51344   365%     -    0s
     0     0    0.51344    0   61    0.11040    0.51344   365%     -    0s
     0     0    0.51331    0   61    0.11040    0.51331   365%     -    0s
     0     0    0.51237    0   68    0.11040    0.51237   364%     -    0s
     0     0    0.51172    0   67    0.11040    0.51172   364%     -    0s
     0     0    0.51161    0   69    0.11040    0.51161   363%     -    0s
     0     0    0.51151    0   74    0.11040    0.51151   363%     -    0s
     0     0    0.51151    0   72    0.11040    0.51151   363%     -    0s
     0     0    0.51151    0   74    0.11040    0.51151   363%     -    0s
     0     0    0.51151    0   76    0.11040    0.51151   363%     -    0s
     0     0    0.51151    0   60    0.11040    0.51151   363%     -    0s
     0     0    0.51151    0   64    0.11040    0.51151   363%     -    0s
     0     0    0.51151    0   62    0.11040    0.51151   363%     -    0s
     0     0    0.51151    0   50    0.11040    0.51151   363%     -    0s
     0     2    0.41842    0   50    0.11040    0.41842   279%     -    0s

Cutting planes:
  Implied bound: 11
  MIR: 16
  Flow cover: 14
  Zero half: 3
  RLT: 20
  Relax-and-lift: 2
  BQP: 19

Explored 44 nodes (2844 simplex iterations) in 0.17 seconds (0.16 work units)
Thread count was 1 (of 64 available processors)

Solution count 4: 0.110398 0.0931534 0.0123561 -0 
No other solutions better than 0.110398

Optimal solution found (tolerance 1.00e-04)
Best objective 1.103983076551e-01, best bound 1.103983076551e-01, gap 0.0000%
Tree policy:
if Y <= 1.0:
    return '(Left)'
else:
    return '(Down)'
Optimal decision tree (depth=1) value: 0.11039830765513763
Writing result files...
