Solving...
Starting with fixed depth 3
Set parameter Username
Academic license - for non-commercial use only - expires 2025-09-20
Set parameter Threads to value 1
Set parameter TimeLimit to value 1200
Gurobi Optimizer version 10.0.0 build v10.0.0rc2 (linux64)

CPU model: AMD EPYC 9124 16-Core Processor, instruction set [SSE2|AVX|AVX2|AVX512]
Thread count: 32 physical cores, 64 logical processors, using up to 1 threads

Optimize a model with 879 rows, 368 columns and 4200 nonzeros
Model fingerprint: 0x90313db7
Variable types: 80 continuous, 288 integer (288 binary)
Coefficient statistics:
  Matrix range     [1e-02, 1e+02]
  Objective range  [2e-01, 3e-01]
  Bounds range     [1e+00, 1e+02]
  RHS range        [1e+00, 3e+00]
Presolve removed 62 rows and 40 columns
Presolve time: 0.01s
Presolved: 817 rows, 328 columns, 3925 nonzeros
Variable types: 80 continuous, 248 integer (248 binary)
Found heuristic solution: objective -0.0000000
Found heuristic solution: objective 0.0123561
Found heuristic solution: objective 0.0154914

Root relaxation: objective 5.420259e-01, 140 iterations, 0.00 seconds (0.00 work units)

    Nodes    |    Current Node    |     Objective Bounds      |     Work
 Expl Unexpl |  Obj  Depth IntInf | Incumbent    BestBd   Gap | It/Node Time

     0     0    0.54203    0   53    0.01549    0.54203  3399%     -    0s
     0     0    0.54203    0   47    0.01549    0.54203  3399%     -    0s
H    0     0                       0.0390418    0.54203  1288%     -    0s
     0     0    0.54203    0   44    0.03904    0.54203  1288%     -    0s
     0     0    0.54203    0   41    0.03904    0.54203  1288%     -    0s
     0     0    0.54203    0   38    0.03904    0.54203  1288%     -    0s
H    0     0                       0.0931534    0.54203   482%     -    0s
     0     0    0.54203    0   55    0.09315    0.54203   482%     -    0s
     0     0    0.54203    0   56    0.09315    0.54203   482%     -    0s
     0     0    0.54203    0   49    0.09315    0.54203   482%     -    0s
     0     0    0.54203    0   48    0.09315    0.54203   482%     -    0s
     0     2    0.54203    0   31    0.09315    0.54203   482%     -    0s
*   26    21              19       0.1218010    0.54203   345%  22.4    0s
*   27    20              19       0.1235245    0.54203   339%  21.7    0s
*   52    35              19       0.1417048    0.54203   283%  18.9    0s
*  126    58              19       0.3651665    0.54203  48.4%  16.6    0s
*  164    51              23       0.4446950    0.54203  21.9%  15.7    0s
*  306    34              10       0.5201248    0.54203  4.21%  17.4    0s
H  593    27                       0.5201248    0.54203  4.21%  16.4    0s

Cutting planes:
  Gomory: 3
  Lift-and-project: 5
  Cover: 15
  Implied bound: 12
  MIR: 9
  Flow cover: 5
  Inf proof: 6
  Zero half: 14
  Relax-and-lift: 1

Explored 682 nodes (11759 simplex iterations) in 0.50 seconds (0.57 work units)
Thread count was 1 (of 64 available processors)

Solution count 10: 0.520125 0.520125 0.444695 ... 0.0154914
No other solutions better than 0.520125

Optimal solution found (tolerance 1.00e-04)
Best objective 5.201248227986e-01, best bound 5.201248227986e-01, gap 0.0000%
Tree policy:
if X <= 0.0:
    if Y <= 1.0:
        return '(Left)'
    else:
        if Y <= 3.0:
            return '(Up)'
        else:
            return '(Left)'
else:
    if X <= 1.0:
        if Y <= 2.0:
            return '(Down)'
        else:
            return '(Right)'
    else:
        if Y <= 2.0:
            return '(Left)'
        else:
            return '(Down)'
Optimal decision tree (depth=3) value: 0.5201248227986334
Writing result files...
