Solving...
Starting with fixed depth 2
Set parameter Username
Academic license - for non-commercial use only - expires 2025-09-20
Set parameter Threads to value 1
Set parameter TimeLimit to value 1200
Gurobi Optimizer version 10.0.0 build v10.0.0rc2 (linux64)

CPU model: AMD EPYC 9124 16-Core Processor, instruction set [SSE2|AVX|AVX2|AVX512]
Thread count: 32 physical cores, 64 logical processors, using up to 1 threads

Optimize a model with 487 rows, 252 columns and 1972 nonzeros
Model fingerprint: 0x64c30878
Variable types: 80 continuous, 172 integer (172 binary)
Coefficient statistics:
  Matrix range     [1e-02, 1e+02]
  Objective range  [2e-01, 3e-01]
  Bounds range     [1e+00, 1e+02]
  RHS range        [1e+00, 2e+00]
Presolve removed 30 rows and 20 columns
Presolve time: 0.01s
Presolved: 457 rows, 232 columns, 1857 nonzeros
Variable types: 80 continuous, 152 integer (152 binary)
Found heuristic solution: objective -0.0000000
Found heuristic solution: objective 0.0123561

Root relaxation: objective 5.420259e-01, 112 iterations, 0.00 seconds (0.00 work units)

    Nodes    |    Current Node    |     Objective Bounds      |     Work
 Expl Unexpl |  Obj  Depth IntInf | Incumbent    BestBd   Gap | It/Node Time

     0     0    0.54203    0   47    0.01236    0.54203  4287%     -    0s
     0     0    0.54203    0   49    0.01236    0.54203  4287%     -    0s
     0     0    0.54203    0   49    0.01236    0.54203  4287%     -    0s
     0     0    0.54203    0   19    0.01236    0.54203  4287%     -    0s
H    0     0                       0.0576223    0.54203   841%     -    0s
     0     0    0.54203    0   46    0.05762    0.54203   841%     -    0s
     0     0    0.54203    0   46    0.05762    0.54203   841%     -    0s
     0     0    0.54203    0   33    0.05762    0.54203   841%     -    0s
H    0     0                       0.1103983    0.54203   391%     -    0s
     0     0    0.54203    0   39    0.11040    0.54203   391%     -    0s
     0     0    0.54203    0   39    0.11040    0.54203   391%     -    0s
     0     2    0.54203    0   39    0.11040    0.54203   391%     -    0s
H  105    27                       0.2558316    0.54203   112%  15.2    0s
H  327    21                       0.3651665    0.44469  21.8%  12.7    0s

Cutting planes:
  Cover: 8
  Implied bound: 18
  MIR: 28
  Flow cover: 13
  Inf proof: 5
  Zero half: 20
  Relax-and-lift: 1

Explored 412 nodes (5988 simplex iterations) in 0.21 seconds (0.22 work units)
Thread count was 1 (of 64 available processors)

Solution count 6: 0.365167 0.255832 0.110398 ... -0
No other solutions better than 0.365167

Optimal solution found (tolerance 1.00e-04)
Best objective 3.651665144379e-01, best bound 3.651665144379e-01, gap 0.0000%
Tree policy:
if X <= 0.0:
    if Y <= 1.0:
        return '(Left)'
    else:
        return '(Up)'
else:
    if Y <= 2.0:
        return '(Down)'
    else:
        return '(Right)'
Optimal decision tree (depth=2) value: 0.36516651443791465
Writing result files...
