Solving...
Starting with fixed depth 8
Set parameter Username
Academic license - for non-commercial use only - expires 2025-09-20
Set parameter Threads to value 1
Set parameter TimeLimit to value 1200
Gurobi Optimizer version 10.0.0 build v10.0.0rc2 (linux64)

CPU model: AMD EPYC 9124 16-Core Processor, instruction set [SSE2|AVX|AVX2|AVX512]
Thread count: 32 physical cores, 64 logical processors, using up to 1 threads

Optimize a model with 32074111 rows, 770043 columns and 325046452 nonzeros
Model fingerprint: 0x16c0c20e
Variable types: 122850 continuous, 647193 integer (647193 binary)
Coefficient statistics:
  Matrix range     [1e-02, 1e+02]
  Objective range  [1e+00, 1e+00]
  Bounds range     [1e+00, 1e+02]
  RHS range        [1e+00, 8e+00]
Presolve removed 0 rows and 0 columns (presolve time = 6s) ...
Presolve removed 510 rows and 1275 columns (presolve time = 16s) ...
Presolve removed 16575 rows and 1275 columns (presolve time = 22s) ...
Presolve removed 16575 rows and 1275 columns (presolve time = 27s) ...
Presolve removed 16575 rows and 1275 columns (presolve time = 32s) ...
Presolve removed 16575 rows and 1275 columns (presolve time = 38s) ...
Presolve removed 16575 rows and 1275 columns (presolve time = 52s) ...
Presolve removed 16575 rows and 1275 columns (presolve time = 57s) ...
Presolve removed 16575 rows and 1275 columns (presolve time = 61s) ...
Presolve removed 16575 rows and 1275 columns (presolve time = 71s) ...
Presolve removed 16575 rows and 1275 columns (presolve time = 78s) ...
Presolve removed 16575 rows and 1275 columns (presolve time = 80s) ...
Presolve removed 16575 rows and 1275 columns (presolve time = 85s) ...
Presolve removed 16575 rows and 1275 columns (presolve time = 90s) ...
Presolve removed 16575 rows and 1275 columns (presolve time = 95s) ...
Presolve removed 16575 rows and 1275 columns (presolve time = 100s) ...
Presolve removed 16575 rows and 1275 columns (presolve time = 109s) ...
Presolve removed 16575 rows and 1275 columns (presolve time = 116s) ...
Presolve removed 16575 rows and 1275 columns (presolve time = 127s) ...
Presolve removed 16575 rows and 1275 columns (presolve time = 132s) ...
Presolve removed 16575 rows and 1275 columns (presolve time = 135s) ...
Presolve removed 16575 rows and 1275 columns (presolve time = 140s) ...
Presolve removed 16575 rows and 1275 columns (presolve time = 145s) ...
Presolve removed 16575 rows and 1275 columns (presolve time = 150s) ...
Presolve removed 16575 rows and 1275 columns (presolve time = 155s) ...
Presolve removed 16575 rows and 1275 columns (presolve time = 160s) ...
Presolve removed 16575 rows and 1275 columns (presolve time = 165s) ...
Presolve removed 16575 rows and 1275 columns (presolve time = 170s) ...
Presolve removed 16575 rows and 1275 columns (presolve time = 175s) ...
Presolve removed 16575 rows and 1275 columns (presolve time = 180s) ...
Presolve removed 16575 rows and 1275 columns (presolve time = 185s) ...
Presolve removed 16575 rows and 1275 columns (presolve time = 190s) ...
Presolve removed 16575 rows and 1275 columns (presolve time = 195s) ...
Presolve removed 16575 rows and 1275 columns (presolve time = 200s) ...
Presolve removed 16575 rows and 1275 columns (presolve time = 210s) ...
Presolve removed 16575 rows and 1275 columns (presolve time = 215s) ...
Presolve removed 16575 rows and 1275 columns (presolve time = 220s) ...
Presolve removed 16575 rows and 1275 columns (presolve time = 226s) ...
Presolve removed 16575 rows and 1275 columns (presolve time = 242s) ...
Presolve removed 16575 rows and 1275 columns (presolve time = 249s) ...
Presolve removed 16575 rows and 1275 columns (presolve time = 250s) ...
Presolve removed 16575 rows and 1275 columns (presolve time = 255s) ...
Presolve removed 16575 rows and 1275 columns (presolve time = 260s) ...
Presolve removed 16575 rows and 1275 columns (presolve time = 265s) ...
Presolve removed 16575 rows and 1275 columns (presolve time = 270s) ...
Presolve removed 16575 rows and 1275 columns (presolve time = 275s) ...
Presolve removed 16575 rows and 1275 columns (presolve time = 280s) ...
Presolve removed 16575 rows and 1275 columns (presolve time = 288s) ...
Presolve removed 16575 rows and 1275 columns (presolve time = 291s) ...
Presolve removed 16575 rows and 1275 columns (presolve time = 296s) ...
Presolve removed 16575 rows and 1275 columns (presolve time = 300s) ...
Presolve removed 16575 rows and 1275 columns (presolve time = 306s) ...
Presolve removed 16575 rows and 1275 columns (presolve time = 310s) ...
Presolve removed 16575 rows and 1275 columns (presolve time = 315s) ...
Presolve removed 16575 rows and 1275 columns (presolve time = 320s) ...
Presolve removed 16575 rows and 1275 columns (presolve time = 325s) ...
Presolve removed 16575 rows and 1275 columns (presolve time = 330s) ...
Presolve removed 16575 rows and 1275 columns (presolve time = 335s) ...
Presolve removed 16575 rows and 1275 columns (presolve time = 350s) ...
Presolve removed 16575 rows and 1275 columns (presolve time = 350s) ...
Presolve removed 16575 rows and 1275 columns (presolve time = 362s) ...
Presolve removed 15752 rows and 452 columns
Presolve time: 361.66s
Presolved: 32058359 rows, 769591 columns, 322468386 nonzeros
Variable types: 123673 continuous, 645918 integer (645918 binary)
Found heuristic solution: objective 0.6529679
Found heuristic solution: objective 0.6529684
Root relaxation presolved: 769591 rows, 32827713 columns, 323237740 nonzeros


Root simplex log...

Iteration    Objective       Primal Inf.    Dual Inf.      Time
       0    2.5658182e+05   0.000000e+00   3.294838e+07    658s
  105560    2.5658182e+05   0.000000e+00   3.290315e+07    662s
  121158    2.5658182e+05   0.000000e+00   3.538473e+09    695s
  125394    1.0101010e+00   0.000000e+00   3.729617e+09    732s
  131242   -2.4619413e+02   0.000000e+00   1.941628e+09    769s
  136905   -2.5637230e+02   0.000000e+00   3.741672e+09    806s
  142313   -2.6396657e+02   0.000000e+00   2.569593e+09    843s
  147346   -2.7021886e+02   0.000000e+00   2.968954e+09    880s
  152137   -2.7575023e+02   0.000000e+00   1.169764e+11    915s
  156123   -2.8050926e+02   0.000000e+00   4.168223e+09    949s
  161578   -2.8758064e+02   0.000000e+00   6.433650e+09    996s
  166034   -2.9229973e+02   0.000000e+00   2.793978e+09   1032s
  169276   -2.9529118e+02   0.000000e+00   1.809140e+09   1067s
  174378   -3.0119914e+02   0.000000e+00   2.193344e+09   1107s
  179409   -3.0636385e+02   0.000000e+00   1.327703e+09   1144s
  182859   -3.0913705e+02   0.000000e+00   7.831669e+09   1182s
  184747   -3.1070936e+02   0.000000e+00   2.709486e+09   1198s

Root relaxation: time limit, 184917 iterations, 707.85 seconds (2184.17 work units)

    Nodes    |    Current Node    |     Objective Bounds      |     Work
 Expl Unexpl |  Obj  Depth IntInf | Incumbent    BestBd   Gap | It/Node Time

     0     0          -    0         0.65297 256581.818      -     - 1200s

Explored 1 nodes (184917 simplex iterations) in 1201.58 seconds (3335.27 work units)
Thread count was 1 (of 64 available processors)

Solution count 2: 0.652968 0.652968 

Time limit reached
Best objective 6.529683865275e-01, best bound 2.565818181818e+05, gap 39294576.9669%
Tree policy:
return 'process2_cmd_71'
Optimal decision tree (depth=8) value: 0.6529683865274563
Writing result files...
