Solving...
Starting with fixed depth 2
Set parameter Username
Academic license - for non-commercial use only - expires 2025-09-20
Set parameter Threads to value 1
Set parameter TimeLimit to value 1200
Gurobi Optimizer version 10.0.0 build v10.0.0rc2 (linux64)

CPU model: AMD EPYC 9124 16-Core Processor, instruction set [SSE2|AVX|AVX2|AVX512]
Thread count: 32 physical cores, 64 logical processors, using up to 1 threads

Optimize a model with 624007 rows, 251931 columns and 2919388 nonzeros
Model fingerprint: 0xbd910236
Variable types: 122850 continuous, 129081 integer (129081 binary)
Coefficient statistics:
  Matrix range     [1e-02, 1e+02]
  Objective range  [1e+00, 1e+00]
  Bounds range     [1e+00, 1e+02]
  RHS range        [1e+00, 2e+00]
Presolve removed 195 rows and 15 columns (presolve time = 5s) ...
Presolve added 628 rows and 808 columns
Presolve time: 5.46s
Presolved: 624635 rows, 252739 columns, 2737338 nonzeros
Variable types: 123673 continuous, 129066 integer (129066 binary)
Root relaxation presolved: 624635 rows, 252739 columns, 2737338 nonzeros


Root simplex log...

Iteration    Objective       Primal Inf.    Dual Inf.      Time
       0    2.5658182e+05   6.661665e+06   0.000000e+00     10s
    3878    1.0101006e+00   1.445296e+01   0.000000e+00     10s
    8028    1.0101004e+00   1.190223e+01   0.000000e+00     16s
   11707    1.0101003e+00   1.236459e+01   0.000000e+00     21s
   13467    1.0101002e+00   1.583600e+01   0.000000e+00     25s
   15177    1.0101002e+00   1.262189e+01   0.000000e+00     30s
   16857    1.0101001e+00   1.191970e+01   0.000000e+00     35s
   18347    1.0100999e+00   4.549137e+01   0.000000e+00     40s
   20219    1.0100997e+00   1.220411e+01   0.000000e+00     45s
   22275    1.0100996e+00   9.766013e+00   0.000000e+00     50s
   23701    1.0100995e+00   1.405047e+01   0.000000e+00     55s
   24961    1.0100994e+00   1.169487e+01   0.000000e+00     60s
   26421    1.0100992e+00   1.968007e+01   0.000000e+00     65s
   27241    1.0100991e+00   1.389334e+01   0.000000e+00     70s
   28761    1.0100989e+00   1.785769e+01   0.000000e+00     76s
   30121    1.0100987e+00   1.457627e+02   0.000000e+00     80s
   32137    1.0100985e+00   1.365551e+01   0.000000e+00     85s
   34855    1.0100981e+00   2.219366e+01   0.000000e+00     90s
   37375    1.0100977e+00   1.682073e+01   0.000000e+00     95s
   38645    1.0100975e+00   1.485429e+01   0.000000e+00    100s
   39605    1.0100974e+00   1.619473e+01   0.000000e+00    105s
   40615    1.0100973e+00   1.477093e+01   0.000000e+00    111s
   41695    1.0100971e+00   4.072927e+01   0.000000e+00    115s
   44105    1.0100966e+00   1.794956e+01   0.000000e+00    121s
   45635    1.0100964e+00   3.603209e+01   0.000000e+00    125s
   46615    1.0100962e+00   1.708668e+01   0.000000e+00    130s
   47685    1.0100960e+00   1.781721e+01   0.000000e+00    135s
   48925    1.0100958e+00   1.620670e+01   0.000000e+00    140s
   50305    1.0100955e+00   1.807331e+01   0.000000e+00    146s
   51345    1.0100954e+00   2.091444e+01   0.000000e+00    151s
   53227    1.0100950e+00   1.526715e+01   0.000000e+00    155s
   56449    1.0100943e+00   2.062173e+01   0.000000e+00    160s
   60103    1.0100934e+00   1.381517e+01   0.000000e+00    165s
   62673    1.0100929e+00   2.866488e+01   0.000000e+00    170s
   63723    1.0100926e+00   2.186545e+01   0.000000e+00    175s
   64913    1.0100923e+00   1.856243e+01   0.000000e+00    180s
   66579    1.0100919e+00   1.588151e+01   0.000000e+00    186s
   68987    1.0100913e+00   2.065549e+01   0.000000e+00    191s
   70217    1.0100910e+00   1.599671e+01   0.000000e+00    196s
   71307    1.0100906e+00   1.534173e+01   0.000000e+00    200s
   72827    1.0100901e+00   3.461860e+01   0.000000e+00    206s
   74863    1.0100893e+00   2.052059e+01   0.000000e+00    211s
   76363    1.0100889e+00   1.409103e+01   0.000000e+00    215s
   79257    1.0100875e+00   1.530546e+01   0.000000e+00    220s
   82341    1.0100863e+00   2.482661e+01   0.000000e+00    225s
   84097    1.0100855e+00   1.664483e+01   0.000000e+00    230s
   85667    1.0100848e+00   4.285604e+01   0.000000e+00    236s
   87673    1.0100836e+00   2.859941e+01   0.000000e+00    241s
   89273    1.0100819e+00   1.787466e+01   0.000000e+00    245s
   91359    1.0100785e+00   2.605528e+01   0.000000e+00    250s
   92879    1.0100772e+00   2.923805e+01   0.000000e+00    255s
   94769    1.0100703e+00   4.567794e+01   0.000000e+00    260s
   96295    1.0100637e+00   4.576731e+01   0.000000e+00    266s
   97105    1.0100613e+00   6.462954e+01   0.000000e+00    271s
   97715    1.0100607e+00   5.603147e+01   0.000000e+00    275s
   98445    1.0100602e+00   3.825823e+01   0.000000e+00    280s
   99365    1.0100518e+00   1.236001e+02   0.000000e+00    285s
  100175    1.0100483e+00   6.079075e+01   0.000000e+00    290s
  101365    1.0100435e+00   9.413974e+01   0.000000e+00    295s
  101875    1.0100428e+00   1.505038e+02   0.000000e+00    301s
  102555    1.0100421e+00   4.725373e+01   0.000000e+00    306s
  103375    1.0100373e+00   5.090980e+01   0.000000e+00    310s
  105421    1.0097535e+00   1.900577e+02   0.000000e+00    316s
  106141    9.6058620e-01   1.058873e+00   0.000000e+00    320s
  106564    9.6059601e-01   0.000000e+00   0.000000e+00    324s

Root relaxation: objective 9.605960e-01, 106564 iterations, 317.02 seconds (1068.42 work units)
Total elapsed time = 328.02s

    Nodes    |    Current Node    |     Objective Bounds      |     Work
 Expl Unexpl |  Obj  Depth IntInf | Incumbent    BestBd   Gap | It/Node Time

     0     0    0.96060    0 2083          -    0.96060      -     -  328s
H    0     0                       0.6019356    0.96060  59.6%     -  400s
     0     0    0.96060    0 2047    0.60194    0.96060  59.6%     -  648s
     0     0    0.96060    0 2027    0.60194    0.96060  59.6%     -  906s
     0     0    0.96060    0 1971    0.60194    0.96060  59.6%     - 1050s
     0     0    0.96060    0 1965    0.60194    0.96060  59.6%     - 1200s

Cutting planes:
  Gomory: 2
  Implied bound: 4
  MIR: 2
  Flow cover: 7
  Zero half: 293

Explored 1 nodes (148653 simplex iterations) in 1200.19 seconds (2576.23 work units)
Thread count was 1 (of 64 available processors)

Solution count 1: 0.601936 

Time limit reached
Warning: max constraint violation (7.8625e-06) exceeds tolerance
Warning: max bound violation (7.0498e-06) exceeds tolerance
Best objective 6.019355945436e-01, best bound 9.605960100000e-01, gap 59.5845%
Tree policy:
if p2 <= 14.0:
    return 'process0_cmd_2'
else:
    if p0 <= 5.0:
        return 'process0_cmd_9'
    else:
        return 'process2_cmd_71'
Optimal decision tree (depth=2) value: 0.6019355945436087
Writing result files...
