Solving...
Starting with fixed depth 7
Set parameter Username
Academic license - for non-commercial use only - expires 2025-09-20
Set parameter Threads to value 1
Set parameter TimeLimit to value 1200
Gurobi Optimizer version 10.0.0 build v10.0.0rc2 (linux64)

CPU model: AMD EPYC 9124 16-Core Processor, instruction set [SSE2|AVX|AVX2|AVX512]
Thread count: 32 physical cores, 64 logical processors, using up to 1 threads

Optimize a model with 16099455 rows, 506875 columns and 147199156 nonzeros
Model fingerprint: 0xe7f9cabd
Variable types: 122850 continuous, 384025 integer (384025 binary)
Coefficient statistics:
  Matrix range     [1e-02, 1e+02]
  Objective range  [1e+00, 1e+00]
  Bounds range     [1e+00, 1e+02]
  RHS range        [1e+00, 7e+00]
Presolve removed 254 rows and 635 columns (presolve time = 8s) ...
Presolve removed 8255 rows and 635 columns (presolve time = 11s) ...
Presolve removed 8255 rows and 635 columns (presolve time = 15s) ...
Presolve removed 8255 rows and 635 columns (presolve time = 25s) ...
Presolve removed 8255 rows and 635 columns (presolve time = 27s) ...
Presolve removed 8255 rows and 635 columns (presolve time = 33s) ...
Presolve removed 8255 rows and 635 columns (presolve time = 37s) ...
Presolve removed 8255 rows and 635 columns (presolve time = 40s) ...
Presolve removed 8255 rows and 635 columns (presolve time = 45s) ...
Presolve removed 8255 rows and 635 columns (presolve time = 51s) ...
Presolve removed 8255 rows and 635 columns (presolve time = 55s) ...
Presolve removed 8255 rows and 635 columns (presolve time = 60s) ...
Presolve removed 8255 rows and 635 columns (presolve time = 65s) ...
Presolve removed 8255 rows and 635 columns (presolve time = 70s) ...
Presolve removed 8255 rows and 635 columns (presolve time = 75s) ...
Presolve removed 8255 rows and 635 columns (presolve time = 80s) ...
Presolve removed 8255 rows and 635 columns (presolve time = 85s) ...
Presolve removed 8255 rows and 635 columns (presolve time = 90s) ...
Presolve removed 8255 rows and 635 columns (presolve time = 95s) ...
Presolve removed 8255 rows and 635 columns (presolve time = 100s) ...
Presolve removed 8255 rows and 635 columns (presolve time = 106s) ...
Presolve removed 8255 rows and 635 columns (presolve time = 110s) ...
Presolve removed 8255 rows and 635 columns (presolve time = 120s) ...
Presolve removed 8255 rows and 635 columns (presolve time = 123s) ...
Presolve removed 8255 rows and 635 columns (presolve time = 125s) ...
Presolve removed 8255 rows and 635 columns (presolve time = 130s) ...
Presolve removed 8255 rows and 635 columns (presolve time = 135s) ...
Presolve removed 8255 rows and 635 columns (presolve time = 141s) ...
Presolve removed 8255 rows and 635 columns (presolve time = 145s) ...
Presolve removed 8255 rows and 635 columns (presolve time = 150s) ...
Presolve removed 8255 rows and 635 columns (presolve time = 155s) ...
Presolve removed 8255 rows and 635 columns (presolve time = 160s) ...
Presolve removed 8255 rows and 635 columns (presolve time = 165s) ...
Presolve removed 8255 rows and 635 columns (presolve time = 172s) ...
Presolve removed 8255 rows and 635 columns (presolve time = 177s) ...
Presolve added 0 rows and 188 columns
Presolve removed 7432 rows and 0 columns
Presolve time: 177.47s
Presolved: 16092023 rows, 507063 columns, 145845410 nonzeros
Variable types: 123673 continuous, 383390 integer (383390 binary)
Found heuristic solution: objective 0.6529679
Found heuristic solution: objective 0.6529684
Root relaxation presolved: 507063 rows, 16598849 columns, 146352236 nonzeros


Root simplex log...

Iteration    Objective       Primal Inf.    Dual Inf.      Time
       0    2.5658182e+05   0.000000e+00   1.858045e+07    317s
   69748    4.0727273e+03   0.000000e+00   7.430631e+08    325s
   72660    1.0101010e+00   0.000000e+00   1.588668e+09    332s
   75087   -2.0138127e+02   0.000000e+00   2.397119e+09    344s
   77966   -2.3329899e+02   0.000000e+00   2.423263e+09    355s
   83194   -2.4319099e+02   0.000000e+00   6.592423e+08    367s
   87145   -2.4984044e+02   0.000000e+00   1.395725e+09    379s
   91870   -2.5772651e+02   0.000000e+00   9.884815e+08    392s
   96509   -2.6519919e+02   0.000000e+00   5.532048e+08    406s
  100306   -2.7059721e+02   0.000000e+00   1.038790e+09    418s
  104142   -2.7584875e+02   0.000000e+00   1.056868e+09    430s
  107978   -2.8092124e+02   0.000000e+00   6.760666e+08    442s
  111673   -2.8577679e+02   0.000000e+00   1.040045e+09    454s
  114669   -2.8918177e+02   0.000000e+00   7.530301e+08    465s
  117630   -2.9237726e+02   0.000000e+00   1.294863e+09    476s
  120530   -2.9540162e+02   0.000000e+00   1.241883e+09    487s
  123988   -2.9921261e+02   0.000000e+00   4.877803e+08    498s
  127508   -3.0240266e+02   0.000000e+00   6.608457e+08    509s
  130430   -3.0479182e+02   0.000000e+00   1.024541e+09    521s
  133330   -3.0718112e+02   0.000000e+00   3.611381e+09    533s
  136158   -3.0945893e+02   0.000000e+00   9.918337e+08    544s
  139009   -3.1155493e+02   0.000000e+00   5.039571e+08    555s
  141761   -3.1348495e+02   0.000000e+00   1.016878e+09    565s
  144563   -3.1532998e+02   0.000000e+00   7.204580e+08    576s
  147333   -3.1702606e+02   0.000000e+00   1.126500e+10    588s
  151088   -3.1942288e+02   0.000000e+00   6.153949e+08    598s
  153263   -3.2039130e+02   0.000000e+00   9.619116e+08    607s
  156045   -3.2193406e+02   0.000000e+00   8.187727e+08    616s
  159346   -3.2361129e+02   0.000000e+00   4.714621e+08    624s
  161484   -3.2439277e+02   0.000000e+00   9.465186e+08    634s
  164353   -3.2553554e+02   0.000000e+00   4.340881e+08    643s
  166728   -3.2626989e+02   0.000000e+00   3.103214e+09    656s
  169337   -3.2725021e+02   0.000000e+00   5.250725e+08    667s
  171141   -3.2788716e+02   0.000000e+00   4.429157e+08    677s
  173750   -3.2872511e+02   0.000000e+00   6.760424e+08    686s
  175257   -3.2912209e+02   0.000000e+00   3.478172e+08    697s
  176635   -3.2945926e+02   0.000000e+00   6.026637e+08    709s
  178257   -3.2989186e+02   0.000000e+00   6.772914e+08    720s
  179741   -3.3021882e+02   0.000000e+00   5.061319e+08    732s
  180965   -3.3046949e+02   0.000000e+00   1.410473e+09    745s
  182484   -3.3079863e+02   0.000000e+00   4.746947e+09    756s
  183987   -3.3105745e+02   0.000000e+00   9.832630e+08    769s
  185283   -3.3133634e+02   0.000000e+00   2.293118e+08    781s
  186717   -3.3157630e+02   0.000000e+00   7.452275e+08    795s
  189341   -3.3205773e+02   0.000000e+00   1.230552e+09    808s
  190451   -3.3214645e+02   0.000000e+00   4.120746e+08    823s
  191619   -3.3229594e+02   0.000000e+00   1.446465e+09    836s
  193035   -3.3247170e+02   0.000000e+00   5.180335e+08    848s
  194240   -3.3261489e+02   0.000000e+00   5.536125e+08    863s
  195484   -3.3275790e+02   0.000000e+00   9.028481e+08    876s
  196594   -3.3285235e+02   0.000000e+00   3.804356e+08    891s
  197704   -3.3294820e+02   0.000000e+00   5.986169e+08    909s
  198814   -3.3307302e+02   0.000000e+00   2.503968e+08    925s
  199924   -3.3314195e+02   0.000000e+00   3.944330e+08    943s
  201021   -3.3321257e+02   0.000000e+00   1.410773e+09    961s
  202279   -3.3331430e+02   0.000000e+00   7.563352e+08    975s
  203389   -3.3340064e+02   0.000000e+00   1.111932e+09    994s
  204499   -3.3347916e+02   0.000000e+00   1.214828e+09   1011s
  205663   -3.3357260e+02   0.000000e+00   7.652058e+08   1029s
  206773   -3.3364181e+02   0.000000e+00   3.773211e+08   1049s
  207883   -3.3372598e+02   0.000000e+00   4.355042e+08   1068s
  208993   -3.3380460e+02   0.000000e+00   4.632305e+08   1085s
  210103   -3.3387826e+02   0.000000e+00   3.344236e+08   1105s
  211213   -3.3392935e+02   0.000000e+00   6.092443e+08   1127s
  212323   -3.3398417e+02   0.000000e+00   3.714640e+08   1147s
  213433   -3.3403810e+02   0.000000e+00   4.483452e+08   1170s
  214543   -3.3408769e+02   0.000000e+00   4.430928e+08   1190s

Root relaxation: time limit, 215034 iterations, 958.05 seconds (3800.08 work units)

    Nodes    |    Current Node    |     Objective Bounds      |     Work
 Expl Unexpl |  Obj  Depth IntInf | Incumbent    BestBd   Gap | It/Node Time

     0     0          -    0         0.65297 256581.818      -     - 1200s

Explored 1 nodes (215034 simplex iterations) in 1200.75 seconds (4338.24 work units)
Thread count was 1 (of 64 available processors)

Solution count 2: 0.652968 0.652968 

Time limit reached
Best objective 6.529683865282e-01, best bound 2.565818181818e+05, gap 39294576.9668%
Tree policy:
return 'process2_cmd_71'
Optimal decision tree (depth=7) value: 0.6529683865281715
Writing result files...
