Solving...
Starting with fixed depth 1
Set parameter Username
Academic license - for non-commercial use only - expires 2025-09-20
Set parameter Threads to value 1
Set parameter TimeLimit to value 1200
Gurobi Optimizer version 10.0.0 build v10.0.0rc2 (linux64)

CPU model: AMD EPYC 9124 16-Core Processor, instruction set [SSE2|AVX|AVX2|AVX512]
Thread count: 32 physical cores, 64 logical processors, using up to 1 threads

Optimize a model with 374403 rows, 247819 columns and 1614724 nonzeros
Model fingerprint: 0x77ea2d39
Variable types: 122850 continuous, 124969 integer (124969 binary)
Coefficient statistics:
  Matrix range     [1e-02, 1e+02]
  Objective range  [1e+00, 1e+00]
  Bounds range     [1e+00, 1e+02]
  RHS range        [1e+00, 1e+00]
Presolve added 758 rows and 818 columns
Presolve time: 2.72s
Presolved: 375161 rows, 248637 columns, 1451048 nonzeros
Variable types: 123673 continuous, 124964 integer (124964 binary)

Root simplex log...

Iteration    Objective       Primal Inf.    Dual Inf.      Time
    2246    1.0101010e+00   5.324592e+00   0.000000e+00      5s
    7433    1.0101005e+00   1.946512e+01   0.000000e+00     10s
   11963    1.0101004e+00   7.337668e+00   0.000000e+00     15s
   15173    1.0101003e+00   1.046159e+01   0.000000e+00     20s
   17293    1.0101002e+00   4.082238e-01   0.000000e+00     25s
   19213    1.0101001e+00   4.603616e+01   0.000000e+00     30s
   20763    1.0100998e+00   9.676617e+00   0.000000e+00     35s
   22333    1.0100996e+00   9.006593e+00   0.000000e+00     40s
   23753    1.0100994e+00   1.173552e+01   0.000000e+00     45s
   25093    1.0100991e+00   1.418396e+01   0.000000e+00     50s
   26343    1.0100990e+00   2.594728e+01   0.000000e+00     55s
   27793    1.0100987e+00   5.185536e+00   0.000000e+00     60s
   29413    1.0100985e+00   3.731107e+00   0.000000e+00     65s
   30643    1.0100983e+00   1.259537e+01   0.000000e+00     70s
   31973    1.0100982e+00   1.196926e+02   0.000000e+00     75s
   33173    1.0100980e+00   8.932444e+01   0.000000e+00     80s
   34483    1.0100978e+00   1.618293e+01   0.000000e+00     85s
   35733    1.0100976e+00   2.040681e+01   0.000000e+00     90s
   36903    1.0100974e+00   3.081599e+00   0.000000e+00     95s
   38093    1.0100972e+00   4.510166e+00   0.000000e+00    100s
   39273    1.0100970e+00   8.062030e+01   0.000000e+00    105s
   40593    1.0100968e+00   2.365499e+01   0.000000e+00    110s
   41933    1.0100966e+00   2.301673e+01   0.000000e+00    115s
   43353    1.0100963e+00   1.640806e+01   0.000000e+00    120s
   44533    1.0100961e+00   1.191876e+01   0.000000e+00    125s
   46113    1.0100958e+00   1.989353e+01   0.000000e+00    130s
   47293    1.0100956e+00   8.264904e+00   0.000000e+00    135s
   48493    1.0100953e+00   4.430615e+01   0.000000e+00    140s
   49783    1.0100949e+00   9.868818e+00   0.000000e+00    145s
   51123    1.0100946e+00   2.599926e+01   0.000000e+00    150s
   52663    1.0100941e+00   5.601804e+00   0.000000e+00    156s
   54023    1.0100938e+00   1.898807e+01   0.000000e+00    160s
   55323    1.0100934e+00   7.682859e+01   0.000000e+00    165s
   56543    1.0100931e+00   4.917633e+00   0.000000e+00    170s
   57623    1.0100928e+00   6.632118e+01   0.000000e+00    175s
   58813    1.0100923e+00   3.717375e+01   0.000000e+00    180s
   59863    1.0100919e+00   3.080267e+01   0.000000e+00    185s
   61073    1.0100916e+00   1.171571e+01   0.000000e+00    190s
   62513    1.0100912e+00   1.569343e+01   0.000000e+00    195s
   63903    1.0100907e+00   2.166893e+01   0.000000e+00    200s
   66939    1.0100891e+00   1.786995e+01   0.000000e+00    205s
   69102    1.0100879e+00   8.804433e+00   0.000000e+00    210s
   70042    1.0100876e+00   3.181177e+01   0.000000e+00    215s
   71252    1.0100871e+00   3.745321e+01   0.000000e+00    220s
   73878    1.0100852e+00   1.023268e+01   0.000000e+00    225s
   77599    1.0100827e+00   7.332666e+00   0.000000e+00    230s
   81902    1.0100784e+00   2.319949e+00   0.000000e+00    235s
   84971    1.0100697e+00   1.200234e+01   0.000000e+00    240s
   88994    1.0079977e+00   3.271740e+03   0.000000e+00    245s
   89506    9.6059601e-01   0.000000e+00   0.000000e+00    247s

Root relaxation: objective 9.605960e-01, 89506 iterations, 242.49 seconds (786.37 work units)
Total elapsed time = 250.43s

    Nodes    |    Current Node    |     Objective Bounds      |     Work
 Expl Unexpl |  Obj  Depth IntInf | Incumbent    BestBd   Gap | It/Node Time

     0     0    0.96060    0 2083          -    0.96060      -     -  251s
H    0     0                       0.6012791    0.96060  59.8%     -  260s
     0     0    0.96060    0 2047    0.60128    0.96060  59.8%     -  378s
     0     0    0.96060    0 2049    0.60128    0.96060  59.8%     -  593s
     0     0    0.96060    0 2022    0.60128    0.96060  59.8%     -  679s
H    0     0                       0.6542819    0.96060  46.8%     -  681s
H    0     0                       0.6583966    0.96060  45.9%     -  782s
     0     0    0.96060    0 2020    0.65840    0.96060  45.9%     -  782s
     0     0    0.96060    0 1988    0.65840    0.96060  45.9%     -  826s
     0     0    0.96060    0 1962    0.65840    0.96060  45.9%     -  844s
     0     0    0.96060    0 1960    0.65840    0.96060  45.9%     -  846s
     0     0    0.96060    0 1957    0.65840    0.96060  45.9%     -  865s
     0     0    0.96060    0 1958    0.65840    0.96060  45.9%     -  879s
     0     0    0.96060    0 1958    0.65840    0.96060  45.9%     -  882s
     0     2    0.96060    0 1958    0.65840    0.96060  45.9%     -  898s
     1     3    0.96060    1 2099    0.65840    0.96060  45.9%  5036  900s
     2     4    0.95671    1 7800    0.65840    0.96060  45.9% 16008  908s
     4     6    0.95671    2 7204    0.65840    0.96060  45.9% 16149  918s
     6     8    0.96047    3 5244    0.65840    0.96060  45.9% 14612  929s
H    7     7                       0.7421538    0.96060  29.4% 12524  953s
     8    10    0.95671    4 7204    0.74215    0.95743  29.0% 15176  960s
H    9     9                       0.7421538    0.95743  29.0% 13490 1082s
    11    13    0.82409    6 4878    0.74215    0.95743  29.0% 18071 1157s
    15    17    0.95206    9 2915    0.74215    0.95743  29.0% 13521 1160s

Cutting planes:
  Implied bound: 4
  MIR: 2
  Flow cover: 3
  Zero half: 2017
  RLT: 1571
  BQP: 2

Explored 17 nodes (319179 simplex iterations) in 1200.02 seconds (2558.19 work units)
Thread count was 1 (of 64 available processors)

Solution count 5: 0.742154 0.742154 0.658397 ... 0.601279

Time limit reached
Best objective 7.421538201413e-01, best bound 9.574257229216e-01, gap 29.0064%
Tree policy:
return 'process1_cmd_26'
Optimal decision tree (depth=1) value: 0.7421538201413341
Writing result files...
