Solving...
Starting with fixed depth 8
Set parameter Username
Academic license - for non-commercial use only - expires 2025-09-20
Set parameter Threads to value 1
Set parameter TimeLimit to value 1200
Gurobi Optimizer version 10.0.0 build v10.0.0rc2 (linux64)

CPU model: AMD EPYC 9124 16-Core Processor, instruction set [SSE2|AVX|AVX2|AVX512]
Thread count: 32 physical cores, 64 logical processors, using up to 1 threads

Optimize a model with 329471 rows, 40818 columns and 3135461 nonzeros
Model fingerprint: 0x008a762b
Variable types: 1152 continuous, 39666 integer (39666 binary)
Coefficient statistics:
  Matrix range     [1e-10, 1e+02]
  Objective range  [4e-01, 7e+00]
  Bounds range     [1e+00, 1e+02]
  RHS range        [1e+00, 8e+00]
Presolve removed 4334 rows and 3796 columns
Presolve time: 3.32s
Presolved: 325137 rows, 37022 columns, 3102123 nonzeros
Variable types: 1181 continuous, 35841 integer (35841 binary)
Root relaxation presolved: 37022 rows, 362159 columns, 3139145 nonzeros


Root simplex log...

Iteration    Objective       Primal Inf.    Dual Inf.      Time
       0      handle free variables                          6s
   32436    5.5772471e+02   0.000000e+00   0.000000e+00      7s
   32436    5.5772471e+02   0.000000e+00   0.000000e+00      7s

Root relaxation: objective 5.577247e+02, 32436 iterations, 2.63 seconds (6.38 work units)
Total elapsed time = 11.13s

    Nodes    |    Current Node    |     Objective Bounds      |     Work
 Expl Unexpl |  Obj  Depth IntInf | Incumbent    BestBd   Gap | It/Node Time

     0     0  557.72471    0  278          -  557.72471      -     -   12s
     0     0  557.72471    0  584          -  557.72471      -     -   15s
     0     0  557.72471    0  584          -  557.72471      -     -   20s
     0     0  557.72471    0  500          -  557.72471      -     -   27s
     0     0  557.72471    0  526          -  557.72471      -     -   29s
     0     0  557.72471    0  379          -  557.72471      -     -   35s
     0     0  557.72471    0  322          -  557.72471      -     -   44s
     0     0  557.72471    0  483          -  557.72471      -     -   52s
     0     0  557.72471    0  424          -  557.72471      -     -   53s
     0     0  557.72471    0  208          -  557.72471      -     -   60s
     0     0  557.72471    0  206          -  557.72471      -     -   62s
     0     0  557.72471    0  143          -  557.72471      -     -   66s
H    0     0                     289.2155924  557.72471  92.8%     -   67s
     0     0  557.72471    0   77  289.21559  557.72471  92.8%     -   71s
H    0     0                     289.2155928  557.72471  92.8%     -   73s
     0     0  557.72471    0   78  289.21559  557.72471  92.8%     -   77s
     0     0  557.72471    0   80  289.21559  557.72471  92.8%     -   81s
     0     0  557.72471    0   80  289.21559  557.72471  92.8%     -   83s
H    0     0                     361.3491831  557.72471  54.3%     -   95s
H    0     0                     404.7632376  557.72471  37.8%     -  108s
     0     2  557.72471    0   80  404.76324  557.72471  37.8%     -  108s
     3     5  557.72471    2  200  404.76324  557.72471  37.8%   108  110s
    16    18  557.72471   11  198  404.76324  557.72471  37.8%  44.5  115s
    27    29  557.72471   18  612  404.76324  557.72471  37.8%  31.2  123s
    32    34  557.72471   20  262  404.76324  557.72471  37.8%  26.8  125s
    46    48  557.72471   28  262  404.76324  557.72471  37.8%  21.8  130s
H   54    54                     404.7632376  557.72471  37.8%  18.8  135s
    65    67  557.72471   40  456  404.76324  557.72471  37.8%  23.4  140s
    78    80  557.72471   48  270  404.76324  557.72471  37.8%  20.4  145s
    89    91  557.72471   55  334  404.76324  557.72471  37.8%  18.2  150s
   104   106  557.72471   63  401  404.76324  557.72471  37.8%  16.0  155s
   115   117  557.72471   72  270  404.76324  557.72471  37.8%  14.9  160s
   130   132  557.72471   80  332  404.76324  557.72471  37.8%  13.4  165s
   143   145  557.72471   89  270  404.76324  557.72471  37.8%  12.4  170s
H  156   156                     404.7632377  557.72471  37.8%  11.6  174s
   157   159  557.72471   96  332  404.76324  557.72471  37.8%  11.5  175s
   171   173  557.72471  105  472  404.76324  557.72471  37.8%  11.3  180s
   182   184  557.72471  112  583  404.76324  557.72471  37.8%  11.6  185s
   190   192  557.72471  118  383  404.76324  557.72471  37.8%  11.9  190s
   198   200  514.62367  123  270  404.76324  557.72471  37.8%  14.0  195s
H  216   215                     422.1963519  557.72471  32.1%  14.0  200s
H  243   242                     423.7959645  557.72471  31.6%  12.9  205s
   259   257     cutoff  165       423.79596  557.72471  31.6%  13.6  210s
H  270   262                     447.2926707  557.72471  24.7%  13.4  212s
   282   276  448.28051  181  194  447.29267  557.72471  24.7%  13.0  215s
H  286   252                     448.6852070  557.72471  24.3%  12.9  216s
   299   261  557.72471    7  138  448.68521  557.72471  24.3%  13.0  220s
   314   276  557.72471   15  211  448.68521  557.72471  24.3%  13.1  225s
   327   289  557.72471   23  398  448.68521  557.72471  24.3%  13.2  230s
H  338   248                     455.5063394  557.72471  22.4%  12.8  233s
   345   257  557.72471   33  270  455.50634  557.72471  22.4%  12.6  235s
H  364   273                     463.3135891  557.72471  20.4%  12.0  240s
   378   289  557.72471   53  542  463.31359  557.72471  20.4%  11.8  245s
   391   302  557.72471   62  333  463.31359  557.72471  20.4%  11.7  250s
   409   320  557.72471   75  388  463.31359  557.72471  20.4%  11.6  255s
H  416   325                     477.5037830  557.72471  16.8%  11.7  257s
   426   337  557.72471   87  338  477.50378  557.72471  16.8%  11.5  260s
H  432   340                     480.8161167  557.72471  16.0%  11.5  262s
   441   351  557.72471   97  365  480.81612  557.72471  16.0%  11.6  265s
   452   362  557.72471  105  636  480.81612  557.72471  16.0%  11.8  270s
H  459   367                     482.3593593  557.72471  15.6%  12.3  272s
   473   383  549.19493  124  507  482.35936  557.72471  15.6%  12.2  275s
H  486   394                     487.4642862  557.72471  14.4%  12.3  278s
   494   404  541.39158  142  405  487.46429  557.72471  14.4%  12.2  280s
   511   420  557.72471   65   80  487.46429  557.72471  14.4%  12.2  300s
   513   421  557.72471   69  593  487.46429  557.72471  14.4%  12.2  318s
   514   422  557.72471   99  521  487.46429  557.72471  14.4%  12.1  336s
   515   423  557.72471   90  521  487.46429  557.72471  14.4%  12.1  342s
   516   423  557.72471   77  690  487.46429  557.72471  14.4%  12.1  349s
   517   424  539.90849  116  754  487.46429  557.72471  14.4%  12.1  351s
   518   425  557.72471   44  975  487.46429  557.72471  14.4%  12.0  369s
   519   425  557.72471   10 1036  487.46429  557.72471  14.4%  12.0  373s
   520   426  557.72471   88  472  487.46429  557.72471  14.4%  12.0  402s
   521   427  557.72471   68  335  487.46429  557.72471  14.4%  12.0  406s
   522   427  557.72471   30  598  487.46429  557.72471  14.4%  12.0  416s
   524   429  557.72471  105  207  487.46429  557.72471  14.4%  11.9  427s
   526   430  557.72471  106  406  487.46429  557.72471  14.4%  11.9  435s
   528   431  557.72471   38   93  487.46429  557.72471  14.4%  11.8  443s
   530   433  557.72471   69  155  487.46429  557.72471  14.4%  11.8  450s
   531   433  557.72471   76   75  487.46429  557.72471  14.4%  11.7  456s
   533   435  557.72471   44   72  487.46429  557.72471  14.4%  11.7  464s
   534   435  557.72471  107   72  487.46429  557.72471  14.4%  11.7  471s
   536   439  551.12687   15  686  487.46429  557.72471  14.4%   134  475s
   553   450  557.72471   24   75  487.46429  557.72471  14.4%   132  480s
   567   459  557.72471   31  683  487.46429  557.72471  14.4%   131  485s
   574   464  557.72471   34   75  487.46429  557.72471  14.4%   132  490s
   592   476  557.72471   43  491  487.46429  557.72471  14.4%   129  495s
   594   477  557.72471   44  427  487.46429  557.72471  14.4%   133  501s
   597   479  557.72471   46  501  487.46429  557.72471  14.4%   133  505s
   605   485  557.72471   50  576  487.46429  557.72471  14.4%   132  510s
   606   485  557.72471   50  698  487.46429  557.72471  14.4%   132  517s
   613   490  557.72471   54  341  487.46429  557.72471  14.4%   134  524s
   614   491  557.72471   54  275  487.46429  557.72471  14.4%   136  528s
   619   494  557.72471   57  201  487.46429  557.72471  14.4%   136  530s
   634   504  557.72471   64   77  487.46429  557.72471  14.4%   135  536s
   639   507  557.72471   67  203  487.46429  557.72471  14.4%   134  540s
   653   517  557.72471   74  593  487.46429  557.72471  14.4%   135  548s
   656   519  557.17184   75  687  487.46429  557.72471  14.4%   135  550s
   662   523  556.80229   78 1213  487.46429  557.72471  14.4%   135  555s
   668   527  557.72471   81 1122  487.46429  557.72471  14.4%   135  560s
   674   531  557.72471   84  238  487.46429  557.72471  14.4%   139  567s
   685   538  557.72471   90  479  487.46429  557.72471  14.4%   137  570s
   694   544  557.72471   94  225  487.46429  557.72471  14.4%   140  576s
   710   555  557.72471  102  673  487.46429  557.72471  14.4%   137  580s
   719   561  557.72471  107  684  487.46429  557.72471  14.4%   138  585s
   734   571  557.72471  114  368  487.46429  557.72471  14.4%   138  590s
   751   582  557.72471  123  688  487.46429  557.72471  14.4%   135  595s
   763   590  557.72471  129  618  487.46429  557.72471  14.4%   136  600s
   779   601  557.72471  137  488  487.46429  557.72471  14.4%   135  605s
H  794   586                     498.8948468  557.72471  11.8%   134  610s
   813   600  557.72471  154  364  498.89485  557.72471  11.8%   134  615s
   830   612  557.72471  162  545  498.89485  557.72471  11.8%   132  620s
   845   622  557.72471  170  664  498.89485  557.72471  11.8%   132  625s
   854   628  557.72471  174  225  498.89485  557.72471  11.8%   133  631s
   871   639  557.72471  183  726  498.89485  557.72471  11.8%   131  635s
   881   646  557.72471  188  556  498.89485  557.72471  11.8%   132  640s
   894   654  557.72471  194  364  498.89485  557.72471  11.8%   133  645s
   913   667  557.72471  204  225  498.89485  557.72471  11.8%   132  651s
   921   672  557.72471  208  224  498.89485  557.72471  11.8%   132  655s
   936   682  557.07916  215 1263  498.89485  557.72471  11.8%   131  660s
   960   697  557.07906  227  968  498.89485  557.72471  11.8%   128  665s
   981   710  555.95961  238  505  498.89485  557.72471  11.8%   126  670s
  1005   726  555.67907  250  414  498.89485  557.72471  11.8%   123  675s
  1025   736  555.35579  260  244  498.89485  557.72471  11.8%   121  680s
  1042   745  530.91417  269  150  498.89485  557.72471  11.8%   119  685s
  1055   745  520.36723  275  229  498.89485  557.72471  11.8%   118  690s
  1069   747  557.72471   24  148  498.89485  557.72471  11.8%   118  695s
  1074   750  557.72471   27  139  498.89485  557.72471  11.8%   117  700s
  1088   760  557.72471   34  351  498.89485  557.72471  11.8%   117  706s
  1101   768  557.72471   40  593  498.89485  557.72471  11.8%   116  711s
  1109   774  557.72471   44  299  498.89485  557.72471  11.8%   118  715s
  1128   786  557.72471   54  367  498.89485  557.72471  11.8%   117  721s
  1132   789  557.72471   56  407  498.89485  557.72471  11.8%   117  725s
  1143   793  556.80229   61  428  498.89485  557.72471  11.8%   117  730s
  1156   796  557.72471   22  480  498.89485  557.72471  11.8%   116  735s
  1166   803  557.72471   27  378  498.89485  557.72471  11.8%   116  740s
  1179   811  557.72471   34  301  498.89485  557.72471  11.8%   117  746s
  1190   819  557.27824   39  577  498.89485  557.72471  11.8%   116  750s
  1200   825  557.72471   44  195  498.89485  557.72471  11.8%   117  755s
  1212   833  557.72471   50  311  498.89485  557.72471  11.8%   116  760s
  1234   848  557.72471   61  192  498.89485  557.72471  11.8%   116  765s
  1248   857  557.72471   68  384  498.89485  557.72471  11.8%   115  770s
  1263   867  557.72471   76  212  498.89485  557.72471  11.8%   115  775s
  1283   881  557.72471   86  384  498.89485  557.72471  11.8%   115  780s
  1302   893  557.72471   95  322  498.89485  557.72471  11.8%   114  785s
  1320   905  557.72471  104  384  498.89485  557.72471  11.8%   113  790s
  1340   919  557.72471  114  260  498.89485  557.72471  11.8%   113  795s
  1360   932  557.72471  124  344  498.89485  557.72471  11.8%   113  800s
  1377   943  557.72471  133  373  498.89485  557.72471  11.8%   111  805s
  1398   957  557.51125  143  484  498.89485  557.72471  11.8%   110  810s
  1442   987  557.72135  165  205  498.89485  557.72471  11.8%   107  815s
  1457   994  557.56075  173  412  498.89485  557.72471  11.8%   106  820s
H 1470   970                     502.1497006  557.72471  11.1%   105  824s
  1470   972  503.59490  181  717  502.14970  557.72471  11.1%   105  825s
H 1496   947                     505.3218055  557.72471  10.4%   104  831s
  1517   947  557.72471   25  194  505.32181  557.72471  10.4%   103  835s
  1533   957  557.72471   34  133  505.32181  557.72471  10.4%   102  840s
H 1548   946                     505.4979455  557.72471  10.3%   102  844s
  1551   950  557.72471   39   68  505.49795  557.72471  10.3%   102  845s
  1560   956  557.72471   44  279  505.49795  557.72471  10.3%   102  851s
  1573   965  557.56386   53  425  505.49795  557.72471  10.3%   102  855s
  1593   979  557.50778   68  338  505.49795  557.72471  10.3%   101  860s
  1621  1007  557.50778   79  205  505.49795  557.72471  10.3%  99.0  865s
  1643  1029  557.50778   91  719  505.49795  557.72471  10.3%  97.8  870s
  1670  1044  549.84420  100  457  505.49795  557.72471  10.3%  96.4  875s
  1691  1063  512.39339  107  260  505.49795  557.72471  10.3%  95.3  880s
  1717  1076 infeasible  115       505.49795  557.72471  10.3%  94.1  885s
  1740  1092  557.72471   27  256  505.49795  557.72471  10.3%  93.3  890s
  1762  1114  557.72471   37  203  505.49795  557.72471  10.3%  92.6  895s
  1783  1135  557.72471   45  201  505.49795  557.72471  10.3%  92.1  900s
  1802  1154  557.72471   54   75  505.49795  557.72471  10.3%  91.8  905s
  1823  1175  557.72471   64   75  505.49795  557.72471  10.3%  91.4  911s
  1841  1193  557.72471   69  612  505.49795  557.72471  10.3%  90.9  915s
  1853  1205  557.72471   74  291  505.49795  557.72471  10.3%  91.6  922s
  1854  1206  557.72471   74  351  505.49795  557.72471  10.3%  93.2  929s
  1855  1207  557.72471   75  611  505.49795  557.72471  10.3%  93.2  930s
H 1862  1212                     505.4982843  557.72471  10.3%  92.9  932s
  1866  1218  557.72471   84  258  505.49828  557.72471  10.3%  93.9  938s
  1869  1221  557.72471   84  224  505.49828  557.72471  10.3%  95.0  945s
  1892  1244  557.72471   94  214  505.49828  557.72471  10.3%  94.4  950s
  1914  1266  557.72471  102  209  505.49828  557.72471  10.3%  93.7  955s
  1921  1273  557.72471  104  248  505.49828  557.72471  10.3%  99.0  960s
  1938  1290  557.72471  114  293  505.49828  557.72471  10.3%   101  966s
  1954  1306  557.72471  124  368  505.49828  557.72471  10.3%   102  971s
  1966  1318  557.72471  126  567  505.49828  557.72471  10.3%   102  975s
  1977  1329  557.72471  132  439  505.49828  557.72471  10.3%   103  980s
  1991  1343  557.72471  134  370  505.49828  557.72471  10.3%   104  985s
  1995  1347  557.72471  136  557  505.49828  557.72471  10.3%   105  990s
  2000  1352  557.72471  139  549  505.49828  557.72471  10.3%   105  998s
  2004  1356  557.72471  143  543  505.49828  557.72471  10.3%   105 1001s
  2018  1361  529.90057  147  546  505.49828  557.72471  10.3%   105 1005s
H 2022  1358                     505.4982861  557.72471  10.3%   105 1006s
  2036  1361  557.72471   24   84  505.49829  557.72471  10.3%   105 1010s
H 2049  1372                     505.4982872  557.72471  10.3%   104 1018s
  2061  1386  557.72471   34  267  505.49829  557.72471  10.3%   104 1021s
  2070  1395  557.72471   40  131  505.49829  557.72471  10.3%   104 1025s
H 2076  1399                     505.4982975  557.72471  10.3%   104 1037s
  2083  1408  557.72471   44   75  505.49830  557.72471  10.3%   104 1040s
H 2103  1426                     506.2023210  557.72471  10.2%   104 1065s
  2110  1435  557.72471   54  238  506.20232  557.72471  10.2%   105 1073s
  2116  1441  557.72471   57  387  506.20232  557.72471  10.2%   105 1075s
H 2122  1445                     506.2023218  557.72471  10.2%   105 1077s
  2130  1455  557.72471   62  387  506.20232  557.72471  10.2%   104 1085s
  2137  1462  557.72471   64  236  506.20232  557.72471  10.2%   105 1091s
  2142  1467  557.72471   67  476  506.20232  557.72471  10.2%   105 1095s
H 2157  1480                     506.6126532  557.72471  10.1%   104 1110s
  2158  1483  557.72471   74  366  506.61265  557.72471  10.1%   107 1115s
  2160  1485  557.72471   74  402  506.61265  557.72471  10.1%   108 1121s
  2161  1486  557.72471   74  276  506.61265  557.72471  10.1%   108 1125s
  2164  1489  557.72471   74  722  506.61265  557.72471  10.1%   110 1130s
  2174  1499  557.72471   84  301  506.61265  557.72471  10.1%   110 1135s
  2178  1503  557.72471   84  299  506.61265  557.72471  10.1%   111 1142s
H 2184  1507                     507.6441826  557.72471  9.87%   111 1149s
  2186  1511  557.59990   87  489  507.64418  557.72471  9.87%   111 1150s
H 2200  1523                     507.6441841  557.72471  9.87%   110 1151s
H 2212  1528                     507.6441847  557.72471  9.87%   110 1155s
  2239  1557  555.56418  113  474  507.64418  557.72471  9.87%   109 1163s
  2252  1570  555.56418  120  406  507.64418  557.72471  9.87%   108 1165s
  2266  1584  555.56418  125  536  507.64418  557.72471  9.87%   107 1171s
H 2293  1609                     507.6441854  557.72471  9.87%   106 1178s
  2304  1622  555.56418  135  598  507.64419  557.72471  9.87%   106 1180s
  2321  1637  555.56418  145  412  507.64419  557.72471  9.87%   105 1185s
  2347  1659  554.09288  155  724  507.64419  557.72471  9.87%   104 1190s
H 2348  1601                     537.7031495  557.72471  3.72%   104 1194s
  2354  1607  554.06063  159  632  537.70315  557.72471  3.72%   104 1195s
  2380  1606  557.72471   31  576  537.70315  557.72471  3.72%   103 1200s

Cutting planes:
  Lift-and-project: 1
  Implied bound: 1
  MIR: 40
  Flow cover: 23
  Zero half: 4

Explored 2381 nodes (294917 simplex iterations) in 1200.05 seconds (4818.54 work units)
Thread count was 1 (of 64 available processors)

Solution count 10: 537.703 507.644 507.644 ... 505.498

Time limit reached
Best objective 5.377031494807e+02, best bound 5.577247113348e+02, gap 3.7235%
Tree policy:
if computer_0_running <= 0.0:
    if computer_6_running <= 0.0:
        return '(reboot_computer_0)'
    else:
        if computer_6_running <= 1.0:
            if computer_4_running <= 0.0:
                if computer_6_running <= 0.0:
                    return '(wait)'
                else:
                    return '(reboot_computer_0)'
            else:
                return '(reboot_computer_0)'
        else:
            return '(reboot_computer_0)'
else:
    if computer_2_running <= 0.0:
        if computer_6_running <= 1.0:
            if computer_1_running <= 0.0:
                if computer_0_running <= 0.0:
                    return '(reboot_computer_0)'
                else:
                    return '(reboot_computer_1)'
            else:
                return '(reboot_computer_2)'
        else:
            return '(reboot_computer_0)'
    else:
        if computer_2_running <= 0.0:
            if computer_6_running <= 1.0:
                if computer_0_running <= 0.0:
                    if computer_6_running <= 0.0:
                        return '__random__'
                    else:
                        return '(wait)'
                else:
                    if computer_0_running <= 0.0:
                        return '(reboot_computer_0)'
                    else:
                        return '(reboot_computer_4)'
            else:
                return '(reboot_computer_0)'
        else:
            if computer_2_running <= 0.0:
                if computer_6_running <= 1.0:
                    return '(wait)'
                else:
                    return '(reboot_computer_0)'
            else:
                if computer_5_running <= 0.0:
                    if computer_0_running <= 0.0:
                        if computer_6_running <= 1.0:
                            return '(reboot_computer_1)'
                        else:
                            return '(reboot_computer_0)'
                    else:
                        if computer_1_running <= 0.0:
                            if computer_6_running <= 1.0:
                                return '(reboot_computer_1)'
                            else:
                                return '(reboot_computer_0)'
                        else:
                            if computer_4_running <= 0.0:
                                return '(reboot_computer_4)'
                            else:
                                return '(reboot_computer_5)'
                else:
                    if computer_1_running <= 0.0:
                        if computer_5_running <= 0.0:
                            if computer_6_running <= 1.0:
                                return '(reboot_computer_1)'
                            else:
                                return '(reboot_computer_0)'
                        else:
                            if computer_2_running <= 0.0:
                                return '(reboot_computer_0)'
                            else:
                                return '(reboot_computer_1)'
                    else:
                        if computer_6_running <= 0.0:
                            return '(reboot_computer_6)'
                        else:
                            if computer_3_running <= 0.0:
                                return '(reboot_computer_3)'
                            else:
                                return '(reboot_computer_0)'
Optimal decision tree (depth=8) value: 537.7031494807136
Writing result files...
