Solving...
Starting with fixed depth 3
Set parameter Username
Academic license - for non-commercial use only - expires 2025-09-20
Set parameter Threads to value 1
Set parameter TimeLimit to value 1200
Gurobi Optimizer version 10.0.0 build v10.0.0rc2 (linux64)

CPU model: AMD EPYC 9124 16-Core Processor, instruction set [SSE2|AVX|AVX2|AVX512]
Thread count: 32 physical cores, 64 logical processors, using up to 1 threads

Optimize a model with 11535 rows, 3370 columns and 83869 nonzeros
Model fingerprint: 0x28c094ac
Variable types: 1152 continuous, 2218 integer (2218 binary)
Coefficient statistics:
  Matrix range     [1e-10, 1e+02]
  Objective range  [4e-01, 7e+00]
  Bounds range     [1e+00, 1e+02]
  RHS range        [1e+00, 3e+00]
Presolve removed 100 rows and 85 columns
Presolve time: 0.14s
Presolved: 11435 rows, 3285 columns, 79928 nonzeros
Variable types: 1181 continuous, 2104 integer (2104 binary)

Root relaxation: objective 5.577247e+02, 13852 iterations, 1.33 seconds (4.04 work units)

    Nodes    |    Current Node    |     Objective Bounds      |     Work
 Expl Unexpl |  Obj  Depth IntInf | Incumbent    BestBd   Gap | It/Node Time

     0     0  557.72471    0  551          -  557.72471      -     -    2s
     0     0  557.72471    0  628          -  557.72471      -     -    2s
     0     0  557.72471    0  628          -  557.72471      -     -    2s
     0     0  557.72471    0  444          -  557.72471      -     -    3s
     0     0  557.72471    0  444          -  557.72471      -     -    3s
     0     0  557.72471    0  339          -  557.72471      -     -    3s
     0     0  557.72471    0  462          -  557.72471      -     -    3s
     0     0  557.72471    0  548          -  557.72471      -     -    4s
     0     0  557.72471    0  548          -  557.72471      -     -    4s
     0     0  557.72471    0  379          -  557.72471      -     -    4s
     0     0  557.72471    0  379          -  557.72471      -     -    4s
     0     0  557.72471    0  350          -  557.72471      -     -    4s
     0     0  557.72471    0  438          -  557.72471      -     -    4s
     0     0  557.72471    0  295          -  557.72471      -     -    5s
     0     0  557.72471    0  352          -  557.72471      -     -    5s
     0     0  557.72471    0  428          -  557.72471      -     -    5s
     0     0  557.72471    0  526          -  557.72471      -     -    5s
     0     0  557.72471    0  607          -  557.72471      -     -    5s
     0     0  557.72471    0  543          -  557.72471      -     -    5s
     0     2  557.72471    0  301          -  557.72471      -     -    7s
*   38    38              24     377.9331340  557.72471  47.6%   227    8s
    93    77  557.72471    8  153  377.93313  557.72471  47.6%   139   10s
H  401   233                     406.0737357  557.72471  37.3%  75.8   14s
   439   263  557.67561   17  316  406.07374  557.72471  37.3%  71.0   15s
H  460   274                     415.2438052  557.72471  34.3%  72.8   16s
   513   304  540.79511   17  457  415.24381  557.72471  34.3%  77.4   21s
   520   309  487.83933   30  466  415.24381  557.72471  34.3%  76.3   25s
   533   318  555.69721   21  160  415.24381  557.72471  34.3%  74.5   31s
   612   356  556.75968   24  406  415.24381  557.72471  34.3%   149   35s
   750   419  557.72471   19  260  415.24381  557.72471  34.3%   133   40s
   939   507  557.72471   34  210  415.24381  557.72471  34.3%   120   45s
  1076   547  556.13555   30  357  415.24381  557.72471  34.3%   112   50s
H 1318   628                     423.7921315  557.72471  31.6%   102   55s
  1543   737 infeasible   66       423.79213  557.72471  31.6%   105   60s
  1975  1019  425.51127   80  171  423.79213  557.72471  31.6%   100   65s
  2427  1291  555.88468   39  593  423.79213  557.72471  31.6%  98.2   70s
H 2815  1521                     429.9455415  557.72471  29.7%  94.9   74s
  2883  1552  458.61338   46   74  429.94554  557.72471  29.7%  95.0   75s
  3167  1715  540.98659   38  230  429.94554  557.72471  29.7%  94.5   80s
  3499  1911  557.70161   32  253  429.94554  557.72471  29.7%  95.3   85s
  3691  2003  487.50254   42  342  429.94554  557.72471  29.7%  95.8   90s
  3991  2160  519.87479   47  424  429.94554  557.72471  29.7%  94.7   95s
  4275  2275  557.53359   50  447  429.94554  557.72471  29.7%  95.6  100s
  4506  2375     cutoff   42       429.94554  557.72471  29.7%  96.9  105s
  4836  2553  557.70109   33  530  429.94554  557.72471  29.7%  98.1  110s
  5117  2642  498.74984   38  484  429.94554  557.72471  29.7%   101  115s
  5409  2801  528.22569   38  531  429.94554  557.72471  29.7%   100  120s
  5793  3020  474.67374   24  232  429.94554  557.72471  29.7%  99.3  125s
H 5794  3019                     429.9455497  557.72471  29.7%  99.3  125s
  6317  3276 infeasible   42       429.94555  557.72471  29.7%   100  130s
  6685  3413  524.78766   46  279  429.94555  557.72471  29.7%   100  135s
  6875  3497  557.71952   35  336  429.94555  557.72471  29.7%   101  140s
  7011  3553  557.69472   33  444  429.94555  557.72471  29.7%   102  145s
  7216  3652  528.39981   42  458  429.94555  557.72471  29.7%   103  150s
H 7254  3662                     429.9455541  557.72471  29.7%   103  151s
  7419  3752  516.15494   42  470  429.94555  557.72471  29.7%   103  155s
  7700  3881  557.71945   44  538  429.94555  557.72471  29.7%   104  160s
  7973  4026  523.19335   40  578  429.94555  557.72471  29.7%   105  165s
  8152  4102  557.49977   32  238  429.94555  557.72471  29.7%   106  170s
  8327  4173     cutoff   50       429.94555  557.72471  29.7%   106  175s
  8565  4286  491.85999   39  499  429.94555  557.72471  29.7%   106  180s
  8768  4381  554.64798   28  510  429.94555  557.72471  29.7%   106  186s
  8944  4484  525.29284   47  454  429.94555  557.72471  29.7%   106  190s
  9206  4617  536.79297   38  412  429.94555  557.72471  29.7%   107  195s
  9541  4797     cutoff   39       429.94555  557.72471  29.7%   108  200s
  9844  4929  444.10167   34   34  429.94555  557.72471  29.7%   107  205s
  9995  5008  437.43161   52  195  429.94555  557.72471  29.7%   106  210s
 10202  5095  557.72471   23  278  429.94555  557.72471  29.7%   106  245s
 10712  5369  445.36556   39  360  429.94555  557.72471  29.7%   106  250s
 10978  5519  557.70161   31  306  429.94555  557.72471  29.7%   107  255s
H11448  5739                     429.9455542  557.72471  29.7%   107  260s
 11672  5807     cutoff   48       429.94555  557.72471  29.7%   108  265s
H11928  5893                     429.9455549  557.72471  29.7%   109  270s
H12191  5983                     429.9455560  557.72471  29.7%   109  274s
 12192  5986  481.22232   50  274  429.94556  557.72471  29.7%   109  275s
 12442  6088  557.70160   35  314  429.94556  557.72471  29.7%   110  280s
 12873  6259  493.04198   49  386  429.94556  557.72471  29.7%   110  285s
 13099  6355  557.18022   40  192  429.94556  557.72471  29.7%   110  290s
H13192  6390                     429.9455573  557.72471  29.7%   110  291s
 13298  6430  557.50021   37  238  429.94556  557.72471  29.7%   110  295s
 13646  6584     cutoff   47       429.94556  557.72471  29.7%   109  300s
 13781  6639  482.89250   46  306  429.94556  557.72471  29.7%   110  305s
 14185  6809  438.48289   49  304  429.94556  557.72471  29.7%   109  312s
 14403  6901  523.70662   38  411  429.94556  557.72471  29.7%   109  315s
 14816  7064  542.97450   39  385  429.94556  557.72471  29.7%   108  320s
 15264  7239  463.59021   57  399  429.94556  557.72471  29.7%   108  325s
 15418  7288  481.80100   36   86  429.94556  557.72471  29.7%   108  330s
 15664  7365  509.94700   41  477  429.94556  557.72471  29.7%   108  335s
 15892  7487  518.36730   39  420  429.94556  557.72471  29.7%   108  340s
 16198  7605  454.30464   61  353  429.94556  557.72471  29.7%   108  345s
 16503  7730     cutoff   47       429.94556  557.72471  29.7%   108  350s
 16698  7816  554.70894   39  580  429.94556  557.72471  29.7%   109  355s
 16949  7892  551.60463   41  629  429.94556  557.72471  29.7%   109  360s
 17241  7975  557.72470   36  227  429.94556  557.72471  29.7%   109  365s
 17370  8011  557.72471   37  249  429.94556  557.72471  29.7%   110  370s
 17675  8159  478.21271   42  304  429.94556  557.72471  29.7%   110  375s
 18044  8279  528.30909   43  700  429.94556  557.72471  29.7%   110  380s
 18212  8360     cutoff   47       429.94556  557.72471  29.7%   111  385s
 18568  8576  557.72471   18  140  429.94556  557.72471  29.7%   110  390s
 19038  8867  552.23700   28  302  429.94556  557.72471  29.7%   109  397s
 19099  8894     cutoff   42       429.94556  557.72471  29.7%   109  400s
 19508  9049  557.62917   37  702  429.94556  557.72471  29.7%   109  405s
 19930  9257 infeasible   48       429.94556  557.72471  29.7%   109  410s
 20201  9372  469.21553   43  165  429.94556  557.72471  29.7%   109  415s
 20482  9521  523.66350   40  483  429.94556  557.72471  29.7%   109  420s
*20601  9568              39     429.9779008  557.72471  29.7%   109  421s
*20602  9531              39     432.1340596  557.72471  29.1%   109  421s
H20605  8841                     453.4563435  557.72471  23.0%   109  422s
 20878  9003     cutoff   40       453.45634  557.72471  23.0%   109  425s
 21242  9199  527.71525   37  671  453.45634  557.72471  23.0%   109  430s
H21605  9297                     455.1199389  557.72471  22.5%   109  436s
H21617  8835                     465.5357227  557.72471  19.8%   109  438s
 21756  8898  557.71835   31  713  465.53572  557.72471  19.8%   109  440s
 22182  9071  557.72471   30  227  465.53572  557.72471  19.8%   108  445s
 22502  9218  509.24470   38  521  465.53572  557.72471  19.8%   108  451s
 22627  9271  550.20405   34  671  465.53572  557.72471  19.8%   109  455s
 23046  9453  557.72471   35  268  465.53572  557.72471  19.8%   108  460s
H23223  9386                     467.7392011  557.72471  19.2%   108  466s
 23476  9506  500.48652   37  382  467.73920  557.72471  19.2%   108  470s
 23904  9632     cutoff   33       467.73920  557.72471  19.2%   108  475s
 24223  9745  475.82431   48  389  467.73920  557.72471  19.2%   108  487s
 24250  9754  536.22899   34  319  467.73920  557.72471  19.2%   108  490s
 24277  9752     cutoff   43       467.73920  557.72471  19.2%   108  495s
 24300  9766  554.90820   28  581  467.73920  557.72471  19.2%   108  500s
 24645  9899  519.21190   51  552  467.73920  557.72471  19.2%   108  505s
 24825  9949  519.59865   43  426  467.73920  557.72471  19.2%   109  510s
 25229 10114  557.72471   39  275  467.73920  557.72471  19.2%   108  515s
 25422 10183  557.72471   44  270  467.73920  557.72471  19.2%   109  520s
 25676 10286  557.69970   40  496  467.73920  557.72471  19.2%   109  525s
 25802 10338  469.90624   45  438  467.73920  557.72471  19.2%   109  530s
 26116 10468     cutoff   47       467.73920  557.72471  19.2%   110  535s
 26405 10571  473.49199   52  149  467.73920  557.72471  19.2%   110  540s
 26492 10596  557.67235   41  359  467.73920  557.72471  19.2%   110  545s
 26877 10746  471.97772   68  398  467.73920  557.72471  19.2%   111  551s
 27092 10845 infeasible   38       467.73920  557.72471  19.2%   111  555s
 27355 10993  521.04759   30  649  467.73920  557.72471  19.2%   111  560s
 27360 10998  515.12544   35  588  467.73920  557.72471  19.2%   111  565s
 27671 11073  557.72471   21  196  467.73920  557.72471  19.2%   111  570s
 27772 11092  557.72471   22  262  467.73920  557.72471  19.2%   111  575s
 28374 11396  556.84315   27  718  467.73920  557.72471  19.2%   110  580s
 28924 11583  557.72471   27  364  467.73920  557.72471  19.2%   110  585s
 29073 11647  479.73465   42  432  467.73920  557.72471  19.2%   110  590s
 29395 11748  556.80745   25  369  467.73920  557.72471  19.2%   110  595s
 29639 11837  554.80080   40  877  467.73920  557.72471  19.2%   110  600s
 29964 11966  531.04872   49  253  467.73920  557.72471  19.2%   110  605s
 30190 12076  472.37048   61  218  467.73920  557.72471  19.2%   110  610s
 30695 12283  475.49010   45  394  467.73920  557.72471  19.2%   110  615s
 30901 12375     cutoff   54       467.73920  557.72471  19.2%   110  620s
 31023 12424  557.72471   34  372  467.73920  557.72471  19.2%   110  625s
 31256 12503  548.30874   35  406  467.73920  557.72471  19.2%   110  631s
 31389 12556  528.28913   46  448  467.73920  557.72471  19.2%   110  635s
 31856 12689  557.67031   49  451  467.73920  557.72471  19.2%   110  640s
 32178 12769  557.68341   42  419  467.73920  557.72471  19.2%   111  645s
 32417 12881  531.49116   37  633  467.73920  557.72471  19.2%   111  650s
 32768 13022  471.30820   38  165  467.73920  557.72471  19.2%   111  655s
 33324 13187  497.21720   37  422  467.73920  557.72471  19.2%   111  660s
 33548 13241  497.42909   47  501  467.73920  557.72471  19.2%   111  665s
 33813 13334  557.69601   42  381  467.73920  557.72471  19.2%   111  670s
 34240 13437  557.72471   24  610  467.73920  557.72471  19.2%   111  682s
 34241 13438  557.71208   25  790  467.73920  557.72471  19.2%   111  685s
 34596 13600  473.96551   34  289  467.73920  557.72471  19.2%   110  690s
 35043 13765  522.49339   31  248  467.73920  557.72471  19.2%   110  695s
 35582 14003  478.44181   45  221  467.73920  557.72471  19.2%   110  702s
 35583 14004  478.44181   46  221  467.73920  557.72471  19.2%   110  705s
 36080 14201  557.72471   31  325  467.73920  557.72471  19.2%   109  710s
 36391 14333  557.72463   35  370  467.73920  557.72471  19.2%   110  715s
 36866 14495  551.90340   42  525  467.73920  557.72471  19.2%   110  720s
 37201 14637  480.55796   45  357  467.73920  557.72471  19.2%   110  725s
 37543 14782  507.45499   40  332  467.73920  557.72471  19.2%   110  730s
 37903 14917  508.59786   43  413  467.73920  557.72471  19.2%   110  736s
 37974 14941  477.14478   46  329  467.73920  557.72471  19.2%   110  740s
 38176 15009  533.97086   36  308  467.73920  557.72471  19.2%   110  745s
 38451 15102     cutoff   39       467.73920  557.72471  19.2%   110  750s
 38693 15152  522.36131   30  455  467.73920  557.72471  19.2%   110  755s
 39150 15313     cutoff   44       467.73920  557.72471  19.2%   110  760s
 39267 15364  494.16341   41  569  467.73920  557.72471  19.2%   110  765s
 39435 15410  492.90253   32  304  467.73920  557.72471  19.2%   110  770s
 39783 15539  472.76924   35  168  467.73920  557.72471  19.2%   110  775s
 40140 15636  486.94521   28  194  467.73920  557.72471  19.2%   110  780s
 40255 15671  471.99292   48  287  467.73920  557.72471  19.2%   110  785s
 40499 15756  524.96267   36  531  467.73920  557.72471  19.2%   110  790s
 40830 15900  551.19345   36  338  467.73920  557.72471  19.2%   110  795s
 40922 15934  467.83521   45  356  467.73920  557.72471  19.2%   110  801s
 40970 15942  480.68132   34  299  467.73920  557.72471  19.2%   110  805s
 41368 16159  470.01481   26  424  467.73920  557.72471  19.2%   110  810s
 41778 16273  534.60019   42  466  467.73920  557.72471  19.2%   111  815s
 42102 16386  487.14890   28  283  467.73920  557.72471  19.2%   111  820s
 42300 16471 infeasible   34       467.73920  557.72471  19.2%   111  825s
 42796 16645  557.72471   29  360  467.73920  557.72471  19.2%   110  830s
 42848 16666  516.49703   48  182  467.73920  557.72471  19.2%   110  835s
 43136 16754     cutoff   52       467.73920  557.72471  19.2%   111  840s
 43454 16892  478.73681   42  347  467.73920  557.72471  19.2%   111  846s
 43735 17037  557.72165   40  559  467.73920  557.72471  19.2%   111  850s
 44045 17179  557.72471   21  394  467.73920  557.72471  19.2%   111  855s
 44510 17500  470.47086   37  101  467.73920  557.72471  19.2%   110  866s
 44851 17692  557.72471   26  206  467.73920  557.72471  19.2%   110  870s
 45196 17848     cutoff   40       467.73920  557.72471  19.2%   110  875s
 45449 17925  555.43774   30  511  467.73920  557.72471  19.2%   110  880s
 45922 18126  481.90279   47  174  467.73920  557.72471  19.2%   110  885s
 46273 18239  491.77371   30  132  467.73920  557.72471  19.2%   110  890s
 46830 18416  557.72471   35  278  467.73920  557.72471  19.2%   110  895s
 47195 18537  555.15475   41  510  467.73920  557.72471  19.2%   110  900s
 47530 18680  541.21376   32  790  467.73920  557.72471  19.2%   110  905s
 47878 18799  557.72471   33  222  467.73920  557.72471  19.2%   111  910s
 48273 18974  472.72334   39  166  467.73920  557.72471  19.2%   110  915s
 48428 19030  481.16739   29  480  467.73920  557.72471  19.2%   111  920s
 48974 19217  473.12864   32  202  467.73920  557.72471  19.2%   110  925s
 49307 19377  556.08216   27  307  467.73920  557.72471  19.2%   110  930s
 49742 19568  470.35387   39  206  467.73920  557.72471  19.2%   110  935s
 49856 19607  486.83936   39  406  467.73920  557.72471  19.2%   110  940s
 50491 19910  556.90270   34  493  467.73920  557.72471  19.2%   110  945s
 51106 20218  504.38973   37  319  467.73920  557.72471  19.2%   109  950s
 51446 20354  508.71646   42  259  467.73920  557.72471  19.2%   109  955s
 51853 20526  481.24428   69  258  467.73920  557.72471  19.2%   109  960s
 52343 20752     cutoff   43       467.73920  557.72471  19.2%   108  965s
 52633 20871  483.12617   34  473  467.73920  557.72471  19.2%   108  970s
 53213 21120  551.70744   43  251  467.73920  557.72471  19.2%   108  975s
 53637 21333     cutoff   22       467.73920  557.72471  19.2%   108  980s
 53944 21531  556.11996   30  496  467.73920  557.72471  19.2%   108  985s
 54288 21686  549.45439   30  394  467.73920  557.72471  19.2%   108  990s
 54736 21847     cutoff   34       467.73920  557.72471  19.2%   108  995s
 55048 21962  555.39786   23  424  467.73920  557.72471  19.2%   108 1000s
 55381 22115  554.59187   44  361  467.73920  557.72471  19.2%   108 1005s
 55533 22183  522.94705   31  652  467.73920  557.72471  19.2%   108 1010s
 55677 22251  557.63944   30  220  467.73920  557.72471  19.2%   108 1015s
 56191 22511     cutoff   54       467.73920  557.72471  19.2%   107 1020s
 56790 22779     cutoff   45       467.73920  557.72471  19.2%   107 1025s
 57085 22879  537.30365   35  370  467.73920  557.72471  19.2%   107 1030s
 57524 22956  511.91498   40  304  467.73920  557.72471  19.2%   107 1038s
 57559 22976  524.85203   59  450  467.73920  557.72471  19.2%   107 1041s
 57674 22993  506.84414   41  432  467.73920  557.72471  19.2%   107 1045s
 58257 23219  481.94603   38  179  467.73920  557.72471  19.2%   107 1050s
 58850 23430  546.80951   43  263  467.73920  557.72471  19.2%   107 1055s
 59130 23550  536.63973   40  534  467.73920  557.72471  19.2%   107 1060s
 59468 23720  527.50383   36  514  467.73920  557.72471  19.2%   107 1065s
 59690 23784  557.72196   35  603  467.73920  557.72471  19.2%   108 1071s
 59934 23862  557.71632   37  265  467.73920  557.72471  19.2%   108 1075s
 60412 24076     cutoff   31       467.73920  557.72471  19.2%   108 1080s
 60793 24248  534.09876   41  432  467.73920  557.72471  19.2%   108 1088s
 60794 24249  532.67532   42  452  467.73920  557.72471  19.2%   108 1091s
 61053 24351  557.72471   38  489  467.73920  557.72471  19.2%   108 1095s
 61311 24451  513.50363   44  384  467.73920  557.72471  19.2%   108 1100s
 61730 24600  557.72471   21  405  467.73920  557.72471  19.2%   108 1105s
 62375 24900  509.26882   59  335  467.73920  557.72471  19.2%   108 1110s
 62953 25169  543.52709   30  292  467.73920  557.72471  19.2%   107 1115s
 63092 25239     cutoff   45       467.73920  557.72471  19.2%   107 1120s
 63671 25545  551.85771   42  140  467.73920  557.72471  19.2%   107 1125s
 64265 25839     cutoff   40       467.73920  557.72471  19.2%   106 1130s
 64551 25956  546.57128   35  319  467.73920  557.72471  19.2%   106 1135s
 65162 26170     cutoff   40       467.73920  557.72471  19.2%   106 1140s
 65568 26364  557.64454   33  228  467.73920  557.72471  19.2%   106 1146s
 65734 26434  544.64856   44  545  467.73920  557.72471  19.2%   106 1150s
 66273 26677  524.51264   28  409  467.73920  557.72471  19.2%   106 1155s
 66541 26792  556.97496   26  416  467.73920  557.72471  19.2%   106 1160s
 67079 26935  517.97969   45  479  467.73920  557.72471  19.2%   105 1165s
 67306 27035  512.65028   44  488  467.73920  557.72471  19.2%   106 1172s
 67378 27049  557.71952   37  269  467.73920  557.72471  19.2%   106 1175s
 67713 27176  523.94187   42  421  467.73920  557.72471  19.2%   106 1180s
 68384 27516     cutoff   56       467.73920  557.72471  19.2%   105 1185s
 69102 27905     cutoff   63       467.73920  557.72471  19.2%   105 1190s
 69728 28231  534.95028   30  442  467.73920  557.72471  19.2%   104 1195s
 69904 28343  493.00939   46  220  467.73920  557.72471  19.2%   104 1200s

Cutting planes:
  Gomory: 2
  Lift-and-project: 32
  Implied bound: 12
  Projected implied bound: 2
  Flow cover: 11
  Inf proof: 1
  Zero half: 13

Explored 69905 nodes (7319193 simplex iterations) in 1200.00 seconds (2713.72 work units)
Thread count was 1 (of 64 available processors)

Solution count 10: 467.739 465.536 455.12 ... 429.946

Time limit reached
Best objective 4.677392010607e+02, best bound 5.577247113348e+02, gap 19.2384%
Tree policy:
if computer_2_running <= 0.0:
    if computer_1_running <= 0.0:
        if computer_0_running <= 0.0:
            return '(reboot_computer_0)'
        else:
            return '(reboot_computer_1)'
    else:
        if computer_0_running <= 0.0:
            return '(reboot_computer_0)'
        else:
            return '(reboot_computer_2)'
else:
    if computer_4_running <= 0.0:
        if computer_3_running <= 0.0:
            return '(reboot_computer_3)'
        else:
            return '(reboot_computer_4)'
    else:
        if computer_1_running <= 0.0:
            return '(reboot_computer_1)'
        else:
            return '__random__'
Optimal decision tree (depth=3) value: 467.7392010606897
Writing result files...
