Solving...
Starting with fixed depth 5
Set parameter Username
Academic license - for non-commercial use only - expires 2025-09-20
Set parameter Threads to value 1
Set parameter TimeLimit to value 1200
Gurobi Optimizer version 10.0.0 build v10.0.0rc2 (linux64)

CPU model: AMD EPYC 9124 16-Core Processor, instruction set [SSE2|AVX|AVX2|AVX512]
Thread count: 32 physical cores, 64 logical processors, using up to 1 threads

Optimize a model with 42303 rows, 6994 columns and 310213 nonzeros
Model fingerprint: 0x17c25df4
Variable types: 1152 continuous, 5842 integer (5842 binary)
Coefficient statistics:
  Matrix range     [1e-10, 1e+02]
  Objective range  [4e-01, 7e+00]
  Bounds range     [1e+00, 1e+02]
  RHS range        [1e+00, 5e+00]
Presolve removed 500 rows and 436 columns
Presolve time: 0.32s
Presolved: 41803 rows, 6558 columns, 303989 nonzeros
Variable types: 1181 continuous, 5377 integer (5377 binary)
Root relaxation presolved: 6558 rows, 48361 columns, 310547 nonzeros

Warning: Markowitz tolerance tightened to 0.03125

Root relaxation: objective 5.577247e+02, 4339 iterations, 0.19 seconds (0.43 work units)

    Nodes    |    Current Node    |     Objective Bounds      |     Work
 Expl Unexpl |  Obj  Depth IntInf | Incumbent    BestBd   Gap | It/Node Time

     0     0  557.72471    0  432          -  557.72471      -     -    1s
     0     0  557.72471    0  570          -  557.72471      -     -    1s
     0     0  557.72471    0  586          -  557.72471      -     -    2s
     0     0  557.72471    0  434          -  557.72471      -     -    3s
     0     0  557.72471    0  432          -  557.72471      -     -    3s
     0     0  557.72471    0  527          -  557.72471      -     -    4s
     0     0  557.72471    0  525          -  557.72471      -     -    4s
     0     0  557.72471    0  284          -  557.72471      -     -    5s
     0     0  557.72471    0  716          -  557.72471      -     -    5s
     0     0  557.72471    0  602          -  557.72471      -     -    6s
     0     0  557.72471    0  603          -  557.72471      -     -    6s
     0     0  557.72471    0  601          -  557.72471      -     -    7s
     0     0  557.72471    0  601          -  557.72471      -     -    8s
     0     0  557.72471    0  491          -  557.72471      -     -    9s
     0     0  557.72471    0  491          -  557.72471      -     -    9s
     0     2  557.72471    0  491          -  557.72471      -     -   14s
    15    17  557.72471    9  754          -  557.72471      -   171   15s
*   96    92              56     373.7531273  557.72471  49.2%   100   18s
H   97    91                     375.1696381  557.72471  48.7%  99.3   19s
   111   102  557.04772   14  766  375.16964  557.72471  48.7%  91.6   20s
   201   190  556.36478   74  318  375.16964  557.72471  48.7%  59.6   25s
H  279   254                     375.1696387  557.72471  48.7%  55.5   29s
   305   282  556.20424   67  675  375.16964  557.72471  48.7%  52.2   30s
   402   367  557.56201   31  740  375.16964  557.72471  48.7%  50.1   35s
   511   473  555.28857   91  491  375.16964  557.72471  48.7%  46.6   41s
   515   476  556.24228   21  302  375.16964  557.72471  48.7%  46.2   45s
   520   479  557.72471   30   83  375.16964  557.72471  48.7%  45.8   50s
H  523   456                     376.8738955  557.72471  48.0%  45.5   53s
H  524   434                     377.9331340  557.72471  47.6%  45.4   56s
   527   436  557.56926   75  551  377.93313  557.72471  47.6%  45.2   60s
   531   438  515.12292   74  417  377.93313  557.72471  47.6%  44.8   66s
H  532   417                     377.9331399  557.72471  47.6%  44.8   68s
   533   418  555.83770   91  417  377.93314  557.72471  47.6%  44.7   70s
   575   448  557.72471   35  662  377.93314  557.72471  47.6%   101   75s
H  614   446                     406.0737357  557.72471  37.3%  96.9   78s
H  641   442                     443.1541702  557.72471  25.9%  93.5   79s
   649   449  557.71040   75  234  443.15417  557.72471  25.9%  92.5   80s
H  668   440                     452.3207298  557.72471  23.3%  91.3   81s
H  686   426                     466.4202017  557.72471  19.6%  92.2   83s
H  689   404                     482.6553662  557.72471  15.6%  91.8   84s
   705   402  557.72471   21  418  482.65537  557.72471  15.6%  90.0   85s
H  715   390                     482.6553663  557.72471  15.6%  89.0   85s
H  741   389                     513.3103138  557.72471  8.65%  86.9   87s
H  750   379                     513.6135833  557.72471  8.59%  86.0   87s
   790   407  557.69435   63  587  513.61358  557.72471  8.59%  83.1   90s
H  831   412                     513.6205527  557.72471  8.59%  79.9   91s
H  897   426                     513.6205528  557.72471  8.59%  74.8   94s
   914   440  557.72471   25  520  513.62055  557.72471  8.59%  74.5   95s
  1021   501  557.72471   52  934  513.62055  557.72471  8.59%  71.8  100s
H 1074   512                     513.6206678  557.72471  8.59%  69.8  102s
  1128   532  545.69671   81  764  513.62067  557.72471  8.59%  70.7  105s
  1253   610  539.95513  114 1143  513.62067  557.72471  8.59%  67.5  110s
  1365   657  557.69734   79  835  513.62067  557.72471  8.59%  64.8  115s
  1481   720  557.59735   59  687  513.62067  557.72471  8.59%  63.8  120s
  1596   816  551.41013   77  766  513.62067  557.72471  8.59%  60.7  125s
  1676   860     cutoff   72       513.62067  557.72471  8.59%  59.9  130s
  1780   923  557.72471   58  260  513.62067  557.72471  8.59%  59.5  135s
  1908  1010  540.26335   58  493  513.62067  557.72471  8.59%  57.6  140s
H 1970  1039                     513.6210309  557.72471  8.59%  57.2  145s
H 1971  1040                     513.6210315  557.72471  8.59%  57.2  145s
H 2024  1071                     513.6210333  557.72471  8.59%  56.7  149s
  2035  1072  557.72471   49  135  513.62103  557.72471  8.59%  56.5  150s
  2093  1120  538.40787   81 1003  513.62103  557.72471  8.59%  56.8  155s
  2286  1236  557.72471   54  783  513.62103  557.72471  8.59%  55.0  160s
  2578  1430  551.30628  106  564  513.62103  557.72471  8.59%  52.0  165s
  2819  1600  551.29122   69 1182  513.62103  557.72471  8.59%  51.1  170s
  2907  1634  557.72471   60  137  513.62103  557.72471  8.59%  51.3  175s
H 3054  1715                     513.6210338  557.72471  8.59%  50.5  180s
  3303  1860  549.45882   54  452  513.62103  557.72471  8.59%  49.5  187s
  3400  1906  557.64650   58  854  513.62103  557.72471  8.59%  49.1  190s
  3588  2009  557.72471   53  192  513.62103  557.72471  8.59%  48.8  195s
  3806  2143  557.72471   59  578  513.62103  557.72471  8.59%  48.2  200s
  3965  2249  546.66929   94  992  513.62103  557.72471  8.59%  48.6  205s
  4122  2348  549.83702   81 1203  513.62103  557.72471  8.59%  47.9  210s
H 4123  2305                     515.7794981  557.72471  8.13%  47.9  211s
  4216  2344  552.70519   70 1008  515.77950  557.72471  8.13%  48.0  215s
  4505  2509     cutoff   85       515.77950  557.72471  8.13%  46.4  220s
  4643  2584  557.72471   54  785  515.77950  557.72471  8.13%  46.8  226s
  4774  2660  557.20048   64  883  515.77950  557.72471  8.13%  46.8  230s
  5009  2806  534.93694   69  892  515.77950  557.72471  8.13%  45.8  235s
  5123  2880  548.28988   79  976  515.77950  557.72471  8.13%  45.5  241s
  5206  2928  557.72471   57 1023  515.77950  557.72471  8.13%  45.3  245s
  5399  3069  532.25912   60  817  515.77950  557.72471  8.13%  45.2  250s
  5601  3186  557.06036   64  965  515.77950  557.72471  8.13%  44.8  255s
  5733  3271  536.88574   95 1038  515.77950  557.72471  8.13%  44.6  260s
  5917  3378  557.59735   64 1043  515.77950  557.72471  8.13%  44.3  265s
  6079  3496  555.42434   90  866  515.77950  557.72471  8.13%  43.9  270s
  6253  3601  518.59910   74 1243  515.77950  557.72471  8.13%  43.6  275s
  6416  3707  522.13928   70  912  515.77950  557.72471  8.13%  43.6  280s
  6619  3830  521.94647   84  754  515.77950  557.72471  8.13%  43.2  285s
  6726  3871  551.98480   69 1565  515.77950  557.72471  8.13%  43.6  290s
  6875  3945  520.67573   76  980  515.77950  557.72471  8.13%  43.6  295s
  7125  4081  536.38769   86 1059  515.77950  557.72471  8.13%  43.3  300s
  7421  4249  551.98671   68 1051  515.77950  557.72471  8.13%  42.5  305s
  7614  4367  555.38763   66  820  515.77950  557.72471  8.13%  42.1  310s
  7831  4491  557.72471   51  907  515.77950  557.72471  8.13%  42.2  315s
  7974  4575  530.44103   69 1066  515.77950  557.72471  8.13%  42.4  320s
  8165  4696  557.67892   56  538  515.77950  557.72471  8.13%  42.5  325s
  8292  4733  557.72471   59  957  515.77950  557.72471  8.13%  42.7  330s
  8533  4860  557.72471   57  894  515.77950  557.72471  8.13%  42.3  335s
  8642  4916  549.47553   65  517  515.77950  557.72471  8.13%  42.6  340s
  8839  4994  551.98671   61 1293  515.77950  557.72471  8.13%  42.8  345s
  9125  5174  548.73560   81  798  515.77950  557.72471  8.13%  42.3  350s
  9381  5309  557.64650   59  897  515.77950  557.72471  8.13%  42.2  355s
  9576  5431  532.00594   84  747  515.77950  557.72471  8.13%  42.0  360s
  9825  5572  551.17013   69  944  515.77950  557.72471  8.13%  41.8  365s
H10020  5700                     515.7794991  557.72471  8.13%  41.4  369s
 10073  5745  518.24471   84  850  515.77950  557.72471  8.13%  41.3  370s
 10202  5809  531.54509   90  596  515.77950  557.72471  8.13%  41.1  422s
 10373  5912  551.98671   62 1253  515.77950  557.72471  8.13%  41.0  425s
H10508  5979                     515.7794991  557.72471  8.13%  41.0  429s
 10568  6013  557.72471   58  651  515.77950  557.72471  8.13%  40.9  430s
 10837  6205  526.02170  110  566  515.77950  557.72471  8.13%  40.9  435s
 11088  6320  553.92776   67  928  515.77950  557.72471  8.13%  40.8  441s
 11348  6484  544.61402   71 1055  515.77950  557.72471  8.13%  40.7  445s
 11536  6589     cutoff   68       515.77950  557.72471  8.13%  40.5  450s
 11729  6697  557.72471   56  841  515.77950  557.72471  8.13%  40.4  455s
 12027  6880  552.69927   61  876  515.77950  557.72471  8.13%  40.2  460s
 12198  6991  553.03681   65 1139  515.77950  557.72471  8.13%  40.4  465s
 12313  7081  519.24802   82 1558  515.77950  557.72471  8.13%  40.6  470s
 12664  7264  515.81454  106 1096  515.77950  557.72471  8.13%  40.2  475s
 12903  7414  551.50244   68 1130  515.77950  557.72471  8.13%  40.1  480s
 13186  7597  551.89347   63 1593  515.77950  557.72471  8.13%  40.1  486s
 13309  7637     cutoff   58       515.77950  557.72471  8.13%  40.3  490s
 13373  7669     cutoff   78       515.77950  557.72471  8.13%  40.6  495s
 13651  7818  540.83724   61  759  515.77950  557.72471  8.13%  40.6  500s
 13952  7977  519.22273   72  587  515.77950  557.72471  8.13%  40.6  505s
 14072  8030  519.78222   72  734  515.77950  557.72471  8.13%  40.4  510s
 14252  8133  551.01979   60  792  515.77950  557.72471  8.13%  40.8  515s
 14503  8289  551.27186   75 1239  515.77950  557.72471  8.13%  40.6  520s
 14785  8459     cutoff   70       515.77950  557.72471  8.13%  40.5  525s
 14991  8556  547.96703   66 1205  515.77950  557.72471  8.13%  40.6  530s
 15284  8737  557.72471   54  779  515.77950  557.72471  8.13%  40.3  535s
 15337  8769  557.72470   65  729  515.77950  557.72471  8.13%  40.4  540s
 15569  8930  533.77596   80  740  515.77950  557.72471  8.13%  40.3  545s
 15827  9096  557.72471   54  569  515.77950  557.72471  8.13%  40.3  550s
 15904  9149  531.31209   76  973  515.77950  557.72471  8.13%  40.6  555s
 16155  9279  557.72471   51  324  515.77950  557.72471  8.13%  40.7  560s
H16299  9364                     515.7797748  557.72471  8.13%  40.7  564s
 16300  9365     cutoff   60       515.77977  557.72471  8.13%  40.7  565s
 16624  9557  551.98671   54  930  515.77977  557.72471  8.13%  40.5  572s
 16821  9697  551.55680   62  921  515.77977  557.72471  8.13%  40.3  575s
H16944  9671                     516.5177207  557.72471  7.98%  40.2  578s
 17042  9735  551.98671   53 1251  516.51772  557.72471  7.98%  40.2  580s
 17313  9918  557.72471   54  630  516.51772  557.72471  7.98%  40.2  585s
 17475 10047  548.06297   98  880  516.51772  557.72471  7.98%  40.1  590s
 17848 10264  551.56392   69  826  516.51772  557.72471  7.98%  40.0  595s
 17945 10347  551.18033   75  882  516.51772  557.72471  7.98%  39.8  600s
 18227 10520  549.95998  104  399  516.51772  557.72471  7.98%  39.8  605s
 18351 10606  543.16547   78  896  516.51772  557.72471  7.98%  40.0  610s
 18532 10702  557.72471   65  360  516.51772  557.72471  7.98%  40.1  615s
 18695 10794  551.98671   62  749  516.51772  557.72471  7.98%  40.0  620s
 18948 10965  547.68498   75 1372  516.51772  557.72471  7.98%  40.0  625s
H19141 11098                     516.5177244  557.72471  7.98%  39.9  629s
 19194 11146  547.70926   86 1118  516.51772  557.72471  7.98%  39.8  630s
 19417 11261  557.72471   54  681  516.51772  557.72471  7.98%  39.9  635s
 19656 11347  551.98671   55 1041  516.51772  557.72471  7.98%  39.8  640s
 19841 11450  557.72471   65  752  516.51772  557.72471  7.98%  39.8  645s
 20023 11561  531.54277   70 1054  516.51772  557.72471  7.98%  39.8  651s
 20141 11606  551.98671   64  982  516.51772  557.72471  7.98%  39.8  655s
 20235 11647  547.65334   76  906  516.51772  557.72471  7.98%  39.9  660s
 20550 11837  551.76926   59  971  516.51772  557.72471  7.98%  39.7  665s
 20838 12004  551.34313   65 1014  516.51772  557.72471  7.98%  39.7  670s
 21143 12179     cutoff   83       516.51772  557.72471  7.98%  39.5  675s
 21538 12373  557.72471   70  809  516.51772  557.72471  7.98%  39.3  680s
 21785 12492  548.47072   77  612  516.51772  557.72471  7.98%  39.4  685s
 22034 12623  551.79127   61  751  516.51772  557.72471  7.98%  39.3  690s
 22283 12786  532.17484   81 1083  516.51772  557.72471  7.98%  39.3  695s
 22631 12976  519.51230  106  478  516.51772  557.72471  7.98%  39.3  700s
 22830 13082  548.05038   74  669  516.51772  557.72471  7.98%  39.3  705s
 23070 13231  521.09512   64 1353  516.51772  557.72471  7.98%  39.2  710s
 23392 13424  526.67991  104  588  516.51772  557.72471  7.98%  39.2  715s
 23595 13544  551.98671   64  964  516.51772  557.72471  7.98%  39.2  720s
 23770 13629  557.72471   67  624  516.51772  557.72471  7.98%  39.3  725s
 24027 13755     cutoff   97       516.51772  557.72471  7.98%  39.3  730s
 24300 13913  551.01979   66 1142  516.51772  557.72471  7.98%  39.2  735s
 24667 14148  540.24797   83  619  516.51772  557.72471  7.98%  39.2  740s
 24851 14271  551.98671   65 1133  516.51772  557.72471  7.98%  39.3  745s
 25060 14430  557.72471   57  192  516.51772  557.72471  7.98%  39.1  750s
 25397 14623  518.57764   82  468  516.51772  557.72471  7.98%  39.0  755s
 25544 14707  547.35854   71  715  516.51772  557.72471  7.98%  39.0  760s
 25806 14837  557.67085   65  721  516.51772  557.72471  7.98%  39.1  765s
 26058 14979     cutoff   87       516.51772  557.72471  7.98%  39.1  770s
 26240 15059  557.72471   64  388  516.51772  557.72471  7.98%  39.1  775s
 26453 15198  551.56392   67  963  516.51772  557.72471  7.98%  39.2  780s
 26614 15278     cutoff   78       516.51772  557.72471  7.98%  39.3  785s
 26821 15362     cutoff   77       516.51772  557.72471  7.98%  39.4  790s
 27113 15471  547.39771   74  762  516.51772  557.72471  7.98%  39.4  795s
 27313 15565  553.47957   70  790  516.51772  557.72471  7.98%  39.4  800s
 27514 15649  557.72471   58  194  516.51772  557.72471  7.98%  39.4  805s
 27878 15836  545.29014   75 1136  516.51772  557.72471  7.98%  39.3  810s
 28158 15996  535.32667   92  462  516.51772  557.72471  7.98%  39.3  815s
H28405 16123                     516.5177418  557.72471  7.98%  39.3  820s
 28585 16218  547.43358   73 1190  516.51774  557.72471  7.98%  39.3  825s
 28738 16312     cutoff   82       516.51774  557.72471  7.98%  39.2  830s
 29001 16448  541.20828   87  704  516.51774  557.72471  7.98%  39.3  835s
 29318 16610  557.72471   61   68  516.51774  557.72471  7.98%  39.2  841s
H29405 16667                     516.5177420  557.72471  7.98%  39.2  845s
 29650 16829  557.72471   64   68  516.51774  557.72471  7.98%  39.1  850s
 29897 16963  519.48574   72  862  516.51774  557.72471  7.98%  39.2  855s
 30115 17071  544.11923   77  703  516.51774  557.72471  7.98%  39.2  860s
 30399 17217  528.72568   77  693  516.51774  557.72471  7.98%  39.2  866s
 30606 17329  547.57413   74 1312  516.51774  557.72471  7.98%  39.2  870s
 30905 17475     cutoff  106       516.51774  557.72471  7.98%  39.1  875s
 31143 17604  551.45665   76 1012  516.51774  557.72471  7.98%  39.1  880s
 31391 17736  551.98671   59 1006  516.51774  557.72471  7.98%  39.1  886s
 31657 17916  526.14069   72  728  516.51774  557.72471  7.98%  39.1  890s
 31798 18002  520.24760   81  856  516.51774  557.72471  7.98%  39.1  895s
 32126 18155  557.72471   64  775  516.51774  557.72471  7.98%  39.2  900s
 32334 18264  526.14069   89  847  516.51774  557.72471  7.98%  39.2  905s
 32470 18356  541.63546   67  547  516.51774  557.72471  7.98%  39.3  910s
 32593 18410  522.40844   78 1373  516.51774  557.72471  7.98%  39.3  915s
 32904 18577  548.72195   75  671  516.51774  557.72471  7.98%  39.3  920s
H32932 18583                     516.5177421  557.72471  7.98%  39.3  921s
 33113 18702  551.56392   64  649  516.51774  557.72471  7.98%  39.3  925s
 33370 18855  557.72471   64  692  516.51774  557.72471  7.98%  39.3  930s
 33637 19039  527.67314   91 1119  516.51774  557.72471  7.98%  39.2  935s
 33890 19152  528.90373   67  533  516.51774  557.72471  7.98%  39.2  940s
 33963 19198  551.98671   67  918  516.51774  557.72471  7.98%  39.2  945s
 34053 19244  557.72471   65  746  516.51774  557.72471  7.98%  39.4  950s
 34182 19317  551.98671   69 1099  516.51774  557.72471  7.98%  39.4  955s
H34337 19404                     516.5181141  557.72471  7.98%  39.5  958s
 34401 19433  557.72471   64  586  516.51811  557.72471  7.98%  39.5  961s
 34684 19583  557.72471   64  200  516.51811  557.72471  7.98%  39.5  965s
 34826 19655  551.31297   71  687  516.51811  557.72471  7.98%  39.5  970s
 34987 19737  528.90625   64  784  516.51811  557.72471  7.98%  39.6  975s
 35078 19787  539.37553   84 1247  516.51811  557.72471  7.98%  39.6  980s
 35308 19894  551.98671   59 1043  516.51811  557.72471  7.98%  39.6  985s
 35496 19991  551.98671   64  815  516.51811  557.72471  7.98%  39.7  990s
 35664 20083  557.72471   63  711  516.51811  557.72471  7.98%  39.7  995s
 35932 20231     cutoff   80       516.51811  557.72471  7.98%  39.7 1000s
H36100 20297                     516.7286327  557.72471  7.93%  39.6 1004s
 36110 20297  557.72471   57  260  516.72863  557.72471  7.93%  39.6 1005s
H36134 20319                     516.7289722  557.72471  7.93%  39.8 1007s
 36246 20393  544.65116   73  635  516.72897  557.72471  7.93%  39.8 1011s
 36411 20520  542.90654   88  668  516.72897  557.72471  7.93%  39.8 1015s
H36471 20562                     516.7289819  557.72471  7.93%  39.9 1017s
 36611 20632  557.72471   65 1228  516.72898  557.72471  7.93%  39.9 1020s
 36869 20779  534.62142   73 1031  516.72898  557.72471  7.93%  39.9 1025s
 37039 20882  550.27594   67 1436  516.72898  557.72471  7.93%  39.9 1030s
 37217 21006  540.93967   84  987  516.72898  557.72471  7.93%  39.8 1035s
 37471 21142  551.22436   73  786  516.72898  557.72471  7.93%  39.8 1040s
 37653 21246  549.81412   83 1180  516.72898  557.72471  7.93%  39.8 1045s
 37816 21332  527.14538   85  752  516.72898  557.72471  7.93%  39.9 1050s
 37947 21397 infeasible   80       516.72898  557.72471  7.93%  39.9 1055s
 38125 21505  557.72471   67 1107  516.72898  557.72471  7.93%  39.9 1060s
 38296 21604  519.59935   94  966  516.72898  557.72471  7.93%  39.9 1065s
 38455 21692  548.03349   80  519  516.72898  557.72471  7.93%  39.9 1070s
 38624 21788  551.98671   67  998  516.72898  557.72471  7.93%  40.0 1075s
H38752 21847                     516.8098926  557.72471  7.92%  40.0 1079s
 38762 21859  549.82586   82  838  516.80989  557.72471  7.92%  40.0 1080s
 38997 21997  557.72471   63  296  516.80989  557.72471  7.92%  40.0 1085s
 39152 22093  546.49500   81  809  516.80989  557.72471  7.92%  40.0 1090s
 39435 22242  527.89170   91  968  516.80989  557.72471  7.92%  40.0 1096s
 39604 22339     cutoff  100       516.80989  557.72471  7.92%  39.9 1100s
 39754 22405  539.40168   99  365  516.80989  557.72471  7.92%  39.9 1106s
 39873 22460  557.72471   61  518  516.80989  557.72471  7.92%  39.9 1110s
 40132 22609  551.98671   64  915  516.80989  557.72471  7.92%  39.9 1115s
 40465 22822  557.72471   59  134  516.80989  557.72471  7.92%  39.8 1120s
 40771 22999  521.27048   71 1085  516.80989  557.72471  7.92%  39.8 1125s
 41130 23200  533.11726   77 1050  516.80989  557.72471  7.92%  39.7 1131s
 41221 23265  520.02501  102  364  516.80989  557.72471  7.92%  39.6 1135s
 41615 23507  521.61364   76  633  516.80989  557.72471  7.92%  39.6 1140s
 41892 23663     cutoff   94       516.80989  557.72471  7.92%  39.6 1145s
H41987 23714                     516.8099261  557.72471  7.92%  39.6 1147s
 42253 23861  557.72471   59  196  516.80993  557.72471  7.92%  39.5 1150s
 42433 23954  550.79498   64  473  516.80993  557.72471  7.92%  39.5 1155s
 42751 24113  538.46866   91  359  516.80993  557.72471  7.92%  39.6 1160s
 42899 24176  549.86497   76  721  516.80993  557.72471  7.92%  39.6 1165s
 42992 24235  550.07835   89  591  516.80993  557.72471  7.92%  39.6 1170s
 43373 24472     cutoff   88       516.80993  557.72471  7.92%  39.6 1175s
 43669 24616  520.03208   71  702  516.80993  557.72471  7.92%  39.7 1180s
 43887 24729  550.28101   76  903  516.80993  557.72471  7.92%  39.7 1185s
 44288 24963  522.05197   87  401  516.80993  557.72471  7.92%  39.7 1190s
 44500 25079  551.98671   69  949  516.80993  557.72471  7.92%  39.7 1195s

Cutting planes:
  Lift-and-project: 1
  Implied bound: 6
  Projected implied bound: 1
  MIR: 11
  Flow cover: 18
  Zero half: 56
  Relax-and-lift: 1

Explored 44820 nodes (1795991 simplex iterations) in 1200.01 seconds (2687.26 work units)
Thread count was 1 (of 64 available processors)

Solution count 10: 516.81 516.81 516.729 ... 516.518

Time limit reached
Best objective 5.168099260918e+02, best bound 5.577247113331e+02, gap 7.9168%
Tree policy:
if computer_2_running <= 0.0:
    if computer_5_running <= 0.0:
        if computer_4_running <= 0.0:
            if computer_0_running <= 0.0:
                return '(reboot_computer_0)'
            else:
                return '(reboot_computer_2)'
        else:
            if computer_3_running <= 0.0:
                return '(reboot_computer_3)'
            else:
                return '(reboot_computer_2)'
    else:
        if computer_0_running <= 0.0:
            if computer_6_running <= 1.0:
                return '(reboot_computer_0)'
            else:
                return '(reboot_computer_1)'
        else:
            if computer_1_running <= 0.0:
                return '(reboot_computer_2)'
            else:
                if computer_3_running <= 0.0:
                    return '(reboot_computer_3)'
                else:
                    return '(reboot_computer_2)'
else:
    if computer_0_running <= 0.0:
        if computer_6_running <= 1.0:
            return '(reboot_computer_0)'
        else:
            if computer_6_running <= 1.0:
                return '(reboot_computer_1)'
            else:
                if computer_6_running <= 1.0:
                    return '(reboot_computer_2)'
                else:
                    return '(reboot_computer_0)'
    else:
        if computer_1_running <= 0.0:
            if computer_5_running <= 0.0:
                return '(reboot_computer_5)'
            else:
                return '(reboot_computer_1)'
        else:
            if computer_4_running <= 0.0:
                if computer_3_running <= 0.0:
                    return '(reboot_computer_3)'
                else:
                    return '(reboot_computer_4)'
            else:
                if computer_6_running <= 0.0:
                    return '(reboot_computer_6)'
                else:
                    return '(reboot_computer_0)'
Optimal decision tree (depth=5) value: 516.809926091775
Writing result files...
