Solving...
Starting with fixed depth 6
Set parameter Username
Academic license - for non-commercial use only - expires 2025-09-20
Set parameter Threads to value 1
Set parameter TimeLimit to value 1200
Gurobi Optimizer version 10.0.0 build v10.0.0rc2 (linux64)

CPU model: AMD EPYC 9124 16-Core Processor, instruction set [SSE2|AVX|AVX2|AVX512]
Thread count: 32 physical cores, 64 logical processors, using up to 1 threads

Optimize a model with 83327 rows, 11826 columns and 661157 nonzeros
Model fingerprint: 0xf11fc240
Variable types: 1152 continuous, 10674 integer (10674 binary)
Coefficient statistics:
  Matrix range     [1e-10, 1e+02]
  Objective range  [4e-01, 7e+00]
  Bounds range     [1e+00, 1e+02]
  RHS range        [1e+00, 6e+00]
Presolve removed 1048 rows and 916 columns
Presolve time: 0.71s
Presolved: 82279 rows, 10910 columns, 651469 nonzeros
Variable types: 1181 continuous, 9729 integer (9729 binary)
Root relaxation presolved: 10910 rows, 93189 columns, 662379 nonzeros


Root relaxation: objective 5.577247e+02, 8167 iterations, 0.37 seconds (0.77 work units)

    Nodes    |    Current Node    |     Objective Bounds      |     Work
 Expl Unexpl |  Obj  Depth IntInf | Incumbent    BestBd   Gap | It/Node Time

     0     0  557.72471    0  338          -  557.72471      -     -    2s
     0     0  557.72471    0  324          -  557.72471      -     -    3s
     0     0  557.72471    0  324          -  557.72471      -     -    4s
     0     0  557.72471    0  579          -  557.72471      -     -    5s
     0     0  557.72471    0  609          -  557.72471      -     -    5s
     0     0  557.72471    0  600          -  557.72471      -     -    6s
     0     0  557.72471    0  598          -  557.72471      -     -    7s
     0     0  557.72471    0  379          -  557.72471      -     -    8s
     0     0  557.72471    0  372          -  557.72471      -     -    9s
     0     0  557.72471    0   96          -  557.72471      -     -   10s
     0     0  557.72471    0   96          -  557.72471      -     -   10s
     0     0  557.72471    0  344          -  557.72471      -     -   10s
     0     0  557.72471    0   96          -  557.72471      -     -   11s
     0     0  557.72471    0   96          -  557.72471      -     -   12s
H    0     0                     289.2155928  557.72471  92.8%     -   16s
     0     2  557.72471    0   96  289.21559  557.72471  92.8%     -   21s
H   26    26                     289.2155929  557.72471  92.8%  64.8   24s
    29    31  557.72471   19  406  289.21559  557.72471  92.8%  65.9   25s
    55    57  557.72471   35  711  289.21559  557.72471  92.8%   123   30s
    99   101  557.72471   61  702  289.21559  557.72471  92.8%  84.3   35s
   123   125  497.10183   78  544  289.21559  557.72471  92.8%   101   40s
   174   175  460.09310  111  272  289.21559  557.72471  92.8%  77.9   45s
H  189   180                     456.9065554  557.72471  22.1%  74.0   46s
*  190   180             123     458.6935302  557.72471  21.6%  73.7   46s
   234   220  557.72471   30  520  458.69353  557.72471  21.6%  65.5   50s
H  286   238                     461.1026730  557.72471  21.0%  58.0   54s
   295   249  557.72091   70  458  461.10267  557.72471  21.0%  56.6   55s
H  313   260                     461.4133621  557.72471  20.9%  56.2   56s
H  339   278                     461.9123931  557.72471  20.7%  55.1   59s
   352   293  557.72471   23  690  461.91239  557.72471  20.7%  54.2   60s
H  391   305                     481.2123925  557.72471  15.9%  50.4   63s
   400   314  532.89306   54  587  481.21239  557.72471  15.9%  51.9   65s
H  443   333                     482.6769574  557.72471  15.5%  49.0   68s
   465   357  557.72471   20  266  482.67696  557.72471  15.5%  48.3   70s
H  469   359                     482.9856959  557.72471  15.5%  48.0   70s
   511   402  557.72471   17   96  482.98570  557.72471  15.5%  47.6   78s
   513   403  557.72471   15  515  482.98570  557.72471  15.5%  47.4   83s
   514   404  557.72471   34  481  482.98570  557.72471  15.5%  47.3   86s
   518   407  557.72471   23  235  482.98570  557.72471  15.5%  46.9   91s
   520   408  502.60386   74  105  482.98570  557.72471  15.5%  46.7   95s
H  523   389                     483.8234753  557.72471  15.3%  46.5  102s
   526   391  557.72471    4  242  483.82348  557.72471  15.3%  46.2  107s
   529   393  557.72471   37  376  483.82348  557.72471  15.3%  45.9  110s
   532   395  557.72471   13  165  483.82348  557.72471  15.3%  45.7  115s
   533   396  557.72471   13  154  483.82348  557.72471  15.3%  45.6  120s
   535   399  557.72471   16  198  483.82348  557.72471  15.3%   119  125s
   593   438  557.72471   45  180  483.82348  557.72471  15.3%   110  130s
H  612   428                     483.8234755  557.72471  15.3%   107  131s
   640   449  557.72471   68  276  483.82348  557.72471  15.3%   108  135s
   706   493  557.72471  101  514  483.82348  557.72471  15.3%   103  140s
   752   514  555.35622   25  468  483.82348  557.72471  15.3%   100  145s
   793   540  554.15098   45  372  483.82348  557.72471  15.3%  99.1  150s
   846   559  526.77162   71  135  483.82348  557.72471  15.3%  94.6  155s
   894   580  557.72471   35  216  483.82348  557.72471  15.3%  95.0  160s
   977   614  557.72471   37  388  483.82348  557.72471  15.3%  89.5  165s
H 1003   608                     492.7955767  557.72471  13.2%  87.6  167s
H 1022   603                     495.1681872  557.72471  12.6%  87.0  169s
  1027   608  557.72471   63  263  495.16819  557.72471  12.6%  86.8  170s
H 1029   590                     496.1950149  557.72471  12.4%  86.6  170s
H 1049   587                     496.5660435  557.72471  12.3%  86.4  173s
H 1055   576                     496.5888533  557.72471  12.3%  87.6  175s
H 1081   575                     496.9659370  557.72471  12.2%  86.9  179s
  1082   577  555.93307   91  493  496.96594  557.72471  12.2%  87.2  180s
H 1103   575                     496.9659748  557.72471  12.2%  86.5  181s
H 1107   563                     500.5145712  557.72471  11.4%  86.2  182s
  1147   577  557.72471   28  527  500.51457  557.72471  11.4%  84.7  185s
H 1157   570                     500.5145714  557.72471  11.4%  84.0  185s
H 1159   558                     500.5145715  557.72471  11.4%  83.8  186s
  1184   577  557.72471   42  326  500.51457  557.72471  11.4%  85.8  190s
  1211   599  556.80229   59  822  500.51457  557.72471  11.4%  85.5  195s
H 1237   589                     535.9123600  557.72471  4.07%  84.6  196s
  1274   615  557.72471   35  364  535.91236  557.72471  4.07%  85.0  200s
H 1292   631                     535.9124090  557.72471  4.07%  84.0  201s
  1322   663  557.72471   55  401  535.91241  557.72471  4.07%  85.7  205s
  1369   704  547.73483   81  752  535.91241  557.72471  4.07%  85.9  210s
H 1370   703                     536.9812742  557.72471  3.86%  85.8  211s
  1396   722  557.72471   45  233  536.98127  557.72471  3.86%  87.1  216s
  1438   747  557.72471   35  165  536.98127  557.72471  3.86%  86.6  220s
H 1474   776                     541.4189127  557.72471  3.01%  84.8  224s
  1496   800  556.42717   93  390  541.41891  557.72471  3.01%  83.7  225s
  1574   855  551.93857   66  313  541.41891  557.72471  3.01%  80.4  230s
  1630   906  557.40562   82  837  541.41891  557.72471  3.01%  79.8  235s
H 1646   920                     541.4192631  557.72471  3.01%  79.2  235s
H 1674   938                     541.4192632  557.72471  3.01%  78.0  236s
  1743  1005  557.70611   78  206  541.41926  557.72471  3.01%  76.2  240s
H 1809  1042                     541.4193418  557.72471  3.01%  74.6  244s
  1828  1057  541.69851   82  827  541.41934  557.72471  3.01%  73.9  245s
  1948  1123  557.72471   36  426  541.41934  557.72471  3.01%  71.4  250s
  2000  1175  557.72471   62  659  541.41934  557.72471  3.01%  70.6  255s
  2056  1207  557.39636   40  202  541.41934  557.72471  3.01%  70.8  260s
  2123  1274  554.79797  107  672  541.41934  557.72471  3.01%  69.0  265s
  2165  1307  557.72471   43  571  541.41934  557.72471  3.01%  68.8  270s
  2315  1440  557.72471   43  533  541.41934  557.72471  3.01%  65.6  275s
  2405  1520  551.03507   38  784  541.41934  557.72471  3.01%  65.3  280s
  2488  1595  557.37052   57  358  541.41934  557.72471  3.01%  64.5  287s
  2520  1627  557.37047   89  781  541.41934  557.72471  3.01%  63.8  290s
  2623  1720  557.36773   58  362  541.41934  557.72471  3.01%  62.5  297s
H 2677  1772                     541.4193422  557.72471  3.01%  61.5  299s
  2703  1791  545.95094  133  487  541.41934  557.72471  3.01%  61.0  300s
  2782  1827  557.72471   45  651  541.41934  557.72471  3.01%  63.0  306s
  2808  1853  555.25776   71 1180  541.41934  557.72471  3.01%  62.6  310s
  2878  1917  548.37859  137  590  541.41934  557.72471  3.01%  61.4  315s
  2918  1941  557.72471   51  571  541.41934  557.72471  3.01%  61.5  320s
H 2953  1971                     541.4193423  557.72471  3.01%  62.1  324s
  2958  1971 infeasible   88       541.41934  557.72471  3.01%  64.1  325s
  2991  2004  557.72471   63  554  541.41934  557.72471  3.01%  63.6  330s
  3052  2049  557.72471   45  337  541.41934  557.72471  3.01%  63.7  335s
H 3061  2056                     541.4193425  557.72471  3.01%  63.5  336s
  3115  2112  556.30162  108  688  541.41934  557.72471  3.01%  62.9  340s
  3170  2153  555.40727   61  134  541.41934  557.72471  3.01%  62.8  345s
H 3328  2254                     541.8586421  557.72471  2.93%  60.7  353s
  3375  2292  547.01433   74  506  541.85864  557.72471  2.93%  61.1  355s
  3486  2375  557.72471   36   74  541.85864  557.72471  2.93%  60.7  360s
H 3491  2378                     541.8586444  557.72471  2.93%  60.6  362s
  3534  2423  557.72471   84  924  541.85864  557.72471  2.93%  60.7  365s
  3600  2466  557.72471   46  249  541.85864  557.72471  2.93%  60.6  370s
H 3680  2539                     541.8589793  557.72471  2.93%  60.5  374s
  3709  2558  557.72471   45  390  541.85898  557.72471  2.93%  60.8  377s
  3730  2579  542.69164   66  951  541.85898  557.72471  2.93%  61.2  380s
H 3768  2603                     541.8594421  557.72471  2.93%  61.2  382s
  3792  2625     cutoff   64       541.85944  557.72471  2.93%  62.4  385s
  3828  2649  557.72471   36  262  541.85944  557.72471  2.93%  63.6  390s
  3867  2686 infeasible   51       541.85944  557.72471  2.93%  66.8  396s
H 3868  2685                     541.8594452  557.72471  2.93%  66.8  397s
  3878  2693  557.72471   53  134  541.85945  557.72471  2.93%  68.2  400s
H 3883  2692                     541.8594461  557.72471  2.93%  70.1  403s
  3886  2695  557.72471   56  218  541.85945  557.72471  2.93%  70.5  405s
  3899  2696     cutoff   62       541.85945  557.72471  2.93%  72.0  410s
  3945  2727  550.93480   60  568  541.85945  557.72471  2.93%  71.6  415s
H 4017  2711                     548.1366292  557.72471  1.75%  70.8  420s
H 4075  2746                     548.1367363  557.72471  1.75%  72.2  424s
  4079  2752  557.72471   35  162  548.13674  557.72471  1.75%  72.3  425s
  4162  2831  552.86844  116  816  548.13674  557.72471  1.75%  71.3  430s
H 4238  2876                     548.1368372  557.72471  1.75%  70.9  434s
  4242  2878  548.77538   74  697  548.13684  557.72471  1.75%  70.8  435s
  4327  2933  557.72471   85  266  548.13684  557.72471  1.75%  70.4  440s
  4440  3028  555.72083  131 1200  548.13684  557.72471  1.75%  69.2  445s
  4688  3219  549.37286   38  437  548.13684  557.72471  1.75%  66.8  450s
  4751  3274  551.90917   69  380  548.13684  557.72471  1.75%  67.0  455s
  4810  3298  557.72471   40  264  548.13684  557.72471  1.75%  66.6  461s
  4926  3382  557.72471   55  216  548.13684  557.72471  1.75%  66.1  465s
  4981  3425  549.23938   83  500  548.13684  557.72471  1.75%  66.0  470s
  5031  3445  557.72471   67  206  548.13684  557.72471  1.75%  66.3  475s
  5095  3488  557.72471   64  349  548.13684  557.72471  1.75%  66.5  480s
  5116  3499  557.27917   75  299  548.13684  557.72471  1.75%  66.6  485s
  5184  3524  557.72471   56  290  548.13684  557.72471  1.75%  66.5  491s
H 5190  3526                     548.1369035  557.72471  1.75%  66.6  495s
H 5211  3535                     548.1369572  557.72471  1.75%  66.8  497s
  5289  3589  556.59139   76  644  548.13696  557.72471  1.75%  66.3  500s
  5397  3642  556.43823   59  863  548.13696  557.72471  1.75%  65.7  505s
  5473  3694  557.67528   76  735  548.13696  557.72471  1.75%  66.4  510s
H 5521  3718                     548.1369583  557.72471  1.75%  66.1  514s
  5538  3737  557.72471   82  656  548.13696  557.72471  1.75%  66.3  515s
  5639  3802  557.72471   55  318  548.13696  557.72471  1.75%  66.6  520s
  5758  3873  557.72459   74  559  548.13696  557.72471  1.75%  66.1  525s
H 5850  3903                     548.1369613  557.72471  1.75%  66.1  531s
  5898  3924  557.57712   74  273  548.13696  557.72471  1.75%  66.1  535s
H 5943  3944                     548.1369614  557.72471  1.75%  66.0  538s
  5997  3985  557.21662   74  126  548.13696  557.72471  1.75%  66.0  540s
  6179  4099 infeasible   79       548.13696  557.72471  1.75%  64.8  545s
  6294  4157  557.72311   58  591  548.13696  557.72471  1.75%  65.0  550s
H 6356  4216                     548.1369626  557.72471  1.75%  64.5  553s
  6384  4238  557.72471   69  328  548.13696  557.72471  1.75%  64.4  555s
  6452  4277  557.72471   58  808  548.13696  557.72471  1.75%  64.6  560s
  6665  4471  556.51896   85  578  548.13696  557.72471  1.75%  63.1  565s
  6748  4532  557.72470   75 1219  548.13696  557.72471  1.75%  63.2  570s
  6826  4561     cutoff   77       548.13696  557.72471  1.75%  63.4  575s
  6861  4570  553.62747   71  463  548.13696  557.72471  1.75%  63.9  581s
  6922  4600  549.50251   72  669  548.13696  557.72471  1.75%  63.8  585s
  6966  4606  557.67261   71  430  548.13696  557.72471  1.75%  64.0  590s
  7077  4660  557.63394   70  725  548.13696  557.72471  1.75%  63.8  595s
H 7122  4688                     548.1371041  557.72471  1.75%  63.7  597s
  7154  4696  549.51901   67  317  548.13710  557.72471  1.75%  63.9  600s
  7259  4724  557.72471   71  298  548.13710  557.72471  1.75%  64.0  605s
  7308  4749  557.72471   84  310  548.13710  557.72471  1.75%  63.9  610s
  7436  4815  551.12687   83  895  548.13710  557.72471  1.75%  64.1  615s
  7584  4906  556.48938   98  579  548.13710  557.72471  1.75%  64.7  620s
  7645  4913  556.78378   56  526  548.13710  557.72471  1.75%  65.1  625s
  7684  4922  555.83488   62  475  548.13710  557.72471  1.75%  65.4  630s
  7767  4965  557.72471   55   68  548.13710  557.72471  1.75%  65.9  635s
  7856  4993  557.72471   38  672  548.13710  557.72471  1.75%  66.8  640s
  7939  5021  556.57220   47 1145  548.13710  557.72471  1.75%  67.2  645s
  8010  5073  557.72471   45  150  548.13710  557.72471  1.75%  66.9  652s
  8029  5092  557.72471   55   75  548.13710  557.72471  1.75%  66.9  655s
  8148  5175  549.51921   75  386  548.13710  557.72471  1.75%  67.0  660s
  8256  5196  551.80271   75  487  548.13710  557.72471  1.75%  67.2  665s
  8308  5220  557.72471   55  442  548.13710  557.72471  1.75%  67.7  670s
  8383  5281  556.63759   38  775  548.13710  557.72471  1.75%  67.5  675s
  8486  5340  557.72471   75  421  548.13710  557.72471  1.75%  67.6  680s
  8543  5374  557.38778   78  516  548.13710  557.72471  1.75%  68.0  685s
  8629  5411  551.62390   78  537  548.13710  557.72471  1.75%  68.6  690s
  8679  5416  550.51203   77  458  548.13710  557.72471  1.75%  68.8  695s
  8761  5482  557.72471   71  469  548.13710  557.72471  1.75%  68.9  700s
  8901  5553  557.67858   78  388  548.13710  557.72471  1.75%  68.4  705s
  8991  5618  550.85098   66  562  548.13710  557.72471  1.75%  68.2  710s
  9118  5701  550.80000   61  425  548.13710  557.72471  1.75%  67.9  715s
  9336  5841  557.72471   70  494  548.13710  557.72471  1.75%  67.0  720s
  9512  5980  557.21863   76  450  548.13710  557.72471  1.75%  66.3  725s
  9659  6079  557.72460   64  328  548.13710  557.72471  1.75%  65.7  730s
  9779  6146     cutoff   78       548.13710  557.72471  1.75%  65.4  735s
  9939  6220  557.72471   21  192  548.13710  557.72471  1.75%  64.9  740s
  9992  6271  555.38574   73  787  548.13710  557.72471  1.75%  65.0  745s
 10074  6329  556.88030   34  689  548.13710  557.72471  1.75%  64.6  750s
 10202  6415  557.72471   40  265  548.13710  557.72471  1.75%  64.2  840s
H10210  6415                     548.1371042  557.72471  1.75%  64.2  843s
 10250  6440  557.72471   75  449  548.13710  557.72471  1.75%  64.3  845s
 10353  6463  557.72471   55  100  548.13710  557.72471  1.75%  64.6  850s
 10438  6469  550.56658   55  931  548.13710  557.72471  1.75%  64.8  855s
 10549  6518     cutoff   59       548.13710  557.72471  1.75%  65.0  860s
H10577  6521                     548.1371049  557.72471  1.75%  65.1  862s
 10602  6525  550.84879   55  212  548.13710  557.72471  1.75%  65.2  865s
 10660  6555  557.44222   68  409  548.13710  557.72471  1.75%  65.6  870s
 10720  6561  557.72471   61  535  548.13710  557.72471  1.75%  66.0  875s
 10818  6562  550.85098   54  485  548.13710  557.72471  1.75%  66.0  880s
 10912  6591     cutoff   54       548.13710  557.72471  1.75%  66.1  885s
 10972  6615  550.85098   62  661  548.13710  557.72471  1.75%  66.4  890s
 11027  6626     cutoff   63       548.13710  557.72471  1.75%  66.5  895s
 11135  6663  550.84759   62  468  548.13710  557.72471  1.75%  66.6  900s
 11222  6669     cutoff   56       548.13710  557.72471  1.75%  66.7  905s
H11247  6675                     548.1371510  557.72471  1.75%  66.8  908s
 11301  6707  553.58240   68  678  548.13715  557.72471  1.75%  66.8  910s
 11412  6766  557.72471   63  356  548.13715  557.72471  1.75%  66.9  916s
 11519  6828  557.72471   55  212  548.13715  557.72471  1.75%  67.0  921s
 11634  6906  557.00292   70  280  548.13715  557.72471  1.75%  66.9  925s
 11723  6948  556.78378   55  963  548.13715  557.72471  1.75%  66.9  930s
 11811  6985  557.37972   70  194  548.13715  557.72471  1.75%  67.5  935s
 11891  7032  548.40357   63  745  548.13715  557.72471  1.75%  67.3  940s
 12044  7106  554.63635   65  619  548.13715  557.72471  1.75%  67.3  945s
 12157  7161  549.54081   77  441  548.13715  557.72471  1.75%  67.6  950s
 12233  7176  555.60271   71  474  548.13715  557.72471  1.75%  68.1  955s
 12262  7181     cutoff   69       548.13715  557.72471  1.75%  68.3  960s
 12350  7263  556.18282  110  920  548.13715  557.72471  1.75%  68.1  965s
 12479  7354  557.72471   43  358  548.13715  557.72471  1.75%  67.7  970s
 12560  7431  552.45500  122  562  548.13715  557.72471  1.75%  67.6  975s
 12648  7487  557.63484   63  659  548.13715  557.72471  1.75%  67.5  980s
 12715  7514     cutoff   41       548.13715  557.72471  1.75%  67.6  985s
 12756  7538  557.72471   46  394  548.13715  557.72471  1.75%  67.7  990s
 12900  7643  549.51921   33  782  548.13715  557.72471  1.75%  67.3  995s
 12928  7653  557.72355   36  808  548.13715  557.72471  1.75%  67.5 1000s
 12964  7667  557.72471   33  517  548.13715  557.72471  1.75%  67.6 1005s
 12983  7686  557.72471   52  310  548.13715  557.72471  1.75%  67.6 1010s
 13073  7747  557.72471   38  737  548.13715  557.72471  1.75%  67.4 1015s
 13150  7817  557.72471   25  171  548.13715  557.72471  1.75%  67.4 1020s
 13219  7849  555.26783   60  505  548.13715  557.72471  1.75%  67.6 1025s
 13245  7857  557.72471   36  298  548.13715  557.72471  1.75%  67.7 1030s
 13320  7867  557.72471   35  352  548.13715  557.72471  1.75%  67.9 1036s
 13368  7878  557.72471   51  290  548.13715  557.72471  1.75%  68.0 1040s
H13397  7897                     548.1371523  557.72471  1.75%  68.0 1042s
 13426  7909  557.72471   45  256  548.13715  557.72471  1.75%  68.1 1045s
 13547  7969  555.60271   56  545  548.13715  557.72471  1.75%  68.1 1050s
 13680  8037  557.72471   61  593  548.13715  557.72471  1.75%  67.9 1055s
 13835  8083  557.72460   69  217  548.13715  557.72471  1.75%  67.7 1060s
 13873  8102  550.25675   46  906  548.13715  557.72471  1.75%  67.8 1065s
 13958  8153  557.72471   33  492  548.13715  557.72471  1.75%  67.7 1070s
 13988  8157     cutoff   38       548.13715  557.72471  1.75%  67.9 1075s
 14029  8176  549.46901   87  792  548.13715  557.72471  1.75%  67.8 1080s
 14067  8186     cutoff   68       548.13715  557.72471  1.75%  67.9 1085s
 14206  8243  557.72471   65  330  548.13715  557.72471  1.75%  68.0 1090s
 14326  8305  555.75431   57  736  548.13715  557.72471  1.75%  68.0 1095s
H14331  8308                     548.1371542  557.72471  1.75%  68.0 1095s
 14375  8339  549.22728   45 1031  548.13715  557.72471  1.75%  68.1 1100s
 14461  8394  555.54519   80  708  548.13715  557.72471  1.75%  68.1 1105s
 14526  8421  557.72471   55  219  548.13715  557.72471  1.75%  68.2 1110s
 14574  8437  557.72080   30 1015  548.13715  557.72471  1.75%  68.3 1115s
H14577  8436                     548.1371544  557.72471  1.75%  68.3 1119s
 14587  8437  557.72471   27  386  548.13715  557.72471  1.75%  68.3 1120s
 14692  8463  557.72471   55  190  548.13715  557.72471  1.75%  68.5 1125s
 14772  8519  557.72471   75   70  548.13715  557.72471  1.75%  68.6 1130s
H14881  8549                     548.1378121  557.72471  1.75%  68.6 1135s
 14918  8570 infeasible   47       548.13781  557.72471  1.75%  69.3 1140s
H14931  8577                     548.1378124  557.72471  1.75%  69.7 1145s
 15016  8640  557.72471   61  258  548.13781  557.72471  1.75%  69.4 1150s
 15115  8689  551.89724   73  648  548.13781  557.72471  1.75%  69.3 1155s
 15253  8783  557.72471   60  592  548.13781  557.72471  1.75%  69.2 1160s
 15350  8811  551.90928   68  360  548.13781  557.72471  1.75%  69.2 1165s
 15404  8853  557.72471   65  348  548.13781  557.72471  1.75%  69.3 1170s
 15537  8930  557.72471   68  232  548.13781  557.72471  1.75%  69.4 1175s
 15626  8950  557.72471   75  150  548.13781  557.72471  1.75%  69.7 1180s
 15662  8960  548.50239   75  581  548.13781  557.72471  1.75%  70.8 1185s
 15691  8967  557.42011   76  634  548.13781  557.72471  1.75%  70.8 1190s
H15717  8969                     548.1378247  557.72471  1.75%  71.0 1192s
 15760  8982     cutoff   87       548.13782  557.72471  1.75%  71.1 1195s
H15768  8979                     548.1378302  557.72471  1.75%  71.1 1196s

Cutting planes:
  Gomory: 1
  Lift-and-project: 2
  Implied bound: 8
  MIR: 23
  Flow cover: 50
  Zero half: 88

Explored 15871 nodes (1147797 simplex iterations) in 1200.01 seconds (3317.94 work units)
Thread count was 1 (of 64 available processors)

Solution count 10: 548.138 548.138 548.138 ... 548.137

Time limit reached
Best objective 5.481378302213e+02, best bound 5.577247113348e+02, gap 1.7490%
Tree policy:
if computer_2_running <= 0.0:
    if computer_0_running <= 0.0:
        if computer_6_running <= 1.0:
            return '(reboot_computer_0)'
        else:
            if computer_6_running <= 1.0:
                return '(reboot_computer_5)'
            else:
                return '(reboot_computer_0)'
    else:
        if computer_1_running <= 0.0:
            if computer_0_running <= 0.0:
                if computer_3_running <= 0.0:
                    if computer_6_running <= 1.0:
                        return '(reboot_computer_0)'
                    else:
                        return '(reboot_computer_1)'
                else:
                    return '(reboot_computer_0)'
            else:
                if computer_6_running <= 1.0:
                    return '(reboot_computer_1)'
                else:
                    return '(reboot_computer_0)'
        else:
            if computer_0_running <= 0.0:
                return '(reboot_computer_0)'
            else:
                if computer_1_running <= 0.0:
                    return '(reboot_computer_0)'
                else:
                    return '(reboot_computer_2)'
else:
    if computer_5_running <= 0.0:
        if computer_2_running <= 0.0:
            if computer_3_running <= 0.0:
                return '(reboot_computer_0)'
            else:
                if computer_6_running <= 1.0:
                    return '(reboot_computer_1)'
                else:
                    return '(reboot_computer_0)'
        else:
            if computer_0_running <= 0.0:
                return '(reboot_computer_0)'
            else:
                if computer_3_running <= 0.0:
                    if computer_1_running <= 0.0:
                        return '(reboot_computer_1)'
                    else:
                        return '(reboot_computer_3)'
                else:
                    if computer_6_running <= 0.0:
                        return '(reboot_computer_6)'
                    else:
                        return '(reboot_computer_5)'
    else:
        if computer_0_running <= 0.0:
            return '(reboot_computer_0)'
        else:
            if computer_1_running <= 0.0:
                if computer_6_running <= 1.0:
                    if computer_0_running <= 0.0:
                        return '(reboot_computer_0)'
                    else:
                        return '(reboot_computer_1)'
                else:
                    return '(reboot_computer_0)'
            else:
                if computer_4_running <= 0.0:
                    if computer_3_running <= 0.0:
                        return '(reboot_computer_3)'
                    else:
                        return '(reboot_computer_4)'
                else:
                    if computer_6_running <= 0.0:
                        return '(reboot_computer_6)'
                    else:
                        return '(reboot_computer_0)'
Optimal decision tree (depth=6) value: 548.1378302212584
Writing result files...
