Solving...
Starting with fixed depth 4
Set parameter Username
Academic license - for non-commercial use only - expires 2025-09-20
Set parameter Threads to value 1
Set parameter TimeLimit to value 1200
Gurobi Optimizer version 10.0.0 build v10.0.0rc2 (linux64)

CPU model: AMD EPYC 9124 16-Core Processor, instruction set [SSE2|AVX|AVX2|AVX512]
Thread count: 32 physical cores, 64 logical processors, using up to 1 threads

Optimize a model with 21791 rows, 4578 columns and 153173 nonzeros
Model fingerprint: 0xe1f99b1f
Variable types: 1152 continuous, 3426 integer (3426 binary)
Coefficient statistics:
  Matrix range     [1e-10, 1e+02]
  Objective range  [4e-01, 7e+00]
  Bounds range     [1e+00, 1e+02]
  RHS range        [1e+00, 4e+00]
Presolve removed 227 rows and 196 columns
Presolve time: 0.20s
Presolved: 21564 rows, 4382 columns, 148530 nonzeros
Variable types: 1181 continuous, 3201 integer (3201 binary)
Warning: Markowitz tolerance tightened to 0.0625

Root relaxation: objective 5.577247e+02, 18097 iterations, 1.83 seconds (4.73 work units)

    Nodes    |    Current Node    |     Objective Bounds      |     Work
 Expl Unexpl |  Obj  Depth IntInf | Incumbent    BestBd   Gap | It/Node Time

     0     0  557.72471    0  493          -  557.72471      -     -    2s
     0     0  557.72471    0  285          -  557.72471      -     -    3s
     0     0  557.72471    0   76          -  557.72471      -     -    4s
     0     0  557.72471    0   98          -  557.72471      -     -    4s
     0     0  557.72471    0   79          -  557.72471      -     -    4s
     0     0  557.72471    0   79          -  557.72471      -     -    4s
     0     0  557.72471    0  150          -  557.72471      -     -    5s
     0     0  557.72471    0   88          -  557.72471      -     -    5s
     0     0  557.72471    0   92          -  557.72471      -     -    5s
     0     0  557.72471    0   82          -  557.72471      -     -    5s
     0     0  557.72471    0   82          -  557.72471      -     -    5s
     0     2  557.72471    0   82          -  557.72471      -     -    7s
*   23    15              12     415.2438052  557.72471  34.3%   198    9s
    38    26  557.31398   11  306  415.24381  557.72471  34.3%   206   10s
H  108    55                     429.9455415  557.72471  29.7%   105   12s
   159   102  556.86514   38  348  429.94554  557.72471  29.7%  94.3   15s
H  162    98                     454.0628544  557.72471  22.8%  93.4   15s
H  325   203                     469.6355288  557.72471  18.8%  80.7   18s
   394   249  548.97541   41  738  469.63553  557.72471  18.8%  77.8   20s
   513   296  557.02659   34  517  469.63553  557.72471  18.8%  71.7   27s
   516   298  554.59896   17  575  469.63553  557.72471  18.8%  71.3   31s
   522   302  557.33812   29  526  469.63553  557.72471  18.8%  70.5   35s
   532   309  544.79150   25  623  469.63553  557.72471  18.8%  69.2   40s
   533   310  550.51866   16  508  469.63553  557.72471  18.8%  69.0   52s
   550   323  557.72471   19  715  469.63553  557.72471  18.8%   148   55s
H  612   346                     469.6355328  557.72471  18.8%   144   59s
   619   353  557.64644   54  565  469.63553  557.72471  18.8%   143   60s
   727   400  488.13967   57  404  469.63553  557.72471  18.8%   127   65s
   820   418  501.18761   77  373  469.63553  557.72471  18.8%   116   70s
   951   441  547.53764   67  465  469.63553  557.72471  18.8%   108   75s
H 1025   431                     469.6355337  557.72471  18.8%   101   77s
  1106   462  492.53516   87  622  469.63553  557.72471  18.8%  99.0   80s
H 1127   445                     469.6355346  557.72471  18.8%  97.4   81s
H 1214   458                     469.6357741  557.72471  18.8%  93.5   82s
H 1327   500                     469.6358918  557.72471  18.8%  87.8   85s
H 1411   521                     472.2214243  557.72471  18.1%  88.3   89s
  1433   529  557.69670   80  560  472.22142  557.72471  18.1%  88.0   90s
  1546   605  535.13188   99  364  472.22142  557.72471  18.1%  83.4   95s
  1743   668  557.71435   76  432  472.22142  557.72471  18.1%  76.3  100s
  1908   753  473.85377   75  398  472.22142  557.72471  18.1%  74.4  106s
  2210   862  557.72471   66  331  472.22142  557.72471  18.1%  70.7  110s
  2497  1007  510.50207   78  282  472.22142  557.72471  18.1%  68.3  116s
  2822  1181  501.96434   78  504  472.22142  557.72471  18.1%  65.2  120s
  3134  1302     cutoff   86       472.22142  557.72471  18.1%  63.2  125s
  3502  1500  509.84983   60  468  472.22142  557.72471  18.1%  60.8  130s
  3714  1603  557.71704   64  692  472.22142  557.72471  18.1%  59.2  135s
H 4029  1772                     472.2221103  557.72471  18.1%  56.9  138s
  4103  1797     cutoff   75       472.22211  557.72471  18.1%  56.5  140s
  4388  1949  518.33596   66  475  472.22211  557.72471  18.1%  55.5  145s
  4570  2061  557.72471   55  398  472.22211  557.72471  18.1%  55.7  150s
  4861  2196  557.72471   50  453  472.22211  557.72471  18.1%  55.6  155s
H 4983  2287                     472.2221107  557.72471  18.1%  55.3  159s
  4988  2294  552.84578   61 1024  472.22211  557.72471  18.1%  55.4  160s
  5214  2429  527.20250   66  704  472.22211  557.72471  18.1%  55.3  165s
  5415  2557     cutoff  109       472.22211  557.72471  18.1%  54.8  170s
H 5500  2598                     472.2221111  557.72471  18.1%  54.5  171s
  5667  2688  536.39314   76  492  472.22211  557.72471  18.1%  54.9  175s
  5926  2811  485.02743   72  286  472.22211  557.72471  18.1%  55.2  180s
H 6003  2782                     475.3409099  557.72471  17.3%  55.8  184s
  6030  2795 infeasible   73       475.34091  557.72471  17.3%  55.9  185s
  6263  2911  557.72471   58  366  475.34091  557.72471  17.3%  56.2  190s
  6485  3017  487.73510   77  461  475.34091  557.72471  17.3%  56.9  196s
  6595  3073  488.66019   83  165  475.34091  557.72471  17.3%  56.9  200s
H 7003  2969                     487.0667196  557.72471  14.5%  55.9  206s
  7125  3035  526.55222   68  721  487.06672  557.72471  14.5%  56.2  211s
  7178  3067  516.13415   66  529  487.06672  557.72471  14.5%  56.7  215s
  7514  3219  557.72471   58  634  487.06672  557.72471  14.5%  56.4  220s
H 7720  3316                     487.0667206  557.72471  14.5%  56.6  223s
  7829  3384     cutoff   82       487.06672  557.72471  14.5%  56.6  225s
H 7830  3383                     487.0667227  557.72471  14.5%  56.6  226s
  8039  3496  557.71705   64  957  487.06672  557.72471  14.5%  56.7  230s
  8218  3587  547.63147   71  463  487.06672  557.72471  14.5%  57.4  235s
  8397  3664     cutoff   54       487.06672  557.72471  14.5%  58.2  240s
  8575  3769  557.72182   56  908  487.06672  557.72471  14.5%  58.1  246s
  8801  3885  549.51920   61  947  487.06672  557.72471  14.5%  58.3  250s
  9018  4007  557.49860   61  771  487.06672  557.72471  14.5%  58.0  255s
H 9214  3162                     511.0694236  557.72471  9.13%  57.9  258s
  9331  3211     cutoff   62       511.06942  557.72471  9.13%  57.7  260s
  9574  3309  536.71721   63  422  511.06942  557.72471  9.13%  57.5  265s
H 9898  3394                     511.0694238  557.72471  9.13%  57.3  269s
  9966  3427  511.97688   82  539  511.06942  557.72471  9.13%  57.2  270s
 10086  3466  517.73456   68  390  511.06942  557.72471  9.13%  57.0  275s
 10202  3527  532.86125   84  616  511.06942  557.72471  9.13%  56.9  317s
 10227  3542  541.65827   64 1011  511.06942  557.72471  9.13%  56.9  320s
 10638  3766  530.08763   66  262  511.06942  557.72471  9.13%  56.3  325s
 10903  3853  557.72471   68  416  511.06942  557.72471  9.13%  56.0  330s
 11131  3935  541.26055   63  493  511.06942  557.72471  9.13%  56.4  335s
 11389  4002  534.85555   57  815  511.06942  557.72471  9.13%  56.2  340s
 11656  4124  520.54228   62  576  511.06942  557.72471  9.13%  56.2  345s
 11877  4192  556.71551   69  417  511.06942  557.72471  9.13%  55.9  350s
 11945  4205  556.63603   75  391  511.06942  557.72471  9.13%  56.7  355s
 12308  4353  532.45354   82  498  511.06942  557.72471  9.13%  56.5  360s
 12492  4428  551.10628   67  473  511.06942  557.72471  9.13%  56.4  365s
 12849  4603  541.69178   65  399  511.06942  557.72471  9.13%  56.2  370s
 13192  4729  548.71422   73  419  511.06942  557.72471  9.13%  56.6  375s
 13416  4827  548.02027   68  395  511.06942  557.72471  9.13%  56.6  380s
 13728  4952  520.79952   89  724  511.06942  557.72471  9.13%  56.6  385s
 13994  5081  557.72471   63  362  511.06942  557.72471  9.13%  56.4  390s
 14379  5242     cutoff   77       511.06942  557.72471  9.13%  56.2  395s
 14730  5362  541.63054   64  749  511.06942  557.72471  9.13%  55.9  400s
 14914  5438  557.57471   68  751  511.06942  557.72471  9.13%  56.1  405s
 15137  5538  557.55599   72  763  511.06942  557.72471  9.13%  56.1  410s
 15398  5644  536.40604   67  415  511.06942  557.72471  9.13%  56.1  415s
 15826  5792  556.99541   66  540  511.06942  557.72471  9.13%  56.0  420s
 15948  5835  557.65580   68  670  511.06942  557.72471  9.13%  56.2  425s
 16267  5946  553.43532   61  408  511.06942  557.72471  9.13%  56.2  430s
 16531  6006  519.47743   65  615  511.06942  557.72471  9.13%  56.2  436s
H16707  6043                     511.6542409  557.72471  9.00%  56.4  440s
 17115  6178  550.48768   64  389  511.65424  557.72471  9.00%  56.3  445s
 17508  6300  557.72471   69  355  511.65424  557.72471  9.00%  56.3  450s
 17707  6368  550.92688   78  476  511.65424  557.72471  9.00%  56.4  456s
 17882  6434  549.89944   69  234  511.65424  557.72471  9.00%  56.3  461s
 18089  6504  552.39553   69  425  511.65424  557.72471  9.00%  56.2  465s
 18476  6638  544.83764   73  427  511.65424  557.72471  9.00%  56.1  470s
 18820  6733  541.60763   69  417  511.65424  557.72471  9.00%  56.1  475s
 19096  6860     cutoff   83       511.65424  557.72471  9.00%  55.9  480s
 19556  6991  557.64970   70  366  511.65424  557.72471  9.00%  55.9  485s
 19790  7052  517.03144   69  658  511.65424  557.72471  9.00%  55.7  490s
 20236  7233  549.51920   63  829  511.65424  557.72471  9.00%  55.6  495s
 20469  7327  523.59263   74  525  511.65424  557.72471  9.00%  55.6  500s
 20742  7402  515.75935   88  462  511.65424  557.72471  9.00%  55.5  505s
 20967  7467  546.17951   69  412  511.65424  557.72471  9.00%  55.7  510s
 21189  7536  557.27784   63  664  511.65424  557.72471  9.00%  55.8  515s
 21546  7708  541.44873   61  292  511.65424  557.72471  9.00%  55.9  520s
H21782  7820                     511.6542588  557.72471  9.00%  55.8  523s
 21784  7822  533.55561   66  510  511.65426  557.72471  9.00%  55.8  525s
 22108  7878  557.53448   63  638  511.65426  557.72471  9.00%  55.8  530s
 22520  8023  517.86641   67  560  511.65426  557.72471  9.00%  55.7  535s
H22556  8031                     511.6542589  557.72471  9.00%  55.9  537s
 22653  8049     cutoff   60       511.65426  557.72471  9.00%  56.0  540s
 23005  8206  524.90741   77  695  511.65426  557.72471  9.00%  56.1  545s
 23218  8297  557.72471   59  536  511.65426  557.72471  9.00%  56.1  551s
H23286  8314                     511.6542589  557.72471  9.00%  56.1  554s
 23293  8319  519.89801   74  633  511.65426  557.72471  9.00%  56.2  555s
 23622  8454  557.72471   50  636  511.65426  557.72471  9.00%  56.2  560s
 23848  8544     cutoff   68       511.65426  557.72471  9.00%  56.3  565s
 24243  8718     cutoff   64       511.65426  557.72471  9.00%  56.3  570s
 24309  8724  557.71836   69  967  511.65426  557.72471  9.00%  56.3  576s
 24531  8799 infeasible   58       511.65426  557.72471  9.00%  56.4  580s
H24730  8861                     511.6542597  557.72471  9.00%  56.4  582s
 24829  8893  557.72471   60  315  511.65426  557.72471  9.00%  56.4  585s
 25227  9003  557.72471   67  408  511.65426  557.72471  9.00%  56.4  590s
 25590  9084  551.10837   68  443  511.65426  557.72471  9.00%  56.4  595s
 25772  9157  514.95554   74  589  511.65426  557.72471  9.00%  56.6  602s
 25949  9226     cutoff   90       511.65426  557.72471  9.00%  56.5  605s
 26345  9357     cutoff   74       511.65426  557.72471  9.00%  56.6  610s
 26537  9402  557.72471   70  396  511.65426  557.72471  9.00%  56.6  615s
 26747  9479  553.26456   78  333  511.65426  557.72471  9.00%  56.6  620s
 27076  9582     cutoff   60       511.65426  557.72471  9.00%  56.5  625s
 27261  9657  557.66913   69  337  511.65426  557.72471  9.00%  56.5  630s
 27457  9730  533.69568   76  733  511.65426  557.72471  9.00%  56.8  635s
H27803  9847                     511.6542603  557.72471  9.00%  56.9  642s
 27857  9873  522.21878   84  691  511.65426  557.72471  9.00%  56.9  645s
 28110  9940  557.72471   66  431  511.65426  557.72471  9.00%  57.0  650s
 28338 10009     cutoff   73       511.65426  557.72471  9.00%  57.3  655s
 28612 10078     cutoff   73       511.65426  557.72471  9.00%  57.4  660s
 28807 10148  542.40558   67  358  511.65426  557.72471  9.00%  57.4  667s
H28811 10144                     511.6542614  557.72471  9.00%  57.4  668s
 28880 10154  557.42601   58  443  511.65426  557.72471  9.00%  57.4  670s
 28939 10156     cutoff   62       511.65426  557.72471  9.00%  57.4  675s
 29263 10298  517.05417   69  754  511.65426  557.72471  9.00%  57.7  680s
 29443 10350  523.34032   67  518  511.65426  557.72471  9.00%  57.7  685s
 29670 10432  532.92452   64  593  511.65426  557.72471  9.00%  57.7  690s
 29817 10488  513.95411   77  740  511.65426  557.72471  9.00%  57.8  695s
 30050 10528  557.67247   68  572  511.65426  557.72471  9.00%  57.7  700s
H30212  9773                     516.8210650  557.72471  7.91%  57.7  703s
 30349  9837     cutoff   64       516.82106  557.72471  7.91%  57.7  705s
 30399  9856  552.94119   62  759  516.82106  557.72471  7.91%  57.8  710s
 30739  9942     cutoff   64       516.82106  557.72471  7.91%  57.9  715s
 31177 10149  557.72471   55  564  516.82106  557.72471  7.91%  57.9  720s
 31227 10175  522.78754   65  430  516.82106  557.72471  7.91%  57.9  725s
 31642 10286  518.65210   75  438  516.82106  557.72471  7.91%  57.8  730s
H31709 10306                     516.8210653  557.72471  7.91%  57.8  731s
 31911 10383     cutoff   72       516.82107  557.72471  7.91%  57.9  735s
 32112 10472  549.51920   61  978  516.82107  557.72471  7.91%  58.0  741s
 32383 10549  531.14287   72  801  516.82107  557.72471  7.91%  57.9  745s
 32711 10656  521.49511   76  905  516.82107  557.72471  7.91%  57.8  750s
 33089 10776  557.72471   60  799  516.82107  557.72471  7.91%  57.7  755s
 33250 10823  557.42423   72  395  516.82107  557.72471  7.91%  57.7  760s
 33536 10958  554.85930   57  460  516.82107  557.72471  7.91%  57.6  765s
 33990 11138  549.51385   62  644  516.82107  557.72471  7.91%  57.4  770s
 34251 11236  557.70292   74  552  516.82107  557.72471  7.91%  57.4  780s
 34281 11236  557.71045   72  531  516.82107  557.72471  7.91%  57.4  787s
 34366 11260  553.70156   69  268  516.82107  557.72471  7.91%  57.4  790s
 34586 11294 infeasible   72       516.82107  557.72471  7.91%  57.6  795s
 34976 11472 infeasible   58       516.82107  557.72471  7.91%  57.6  800s
 35447 11631     cutoff   67       516.82107  557.72471  7.91%  57.4  805s
 35791 11790  557.72471   51  600  516.82107  557.72471  7.91%  57.3  810s
 36030 11882  540.57451   53  770  516.82107  557.72471  7.91%  57.3  815s
 36382 12021  546.43538   54  588  516.82107  557.72471  7.91%  57.2  820s
 36647 12125  535.60336   54  837  516.82107  557.72471  7.91%  57.2  825s
 36898 12214  557.72471   52  765  516.82107  557.72471  7.91%  57.3  830s
 37108 12307 infeasible   78       516.82107  557.72471  7.91%  57.3  835s
 37496 12504  527.26213   55  663  516.82107  557.72471  7.91%  57.3  840s
 37694 12580  541.15515   53  566  516.82107  557.72471  7.91%  57.3  845s
 38105 12690  518.29546   56  389  516.82107  557.72471  7.91%  57.4  850s
 38358 12777  517.73456   50  560  516.82107  557.72471  7.91%  57.4  855s
 38650 12889  557.64895   51  602  516.82107  557.72471  7.91%  57.4  861s
 38947 13003 infeasible   63       516.82107  557.72471  7.91%  57.2  865s
 39443 13159     cutoff   69       516.82107  557.72471  7.91%  57.1  870s
 39745 13239  517.02355   68  492  516.82107  557.72471  7.91%  57.2  877s
 39844 13248  526.82773   72  595  516.82107  557.72471  7.91%  57.3  880s
 40119 13309     cutoff   66       516.82107  557.72471  7.91%  57.3  885s
 40581 13451 infeasible   79       516.82107  557.72471  7.91%  57.2  890s
 40735 13517  520.10050   77  712  516.82107  557.72471  7.91%  57.3  895s
 41126 13619  557.71958   66  872  516.82107  557.72471  7.91%  57.3  901s
 41308 13658  554.56403   56  386  516.82107  557.72471  7.91%  57.4  905s
 41728 13809  528.50862   64  689  516.82107  557.72471  7.91%  57.4  910s
 41901 13848  541.61096   54  558  516.82107  557.72471  7.91%  57.3  915s
 42101 13933 infeasible   74       516.82107  557.72471  7.91%  57.4  920s
 42315 14019  557.69839   48  973  516.82107  557.72471  7.91%  57.5  925s
 42569 14118     cutoff   64       516.82107  557.72471  7.91%  57.7  930s
 42829 14218  554.17317   48  623  516.82107  557.72471  7.91%  57.7  937s
 42831 14218  546.15382   49  576  516.82107  557.72471  7.91%  57.7  940s
 43136 14328  557.67677   54  723  516.82107  557.72471  7.91%  57.7  945s
 43457 14456  557.25582   54  629  516.82107  557.72471  7.91%  57.8  950s
 43685 14536  518.42726   87  575  516.82107  557.72471  7.91%  57.8  955s
 44045 14715  555.74205   51  391  516.82107  557.72471  7.91%  57.8  960s
 44069 14729  528.99653   53  376  516.82107  557.72471  7.91%  57.8  967s
 44072 14732  527.68112   56  696  516.82107  557.72471  7.91%  57.8  971s
 44250 14821 infeasible   84       516.82107  557.72471  7.91%  57.8  975s
 44510 14901  551.93709   63  957  516.82107  557.72471  7.91%  57.9  982s
H44511 12287                     525.8353510  557.72471  6.06%  57.9  983s
 44551 12296     cutoff   65       525.83535  557.72471  6.06%  57.9  985s
 44846 12399  536.68840   59  864  525.83535  557.72471  6.06%  58.0  990s
 45303 12583  557.72471   58  398  525.83535  557.72471  6.06%  57.9  995s
 45539 12677  551.77099   64  417  525.83535  557.72471  6.06%  57.9 1000s
 45844 12758  538.62678   63  664  525.83535  557.72471  6.06%  57.9 1005s
 45959 12822  557.05828   31  929  525.83535  557.72471  6.06%  57.9 1011s
 46172 12903  526.36539   59  654  525.83535  557.72471  6.06%  57.8 1015s
H46204 12805                     526.3299049  557.72471  5.96%  57.8 1017s
 46415 12897  549.51920   62  644  526.32990  557.72471  5.96%  57.8 1020s
 46699 12996     cutoff   58       526.32990  557.72471  5.96%  57.9 1025s
 47006 13069  540.94075   61  546  526.32990  557.72471  5.96%  57.9 1030s
 47204 13139  557.67967   59  598  526.32990  557.72471  5.96%  57.9 1035s
 47686 13349  556.18768   69  579  526.32990  557.72471  5.96%  57.8 1040s
 48056 13478  527.71873   75  684  526.32990  557.72471  5.96%  57.7 1045s
 48310 13579  541.60859   69  709  526.32990  557.72471  5.96%  57.7 1050s
 48849 13739  529.19224   76  649  526.32990  557.72471  5.96%  57.6 1055s
 49062 13771  557.66821   60  616  526.32990  557.72471  5.96%  57.6 1060s
 49461 13910  555.66188   59  700  526.32990  557.72471  5.96%  57.6 1065s
 49798 13999  553.33450   65  545  526.32990  557.72471  5.96%  57.5 1070s
 50019 14063  556.55116   66  520  526.32990  557.72471  5.96%  57.5 1075s
 50377 14155  535.82662   71  602  526.32990  557.72471  5.96%  57.4 1080s
 50713 14277  555.79227   67  826  526.32990  557.72471  5.96%  57.4 1085s
 51075 14418  537.95961   67  155  526.32990  557.72471  5.96%  57.4 1090s
H51293 14483                     526.3299072  557.72471  5.96%  57.3 1093s
 51351 14496  557.72471   68  232  526.32991  557.72471  5.96%  57.4 1095s
 51668 14599  556.43092   63  499  526.32991  557.72471  5.96%  57.4 1100s
 51819 14654     cutoff   61       526.32991  557.72471  5.96%  57.3 1105s
*52104 12358              89     532.8041267  557.72471  4.68%  57.3 1107s
 52351 12407     cutoff   60       532.80413  557.72471  4.68%  57.2 1110s
H52721 11730                     535.4046619  557.72471  4.17%  57.2 1114s
 52722 11733  541.63546   36  830  535.40466  557.72471  4.17%  57.2 1115s
 53036 11790  538.29371   71  454  535.40466  557.72471  4.17%  57.2 1120s
 53374 11861  555.15636   57  589  535.40466  557.72471  4.17%  57.2 1125s
H53470 11386                     536.4131408  557.72471  3.97%  57.1 1127s
 53569 11391  549.48073   65  549  536.41314  557.72471  3.97%  57.2 1130s
 53689 11390     cutoff   61       536.41314  557.72471  3.97%  57.2 1135s
 54022 11452  557.72471   58  650  536.41314  557.72471  3.97%  57.4 1140s
 54275 11539  551.26500   58  316  536.41314  557.72471  3.97%  57.4 1145s
H54470 11592                     536.4131409  557.72471  3.97%  57.4 1148s
 54613 11623     cutoff   76       536.41314  557.72471  3.97%  57.4 1150s
 54906 11696  557.72471   56  336  536.41314  557.72471  3.97%  57.4 1155s
 55158 11742     cutoff   68       536.41314  557.72471  3.97%  57.4 1160s
 55590 11834     cutoff   65       536.41314  557.72471  3.97%  57.5 1165s
 55731 11901  536.91888   85  490  536.41314  557.72471  3.97%  57.5 1170s
 56181 12034 infeasible   69       536.41314  557.72471  3.97%  57.4 1175s
 56432 12085  557.72471   26  720  536.41314  557.72471  3.97%  57.4 1180s
 56606 12131 infeasible   54       536.41314  557.72471  3.97%  57.6 1185s
 56692 12138  551.59755   64  460  536.41314  557.72471  3.97%  57.6 1190s
 57041 12254  557.72471   64  543  536.41314  557.72471  3.97%  57.6 1195s

Cutting planes:
  Gomory: 1
  Lift-and-project: 2
  Implied bound: 11
  MIR: 1
  Flow cover: 2
  Zero half: 3

Explored 57251 nodes (3324236 simplex iterations) in 1200.00 seconds (2703.11 work units)
Thread count was 1 (of 64 available processors)

Solution count 10: 536.413 536.413 535.405 ... 511.654

Time limit reached
Best objective 5.364131409172e+02, best bound 5.577247113325e+02, gap 3.9730%
Tree policy:
if computer_3_running <= 0.0:
    if computer_6_running <= 1.0:
        if computer_0_running <= 0.0:
            return '(reboot_computer_0)'
        else:
            if computer_1_running <= 0.0:
                return '(reboot_computer_1)'
            else:
                return '(reboot_computer_3)'
    else:
        if computer_6_running <= 1.0:
            return '(reboot_computer_2)'
        else:
            return '(reboot_computer_0)'
else:
    if computer_5_running <= 0.0:
        if computer_2_running <= 0.0:
            if computer_0_running <= 0.0:
                return '(reboot_computer_0)'
            else:
                return '(reboot_computer_2)'
        else:
            if computer_0_running <= 0.0:
                return '(reboot_computer_0)'
            else:
                return '(reboot_computer_5)'
    else:
        if computer_4_running <= 0.0:
            if computer_1_running <= 0.0:
                return '(reboot_computer_1)'
            else:
                return '(reboot_computer_4)'
        else:
            if computer_6_running <= 0.0:
                return '(reboot_computer_6)'
            else:
                return '(reboot_computer_0)'
Optimal decision tree (depth=4) value: 536.4131409172202
Writing result files...
