Solving...
Starting with fixed depth 2
Set parameter Username
Academic license - for non-commercial use only - expires 2025-09-20
Set parameter Threads to value 1
Set parameter TimeLimit to value 1200
Gurobi Optimizer version 10.0.0 build v10.0.0rc2 (linux64)

CPU model: AMD EPYC 9124 16-Core Processor, instruction set [SSE2|AVX|AVX2|AVX512]
Thread count: 32 physical cores, 64 logical processors, using up to 1 threads

Optimize a model with 6407 rows, 2766 columns and 53825 nonzeros
Model fingerprint: 0x019d613e
Variable types: 1152 continuous, 1614 integer (1614 binary)
Coefficient statistics:
  Matrix range     [1e-10, 1e+02]
  Objective range  [4e-01, 7e+00]
  Bounds range     [1e+00, 1e+02]
  RHS range        [1e+00, 2e+00]
Presolve removed 32 rows and 25 columns
Presolve time: 0.10s
Presolved: 6375 rows, 2741 columns, 50204 nonzeros
Variable types: 1181 continuous, 1560 integer (1560 binary)
Warning: Markowitz tolerance tightened to 0.125

Root relaxation: objective 5.577247e+02, 9630 iterations, 0.73 seconds (1.81 work units)

    Nodes    |    Current Node    |     Objective Bounds      |     Work
 Expl Unexpl |  Obj  Depth IntInf | Incumbent    BestBd   Gap | It/Node Time

     0     0  557.72471    0  310          -  557.72471      -     -    1s
     0     0  557.72471    0  449          -  557.72471      -     -    1s
     0     0  557.72471    0  484          -  557.72471      -     -    1s
     0     0  557.72471    0  374          -  557.72471      -     -    2s
     0     0  557.72471    0  358          -  557.72471      -     -    2s
     0     0  557.72471    0  368          -  557.72471      -     -    2s
     0     0  557.72471    0  368          -  557.72471      -     -    2s
     0     0  557.72471    0  369          -  557.72471      -     -    2s
     0     0  557.72471    0  284          -  557.72471      -     -    2s
     0     0  557.72471    0  306          -  557.72471      -     -    2s
     0     0  557.72471    0  302          -  557.72471      -     -    2s
     0     0  557.72471    0  337          -  557.72471      -     -    2s
     0     0  557.72471    0  337          -  557.72471      -     -    3s
     0     2  557.72471    0  337          -  557.72471      -     -    4s
*   25    23              14     355.9795428  557.72471  56.7%   326    4s
    26    22  421.32857   15  260  355.97954  557.72471  56.7%   314    5s
H   85    51                     359.3030639  557.72471  55.2%   213    7s
   188   105  512.73428   18  396  359.30306  557.72471  55.2%   195   10s
   390   182  430.10544   15  198  359.30306  557.72471  55.2%   172   15s
   586   270     cutoff   24       359.30306  557.72471  55.2%   190   20s
*  655   281              17     388.6604454  557.72471  43.5%   194   22s
*  853   337              17     390.3835782  557.72471  42.9%   180   24s
   888   356  417.40347   19  429  390.38358  557.72471  42.9%   180   25s
  1027   407  463.68066   22  463  390.38358  557.72471  42.9%   176   30s
  1057   429  557.72471   20  461  390.38358  557.72471  42.9%   203   35s
  1093   449  421.29352   38  315  390.38358  557.72471  42.9%   211   40s
  1211   482  505.54753   34  304  390.38358  557.72471  42.9%   204   45s
  1289   476  440.67718   39  229  390.38358  557.72471  42.9%   202   50s
* 1326   440              35     415.2438052  557.72471  34.3%   201   52s
  1399   428  555.89263   27  292  415.24381  557.72471  34.3%   197   55s
  1568   445  450.68052   36  214  415.24381  557.72471  34.3%   189   60s
  1787   421  541.87476   29  382  415.24381  557.72471  34.3%   180   65s
  1884   421     cutoff   35       415.24381  557.72471  34.3%   175   70s
  2087   414     cutoff   34       415.24381  557.72471  34.3%   167   75s
  2257   424  420.36147   29  582  415.24381  557.72471  34.3%   166   80s
  2366   460  470.95127   35  357  415.24381  557.72471  34.3%   164   88s
  2397   470  484.78248   31  318  415.24381  557.72471  34.3%   164   90s
  2790   635  491.41064   29  351  415.24381  557.72471  34.3%   152   95s
  3055   730  557.72471   27  413  415.24381  557.72471  34.3%   150  100s
* 3166   751              35     419.3279638  557.72471  33.0%   147  101s
  3255   773  557.72471   22  348  419.32796  557.72471  33.0%   150  105s
  3554   904  511.96133   40  506  419.32796  557.72471  33.0%   147  110s
  3719   974  480.63732   28  356  419.32796  557.72471  33.0%   148  115s
  3864  1023     cutoff   34       419.32796  557.72471  33.0%   148  120s
  3988  1062  557.68068   21  595  419.32796  557.72471  33.0%   148  125s
  4171  1116  433.03678   30  331  419.32796  557.72471  33.0%   148  130s
  4275  1147  439.44309   33  234  419.32796  557.72471  33.0%   149  135s
  4523  1197  555.80904   26  554  419.32796  557.72471  33.0%   152  140s
  4668  1259  489.49049   29  414  419.32796  557.72471  33.0%   155  145s
  4834  1319  557.38667   28  639  419.32796  557.72471  33.0%   160  150s
  4937  1357  433.23309   33  280  419.32796  557.72471  33.0%   161  155s
  5095  1392  556.69141   24  430  419.32796  557.72464  33.0%   162  160s
  5312  1443  557.72438   28  362  419.32796  557.72438  33.0%   160  165s
  5520  1481  486.15549   32  393  419.32796  557.71182  33.0%   160  170s
  5611  1500  518.94746   26  671  419.32796  557.70792  33.0%   160  175s
  5659  1512  430.00669   34  215  419.32796  557.70093  33.0%   160  180s
  5932  1574  542.60225   35  520  419.32796  557.68127  33.0%   159  185s
  6217  1650  495.97188   21  535  419.32796  557.65163  33.0%   158  190s
  6495  1714  547.89996   31  476  419.32796  557.57896  33.0%   156  195s
  6737  1791     cutoff   28       419.32796  557.57568  33.0%   157  200s
  6942  1862  438.22439   30  437  419.32796  557.57568  33.0%   156  205s
  7126  1909  557.25553   22  354  419.32796  557.57568  33.0%   155  210s
  7348  1992     cutoff   27       419.32796  557.56510  33.0%   154  215s
  7466  2020  490.43927   22  396  419.32796  557.54713  33.0%   154  220s
  7640  2071  422.42115   31  417  419.32796  557.52377  33.0%   154  225s
  7803  2109  549.90436   24  418  419.32796  557.52377  33.0%   153  230s
  8053  2176 infeasible   31       419.32796  557.43780  32.9%   151  235s
  8215  2226  428.46405   38  198  419.32796  557.40929  32.9%   151  240s
  8401  2292     cutoff   37       419.32796  557.38667  32.9%   151  245s
  8703  2362  497.41318   28  263  419.32796  557.31369  32.9%   151  250s
  8971  2402  497.34638   24  333  419.32796  557.27686  32.9%   150  255s
  9253  2459  555.37249   28  321  419.32796  557.24451  32.9%   150  260s
  9350  2472  432.56774   25  148  419.32796  557.19080  32.9%   150  265s
  9422  2485  439.65930   31  223  419.32796  557.17083  32.9%   150  270s
  9767  2564  554.14759   21  632  419.32796  557.08925  32.9%   149  275s
 10082  2650  444.91560   36  231  419.32796  557.04631  32.8%   148  280s
 10202  2681  442.73825   30  264  419.32796  557.03338  32.8%   148  321s
 10325  2706  556.17816   24  613  419.32796  557.01290  32.8%   147  326s
 10385  2719     cutoff   30       419.32796  556.99639  32.8%   148  330s
 10563  2763  452.55206   34  233  419.32796  556.91970  32.8%   148  335s
 10740  2778  458.56474   30  211  419.32796  556.88773  32.8%   148  340s
 10873  2811  523.73915   28  559  419.32796  556.85355  32.8%   147  346s
 11132  2884  434.92168   47  342  419.32796  556.82511  32.8%   146  350s
 11424  2952  426.25992   47  166  419.32796  556.75185  32.8%   145  357s
 11552  2980  458.53365   27  400  419.32796  556.69141  32.8%   145  360s
 11942  3091  444.24336   26  507  419.32796  556.61877  32.7%   143  365s
 12235  3186  512.36597   24  575  419.32796  556.54497  32.7%   143  374s
 12236  3187  495.56372   25  504  419.32796  556.54497  32.7%   143  375s
 12423  3238  554.53747   33  380  419.32796  556.50635  32.7%   142  380s
 12631  3266  470.90290   33  332  419.32796  556.42731  32.7%   141  385s
 12876  3317  445.93291   40  262  419.32796  556.40842  32.7%   141  390s
 13223  3382  440.06852   30  358  419.32796  556.26727  32.7%   140  395s
 13600  3465  543.77912   26  471  419.32796  556.13291  32.6%   139  400s
 13972  3552  505.02959   24  435  419.32796  556.01282  32.6%   138  405s
 14258  3614  425.47626   28  357  419.32796  555.93453  32.6%   137  410s
 14624  3689  551.99874   26  340  419.32796  555.76576  32.5%   137  415s
 14988  3740  527.59604   25  424  419.32796  555.47526  32.5%   136  420s
 15294  3851  433.85737   40  272  419.32796  555.37503  32.4%   136  425s
 15530  3899  534.30747   28  446  419.32796  555.26682  32.4%   135  430s
 15733  3948  506.24870   29  291  419.32796  555.07376  32.4%   135  435s
*16144  4046              42     419.8197319  554.82447  32.2%   134  439s
 16188  4054  480.36156   32  264  419.81973  554.79542  32.2%   134  440s
 16487  4101  554.42554   39  401  419.81973  554.53747  32.1%   133  445s
 16924  4188  428.05758   38  424  419.81973  554.29949  32.0%   132  450s
 17145  4216  452.96734   46  357  419.81973  554.18579  32.0%   132  457s
 17232  4220  421.45642   34  225  419.81973  554.17074  32.0%   132  460s
 17484  4267  459.96884   26  491  419.81973  553.93989  31.9%   132  465s
 17852  4301  485.57945   26  525  419.81973  553.34697  31.8%   132  470s
 18338  4399  515.87761   31  531  419.81973  552.48788  31.6%   130  475s
 18747  4433     cutoff   41       419.81973  552.01678  31.5%   129  480s
 19066  4481  447.50798   32  356  419.81973  551.69984  31.4%   129  485s
 19561  4601 infeasible   29       419.81973  551.36145  31.3%   129  490s
 19971  4683  533.07858   25  418  419.81973  551.13450  31.3%   128  495s
 20396  4791  423.99566   35  468  419.81973  550.71962  31.2%   127  500s
 20663  4859     cutoff   30       419.81973  550.63688  31.2%   128  505s
 21030  4935  452.73857   30  302  419.81973  550.38864  31.1%   127  510s
 21457  4994  525.77292   27  439  419.81973  549.90432  31.0%   127  515s
 21899  5086  518.06269   32  440  419.81973  549.63502  30.9%   126  520s
 22256  5169  420.16197   40  316  419.81973  549.25894  30.8%   126  525s
 22610  5213     cutoff   28       419.81973  548.84705  30.7%   126  530s
 22957  5283     cutoff   27       419.81973  548.59679  30.7%   125  535s
 23353  5386  443.87662   37  387  419.81973  548.38392  30.6%   125  540s
 23556  5420  542.48349   40  370  419.81973  548.19496  30.6%   125  545s
 23927  5502     cutoff   41       419.81973  547.75859  30.5%   125  550s
 24282  5595  420.55259   23  390  419.81973  547.43801  30.4%   125  555s
 24639  5659  420.97185   39  254  419.81973  547.20546  30.3%   125  560s
 25070  5705  470.88971   31  253  419.81973  546.79945  30.2%   124  565s
 25443  5770  527.33006   42  231  419.81973  546.22581  30.1%   123  570s
 25775  5831  443.97705   29  255  419.81973  545.85420  30.0%   123  575s
 26204  5896  505.07119   32  455  419.81973  545.23805  29.9%   122  580s
 26610  5954     cutoff   33       419.81973  544.65077  29.7%   122  585s
 26967  5991     cutoff   29       419.81973  544.06618  29.6%   121  590s
 27310  6027     cutoff   31       419.81973  543.67722  29.5%   121  595s
 27708  6074     cutoff   41       419.81973  543.10511  29.4%   121  600s
 27948  6104  479.04326   43  330  419.81973  542.86323  29.3%   120  605s
 28265  6156  500.06781   36  282  419.81973  542.61306  29.2%   120  610s
 28504  6199  491.83606   29  498  419.81973  542.30264  29.2%   120  615s
 28833  6241  440.17306   34  179  419.81973  541.80836  29.1%   120  620s
 29376  6363  456.64378   32  198  419.81973  541.36232  29.0%   119  625s
 29702  6408     cutoff   33       419.81973  541.26754  28.9%   119  630s
 30264  6488     cutoff   30       419.81973  540.69885  28.8%   119  635s
 30727  6556  471.90802   33  204  419.81973  540.14607  28.7%   118  640s
 30966  6580  523.76373   30  592  419.81973  539.94245  28.6%   118  645s
 31330  6652  539.55360   28  505  419.81973  539.55778  28.5%   118  650s
 31638  6701     cutoff   36       419.81973  539.11786  28.4%   118  655s
 31993  6769  491.66812   27  427  419.81973  538.65002  28.3%   118  660s
 32310  6786     cutoff   30       419.81973  537.79755  28.1%   118  665s
 32803  6861  432.36037   35  168  419.81973  537.05916  27.9%   118  670s
 33269  6974  477.42156   38  203  419.81973  536.60951  27.8%   117  675s
 33796  7042  421.68076   49  167  419.81973  536.31641  27.7%   116  680s
 34272  7104 infeasible   30       419.81973  535.97992  27.7%   116  685s
 34675  7173     cutoff   34       419.81973  535.64671  27.6%   116  690s
 35208  7314  481.92193   29  358  419.81973  535.12130  27.5%   115  695s
 35706  7392     cutoff   34       419.81973  534.66789  27.4%   115  700s
 36147  7481  462.39416   47  280  419.81973  534.22717  27.3%   115  705s
 36496  7533     cutoff   39       419.81973  533.86527  27.2%   114  710s
 36961  7595  435.78511   30  440  419.81973  533.08860  27.0%   114  715s
 37333  7628 infeasible   40       419.81973  532.67166  26.9%   114  720s
 37704  7632     cutoff   30       419.81973  531.76170  26.7%   114  725s
 38124  7712     cutoff   44       419.81973  531.42072  26.6%   114  730s
 38560  7786  434.30261   29  389  419.81973  530.95268  26.5%   113  735s
 38850  7810     cutoff   37       419.81973  530.62304  26.4%   113  740s
 39263  7824     cutoff   36       419.81973  529.92840  26.2%   113  745s
 39565  7827  526.29793   28  297  419.81973  529.51092  26.1%   113  750s
 39932  7872  465.86207   38  501  419.81973  528.96833  26.0%   113  755s
 40405  7966  439.49681   32  550  419.81973  528.56457  25.9%   112  760s
 40877  8047     cutoff   37       419.81973  528.13184  25.8%   112  765s
 41208  8077  480.82762   43  223  419.81973  527.73245  25.7%   112  770s
 41546  8125     cutoff   30       419.81973  527.51340  25.7%   112  775s
 42031  8211  525.87809   27  485  419.81973  527.16375  25.6%   112  780s
 42534  8303     cutoff   41       419.81973  526.88661  25.5%   111  785s
 42976  8366     cutoff   28       419.81973  526.46274  25.4%   111  790s
 43336  8391  427.80042   43  279  419.81973  526.18250  25.3%   111  795s
 43859  8430     cutoff   49       419.81973  525.60748  25.2%   111  800s
 44147  8458  483.27197   30  343  419.81973  525.27102  25.1%   111  805s
 44518  8503  465.25768   43  407  419.81973  524.81505  25.0%   111  810s
 44970  8527     cutoff   44       419.81973  524.32563  24.9%   110  815s
 45290  8533  474.43792   37  190  419.81973  523.94015  24.8%   110  820s
 45626  8555     cutoff   35       419.81973  523.65199  24.7%   110  825s
 46033  8590     cutoff   37       419.81973  523.21535  24.6%   110  830s
 46371  8616     cutoff   32       419.81973  522.99234  24.6%   110  835s
 46747  8637  453.46246   27  259  419.81973  522.47719  24.5%   110  840s
 47188  8703     cutoff   35       419.81973  522.25802  24.4%   110  845s
 47481  8699  491.57210   25  528  419.81973  521.91310  24.3%   110  850s
 48025  8773  477.26968   35  230  419.81973  521.51867  24.2%   110  855s
 48432  8804  485.82411   29  454  419.81973  521.16740  24.1%   110  860s
 49058  8878  431.76571   38  293  419.81973  520.50270  24.0%   109  865s
 49594  8950  465.93496   35  194  419.81973  520.06389  23.9%   109  870s
 49957  8993     cutoff   45       419.81973  519.72302  23.8%   109  875s
 50286  9027  451.23227   35  388  419.81973  519.44219  23.7%   109  880s
 50755  9063     cutoff   36       419.81973  518.98183  23.6%   108  885s
 51251  9139  450.12564   33  363  419.81973  518.61165  23.5%   108  890s
 51653  9168  461.40188   25  676  419.81973  518.37396  23.5%   108  895s
 52116  9220     cutoff   33       419.81973  518.08506  23.4%   108  900s
 52369  9230     cutoff   40       419.81973  517.88622  23.4%   108  905s
 52760  9262  516.00090   42  537  419.81973  517.59897  23.3%   108  910s
 53152  9310  422.20999   39  226  419.81973  517.40403  23.2%   108  915s
 53441  9331  464.00463   40  425  419.81973  517.19043  23.2%   108  920s
 53929  9382  432.07183   42  258  419.81973  516.77937  23.1%   108  925s
*54394  9360              45     421.8352099  516.32394  22.4%   108  929s
 54404  9358     cutoff   40       421.83521  516.30145  22.4%   108  930s
 54876  9425  469.71902   30  396  421.83521  516.05412  22.3%   108  935s
 55267  9442  430.31604   40  250  421.83521  515.79584  22.3%   108  940s
 55612  9511     cutoff   34       421.83521  515.66243  22.2%   107  945s
 56054  9567     cutoff   35       421.83521  515.28856  22.2%   107  950s
 56508  9608     cutoff   37       421.83521  514.87852  22.1%   107  955s
 56956  9677     cutoff   34       421.83521  514.37358  21.9%   107  960s
 57399  9700     cutoff   29       421.83521  513.93155  21.8%   107  965s
 57683  9713  501.88615   33  412  421.83521  513.64485  21.8%   107  970s
 58084  9715  470.81818   36  439  421.83521  513.24828  21.7%   107  975s
 58493  9751  438.80716   40  321  421.83521  512.79441  21.6%   107  980s
 59047  9823     cutoff   39       421.83521  512.29300  21.4%   106  985s
 59467  9876  462.63716   44  427  421.83521  512.01203  21.4%   106  990s
 59886  9879  475.93946   31  405  421.83521  511.52375  21.3%   106  995s
 60436  9954     cutoff   44       421.83521  510.92630  21.1%   106 1000s
 60720  9971  448.76211   37  193  421.83521  510.63063  21.0%   106 1005s
 61180 10007     cutoff   39       421.83521  510.27349  21.0%   106 1010s
 61621 10051     cutoff   27       421.83521  509.93069  20.9%   106 1015s
 62107 10095 infeasible   37       421.83521  509.39896  20.8%   105 1020s
 62550 10105  502.45421   39  404  421.83521  508.93288  20.6%   105 1025s
 62932 10139  449.11827   26  165  421.83521  508.56590  20.6%   105 1030s
 63451 10205  460.01351   32  238  421.83521  508.20642  20.5%   105 1035s
 63888 10255     cutoff   35       421.83521  507.97047  20.4%   105 1040s
 64263 10349  438.23193   39  423  421.83521  507.82211  20.4%   105 1045s
 64650 10381  451.88872   39  287  421.83521  507.66006  20.3%   105 1050s
 65062 10428  461.68414   41  226  421.83521  507.33940  20.3%   104 1055s
 65536 10502     cutoff   33       421.83521  507.09481  20.2%   104 1060s
 65952 10547  478.64344   26  361  421.83521  506.79290  20.1%   104 1065s
 66474 10598  502.42500   39  499  421.83521  506.32105  20.0%   104 1070s
 66782 10628  447.59098   37  199  421.83521  506.15946  20.0%   104 1075s
 67196 10680  468.32655   41  369  421.83521  505.89850  19.9%   104 1080s
 67693 10715  431.13952   49  370  421.83521  505.42377  19.8%   103 1085s
 68034 10714     cutoff   35       421.83521  504.94809  19.7%   103 1090s
 68443 10731  498.69203   32  351  421.83521  504.60425  19.6%   103 1095s
 68990 10791     cutoff   37       421.83521  504.26729  19.5%   103 1100s
 69358 10780  458.09005   30  359  421.83521  503.84568  19.4%   103 1105s
 69864 10834     cutoff   35       421.83521  503.58917  19.4%   103 1110s
 70268 10871  450.78661   31  253  421.83521  503.28765  19.3%   103 1115s
 70632 10903  485.02205   44  282  421.83521  502.96731  19.2%   103 1120s
 71163 10947  427.89248   55  196  421.83521  502.57006  19.1%   103 1125s
 71620 10994  431.23794   43  377  421.83521  502.25771  19.1%   103 1130s
 72158 11034  437.53287   35  383  421.83521  501.90754  19.0%   102 1135s
 72586 11076     cutoff   38       421.83521  501.67948  18.9%   102 1140s
 73117 11130     cutoff   32       421.83521  501.12783  18.8%   102 1145s
 73461 11148     cutoff   46       421.83521  500.77740  18.7%   102 1150s
 74011 11196  431.04400   40  380  421.83521  500.39871  18.6%   102 1155s
 74517 11218  465.93496   41  169  421.83521  499.98287  18.5%   102 1160s
 74976 11237     cutoff   32       421.83521  499.53749  18.4%   101 1165s
 75405 11259     cutoff   47       421.83521  499.13615  18.3%   101 1170s
 75741 11249     cutoff   42       421.83521  498.77736  18.2%   101 1175s
 76314 11306  489.63697   33  348  421.83521  498.35728  18.1%   101 1180s
 76828 11317  489.87878   37  391  421.83521  497.80179  18.0%   101 1185s
 77332 11374  488.81645   36  363  421.83521  497.59442  18.0%   101 1190s
 77801 11404  444.04860   45  190  421.83521  497.28312  17.9%   101 1195s
*77904 10745              30     433.8170864  497.18427  14.6%   101 1196s

Cutting planes:
  Implied bound: 11
  Projected implied bound: 2
  MIR: 1
  Flow cover: 17
  Zero half: 7

Explored 78252 nodes (7883951 simplex iterations) in 1200.00 seconds (2825.64 work units)
Thread count was 1 (of 64 available processors)

Solution count 9: 433.817 421.835 419.82 ... 355.98

Time limit reached
Best objective 4.338170864347e+02, best bound 4.968390391893e+02, gap 14.5273%
Tree policy:
if computer_1_running <= 0.0:
    if computer_2_running <= 0.0:
        return '(reboot_computer_2)'
    else:
        return '(reboot_computer_1)'
else:
    if computer_0_running <= 0.0:
        return '(reboot_computer_0)'
    else:
        return '__random__'
Optimal decision tree (depth=2) value: 433.8170864346918
Writing result files...
