Solving...
Starting with fixed depth 1
Set parameter Username
Academic license - for non-commercial use only - expires 2025-09-20
Set parameter Threads to value 1
Set parameter TimeLimit to value 1200
Gurobi Optimizer version 10.0.0 build v10.0.0rc2 (linux64)

CPU model: AMD EPYC 9124 16-Core Processor, instruction set [SSE2|AVX|AVX2|AVX512]
Thread count: 32 physical cores, 64 logical processors, using up to 1 threads

Optimize a model with 6399 rows, 3781 columns and 40467 nonzeros
Model fingerprint: 0x260cd68c
Variable types: 1599 continuous, 2182 integer (2182 binary)
Coefficient statistics:
  Matrix range     [5e-04, 1e+02]
  Objective range  [1e+00, 2e+00]
  Bounds range     [1e+00, 1e+02]
  RHS range        [1e+00, 1e+00]
Presolve removed 538 rows and 539 columns
Presolve time: 0.09s
Presolved: 5861 rows, 3242 columns, 33658 nonzeros
Variable types: 1599 continuous, 1643 integer (1643 binary)

Root relaxation: objective -2.173209e+00, 4632 iterations, 0.33 seconds (0.84 work units)

    Nodes    |    Current Node    |     Objective Bounds      |     Work
 Expl Unexpl |  Obj  Depth IntInf | Incumbent    BestBd   Gap | It/Node Time

     0     0   -2.17321    0  628          -   -2.17321      -     -    0s
     0     0   -2.17321    0  639          -   -2.17321      -     -    0s
H    0     0                      -4.1221081   -2.17321  47.3%     -    0s
     0     0   -2.17321    0  638   -4.12211   -2.17321  47.3%     -    0s
     0     0   -2.17321    0  640   -4.12211   -2.17321  47.3%     -    1s
     0     0   -2.17321    0  640   -4.12211   -2.17321  47.3%     -    1s
     0     0   -2.17321    0  673   -4.12211   -2.17321  47.3%     -    1s
     0     0   -2.17321    0  682   -4.12211   -2.17321  47.3%     -    1s
     0     0   -2.17321    0  696   -4.12211   -2.17321  47.3%     -    1s
     0     0   -2.17321    0  696   -4.12211   -2.17321  47.3%     -    2s
     0     2   -2.17321    0  696   -4.12211   -2.17321  47.3%     -    2s
*   66     6               5      -2.9407593   -2.17321  26.1%   299    3s
   115    23 infeasible   15        -2.94076   -2.17321  26.1%   255    5s
*  134    20              13      -2.5895448   -2.17321  16.1%   260    5s
*  135    17              12      -2.3954303   -2.17321  9.28%   258    5s
*  144     2               7      -2.3526163   -2.19596  6.66%   253    5s

Cutting planes:
  Gomory: 17
  Implied bound: 91
  MIR: 20
  Flow cover: 7
  Zero half: 3
  RLT: 861

Explored 147 nodes (47635 simplex iterations) in 5.49 seconds (12.58 work units)
Thread count was 1 (of 64 available processors)

Solution count 5: -2.35262 -2.39543 -2.58954 ... -4.12211
No other solutions better than -2.35262

Optimal solution found (tolerance 1.00e-04)
Best objective -2.352616319439e+00, best bound -2.352616319439e+00, gap 0.0000%
Tree policy:
if player_total <= 11.0:
    return '(Draw)'
else:
    return '(Skip)'
Optimal decision tree (depth=1) value: -2.3526163194386696
Writing result files...
