Solving...
Starting with fixed depth 2
Set parameter Username
Academic license - for non-commercial use only - expires 2025-09-20
Set parameter Threads to value 1
Set parameter TimeLimit to value 1200
Gurobi Optimizer version 10.0.0 build v10.0.0rc2 (linux64)

CPU model: AMD EPYC 9124 16-Core Processor, instruction set [SSE2|AVX|AVX2|AVX512]
Thread count: 32 physical cores, 64 logical processors, using up to 1 threads

Optimize a model with 10667 rows, 4941 columns and 78897 nonzeros
Model fingerprint: 0xa7200cf4
Variable types: 1599 continuous, 3342 integer (3342 binary)
Coefficient statistics:
  Matrix range     [5e-04, 1e+02]
  Objective range  [1e+00, 2e+00]
  Bounds range     [1e+00, 1e+02]
  RHS range        [1e+00, 2e+00]
Presolve removed 16 rows and 19 columns
Presolve time: 0.15s
Presolved: 10651 rows, 4922 columns, 62354 nonzeros
Variable types: 1599 continuous, 3323 integer (3323 binary)

Root relaxation: objective -2.173209e+00, 5341 iterations, 0.43 seconds (1.17 work units)

    Nodes    |    Current Node    |     Objective Bounds      |     Work
 Expl Unexpl |  Obj  Depth IntInf | Incumbent    BestBd   Gap | It/Node Time

     0     0   -2.17321    0  719          -   -2.17321      -     -    0s
     0     0   -2.17321    0  728          -   -2.17321      -     -    1s
     0     0   -2.17321    0  722          -   -2.17321      -     -    1s
     0     0   -2.17321    0  732          -   -2.17321      -     -    1s
H    0     0                      -4.1221081   -2.17321  47.3%     -    1s
     0     0   -2.17321    0 1118   -4.12211   -2.17321  47.3%     -    1s
     0     0   -2.17321    0  898   -4.12211   -2.17321  47.3%     -    1s
H    0     0                      -3.9079881   -2.17321  44.4%     -    1s
     0     0   -2.17321    0  897   -3.90799   -2.17321  44.4%     -    1s
     0     0   -2.17321    0  746   -3.90799   -2.17321  44.4%     -    2s
     0     0   -2.17321    0  741   -3.90799   -2.17321  44.4%     -    2s
     0     0   -2.17321    0  654   -3.90799   -2.17321  44.4%     -    2s
     0     0   -2.17321    0  654   -3.90799   -2.17321  44.4%     -    3s
     0     2   -2.17321    0  654   -3.90799   -2.17321  44.4%     -    3s
*   19    13              11      -2.6835333   -2.17321  19.0%   379    3s
*   27    14              12      -2.6439210   -2.17321  17.8%   314    4s
H   56    20                      -2.4910899   -2.17321  12.8%   212    4s
    84    33   -2.17321   11  900   -2.49109   -2.17321  12.8%   271    5s
*  108    39              15      -2.3526163   -2.17321  7.63%   248    5s
H  277    71                      -2.3526157   -2.17321  7.63%   223    8s
H  294    76                      -2.3526156   -2.17321  7.63%   213    8s
   421    99   -2.17321   11  774   -2.35262   -2.17321  7.63%   195   10s
*  445   101              14      -2.3460432   -2.17321  7.37%   200   10s
H  475    92                      -2.2805208   -2.17321  4.71%   197   10s
*  480    89              13      -2.2485859   -2.17321  3.35%   195   10s
*  597    79              13      -2.2456078   -2.17326  3.22%   191   12s
*  600    62              12      -2.2052715   -2.17326  1.45%   190   12s

Cutting planes:
  Gomory: 20
  Cover: 5
  Implied bound: 200
  MIR: 44
  Flow cover: 22
  Inf proof: 8
  Zero half: 90

Explored 793 nodes (167289 simplex iterations) in 14.28 seconds (31.71 work units)
Thread count was 1 (of 64 available processors)

Solution count 10: -2.20527 -2.24561 -2.24859 ... -2.68353
No other solutions better than -2.20527

Optimal solution found (tolerance 1.00e-04)
Best objective -2.205271507267e+00, best bound -2.205271507267e+00, gap 0.0000%
Tree policy:
if dealer_total <= 6.0:
    if player_total <= 11.0:
        return '(Draw)'
    else:
        return '(Skip)'
else:
    if player_total <= 13.0:
        return '(Draw)'
    else:
        return '(Skip)'
Optimal decision tree (depth=2) value: -2.20527150726744
Writing result files...
