Solving...
Starting with fixed depth 5
Set parameter Username
Academic license - for non-commercial use only - expires 2025-09-20
Set parameter Threads to value 1
Set parameter TimeLimit to value 1200
Gurobi Optimizer version 10.0.0 build v10.0.0rc2 (linux64)

CPU model: AMD EPYC 9124 16-Core Processor, instruction set [SSE2|AVX|AVX2|AVX512]
Thread count: 32 physical cores, 64 logical processors, using up to 1 threads

Optimize a model with 403785 rows, 84875 columns and 3309804 nonzeros
Model fingerprint: 0xa241a3fa
Variable types: 10195 continuous, 74680 integer (74680 binary)
Coefficient statistics:
  Matrix range     [1e-01, 1e+02]
  Objective range  [1e+00, 1e+00]
  Bounds range     [1e+00, 1e+02]
  RHS range        [1e+00, 5e+00]
Presolve removed 0 rows and 279 columns (presolve time = 5s) ...
Presolve removed 0 rows and 279 columns
Presolve time: 6.89s
Presolved: 403785 rows, 84596 columns, 3182931 nonzeros
Variable types: 10195 continuous, 74401 integer (74401 binary)
Found heuristic solution: objective 1.2183060
Root relaxation presolved: 84596 rows, 488381 columns, 3267527 nonzeros


Root simplex log...

Iteration    Objective       Primal Inf.    Dual Inf.      Time
       0    1.0600000e+04   0.000000e+00   2.077416e+04     12s
   68993    2.8730859e+03   0.000000e+00   1.068284e+08     15s
   73543    1.1960949e+03   0.000000e+00   7.410573e+06     20s
   76673    5.2949309e+02   0.000000e+00   3.212846e+07     25s
   79443    3.3208317e+01   0.000000e+00   5.372871e+05     30s
   83793    5.1728104e+00   0.000000e+00   2.462060e+04     35s
   85111    5.1795791e+00   0.000000e+00   0.000000e+00     37s
   86012    5.1795792e+00   0.000000e+00   0.000000e+00     39s
Extra simplex iterations from dual to original model: 901

Root relaxation: objective 5.179579e+00, 86012 iterations, 28.95 seconds (93.96 work units)

    Nodes    |    Current Node    |     Objective Bounds      |     Work
 Expl Unexpl |  Obj  Depth IntInf | Incumbent    BestBd   Gap | It/Node Time

     0     0    5.17958    0 8941    1.21831    5.17958   325%     -  113s
H    0     0                       1.2183064    5.17958   325%     -  115s
     0     0    5.17958    0 13650    1.21831    5.17958   325%     -  127s
     0     0    5.17958    0 13648    1.21831    5.17958   325%     -  131s
     0     0    5.17958    0 18852    1.21831    5.17958   325%     -  215s
     0     0    5.17958    0 18146    1.21831    5.17958   325%     -  219s
     0     0    5.17958    0 19548    1.21831    5.17958   325%     -  306s
     0     0    5.17958    0 19548    1.21831    5.17958   325%     -  307s
     0     0    5.17958    0 19584    1.21831    5.17958   325%     -  393s
H    0     0                       1.2183068    5.17958   325%     -  394s
     0     0    5.17958    0 19584    1.21831    5.17958   325%     -  394s
     0     0    5.17958    0 21255    1.21831    5.17958   325%     -  480s
     0     0    5.17958    0 21256    1.21831    5.17958   325%     -  481s
     0     0    5.17958    0 17660    1.21831    5.17958   325%     -  566s
     0     0    5.17958    0 17660    1.21831    5.17958   325%     -  643s
H    0     0                       1.2206007    5.17958   324%     -  817s
     0     2    5.17958    0 17660    1.22060    5.17958   324%     -  817s
     3     5    5.17958    2 16429    1.22060    5.17958   324%  3603  823s
     6     8    5.17958    3 16374    1.22060    5.17958   324%  1819  825s
H    7     7                       1.2561382    5.17958   312%  1559  826s
     9    11    5.17958    6 13795    1.25614    5.17958   312%  1220  832s
    11    13    5.17958    7 10750    1.25614    5.17958   312%  1009  838s
    13    15    5.17958    8 20569    1.25614    5.17958   312%   887  844s
    14    16    5.17958    9 10527    1.25614    5.17958   312%   830  847s
    16    18    5.17958   11 16510    1.25614    5.17958   312%   739  857s
H   18    18                       1.4479580    5.17958   258%   669  861s
H   18    18                       1.4479580    5.17958   258%   669  866s
    19    21    5.17958   12 16672    1.44796    5.17958   258%   667  871s
    22    24    5.17958   15 17251    1.44796    5.17958   258%   580  875s
    24    26    5.17958   16 17366    1.44796    5.17958   258%   533  880s
    27    29    5.17958   18 13704    1.44796    5.17958   258%   485  889s
    28    30    5.17958   19 21034    1.44796    5.17958   258%   474  891s
    35    37    5.17958   23 9369    1.44796    5.17958   258%   402  895s
    45    47    5.17958   29 7037    1.44796    5.17958   258%   354  900s
    50    52    5.17485   31 9266    1.44796    5.17958   258%   684  907s
    52    54    5.17958   32 9822    1.44796    5.17958   258%   803  910s
    62    64    1.77671   38 5358    1.44796    5.17958   258%   755  915s
    65    67    2.16386   39 10017    1.44796    5.17958   258%   776  921s
    70    70    1.78643   42 6234    1.44796    5.17958   258%   766  926s
H   78    74                       1.4479580    5.17958   258%   701  929s
*   79    73              48       1.6796661    5.17958   208%   693  929s
    80    72     cutoff   48         1.67967    5.17958   208%   685  930s
    91    81    5.17958   16 14825    1.67967    5.17958   208%   618  935s
    96    86    5.17958   19 17287    1.67967    5.17958   208%   597  940s
   104    94    5.17958   24 16616    1.67967    5.17958   208%   571  945s
   114   104    5.17958   32 16591    1.67967    5.17958   208%   538  950s
   121   111    5.17958   37 20165    1.67967    5.17958   208%   517  955s
   133   123    5.17958   45 18864    1.67967    5.17958   208%   474  960s
   139   129    5.17958   49 16179    1.67967    5.17958   208%   513  965s
   150   140    5.13961   57 17690    1.67967    5.17958   208%   490  971s
   155   145    5.13961   61 18247    1.67967    5.17958   208%   525  985s
   159   149    5.13961   64 16690    1.67967    5.17958   208%   549  997s
   167   157    5.13961   70 13847    1.67967    5.17958   208%   528 1000s
   174   164    5.13962   77 7710    1.67967    5.17958   208%   613 1032s
   180   170    5.13962   81 11108    1.67967    5.17958   208%   622 1040s
   182   172    5.13962   82 6433    1.67967    5.17958   208%   633 1045s
   189   179    5.13962   86 11085    1.67967    5.17958   208%   620 1052s
   190   180    5.13962   86 12443    1.67967    5.17958   208%   640 1061s
   191   181    5.13962   87 12917    1.67967    5.17958   208%   647 1067s
   192   182    5.13962   87 12004    1.67967    5.17958   208%   663 1072s
   194   184    5.13962   89 12001    1.67967    5.17958   208%   657 1076s
   202   192    5.13951   97 12562    1.67967    5.17958   208%   643 1080s
   204   194    5.13947   99 11662    1.67967    5.17958   208%   724 1110s
   205   195    5.00118   99 12058    1.67967    5.17958   208%   758 1123s
   208   198    4.95798  102 10408    1.67967    5.17958   208%   757 1126s
   219   205    1.77651  110 6757    1.67967    5.17958   208%   737 1130s
H  224   203                       1.7322504    5.17958   199%   722 1131s
H  238   206                       2.0592453    5.17958   152%   683 1134s
   242   212    2.41014  124 2448    2.05925    5.17958   152%   673 1135s
H  244   208                       2.2366108    5.17958   132%   669 1136s
   266   206    5.17946   10 13457    2.23661    5.17958   132%   617 1140s
   277   217    5.17637   18 19189    2.23661    5.17958   132%   597 1146s
   282   222    5.17637   21 14156    2.23661    5.17958   132%   592 1157s
   287   227    5.17637   24 11654    2.23661    5.17958   132%   586 1160s
   293   233    5.17637   28 19023    2.23661    5.17958   132%   580 1165s
   305   245    5.17637   37 14691    2.23661    5.17958   132%   568 1170s
H  314   252                       2.2366198    5.17958   132%   599 1175s
   315   255    5.17637   42 10951    2.23662    5.17958   132%   631 1183s
   316   256    5.17102   43 10614    2.23662    5.17958   132%   636 1186s
   323   263    5.16089   50 8370    2.23662    5.17958   132%   637 1196s

Cutting planes:
  Gomory: 4
  Implied bound: 35
  MIR: 511
  Flow cover: 125
  Zero half: 124
  Relax-and-lift: 4

Explored 335 nodes (364849 simplex iterations) in 1200.02 seconds (6121.43 work units)
Thread count was 1 (of 64 available processors)

Solution count 10: 2.23662 2.23661 2.05925 ... 1.2206

Time limit reached
Warning: max constraint violation (1.4729e-06) exceeds tolerance
Best objective 2.236619844407e+00, best bound 5.179579236499e+00, gap 131.5807%
Tree policy:
if x <= 0.0:
    if y <= 3.0:
        if picked5 <= 0.0:
            if y <= 1.0:
                return 'd'
            else:
                if y <= 1.0:
                    return 'u'
                else:
                    return 'r'
        else:
            return 'u'
    else:
        if picked5 <= 0.0:
            if y <= 5.0:
                return 'u'
            else:
                return 'r'
        else:
            if picked5 <= 0.0:
                return 'u'
            else:
                if picked5 <= 0.0:
                    return 'd'
                else:
                    return 'r'
else:
    if y <= 3.0:
        if x <= 0.0:
            return 'u'
        else:
            if x <= 1.0:
                if picked0 <= 0.0:
                    return 'u'
                else:
                    return 'r'
            else:
                if picked6 <= 0.0:
                    return 'r'
                else:
                    return 'l'
    else:
        if x <= 2.0:
            if picked1 <= 0.0:
                if picked3 <= 0.0:
                    return 'r'
                else:
                    return '__random__'
            else:
                return 'u'
        else:
            if x <= 2.0:
                return 'u'
            else:
                return 'd'
Optimal decision tree (depth=5) value: 2.2366198444073357
Writing result files...
