Solving...
Starting with fixed depth 3
Set parameter Username
Academic license - for non-commercial use only - expires 2025-09-20
Set parameter Threads to value 1
Set parameter TimeLimit to value 1200
Gurobi Optimizer version 10.0.0 build v10.0.0rc2 (linux64)

CPU model: AMD EPYC 9124 16-Core Processor, instruction set [SSE2|AVX|AVX2|AVX512]
Thread count: 32 physical cores, 64 logical processors, using up to 1 threads

Optimize a model with 110121 rows, 34955 columns and 688268 nonzeros
Model fingerprint: 0x0e83da86
Variable types: 10195 continuous, 24760 integer (24760 binary)
Coefficient statistics:
  Matrix range     [1e-01, 1e+02]
  Objective range  [1e+00, 1e+00]
  Bounds range     [1e+00, 1e+02]
  RHS range        [1e+00, 3e+00]
Presolve removed 0 rows and 63 columns
Presolve time: 1.15s
Presolved: 110121 rows, 34892 columns, 659267 nonzeros
Variable types: 10195 continuous, 24697 integer (24697 binary)
Root relaxation presolved: 110121 rows, 34892 columns, 659267 nonzeros


Root simplex log...

Iteration    Objective       Primal Inf.    Dual Inf.      Time
   36762    5.1806636e+00   2.498160e+03   0.000000e+00      5s
   42522    4.7575492e+00   1.788110e-01   0.000000e+00     10s
   43015    5.1795803e+00   0.000000e+00   0.000000e+00     10s

Root relaxation: objective 5.179580e+00, 43015 iterations, 8.74 seconds (36.54 work units)
Total elapsed time = 19.48s

    Nodes    |    Current Node    |     Objective Bounds      |     Work
 Expl Unexpl |  Obj  Depth IntInf | Incumbent    BestBd   Gap | It/Node Time

     0     0    5.17958    0 2548          -    5.17958      -     -   20s
H    0     0                       0.1210982    5.17958  4177%     -   20s
     0     0    5.17958    0 2529    0.12110    5.17958  4177%     -   25s
H    0     0                       0.8469291    5.17958   512%     -   25s
     0     0    5.17958    0 2534    0.84693    5.17958   512%     -   25s
     0     0    5.17958    0 3415    0.84693    5.17958   512%     -   49s
H    0     0                       1.4519886    5.17958   257%     -   49s
     0     0    5.17958    0 3408    1.45199    5.17958   257%     -   49s
     0     0    5.17958    0 3418    1.45199    5.17958   257%     -   69s
     0     0    5.17958    0 3417    1.45199    5.17958   257%     -   69s
     0     0    5.17958    0 4024    1.45199    5.17958   257%     -  107s
     0     0    5.17958    0 4020    1.45199    5.17958   257%     -  108s
     0     0    5.17958    0 4263    1.45199    5.17958   257%     -  131s
     0     0    5.17958    0 4868    1.45199    5.17958   257%     -  133s
     0     0    5.17958    0 3903    1.45199    5.17958   257%     -  160s
     0     0    5.17958    0 3903    1.45199    5.17958   257%     -  170s
H    0     0                       1.4519887    5.17958   257%     -  180s
H    0     0                       1.4520214    5.17958   257%     -  182s
H    0     0                       1.4543945    5.17958   256%     -  207s
     0     2    5.17958    0 2756    1.45439    5.17958   256%     -  207s
     6     8    5.17958    3 3551    1.45439    5.17958   256%  2444  212s
     9    11    5.17958    5 2759    1.45439    5.17958   256%  1868  215s
    14    16    5.17958    8 2891    1.45439    5.17958   256%  2462  220s
    20    22    1.58509   12 5731    1.45439    5.17958   256%  2721  227s
    21    23    1.69166   13 6120    1.45439    5.17958   256%  2917  234s
    23    25    2.77028   14 6071    1.45439    5.17958   256%  3082  246s
    24    24     cutoff   14         1.45439    5.17958   256%  3216  253s
    25    25    1.48516   15 5834    1.45439    5.17958   256%  3097  257s
H   26    24                       1.4556273    5.17958   256%  2978  265s
H   27    21                       1.8330679    5.17958   183%  2943  266s
*   37    19              20       1.8853664    5.17958   175%  2225  268s
*   38    18              20       1.8854417    5.17958   175%  2167  268s
    40    20    5.17958    5 3900    1.88544    5.17958   175%  2122  270s
    50    30    5.17958   10 6211    1.88544    5.17958   175%  2070  275s
    65    43     cutoff   21         1.88544    5.17958   175%  1781  280s
    72    46     cutoff   25         1.88544    5.17958   175%  1820  285s
H   81    51                       2.4569829    5.17958   111%  1812  290s
    93    61    4.53589   39 6543    2.45698    5.17958   111%  1829  295s
   105    65    5.17958    5 5178    2.45698    5.17958   111%  1775  301s
   112    72    5.17958   12 8912    2.45698    5.17958   111%  1743  307s
   119    79    5.17958   19 5972    2.45698    5.17958   111%  1690  310s
   126    86    4.91228   23 1982    2.45698    5.17958   111%  1708  315s
   142   102    4.76035   33 6412    2.45698    5.17958   111%  1616  320s
   146   104    4.67806   35 8180    2.45698    5.17958   111%  1645  325s
   154   111    3.30504   41 6384    2.45698    5.17958   111%  1636  330s
H  162   110                       2.8010780    5.17958  84.9%  1560  331s
   180   122    5.17958    4 4175    2.80108    5.17958  84.9%  1442  336s
   203   145    5.16394   25 5195    2.80108    5.17958  84.9%  1297  340s
H  216   156                       2.8010780    5.17958  84.9%  1249  342s
   221   163    3.47754   34 5746    2.80108    5.17958  84.9%  1313  347s
   226   168    5.16394   38 5095    2.80108    5.17958  84.9%  1306  350s
H  234   174                       2.8074709    5.17958  84.5%  1304  358s
   236   178    5.16391   46 7633    2.80747    5.17958  84.5%  1310  362s
   249   190    5.01574   57 5424    2.80747    5.17958  84.5%  1272  365s
   259   190    4.46606   59 7576    2.80747    5.17958  84.5%  1273  370s
   272   197    5.16089    9 4588    2.80747    5.17958  84.5%  1263  375s
   280   203     cutoff   15         2.80747    5.17958  84.5%  1314  382s
   282   203     cutoff   16         2.80747    5.17958  84.5%  1348  386s
   284   203 infeasible   17         2.80747    5.17958  84.5%  1382  390s
   289   208    5.16590   21 4061    2.80747    5.17958  84.5%  1401  395s
   295   210    4.89508   23 4542    2.80747    5.17958  84.5%  1430  400s
H  298   207                       2.8160408    5.17958  83.9%  1441  406s
   305   210     cutoff   28         2.81604    5.17958  83.9%  1472  410s
   309   210    5.17958    8 3102    2.81604    5.17958  83.9%  1514  415s
H  315   214                       2.8204716    5.17958  83.6%  1487  416s
   324   225    5.16792   16 3459    2.82047    5.17958  83.6%  1477  420s
   342   232    4.89529    7 2941    2.82047    5.17958  83.6%  1462  425s
   350   238     cutoff   15         2.82047    5.17958  83.6%  1478  432s
   356   240    3.70041   17 5646    2.82047    5.17958  83.6%  1468  435s
H  368   238                       2.8204716    5.17958  83.6%  1421  435s
H  394   238                       2.8204716    5.17958  83.6%  1327  438s
   404   240    3.67557   39 5598    2.82047    5.17958  83.6%  1306  440s
H  472   246                       2.8204735    5.17958  83.6%  1122  444s
   476   248     cutoff   80         2.82047    5.17958  83.6%  1118  445s
H  489   251                       2.8204877    5.17958  83.6%  1107  451s
   492   256    3.61846   20 8082    2.82049    5.17958  83.6%  1128  455s
   494   254     cutoff   21         2.82049    5.17958  83.6%  1142  460s
   498   258    4.88735   23 7426    2.82049    5.17958  83.6%  1148  467s
   507   258    5.17958   14 3448    2.82049    5.17958  83.6%  1140  470s
H  510   260                       2.8204902    5.17958  83.6%  1146  472s
   511   261    5.16394   28 3903    2.82049    5.17958  83.6%  1144  494s
   513   262    5.17958    7 2943    2.82049    5.17958  83.6%  1139  518s
   514   263    5.17958    9 3364    2.82049    5.17958  83.6%  1137  537s
   515   264    5.17958   13 4729    2.82049    5.17958  83.6%  1135  542s
   516   264    5.17958   13 5679    2.82049    5.17958  83.6%  1133  554s
   517   265    5.16615    8 6959    2.82049    5.17958  83.6%  1131  558s
   518   266    4.74868   34 2962    2.82049    5.17958  83.6%  1128  588s
   519   266    5.17958    8 2954    2.82049    5.17958  83.6%  1126  591s
   520   267    5.16615   13 2944    2.82049    5.17958  83.6%  1124  609s
   521   268    5.16089   10 2944    2.82049    5.17958  83.6%  1122  611s
   522   268    4.25904   19 2878    2.82049    5.17958  83.6%  1120  645s
   523   269    5.17958    6 6526    2.82049    5.17958  83.6%  1118  651s
   524   270    5.17958   11 2829    2.82049    5.17958  83.6%  1115  674s
   525   270    5.17958   11 6434    2.82049    5.17958  83.6%  1113  681s
   526   271    4.75325   17 2921    2.82049    5.17958  83.6%  1111  707s
   527   272    5.16394   34 2965    2.82049    5.17958  83.6%  1109  712s
   528   272    4.72465   33 3150    2.82049    5.17958  83.6%  1107  739s
   529   273    4.74998   16 4821    2.82049    5.17958  83.6%  1105  743s
   530   274    5.16394   34 3078    2.82049    5.17958  83.6%  1103  771s
   532   275    5.16394   34 2824    2.82049    5.17958  83.6%  1099  791s
   533   276    4.76035   30 2824    2.82049    5.17958  83.6%  1097  812s
   534   276    5.17958   13 2824    2.82049    5.17958  83.6%  1095  817s
   535   279    5.17958   15 4545    2.82049    5.17958  83.6%  1558  846s
   538   281    5.17958   16 6641    2.82049    5.17958  83.6%  1550  850s
   541   283    5.17958   18 9879    2.82049    5.17958  83.6%  1543  855s
   544   285    5.17958   19 11290    2.82049    5.17958  83.6%  1536  861s
   546   286    5.17958   20 8760    2.82049    5.17958  83.6%  1532  865s
   553   291    5.17958   24 4219    2.82049    5.17958  83.6%  1552  887s
   554   292    5.17958   24 2742    2.82049    5.17958  83.6%  1593  914s
   555   292    5.17958   25 2748    2.82049    5.17958  83.6%  1592  915s
   560   296    5.17958   27 6760    2.82049    5.17958  83.6%  1594  924s
   561   296    5.17958   28 6719    2.82049    5.17958  83.6%  1593  925s
   570   298     cutoff   32         2.82049    5.17958  83.6%  1591  931s
   577   301    3.36561   35 3190    2.82049    5.17958  83.6%  1585  953s
   587   298    2.83855   41 1944    2.82049    5.17958  83.6%  1561  958s
   590   296    5.17958   17 11086    2.82049    5.17958  83.6%  1553  960s
   594   298    5.17958   19 10616    2.82049    5.17958  83.6%  1544  965s
   598   301    5.17958   21 7726    2.82049    5.17958  83.6%  1537  970s
   603   304    5.17958   24 2884    2.82049    5.17958  83.6%  1540  978s
   605   306    5.17845   25 8948    2.82049    5.17958  83.6%  1552  986s
   607   307    5.17845   26 7920    2.82049    5.17958  83.6%  1562  994s
   608   308    5.17958   26 2769    2.82049    5.17958  83.6%  1560  995s
   610   309    5.17845   27 9132    2.82049    5.17958  83.6%  1571 1002s
   611   310    5.17958   28 8854    2.82049    5.17958  83.6%  1581 1007s
   612   310    5.17845   28 8754    2.82049    5.17958  83.6%  1594 1014s
   613   311    5.17824   29 7911    2.82049    5.17958  83.6%  1598 1018s
   614   312    5.17019   29 7928    2.82049    5.17958  83.6%  1598 1020s
   616   313    5.11049   30 7865    2.82049    5.17958  83.6%  1599 1033s
   619   315    5.11003   32 7691    2.82049    5.17958  83.6%  1603 1035s
   620   316    4.86217   32 5531    2.82049    5.17958  83.6%  1604 1042s
   625   318    3.19564   35 4554    2.82049    5.17958  83.6%  1605 1054s
   626   317     cutoff   35         2.82049    5.17958  83.6%  1607 1055s
   631   316     cutoff   38         2.82049    5.17958  83.6%  1596 1063s
   636   313    5.17958   17 4070    2.82049    5.17958  83.6%  1585 1065s
   643   318    5.17958   20 7285    2.82049    5.17958  83.6%  1568 1070s
   648   321    5.17958   23 8086    2.82049    5.17958  83.6%  1557 1076s
   650   323    5.17958   24 5664    2.82049    5.17958  83.6%  1575 1090s
   654   325    5.17801   26 5676    2.82049    5.17958  83.6%  1570 1095s
   658   328    5.17958   28 5024    2.82049    5.17958  83.6%  1562 1102s
   660   329    5.17958   29 5013    2.82049    5.17958  83.6%  1562 1105s
   664   332    5.17958   31 6231    2.82049    5.17958  83.6%  1553 1121s
   666   333    5.17958   32 10603    2.82049    5.17958  83.6%  1549 1125s
   669   335    5.17958   33 11456    2.82049    5.17958  83.6%  1546 1130s
   670   336    5.17958   34 7457    2.82049    5.17958  83.6%  1577 1150s
   671   337    5.17958   34 7448    2.82049    5.17958  83.6%  1622 1180s
   673   338    4.82986   35 7872    2.82049    5.17958  83.6%  1627 1186s
   675   339    4.61458   36 7857    2.82049    5.17958  83.6%  1630 1193s
   677   341    5.07771   37 7517    2.82049    5.17958  83.6%  1629 1195s

Cutting planes:
  Gomory: 1
  Lift-and-project: 1
  MIR: 135
  Flow cover: 315
  Zero half: 100

Explored 680 nodes (1275106 simplex iterations) in 1200.03 seconds (5495.33 work units)
Thread count was 1 (of 64 available processors)

Solution count 10: 2.82049 2.82049 2.82047 ... 2.45698

Time limit reached
Warning: max constraint violation (1.6700e-06) exceeds tolerance
Best objective 2.820490241750e+00, best bound 5.179580289185e+00, gap 83.6411%
Tree policy:
if y <= 5.0:
    if y <= 0.0:
        return 'u'
    else:
        if x <= 13.0:
            return '__random__'
        else:
            return 'l'
else:
    if picked5 <= 0.0:
        if y <= 6.0:
            return 'r'
        else:
            return 'u'
    else:
        if x <= 7.0:
            return 'r'
        else:
            return 'd'
Optimal decision tree (depth=3) value: 2.8204902417497246
Writing result files...
