Solving...
Starting with fixed depth 2
Set parameter Username
Academic license - for non-commercial use only - expires 2025-09-20
Set parameter Threads to value 1
Set parameter TimeLimit to value 1200
Gurobi Optimizer version 10.0.0 build v10.0.0rc2 (linux64)

CPU model: AMD EPYC 9124 16-Core Processor, instruction set [SSE2|AVX|AVX2|AVX512]
Thread count: 32 physical cores, 64 logical processors, using up to 1 threads

Optimize a model with 61177 rows, 26635 columns and 319312 nonzeros
Model fingerprint: 0xfed27b75
Variable types: 10195 continuous, 16440 integer (16440 binary)
Coefficient statistics:
  Matrix range     [1e-01, 1e+02]
  Objective range  [1e+00, 1e+00]
  Bounds range     [1e+00, 1e+02]
  RHS range        [1e+00, 2e+00]
Presolve removed 0 rows and 27 columns
Presolve time: 0.46s
Presolved: 61177 rows, 26608 columns, 306623 nonzeros
Variable types: 10195 continuous, 16413 integer (16413 binary)
Root relaxation presolved: 61177 rows, 26608 columns, 306623 nonzeros


Root simplex log...

Iteration    Objective       Primal Inf.    Dual Inf.      Time
   38221    4.7454443e+00   1.031506e+00   0.000000e+00      5s
   39189    5.1795799e+00   0.000000e+00   0.000000e+00      5s

Root relaxation: objective 5.179580e+00, 39189 iterations, 4.50 seconds (9.34 work units)

    Nodes    |    Current Node    |     Objective Bounds      |     Work
 Expl Unexpl |  Obj  Depth IntInf | Incumbent    BestBd   Gap | It/Node Time

     0     0    5.17958    0 2625          -    5.17958      -     -    9s
H    0     0                       0.8462357    5.17958   512%     -    9s
     0     0    5.17958    0 2623    0.84624    5.17958   512%     -   12s
     0     0    5.17958    0 2641    0.84624    5.17958   512%     -   13s
     0     0    5.17958    0 2654    0.84624    5.17958   512%     -   23s
     0     0    5.17958    0 2651    0.84624    5.17958   512%     -   23s
     0     0    5.17958    0 2657    0.84624    5.17958   512%     -   29s
H    0     0                       1.4321550    5.17958   262%     -   30s
     0     0    5.17958    0 2659    1.43216    5.17958   262%     -   30s
     0     0    5.17958    0 3900    1.43216    5.17958   262%     -   35s
     0     0    5.17958    0 3628    1.43216    5.17958   262%     -   36s
     0     0    5.17958    0 3388    1.43216    5.17958   262%     -   51s
     0     0    5.17958    0 3340    1.43216    5.17958   262%     -   52s
     0     0    5.17958    0 2966    1.43216    5.17958   262%     -   63s
     0     0    5.17958    0 2966    1.43216    5.17958   262%     -   66s
H    0     0                       1.4335774    5.17958   261%     -   72s
     0     2    5.17958    0 2966    1.43358    5.17958   261%     -   79s
     4     6    5.17958    2 3219    1.43358    5.17958   261%  1997   80s
    19    21    4.91324   10 9866    1.43358    5.17958   261%  1804   85s
    26    28    5.10731   15 6617    1.43358    5.17958   261%  2046   90s
    37    38    1.69219   21 4151    1.43358    5.17958   261%  1961   95s
H   40    35                       1.7851273    5.17958   190%  1880   96s
*   44    34              24       1.7851556    5.17958   190%  1981   98s
    46    36    4.91297    3 5350    1.78516    5.17958   190%  2014  100s
H   48    36                       1.8853219    5.17958   175%  2163  104s
    48    38    4.70705    5 9613    1.88532    5.17958   175%  2366  105s
    50    40    2.79967    7 4061    1.88532    5.17958   175%  2600  110s
*   56    38              10       1.8853261    5.17958   175%  2370  111s
*   58    38              11       1.8853634    5.17958   175%  2288  111s
*   59    37              11       1.8854382    5.17958   175%  2251  111s
    75    51    2.01316   14 5811    1.88544    5.17958   175%  1969  116s
    78    52     cutoff   17         1.88544    5.17958   175%  2050  120s
   123    85     cutoff   53         1.88544    5.17958   175%  1466  126s
H  157   115                       1.8854703    5.17958   175%  1155  128s
   189   143    4.69575  112 6369    1.88547    5.17958   175%   971  130s
   210   145    4.94615    4 4998    1.88547    5.17958   175%   961  135s
   226   151    5.14567    7 7775    1.88547    5.17958   175%  1021  140s
   245   160     cutoff   17         1.88547    5.17958   175%  1034  145s
*  249   158              18       1.9332409    5.17958   168%  1033  146s
H  261   156                       2.2293783    5.17958   132%  1046  151s
   267   158     cutoff   10         2.22938    5.17958   132%  1066  155s
   280   157    5.17958    5 3479    2.22938    5.17958   132%  1086  160s
   317   174    2.46518    5 8543    2.22938    5.17958   132%  1051  165s
   345   183    5.14567    7 7996    2.22938    5.17958   132%  1043  170s
   376   201    4.81515    5 7009    2.22938    5.17958   132%  1003  175s
   379   204    2.85455    6 2504    2.22938    5.17958   132%  1045  180s
   381   204    3.28096    6 8158    2.22938    5.17958   132%  1086  185s
   393   204     cutoff   11         2.22938    5.17958   132%  1127  192s
   396   203     cutoff   11         2.22938    5.17958   132%  1141  196s
   403   208     cutoff   10         2.22938    5.17958   132%  1162  200s
   441   219    5.17958    5 5478    2.22938    5.17958   132%  1123  205s
*  449   218              13       2.5371710    5.17958   104%  1145  209s
   457   215     cutoff    6         2.53717    5.17958   104%  1146  211s
H  464   214                       2.5371833    5.17958   104%  1142  213s
   476   222    4.66218   15 5362    2.53718    5.17958   104%  1138  215s
   508   234    5.16443   15 3577    2.53718    5.17958   104%  1129  220s
   536   244     cutoff   16         2.53718    5.17958   104%  1111  225s
   559   255    5.16910   14 7744    2.53718    5.17958   104%  1100  230s
   579   263    5.17140   10 4824    2.53718    5.17958   104%  1086  235s
   608   274    5.17958   10 6065    2.53718    5.17958   104%  1088  240s
H  629   280                       2.5964501    5.17958  99.5%  1081  245s
   640   291     cutoff   28         2.59645    5.17958  99.5%  1088  250s
   653   297    3.04303   17 2158    2.59645    5.17958  99.5%  1095  255s
   670   296    4.30915   12 5329    2.59645    5.17958  99.5%  1096  260s
   709   306    5.17077   12 7629    2.59645    5.17958  99.5%  1069  265s
   740   321    5.13792   12 6334    2.59645    5.17958  99.5%  1059  270s
   752   325    5.17958   11 5954    2.59645    5.17958  99.5%  1053  278s
   758   331    2.70175   17 3370    2.59645    5.17958  99.5%  1068  283s
   768   329    2.68914   18 4201    2.59645    5.17958  99.5%  1077  286s
   783   330     cutoff   20         2.59645    5.17958  99.5%  1086  291s
   786   329     cutoff   20         2.59645    5.17958  99.5%  1099  295s
   791   328    3.42212   17 6157    2.59645    5.17958  99.5%  1112  300s
   804   332    3.07371   18 3216    2.59645    5.17958  99.5%  1121  305s
   827   341    4.31371   18 5677    2.59645    5.17958  99.5%  1117  310s
   848   352     cutoff   21         2.59645    5.17958  99.5%  1112  315s
   870   360    3.36295   18 5940    2.59645    5.17958  99.5%  1112  320s
   881   363    4.19976   13 5768    2.59645    5.17958  99.5%  1114  325s
   890   364    3.24993   15 6198    2.59645    5.17958  99.5%  1124  330s
H  895   367                       2.5975570    5.17958  99.4%  1119  335s
   903   373    2.88239   25 4729    2.59756    5.17958  99.4%  1117  340s
   917   375    4.85369   15 5988    2.59756    5.17958  99.4%  1126  345s
   929   383    3.97009   24 7300    2.59756    5.17958  99.4%  1133  350s
   947   387    4.01760   19 7718    2.59756    5.17958  99.4%  1138  357s
   963   390     cutoff   29         2.59756    5.17958  99.4%  1129  360s
   970   393    4.49397   16 6825    2.59756    5.17958  99.4%  1143  365s
   973   394    3.08850   17 3973    2.59756    5.17958  99.4%  1144  372s
   980   397    3.08659   19 4941    2.59756    5.17958  99.4%  1147  375s
   999   403    3.91671   19 6392    2.59756    5.17958  99.4%  1141  380s
  1021   422    3.55286   15 2966    2.59756    5.17958  99.4%  1118  394s
  1023   423    5.10337   32 2933    2.59756    5.17958  99.4%  1116  413s
  1024   424    5.17958    7 3568    2.59756    5.17958  99.4%  1115  430s
  1026   425    5.08040   86 3567    2.59756    5.17958  99.4%  1113  440s
  1028   427    5.08245   55 2798    2.59756    5.17958  99.4%  1110  453s
  1030   428    4.60634   17 2777    2.59756    5.17958  99.4%  1108  458s
  1031   429    5.09998   12 3384    2.59756    5.17958  99.4%  1107  460s
  1032   429    5.08040   86 3181    2.59756    5.17958  99.4%  1106  469s
  1033   430    4.67589   15 3672    2.59756    5.17958  99.4%  1105  471s
  1034   431    3.36295   19 2848    2.59756    5.17958  99.4%  1104  484s
  1035   431    5.05307   14 3533    2.59756    5.17958  99.4%  1103  487s
  1036   432    4.98962   14 3643    2.59756    5.17958  99.4%  1102  498s
  1038   433    4.78215    7 2755    2.59756    5.17958  99.4%  1100  512s
  1040   435    4.70705    6 2770    2.59756    5.17958  99.4%  1098  526s
  1042   436    4.82061   19 2749    2.59756    5.17958  99.4%  1096  538s
  1043   437    3.97802   19 2731    2.59756    5.17958  99.4%  1094  548s
  1044   437    3.06875   20 2731    2.59756    5.17958  99.4%  1093  550s
  1045   440    5.17958   10 2741    2.59756    5.17958  99.4%  1289  558s
  1046   441    5.17958   10 5016    2.59756    5.17958  99.4%  1288  560s
  1052   445    5.17958   13 4125    2.59756    5.17958  99.4%  1282  565s
  1062   449    5.16351   18 2052    2.59756    5.17958  99.4%  1283  570s
  1074   457    5.10569   24 2474    2.59756    5.17958  99.4%  1273  577s
  1083   455     cutoff   28         2.59756    5.17958  99.4%  1272  585s
  1096   450     cutoff   33         2.59756    5.17958  99.4%  1261  590s
  1101   447    4.92911   12 7220    2.59756    5.17958  99.4%  1264  598s
  1103   447     cutoff   13         2.59756    5.17958  99.4%  1269  600s
  1112   445     cutoff   18         2.59756    5.17958  99.4%  1278  606s
  1120   442     cutoff   21         2.59756    5.17958  99.4%  1273  613s
  1121   441     cutoff   21         2.59756    5.17958  99.4%  1272  619s
  1122   441    5.17958   11 3978    2.59756    5.17958  99.4%  1271  620s
  1129   446    5.17834   15 5478    2.59756    5.17958  99.4%  1265  626s
  1132   448    4.91189   16 7141    2.59756    5.17958  99.4%  1268  630s
  1138   452    4.73639   19 8316    2.59756    5.17958  99.4%  1275  637s
  1139   453    4.73550   20 7228    2.59756    5.17958  99.4%  1278  646s
  1142   453     cutoff   21         2.59756    5.17958  99.4%  1287  651s
  1143   451     cutoff   22         2.59756    5.17958  99.4%  1288  676s
  1147   452    3.03415   24 6824    2.59756    5.17958  99.4%  1285  680s
  1154   449    3.01838   27 8527    2.59756    5.17958  99.4%  1289  685s
  1165   444    5.17958   13 4735    2.59756    5.17958  99.4%  1286  690s
  1168   446    4.93467   16 7290    2.59756    5.17958  99.4%  1285  695s
  1170   447    5.13395   17 8607    2.59756    5.17958  99.4%  1287  701s
  1173   449    5.10943   20 8474    2.59756    5.17958  99.4%  1284  706s
  1176   449     cutoff   23         2.59756    5.17958  99.4%  1283  715s
  1185   449     cutoff   26         2.59756    5.17958  99.4%  1288  720s
  1196   447    4.93467   15 7806    2.59756    5.17958  99.4%  1281  725s
  1202   451    5.12881   20 8168    2.59756    5.17958  99.4%  1279  730s
  1207   454    5.10769   25 8068    2.59756    5.17958  99.4%  1274  735s
  1214   454    4.67750   27 6478    2.59756    5.17958  99.4%  1278  740s
  1221   448     cutoff   28         2.59756    5.17958  99.4%  1287  745s
  1227   447    4.56497   15 8649    2.59756    5.17958  99.4%  1290  750s
  1231   449    3.98131   18 7233    2.59756    5.17958  99.4%  1299  755s
  1235   450     cutoff   22         2.59756    5.17958  99.4%  1308  760s
  1239   450     cutoff   22         2.59756    5.17958  99.4%  1317  765s
  1248   448    5.17958   15 5126    2.59756    5.17958  99.4%  1320  770s
  1256   454    5.05311   23 5355    2.59756    5.17958  99.4%  1315  775s
  1276   454 infeasible   34         2.59756    5.17958  99.4%  1308  780s
  1278   452    3.13824   33 6640    2.59756    5.17958  99.4%  1307  785s
  1284   450    5.10952   18 8547    2.59756    5.17958  99.4%  1311  791s
  1289   452     cutoff   23         2.59756    5.17958  99.4%  1310  796s
  1299   447     cutoff   26         2.59756    5.17958  99.4%  1313  801s
  1303   450    5.16634   17 5904    2.59756    5.17958  99.4%  1310  809s
  1304   451    4.79859   18 7278    2.59756    5.17958  99.4%  1312  810s
  1315   450    5.15919   16 8202    2.59756    5.17958  99.4%  1317  815s
  1325   451    5.15455   18 9242    2.59756    5.17958  99.4%  1322  821s
  1328   453    5.11086   20 9398    2.59756    5.17958  99.4%  1328  825s
  1329   453    3.20540   21 3299    2.59756    5.17958  99.4%  1329  832s
  1337   449    5.15372   17 8496    2.59756    5.17958  99.4%  1329  835s
  1346   447    2.65302   20 3649    2.59756    5.17958  99.4%  1331  845s
  1349   445     cutoff   22         2.59756    5.17958  99.4%  1329  851s
  1361   449    3.64166   21 5049    2.59756    5.17958  99.4%  1329  855s
  1373   444    5.17958   16 6112    2.59756    5.17958  99.4%  1331  861s
  1376   446    5.12868   19 5657    2.59756    5.17958  99.4%  1338  870s
  1378   447    5.12178   21 7604    2.59756    5.17958  99.4%  1339  907s
  1386   446    4.91884   16 8195    2.59756    5.17958  99.4%  1339  910s
  1396   449    2.98991   24 3705    2.59756    5.17958  99.4%  1335  915s
  1405   448     cutoff   21         2.59756    5.17958  99.4%  1336  936s
  1413   447    3.67797   20 5312    2.59756    5.17958  99.4%  1340  940s
  1423   444    4.72482   20 7320    2.59756    5.17958  99.4%  1347  945s
  1434   447     cutoff   30         2.59756    5.17958  99.4%  1361  954s
  1435   446 infeasible   30         2.59756    5.17958  99.4%  1364  956s
  1446   444     cutoff   22         2.59756    5.17958  99.4%  1373  960s
  1455   441    5.14385   18 8004    2.59756    5.17958  99.4%  1373  966s
  1461   443    3.53441   23 7065    2.59756    5.17958  99.4%  1376  970s
  1480   440     cutoff   23         2.59756    5.17958  99.4%  1379  975s
  1490   437    5.17132   16 5934    2.59756    5.17958  99.4%  1372  983s
  1491   437    4.93316   16 7651    2.59756    5.17958  99.4%  1374  985s
  1498   442    4.72864   19 6322    2.59756    5.17958  99.4%  1382  990s
  1516   444    4.69680   17 7628    2.59756    5.17958  99.4%  1379  996s
  1518   445    3.69726   19 6882    2.59756    5.17958  99.4%  1380 1006s
  1519   446    3.69726   20 6880    2.59756    5.17958  99.4%  1379 1017s
  1532   443    5.16273   15 8798    2.59756    5.17958  99.4%  1375 1020s
  1544   448    2.91883   26 5557    2.59756    5.17958  99.4%  1380 1025s
  1562   444 infeasible   24         2.59756    5.17958  99.4%  1401 1035s
  1573   443    3.52069   19 4074    2.59756    5.17958  99.4%  1406 1040s
  1592   442    4.85922   19 5807    2.59756    5.17958  99.4%  1406 1045s
  1615   439    2.90455   24 1546    2.59756    5.17958  99.4%  1400 1050s
  1618   438    2.64056   26 1893    2.59756    5.17958  99.4%  1398 1059s
  1621   436    5.17716   19 5907    2.59756    5.17958  99.4%  1398 1060s
  1629   437    3.73888   24 4922    2.59756    5.17958  99.4%  1400 1065s
  1641   433     cutoff   28         2.59756    5.17958  99.4%  1396 1070s
  1642   434    5.17958   19 6850    2.59756    5.17958  99.4%  1404 1076s
  1644   435    4.87354   21 7693    2.59756    5.17958  99.4%  1406 1090s
  1665   433    3.60433   27 7242    2.59756    5.17958  99.4%  1396 1095s
  1673   431    3.54893   28 6721    2.59756    5.17958  99.4%  1390 1100s
  1680   427    3.72005   27 6376    2.59756    5.17958  99.4%  1385 1109s
  1681   426     cutoff   28         2.59756    5.17958  99.4%  1385 1110s
  1702   424    2.79186   26 2324    2.59756    5.17958  99.4%  1380 1118s
  1705   422    5.17132   20 7746    2.59756    5.17958  99.4%  1379 1127s
  1710   421    3.66690   22 6052    2.59756    5.17958  99.4%  1383 1133s
  1713   419    5.17132   21 5863    2.59756    5.17958  99.4%  1384 1135s
  1727   421    5.16628   19 6659    2.59756    5.17958  99.4%  1384 1147s
  1731   423    3.08513   22 3665    2.59756    5.17958  99.4%  1386 1150s
  1750   416    5.15661   13 10202    2.59756    5.17958  99.4%  1382 1156s
  1752   417    5.13878   15 6604    2.59756    5.17958  99.4%  1386 1164s
  1753   418    5.11482   16 6262    2.59756    5.17958  99.4%  1386 1169s
  1756   420    4.66973   19 6522    2.59756    5.17958  99.4%  1386 1170s
  1759   420    3.39479   21 6657    2.59756    5.17958  99.4%  1387 1190s
  1783   420    4.16944   22 6396    2.59756    5.17958  99.4%  1376 1195s

Cutting planes:
  Gomory: 2
  Implied bound: 6
  MIR: 5
  Flow cover: 159
  Zero half: 4
  Relax-and-lift: 2

Explored 1800 nodes (2598268 simplex iterations) in 1200.01 seconds (3377.34 work units)
Thread count was 1 (of 64 available processors)

Solution count 10: 2.59756 2.59756 2.59645 ... 1.78516

Time limit reached
Warning: max constraint violation (6.8080e-06) exceeds tolerance
Warning: max bound violation (3.7303e-06) exceeds tolerance
Best objective 2.597556995375e+00, best bound 5.179579946600e+00, gap 99.4020%
Tree policy:
if x <= 5.0:
    if y <= 5.0:
        return 'u'
    else:
        return 'r'
else:
    if x <= 7.0:
        return 'r'
    else:
        return '__random__'
Optimal decision tree (depth=2) value: 2.597556995375121
Writing result files...
