Solving...
Starting with fixed depth 4
Set parameter Username
Academic license - for non-commercial use only - expires 2025-09-20
Set parameter Threads to value 1
Set parameter TimeLimit to value 1200
Gurobi Optimizer version 10.0.0 build v10.0.0rc2 (linux64)

CPU model: AMD EPYC 9124 16-Core Processor, instruction set [SSE2|AVX|AVX2|AVX512]
Thread count: 32 physical cores, 64 logical processors, using up to 1 threads

Optimize a model with 208009 rows, 51595 columns and 1507740 nonzeros
Model fingerprint: 0x27ca9017
Variable types: 10195 continuous, 41400 integer (41400 binary)
Coefficient statistics:
  Matrix range     [1e-01, 1e+02]
  Objective range  [1e+00, 1e+00]
  Bounds range     [1e+00, 1e+02]
  RHS range        [1e+00, 4e+00]
Presolve removed 0 rows and 135 columns
Presolve time: 2.97s
Presolved: 208009 rows, 51460 columns, 1446115 nonzeros
Variable types: 10195 continuous, 41265 integer (41265 binary)
Root relaxation presolved: 51460 rows, 259469 columns, 1497575 nonzeros


Root simplex log...

Iteration    Objective       Primal Inf.    Dual Inf.      Time
   28713    9.5322909e+03   0.000000e+00   1.611657e+07      5s
   41887    1.1830659e+03   0.000000e+00   8.854749e+06     10s
   46970    1.6219126e+01   0.000000e+00   1.613535e+05     15s
   52965    5.1795776e+00   1.586099e-03   0.000000e+00     20s
   52974    5.1795791e+00   0.000000e+00   0.000000e+00     20s
   53209    5.1795791e+00   0.000000e+00   0.000000e+00     20s
Extra simplex iterations from dual to original model: 235

Root relaxation: objective 5.179579e+00, 53209 iterations, 16.52 seconds (46.39 work units)
Total elapsed time = 54.58s

    Nodes    |    Current Node    |     Objective Bounds      |     Work
 Expl Unexpl |  Obj  Depth IntInf | Incumbent    BestBd   Gap | It/Node Time

     0     0    5.17958    0 4317          -    5.17958      -     -   85s
H    0     0                       1.4485195    5.17958   258%     -   87s
     0     0    5.17958    0 9730    1.44852    5.17958   258%     -  104s
H    0     0                       1.4485195    5.17958   258%     -  105s
     0     0    5.17958    0 9402    1.44852    5.17958   258%     -  107s
     0     0    5.17958    0 6356    1.44852    5.17958   258%     -  153s
H    0     0                       1.8583794    5.17958   179%     -  154s
     0     0    5.17958    0 6347    1.85838    5.17958   179%     -  154s
     0     0    5.17958    0 8351    1.85838    5.17958   179%     -  195s
H    0     0                       1.9628688    5.17958   164%     -  195s
     0     0    5.17958    0 3596    1.96287    5.17958   164%     -  289s
     0     0    5.17958    0 2690    1.96287    5.17958   164%     -  291s
     0     0    5.17958    0 6088    1.96287    5.17958   164%     -  331s
     0     0    5.17958    0 10339    1.96287    5.17958   164%     -  375s
     0     0    5.17958    0 3726    1.96287    5.17958   164%     -  454s
     0     0    5.17958    0 3719    1.96287    5.17958   164%     -  494s
H    0     0                       1.9628688    5.17958   164%     -  509s
     0     2    5.17958    0 3719    1.96287    5.17958   164%     -  588s
     1     3    5.17958    1 4230    1.96287    5.17958   164% 12065  590s
     4     6    5.17958    2 6001    1.96287    5.17958   164%  3514  596s
     7     9    5.17958    4 6381    1.96287    5.17958   164%  2032  600s
H    9     9                       1.9628700    5.17958   164%  1582  603s
    12    14    5.17958    7 6109    1.96287    5.17958   164%  1192  605s
    14    16    5.17958    8 7495    1.96287    5.17958   164%  1042  624s
    17    19    5.17958   10 3773    1.96287    5.17958   164%  1393  639s
    18    20    5.17958   11 3680    1.96287    5.17958   164%  1356  640s
    24    26    5.17958   14 6145    1.96287    5.17958   164%  1787  645s
    31    31    3.43946   18 7665    1.96287    5.17958   164%  1804  653s
    36    30    5.17958    2 5844    1.96287    5.17958   164%  1564  655s
    50    44    5.17958   10 2604    1.96287    5.17958   164%  1514  695s
    52    46    5.17958   11 3956    1.96287    5.17958   164%  1499  701s
    60    54    5.17958   15 6181    1.96287    5.17958   164%  1324  705s
    76    70    5.17958   26 4541    1.96287    5.17958   164%  1120  710s
    81    75    5.17958   28 3617    1.96287    5.17958   164%  1193  716s
    85    79    5.17871   32 8226    1.96287    5.17958   164%  1201  720s
    92    86    5.02085   37 6306    1.96287    5.17958   164%  1238  725s
    96    88    4.74130   38 8418    1.96287    5.17958   164%  1226  730s
   105    97    4.23638   45 8328    1.96287    5.17958   164%  1186  735s
   106    96     cutoff   46         1.96287    5.17958   164%  1241  740s
   120   102    5.17958    8 8600    1.96287    5.17958   164%  1130  745s
   124   106    5.17958   10 2592    1.96287    5.17958   164%  1149  755s
   145   127    5.02823   24 3674    1.96287    5.17958   164%  1033  760s
   153   135    5.17958   31 7628    1.96287    5.17958   164%  1046  768s
   157   139    5.17958   33 7134    1.96287    5.17958   164%  1024  770s
   164   146    5.17958   39 5043    1.96287    5.17958   164%  1003  775s
   165   147    5.17871   40 10137    1.96287    5.17958   164%  1041  781s
   167   149    5.11751   41 8829    1.96287    5.17958   164%  1090  785s
   175   155     cutoff   48         1.96287    5.17958   164%  1107  790s
   178   156     cutoff   50         1.96287    5.17958   164%  1174  797s
   181   157     cutoff   51         1.96287    5.17958   164%  1181  800s
H  182   156                       1.9677164    5.17958   163%  1174  802s
   183   157 infeasible   53         1.96772    5.17958   163%  1186  805s
   188   158    5.17958    6 11498    1.96772    5.17958   163%  1156  845s
H  193   161                       1.9677164    5.17958   163%  1126  845s
   212   182    5.16529   23 5867    1.96772    5.17958   163%  1064  850s
   232   202    5.16529   32 3754    1.96772    5.17958   163%  1021  855s
H  234   202                       1.9677169    5.17958   163%  1014  855s
   242   212    5.16234   37 3906    1.96772    5.17958   163%  1037  860s
   254   224    3.13251   43 3885    1.96772    5.17958   163%  1056  866s
H  260   228                       1.9697044    5.17958   163%  1076  872s
   274   240    4.35468   53 5945    1.96970    5.17958   163%  1066  875s
   287   251    4.18498   64 5075    1.96970    5.17958   163%  1043  880s
   311   261    5.17838   10 6466    1.96970    5.17958   163%   978  885s
   334   284    5.16325   29 5425    1.96970    5.17958   163%   944  890s
H  338   286                       1.9697062    5.17958   163%   933  891s
   357   307    4.00047   49 5128    1.96971    5.17958   163%   910  895s
   362   312    4.57814   48 6073    1.96971    5.17958   163%   932  901s
H  364   312                       1.9803367    5.17958   162%   937  905s
H  390   336                       2.0529968    5.17958   152%   900  911s
   408   348    4.27519   81 4638    2.05300    5.17958   152%   879  915s
H  416   346                       2.0543647    5.17958   152%   863  916s
H  442   372                       2.0543647    5.17958   152%   823  919s
   446   378    5.16363   29 11689    2.05436    5.17958   152%   827  920s
   471   393    5.17958   10 2623    2.05436    5.17958   152%   829  934s
   488   410    5.17822   27 2525    2.05436    5.17958   152%   802  935s
H  497   417                       2.0543648    5.17958   152%   789  936s
   511   432    5.17958    8 3719    2.05436    5.17958   152%   770  977s
   513   433    5.17958    9 4167    2.05436    5.17958   152%   767 1010s
   514   434    5.17958    6 6225    2.05436    5.17958   152%   766 1035s
   516   435    4.39484   75 8480    2.05436    5.17958   152%   763 1063s
   517   436    5.17572   22 8477    2.05436    5.17958   152%   761 1066s
   518   437    3.96483   66 9951    2.05436    5.17958   152%   760 1091s
   519   437    5.06560   39 12072    2.05436    5.17958   152%   759 1095s
   520   438    5.17958   18 17161    2.05436    5.17958   152%   757 1122s
   521   439    5.17835   10 17161    2.05436    5.17958   152%   756 1126s
   522   439    5.17958   14 18092    2.05436    5.17958   152%   754 1153s
   523   440    5.17958    8 18092    2.05436    5.17958   152%   753 1157s
   524   441    5.17958   30 17537    2.05436    5.17958   152%   751 1185s

Cutting planes:
  Gomory: 5
  Lift-and-project: 10
  Projected implied bound: 12
  MIR: 18
  Flow cover: 620
  Zero half: 333
  Relax-and-lift: 3

Explored 525 nodes (693664 simplex iterations) in 1200.02 seconds (6419.09 work units)
Thread count was 1 (of 64 available processors)

Solution count 10: 2.05436 2.05436 2.05436 ... 1.96772

Time limit reached
Best objective 2.054364830968e+00, best bound 5.179578905960e+00, gap 152.1256%
Tree policy:
if y <= 3.0:
    if picked1 <= 0.0:
        if picked0 <= 0.0:
            return 'l'
        else:
            return 'r'
    else:
        if x <= 9.0:
            return 'u'
        else:
            return 'l'
else:
    if y <= 3.0:
        if picked4 <= 0.0:
            return 'u'
        else:
            if x <= 11.0:
                return 'l'
            else:
                return 'r'
    else:
        if picked2 <= 0.0:
            if picked6 <= 0.0:
                return 'r'
            else:
                return 'd'
        else:
            if x <= 5.0:
                return '__random__'
            else:
                return 'u'
Optimal decision tree (depth=4) value: 2.0543648309675078
Writing result files...
