Solving...
Starting with fixed depth 3
Set parameter Username
Academic license - for non-commercial use only - expires 2025-09-20
Set parameter Threads to value 1
Set parameter TimeLimit to value 1200
Gurobi Optimizer version 10.0.0 build v10.0.0rc2 (linux64)

CPU model: AMD EPYC 9124 16-Core Processor, instruction set [SSE2|AVX|AVX2|AVX512]
Thread count: 32 physical cores, 64 logical processors, using up to 1 threads

Optimize a model with 25359 rows, 7104 columns and 256042 nonzeros
Model fingerprint: 0x43fcf8cb
Variable types: 2560 continuous, 4544 integer (4544 binary)
Coefficient statistics:
  Matrix range     [4e-12, 1e+02]
  Objective range  [4e-01, 8e+00]
  Bounds range     [1e+00, 1e+02]
  RHS range        [1e+00, 3e+00]
Presolve removed 108 rows and 93 columns
Presolve time: 0.27s
Presolved: 25251 rows, 7011 columns, 252374 nonzeros
Variable types: 2586 continuous, 4425 integer (4425 binary)
Warning: Markowitz tolerance tightened to 0.03125

Root relaxation: objective 2.239701e+02, 9299 iterations, 2.05 seconds (8.39 work units)

    Nodes    |    Current Node    |     Objective Bounds      |     Work
 Expl Unexpl |  Obj  Depth IntInf | Incumbent    BestBd   Gap | It/Node Time

     0     0  223.97010    0  606          -  223.97010      -     -    4s
     0     0  223.97010    0  999          -  223.97010      -     -   10s
     0     0  223.97010    0  998          -  223.97010      -     -   10s
     0     0  223.97010    0 1113          -  223.97010      -     -   11s
     0     0  223.97010    0 1110          -  223.97010      -     -   11s
     0     0  223.97010    0 1068          -  223.97010      -     -   13s
     0     0  223.97010    0  950          -  223.97010      -     -   13s
     0     0  223.97010    0  947          -  223.97010      -     -   14s
     0     0  223.97010    0  901          -  223.97010      -     -   14s
     0     0  223.97010    0  960          -  223.97010      -     -   16s
     0     0  223.97010    0  850          -  223.97010      -     -   16s
     0     0  223.97010    0  829          -  223.97010      -     -   17s
     0     0  223.97010    0  829          -  223.97010      -     -   17s
     0     2  223.97010    0  829          -  223.97010      -     -   23s
    18    20  223.97010   10 1272          -  223.97010      -   459   25s
*   46    43              31     203.4167491  223.97010  10.1%   263   26s
H   49    40                     203.4168460  223.97010  10.1%   247   27s
    75    68  222.57499   23 1182  203.41685  223.97010  10.1%   190   30s
H  101    92                     203.4168461  223.97010  10.1%   180   33s
   103    96  215.34524   45 1076  203.41685  223.97010  10.1%   185   35s
   165   148  208.01058   30  288  203.41685  223.97010  10.1%   166   40s
H  174   150                     203.4168461  223.97010  10.1%   161   41s
   226   183  203.64180   32 1085  203.41685  223.97010  10.1%   153   45s
H  238   187                     205.5272671  223.97010  8.97%   154   46s
   295   230  223.22876   21  522  205.52727  223.97010  8.97%   155   50s
   367   267  219.73159   27  655  205.52727  223.97010  8.97%   157   55s
   432   300  222.77051   11  947  205.52727  223.97010  8.97%   145   60s
   511   342  220.85599   13  829  205.52727  223.97010  8.97%   142   66s
   513   343  220.41804   56  793  205.52727  223.97010  8.97%   142   73s
   514   344  223.89692    9 1014  205.52727  223.97010  8.97%   141   77s
   516   345  221.82963   26  915  205.52727  223.97010  8.97%   141   81s
   518   347  222.51408   20  844  205.52727  223.97010  8.97%   140   86s
   520   348  222.42976   32 1004  205.52727  223.97010  8.97%   140   91s
   522   349  220.20738   22  985  205.52727  223.97010  8.97%   139   95s
   524   351  221.94061   24 1270  205.52727  223.97010  8.97%   139  100s
   527   353  222.91664    5 1177  205.52727  223.97010  8.97%   138  109s
   531   356  222.42905   39  843  205.52727  223.97010  8.97%   246  116s
   534   358  222.77051   17  832  205.52727  223.97010  8.97%   245  121s
   536   360  223.58099    7  800  205.52727  223.97010  8.97%   244  125s
   540   362  222.77051   13 1085  205.52727  223.97010  8.97%   242  130s
   544   365  221.04493   15 1083  205.52727  223.97010  8.97%   241  135s
   548   368  222.42905   37 1257  205.52727  223.97010  8.97%   239  140s
   549   368  221.94061   24 1120  205.52727  223.97010  8.97%   238  153s
   553   372  222.57499   25  787  205.52727  223.97010  8.97%   333  160s
   556   374  220.87961   16 1031  205.52727  223.97010  8.97%   331  166s
   558   376  222.82494   17  647  205.52727  223.97010  8.97%   330  172s
   560   377  222.57499   20  935  205.52727  223.97010  8.97%   329  175s
   564   380  223.51099   14  696  205.52727  223.97010  8.97%   326  182s
   566   381  207.67011   23  638  205.52727  223.97010  8.97%   325  187s
   569   383  220.88955    6  936  205.52727  223.97010  8.97%   323  190s
   572   385  220.81893   19 1101  205.52727  223.97010  8.97%   322  195s
   573   386  216.32333   19 1101  205.52727  223.97010  8.97%   321  212s
   577   389  221.94061   24  892  205.52727  223.97010  8.97%   440  219s
   578   390  220.81893   18 1059  205.52727  223.97010  8.97%   440  221s
   581   392  222.85242    8  866  205.52727  223.97010  8.97%   437  225s
   584   394  208.01058   31  781  205.52727  223.97010  8.97%   435  230s
   589   397  222.36364   12 1148  205.52727  223.97010  8.97%   431  235s
   594   401  206.06191   31 1005  205.52727  223.97010  8.97%   428  240s
   597   403  210.40866   66  931  205.52727  223.97010  8.97%   426  286s
   599   406  223.97010   50  929  205.52727  223.97010  8.97%   511  290s
   624   420  219.24838   62 1253  205.52727  223.97010  8.97%   503  295s
   632   424  221.28371   66 1039  205.52727  223.97010  8.97%   508  300s
   645   425  209.64709   72  332  205.52727  223.97010  8.97%   506  305s
H  652   404                     207.5203292  223.97010  7.93%   503  307s
   663   400  207.57458   78   64  207.52033  223.97010  7.93%   496  310s
*  664   378              79     207.5446994  223.97010  7.91%   496  310s
H  676   366                     207.5446996  223.97010  7.91%   490  312s
   698   383  221.31705   69  775  207.54470  223.97010  7.91%   477  315s
   733   406  221.31158   86  753  207.54470  223.97010  7.91%   455  320s
   793   442  221.18620  116  378  207.54470  223.97010  7.91%   422  325s
   884   497  221.18620  163  302  207.54470  223.97010  7.91%   380  330s
   917   507  221.30166   66  739  207.54470  223.97010  7.91%   372  335s
H  922   488                     208.4664001  223.97010  7.44%   371  336s
H  940   484                     208.4664015  223.97010  7.44%   364  338s
   976   510  223.25922   95  374  208.46640  223.97010  7.44%   351  340s
  1065   564  223.30363  139  793  208.46640  223.97010  7.44%   325  345s
  1104   573  223.40600   67 1036  208.46640  223.97010  7.44%   317  350s
  1139   594  217.95655   81  594  208.46640  223.97010  7.44%   313  355s
H 1167   595                     208.4664378  223.97010  7.44%   305  359s
H 1194   598                     208.4665710  223.97010  7.44%   298  361s
H 1234   586                     209.2810477  223.97010  7.02%   290  364s
  1237   590  221.96800   59  800  209.28105  223.97010  7.02%   289  365s
H 1249   583                     209.2817921  223.97010  7.02%   287  366s
  1279   592  223.96136   56 1257  209.28179  223.97010  7.02%   286  370s
  1284   596  222.27877   60  890  209.28179  223.97010  7.02%   285  376s
  1285   596  222.18222   61  916  209.28179  223.97010  7.02%   285  382s
  1290   600  219.02053   64  490  209.28179  223.97010  7.02%   284  385s
  1296   604  214.01856   69  487  209.28179  223.97010  7.02%   283  392s
  1300   606  218.57776   71  894  209.28179  223.97010  7.02%   283  395s
  1319   613  217.02549   79  540  209.28179  223.97010  7.02%   282  400s
  1344   620  212.02892   71  788  209.28179  223.97010  7.02%   278  405s
  1387   657  211.71054  114  833  209.28179  223.97010  7.02%   271  410s
  1458   694  210.23862   60  804  209.28179  223.97010  7.02%   262  415s
  1493   714  223.75772   59  756  209.28179  223.97010  7.02%   258  420s
  1502   723  220.68323   68  652  209.28179  223.97010  7.02%   257  425s
H 1547   753                     209.2821122  223.97010  7.02%   253  431s
H 1554   760                     209.2821123  223.97010  7.02%   252  434s
  1559   766  222.72456   66  798  209.28211  223.97010  7.02%   252  435s
  1591   798  215.14767   91  638  209.28211  223.97010  7.02%   249  440s
  1601   808  212.50319   93  725  209.28211  223.97010  7.02%   248  447s
  1609   802  223.97010   58  866  209.28211  223.97010  7.02%   248  450s
  1613   806  217.10114   62  540  209.28211  223.97010  7.02%   248  455s
  1642   823  216.54113   83  771  209.28211  223.97010  7.02%   245  460s
  1659   829  216.59186   60  625  209.28211  223.97010  7.02%   245  465s
  1731   884  223.97010   60 1246  209.28211  223.97010  7.02%   236  470s
H 1732   883                     209.2821981  223.97010  7.02%   236  472s
  1740   893  223.53316   69 1004  209.28220  223.97010  7.02%   235  475s
  1756   908  223.43428   85  691  209.28220  223.97010  7.02%   233  480s
  1779   929  211.19005  108  190  209.28220  223.97010  7.02%   232  485s
  1838   974  223.48081   70  602  209.28220  223.97010  7.02%   226  492s
H 1870   988                     209.3316385  223.97010  6.99%   224  500s
  1919  1027  212.51833   81  990  209.33164  223.97010  6.99%   221  505s
  1961  1059  218.74006   89  744  209.33164  223.97010  6.99%   219  510s
  2003  1088  213.63245   65  641  209.33164  223.97010  6.99%   217  515s
  2033  1104  212.42998   76  561  209.33164  223.97010  6.99%   215  520s
  2094  1143  220.23922   70  937  209.33164  223.97010  6.99%   213  525s
  2099  1148  218.34093   75  716  209.33164  223.97010  6.99%   213  530s
  2111  1155  223.97010   60 1013  209.33164  223.97010  6.99%   213  535s
  2154  1188  219.88958   81  728  209.33164  223.97010  6.99%   214  540s
  2184  1204  214.04583   76 1049  209.33164  223.97010  6.99%   213  545s
  2216  1223  211.50209   76  711  209.33164  223.97010  6.99%   212  551s
H 2223  1220                     209.3316385  223.97010  6.99%   212  554s
  2230  1228  214.23746   83  931  209.33164  223.97010  6.99%   212  555s
H 2250  1237                     209.3318373  223.97010  6.99%   212  559s
  2263  1252  217.61745   78  903  209.33184  223.97010  6.99%   213  560s
  2298  1269  212.63722   77  941  209.33184  223.97010  6.99%   213  565s
H 2304  1270                     209.3318386  223.97010  6.99%   213  567s
  2362  1301  219.47919   74  997  209.33184  223.97010  6.99%   210  570s
H 2409  1308                     209.3318389  223.97010  6.99%   207  573s
  2426  1325  220.48682   80  906  209.33184  223.97010  6.99%   207  575s
  2477  1361  217.98183   68  750  209.33184  223.97010  6.99%   206  580s
  2553  1413  210.27694   91  261  209.33184  223.97010  6.99%   204  585s
  2618  1456     cutoff   73       209.33184  223.97010  6.99%   202  590s
H 2691  1499                     209.3319777  223.97010  6.99%   201  601s
  2699  1509  217.37750   64  778  209.33198  223.97010  6.99%   201  608s
  2723  1519  213.67813   71  743  209.33198  223.97010  6.99%   201  610s
  2851  1589 infeasible   85       209.33198  223.97010  6.99%   198  615s
  2939  1645  223.26465   56 1343  209.33198  223.97010  6.99%   197  620s
  3004  1670     cutoff   60       209.33198  223.97010  6.99%   198  625s
  3017  1673     cutoff   66       209.33198  223.97010  6.99%   198  630s
  3058  1693  223.96136   60  983  209.33198  223.97010  6.99%   197  635s
  3093  1715  222.51326   64  845  209.33198  223.97010  6.99%   198  642s
  3112  1732 infeasible   71       209.33198  223.97010  6.99%   199  645s
  3147  1741  213.43557   70  675  209.33198  223.97010  6.99%   199  653s
  3192  1754     cutoff   69       209.33198  223.97010  6.99%   198  655s
  3302  1808  223.19536   64  868  209.33198  223.97010  6.99%   196  660s
  3369  1836  223.97010   63 1110  209.33198  223.97010  6.99%   195  666s
  3401  1858  223.97010   62 1028  209.33198  223.97010  6.99%   195  670s
  3424  1876  219.84271   83 1250  209.33198  223.97010  6.99%   194  681s
H 3450  1889                     209.3321047  223.97010  6.99%   193  683s
  3476  1908  215.63246   65  779  209.33210  223.97010  6.99%   193  685s
  3530  1942  220.39582   77  959  209.33210  223.97010  6.99%   195  690s
  3598  1982  219.24278   75 1020  209.33210  223.97010  6.99%   195  695s
H 3607  1985                     209.3321048  223.97010  6.99%   195  701s
  3664  2012  218.10845   67  643  209.33210  223.97010  6.99%   194  705s
  3790  2092     cutoff   81       209.33210  223.97010  6.99%   191  710s
  3925  2169  223.97010   57  845  209.33210  223.97010  6.99%   190  715s
  3944  2186  217.92494   67  374  209.33210  223.97010  6.99%   190  720s
  4082  2262  219.63003   71  846  209.33210  223.97010  6.99%   187  725s
  4087  2265     cutoff   75       209.33210  223.97010  6.99%   187  730s
  4266  2351  223.29963   57  998  209.33210  223.97010  6.99%   184  735s
  4319  2384  218.48346   68  936  209.33210  223.97010  6.99%   183  740s
H 4330  2391                     209.3322784  223.97010  6.99%   183  743s
  4338  2392  223.97010   63  914  209.33228  223.97010  6.99%   183  745s
  4401  2437  223.97010   64  977  209.33228  223.97010  6.99%   182  750s
  4564  2537  219.81605   82  988  209.33228  223.97010  6.99%   180  755s
  4612  2569     cutoff   93       209.33228  223.97010  6.99%   179  760s
  4668  2603  220.48166   78  802  209.33228  223.97010  6.99%   178  765s
H 4712  2633                     209.3322785  223.97010  6.99%   178  770s
  4829  2693  210.64082   87  366  209.33228  223.97010  6.99%   177  775s
  4858  2706  223.32797   63 1107  209.33228  223.97010  6.99%   176  782s
  4890  2736  219.61393   71  833  209.33228  223.97010  6.99%   177  785s
  5009  2800  216.75799   82  815  209.33228  223.97010  6.99%   176  790s
  5060  2821  222.30183   64  809  209.33228  223.97010  6.99%   176  795s
  5128  2861  221.07570   62 1010  209.33228  223.97010  6.99%   176  805s
  5131  2864  219.68034   65  584  209.33228  223.97010  6.99%   176  813s
  5147  2878  216.02451   80 1042  209.33228  223.97010  6.99%   177  815s
  5242  2941  218.41167   86  885  209.33228  223.97010  6.99%   176  820s
  5288  2967  211.97741   76  653  209.33228  223.97010  6.99%   176  825s
  5381  3022  221.07475   62  792  209.33228  223.97010  6.99%   175  830s
  5428  3054     cutoff   68       209.33228  223.97010  6.99%   177  838s
  5456  3062  209.95419   68  739  209.33228  223.97010  6.99%   177  840s
  5498  3094  210.88655   89  741  209.33228  223.97010  6.99%   177  846s
  5590  3143  214.27212   69  786  209.33228  223.97010  6.99%   176  850s
  5704  3220  212.27573   71  459  209.33228  223.97010  6.99%   176  855s
  5712  3226  220.60055   70  306  209.33228  223.97010  6.99%   176  861s
  5735  3236  223.84322   64  933  209.33228  223.97010  6.99%   176  866s
  5849  3286  216.50541   65  627  209.33228  223.97010  6.99%   174  872s
  5910  3330  210.67582   90  696  209.33228  223.97010  6.99%   174  875s
  6046  3399 infeasible   91       209.33228  223.97010  6.99%   172  880s
  6100  3428  216.55526   69  767  209.33228  223.97010  6.99%   172  885s
  6189  3478  223.97010   63 1230  209.33228  223.97010  6.99%   171  890s
  6289  3542  216.76048   78  953  209.33228  223.97010  6.99%   171  907s
  6293  3546  215.59618   82 1316  209.33228  223.97010  6.99%   171  910s
  6396  3610  211.64085   80 1145  209.33228  223.97010  6.99%   170  915s
  6520  3695  219.16151   76  322  209.33228  223.97010  6.99%   168  922s
  6571  3716  223.70517   65  845  209.33228  223.97010  6.99%   168  925s
  6706  3803  214.86066   68  959  209.33228  223.97010  6.99%   167  930s
  6813  3850  216.30882   79  894  209.33228  223.97010  6.99%   167  935s
  6937  3930  222.20307   70 1005  209.33228  223.97010  6.99%   165  940s
  6991  3951  218.63988   72  434  209.33228  223.97010  6.99%   165  945s
  7037  3979  223.32215   68  958  209.33228  223.97010  6.99%   165  951s
  7041  3983  221.44499   70  723  209.33228  223.97010  6.99%   165  956s
  7085  4011  223.96536   65 1043  209.33228  223.97010  6.99%   165  960s
  7091  4017  221.30537   70  570  209.33228  223.97010  6.99%   165  965s
  7143  4042  223.97010   64 1298  209.33228  223.97010  6.99%   166  970s
  7192  4079  213.64946   79  560  209.33228  223.97010  6.99%   166  976s
  7198  4078     cutoff   81       209.33228  223.97010  6.99%   166  980s
  7199  4079  216.64894   80  624  209.33228  223.97010  6.99%   166  992s
  7210  4078  223.96375   64 1184  209.33228  223.97010  6.99%   166  996s
  7228  4096  213.91280   82  719  209.33228  223.97010  6.99%   166 1000s
  7285  4128  211.75093   87  655  209.33228  223.97010  6.99%   166 1007s
  7310  4132 infeasible   69       209.33228  223.97010  6.99%   167 1010s
  7317  4137  216.77828   74  452  209.33228  223.97010  6.99%   167 1015s
  7323  4140  216.77828   78  801  209.33228  223.97010  6.99%   167 1020s
  7351  4154 infeasible   63       209.33228  223.97010  6.99%   167 1025s
  7444  4217  223.65862   67 1049  209.33228  223.97010  6.99%   167 1031s
  7509  4272  216.44980   73  904  209.33228  223.97010  6.99%   167 1035s
  7527  4284     cutoff   82       209.33228  223.97010  6.99%   168 1040s
  7528  4285  217.09726   82  579  209.33228  223.97010  6.99%   168 1048s
H 7529  3674                     212.0143247  223.97010  5.64%   168 1057s
  7533  3679  215.42719   84  549  212.01432  223.97010  5.64%   168 1060s
  7573  3702  223.64686   76  865  212.01432  223.97010  5.64%   168 1065s
  7661  3765  220.92486   86  906  212.01432  223.97010  5.64%   167 1070s
  7725  3774  223.97010   60 1551  212.01432  223.97010  5.64%   167 1075s
  7809  3837  214.23248   72  586  212.01432  223.97010  5.64%   167 1080s
  7827  3849  217.28971   81  843  212.01432  223.97010  5.64%   168 1085s
  7856  3862  217.76796   72 1143  212.01432  223.97010  5.64%   168 1091s
  7913  3895  222.31657   65  851  212.01432  223.97010  5.64%   167 1095s
  7952  3923  219.78487   79  588  212.01432  223.97010  5.64%   167 1100s
  8042  3972  223.65566   65  975  212.01432  223.97010  5.64%   167 1106s
  8095  4009  215.92849   78  860  212.01432  223.97010  5.64%   167 1110s
  8149  4037     cutoff   70       212.01432  223.97010  5.64%   167 1115s
  8161  4045  214.57162   79  660  212.01432  223.97010  5.64%   168 1140s
  8167  4047  213.83690   83  580  212.01432  223.97010  5.64%   168 1145s
  8177  4046  223.31929   66  707  212.01432  223.97010  5.64%   168 1151s
  8207  4066  223.92004   65  915  212.01432  223.97010  5.64%   168 1156s
  8271  4104  221.17019   68 1144  212.01432  223.97010  5.64%   168 1160s
  8333  4134  221.34941   72 1147  212.01432  223.97010  5.64%   168 1166s
  8376  4160  214.79308   75  649  212.01432  223.97010  5.64%   168 1171s
  8441  4196     cutoff   76       212.01432  223.97010  5.64%   169 1175s
  8481  4208  213.21875   79  463  212.01432  223.97010  5.64%   169 1182s
H 8529  4208                     212.0965424  223.97010  5.60%   168 1200s

Cutting planes:
  Lift-and-project: 3
  Implied bound: 15
  MIR: 3
  Flow cover: 20

Explored 8530 nodes (1468015 simplex iterations) in 1200.12 seconds (3638.55 work units)
Thread count was 1 (of 64 available processors)

Solution count 10: 212.097 212.014 209.332 ... 209.282

Time limit reached
Best objective 2.120965423851e+02, best bound 2.239700971349e+02, gap 5.5982%
Tree policy:
if computer_5_running <= 0.0:
    if computer_4_running <= 0.0:
        if computer_0_running <= 0.0:
            return '(reboot_computer_4)'
        else:
            return '(reboot_computer_0)'
    else:
        if computer_6_running <= 0.0:
            return '(reboot_computer_0)'
        else:
            return '(reboot_computer_4)'
else:
    if computer_6_running <= 0.0:
        if computer_0_running <= 0.0:
            return '(reboot_computer_6)'
        else:
            return '(reboot_computer_0)'
    else:
        if computer_1_running <= 0.0:
            return '(reboot_computer_1)'
        else:
            return '(reboot_computer_0)'
Optimal decision tree (depth=3) value: 212.09654238512434
Writing result files...
