Solving...
Starting with fixed depth 7
Set parameter Username
Academic license - for non-commercial use only - expires 2025-09-20
Set parameter Threads to value 1
Set parameter TimeLimit to value 1200
Gurobi Optimizer version 10.0.0 build v10.0.0rc2 (linux64)

CPU model: AMD EPYC 9124 16-Core Processor, instruction set [SSE2|AVX|AVX2|AVX512]
Thread count: 32 physical cores, 64 logical processors, using up to 1 threads

Optimize a model with 363519 rows, 40944 columns and 3259482 nonzeros
Model fingerprint: 0x76ed3afa
Variable types: 2560 continuous, 38384 integer (38384 binary)
Coefficient statistics:
  Matrix range     [4e-12, 1e+02]
  Objective range  [4e-01, 8e+00]
  Bounds range     [1e+00, 1e+02]
  RHS range        [1e+00, 7e+00]
Presolve removed 2415 rows and 2133 columns
Presolve time: 4.17s
Presolved: 361104 rows, 38811 columns, 3240938 nonzeros
Variable types: 2586 continuous, 36225 integer (36225 binary)
Root relaxation presolved: 38811 rows, 399915 columns, 3279749 nonzeros


Root simplex log...

Iteration    Objective       Primal Inf.    Dual Inf.      Time
       0    9.9506700e+04   0.000000e+00   2.394242e+07      9s
Warning: Markowitz tolerance tightened to 0.03125
   15405    6.8374547e+04   0.000000e+00   2.124531e+08     10s
   19193    5.1643119e+04   0.000000e+00   1.303036e+08     15s
   22502    3.8191526e+04   0.000000e+00   4.322569e+07     20s
   25837    2.6075568e+04   0.000000e+00   1.234548e+08     25s
Warning: Markowitz tolerance tightened to 0.25
   28734    2.0793154e+04   0.000000e+00   5.648569e+06     30s
   32016    1.4267584e+04   0.000000e+00   6.537118e+06     35s
   35403    8.9234537e+03   0.000000e+00   7.427875e+06     40s
   37163    4.7933487e+03   0.000000e+00   1.635517e+07     45s
   37773    3.8202364e+03   0.000000e+00   5.123310e+09     51s
   38203    3.7932629e+03   0.000000e+00   2.158027e+10     56s
   38573    3.7591332e+03   0.000000e+00   1.070705e+10     60s
   39133    1.4657515e+03   0.000000e+00   5.982363e+09     66s
   39623    1.4022384e+03   0.000000e+00   4.390947e+09     71s
   40093    1.3983456e+03   0.000000e+00   5.325183e+09     76s
   40523    1.3094801e+03   0.000000e+00   3.173067e+09     81s
   40903    1.3087430e+03   0.000000e+00   2.450643e+09     86s
   41353    1.1886239e+03   0.000000e+00   1.282401e+10     90s
   41843    1.1867684e+03   0.000000e+00   3.678939e+09     96s
   42303    1.1853859e+03   0.000000e+00   9.736638e+09    101s
   42803    1.1835893e+03   0.000000e+00   1.414884e+09    106s
   43273    1.1818048e+03   0.000000e+00   1.846839e+09    111s
   43713    1.1801249e+03   0.000000e+00   7.980821e+08    116s
   44123    1.1787436e+03   0.000000e+00   9.320920e+08    120s
   44633    1.1770848e+03   0.000000e+00   3.117422e+09    127s
   45043    1.1756051e+03   0.000000e+00   1.521031e+09    131s
   45383    1.1746026e+03   0.000000e+00   5.435507e+08    135s
   45813    1.1733132e+03   0.000000e+00   6.941157e+08    141s
   46153    1.1723365e+03   0.000000e+00   9.257540e+08    146s
   46593    1.1706346e+03   0.000000e+00   9.218011e+08    151s
   46973    1.1694619e+03   0.000000e+00   2.774550e+09    156s
   47313    1.1682472e+03   0.000000e+00   1.267288e+09    160s
   47793    1.1662574e+03   0.000000e+00   2.797939e+09    166s
   48153    1.1643161e+03   0.000000e+00   1.555310e+09    171s
   48623    8.7480497e+02   0.000000e+00   1.124185e+08    176s
   49053    5.9004554e+02   0.000000e+00   7.077396e+08    181s
   49483    5.8913385e+02   0.000000e+00   9.898783e+08    186s
   49913    4.8033921e+02   0.000000e+00   1.530787e+09    191s
   50263    4.5912628e+02   0.000000e+00   4.019568e+08    195s
   50683    4.1424296e+02   0.000000e+00   9.578090e+08    200s
   51113    3.3390610e+02   0.000000e+00   2.209409e+07    206s
   51543    3.2872384e+02   0.000000e+00   7.754836e+07    210s
   51953    3.2868327e+02   0.000000e+00   9.499379e+06    215s
   52523    3.2863625e+02   0.000000e+00   1.162042e+08    221s
   52863    3.1431270e+02   0.000000e+00   1.863761e+08    225s
   53313    2.9882061e+02   0.000000e+00   6.642790e+07    230s
   53753    2.9797769e+02   0.000000e+00   2.133724e+08    235s
   54213    2.9223378e+02   0.000000e+00   1.002071e+08    241s
   54663    2.8340750e+02   0.000000e+00   6.234512e+07    246s
   55103    2.7510447e+02   0.000000e+00   1.411080e+08    251s
   55453    2.7179363e+02   0.000000e+00   4.519501e+09    255s
   55903    2.5855233e+02   0.000000e+00   4.278399e+06    261s
   56393    2.5853083e+02   0.000000e+00   4.907113e+07    266s
   56773    2.5836643e+02   0.000000e+00   8.606952e+06    271s
   57173    2.5712759e+02   0.000000e+00   2.401253e+07    275s
   57613    2.5711233e+02   0.000000e+00   2.312506e+07    280s
   58203    2.3435348e+02   0.000000e+00   2.949285e+07    287s
   58533    2.3434482e+02   0.000000e+00   7.595234e+06    291s
   58923    2.3433389e+02   0.000000e+00   2.752171e+07    295s
   59413    2.3431830e+02   0.000000e+00   8.233420e+06    301s
   59823    2.3430703e+02   0.000000e+00   6.206135e+06    305s
   60263    2.3150292e+02   0.000000e+00   2.883538e+07    310s
   60813    2.3148037e+02   0.000000e+00   3.204106e+07    316s
   61173    2.3146901e+02   0.000000e+00   1.429150e+07    320s
   61643    2.2970229e+02   0.000000e+00   2.882347e+06    325s
   62103    2.2969265e+02   0.000000e+00   2.447300e+06    330s
   62633    2.2967957e+02   0.000000e+00   2.719923e+06    336s
   63153    2.2894125e+02   0.000000e+00   6.193046e+06    340s
   63883    2.2682147e+02   0.000000e+00   3.056369e+04    346s
   64544    2.2397010e+02   0.000000e+00   0.000000e+00    348s
   64604    2.2397010e+02   0.000000e+00   0.000000e+00    348s
Extra simplex iterations from dual to original model: 60

Root relaxation: objective 2.239701e+02, 64604 iterations, 340.60 seconds (780.99 work units)
Total elapsed time = 381.22s
Total elapsed time = 388.09s

    Nodes    |    Current Node    |     Objective Bounds      |     Work
 Expl Unexpl |  Obj  Depth IntInf | Incumbent    BestBd   Gap | It/Node Time

     0     0  223.97010    0 1638          -  223.97010      -     -  388s
     0     0  223.97010    0 3557          -  223.97010      -     -  408s
     0     0  223.97010    0 1257          -  223.97010      -     -  447s
     0     0  223.97010    0 2524          -  223.97010      -     -  449s
     0     0  223.97010    0 1399          -  223.97010      -     -  495s
H    0     0                      82.5272181  223.97010   171%     -  496s
     0     0  223.97010    0 4410   82.52722  223.97010   171%     -  498s
     0     0  223.97010    0 1409   82.52722  223.97010   171%     -  532s
H    0     0                      84.6409619  223.97010   165%     -  535s
     0     0  223.97010    0 1243   84.64096  223.97010   165%     -  536s
     0     0  223.97010    0 1391   84.64096  223.97010   165%     -  561s
H    0     0                      92.8562072  223.97010   141%     -  562s
H    0     0                      92.9574897  223.97010   141%     -  563s
     0     0  223.97010    0 2152   92.95749  223.97010   141%     -  564s
     0     0  223.97010    0  991   92.95749  223.97010   141%     -  601s
H    0     0                     160.9848608  223.97010  39.1%     -  604s
H    0     0                     167.4682933  223.97010  33.7%     -  606s
     0     0  223.97010    0 1597  167.46829  223.97010  33.7%     -  608s
     0     0  223.97010    0  910  167.46829  223.97010  33.7%     -  656s
     0     0  223.97010    0  957  167.46829  223.97010  33.7%     -  661s
     0     0  223.97010    0 1081  167.46829  223.97010  33.7%     -  689s
     0     0  223.97010    0  965  167.46829  223.97010  33.7%     -  695s
H    0     0                     198.8687264  223.97010  12.6%     -  707s
H    0     0                     205.4894042  223.97010  8.99%     -  709s
H    0     0                     206.1296760  223.97010  8.65%     -  711s
H    0     0                     206.7288376  223.97010  8.34%     -  721s
     0     2  223.97010    0  965  206.72884  223.97010  8.34%     -  721s
     3     5  223.97010    2 5593  206.72884  223.97010  8.34%   764  726s
     7     9  223.97010    4 5623  206.72884  223.97010  8.34%   395  730s
     9    11  223.97010    5 6107  206.72884  223.97010  8.34%   327  737s
    14    16  223.97010    8 5623  206.72884  223.97010  8.34%   215  741s
    18    20  223.97010   12 4772  206.72884  223.97010  8.34%   170  746s
    22    24  223.97010   14 4779  206.72884  223.97010  8.34%   143  750s
H   26    26                     207.9871937  223.97010  7.68%   123  755s
H   27    27                     210.2452533  223.97010  6.53%   119  761s
    43    45  223.97010   28 3819  210.24525  223.97010  6.53%  86.8  765s
H   54    54                     210.2462863  223.97010  6.53%  76.5  769s
    56    58  223.97010   38 3433  210.24629  223.97010  6.53%  76.0  770s
H   78    78                     211.5883852  223.97010  5.85%  62.8  777s
H   81    81                     211.6759827  223.97010  5.81%  61.2  779s
    85    87  223.97010   59 2736  211.67598  223.97010  5.81%  61.3  780s
   104   106  223.97010   73 2542  211.67598  223.97010  5.81%  54.5  785s
H  108   108                     211.7952665  223.97010  5.75%  52.9  786s
   129   131  223.97010   89 2547  211.79527  223.97010  5.75%  47.0  790s
   151   153  223.97010  106 1971  211.79527  223.97010  5.75%  42.1  795s
   162   164  223.97010  115 1991  211.79527  223.97010  5.75%  46.7  800s
   182   182  212.97672  129 1967  211.79527  223.97010  5.75%  49.9  806s
   197   197  212.97672  141 1334  211.79527  223.97010  5.75%  47.5  810s
H  208   197                     212.5221178  223.97010  5.39%  47.7  815s
   234   225  223.97010   24 3526  212.52212  223.97010  5.39%  45.9  821s
   252   243  223.97010   34 3072  212.52212  223.97010  5.39%  43.7  825s
   260   251  223.97010   41 2367  212.52212  223.97010  5.39%  43.2  831s
   273   264  223.97010   49 2518  212.52212  223.97010  5.39%  44.1  835s
   286   277  223.97010   58 2290  212.52212  223.97010  5.39%  44.4  841s
   301   292  223.97010   67 1675  212.52212  223.97010  5.39%  44.2  845s
   315   306  223.97010   77 4428  212.52212  223.97010  5.39%  45.8  850s
   333   324  223.97010   87 4002  212.52212  223.97010  5.39%  47.5  855s
H  338   327                     212.5228537  223.97010  5.39%  49.6  860s
   346   336  215.51636   94 2814  212.52285  223.97010  5.39%  54.7  865s
H  365   351                     212.5232217  223.97010  5.39%  52.8  874s
   368   356  213.47226  110 1971  212.52322  223.97010  5.39%  52.8  875s
   382   370  213.47226  119 2770  212.52322  223.97010  5.39%  53.1  880s
H  391   321                     214.6338566  223.97010  4.35%  52.4  888s
   400   320  223.93416    6 5562  214.63386  223.97010  4.35%  52.6  890s
   414   334  223.93416   17 5117  214.63386  223.97010  4.35%  52.5  895s
H  417   334                     214.9466198  223.97010  4.20%  52.2  900s
   442   361  223.93416   33 4542  214.94662  223.97010  4.20%  52.0  905s
H  443   360                     214.9467432  223.97010  4.20%  51.9  910s
   469   388  223.93416   51 3239  214.94674  223.97010  4.20%  51.4  919s
   480   399  223.93416   59 2974  214.94674  223.97010  4.20%  50.4  920s
   499   418  223.93416   73 2445  214.94674  223.97010  4.20%  49.9  925s
   511   429  223.97010   15  965  214.94674  223.97010  4.20%  49.6  945s

Explored 512 nodes (214232 simplex iterations) in 1200.04 seconds (4977.35 work units)
Thread count was 1 (of 64 available processors)

Solution count 10: 214.947 214.947 214.634 ... 210.246

Time limit reached
Best objective 2.149467432303e+02, best bound 2.239700971613e+02, gap 4.1979%
Tree policy:
if computer_6_running <= 0.0:
    if computer_0_running <= 0.0:
        if computer_5_running <= 0.0:
            return '(reboot_computer_0)'
        else:
            if computer_5_running <= 0.0:
                return '(reboot_computer_0)'
            else:
                if computer_4_running <= 0.0:
                    return '(reboot_computer_0)'
                else:
                    return '(reboot_computer_6)'
    else:
        if computer_4_running <= 0.0:
            if computer_1_running <= 0.0:
                if computer_2_running <= 0.0:
                    return '(reboot_computer_0)'
                else:
                    return '(reboot_computer_1)'
            else:
                return '(reboot_computer_0)'
        else:
            if computer_2_running <= 0.0:
                return '(reboot_computer_0)'
            else:
                if computer_5_running <= 0.0:
                    if computer_7_running <= 1.0:
                        if computer_0_running <= 0.0:
                            return '(reboot_computer_5)'
                        else:
                            return '(reboot_computer_0)'
                    else:
                        return '(reboot_computer_0)'
                else:
                    if computer_5_running <= 0.0:
                        return '(reboot_computer_0)'
                    else:
                        return '(reboot_computer_6)'
else:
    if computer_3_running <= 0.0:
        if computer_5_running <= 0.0:
            if computer_1_running <= 0.0:
                if computer_6_running <= 0.0:
                    return '(reboot_computer_0)'
                else:
                    return '(reboot_computer_4)'
            else:
                if computer_0_running <= 0.0:
                    if computer_4_running <= 0.0:
                        return '(reboot_computer_0)'
                    else:
                        return '(reboot_computer_4)'
                else:
                    if computer_2_running <= 0.0:
                        return '(reboot_computer_0)'
                    else:
                        if computer_2_running <= 0.0:
                            return '(reboot_computer_0)'
                        else:
                            return '(reboot_computer_4)'
        else:
            if computer_5_running <= 0.0:
                return '(reboot_computer_0)'
            else:
                if computer_7_running <= 0.0:
                    if computer_1_running <= 0.0:
                        return '(reboot_computer_5)'
                    else:
                        return '(reboot_computer_7)'
                else:
                    if computer_1_running <= 0.0:
                        if computer_0_running <= 0.0:
                            return '(reboot_computer_2)'
                        else:
                            return '(reboot_computer_1)'
                    else:
                        return '(reboot_computer_0)'
    else:
        if computer_7_running <= 1.0:
            if computer_4_running <= 0.0:
                if computer_7_running <= 0.0:
                    if computer_5_running <= 0.0:
                        return '(reboot_computer_1)'
                    else:
                        return '(reboot_computer_7)'
                else:
                    if computer_7_running <= 0.0:
                        return '(reboot_computer_0)'
                    else:
                        if computer_1_running <= 0.0:
                            return '(reboot_computer_0)'
                        else:
                            return '__random__'
            else:
                if computer_6_running <= 0.0:
                    if computer_1_running <= 0.0:
                        return '__random__'
                    else:
                        return '(reboot_computer_4)'
                else:
                    if computer_5_running <= 0.0:
                        return '(reboot_computer_4)'
                    else:
                        if computer_2_running <= 0.0:
                            return '(reboot_computer_2)'
                        else:
                            return '(reboot_computer_0)'
        else:
            return '(reboot_computer_0)'
Optimal decision tree (depth=7) value: 214.94674323033507
Writing result files...
