Solving...
Starting with fixed depth 4
Set parameter Username
Academic license - for non-commercial use only - expires 2025-09-20
Set parameter Threads to value 1
Set parameter TimeLimit to value 1200
Gurobi Optimizer version 10.0.0 build v10.0.0rc2 (linux64)

CPU model: AMD EPYC 9124 16-Core Processor, instruction set [SSE2|AVX|AVX2|AVX512]
Thread count: 32 physical cores, 64 logical processors, using up to 1 threads

Optimize a model with 47903 rows, 9360 columns and 409850 nonzeros
Model fingerprint: 0x492d4615
Variable types: 2560 continuous, 6800 integer (6800 binary)
Coefficient statistics:
  Matrix range     [4e-12, 1e+02]
  Objective range  [4e-01, 8e+00]
  Bounds range     [1e+00, 1e+02]
  RHS range        [1e+00, 4e+00]
Presolve removed 262 rows and 229 columns
Presolve time: 0.48s
Presolved: 47641 rows, 9131 columns, 405370 nonzeros
Variable types: 2586 continuous, 6545 integer (6545 binary)
Root relaxation presolved: 9131 rows, 56772 columns, 414501 nonzeros

Warning: Markowitz tolerance tightened to 0.0625

Root relaxation: objective 2.239701e+02, 5119 iterations, 0.48 seconds (1.42 work units)

    Nodes    |    Current Node    |     Objective Bounds      |     Work
 Expl Unexpl |  Obj  Depth IntInf | Incumbent    BestBd   Gap | It/Node Time

     0     0  223.97010    0 1129          -  223.97010      -     -    4s
     0     0  223.97010    0 1252          -  223.97010      -     -    7s
     0     0  223.97010    0 1283          -  223.97010      -     -    8s
     0     0  223.97010    0 1237          -  223.97010      -     -   10s
     0     0  223.97010    0 1237          -  223.97010      -     -   10s
     0     0  223.97010    0  807          -  223.97010      -     -   13s
     0     0  223.97010    0  701          -  223.97010      -     -   14s
     0     0  223.97010    0  703          -  223.97010      -     -   15s
     0     0  223.97010    0 1190          -  223.97010      -     -   17s
     0     0  223.97010    0  934          -  223.97010      -     -   17s
     0     0  223.97010    0  989          -  223.97010      -     -   19s
     0     0  223.97010    0  989          -  223.97010      -     -   20s
     0     2  223.97010    0  989          -  223.97010      -     -   29s
     3     5  223.97010    2 1310          -  223.97010      -   978   30s
*   62    52              36     203.4167466  223.97010  10.1%   232   33s
H   65    47                     203.4167466  223.97010  10.1%   221   34s
H   65    47                     203.4167511  223.97010  10.1%   221   35s
H   91    73                     203.4167512  223.97010  10.1%   167   37s
   117   101  210.31849   50 1618  203.41675  223.97010  10.1%   134   40s
H  143   120                     203.4167512  223.97010  10.1%   120   42s
H  174   136                     203.4169807  223.97010  10.1%   106   45s
   229   193  209.86055   59 1131  203.41698  223.97010  10.1%  86.6   50s
H  286   236                     203.4173129  223.97010  10.1%  75.5   53s
   331   282  206.89817   60 1067  203.41731  223.97010  10.1%  70.3   55s
H  421   336                     205.1915017  223.97010  9.15%  68.9   60s
H  475   275                     209.7146565  223.97010  6.80%  65.3   63s
   511   293  222.12768   12  989  209.71466  223.97010  6.80%  64.8   67s
   513   294  209.89774   66 1336  209.71466  223.97010  6.80%  64.6   74s
   514   295  210.33408   19 1076  209.71466  223.97010  6.80%  64.5   80s
   516   296  209.78086   28  635  209.71466  223.97010  6.80%  64.2   89s
   517   297  219.25545   18  594  209.71466  223.97010  6.80%  64.1   90s
   518   298  210.31849   32  850  209.71466  223.97010  6.80%  64.0   96s
   520   299  221.98145   47 1003  209.71466  223.97010  6.80%  63.7  101s
   522   300  210.33056   25 1252  209.71466  223.97010  6.80%  63.5  108s
   524   302  221.51588   80 1186  209.71466  223.97010  6.80%  63.2  112s
H  525   286                     209.7147798  223.97010  6.80%  63.1  120s
   528   288  223.93968    6  732  209.71478  223.97010  6.80%  62.7  125s
   529   289  210.31849   29  650  209.71478  223.97010  6.80%  62.6  130s
   530   290  210.33056   41  650  209.71478  223.97010  6.80%  62.5  135s
   549   304  223.97010   22 1115  209.71478  223.97010  6.80%   193  140s
   582   326  223.96967   38  905  209.71478  223.97010  6.80%   188  146s
H  608   321                     209.7147799  223.97010  6.80%   185  149s
   611   324  221.76600   53  640  209.71478  223.97010  6.80%   185  150s
   632   328     cutoff   63       209.71478  223.97010  6.80%   180  155s
   646   329  223.97010   18 1342  209.71478  223.97010  6.80%   178  160s
   664   341  223.94873   27 1366  209.71478  223.97010  6.80%   178  165s
   671   342  222.16065   30 1305  209.71478  223.97010  6.80%   183  174s
   672   342  222.20716   30 1385  209.71478  223.97010  6.80%   183  178s
   674   342 infeasible   31       209.71478  223.97010  6.80%   182  181s
   688   350  221.65801   38  954  209.71478  223.97010  6.80%   182  186s
   720   368  220.63577   56  718  209.71478  223.97010  6.80%   176  190s
H  747   356                     209.7147818  223.97010  6.80%   172  194s
   754   363  223.97010   20 1209  209.71478  223.97010  6.80%   171  195s
   779   380  223.97010   32  698  209.71478  223.97010  6.80%   173  200s
   813   402  223.97010   49 1536  209.71478  223.97010  6.80%   167  205s
   835   417  223.97010   60 1450  209.71478  223.97010  6.80%   166  210s
   850   409  223.54040   65 1356  209.71478  223.97010  6.80%   165  215s
   867   414  222.78570   73  577  209.71478  223.97010  6.80%   164  220s
H  884   401                     209.7147818  223.97010  6.80%   164  224s
   886   404  223.97010   22 1555  209.71478  223.97010  6.80%   167  225s
   910   420  223.97005   32 1304  209.71478  223.97010  6.80%   172  230s
   925   430  223.94614   39 1440  209.71478  223.97010  6.80%   175  235s
   943   432  221.66992   49 1033  209.71478  223.97010  6.80%   175  242s
   976   440  223.88385   36 1189  209.71478  223.97010  6.80%   173  245s
  1046   472  210.83013   86  699  209.71478  223.97010  6.80%   166  250s
  1114   509  210.64731  146  292  209.71478  223.97010  6.80%   156  255s
  1158   513  221.73297   71 1551  209.71478  223.97010  6.80%   153  260s
  1178   501  223.83476   54 1500  209.71478  223.97010  6.80%   153  265s
  1193   511  218.47466   69  740  209.71478  223.97010  6.80%   152  270s
  1261   546  221.26744   72  826  209.71478  223.97010  6.80%   148  275s
H 1294   571                     209.7147819  223.97010  6.80%   145  278s
  1331   608 infeasible  125       209.71478  223.97010  6.80%   142  280s
  1348   623  221.23504  129  434  209.71478  223.97010  6.80%   141  285s
  1378   635  223.97010   48 1597  209.71478  223.97010  6.80%   139  290s
  1412   659  223.94882   60 1346  209.71478  223.97010  6.80%   138  295s
  1439   670  222.36364   60 1417  209.71478  223.97010  6.80%   137  300s
  1480   696  212.43171   68  632  209.71478  223.97010  6.80%   135  305s
  1516   732  211.82219  104  572  209.71478  223.97010  6.80%   132  311s
  1545   751  223.97010   53 1145  209.71478  223.97010  6.80%   131  315s
  1569   757  223.97010   52 1478  209.71478  223.97010  6.80%   133  320s
  1577   759  223.89634   56 1410  209.71478  223.97010  6.80%   133  325s
  1680   854  218.07712  154  814  209.71478  223.97010  6.80%   126  334s
H 1682   852                     209.7147823  223.97010  6.80%   126  336s
  1703   862  223.30308   56 1302  209.71478  223.97010  6.80%   125  341s
  1761   889  218.67748   85  671  209.71478  223.97010  6.80%   122  346s
  1816   944  218.65370  112  426  209.71478  223.97010  6.80%   118  353s
  1842   966  218.67236  125  792  209.71478  223.97010  6.80%   117  360s
  1853   969  220.13001   57 1052  209.71478  223.97010  6.80%   119  365s
  1896  1012  218.68102  100  432  209.71478  223.97010  6.80%   117  384s
  1917  1029  218.58839  119  664  209.71478  223.97010  6.80%   116  385s
  2030  1119  218.97114  132  802  209.71478  223.97010  6.80%   111  390s
  2151  1204  223.97010   52 1634  209.71478  223.97010  6.80%   108  396s
  2166  1215  213.88427   67  942  209.71478  223.97010  6.80%   108  400s
  2330  1336 infeasible  140       209.71478  223.97010  6.80%   102  405s
  2425  1409  218.52485   88 1004  209.71478  223.97010  6.80%   100  410s
  2543  1499  223.59619   65 1495  209.71478  223.97010  6.80%  96.5  415s
  2602  1520  219.10743   57 1193  209.71478  223.97010  6.80%  95.7  420s
  2682  1586  223.81120   34 1897  209.71478  223.97010  6.80%  93.5  434s
H 2683  1585                     209.7149551  223.97010  6.80%  93.4  436s
H 2683  1585                     209.9487523  223.97010  6.68%  93.4  439s
  2686  1590  223.81120   38 1806  209.94875  223.97010  6.68%  93.4  440s
H 2711  1605                     209.9491290  223.97010  6.68%  93.7  447s
  2734  1612     cutoff   67       209.94913  223.97010  6.68%  94.5  450s
  2777  1633  211.28866   47  735  209.94913  223.97010  6.68%  95.6  455s
  2997  1800  223.97010   40 1291  209.94913  223.97010  6.68%  90.6  461s
  3002  1805  223.97010   45 1606  209.94913  223.97010  6.68%  90.6  467s
H 3003  1796                     210.0253516  223.97010  6.64%  90.6  470s
  3085  1850     cutoff   47       210.02535  223.97010  6.64%  90.1  475s
  3189  1909  223.43797   48 1193  210.02535  223.97010  6.64%  90.2  480s
  3371  2046  222.36364   45 1680  210.02535  223.97010  6.64%  87.1  485s
  3418  2073  223.96972   49 1999  210.02535  223.97010  6.64%  87.0  491s
  3493  2136  217.72774   78  486  210.02535  223.97010  6.64%  85.9  495s
  3600  2200  223.96972   45 1822  210.02535  223.97010  6.64%  85.5  500s
  3666  2240  222.35598   50 1701  210.02535  223.97010  6.64%  84.9  506s
  3667  2241  222.22415   51 1695  210.02535  223.97010  6.64%  85.0  511s
  3749  2295  218.85698   61  927  210.02535  223.97010  6.64%  84.1  515s
  3863  2363  214.53896   81 1083  210.02535  223.97010  6.64%  83.6  520s
  3975  2434  223.97010   44 1928  210.02535  223.97010  6.64%  82.8  525s
H 4003  2445                     210.0467101  223.97010  6.63%  82.6  527s
  4099  2522  223.97010   45 1843  210.04671  223.97010  6.63%  81.1  531s
  4201  2590 infeasible   85       210.04671  223.97010  6.63%  80.6  535s
H 4221  2592                     210.0974593  223.97010  6.60%  80.7  539s
  4223  2594  216.42210   55 1509  210.09746  223.97010  6.60%  80.6  542s
  4240  2609  213.61055   69  717  210.09746  223.97010  6.60%  80.4  545s
  4465  2779     cutoff   58       210.09746  223.97010  6.60%  78.3  550s
  4602  2896  215.69980  107  821  210.09746  223.97010  6.60%  76.8  555s
  4749  3009  223.97010   48 1497  210.09746  223.97010  6.60%  75.8  561s
H 4785  3023                     210.0974594  223.97010  6.60%  75.9  565s
H 4832  3046                     210.0974608  223.97010  6.60%  75.7  567s
H 4846  3012                     210.2993010  223.97010  6.50%  76.0  574s
  4849  3011     cutoff   54       210.29930  223.97010  6.50%  76.1  575s
  4886  3035  219.30596   60 1015  210.29930  223.97010  6.50%  76.4  580s
  4992  3110  223.97010   48 1301  210.29930  223.97010  6.50%  75.3  587s
  5042  3152  221.66598   78  987  210.29930  223.97010  6.50%  75.2  590s
  5089  3162  223.56758   51 1101  210.29930  223.97010  6.50%  75.5  595s
H 5166  3195                     210.2995323  223.97010  6.50%  75.8  603s
  5186  3203  223.97010   42 1044  210.29953  223.97010  6.50%  76.7  606s
  5212  3215  223.97010   42 1064  210.29953  223.97010  6.50%  77.5  610s
  5236  3225  223.97010   47 1853  210.29953  223.97010  6.50%  77.6  615s
  5253  3236  223.62087   60 1326  210.29953  223.97010  6.50%  77.8  620s
  5276  3245  223.52895   54 1252  210.29953  223.97010  6.50%  77.9  625s
  5394  3321 infeasible   98       210.29953  223.97010  6.50%  77.4  630s
  5547  3456  221.52166   38 1135  210.29953  223.97010  6.50%  75.9  635s
  5730  3572  213.78020   59  988  210.29953  223.97010  6.50%  75.1  640s
  5756  3586  222.96260   47 1110  210.29953  223.97010  6.50%  75.3  645s
H 5911  3377                     212.1666659  223.97010  5.56%  73.9  655s
H 5912  3378                     212.1669973  223.97010  5.56%  75.0  669s
  5914  3382  223.96822   25 1672  212.16700  223.97010  5.56%  75.1  670s
  5920  3388  221.99474   31 1412  212.16700  223.97010  5.56%  75.1  675s
  6001  3453  223.97010   22 1039  212.16700  223.97010  5.56%  75.3  681s
  6068  3506  222.80067   59 1437  212.16700  223.97010  5.56%  75.2  685s
  6276  3661 infeasible   50       212.16700  223.97010  5.56%  73.9  690s
  6364  3704  223.97010   39 1640  212.16700  223.97010  5.56%  73.9  695s
  6501  3809  214.06349   46 1298  212.16700  223.97010  5.56%  73.4  700s
  6593  3870 infeasible   79       212.16700  223.97010  5.56%  73.1  705s
  6695  3939  223.96816   46 2024  212.16700  223.97010  5.56%  72.9  710s
  6793  3979  223.97010   42  957  212.16700  223.97010  5.56%  73.0  715s
  6891  4045  212.57417  105  226  212.16700  223.97010  5.56%  73.0  720s
H 6912  3919                     212.7343351  223.97010  5.28%  72.8  734s
  6917  3916  223.97010   39 1242  212.73434  223.97010  5.28%  72.7  738s
  6920  3919  223.97010   42 1267  212.73434  223.97010  5.28%  73.4  740s
H 6936  3933                     212.7343425  223.97010  5.28%  73.3  745s
  7029  3993  223.97010   42 1279  212.73434  223.97010  5.28%  73.1  750s
H 7031  3981                     212.7346299  223.97010  5.28%  73.2  754s
  7032  3984  223.96822   44 1227  212.73463  223.97010  5.28%  73.2  755s
  7162  4087  223.97010   42  952  212.73463  223.97010  5.28%  72.8  765s
  7182  4095  222.29257   50 1256  212.73463  223.97010  5.28%  73.0  771s
  7235  4106  223.97010   42 1313  212.73463  223.97010  5.28%  73.5  775s
  7335  4166     cutoff   49       212.73463  223.97010  5.28%  73.1  780s
  7390  4189  223.65990   45 1044  212.73463  223.97010  5.28%  73.7  785s
  7433  4216  222.89384   47 1723  212.73463  223.97010  5.28%  73.9  790s
H 7482  4263                     212.7346299  223.97010  5.28%  73.5  792s
  7627  4348 infeasible   66       212.73463  223.97010  5.28%  72.6  795s
  7793  4465  223.97010   42 1177  212.73463  223.97010  5.28%  71.9  800s
  7859  4500  223.97010   42 1083  212.73463  223.97010  5.28%  72.1  810s
  7973  4591  215.32908   48  854  212.73463  223.97010  5.28%  71.6  815s
H 8111  4669                     212.7397060  223.97010  5.28%  71.1  825s
  8166  4697  213.91717   51  701  212.73971  223.97010  5.28%  71.1  830s
  8218  4721  223.97010   42 1315  212.73971  223.97010  5.28%  72.2  836s
H 8219  4720                     212.7397119  223.97010  5.28%  72.2  839s
  8220  4723  223.97010   44 1299  212.73971  223.97010  5.28%  72.2  840s
  8303  4792 infeasible   98       212.73971  223.97010  5.28%  72.0  845s
  8445  4903  217.69110   80 1151  212.73971  223.97010  5.28%  71.8  850s
H 8459  4905                     212.7397161  223.97010  5.28%  71.7  857s
  8464  4910 infeasible   47       212.73972  223.97010  5.28%  72.1  860s
  8522  4952  215.25874   58  370  212.73972  223.97010  5.28%  72.6  865s
  8576  4982  223.97010   42  984  212.73972  223.97010  5.28%  73.1  871s
  8634  5012  223.92293   42 1890  212.73972  223.97010  5.28%  73.8  876s
  8653  5027  213.57556   59 1084  212.73972  223.97010  5.28%  73.9  886s
  8735  5061  223.76482   48 1899  212.73972  223.97010  5.28%  73.4  890s
  8745  5070  214.98674   58  582  212.73972  223.97010  5.28%  73.5  896s
  8799  5094  223.97010   43  877  212.73972  223.97010  5.28%  73.6  900s
  8825  5106     cutoff   55       212.73972  223.97010  5.28%  74.3  905s
  8927  5171  223.97010   42 1005  212.73972  223.97010  5.28%  74.8  911s
  8988  5208  213.13089   67  863  212.73972  223.97010  5.28%  74.8  915s
  9140  5318  223.97010   42 1819  212.73972  223.97010  5.28%  74.8  930s
  9215  5368  222.99290   47 1722  212.73972  223.97010  5.28%  74.6  935s
  9325  5423  212.81742   83  885  212.73972  223.97010  5.28%  74.7  940s
  9398  5462  215.26689   60  768  212.73972  223.97010  5.28%  75.1  945s
  9459  5508  220.71559   51 1593  212.73972  223.97010  5.28%  75.0  952s
  9477  5520  221.33340   52 1390  212.73972  223.97010  5.28%  75.0  956s
  9579  5578  223.97010   42  964  212.73972  223.97010  5.28%  75.4  960s
  9779  5710  223.97010   26  984  212.73972  223.97010  5.28%  74.6  970s
  9839  5768  215.40128   85 1593  212.73972  223.97010  5.28%  74.4  975s
  9886  5792  215.11009   34 1357  212.73972  223.97010  5.28%  75.0  989s
  9895  5793  223.97010   25 1012  212.73972  223.97010  5.28%  74.9  990s
  9995  5858  223.97010   25 1849  212.73972  223.97010  5.28%  74.9  995s
 10202  6043  213.78831  216  338  212.73972  223.97010  5.28%  73.6 1162s
 10282  6071  223.97010   34  691  212.73972  223.97010  5.28%  73.6 1165s
 10480  6219  220.16473  118  525  212.73972  223.97010  5.28%  73.1 1170s
 10698  6335  223.97010   22 1248  212.73972  223.97010  5.28%  72.8 1175s
 10778  6391  220.59309   42 1310  212.73972  223.97010  5.28%  73.0 1180s
 10808  6408     cutoff   64       212.73972  223.97010  5.28%  73.2 1185s
 10973  6484  219.17059   68 1541  212.73972  223.97010  5.28%  72.8 1190s
 11063  6522  223.72061   53 1599  212.73972  223.97010  5.28%  73.6 1200s

Cutting planes:
  Lift-and-project: 9
  Implied bound: 10
  MIR: 2
  Flow cover: 2
  Zero half: 1

Explored 11064 nodes (841486 simplex iterations) in 1200.01 seconds (3569.46 work units)
Thread count was 1 (of 64 available processors)

Solution count 10: 212.74 212.74 212.735 ... 210.299

Time limit reached
Best objective 2.127397160657e+02, best bound 2.239700971538e+02, gap 5.2789%
Tree policy:
if computer_5_running <= 0.0:
    if computer_6_running <= 0.0:
        return '(reboot_computer_0)'
    else:
        if computer_0_running <= 0.0:
            if computer_4_running <= 0.0:
                return '(reboot_computer_0)'
            else:
                return '(reboot_computer_4)'
        else:
            if computer_2_running <= 0.0:
                return '(reboot_computer_0)'
            else:
                return '(reboot_computer_4)'
else:
    if computer_7_running <= 0.0:
        if computer_2_running <= 0.0:
            return '(reboot_computer_0)'
        else:
            return '(reboot_computer_7)'
    else:
        return '(reboot_computer_0)'
Optimal decision tree (depth=4) value: 212.7397160657438
Writing result files...
