Solving...
Starting with fixed depth 5
Set parameter Username
Academic license - for non-commercial use only - expires 2025-09-20
Set parameter Threads to value 1
Set parameter TimeLimit to value 1200
Gurobi Optimizer version 10.0.0 build v10.0.0rc2 (linux64)

CPU model: AMD EPYC 9124 16-Core Processor, instruction set [SSE2|AVX|AVX2|AVX512]
Thread count: 32 physical cores, 64 logical processors, using up to 1 threads

Optimize a model with 92991 rows, 13872 columns and 758426 nonzeros
Model fingerprint: 0x015f1a90
Variable types: 2560 continuous, 11312 integer (11312 binary)
Coefficient statistics:
  Matrix range     [4e-12, 1e+02]
  Objective range  [4e-01, 8e+00]
  Bounds range     [1e+00, 1e+02]
  RHS range        [1e+00, 5e+00]
Presolve removed 569 rows and 501 columns
Presolve time: 0.95s
Presolved: 92422 rows, 13371 columns, 752170 nonzeros
Variable types: 2586 continuous, 10785 integer (10785 binary)
Root relaxation presolved: 13371 rows, 105793 columns, 765541 nonzeros

Warning: Markowitz tolerance tightened to 0.03125

Root relaxation: objective 2.239701e+02, 9132 iterations, 0.87 seconds (2.54 work units)
Total elapsed time = 5.18s

    Nodes    |    Current Node    |     Objective Bounds      |     Work
 Expl Unexpl |  Obj  Depth IntInf | Incumbent    BestBd   Gap | It/Node Time

     0     0  223.97010    0  694          -  223.97010      -     -    5s
     0     0  223.97010    0 1037          -  223.97010      -     -   10s
     0     0  223.97010    0 1175          -  223.97010      -     -   10s
     0     0  223.97010    0 1307          -  223.97010      -     -   13s
     0     0  223.97010    0 1162          -  223.97010      -     -   13s
     0     0  223.97010    0  786          -  223.97010      -     -   15s
     0     0  223.97010    0 1462          -  223.97010      -     -   18s
     0     0  223.97010    0 1462          -  223.97010      -     -   18s
     0     0  223.97010    0 1043          -  223.97010      -     -   21s
     0     0  223.97010    0  867          -  223.97010      -     -   21s
     0     0  223.97010    0 1316          -  223.97010      -     -   25s
     0     0  223.97010    0 1316          -  223.97010      -     -   26s
     0     2  223.97010    0 1316          -  223.97010      -     -   37s
    29    31  223.97010   19 1882          -  223.97010      -   131   40s
    83    85  215.66906   54  820          -  223.97010      -   176   45s
*  103    87              67     204.7698105  223.97010  9.38%   186   47s
H  106    84                     204.7699485  223.97010  9.38%   181   48s
   118    98  220.69013   14 1235  204.76995  223.97010  9.38%   167   50s
   158   138  219.85436   46 1641  204.76995  223.97010  9.38%   130   55s
   184   164  219.85436   63 1974  204.76995  223.97010  9.38%   118   60s
   224   202  219.50497   94 1546  204.76995  223.97010  9.38%   109   65s
   261   239  218.34667  119 1154  204.76995  223.97010  9.38%   103   70s
   295   271  219.02584  146  332  204.76995  223.97010  9.38%  98.6   75s
   358   320  219.85221   46 2480  204.76995  223.97010  9.38%  91.3   80s
   429   391  219.78959   99 2180  204.76995  223.97010  9.38%  81.9   85s
   480   428  210.52965  133 1937  204.76995  223.97010  9.38%  78.6   90s
   511   444  215.17703  125 1316  204.76995  223.97010  9.38%  74.8   97s
   513   445  220.51982   14 1491  204.76995  223.97010  9.38%  74.5  103s
   514   446  219.85221   36 1422  204.76995  223.97010  9.38%  74.4  115s
H  515   424                     205.4809555  223.97010  9.00%  74.2  125s
   518   426  219.85436   63 1140  205.48096  223.97010  9.00%  73.8  141s
   520   427  207.56425  113 1118  205.48096  223.97010  9.00%  73.5  155s
   522   428  219.85221   29  970  205.48096  223.97010  9.00%  73.2  164s
   523   429  223.97010   22  920  205.48096  223.97010  9.00%  73.1  167s
   524   430  219.12759   80 1030  205.48096  223.97010  9.00%  72.9  174s
   525   430  219.85436   68  941  205.48096  223.97010  9.00%  72.8  179s
   526   431  223.97010    3  976  205.48096  223.97010  9.00%  72.7  185s
   528   432  220.07569   29  956  205.48096  223.97010  9.00%  72.4  195s
   530   434  223.97010    3 1069  205.48096  223.97010  9.00%  72.1  207s
   532   435  208.12594   55 1323  205.48096  223.97010  9.00%  71.9  212s
   533   436  223.97010    3 1019  205.48096  223.97010  9.00%  71.7  216s
H  533   414                     206.2127666  223.97010  8.61%  71.7  227s
   535   417  223.97010   15 1481  206.21277  223.97010  8.61%   220  235s
   561   432  223.92293   28 1188  206.21277  223.97010  8.61%   215  240s
   587   446  221.09698   40 1092  206.21277  223.97010  8.61%   214  245s
   597   452  218.06034   45  999  206.21277  223.97010  8.61%   213  250s
   612   462  220.42672   53  512  206.21277  223.97010  8.61%   209  256s
   631   475  219.30924   62  978  206.21277  223.97010  8.61%   205  260s
H  638   457                     207.7263645  223.97010  7.82%   203  263s
   642   461  219.30924   68 1245  207.72636  223.97010  7.82%   203  265s
H  664   454                     209.4933522  223.97010  6.91%   198  276s
   692   473  210.05646   93  749  209.49335  223.97010  6.91%   197  280s
H  725   458                     209.4933523  223.97010  6.91%   196  285s
   782   498  223.97010   56 1903  209.49335  223.97010  6.91%   189  290s
   838   535  220.76964   84 1962  209.49335  223.97010  6.91%   180  295s
H  860   526                     209.4933528  223.97010  6.91%   178  297s
   887   546  211.55906  109 1058  209.49335  223.97010  6.91%   174  300s
H  914   544                     209.4933531  223.97010  6.91%   170  302s
   959   560  223.89480   35 2429  209.49335  223.97010  6.91%   164  305s
  1022   594  223.22942   34 1985  209.49335  223.97010  6.91%   157  310s
  1098   626  223.97010   24 1809  209.49335  223.97010  6.91%   149  315s
  1155   658  222.74269   64 1618  209.49335  223.97010  6.91%   143  320s
  1173   670  218.70269   68 1209  209.49335  223.97010  6.91%   143  325s
H 1180   656                     209.7708743  223.97010  6.77%   143  327s
  1184   661  217.22697   73  876  209.77087  223.97010  6.77%   142  330s
  1211   679  214.43825   83  461  209.77087  223.97010  6.77%   140  336s
  1228   688     cutoff   92       209.77087  223.97010  6.77%   139  340s
H 1238   677                     209.7708745  223.97010  6.77%   138  343s
  1245   681  214.26885   98  751  209.77087  223.97010  6.77%   138  345s
  1277   689  223.14982   38 1142  209.77087  223.97010  6.77%   136  350s
H 1319   689                     209.8114967  223.97010  6.75%   133  354s
  1346   709  219.58335   62 1216  209.81150  223.97010  6.75%   131  355s
H 1373   732                     209.8114968  223.97010  6.75%   129  359s
  1398   759  217.25538  114 1245  209.81150  223.97010  6.75%   127  360s
H 1427   786                     209.8114970  223.97010  6.75%   125  363s
  1436   797  216.14048  152 1608  209.81150  223.97010  6.75%   125  365s
H 1450   730                     213.3679990  223.97010  4.97%   124  370s
H 1454   734                     213.3680005  223.97010  4.97%   124  371s
  1496   760  223.22462   46 2154  213.36800  223.97010  4.97%   121  375s
H 1527   789                     213.3688089  223.97010  4.97%   119  377s
  1547   803  222.86149   33 1440  213.36881  223.97010  4.97%   119  380s
  1646   877  221.42164   62 1074  213.36881  223.97010  4.97%   113  385s
  1750   963  220.76344   79 1054  213.36881  223.97010  4.97%   108  390s
  1808  1011  213.81532   79  738  213.36881  223.97010  4.97%   107  395s
  1835  1023  223.62481   33 2460  213.36881  223.97010  4.97%   106  401s
  1840  1028  223.26758   35 2231  213.36881  223.97010  4.97%   105  407s
  1862  1050  223.15269   43 1601  213.36881  223.97010  4.97%   105  412s
  1889  1077  222.41638   51 1596  213.36881  223.97010  4.97%   103  417s
  1916  1098  222.32629   60 1563  213.36881  223.97010  4.97%   102  421s
  1943  1117  223.05654   48 1713  213.36881  223.97010  4.97%   101  426s
  1977  1149  216.95832   81 1044  213.36881  223.97010  4.97%   100  430s
  2051  1222  214.30379  155  792  213.36881  223.97010  4.97%  96.3  435s
  2106  1274  214.09456  209  627  213.36881  223.97010  4.97%  94.3  440s
  2235  1381  217.44138   83 1861  213.36881  223.97010  4.97%  90.2  445s
  2367  1495  219.15485  132  734  213.36881  223.97010  4.97%  86.4  450s
H 2438  1532                     213.3689568  223.97010  4.97%  84.3  456s
  2520  1594  222.15482   63 1745  213.36896  223.97010  4.97%  83.0  460s
  2633  1686  218.98555  118 1604  213.36896  223.97010  4.97%  80.9  465s
  2803  1848  218.08427  203 1099  213.36896  223.97010  4.97%  76.8  475s
  2908  1904  223.97010   54 1927  213.36896  223.97010  4.97%  74.6  481s
  2963  1957  215.25634  108 1596  213.36896  223.97010  4.97%  73.6  485s
  3124  2087  222.75064   24 2741  213.36896  223.97010  4.97%  70.8  490s
  3254  2209  213.65589  153 1619  213.36896  223.97010  4.97%  68.8  495s
  3389  2306  218.77999   76 1617  213.36896  223.97010  4.97%  67.2  500s
  3404  2321  218.70079   91 1424  213.36896  223.97010  4.97%  66.9  505s
  3559  2454     cutoff   66       213.36896  223.97010  4.97%  64.7  510s
  3706  2529  213.38119  126 1692  213.36896  223.97010  4.97%  62.6  515s
  3783  2567  219.80852   83 1615  213.36896  223.97010  4.97%  61.8  520s
  3906  2678  223.97010   24 1290  213.36896  223.97010  4.97%  61.6  530s
H 3960  2730                     213.3690307  223.97010  4.97%  60.9  538s
  3989  2761  221.72002  107 1579  213.36903  223.97010  4.97%  60.5  542s
  4042  2814  219.13517  160 1527  213.36903  223.97010  4.97%  59.7  545s
  4133  2899  218.82433  246 2058  213.36903  223.97010  4.97%  58.9  550s
H 4161  2913                     213.3691110  223.97010  4.97%  58.6  554s
  4166  2916  223.96972   29 2123  213.36911  223.97010  4.97%  58.5  555s
  4203  2945  223.94949   29 1992  213.36911  223.97010  4.97%  58.3  560s
H 4215  2954                     213.3697616  223.97010  4.97%  58.3  569s
  4217  2958  219.09891   43 1258  213.36976  223.97010  4.97%  58.3  570s
  4340  3067  222.81037   32 2074  213.36976  223.97010  4.97%  56.9  575s
  4485  3194  223.97010   47 1849  213.36976  223.97010  4.97%  55.6  580s
  4559  3264  219.21150  108 1509  213.36976  223.97010  4.97%  55.1  585s
  4753  3430  219.98866  144 1313  213.36976  223.97010  4.97%  53.3  590s
  4821  3470  223.97010   44 1985  213.36976  223.97010  4.97%  52.8  595s
  4959  3600  216.13762  175 1198  213.36976  223.97010  4.97%  51.6  600s
  5010  3625  223.97010   44 1830  213.36976  223.97010  4.97%  52.5  605s
  5124  3737  217.57820  157 1555  213.36976  223.97010  4.97%  51.5  610s
  5214  3803  223.97010   38 1677  213.36976  223.97010  4.97%  51.1  619s
H 5215  3802                     213.3698439  223.97010  4.97%  51.1  632s
H 5252  3839                     213.3700327  223.97010  4.97%  50.9  638s
  5306  3895  223.65441   84 1451  213.37003  223.97010  4.97%  50.5  640s
  5378  3951  223.39027   48 1950  213.37003  223.97010  4.97%  50.2  649s
  5388  3961  223.53857   51 2288  213.37003  223.97010  4.97%  50.3  650s
  5483  4034  221.76493   56 1951  213.37003  223.97010  4.97%  50.0  655s
  5551  4092  218.98965   78 1856  213.37003  223.97010  4.97%  49.5  660s
  5662  4193  221.87256   83 1040  213.37003  223.97010  4.97%  49.0  665s
  5880  4357  220.84050   90 1593  213.37003  223.97010  4.97%  47.4  670s
  5988  4455  221.05381  105 1539  213.37003  223.97010  4.97%  46.8  675s
  6054  4501  222.11591   30 1642  213.37003  223.97010  4.97%  46.4  680s
H 6062  4404                     213.4322353  223.97010  4.94%  46.4  686s
  6073  4413  213.86144   47 1235  213.43224  223.97010  4.94%  46.4  691s
  6193  4515  221.36668   42 1604  213.43224  223.97010  4.94%  45.9  695s
  6402  4711  221.13288  145 1360  213.43224  223.97010  4.94%  44.7  700s
  6514  4807  223.88695   54 1931  213.43224  223.97010  4.94%  44.1  705s
  6620  4905  216.69081  134 1016  213.43224  223.97010  4.94%  43.6  710s
  6757  5022  222.92260   68 2105  213.43224  223.97010  4.94%  43.0  715s
H 6772  5035                     213.4329521  223.97010  4.94%  43.1  725s
  6821  5070  223.63468   27 1601  213.43295  223.97010  4.94%  42.9  730s
H 6960  5207                     213.4338829  223.97010  4.94%  42.1  741s
  6984  5205  223.97010   38 1976  213.43388  223.97010  4.94%  42.2  745s
  7001  5222  222.19430   55 1851  213.43388  223.97010  4.94%  42.1  750s
  7025  5238  223.94025   43 1616  213.43388  223.97010  4.94%  42.1  755s
  7154  5357  222.76571  113 1480  213.43388  223.97010  4.94%  41.7  760s
  7326  5491  223.92673   39 1799  213.43388  223.97010  4.94%  41.0  765s
  7485  5638  220.27407   61 1411  213.43388  223.97010  4.94%  40.4  770s
  7638  5771  222.93717   36 1583  213.43388  223.97010  4.94%  39.7  775s
  7813  5946  216.07197  211 1749  213.43388  223.97010  4.94%  39.1  780s
  7900  6003  223.80747   46 1982  213.43388  223.97010  4.94%  39.0  785s
  7960  6061  222.00554  105 1507  213.43388  223.97010  4.94%  38.8  797s
H 7963  5881                     213.8326619  223.97010  4.74%  38.8  803s
  7978  5886  223.62449   52 1974  213.83266  223.97010  4.74%  38.7  805s
  8065  5973  219.19901  139 1110  213.83266  223.97010  4.74%  38.5  810s
  8239  6135  218.78321   89 2227  213.83266  223.97010  4.74%  38.0  815s
H 8247  6141                     213.8330227  223.97010  4.74%  38.0  821s
  8287  6183  217.22142  108 2201  213.83302  223.97010  4.74%  37.8  829s
  8300  6196  216.71412  112 2197  213.83302  223.97010  4.74%  37.8  830s
  8441  6304  223.97010   49 1740  213.83302  223.97010  4.74%  37.3  835s
  8480  6331  221.61465   71 1631  213.83302  223.97010  4.74%  37.9  840s
  8605  6438  223.52821   28 1849  213.83302  223.97010  4.74%  37.6  845s
  8751  6574  214.97004   60 1456  213.83302  223.97010  4.74%  37.2  850s
  8857  6665  216.60686  112 1444  213.83302  223.97010  4.74%  37.1  855s
  8972  6749  221.46211   71 1502  213.83302  223.97010  4.74%  36.9  860s
H 9097  6860                     213.8332250  223.97010  4.74%  36.5  868s
  9107  6866  217.88121   49  954  213.83322  223.97010  4.74%  36.6  870s
  9268  7012  213.87238  197 1091  213.83322  223.97010  4.74%  36.0  875s
H 9341  7044                     213.8332251  223.97010  4.74%  35.9  894s
  9342  7047  223.39084   55 1131  213.83323  223.97010  4.74%  36.7  902s
  9355  7060  221.34798   68 1657  213.83323  223.97010  4.74%  36.8  905s
  9463  7156  223.48409   97 1764  213.83323  223.97010  4.74%  36.8  910s
  9549  7218  221.99579   88 1627  213.83323  223.97010  4.74%  36.7  915s
  9669  7324  221.87016   59 1427  213.83323  223.97010  4.74%  36.6  920s
  9797  7440  223.97010   31 1702  213.83323  223.97010  4.74%  36.3  925s
  9895  7524  221.48148   80 2188  213.83323  223.97010  4.74%  36.3  930s
 10048  7657  223.97010   31 1792  213.83323  223.97010  4.74%  35.9  935s
 10193  7784  218.00742  103 1296  213.83323  223.97010  4.74%  35.8  940s
 10202  7793  217.52856  112 1280  213.83323  223.97010  4.74%  35.7 1122s
 10285  7859  222.58444   66 1654  213.83323  223.97010  4.74%  35.6 1125s
 10341  7909  221.16874  118 1204  213.83323  223.97010  4.74%  35.5 1140s
 10412  7970  218.92565   96 1191  213.83323  223.97010  4.74%  35.4 1145s
 10590  8136  216.65905  153 1120  213.83323  223.97010  4.74%  34.9 1150s
 10688  8220  221.48263   76 1504  213.83323  223.97010  4.74%  34.7 1158s
 10750  8282  220.90777  138 1533  213.83323  223.97010  4.74%  34.6 1160s
 10881  8403  222.74386  130  998  213.83323  223.97010  4.74%  34.4 1165s
H10890  8410                     213.8332647  223.97010  4.74%  34.3 1169s
 10902  8424  222.51819  143  870  213.83326  223.97010  4.74%  34.3 1170s
 11049  8545  222.84984   83 1278  213.83326  223.97010  4.74%  34.2 1175s
 11245  8709  221.33764  101  887  213.83326  223.97010  4.74%  33.9 1180s
 11438  8874  217.93980  270 1345  213.83326  223.97010  4.74%  33.6 1185s
 11542  8964  220.76121  108 1155  213.83326  223.97010  4.74%  33.4 1191s
 11709  9111  216.07179  116  955  213.83326  223.97010  4.74%  33.1 1195s
 11758  9146  223.66363   39  828  213.83326  223.97010  4.74%  33.1 1200s

Cutting planes:
  Lift-and-project: 13
  Implied bound: 12
  MIR: 1
  Flow cover: 81
  Zero half: 7

Explored 11759 nodes (419653 simplex iterations) in 1200.04 seconds (3476.89 work units)
Thread count was 1 (of 64 available processors)

Solution count 10: 213.833 213.833 213.833 ... 213.37

Time limit reached
Best objective 2.138332647304e+02, best bound 2.239700971453e+02, gap 4.7405%
Tree policy:
if computer_6_running <= 0.0:
    if computer_7_running <= 0.0:
        if computer_0_running <= 0.0:
            if computer_2_running <= 0.0:
                if computer_1_running <= 0.0:
                    return '(reboot_computer_7)'
                else:
                    return '(reboot_computer_0)'
            else:
                return '(reboot_computer_0)'
        else:
            if computer_2_running <= 0.0:
                return '(reboot_computer_0)'
            else:
                return '(reboot_computer_7)'
    else:
        if computer_3_running <= 0.0:
            return '(reboot_computer_0)'
        else:
            if computer_5_running <= 0.0:
                return '(reboot_computer_0)'
            else:
                return '(reboot_computer_6)'
else:
    if computer_7_running <= 0.0:
        if computer_3_running <= 0.0:
            return '(reboot_computer_7)'
        else:
            if computer_0_running <= 0.0:
                return '(reboot_computer_0)'
            else:
                return '(reboot_computer_7)'
    else:
        if computer_2_running <= 0.0:
            return '(reboot_computer_0)'
        else:
            if computer_7_running <= 0.0:
                return '(reboot_computer_2)'
            else:
                if computer_0_running <= 0.0:
                    return '(reboot_computer_0)'
                else:
                    return '(reboot_computer_4)'
Optimal decision tree (depth=5) value: 213.8332647303544
Writing result files...
