Solving...
Starting with fixed depth 6
Set parameter Username
Academic license - for non-commercial use only - expires 2025-09-20
Set parameter Threads to value 1
Set parameter TimeLimit to value 1200
Gurobi Optimizer version 10.0.0 build v10.0.0rc2 (linux64)

CPU model: AMD EPYC 9124 16-Core Processor, instruction set [SSE2|AVX|AVX2|AVX512]
Thread count: 32 physical cores, 64 logical processors, using up to 1 threads

Optimize a model with 183167 rows, 22896 columns and 1537498 nonzeros
Model fingerprint: 0x4c1b98cc
Variable types: 2560 continuous, 20336 integer (20336 binary)
Coefficient statistics:
  Matrix range     [4e-12, 1e+02]
  Objective range  [4e-01, 8e+00]
  Bounds range     [1e+00, 1e+02]
  RHS range        [1e+00, 6e+00]
Presolve removed 1185 rows and 1045 columns
Presolve time: 1.99s
Presolved: 181982 rows, 21851 columns, 1527354 nonzeros
Variable types: 2586 continuous, 19265 integer (19265 binary)
Root relaxation presolved: 21851 rows, 203833 columns, 1549205 nonzeros


Root simplex log...

Iteration    Objective       Primal Inf.    Dual Inf.      Time
   16051      handle free variables                          5s
Warning: Markowitz tolerance tightened to 0.03125
   17074    2.2397010e+02   0.000000e+00   0.000000e+00      6s
   17074    2.2397010e+02   0.000000e+00   0.000000e+00      6s

Root relaxation: objective 2.239701e+02, 17074 iterations, 1.47 seconds (3.71 work units)

    Nodes    |    Current Node    |     Objective Bounds      |     Work
 Expl Unexpl |  Obj  Depth IntInf | Incumbent    BestBd   Gap | It/Node Time

     0     0  223.97010    0  868          -  223.97010      -     -    9s
     0     0  223.97010    0 1183          -  223.97010      -     -   12s
     0     0  223.97010    0  960          -  223.97010      -     -   15s
     0     0  223.97010    0 1032          -  223.97010      -     -   24s
     0     0  223.97010    0 1353          -  223.97010      -     -   29s
     0     0  223.97010    0 1354          -  223.97010      -     -   31s
     0     0  223.97010    0 1346          -  223.97010      -     -   39s
     0     0  223.97010    0 1343          -  223.97010      -     -   40s
     0     0  223.97010    0 1547          -  223.97010      -     -   46s
     0     0  223.97010    0 1178          -  223.97010      -     -   52s
     0     2  223.97010    0 1178          -  223.97010      -     -   75s
    13    15  223.97010   10 1814          -  223.97010      -   655   83s
    27    29  223.97010   20 1917          -  223.97010      -   362   85s
    68    70  223.97010   45 2697          -  223.97010      -   174   90s
   101   103  209.18654   73 1431          -  223.97010      -   164   95s
   126   128  215.16620   92  714          -  223.97010      -   175  100s
   140   142  205.82781   99  484          -  223.97010      -   200  105s
   156   158  203.38129  107  334          -  223.97010      -   196  110s
   171   173  204.70735  114  100          -  223.97010      -   190  115s
*  175   145             116     204.7031333  223.97010  9.41%   188  116s
   199   161  221.75038   22 2506  204.70313  223.97010  9.41%   174  120s
H  204   164                     204.7037486  223.97010  9.41%   171  121s
   230   192  221.19585   43 1176  204.70375  223.97010  9.41%   160  125s
   259   221  221.20454   60 1593  204.70375  223.97010  9.41%   144  130s
   287   249  221.20454   79 2107  204.70375  223.97010  9.41%   132  135s
   325   287  220.49513  105 2293  204.70375  223.97010  9.41%   122  140s
   360   322  218.74423  127 1855  204.70375  223.97010  9.41%   121  146s
H  386   346                     204.7037487  223.97010  9.41%   115  149s
   389   351  218.62363  149 1470  204.70375  223.97010  9.41%   114  150s
   417   379  211.22018  169  852  204.70375  223.97010  9.41%   112  155s
   438   400  209.35645  183  289  204.70375  223.97010  9.41%   110  160s
   464   412  218.60613   16 1756  204.70375  223.97010  9.41%   105  166s
H  490   436                     204.8048653  223.97010  9.36%   100  170s
H  504   450                     204.8048727  223.97010  9.36%  98.6  172s
H  510   457                     204.8048810  223.97010  9.36%  97.6  178s
   511   458  221.20454   96 1178  204.80488  223.97010  9.36%  97.4  188s
   513   459  223.22919    8 1823  204.80488  223.97010  9.36%  97.0  198s
   514   460  221.20454   87 1336  204.80488  223.97010  9.36%  96.8  222s
   515   461  215.37839  159 1418  204.80488  223.97010  9.36%  96.6  229s
   516   461  205.37802   99 1229  204.80488  223.97010  9.36%  96.4  249s
   517   462  221.20454   55 1221  204.80488  223.97010  9.36%  96.2  255s
   518   463  217.93484   80 1130  204.80488  223.97010  9.36%  96.1  280s
   520   464  211.06083   98 2595  204.80488  223.97010  9.36%  95.7  299s
   521   465  214.25593  161 2754  204.80488  223.97010  9.36%  95.5  301s
   522   465  219.09701  121 3058  204.80488  223.97010  9.36%  95.3  308s
   523   466  218.53368   41 3422  204.80488  223.97010  9.36%  95.1  310s
   524   467  221.20454  103 3466  204.80488  223.97010  9.36%  95.0  319s
   525   467  223.97010   35 4112  204.80488  223.97010  9.36%  94.8  320s
   526   468  221.20454   72 3603  204.80488  223.97010  9.36%  94.6  329s
   527   469  223.94682   56 3623  204.80488  223.97010  9.36%  94.4  331s
   528   469  209.79614  177 3833  204.80488  223.97010  9.36%  94.2  347s
   530   471  221.14549  114 4117  204.80488  223.97010  9.36%  93.9  363s
   531   471  218.62967  141 4117  204.80488  223.97010  9.36%  93.7  374s
H  531   447                     204.8060960  223.97010  9.36%  93.7  383s
H  532   425                     204.8060962  223.97010  9.36%   239  395s
   536   430  223.97010   12 3637  204.80610  223.97010  9.36%   243  400s
   546   436  223.97010   17 2654  204.80610  223.97010  9.36%   240  405s
   559   443  223.97010   24 2467  204.80610  223.97010  9.36%   235  411s
   570   450  223.76715   29 2553  204.80610  223.97010  9.36%   232  416s
   584   460  223.91368   36 1415  204.80610  223.97010  9.36%   227  421s
   591   464  223.58066   40 1570  204.80610  223.97010  9.36%   226  425s
   611   476  213.50074   50 1292  204.80610  223.97010  9.36%   223  430s
   627   486  213.51186   58 1544  204.80610  223.97010  9.36%   217  435s
   640   495  213.51186   64 1375  204.80610  223.97010  9.36%   213  440s
   666   508  213.51186   77 1259  204.80610  223.97010  9.36%   209  445s
H  688   477                     205.7342024  223.97010  8.86%   204  453s
   694   483  223.96972   32 1967  205.73420  223.97010  8.86%   203  455s
H  714   474                     205.7342024  223.97010  8.86%   197  460s
H  740   462                     205.7394137  223.97010  8.86%   192  466s
   748   469  223.97010   32 2208  205.73941  223.97010  8.86%   191  470s
   765   480  223.97010   41 2611  205.73941  223.97010  8.86%   187  475s
   775   487  223.97010   46 2601  205.73941  223.97010  8.86%   185  480s
H  792   478                     205.8323681  223.97010  8.81%   182  492s
   797   482  223.89603   57 1783  205.83237  223.97010  8.81%   182  495s
H  802   465                     205.8324122  223.97010  8.81%   180  497s
   808   471  223.74965   62 1244  205.83241  223.97010  8.81%   179  500s
   818   478  223.69367   67 1025  205.83241  223.97010  8.81%   178  506s
   835   489  223.69367   76 1162  205.83241  223.97010  8.81%   175  510s
H  844   470                     207.3306154  223.97010  8.03%   173  514s
   848   467     cutoff   79       207.33062  223.97010  8.03%   173  515s
H  856   454                     207.3310338  223.97010  8.03%   171  517s
   883   474  221.77485   50 3581  207.33103  223.97010  8.03%   167  520s
   920   497  221.42658   70 2906  207.33103  223.97010  8.03%   163  525s
H  939   482                     207.4002407  223.97010  7.99%   160  535s
H  964   485                     207.4076428  223.97010  7.99%   157  538s
   971   492  223.95105   57 2869  207.40764  223.97010  7.99%   156  540s
H  991   487                     207.4078105  223.97010  7.99%   153  543s
  1018   489  213.19108   77 1950  207.40781  223.97010  7.99%   150  545s
  1051   509  209.28340   93 1295  207.40781  223.97010  7.99%   147  550s
H 1072   508                     207.4078110  223.97010  7.99%   145  555s
  1108   532 infeasible  116       207.40781  223.97010  7.99%   142  560s
H 1126   514                     207.4078117  223.97010  7.99%   140  566s
  1153   534  211.77349  131 1527  207.40781  223.97010  7.99%   138  570s
  1187   531     cutoff  143       207.40781  223.97010  7.99%   135  575s
  1238   566  223.94905   60 2037  207.40781  223.97010  7.99%   130  580s
  1281   607  221.80747   85 1574  207.40781  223.97010  7.99%   128  585s
H 1316   640                     207.4078118  223.97010  7.99%   125  589s
  1319   645  221.76290  107 1996  207.40781  223.97010  7.99%   125  590s
  1348   674  221.76290  112 2092  207.40781  223.97010  7.99%   123  595s
H 1355   673                     208.0718340  223.97010  7.64%   123  602s
  1363   683  221.75304  116 1742  208.07183  223.97010  7.64%   122  605s
  1381   701  221.75304  123 2079  208.07183  223.97010  7.64%   121  610s
  1424   744  221.75304  133 2464  208.07183  223.97010  7.64%   119  615s
  1451   771  221.11043  140 2294  208.07183  223.97010  7.64%   119  620s
  1463   783  214.42196  144 2072  208.07183  223.97010  7.64%   119  625s
  1472   792  208.83101  146 2086  208.07183  223.97010  7.64%   119  630s
H 1480   794                     208.0735831  223.97010  7.64%   119  634s
  1491   795  223.97010   29 3533  208.07358  223.97010  7.64%   118  635s
  1525   829  221.52645   63 2466  208.07358  223.97010  7.64%   116  641s
  1538   842  219.94629   76 2601  208.07358  223.97010  7.64%   115  645s
  1562   866  219.93279  100 1764  208.07358  223.97010  7.64%   114  650s
  1603   907  210.23134  141 2192  208.07358  223.97010  7.64%   112  656s
  1624   918 infeasible  155       208.07358  223.97010  7.64%   110  660s
  1653   927  221.79818   34 2982  208.07358  223.97010  7.64%   109  665s
  1714   985  220.44755   93 2007  208.07358  223.97010  7.64%   106  670s
  1752  1005  223.89854   26 1830  208.07358  223.97010  7.64%   104  675s
H 1785  1027                     208.8989795  223.97010  7.21%   102  682s
H 1805  1047                     208.8990083  223.97010  7.21%   101  685s
  1850  1092  211.00241  123 2766  208.89901  223.97010  7.21%  99.2  690s
  1891  1121 infeasible  156       208.89901  223.97010  7.21%  97.7  695s
  1914  1144  223.86151   43 2888  208.89901  223.97010  7.21%  96.8  700s
  1954  1184  223.85904   74 2133  208.89901  223.97010  7.21%  95.5  705s
  1995  1215  223.76432   54 2778  208.89901  223.97010  7.21%  94.7  712s
  2003  1223  223.74953   62 2590  208.89901  223.97010  7.21%  94.4  715s
H 2022  1240                     208.8990112  223.97010  7.21%  93.6  718s
  2046  1250  223.94893   28 1834  208.89901  223.97010  7.21%  92.9  720s
H 2063  1238                     210.2874305  223.97010  6.51%  92.3  724s
  2068  1245  223.83167   37 1834  210.28743  223.97010  6.51%  92.1  725s
  2111  1288  221.31064   50 1820  210.28743  223.97010  6.51%  90.6  730s
  2140  1311  213.04954   63 1883  210.28743  223.97010  6.51%  90.6  735s
  2178  1347  211.85306   77 1782  210.28743  223.97010  6.51%  89.2  740s
H 2212  1379                     210.3228822  223.97010  6.49%  88.1  749s
  2224  1393  211.85306   92 1593  210.32288  223.97010  6.49%  87.7  750s
H 2238  1399                     210.3228830  223.97010  6.49%  87.3  752s
  2265  1414  211.85306  106 1979  210.32288  223.97010  6.49%  86.6  755s
  2310  1455  223.31961   71 3165  210.32288  223.97010  6.49%  85.7  760s
  2343  1486     cutoff  104       210.32288  223.97010  6.49%  85.0  765s
  2373  1503  210.38774  124 2426  210.32288  223.97010  6.49%  84.1  770s
  2400  1520  223.94230   50 2454  210.32288  223.97010  6.49%  83.5  775s
  2452  1562  223.96648   32 1828  210.32288  223.97010  6.49%  82.2  780s
  2481  1591  223.91459   61 3944  210.32288  223.97010  6.49%  81.7  785s
H 2508  1364                     212.9458819  223.97010  5.18%  81.2  789s
  2510  1368  220.77569   88 2400  212.94588  223.97010  5.18%  81.2  790s
H 2516  1370                     212.9587923  223.97010  5.17%  81.0  794s
  2517  1371     cutoff   94       212.95879  223.97010  5.17%  81.1  795s
  2530  1382  214.60506  103 1428  212.95879  223.97010  5.17%  80.8  800s
H 2535  1384                     212.9705254  223.97010  5.16%  80.7  801s
H 2563  1408                     212.9952488  223.97010  5.15%  80.1  806s
  2590  1437  213.30786  162 1521  212.99525  223.97010  5.15%  79.5  810s
  2607  1440  223.96284   39 2134  212.99525  223.97010  5.15%  79.3  815s
H 2617  1448                     212.9954456  223.97010  5.15%  79.0  818s
  2627  1460  223.96262   59 3121  212.99545  223.97010  5.15%  78.9  820s
  2671  1498  213.03464  101 2344  212.99545  223.97010  5.15%  78.1  825s
H 2698  1511                     212.9954458  223.97010  5.15%  77.5  827s
  2726  1541  223.78575   80 2120  212.99545  223.97010  5.15%  76.8  830s
  2779  1582  223.94750   43 2260  212.99545  223.97010  5.15%  75.8  835s
  2813  1616  223.94750   60 2806  212.99545  223.97010  5.15%  75.2  840s
  2846  1644  222.42248   77 3143  212.99545  223.97010  5.15%  75.2  845s
H 2853  1644                     213.0243423  223.97010  5.14%  75.2  850s
H 2860  1651                     213.0245051  223.97010  5.14%  75.0  854s
  2866  1653 infeasible   86       213.02451  223.97010  5.14%  74.9  855s
  2923  1690  223.67489   66 3289  213.02451  223.97010  5.14%  73.8  860s
H 2982  1725                     213.0249857  223.97010  5.14%  73.0  866s
  2997  1742  223.84596   57 2586  213.02499  223.97010  5.14%  72.7  870s
H 3025  1768                     213.0249875  223.97010  5.14%  72.2  874s
  3031  1776  218.31038   91 2098  213.02499  223.97010  5.14%  72.1  875s
  3067  1792  223.79534   48 1819  213.02499  223.97010  5.14%  71.4  881s
  3085  1810  223.76875   62 3418  213.02499  223.97010  5.14%  71.1  885s
  3112  1837  223.76804   82 2265  213.02499  223.97010  5.14%  70.9  890s
H 3138  1726                     213.7905753  223.97010  4.76%  70.7  896s
  3179  1749  222.23849   56 2524  213.79058  223.97010  4.76%  70.5  900s
  3239  1809  220.29439  116 1610  213.79058  223.97010  4.76%  69.6  907s
  3286  1856  220.06514  163 1899  213.79058  223.97010  4.76%  68.8  910s
  3326  1880  223.68166   49 2070  213.79058  223.97010  4.76%  68.2  915s
  3420  1974  223.19077  143 1482  213.79058  223.97010  4.76%  66.7  920s
  3457  1999  223.95231   49 2523  213.79058  223.97010  4.76%  66.2  925s
  3496  2034  222.26716   85 2876  213.79058  223.97010  4.76%  65.8  930s
  3536  2064  221.54320   37 2237  213.79058  223.97010  4.76%  65.2  935s
  3587  2115  221.56646   53 2653  213.79058  223.97010  4.76%  64.5  944s
  3593  2119  221.56646   55 2116  213.79058  223.97010  4.76%  64.5  945s
  3625  2143  223.76142   70 3327  213.79058  223.97010  4.76%  64.1  950s
H 3699  2201                     213.7905766  223.97010  4.76%  63.0  956s
  3717  2221  223.66597   44 1817  213.79058  223.97010  4.76%  62.8  960s
  3785  2282  213.84198  109 1930  213.79058  223.97010  4.76%  62.2  965s
H 3853  2335                     213.7914153  223.97010  4.76%  61.4  969s
  3863  2347  222.52229   73 3182  213.79142  223.97010  4.76%  61.3  970s
  3931  2395  219.89430   84 2778  213.79142  223.97010  4.76%  60.8  975s
  3990  2436  223.30015   49 1947  213.79142  223.97010  4.76%  60.2  980s
  4020  2458  223.96609   40 1945  213.79142  223.97010  4.76%  59.8  985s
  4087  2523  222.58294  106 2573  213.79142  223.97010  4.76%  59.2  990s
  4144  2570  223.76761   68 2001  213.79142  223.97010  4.76%  58.5 1000s
  4184  2610  223.75622  101 1376  213.79142  223.97010  4.76%  58.1 1005s
  4224  2628  223.82109   40 1954  213.79142  223.97010  4.76%  58.3 1010s
  4269  2673  223.72016   85 2324  213.79142  223.97010  4.76%  57.7 1015s
  4298  2678  223.97010   40 1943  213.79142  223.97010  4.76%  57.5 1020s
  4369  2739  223.96082   58 2184  213.79142  223.97010  4.76%  57.1 1025s
  4440  2796  223.43218   76 2584  213.79142  223.97010  4.76%  56.8 1030s
  4485  2830  223.96993   55 1796  213.79142  223.97010  4.76%  56.4 1035s
  4532  2861  223.97010   45 2323  213.79142  223.97010  4.76%  56.6 1040s
  4575  2902  223.85254   61 2490  213.79142  223.97010  4.76%  56.3 1045s
  4611  2921  223.96948   53 1939  213.79142  223.97010  4.76%  56.4 1050s
  4659  2959  223.93018   61 2603  213.79142  223.97010  4.76%  56.1 1055s
  4671  2963  223.96966   55 1796  213.79142  223.97010  4.76%  56.2 1060s
  4722  3000  223.70244   78 2291  213.79142  223.97010  4.76%  56.0 1065s
  4759  3025  221.43652   78 2572  213.79142  223.97010  4.76%  56.5 1072s
H 4762  2987                     213.8838831  223.97010  4.72%  56.6 1086s
  4775  2994  222.01389   59 1994  213.88388  223.97010  4.72%  56.9 1090s
  4813  3032  219.88113   97 2119  213.88388  223.97010  4.72%  56.5 1096s
  4856  3073  219.67708  139 1617  213.88388  223.97010  4.72%  56.3 1100s
H 4864  3077                     213.8849307  223.97010  4.72%  56.2 1104s
  4870  3079 infeasible  150       213.88493  223.97010  4.72%  56.2 1105s
  4899  3094  223.90517   69 2119  213.88493  223.97010  4.72%  56.0 1110s
  4961  3136  223.97010   53 2256  213.88493  223.97010  4.72%  55.7 1115s
H 4966  3139                     213.8856426  223.97010  4.71%  55.8 1117s
  4992  3167  222.18459   84 2311  213.88564  223.97010  4.71%  55.6 1120s
  5011  3176  220.79032   62 2233  213.88564  223.97010  4.71%  55.7 1125s
H 5083  3246                     213.8856428  223.97010  4.71%  55.1 1130s
  5101  3266  218.93879  152 2965  213.88564  223.97010  4.71%  55.0 1136s
  5174  3311  218.80923   69 1543  213.88564  223.97010  4.71%  54.6 1140s
  5230  3355  218.55514   95 2568  213.88564  223.97010  4.71%  54.3 1145s
  5271  3396  217.16785  136 2840  213.88564  223.97010  4.71%  53.9 1150s
  5299  3414  220.89088   56 1379  213.88564  223.97010  4.71%  53.9 1155s
H 5306  3419                     213.8980088  223.97010  4.71%  53.8 1157s
  5346  3461  217.99591   76 1230  213.89801  223.97010  4.71%  53.5 1160s
  5411  3526  216.56078   98  788  213.89801  223.97010  4.71%  53.0 1165s
  5459  3574  214.87610  118 1260  213.89801  223.97010  4.71%  52.7 1170s
  5491  3582  216.79830   59 2171  213.89801  223.97010  4.71%  52.6 1175s
  5542  3630  214.39787  108 1956  213.89801  223.97010  4.71%  52.2 1180s
  5596  3669  223.60541   70 1838  213.89801  223.97010  4.71%  51.9 1185s
  5675  3738  219.57398  109 2355  213.89801  223.97010  4.71%  51.4 1190s
H 5677  3737                     213.9108241  223.97010  4.70%  51.4 1194s
  5680  3742  219.57334  113 2430  213.91082  223.97010  4.70%  51.4 1195s

Cutting planes:
  Gomory: 7
  Lift-and-project: 11
  Implied bound: 2
  MIR: 18
  Flow cover: 159
  Zero half: 22

Explored 5742 nodes (334171 simplex iterations) in 1200.01 seconds (3862.48 work units)
Thread count was 1 (of 64 available processors)

Solution count 10: 213.911 213.898 213.886 ... 213.025

Time limit reached
Best objective 2.139108240682e+02, best bound 2.239700971544e+02, gap 4.7026%
Tree policy:
if computer_3_running <= 0.0:
    if computer_0_running <= 0.0:
        if computer_4_running <= 0.0:
            if computer_6_running <= 0.0:
                if computer_1_running <= 0.0:
                    return '(reboot_computer_0)'
                else:
                    if computer_5_running <= 0.0:
                        return '(reboot_computer_0)'
                    else:
                        return '(reboot_computer_4)'
            else:
                if computer_7_running <= 1.0:
                    if computer_5_running <= 0.0:
                        return '(reboot_computer_0)'
                    else:
                        return '(reboot_computer_4)'
                else:
                    if computer_7_running <= 1.0:
                        return '__random__'
                    else:
                        return '(reboot_computer_4)'
        else:
            if computer_6_running <= 0.0:
                if computer_5_running <= 0.0:
                    return '(reboot_computer_0)'
                else:
                    return '(reboot_computer_5)'
            else:
                if computer_7_running <= 1.0:
                    return '(reboot_computer_0)'
                else:
                    return '__random__'
    else:
        if computer_6_running <= 0.0:
            if computer_2_running <= 0.0:
                return '(reboot_computer_0)'
            else:
                if computer_7_running <= 1.0:
                    if computer_1_running <= 0.0:
                        return '(reboot_computer_1)'
                    else:
                        return '(reboot_computer_0)'
                else:
                    if computer_7_running <= 1.0:
                        return '(reboot_computer_2)'
                    else:
                        return '(reboot_computer_0)'
        else:
            if computer_2_running <= 0.0:
                if computer_6_running <= 0.0:
                    if computer_0_running <= 0.0:
                        return '(reboot_computer_0)'
                    else:
                        return '(reboot_computer_1)'
                else:
                    if computer_1_running <= 0.0:
                        return '(reboot_computer_1)'
                    else:
                        return '(reboot_computer_0)'
            else:
                if computer_6_running <= 0.0:
                    if computer_4_running <= 0.0:
                        return '(reboot_computer_0)'
                    else:
                        return '__random__'
                else:
                    if computer_5_running <= 0.0:
                        return '(reboot_computer_4)'
                    else:
                        return '(reboot_computer_3)'
else:
    if computer_6_running <= 0.0:
        if computer_7_running <= 1.0:
            if computer_4_running <= 0.0:
                if computer_7_running <= 0.0:
                    if computer_2_running <= 0.0:
                        return '(reboot_computer_0)'
                    else:
                        return '(reboot_computer_7)'
                else:
                    return '(reboot_computer_0)'
            else:
                if computer_5_running <= 0.0:
                    return '(reboot_computer_0)'
                else:
                    return '(reboot_computer_6)'
        else:
            if computer_7_running <= 1.0:
                if computer_2_running <= 0.0:
                    return '(reboot_computer_1)'
                else:
                    return '(reboot_computer_5)'
            else:
                return '(reboot_computer_0)'
    else:
        if computer_3_running <= 0.0:
            if computer_7_running <= 1.0:
                if computer_2_running <= 0.0:
                    return '__random__'
                else:
                    return '(reboot_computer_4)'
            else:
                return '(reboot_computer_0)'
        else:
            if computer_2_running <= 0.0:
                if computer_1_running <= 0.0:
                    if computer_5_running <= 0.0:
                        return '(reboot_computer_7)'
                    else:
                        return '(reboot_computer_2)'
                else:
                    if computer_7_running <= 0.0:
                        return '(reboot_computer_7)'
                    else:
                        return '(reboot_computer_0)'
            else:
                if computer_6_running <= 0.0:
                    return '(reboot_computer_0)'
                else:
                    if computer_0_running <= 0.0:
                        return '(reboot_computer_0)'
                    else:
                        return '(reboot_computer_4)'
Optimal decision tree (depth=6) value: 213.91082406816528
Writing result files...
