Solving...
Starting with fixed depth 8
Set parameter Username
Academic license - for non-commercial use only - expires 2025-09-20
Set parameter Threads to value 1
Set parameter TimeLimit to value 1200
Gurobi Optimizer version 10.0.0 build v10.0.0rc2 (linux64)

CPU model: AMD EPYC 9124 16-Core Processor, instruction set [SSE2|AVX|AVX2|AVX512]
Thread count: 32 physical cores, 64 logical processors, using up to 1 threads

Optimize a model with 724223 rows, 77040 columns and 7031130 nonzeros
Model fingerprint: 0xcadf6dc4
Variable types: 2560 continuous, 74480 integer (74480 binary)
Coefficient statistics:
  Matrix range     [4e-12, 1e+02]
  Objective range  [4e-01, 8e+00]
  Bounds range     [1e+00, 1e+02]
  RHS range        [1e+00, 8e+00]
Presolve removed 4905 rows and 4335 columns (presolve time = 5s) ...
Presolve removed 4879 rows and 4309 columns
Presolve time: 8.46s
Presolved: 719344 rows, 72731 columns, 6994474 nonzeros
Variable types: 2586 continuous, 70145 integer (70145 binary)
Root relaxation presolved: 72731 rows, 792075 columns, 7067205 nonzeros


Root simplex log...

Iteration    Objective       Primal Inf.    Dual Inf.      Time
       0    9.9506700e+04   0.000000e+00   2.394242e+07     17s
Warning: Markowitz tolerance tightened to 0.03125
   35255    5.9378669e+04   0.000000e+00   1.574577e+10     20s
   37853    5.3206741e+04   0.000000e+00   2.316061e+08     25s
   40104    4.6612026e+04   0.000000e+00   1.863993e+09     30s
   42291    4.0064929e+04   0.000000e+00   2.527691e+09     35s
   44329    3.0247356e+04   0.000000e+00   7.095082e+09     40s
   46466    2.6476269e+04   0.000000e+00   6.474095e+07     45s
   48433    2.2834522e+04   0.000000e+00   3.552170e+08     50s
   50370    2.0050284e+04   0.000000e+00   1.884125e+07     55s
   52368    1.6899957e+04   0.000000e+00   7.618958e+08     60s
   54436    1.4006110e+04   0.000000e+00   1.925950e+08     65s
   56549    1.2731716e+04   0.000000e+00   1.372494e+08     70s
   58613    1.0728896e+04   0.000000e+00   1.067535e+08     75s
   60488    8.6511661e+03   0.000000e+00   1.183921e+09     80s
   62654    6.2003866e+03   0.000000e+00   4.852525e+07     85s
   64696    3.1800558e+03   0.000000e+00   1.963594e+08     90s
   66884    1.1871547e+03   0.000000e+00   9.049274e+07     95s
   69357    3.2238085e+02   0.000000e+00   2.590094e+06    100s
   75017    2.3704718e+02   0.000000e+00   1.645651e+06    105s
   78710    2.2397010e+02   0.000000e+00   0.000000e+00    110s
   78748    2.2397010e+02   0.000000e+00   0.000000e+00    111s
Extra simplex iterations from dual to original model: 38

Root relaxation: objective 2.239701e+02, 78748 iterations, 97.73 seconds (319.50 work units)
Total elapsed time = 166.50s
Total elapsed time = 177.34s
Total elapsed time = 186.40s

    Nodes    |    Current Node    |     Objective Bounds      |     Work
 Expl Unexpl |  Obj  Depth IntInf | Incumbent    BestBd   Gap | It/Node Time

     0     0  223.97010    0 1667          -  223.97010      -     -  189s
H    0     0                      79.9709718  223.97010   180%     -  195s
     0     0  223.97010    0 4185   79.97097  223.97010   180%     -  219s
     0     0  223.97010    0 4185   79.97097  223.97010   180%     -  222s
     0     0  223.97010    0 1559   79.97097  223.97010   180%     -  306s
     0     0  223.97010    0 1456   79.97097  223.97010   180%     -  312s
     0     0  223.97010    0 1799   79.97097  223.97010   180%     -  393s
H    0     0                     199.3247746  223.97010  12.4%     -  400s
     0     0  223.97010    0 1796  199.32477  223.97010  12.4%     -  400s
     0     0  223.97010    0 1501  199.32477  223.97010  12.4%     -  488s
     0     0  223.97010    0 1277  199.32477  223.97010  12.4%     -  494s
     0     0  223.97010    0 1124  199.32477  223.97010  12.4%     -  555s
H    0     0                     199.3616999  223.97010  12.3%     -  558s
     0     0  223.97010    0  903  199.36170  223.97010  12.3%     -  560s
     0     0  223.97010    0 1041  199.36170  223.97010  12.3%     -  605s
H    0     0                     199.5975062  223.97010  12.2%     -  606s
     0     0  223.97010    0 2093  199.59751  223.97010  12.2%     -  612s
     0     0  223.97010    0  978  199.59751  223.97010  12.2%     -  672s
     0     0  223.97010    0 1229  199.59751  223.97010  12.2%     -  679s
     0     0  223.97010    0 1024  199.59751  223.97010  12.2%     -  763s
     0     0  223.97010    0 1024  199.59751  223.97010  12.2%     -  778s
H    0     0                     200.1252499  223.97010  11.9%     -  809s
     0     2  223.97010    0 1024  200.12525  223.97010  11.9%     -  836s
     2     4  223.97010    1 2541  200.12525  223.97010  11.9%  1831  840s
     4     6  223.97010    2 3179  200.12525  223.97010  11.9%  1077  845s
     7     9  223.97010    4 2026  200.12525  223.97010  11.9%   654  850s
    10    12  223.97010    6 3086  200.12525  223.97010  11.9%   487  855s
    13    15  223.97010    8 3311  200.12525  223.97010  11.9%   396  860s
    15    17  223.97010   10 3343  200.12525  223.97010  11.9%   348  865s
    16    18  223.97010   10 3277  200.12525  223.97010  11.9%   327  871s
    19    21  223.97010   12 3277  200.12525  223.97010  11.9%   276  880s
    23    25  223.97010   15 3525  200.12525  223.97010  11.9%   234  885s
    27    29  223.97010   18 3484  200.12525  223.97010  11.9%   215  926s
    30    32  223.97010   20 1674  200.12525  223.97010  11.9%   360  948s
    31    33  223.97010   21 1762  200.12525  223.97010  11.9%   361  950s
    37    39  223.97010   24 4128  200.12525  223.97010  11.9%   344  955s
    48    50  223.97010   30 4870  200.12525  223.97010  11.9%   277  960s
H   52    52                     201.5111066  223.97010  11.1%   261  963s
H   54    54                     201.5111071  223.97010  11.1%   257  965s
    65    67  223.97010   42 3882  201.51111  223.97010  11.1%   221  970s
    74    76  223.97010   47 3804  201.51111  223.97010  11.1%   206  975s
H   78    78                     202.2547008  223.97010  10.7%   199  978s
    80    82  223.97010   50 1444  202.25470  223.97010  10.7%   280 1000s
    84    86  223.97010   52 3652  202.25470  223.97010  10.7%   283 1005s
    97    99  223.97010   60 3752  202.25470  223.97010  10.7%   251 1010s
   107   109  223.97010   66 3624  202.25470  223.97010  10.7%   229 1015s
   119   121  223.97010   73 3498  202.25470  223.97010  10.7%   207 1020s
   130   132  223.97010   80 2898  202.25470  223.97010  10.7%   192 1025s
   139   141  222.60803   85 2269  202.25470  223.97010  10.7%   185 1030s
   153   155  223.93416   96 1761  202.25470  223.97010  10.7%   173 1035s
   162   164  223.93416  102 1635  202.25470  223.97010  10.7%   166 1041s
   170   172  223.93416  107 2034  202.25470  223.97010  10.7%   165 1045s
H  182   182                     202.2547046  223.97010  10.7%   163 1052s
   189   191  223.93416  119 2321  202.25470  223.97010  10.7%   160 1057s
   201   203  223.93416  127 1737  202.25470  223.97010  10.7%   152 1060s
   212   214  223.93416  133 2615  202.25470  223.97010  10.7%   146 1065s
   219   221  217.71662  138 2430  202.25470  223.97010  10.7%   144 1070s
H  234   234                     202.3243223  223.97010  10.7%   136 1076s
   243   245  217.71662  153 2798  202.32432  223.97010  10.7%   134 1080s
   259   261  217.71662  163 3310  202.32432  223.97010  10.7%   126 1085s
   270   272  217.71662  170 2608  202.32432  223.97010  10.7%   121 1090s
   284   286  217.71662  179 2251  202.32432  223.97010  10.7%   117 1095s
   294   296  217.71662  187 1800  202.32432  223.97010  10.7%   114 1100s
   311   313  217.71662  204 1746  202.32432  223.97010  10.7%   108 1105s
   324   326  217.71662  214 1029  202.32432  223.97010  10.7%   105 1111s
   335   337  216.91144  221  911  202.32432  223.97010  10.7%   105 1116s
H  338   338                     202.3243953  223.97010  10.7%   104 1120s
   350   352  216.74531  229  789  202.32440  223.97010  10.7%   102 1125s
   358   360  216.24144  233  704  202.32440  223.97010  10.7%   100 1130s
H  364   364                     202.5997373  223.97010  10.5%  98.7 1133s
   368   370  216.60539  238  642  202.59974  223.97010  10.5%  98.3 1135s
   378   380  215.22343  243  590  202.59974  223.97010  10.5%  98.8 1141s
   385   387  211.70884  247  540  202.59974  223.97010  10.5%  98.6 1145s
   394   395  210.28361  251  460  202.59974  223.97010  10.5%  96.9 1150s
   408   400  207.59456  259  264  202.59974  223.97010  10.5%  94.5 1155s
H  416   406                     202.9294894  223.97010  10.4%  93.4 1165s
   431   423  204.36776  272   68  202.92949  223.97010  10.4%  91.4 1170s
   442   428  222.42308    4 1927  202.92949  223.97010  10.4%  90.4 1177s
   449   435  221.64641   10 1955  202.92949  223.97010  10.4%  89.7 1180s
   459   445  220.07890   20 2028  202.92949  223.97010  10.4%  88.2 1193s
   466   452  219.78685   27 2065  202.92949  223.97010  10.4%  87.0 1195s
   468   454  219.78685   29 2562  202.92949  223.97010  10.4%  87.0 1200s

Cutting planes:
  Implied bound: 81
  MIR: 10
  Flow cover: 143
  Zero half: 3
  Relax-and-lift: 2

Explored 469 nodes (216065 simplex iterations) in 1200.15 seconds (10807.49 work units)
Thread count was 1 (of 64 available processors)

Solution count 10: 202.929 202.6 202.324 ... 199.598

Time limit reached
Best objective 2.029294893983e+02, best bound 2.239700971550e+02, gap 10.3684%
Tree policy:
if computer_3_running <= 0.0:
    return '(reboot_computer_0)'
else:
    if computer_7_running <= 1.0:
        if computer_4_running <= 0.0:
            if computer_3_running <= 0.0:
                if computer_6_running <= 0.0:
                    return '(reboot_computer_0)'
                else:
                    if computer_7_running <= 0.0:
                        return '__random__'
                    else:
                        return '(reboot_computer_0)'
            else:
                if computer_3_running <= 0.0:
                    return '(reboot_computer_0)'
                else:
                    if computer_1_running <= 0.0:
                        if computer_5_running <= 0.0:
                            return '__random__'
                        else:
                            if computer_7_running <= 0.0:
                                return '(reboot_computer_7)'
                            else:
                                return '(reboot_computer_0)'
                    else:
                        if computer_3_running <= 0.0:
                            if computer_1_running <= 0.0:
                                return '(wait)'
                            else:
                                return '(reboot_computer_7)'
                        else:
                            if computer_0_running <= 0.0:
                                return '(wait)'
                            else:
                                return '(reboot_computer_4)'
        else:
            if computer_4_running <= 0.0:
                return '(reboot_computer_0)'
            else:
                if computer_5_running <= 0.0:
                    if computer_7_running <= 0.0:
                        if computer_3_running <= 0.0:
                            return '(reboot_computer_0)'
                        else:
                            return '(reboot_computer_7)'
                    else:
                        if computer_2_running <= 0.0:
                            return '(reboot_computer_0)'
                        else:
                            return '(reboot_computer_5)'
                else:
                    if computer_1_running <= 0.0:
                        if computer_7_running <= 0.0:
                            return '(reboot_computer_0)'
                        else:
                            return '__random__'
                    else:
                        return '(reboot_computer_0)'
    else:
        return '(reboot_computer_0)'
Optimal decision tree (depth=8) value: 202.92948939827974
Writing result files...
