Solving...
Starting with fixed depth 2
Set parameter Username
Academic license - for non-commercial use only - expires 2025-09-20
Set parameter Threads to value 1
Set parameter TimeLimit to value 1200
Gurobi Optimizer version 10.0.0 build v10.0.0rc2 (linux64)

CPU model: AMD EPYC 9124 16-Core Processor, instruction set [SSE2|AVX|AVX2|AVX512]
Thread count: 32 physical cores, 64 logical processors, using up to 1 threads

Optimize a model with 14087 rows, 5976 columns and 189378 nonzeros
Model fingerprint: 0x961d92c3
Variable types: 2560 continuous, 3416 integer (3416 binary)
Coefficient statistics:
  Matrix range     [4e-12, 1e+02]
  Objective range  [4e-01, 8e+00]
  Bounds range     [1e+00, 1e+02]
  RHS range        [1e+00, 2e+00]
Presolve removed 42 rows and 35 columns
Presolve time: 0.25s
Presolved: 14045 rows, 5941 columns, 186049 nonzeros
Variable types: 2586 continuous, 3355 integer (3355 binary)
Warning: Markowitz tolerance tightened to 0.03125

Root relaxation: objective 2.239701e+02, 8124 iterations, 1.33 seconds (5.06 work units)

    Nodes    |    Current Node    |     Objective Bounds      |     Work
 Expl Unexpl |  Obj  Depth IntInf | Incumbent    BestBd   Gap | It/Node Time

     0     0  223.97010    0  852          -  223.97010      -     -    3s
     0     0  223.97010    0  733          -  223.97010      -     -    6s
     0     0  223.97010    0  729          -  223.97010      -     -    6s
     0     0  223.97010    0  661          -  223.97010      -     -    7s
     0     0  223.97010    0  661          -  223.97010      -     -    7s
     0     0  223.97010    0  705          -  223.97010      -     -    8s
     0     0  223.97010    0  844          -  223.97010      -     -    8s
     0     0  223.97010    0  699          -  223.97010      -     -    9s
     0     0  223.97010    0 1071          -  223.97010      -     -    9s
     0     0  223.97010    0  870          -  223.97010      -     -   10s
     0     0  223.97010    0  841          -  223.97010      -     -   10s
     0     0  223.97010    0  670          -  223.97010      -     -   11s
     0     0  223.97010    0  649          -  223.97010      -     -   11s
     0     2  223.97010    0  649          -  223.97010      -     -   17s
    22    24  221.52522   12 1300          -  223.97010      -   683   20s
*   31    21              18     199.3720139  223.97010  12.3%   575   21s
    59    40  211.98877   25  414  199.37201  223.97010  12.3%   398   25s
*   78    52              40     201.5998987  223.97010  11.1%   334   26s
   116    62  223.97010    4 1172  201.59990  223.97010  11.1%   295   30s
   181    91 infeasible   11       201.59990  223.97010  11.1%   272   35s
H  253   127                     201.5998988  223.97010  11.1%   212   40s
   345   145  223.97010    4  945  201.59990  223.97010  11.1%   207   45s
   399   178  223.97010    8 1039  201.59990  223.97010  11.1%   217   50s
   538   226  202.21577   18  594  201.59990  223.97010  11.1%   192   56s
   556   227  223.97010   15  997  201.59990  223.97010  11.1%   206   60s
   690   258  219.49092   23 1092  201.59990  223.97010  11.1%   197   65s
   733   269     cutoff   22       201.59990  223.97010  11.1%   205   70s
H  767   273                     201.5998993  223.97010  11.1%   211   73s
   791   277  223.84056    8 1056  201.59990  223.96989  11.1%   218   75s
   852   288  222.57383   16  939  201.59990  223.96972  11.1%   231   80s
   911   293  210.31546   17 1001  201.59990  223.95427  11.1%   234   85s
*  938   293              11     201.9430102  223.93272  10.9%   237   87s
   968   287  223.90927   14  845  201.94301  223.90927  10.9%   238   90s
  1034   296 infeasible   16       201.94301  223.84498  10.8%   243   95s
  1069   310  202.82841   19  666  201.94301  223.84498  10.8%   244  100s
  1165   333     cutoff   18       201.94301  223.84498  10.8%   248  105s
  1195   332  223.81280   14  821  201.94301  223.84498  10.8%   258  111s
  1249   344     cutoff   26       201.94301  223.84498  10.8%   263  115s
  1267   346  202.04188   19  433  201.94301  223.84498  10.8%   269  120s
  1329   356  208.53066   18  486  201.94301  223.84498  10.8%   272  125s
H 1332   353                     201.9430103  223.84498  10.8%   272  125s
* 1341   298              23     206.3584547  223.84498  8.47%   273  126s
H 1363   296                     206.3586028  223.84498  8.47%   273  134s
  1372   301  220.82430   18 1017  206.35860  223.84498  8.47%   276  135s
  1439   311  215.30341   18 1368  206.35860  223.84498  8.47%   277  140s
  1521   327 infeasible   16       206.35860  223.84498  8.47%   283  145s
  1531   334  207.32431   20  649  206.35860  223.84498  8.47%   283  150s
  1536   337  223.81280   16  962  206.35860  223.84498  8.47%   283  156s
  1541   342  218.24772   12  649  206.35860  223.84498  8.47%   295  160s
  1545   345  210.64697   35  910  206.35860  223.84498  8.47%   294  170s
  1551   350  217.38579   18  748  206.35860  223.84498  8.47%   302  186s
  1556   354  213.10875    7  713  206.35860  223.84498  8.47%   310  191s
  1561   358  220.93161   20 1014  206.35860  223.84498  8.47%   319  198s
H 1561   340                     206.3586335  223.84498  8.47%   319  199s
  1563   342  215.64347   17 1002  206.35863  223.84498  8.47%   318  225s
H 1566   327                     206.3586335  223.84498  8.47%   329  228s
  1569   329  221.04460   17  756  206.35863  223.84498  8.47%   328  264s
  1571   331  223.04728   14  649  206.35863  223.84498  8.47%   337  265s
  1575   334  216.85731   16  720  206.35863  223.84498  8.47%   336  278s
  1579   337  223.36606   17  920  206.35863  223.84498  8.47%   345  282s
  1581   339  212.41880   11  920  206.35863  223.84498  8.47%   344  299s
  1583   341  223.17195   17  649  206.35863  223.84498  8.47%   354  300s
  1587   344  211.38642   14  817  206.35863  223.84498  8.47%   353  359s
  1588   344  211.93030   31  817  206.35863  223.84498  8.47%   353  360s
  1614   359  222.87216  125 1048  206.35863  223.84498  8.47%   361  365s
  1635   369  208.13567  135  893  206.35863  223.84498  8.47%   364  370s
H 1642   346                     206.3588310  223.84498  8.47%   363  373s
  1652   350  207.43811  121  371  206.35883  223.84498  8.47%   364  375s
  1673   353  219.78491  121 1091  206.35883  223.84498  8.47%   366  380s
  1690   348  223.63825  122  926  206.35883  223.84498  8.47%   370  385s
  1710   348  223.19931  121  759  206.35883  223.84498  8.47%   372  390s
  1724   345     cutoff  125       206.35883  223.84498  8.47%   377  395s
  1744   346  209.88989  127  819  206.35883  223.84498  8.47%   378  400s
  1767   342  222.22153  118  885  206.35883  223.84498  8.47%   378  405s
  1784   343  222.13058  118  925  206.35883  223.81532  8.46%   381  410s
  1811   344  208.15790  134  543  206.35883  223.81486  8.46%   381  415s
  1833   349  209.15505  123  373  206.35883  223.70517  8.41%   382  420s
* 1836   324             125     207.4734005  223.70517  7.82%   382  420s
  1859   321  222.38332  120  636  207.47340  223.70517  7.82%   383  425s
  1884   315     cutoff  120       207.47340  223.59518  7.77%   384  430s
H 1887   299                     207.4740753  223.51991  7.73%   384  430s
  1914   302  216.43401  124 1089  207.47408  222.89921  7.43%   385  435s
  1934   296  219.00342  124 1562  207.47408  222.84464  7.41%   388  440s
  1958   290  221.84522  125 1127  207.47408  222.38332  7.19%   386  445s
H 1975   273                     207.4740756  222.38332  7.19%   386  458s
  1985   274     cutoff  127       207.47408  222.38332  7.19%   387  460s
  2015   271  222.16811  122  749  207.47408  222.36364  7.18%   387  465s
  2048   275 infeasible  133       207.47408  222.36364  7.18%   386  470s
  2068   273  215.57029  128 1028  207.47408  222.36364  7.18%   387  475s
  2106   276  213.90931  127 1164  207.47408  222.36364  7.18%   385  481s
  2123   272  207.93145  125  724  207.47408  222.36364  7.18%   386  485s
H 2133   250                     208.5303593  222.36364  6.63%   386  490s
  2157   251  211.48861  126  777  208.53036  222.36364  6.63%   386  495s
  2179   251  209.04686  124  542  208.53036  222.36364  6.63%   388  500s
  2213   247  209.00802  126  447  208.53036  222.35598  6.63%   386  505s
  2246   241  209.72667  130  590  208.53036  222.35586  6.63%   386  510s
  2285   244  210.48951  124  458  208.53036  222.31657  6.61%   385  515s
  2353   236  211.65036  134  321  208.53036  222.29616  6.60%   381  520s
H 2412   214                     209.9492746  222.28837  5.88%   376  527s
  2456   228  218.50710  125  499  209.94927  222.23874  5.85%   374  530s
  2520   240  212.95103  132  704  209.94927  222.23874  5.85%   374  535s
  2582   248  217.19429  126  778  209.94927  222.15716  5.81%   373  540s
  2623   265     cutoff  125       209.94927  222.13058  5.80%   372  545s
  2697   279  220.16054  125  601  209.94927  221.96387  5.72%   370  550s
  2771   299  221.91208  127 1145  209.94927  221.92057  5.70%   369  555s
  2842   311  211.80352  128  505  209.94927  221.84477  5.67%   370  560s
  2877   312     cutoff  125       209.94927  221.80284  5.65%   370  565s
H 2893   312                     209.9497431  221.79084  5.64%   370  568s
  2914   321  213.23984  136  915  209.94974  221.77786  5.63%   369  570s
  3025   335  221.62649  119 1009  209.94974  221.71230  5.60%   365  575s
H 3027   335                     209.9505801  221.71230  5.60%   365  577s
  3081   339  217.25854  127  539  209.95058  221.61718  5.56%   364  580s
  3150   350  221.59288  121 1003  209.95058  221.59288  5.55%   364  585s
  3221   345  218.25780  125  716  209.95058  221.25396  5.38%   365  590s
  3290   350     cutoff  126       209.95058  221.16389  5.34%   366  595s
  3332   344     cutoff  125       209.95058  221.06305  5.29%   368  600s
  3360   347     cutoff  132       209.95058  221.04332  5.28%   374  605s
  3455   359  217.29565  132  821  209.95058  220.78089  5.16%   371  610s
  3496   362     cutoff  130       209.95058  220.76596  5.15%   371  615s
  3541   366  218.74228  125  873  209.95058  220.71057  5.13%   371  621s
  3616   375     cutoff  132       209.95058  220.65738  5.10%   369  625s
  3681   375  211.88978  124  715  209.95058  220.54059  5.04%   369  630s
  3759   381  213.23741  121 1131  209.95058  220.34264  4.95%   369  635s
  3839   381  219.26860  127  608  209.95058  220.16054  4.86%   369  640s
  3905   371  219.99437  122  962  209.95058  219.99437  4.78%   370  645s
  3943   367  211.96097  129  798  209.95058  219.86035  4.72%   369  657s
  3959   364     cutoff  130       209.95058  219.80158  4.69%   369  661s
  3976   363  214.86540  127  929  209.95058  219.68256  4.64%   370  665s
  4026   353     cutoff  131       209.95058  219.38903  4.50%   370  670s
  4047   351     cutoff  130       209.95058  219.32700  4.47%   370  675s
  4055   351  216.29861  125  890  209.95058  219.30961  4.46%   370  690s
  4062   350  219.00835  125  953  209.95058  219.30961  4.46%   369  695s
  4107   342 infeasible  122       209.95058  219.19104  4.40%   369  700s
  4176   336  217.01679  132  727  209.95058  219.02625  4.32%   368  707s
  4209   329     cutoff  125       209.95058  218.93036  4.28%   368  710s
  4232   330     cutoff  127       209.95058  218.90473  4.26%   368  715s
  4270   328  215.46569  129 1023  209.95058  218.75541  4.19%   370  720s
  4322   331 infeasible  132       209.95058  218.69670  4.17%   368  725s
  4375   326  211.14282  125  514  209.95058  218.38189  4.02%   368  730s
  4407   322  218.36061  125  823  209.95058  218.36061  4.01%   367  735s
  4429   321  215.99508  130 1018  209.95058  218.29281  3.97%   367  743s
  4462   317  214.21275  124  958  209.95058  218.18964  3.92%   367  745s
  4499   303  211.32320  130  454  209.95058  217.96256  3.82%   369  750s
  4551   305  214.41656  130  821  209.95058  217.90655  3.79%   367  758s
  4563   302 infeasible  129       209.95058  217.90637  3.79%   367  760s
  4611   298  211.51298  134  780  209.95058  217.72865  3.70%   367  768s
  4613   296     cutoff  135       209.95058  217.72865  3.70%   367  771s
  4658   295     cutoff  135       209.95058  217.70634  3.69%   365  777s
  4683   292  211.34353  128  498  209.95058  217.60024  3.64%   366  780s
  4734   279  216.13505  126  596  209.95058  217.43174  3.56%   366  786s
  4780   273  217.10735  124 1036  209.95058  217.27496  3.49%   365  790s
  4826   262  215.43837  129  910  209.95058  216.92843  3.32%   367  795s
  4845   257     cutoff  131       209.95058  216.82255  3.27%   367  800s
  4911   246     cutoff  127       209.95058  216.44472  3.09%   366  806s
  4928   243  213.73852  128  926  209.95058  216.41849  3.08%   366  810s
  4958   234     cutoff  124       209.95058  216.30282  3.03%   367  815s
  5008   216  211.42285  130  485  209.95058  216.00727  2.88%   367  820s
  5056   199 infeasible  126       209.95058  215.50828  2.65%   367  826s
  5103   180 infeasible  124       209.95058  215.05387  2.43%   368  830s
  5151   170  211.25507  132  536  209.95058  214.65099  2.24%   367  835s
  5202   154  214.19061  135  724  209.95058  214.22152  2.03%   366  844s
  5207   151     cutoff  131       209.95058  214.13991  2.00%   366  845s
  5223   148     cutoff  132       209.95058  214.00531  1.93%   366  850s
  5285   127  213.48127  127 1035  209.95058  213.48127  1.68%   366  855s
  5314   119  211.83001  128  515  209.95058  213.09337  1.50%   366  860s
  5383    99  211.51766  134  553  209.95058  212.72142  1.32%   365  867s
  5436    68  212.00169  124  317  209.95058  212.00169  0.98%   363  870s
H 5445    63                     209.9507201  212.00169  0.98%   364  874s
  5457    63 infeasible  130       209.95072  212.00169  0.98%   364  875s
  5485    56  211.23230  128  860  209.95072  211.99028  0.97%   364  880s

Cutting planes:
  Flow cover: 1

Explored 5565 nodes (2041274 simplex iterations) in 884.87 seconds (2819.99 work units)
Thread count was 1 (of 64 available processors)

Solution count 10: 209.951 209.951 209.95 ... 206.359

Optimal solution found (tolerance 1.00e-04)
Best objective 2.099507201356e+02, best bound 2.099507201356e+02, gap 0.0000%
Tree policy:
if computer_5_running <= 0.0:
    if computer_6_running <= 0.0:
        return '(reboot_computer_0)'
    else:
        return '(reboot_computer_4)'
else:
    if computer_5_running <= 0.0:
        return '(reboot_computer_2)'
    else:
        return '(reboot_computer_0)'
Optimal decision tree (depth=2) value: 209.9507201355646
Writing result files...
