Solving...
Starting with fixed depth 5
Set parameter Username
Academic license - for non-commercial use only - expires 2025-09-20
Set parameter Threads to value 1
Set parameter TimeLimit to value 1200
Gurobi Optimizer version 10.0.0 build v10.0.0rc2 (linux64)

CPU model: AMD EPYC 9124 16-Core Processor, instruction set [SSE2|AVX|AVX2|AVX512]
Thread count: 32 physical cores, 64 logical processors, using up to 1 threads

Optimize a model with 3049758 rows, 370395 columns and 39425471 nonzeros
Model fingerprint: 0x53d04557
Variable types: 86254 continuous, 284141 integer (284141 binary)
Coefficient statistics:
  Matrix range     [1e-04, 1e+04]
  Objective range  [1e+00, 1e+00]
  Bounds range     [1e+00, 1e+04]
  RHS range        [1e+00, 5e+00]
Presolve removed 465 rows and 186 columns (presolve time = 5s) ...
Presolve removed 465 rows and 186 columns (presolve time = 11s) ...
Presolve removed 465 rows and 186 columns (presolve time = 15s) ...
Presolve removed 465 rows and 186 columns (presolve time = 20s) ...
Presolve removed 465 rows and 186 columns (presolve time = 25s) ...
Presolve removed 465 rows and 186 columns (presolve time = 30s) ...
Presolve removed 465 rows and 186 columns (presolve time = 36s) ...
Presolve removed 465 rows and 186 columns (presolve time = 41s) ...
Presolve removed 465 rows and 186 columns (presolve time = 45s) ...
Presolve removed 465 rows and 186 columns (presolve time = 50s) ...
Presolve removed 465 rows and 186 columns (presolve time = 55s) ...
Presolve removed 465 rows and 186 columns (presolve time = 60s) ...
Presolve removed 465 rows and 186 columns
Presolve time: 64.07s
Presolved: 3049293 rows, 370209 columns, 37594680 nonzeros
Variable types: 86254 continuous, 283955 integer (283955 binary)
Found heuristic solution: objective 0.0933933
Root relaxation presolved: 370209 rows, 3419502 columns, 37964889 nonzeros


Root simplex log...

Iteration    Objective       Primal Inf.    Dual Inf.      Time
       0      handle free variables                        114s
   30538      handle free variables                        115s
   52918      handle free variables                        121s
   74854      handle free variables                        126s
   84484      handle free variables                        130s
   95004      handle free variables                        135s
  106474      handle free variables                        140s
  114929    9.4394073e-02   0.000000e+00   0.000000e+00    145s
  114929    9.4394073e-02   0.000000e+00   0.000000e+00    146s

Use crossover to convert LP symmetric solution to basic solution...

Root crossover log...

    7892 DPushes remaining with DInf 0.0000000e+00               148s
       0 DPushes remaining with DInf 0.0000000e+00               149s

   11278 PPushes remaining with PInf 0.0000000e+00               149s
       0 PPushes remaining with PInf 0.0000000e+00               152s

  Push phase complete: Pinf 0.0000000e+00, Dinf 1.0581714e+03    152s


Root simplex log...

Iteration    Objective       Primal Inf.    Dual Inf.      Time
  134097    9.4394073e-02   0.000000e+00   1.058171e+03    152s
  134120    9.4394073e-02   0.000000e+00   0.000000e+00    153s
  134120    9.4394073e-02   0.000000e+00   0.000000e+00    154s
  134120    9.4394073e-02   0.000000e+00   0.000000e+00    156s

Root relaxation: objective 9.439407e-02, 134120 iterations, 67.77 seconds (328.28 work units)

    Nodes    |    Current Node    |     Objective Bounds      |     Work
 Expl Unexpl |  Obj  Depth IntInf | Incumbent    BestBd   Gap | It/Node Time

     0     0    0.09439    0 18001    0.09339    0.09439  1.07%     -  432s
H    0     0                       0.0934630    0.09439  1.00%     -  437s
     0     0    0.09439    0 11667    0.09346    0.09439  1.00%     -  546s
     0     0    0.09439    0 11885    0.09346    0.09439  1.00%     - 1200s

Cutting planes:
  Gomory: 1
  Lift-and-project: 4
  Implied bound: 5
  MIR: 35
  Flow cover: 37
  Zero half: 259
  RLT: 1

Explored 1 nodes (202698 simplex iterations) in 1200.21 seconds (3008.03 work units)
Thread count was 1 (of 64 available processors)

Solution count 2: 0.093463 0.0933933 

Time limit reached
Best objective 9.346298277107e-02, best bound 9.439407263607e-02, gap 0.9962%
Tree policy:
if counter <= 136.0:
    return '__random__'
else:
    if coin2 <= 1.0:
        if counter <= 136.0:
            return 'done'
        else:
            return '__random__'
    else:
        return '__random__'
Optimal decision tree (depth=5) value: 0.09346298277106507
Writing result files...
