Solving...
Starting with fixed depth 7
Set parameter Username
Academic license - for non-commercial use only - expires 2025-09-20
Set parameter Threads to value 1
Set parameter TimeLimit to value 1200
Gurobi Optimizer version 10.0.0 build v10.0.0rc2 (linux64)

CPU model: AMD EPYC 9124 16-Core Processor, instruction set [SSE2|AVX|AVX2|AVX512]
Thread count: 32 physical cores, 64 logical processors, using up to 1 threads

Optimize a model with 11921790 rows, 983163 columns and 180184095 nonzeros
Model fingerprint: 0x72d9d114
Variable types: 86254 continuous, 896909 integer (896909 binary)
Coefficient statistics:
  Matrix range     [1e-04, 1e+04]
  Objective range  [1e+00, 1e+00]
  Bounds range     [1e+00, 1e+04]
  RHS range        [1e+00, 7e+00]
Presolve removed 0 rows and 635 columns (presolve time = 6s) ...
Presolve removed 127 rows and 762 columns (presolve time = 10s) ...
Presolve removed 1905 rows and 762 columns (presolve time = 16s) ...
Presolve removed 1905 rows and 762 columns (presolve time = 20s) ...
Presolve removed 1905 rows and 762 columns (presolve time = 26s) ...
Presolve removed 1905 rows and 762 columns (presolve time = 36s) ...
Presolve removed 1905 rows and 762 columns (presolve time = 41s) ...
Presolve removed 1905 rows and 762 columns (presolve time = 48s) ...
Presolve removed 1905 rows and 762 columns (presolve time = 53s) ...
Presolve removed 1905 rows and 762 columns (presolve time = 55s) ...
Presolve removed 1905 rows and 762 columns (presolve time = 60s) ...
Presolve removed 1905 rows and 762 columns (presolve time = 65s) ...
Presolve removed 1905 rows and 762 columns (presolve time = 70s) ...
Presolve removed 1905 rows and 762 columns (presolve time = 75s) ...
Presolve removed 1905 rows and 762 columns (presolve time = 80s) ...
Presolve removed 1905 rows and 762 columns (presolve time = 87s) ...
Presolve removed 1905 rows and 762 columns (presolve time = 95s) ...
Presolve removed 1905 rows and 762 columns (presolve time = 96s) ...
Presolve removed 1905 rows and 762 columns (presolve time = 100s) ...
Presolve removed 1905 rows and 762 columns (presolve time = 105s) ...
Presolve removed 1905 rows and 762 columns (presolve time = 110s) ...
Presolve removed 1905 rows and 762 columns (presolve time = 115s) ...
Presolve removed 1905 rows and 762 columns (presolve time = 120s) ...
Presolve removed 1905 rows and 762 columns (presolve time = 125s) ...
Presolve removed 1905 rows and 762 columns (presolve time = 130s) ...
Presolve removed 1905 rows and 762 columns (presolve time = 135s) ...
Presolve removed 1905 rows and 762 columns (presolve time = 140s) ...
Presolve removed 1905 rows and 762 columns (presolve time = 145s) ...
Presolve removed 1905 rows and 762 columns (presolve time = 150s) ...
Presolve removed 1905 rows and 762 columns (presolve time = 155s) ...
Presolve removed 1905 rows and 762 columns (presolve time = 160s) ...
Presolve removed 1905 rows and 762 columns (presolve time = 165s) ...
Presolve removed 1905 rows and 762 columns (presolve time = 170s) ...
Presolve removed 1905 rows and 762 columns (presolve time = 175s) ...
Presolve removed 1905 rows and 762 columns (presolve time = 180s) ...
Presolve removed 1905 rows and 762 columns (presolve time = 185s) ...
Presolve removed 1905 rows and 762 columns (presolve time = 191s) ...
Presolve removed 1905 rows and 762 columns (presolve time = 201s) ...
Presolve removed 1905 rows and 762 columns (presolve time = 206s) ...
Presolve removed 1905 rows and 762 columns (presolve time = 210s) ...
Presolve removed 1905 rows and 762 columns (presolve time = 215s) ...
Presolve removed 1905 rows and 762 columns (presolve time = 220s) ...
Presolve removed 1905 rows and 762 columns (presolve time = 225s) ...
Presolve removed 1905 rows and 762 columns (presolve time = 232s) ...
Presolve removed 1905 rows and 762 columns (presolve time = 236s) ...
Presolve removed 1905 rows and 762 columns (presolve time = 240s) ...
Presolve removed 1905 rows and 762 columns (presolve time = 246s) ...
Presolve removed 1905 rows and 762 columns (presolve time = 250s) ...
Presolve removed 1905 rows and 762 columns (presolve time = 255s) ...
Presolve removed 1905 rows and 762 columns (presolve time = 260s) ...
Presolve removed 1905 rows and 762 columns (presolve time = 265s) ...
Presolve removed 1905 rows and 762 columns (presolve time = 277s) ...
Presolve removed 1905 rows and 762 columns (presolve time = 284s) ...
Presolve removed 1905 rows and 762 columns
Presolve time: 283.88s
Presolved: 11919885 rows, 982401 columns, 172703924 nonzeros
Variable types: 86254 continuous, 896147 integer (896147 binary)
Found heuristic solution: objective 0.0933933
Root relaxation presolved: 982401 rows, 12902286 columns, 173686325 nonzeros


Root simplex log...

Iteration    Objective       Primal Inf.    Dual Inf.      Time
       0      handle free variables                        520s
  154145      handle free variables                        528s
  157775      handle free variables                        530s
  165405      handle free variables                        536s
  173155      handle free variables                        542s
  177195      handle free variables                        545s
  185115      handle free variables                        551s
  193645      handle free variables                        558s
  197835      handle free variables                        561s
  206545      handle free variables                        568s
  210925      handle free variables                        572s
  215625      handle free variables                        575s
  224595      handle free variables                        583s
  229505      handle free variables                        586s
  249547      handle free variables                        590s
  264298      handle free variables                        596s
  271328      handle free variables                        601s
  278648      handle free variables                        607s
  284378      handle free variables                        613s
  288258      handle free variables                        618s
  292218      handle free variables                        624s
  296218      handle free variables                        630s
  300258      handle free variables                        636s
  304348      handle free variables                        642s
  308478      handle free variables                        648s
  312648      handle free variables                        654s
  316858      handle free variables                        660s
  321108      handle free variables                        666s
  325398      handle free variables                        673s
  329728      handle free variables                        679s
  334098      handle free variables                        686s
  338508      handle free variables                        692s
  342958      handle free variables                        699s
  347458      handle free variables                        706s
  351998      handle free variables                        712s
  356578      handle free variables                        719s
  361198      handle free variables                        726s
  365868      handle free variables                        733s
  370578      handle free variables                        741s
  375328      handle free variables                        748s
  380128      handle free variables                        755s
  384968      handle free variables                        763s
  389858      handle free variables                        770s
  394788      handle free variables                        779s
  399758      handle free variables                        786s
  404778      handle free variables                        794s
  409838      handle free variables                        802s
  414948      handle free variables                        810s
  420098      handle free variables                        818s
  425298      handle free variables                        827s
  435319      handle free variables                        833s
  443957   -1.5716640e+31   5.234379e+34   1.571664e+01    837s
  445675   -3.9844527e+29   2.498864e+37   3.984464e-01    841s
  447549    9.2109474e-02   1.935550e-01   0.000000e+00    860s
  447550    9.4394073e-02   0.000000e+00   0.000000e+00    863s
  447550    9.4394073e-02   0.000000e+00   0.000000e+00    866s

Use crossover to convert LP symmetric solution to basic solution...

Root crossover log...

    8232 DPushes remaining with DInf 0.0000000e+00               873s
      17 DPushes remaining with DInf 0.0000000e+00               876s
       0 DPushes remaining with DInf 0.0000000e+00               877s

   40716 PPushes remaining with PInf 0.0000000e+00               878s
     809 PPushes remaining with PInf 0.0000000e+00               898s
       0 PPushes remaining with PInf 0.0000000e+00               902s

  Push phase complete: Pinf 0.0000000e+00, Dinf 8.0120186e+03    902s


Root simplex log...

Iteration    Objective       Primal Inf.    Dual Inf.      Time
  496497    9.4394073e-02   0.000000e+00   8.012019e+03    904s
  500087    9.4394073e-02   0.000000e+00   6.545734e+04    943s
  500557    9.4394073e-02   0.000000e+00   1.057494e+04    974s
  500757    9.4394073e-02   0.000000e+00   7.304823e+03    993s
  500867    9.4386927e-02   0.000000e+00   3.537741e+05   1011s
  500977    9.4381106e-02   0.000000e+00   1.392456e+06   1030s
  501087    9.4369434e-02   0.000000e+00   7.877923e+05   1049s
  501197    9.4362466e-02   0.000000e+00   3.407820e+07   1068s
  501307    9.4347208e-02   0.000000e+00   3.881614e+04   1087s
  501417    9.4338072e-02   0.000000e+00   1.027672e+05   1106s
  501527    9.4330061e-02   0.000000e+00   5.737630e+06   1125s
  501637    9.4322476e-02   0.000000e+00   4.565665e+05   1144s
  501757    9.4314911e-02   0.000000e+00   3.148393e+05   1163s
  501877    9.4308880e-02   0.000000e+00   6.756146e+06   1182s
  501987    9.4303691e-02   0.000000e+00   4.069547e+05   1200s

Root relaxation: time limit, 501987 iterations, 788.32 seconds (4508.55 work units)

    Nodes    |    Current Node    |     Objective Bounds      |     Work
 Expl Unexpl |  Obj  Depth IntInf | Incumbent    BestBd   Gap | It/Node Time

     0     0          -    0         0.09339  392.03920      -     - 1200s

Explored 1 nodes (501987 simplex iterations) in 1200.98 seconds (5320.46 work units)
Thread count was 1 (of 64 available processors)

Solution count 1: 0.0933933 

Time limit reached
Best objective 9.339330092320e-02, best bound 3.920392039204e+02, gap 419672.2963%
Tree policy:
if coin2 <= 1.0:
    return 'process2_cmd_9'
else:
    return '__random__'
Optimal decision tree (depth=7) value: 0.09339330092319562
Writing result files...
