Solving...
Starting with fixed depth 6
Set parameter Username
Academic license - for non-commercial use only - expires 2025-09-20
Set parameter Threads to value 1
Set parameter TimeLimit to value 1200
Gurobi Optimizer version 10.0.0 build v10.0.0rc2 (linux64)

CPU model: AMD EPYC 9124 16-Core Processor, instruction set [SSE2|AVX|AVX2|AVX512]
Thread count: 32 physical cores, 64 logical processors, using up to 1 threads

Optimize a model with 6007102 rows, 574651 columns and 84504927 nonzeros
Model fingerprint: 0xb1a9a029
Variable types: 86254 continuous, 488397 integer (488397 binary)
Coefficient statistics:
  Matrix range     [1e-04, 1e+04]
  Objective range  [1e+00, 1e+00]
  Bounds range     [1e+00, 1e+04]
  RHS range        [1e+00, 6e+00]
Presolve removed 945 rows and 378 columns (presolve time = 5s) ...
Presolve removed 945 rows and 378 columns (presolve time = 11s) ...
Presolve removed 945 rows and 378 columns (presolve time = 16s) ...
Presolve removed 945 rows and 378 columns (presolve time = 22s) ...
Presolve removed 945 rows and 378 columns (presolve time = 25s) ...
Presolve removed 945 rows and 378 columns (presolve time = 30s) ...
Presolve removed 945 rows and 378 columns (presolve time = 35s) ...
Presolve removed 945 rows and 378 columns (presolve time = 41s) ...
Presolve removed 945 rows and 378 columns (presolve time = 45s) ...
Presolve removed 945 rows and 378 columns (presolve time = 50s) ...
Presolve removed 945 rows and 378 columns (presolve time = 55s) ...
Presolve removed 945 rows and 378 columns (presolve time = 60s) ...
Presolve removed 945 rows and 378 columns (presolve time = 65s) ...
Presolve removed 945 rows and 378 columns (presolve time = 70s) ...
Presolve removed 945 rows and 378 columns (presolve time = 75s) ...
Presolve removed 945 rows and 378 columns (presolve time = 82s) ...
Presolve removed 945 rows and 378 columns (presolve time = 85s) ...
Presolve removed 945 rows and 378 columns (presolve time = 91s) ...
Presolve removed 945 rows and 378 columns (presolve time = 95s) ...
Presolve removed 945 rows and 378 columns (presolve time = 100s) ...
Presolve removed 945 rows and 378 columns (presolve time = 106s) ...
Presolve removed 945 rows and 378 columns (presolve time = 110s) ...
Presolve removed 945 rows and 378 columns (presolve time = 115s) ...
Presolve removed 945 rows and 378 columns (presolve time = 120s) ...
Presolve removed 945 rows and 378 columns (presolve time = 125s) ...
Presolve removed 945 rows and 378 columns (presolve time = 131s) ...
Presolve removed 945 rows and 378 columns
Presolve time: 134.34s
Presolved: 6006157 rows, 574273 columns, 80791308 nonzeros
Variable types: 86254 continuous, 488019 integer (488019 binary)
Found heuristic solution: objective 0.0933933
Root relaxation presolved: 574273 rows, 6580430 columns, 81365581 nonzeros


Root simplex log...

Iteration    Objective       Primal Inf.    Dual Inf.      Time
       0      handle free variables                        238s
   63425      handle free variables                        240s
   77085      handle free variables                        245s
   92995      handle free variables                        252s
  101865      handle free variables                        255s
  117720      handle free variables                        261s
  139970      handle free variables                        267s
  147000      handle free variables                        273s
  150620      handle free variables                        275s
  158050      handle free variables                        281s
  165740      handle free variables                        287s
  173710      handle free variables                        293s
  177800      handle free variables                        296s
  186190      handle free variables                        302s
  190490      handle free variables                        305s
  199280      handle free variables                        312s
  203750      handle free variables                        316s
  212920      handle free variables                        323s
  219495      handle free variables                        327s
  225468    9.4394054e-02   9.087860e-03   0.000000e+00    333s
  225470    9.4394054e-02   0.000000e+00   0.000000e+00    334s
  225470    9.4394054e-02   0.000000e+00   0.000000e+00    336s

Use crossover to convert LP symmetric solution to basic solution...

Root crossover log...

    9244 DPushes remaining with DInf 0.0000000e+00               339s
      24 DPushes remaining with DInf 0.0000000e+00               341s
       0 DPushes remaining with DInf 0.0000000e+00               342s

   18918 PPushes remaining with PInf 0.0000000e+00               343s
       0 PPushes remaining with PInf 0.0000000e+00               346s

  Push phase complete: Pinf 0.0000000e+00, Dinf 9.9972282e+02    346s


Root simplex log...

Iteration    Objective       Primal Inf.    Dual Inf.      Time
  253628    9.4394073e-02   0.000000e+00   9.997228e+02    347s
  253633    9.4394073e-02   0.000000e+00   0.000000e+00    349s
  253633    9.4394073e-02   0.000000e+00   0.000000e+00    351s
  253633    9.4394073e-02   0.000000e+00   0.000000e+00    354s

Root relaxation: objective 9.439407e-02, 253633 iterations, 169.45 seconds (852.21 work units)

    Nodes    |    Current Node    |     Objective Bounds      |     Work
 Expl Unexpl |  Obj  Depth IntInf | Incumbent    BestBd   Gap | It/Node Time

     0     0    0.09439    0 16877    0.09339    0.09439  1.07%     -  813s
H    0     0                       0.0934630    0.09439  1.00%     -  827s
     0     0    0.09439    0 11987    0.09346    0.09439  1.00%     -  977s
     0     0    0.09439    0 11987    0.09346    0.09439  1.00%     - 1206s

Cutting planes:
  Implied bound: 2
  Flow cover: 19
  Zero half: 1993
  Relax-and-lift: 2

Explored 1 nodes (297883 simplex iterations) in 1207.05 seconds (5859.20 work units)
Thread count was 1 (of 64 available processors)

Solution count 2: 0.093463 0.0933933 

Time limit reached
Best objective 9.346298277107e-02, best bound 9.439405401342e-02, gap 0.9962%
Tree policy:
return '__random__'
Optimal decision tree (depth=6) value: 0.09346298277106507
Writing result files...
