Solving...
Starting with fixed depth 2
Set parameter Username
Academic license - for non-commercial use only - expires 2025-09-20
Set parameter Threads to value 1
Set parameter TimeLimit to value 1200
Gurobi Optimizer version 10.0.0 build v10.0.0rc2 (linux64)

CPU model: AMD EPYC 9124 16-Core Processor, instruction set [SSE2|AVX|AVX2|AVX512]
Thread count: 32 physical cores, 64 logical processors, using up to 1 threads

Optimize a model with 462082 rows, 191671 columns and 3776123 nonzeros
Model fingerprint: 0xd1d01d26
Variable types: 86254 continuous, 105417 integer (105417 binary)
Coefficient statistics:
  Matrix range     [1e-04, 1e+04]
  Objective range  [1e+00, 1e+00]
  Bounds range     [1e+00, 1e+04]
  RHS range        [1e+00, 2e+00]
Presolve removed 45 rows and 18 columns (presolve time = 5s) ...
Presolve removed 45 rows and 18 columns
Presolve time: 8.31s
Presolved: 462037 rows, 191653 columns, 3596533 nonzeros
Variable types: 86254 continuous, 105399 integer (105399 binary)
Found heuristic solution: objective 0.0934630

Root simplex log...

Iteration    Objective       Primal Inf.    Dual Inf.      Time
       0    3.9203920e+02   3.055526e+04   0.000000e+00     13s
    6932    9.4303970e-02   3.527992e+00   0.000000e+00     15s
   10484    9.4394073e-02   0.000000e+00   0.000000e+00     20s

Use crossover to convert LP symmetric solution to basic solution...

Root crossover log...

    4889 DPushes remaining with DInf 0.0000000e+00                20s
       0 DPushes remaining with DInf 0.0000000e+00                20s

   15896 PPushes remaining with PInf 0.0000000e+00                20s
       0 PPushes remaining with PInf 0.0000000e+00                21s

  Push phase complete: Pinf 0.0000000e+00, Dinf 4.0081371e-13     21s


Root simplex log...

Iteration    Objective       Primal Inf.    Dual Inf.      Time
   28658    9.4394073e-02   0.000000e+00   0.000000e+00     21s

Root relaxation: objective 9.439407e-02, 28658 iterations, 9.66 seconds (34.49 work units)

    Nodes    |    Current Node    |     Objective Bounds      |     Work
 Expl Unexpl |  Obj  Depth IntInf | Incumbent    BestBd   Gap | It/Node Time

     0     0    0.09439    0 20266    0.09346    0.09439  1.00%     -   69s
     0     0    0.09439    0 20271    0.09346    0.09439  1.00%     -  101s
     0     0    0.09439    0 20272    0.09346    0.09439  1.00%     -  130s
     0     0    0.09439    0 11110    0.09346    0.09439  1.00%     -  217s
H    0     0                       0.0934658    0.09439  0.99%     -  302s
     0     0    0.09439    0 11111    0.09347    0.09439  0.99%     -  308s
     0     0    0.09439    0 11113    0.09347    0.09439  0.99%     -  413s
     0     0    0.09439    0 11113    0.09347    0.09439  0.99%     -  489s
     0     0    0.09439    0 11153    0.09347    0.09439  0.99%     -  597s
     0     0    0.09439    0 11143    0.09347    0.09439  0.99%     -  604s
     0     0    0.09439    0 11144    0.09347    0.09439  0.99%     -  703s
     0     0    0.09439    0 11117    0.09347    0.09439  0.99%     -  705s
     0     0    0.09439    0 11113    0.09347    0.09439  0.99%     -  783s
     0     0    0.09439    0 10233    0.09347    0.09439  0.99%     -  784s
     0     0    0.09439    0 22554    0.09347    0.09439  0.99%     -  911s
     0     0    0.09439    0 22554    0.09347    0.09439  0.99%     -  970s
H    0     0                       0.0934667    0.09439  0.99%     -  988s
     0     0    0.09439    0 22554    0.09347    0.09439  0.99%     - 1200s

Cutting planes:
  Gomory: 8
  Implied bound: 21
  MIR: 2
  Flow cover: 140
  Zero half: 112

Explored 1 nodes (233340 simplex iterations) in 1200.22 seconds (2486.47 work units)
Thread count was 1 (of 64 available processors)

Solution count 3: 0.0934667 0.0934658 0.093463 

Time limit reached
Best objective 9.346668164758e-02, best bound 9.439407263104e-02, gap 0.9922%
Tree policy:
if counter <= 191.0:
    if counter <= 189.0:
        return '__random__'
    else:
        return 'process1_cmd_0'
else:
    if counter <= 194.0:
        return 'done'
    else:
        return 'process2_cmd_8'
Optimal decision tree (depth=2) value: 0.09346668164758024
Writing result files...
