Solving...
Starting with fixed depth 8
Set parameter Username
Academic license - for non-commercial use only - expires 2025-09-20
Set parameter Threads to value 1
Set parameter TimeLimit to value 1200
Gurobi Optimizer version 10.0.0 build v10.0.0rc2 (linux64)

CPU model: AMD EPYC 9124 16-Core Processor, instruction set [SSE2|AVX|AVX2|AVX512]
Thread count: 32 physical cores, 64 logical processors, using up to 1 threads

Optimize a model with 23751166 rows, 1800187 columns and 382582943 nonzeros
Model fingerprint: 0x88126d17
Variable types: 86254 continuous, 1713933 integer (1713933 binary)
Coefficient statistics:
  Matrix range     [1e-04, 1e+04]
  Objective range  [1e+00, 1e+00]
  Bounds range     [1e+00, 1e+04]
  RHS range        [1e+00, 8e+00]
Presolve removed 0 rows and 0 columns (presolve time = 6s) ...
Presolve removed 0 rows and 1275 columns (presolve time = 12s) ...
Presolve removed 255 rows and 1530 columns (presolve time = 22s) ...
Presolve removed 3825 rows and 1530 columns (presolve time = 25s) ...
Presolve removed 3825 rows and 1530 columns (presolve time = 36s) ...
Presolve removed 3825 rows and 1530 columns (presolve time = 44s) ...
Presolve removed 3825 rows and 1530 columns (presolve time = 48s) ...
Presolve removed 3825 rows and 1530 columns (presolve time = 51s) ...
Presolve removed 3825 rows and 1530 columns (presolve time = 59s) ...
Presolve removed 3825 rows and 1530 columns (presolve time = 61s) ...
Presolve removed 3825 rows and 1530 columns (presolve time = 80s) ...
Presolve removed 3825 rows and 1530 columns (presolve time = 88s) ...
Presolve removed 3825 rows and 1530 columns (presolve time = 92s) ...
Presolve removed 3825 rows and 1530 columns (presolve time = 104s) ...
Presolve removed 3825 rows and 1530 columns (presolve time = 115s) ...
Presolve removed 3825 rows and 1530 columns (presolve time = 120s) ...
Presolve removed 3825 rows and 1530 columns (presolve time = 125s) ...
Presolve removed 3825 rows and 1530 columns (presolve time = 130s) ...
Presolve removed 3825 rows and 1530 columns (presolve time = 135s) ...
Presolve removed 3825 rows and 1530 columns (presolve time = 140s) ...
Presolve removed 3825 rows and 1530 columns (presolve time = 145s) ...
Presolve removed 3825 rows and 1530 columns (presolve time = 150s) ...
Presolve removed 3825 rows and 1530 columns (presolve time = 163s) ...
Presolve removed 3825 rows and 1530 columns (presolve time = 173s) ...
Presolve removed 3825 rows and 1530 columns (presolve time = 187s) ...
Presolve removed 3825 rows and 1530 columns (presolve time = 205s) ...
Presolve removed 3825 rows and 1530 columns (presolve time = 209s) ...
Presolve removed 3825 rows and 1530 columns (presolve time = 210s) ...
Presolve removed 3825 rows and 1530 columns (presolve time = 215s) ...
Presolve removed 3825 rows and 1530 columns (presolve time = 223s) ...
Presolve removed 3825 rows and 1530 columns (presolve time = 225s) ...
Presolve removed 3825 rows and 1530 columns (presolve time = 230s) ...
Presolve removed 3825 rows and 1530 columns (presolve time = 235s) ...
Presolve removed 3825 rows and 1530 columns (presolve time = 240s) ...
Presolve removed 3825 rows and 1530 columns (presolve time = 245s) ...
Presolve removed 3825 rows and 1530 columns (presolve time = 250s) ...
Presolve removed 3825 rows and 1530 columns (presolve time = 255s) ...
Presolve removed 3825 rows and 1530 columns (presolve time = 260s) ...
Presolve removed 3825 rows and 1530 columns (presolve time = 265s) ...
Presolve removed 3825 rows and 1530 columns (presolve time = 270s) ...
Presolve removed 3825 rows and 1530 columns (presolve time = 275s) ...
Presolve removed 3825 rows and 1530 columns (presolve time = 280s) ...
Presolve removed 3825 rows and 1530 columns (presolve time = 285s) ...
Presolve removed 3825 rows and 1530 columns (presolve time = 290s) ...
Presolve removed 3825 rows and 1530 columns (presolve time = 295s) ...
Presolve removed 3825 rows and 1530 columns (presolve time = 300s) ...
Presolve removed 3825 rows and 1530 columns (presolve time = 305s) ...
Presolve removed 3825 rows and 1530 columns (presolve time = 310s) ...
Presolve removed 3825 rows and 1530 columns (presolve time = 315s) ...
Presolve removed 3825 rows and 1530 columns (presolve time = 320s) ...
Presolve removed 3825 rows and 1530 columns (presolve time = 325s) ...
Presolve removed 3825 rows and 1530 columns (presolve time = 330s) ...
Presolve removed 3825 rows and 1530 columns (presolve time = 335s) ...
Presolve removed 3825 rows and 1530 columns (presolve time = 340s) ...
Presolve removed 3825 rows and 1530 columns (presolve time = 345s) ...
Presolve removed 3825 rows and 1530 columns (presolve time = 350s) ...
Presolve removed 3825 rows and 1530 columns (presolve time = 355s) ...
Presolve removed 3825 rows and 1530 columns (presolve time = 360s) ...
Presolve removed 3825 rows and 1530 columns (presolve time = 365s) ...
Presolve removed 3825 rows and 1530 columns (presolve time = 370s) ...
Presolve removed 3825 rows and 1530 columns (presolve time = 375s) ...
Presolve removed 3825 rows and 1530 columns (presolve time = 384s) ...
Presolve removed 3825 rows and 1530 columns (presolve time = 386s) ...
Presolve removed 3825 rows and 1530 columns (presolve time = 391s) ...
Presolve removed 3825 rows and 1530 columns (presolve time = 395s) ...
Presolve removed 3825 rows and 1530 columns (presolve time = 402s) ...
Presolve removed 3825 rows and 1530 columns (presolve time = 407s) ...
Presolve removed 3825 rows and 1530 columns (presolve time = 411s) ...
Presolve removed 3825 rows and 1530 columns (presolve time = 428s) ...
Presolve removed 3825 rows and 1530 columns (presolve time = 439s) ...
Presolve removed 3825 rows and 1530 columns (presolve time = 440s) ...
Presolve removed 3825 rows and 1530 columns (presolve time = 445s) ...
Presolve removed 3825 rows and 1530 columns (presolve time = 450s) ...
Presolve removed 3825 rows and 1530 columns (presolve time = 455s) ...
Presolve removed 3825 rows and 1530 columns (presolve time = 460s) ...
Presolve removed 3825 rows and 1530 columns (presolve time = 465s) ...
Presolve removed 3825 rows and 1530 columns (presolve time = 470s) ...
Presolve removed 3825 rows and 1530 columns (presolve time = 475s) ...
Presolve removed 3825 rows and 1530 columns (presolve time = 480s) ...
Presolve removed 3825 rows and 1530 columns (presolve time = 485s) ...
Presolve removed 3825 rows and 1530 columns (presolve time = 499s) ...
Presolve removed 3825 rows and 1530 columns (presolve time = 501s) ...
Presolve removed 3825 rows and 1530 columns (presolve time = 505s) ...
Presolve removed 3825 rows and 1530 columns (presolve time = 510s) ...
Presolve removed 3825 rows and 1530 columns (presolve time = 515s) ...
Presolve removed 3825 rows and 1530 columns (presolve time = 537s) ...
Presolve removed 3825 rows and 1530 columns (presolve time = 552s) ...
Presolve removed 3825 rows and 1530 columns
Presolve time: 551.72s
Presolved: 23747341 rows, 1798657 columns, 367567876 nonzeros
Variable types: 86254 continuous, 1712403 integer (1712403 binary)
Found heuristic solution: objective 0.0933933
Root relaxation presolved: 1798657 rows, 25545998 columns, 369366533 nonzeros


Root simplex log...

Iteration    Objective       Primal Inf.    Dual Inf.      Time
       0      handle free variables                       1051s
  204529      handle free variables                       1055s
  314660      handle free variables                       1060s
  351786      handle free variables                       1071s
  371879      handle free variables                       1080s
  375429      handle free variables                       1086s
  380009      handle free variables                       1093s
  383849      handle free variables                       1099s
  387709      handle free variables                       1106s
  392339      handle free variables                       1113s
  395979      handle free variables                       1120s
  400639      handle free variables                       1127s
  404559      handle free variables                       1134s
  409249      handle free variables                       1141s
  413199      handle free variables                       1148s
  417919      handle free variables                       1155s
  422179      handle free variables                       1162s
  426389      handle free variables                       1169s
  431149      handle free variables                       1177s
  435169      handle free variables                       1184s
  439959      handle free variables                       1191s
  444009      handle free variables                       1199s

Root relaxation: time limit, 445139 iterations, 388.42 seconds (1795.17 work units)

    Nodes    |    Current Node    |     Objective Bounds      |     Work
 Expl Unexpl |  Obj  Depth IntInf | Incumbent    BestBd   Gap | It/Node Time

     0     0          -    0         0.09339  392.03920      -     - 1200s

Explored 1 nodes (445139 simplex iterations) in 1201.49 seconds (3388.02 work units)
Thread count was 1 (of 64 available processors)

Solution count 1: 0.0933933 

Time limit reached
Best objective 9.339330092320e-02, best bound 3.920392039204e+02, gap 419672.2963%
Tree policy:
if coin2 <= 1.0:
    return 'process2_cmd_9'
else:
    return '__random__'
Optimal decision tree (depth=8) value: 0.09339330092319562
Writing result files...
