Solving...
Starting with fixed depth 4
Set parameter Username
Academic license - for non-commercial use only - expires 2025-09-20
Set parameter Threads to value 1
Set parameter TimeLimit to value 1200
Gurobi Optimizer version 10.0.0 build v10.0.0rc2 (linux64)

CPU model: AMD EPYC 9124 16-Core Processor, instruction set [SSE2|AVX|AVX2|AVX512]
Thread count: 32 physical cores, 64 logical processors, using up to 1 threads

Optimize a model with 1571086 rows, 268267 columns and 18265807 nonzeros
Model fingerprint: 0xef48e5cc
Variable types: 86254 continuous, 182013 integer (182013 binary)
Coefficient statistics:
  Matrix range     [1e-04, 1e+04]
  Objective range  [1e+00, 1e+00]
  Bounds range     [1e+00, 1e+04]
  RHS range        [1e+00, 4e+00]
Presolve removed 225 rows and 90 columns (presolve time = 5s) ...
Presolve removed 225 rows and 90 columns (presolve time = 11s) ...
Presolve removed 225 rows and 90 columns (presolve time = 15s) ...
Presolve removed 225 rows and 90 columns (presolve time = 20s) ...
Presolve removed 225 rows and 90 columns (presolve time = 25s) ...
Presolve removed 225 rows and 90 columns (presolve time = 30s) ...
Presolve removed 225 rows and 90 columns
Presolve time: 32.55s
Presolved: 1570861 rows, 268177 columns, 17376206 nonzeros
Variable types: 86254 continuous, 181923 integer (181923 binary)
Found heuristic solution: objective 0.0933933
Root relaxation presolved: 268177 rows, 1839038 columns, 17644383 nonzeros


Root simplex log...

Iteration    Objective       Primal Inf.    Dual Inf.      Time
       0      handle free variables                         55s
    3343      handle free variables                         55s
   42768      handle free variables                         61s
   58551   -5.7337633e+32   2.650221e+34   5.733763e+02     65s
   60237    9.4394073e-02   0.000000e+00   0.000000e+00     68s
   60237    9.4394073e-02   0.000000e+00   0.000000e+00     68s

Use crossover to convert LP symmetric solution to basic solution...

Root crossover log...

    7790 DPushes remaining with DInf 0.0000000e+00                69s
       0 DPushes remaining with DInf 0.0000000e+00                70s

    7442 PPushes remaining with PInf 0.0000000e+00                70s
       0 PPushes remaining with PInf 0.0000000e+00                71s

  Push phase complete: Pinf 0.0000000e+00, Dinf 1.1434665e+01     71s


Root simplex log...

Iteration    Objective       Primal Inf.    Dual Inf.      Time
   75469    9.4394073e-02   0.000000e+00   1.143467e+01     71s
   75484    9.4394073e-02   0.000000e+00   0.000000e+00     71s
   75484    9.4394073e-02   0.000000e+00   0.000000e+00     72s
   75484    9.4394073e-02   0.000000e+00   0.000000e+00     73s

Root relaxation: objective 9.439407e-02, 75484 iterations, 29.33 seconds (122.62 work units)

    Nodes    |    Current Node    |     Objective Bounds      |     Work
 Expl Unexpl |  Obj  Depth IntInf | Incumbent    BestBd   Gap | It/Node Time

     0     0    0.09439    0 12679    0.09339    0.09439  1.07%     -  193s
H    0     0                       0.0934630    0.09439  1.00%     -  196s
H    0     0                       0.0934871    0.09439  0.97%     -  236s
     0     0    0.09439    0 14827    0.09349    0.09439  0.97%     -  310s
     0     0    0.09439    0 13271    0.09349    0.09439  0.97%     -  975s
H    0     0                       0.0936003    0.09439  0.85%     -  977s
     0     0    0.09439    0 14184    0.09360    0.09439  0.85%     -  994s
     0     0    0.09439    0 14432    0.09360    0.09439  0.85%     - 1200s

Cutting planes:
  Implied bound: 3
  MIR: 205
  Flow cover: 12
  Zero half: 19
  RLT: 1

Explored 1 nodes (228587 simplex iterations) in 1200.11 seconds (2550.32 work units)
Thread count was 1 (of 64 available processors)

Solution count 4: 0.0936003 0.0934871 0.093463 0.0933933 

Time limit reached
Best objective 9.360031891450e-02, best bound 9.439407259555e-02, gap 0.8480%
Tree policy:
if coin2 <= 1.0:
    if coin2 <= 0.0:
        return 'process1_cmd_1'
    else:
        return '__random__'
else:
    return '__random__'
Optimal decision tree (depth=4) value: 0.09360031891449558
Writing result files...
