Solving...
Starting with fixed depth 2
Set parameter Username
Academic license - for non-commercial use only - expires 2025-09-20
Set parameter Threads to value 1
Set parameter TimeLimit to value 1200
Gurobi Optimizer version 10.0.0 build v10.0.0rc2 (linux64)

CPU model: AMD EPYC 9124 16-Core Processor, instruction set [SSE2|AVX|AVX2|AVX512]
Thread count: 32 physical cores, 64 logical processors, using up to 1 threads

Optimize a model with 14087 rows, 5976 columns and 331905 nonzeros
Model fingerprint: 0x3d17328b
Variable types: 2560 continuous, 3416 integer (3416 binary)
Coefficient statistics:
  Matrix range     [1e-12, 1e+02]
  Objective range  [4e-01, 8e+00]
  Bounds range     [1e+00, 1e+02]
  RHS range        [1e+00, 2e+00]
Presolve removed 62 rows and 55 columns
Presolve time: 0.38s
Presolved: 14025 rows, 5921 columns, 331278 nonzeros
Variable types: 2566 continuous, 3355 integer (3355 binary)

Root simplex log...

Iteration    Objective       Primal Inf.    Dual Inf.      Time
       0    9.2153049e+05   1.781676e+05   0.000000e+00      8s
Warning: Markowitz tolerance tightened to 0.5
    7112    2.4115358e+02   0.000000e+00   0.000000e+00      9s

Root relaxation: objective 2.411536e+02, 7112 iterations, 1.74 seconds (6.41 work units)

    Nodes    |    Current Node    |     Objective Bounds      |     Work
 Expl Unexpl |  Obj  Depth IntInf | Incumbent    BestBd   Gap | It/Node Time

     0     0  241.15358    0  981          -  241.15358      -     -    9s
     0     0  241.15358    0 1060          -  241.15358      -     -   17s
     0     0  241.15358    0  993          -  241.15358      -     -   17s
     0     0  241.15358    0 1062          -  241.15358      -     -   18s
     0     0  241.15358    0 1058          -  241.15358      -     -   18s
     0     0  241.15358    0 1034          -  241.15358      -     -   19s
     0     0  241.15358    0 1045          -  241.15358      -     -   19s
     0     0  241.15358    0 1029          -  241.15358      -     -   20s
     0     0  241.15358    0 1037          -  241.15358      -     -   20s
     0     0  241.15358    0 1107          -  241.15358      -     -   21s
     0     0  241.15358    0 1107          -  241.15358      -     -   21s
     0     2  241.15358    0 1107          -  241.15358      -     -   29s
     5     7  241.15358    3  926          -  241.15358      -   786   30s
    65    66  126.00402   54  260          -  241.15358      -   289   35s
*   66    64              55     125.9838283  241.15358  91.4%   285   35s
    70    62  241.15358    4  903  125.98383  241.15358  91.4%   283   44s
    84    76  194.13357   15  713  125.98383  241.15358  91.4%   283   45s
    89    81  172.81431   20  650  125.98383  241.15358  91.4%   413   50s
    97    89  164.53669   28  325  125.98383  241.15358  91.4%   384   55s
*  104    87              33     146.0109778  241.15358  65.2%   366   55s
   196   129  158.70688   13  583  146.01098  241.15358  65.2%   264   60s
   204   129  222.46042   11 1102  146.01098  241.15358  65.2%   321   65s
   210   135  151.92994   17  843  146.01098  241.15358  65.2%   363   72s
*  270   158              19     152.0905867  241.15358  58.6%   310   74s
   277   160  211.75567   16  632  152.09059  241.15358  58.6%   307   75s
*  320   182              20     153.2033668  241.15358  57.4%   290   77s
*  327   178              23     162.2405862  241.15358  48.6%   286   78s
   340   177  166.95360    8  520  162.24059  241.15358  48.6%   294   80s
*  356   161              12     176.6434072  241.15358  36.5%   285   80s
*  357   151              13     181.8720173  241.15358  32.6%   285   80s
H  368   156                     181.8720174  241.15358  32.6%   285   84s
   369   157  182.20271   19  647  181.87202  241.15358  32.6%   295   85s
   390   166  238.70755   19 1532  181.87202  241.15358  32.6%   308   94s
   394   168  231.27084   22 1139  181.87202  241.15358  32.6%   313   95s
H  395   167                     181.8720175  241.15358  32.6%   312   97s
   403   169  241.15358    6  961  181.87202  241.15358  32.6%   334  100s
H  480   209                     181.8720176  241.15358  32.6%   320  106s
   511   217  194.34415   29 1107  181.87202  241.15358  32.6%   312  120s
   513   218  239.81126   13  860  181.87202  241.15356  32.6%   310  125s
   515   220  241.15356   12 1074  181.87202  241.15356  32.6%   309  130s
   518   222  205.12825   34 1016  181.87202  241.15356  32.6%   307  135s
   522   224  209.34319   18  958  181.87202  241.15356  32.6%   305  141s
   525   226  198.50190   18  871  181.87202  241.15356  32.6%   303  145s
   529   229  192.68866   22  817  181.87202  241.15356  32.6%   301  150s
   531   230  194.34415   29  826  181.87202  241.15356  32.6%   300  158s
   533   234  241.15356   13  640  181.87202  241.15356  32.6%   380  161s
   551   240     cutoff   22       181.87202  241.15356  32.6%   380  165s
   555   235     cutoff   22       181.87202  241.15356  32.6%   382  175s
   557   237  241.15356   15 1055  181.87202  241.15356  32.6%   381  182s
   558   237  241.15356   15 1104  181.87202  241.15356  32.6%   381  187s
   559   238  241.15356   16 1061  181.87202  241.15356  32.6%   380  190s
   575   241     cutoff   24       181.87202  241.15356  32.6%   388  195s
   587   245  241.15356   18  759  181.87202  241.15356  32.6%   385  200s
   610   257  222.36959   30  873  181.87202  241.15356  32.6%   386  205s
   615   256     cutoff   32       181.87202  241.15356  32.6%   388  212s
   616   257  221.31968   32  982  181.87202  241.15356  32.6%   388  215s
   621   257  215.13485   34 1309  181.87202  241.15356  32.6%   389  222s
   626   256  207.65322   37 1074  181.87202  241.15356  32.6%   394  225s
   632   255  205.96358   41  877  181.87202  241.15356  32.6%   404  230s
   634   253  203.54164   42  758  181.87202  241.15356  32.6%   404  236s
   640   255  240.67024   20  985  181.87202  241.15356  32.6%   401  240s
   652   260  186.81831   26  873  181.87202  241.15356  32.6%   404  247s
   655   258  197.78298   28  827  181.87202  241.15356  32.6%   403  254s
   657   256  197.09332   29  828  181.87202  241.15356  32.6%   405  255s
   667   258  197.98430   23 1121  181.87202  241.15356  32.6%   405  262s
   671   254     cutoff   24       181.87202  241.15356  32.6%   414  266s
   682   258  186.82598   23 1032  181.87202  241.15356  32.6%   415  270s
   691   260  220.85684   25 1502  181.87202  241.15356  32.6%   417  279s
   692   261  198.38871   26  797  181.87202  241.15356  32.6%   418  280s
   697   256     cutoff   27       181.87202  241.15356  32.6%   422  285s
   699   255  241.13492   17 1294  181.87202  241.15356  32.6%   427  291s
   710   254     cutoff   23       181.87202  241.15356  32.6%   429  295s
   719   251  233.20502   20 1230  181.87202  241.15356  32.6%   428  300s
   726   247  240.86654   20 1140  181.87202  241.15356  32.6%   427  309s
   727   248  240.47453   21 1125  181.87202  241.15356  32.6%   427  310s
   731   248  225.62962   23 1196  181.87202  241.15356  32.6%   428  316s
   737   252  208.68410   29 1061  181.87202  241.15356  32.6%   427  320s
   740   249  188.01441   29 1214  181.87202  241.15356  32.6%   430  327s
   745   247     cutoff   31       181.87202  241.15356  32.6%   431  330s
   753   242  193.16955   28  967  181.87202  241.15356  32.6%   437  337s
   757   240  185.20096   28 1152  181.87202  241.15356  32.6%   440  340s
   759   239  241.15356   16 1177  181.87202  241.15356  32.6%   445  347s
   762   241  240.80815   19 1204  181.87202  241.15356  32.6%   445  350s
   770   243  182.81657   26  526  181.87202  241.15356  32.6%   444  357s
   780   244  196.14200   23  766  181.87202  241.15356  32.6%   443  362s
   783   241 infeasible   24       181.87202  241.15356  32.6%   450  365s
   786   240 infeasible   24       181.87202  241.15356  32.6%   459  383s
   789   240  195.92963   25  734  181.87202  241.15356  32.6%   459  386s
   792   238  212.12614   16  915  181.87202  241.15356  32.6%   460  393s
   793   237     cutoff   17       181.87202  241.15356  32.6%   460  398s
   800   236  241.15356   17  922  181.87202  241.15356  32.6%   457  400s
   809   239  205.74560   23  766  181.87202  241.15356  32.6%   457  405s
   824   238  201.89102   22  926  181.87202  241.15356  32.6%   456  410s
   836   233  241.15356   18  941  181.87202  241.15356  32.6%   455  417s
   840   235  228.00551   21 1167  181.87202  241.15356  32.6%   456  420s
   849   232 infeasible   23       181.87202  241.15356  32.6%   473  431s
   851   232  191.94169   26 1084  181.87202  241.15356  32.6%   473  435s
   857   234  235.09948   23 1203  181.87202  241.15356  32.6%   475  441s
   860   236  222.06208   26 1023  181.87202  241.15356  32.6%   477  447s
   864   236  199.23775   29 1013  181.87202  241.15356  32.6%   477  450s
   876   234  241.15356   20  900  181.87202  241.15356  32.6%   473  459s
   877   233     cutoff   21       181.87202  241.15356  32.6%   474  460s
   891   230  241.15308   19  831  181.87202  241.15356  32.6%   473  468s
   892   231  240.27472   20  810  181.87202  241.15356  32.6%   472  470s
   907   225  230.83256   20 1180  181.87202  241.15356  32.6%   476  475s
   913   224     cutoff   24       181.87202  241.15356  32.6%   478  480s
   918   222  241.15356   18  833  181.87202  241.15356  32.6%   476  486s
   924   222  204.89368   23  932  181.87202  241.15356  32.6%   478  490s
   933   218     cutoff   31       181.87202  241.15356  32.6%   477  495s
   941   217  222.34425   22 1159  181.87202  241.15356  32.6%   480  500s
   947   216  219.99692   24  980  181.87202  241.15356  32.6%   481  505s
   955   214  228.29576   18  932  181.87202  241.15356  32.6%   482  511s
   960   212  226.98669   21  693  181.87202  241.15356  32.6%   480  521s
   964   211  221.28496   18 1176  181.87202  241.15356  32.6%   481  528s
   969   212  187.83271   23  680  181.87202  241.15356  32.6%   480  530s
   978   212  241.03813   24  817  181.87202  241.15356  32.6%   477  540s
   993   213  194.24304   34  747  181.87202  241.15356  32.6%   472  545s
  1012   211  193.88497   28 1016  181.87202  241.15356  32.6%   468  550s
  1028   216  185.84447   30  857  181.87202  241.15356  32.6%   465  557s
  1043   213  210.42000   23  972  181.87202  241.15356  32.6%   461  560s
  1054   212  217.12855   21  928  181.87202  241.15356  32.6%   458  565s
  1060   210  203.77804   25  914  181.87202  241.15356  32.6%   458  578s
  1064   212  199.37094   29  952  181.87202  241.15356  32.6%   457  580s
  1066   211  189.59911   31  895  181.87202  241.15356  32.6%   456  594s
  1068   210  241.15356   19  974  181.87202  241.15356  32.6%   455  595s
H 1082   197                     182.8170736  241.15356  31.9%   453  606s
  1086   200  224.81295   25  855  182.81707  241.15356  31.9%   452  610s
  1088   200     cutoff   27       182.81707  241.15356  31.9%   454  616s
  1095   200  232.97996   22 1912  182.81707  241.15356  31.9%   458  620s
  1109   199  204.35370   30  881  182.81707  241.15356  31.9%   459  627s
  1120   201  240.77649   23  724  182.81707  241.15356  31.9%   457  630s
  1124   202     cutoff   26       182.81707  241.15356  31.9%   459  639s
  1129   203 infeasible   30       182.81707  241.15356  31.9%   459  640s
  1136   202  184.23247   35  876  182.81707  241.15356  31.9%   460  650s
  1140   201  210.76929   22  807  182.81707  241.15356  31.9%   459  655s
  1148   199  241.15356   21  750  182.81707  241.15356  31.9%   457  660s
  1151   201  240.82997   24 1318  182.81707  241.15356  31.9%   458  673s
  1157   202  210.23828   28 1025  182.81707  241.15356  31.9%   457  675s
  1163   198  241.10962   23  676  182.81707  241.15356  31.9%   457  684s
  1164   196     cutoff   24       182.81707  241.15356  31.9%   459  687s
  1167   197  192.79541   26  670  182.81707  241.15356  31.9%   460  691s
  1174   196  229.68381   28  872  182.81707  241.15356  31.9%   458  695s
  1178   195     cutoff   31       182.81707  241.15356  31.9%   460  700s
  1180   194     cutoff   32       182.81707  241.15356  31.9%   462  707s
  1188   197     cutoff   39       182.81707  241.15356  31.9%   459  710s
  1190   197  203.15618   38  863  182.81707  241.15356  31.9%   459  715s
  1200   196  241.15356   17  607  182.81707  241.15356  31.9%   457  720s
  1213   207     cutoff   30       182.81707  241.15356  31.9%   459  725s
  1217   206  239.68727   28 1290  182.81707  241.15356  31.9%   459  738s
  1219   206  239.59814   29 1289  182.81707  241.15356  31.9%   459  742s
  1223   207     cutoff   33       182.81707  241.15356  31.9%   461  745s
  1235   213  229.34547   21 1282  182.81707  241.15356  31.9%   462  750s
  1241   217  207.04369   24 1250  182.81707  241.15356  31.9%   466  757s
  1245   218  197.04371   26  871  182.81707  241.15356  31.9%   467  760s
  1248   217  197.04371   28  841  182.81707  241.15356  31.9%   466  767s
  1249   216     cutoff   29       182.81707  241.15356  31.9%   470  771s
  1265   225  213.53380   23  816  182.81707  241.15356  31.9%   470  775s
  1296   239  226.82548   31 1459  182.81707  241.15356  31.9%   466  780s
  1322   248  241.15356   18 1032  182.81707  241.15356  31.9%   462  785s
  1354   255  185.22936   28  918  182.81707  241.15356  31.9%   458  790s
  1382   261  210.41078   27  691  182.81707  241.15356  31.9%   454  813s
  1383   260     cutoff   28       182.81707  241.15356  31.9%   454  815s
  1409   258  216.26556   20 1409  182.81707  241.15356  31.9%   453  820s
  1410   259  216.26556   21 1401  182.81707  241.15356  31.9%   453  835s
  1459   268  188.74467   24  800  182.81707  241.15356  31.9%   446  840s
  1496   285  211.25798   36  901  182.81707  241.15356  31.9%   442  848s
  1523   288     cutoff   24       182.81707  241.15356  31.9%   440  850s
  1551   298  239.60564   23  886  182.81707  241.15356  31.9%   438  857s
  1556   302  183.24725   28  323  182.81707  241.15356  31.9%   438  860s
  1573   308  194.56166   29  874  182.81707  241.15356  31.9%   438  865s
  1579   310  188.24942   32  901  182.81707  241.15356  31.9%   438  910s
  1633   328  240.55704   24 1345  182.81707  241.15356  31.9%   432  915s
  1667   334     cutoff   28       182.81707  241.15356  31.9%   435  920s
  1686   339  230.24342   24  857  182.81707  241.15356  31.9%   437  927s
  1708   349  224.34351   26 1073  182.81707  241.15356  31.9%   437  930s
  1737   360  184.94876   26 1114  182.81707  241.15356  31.9%   436  939s
  1746   361  233.50371   23  939  182.81707  241.15356  31.9%   434  940s
  1787   378  215.70038   31  951  182.81707  241.15356  31.9%   432  949s
  1795   378     cutoff   35       182.81707  241.15356  31.9%   433  950s
  1850   399  233.79282   26  873  182.81707  241.15356  31.9%   428  955s
  1893   410  205.67570   23  896  182.81707  241.15356  31.9%   425  960s
  1919   422  205.32273   32 1132  182.81707  241.15356  31.9%   425  965s
  1986   444     cutoff   34       182.81707  241.15356  31.9%   419  970s
  2000   454  207.17549   28  925  182.81707  241.15356  31.9%   418  975s
  2005   457  184.91735   29  518  182.81707  241.15356  31.9%   418  986s
  2042   466  184.97948   29  733  182.81707  241.15356  31.9%   417  994s
  2045   465  210.29447   28  984  182.81707  241.15356  31.9%   416 1006s
  2055   465  192.10057   26  783  182.81707  241.15356  31.9%   416 1011s
  2082   474  208.89148   30  949  182.81707  241.15356  31.9%   413 1026s
  2115   479     cutoff   31       182.81707  241.15356  31.9%   413 1030s
  2153   489  217.76588   28  756  182.81707  241.15356  31.9%   410 1041s
  2197   501     cutoff   29       182.81707  241.15356  31.9%   409 1045s
  2264   523 infeasible   33       182.81707  241.15356  31.9%   406 1050s
  2306   545  239.20080   31 1436  182.81707  241.15356  31.9%   407 1056s
  2334   567  216.65302   45 1232  182.81707  241.15356  31.9%   408 1060s
  2378   569     cutoff   53       182.81707  241.15356  31.9%   409 1065s
  2429   584  187.19224   27  775  182.81707  241.15356  31.9%   406 1070s
  2432   585  187.01225   29  953  182.81707  241.15356  31.9%   406 1107s
  2441   586  223.98206   20 1109  182.81707  241.15356  31.9%   406 1110s
  2444   585     cutoff   22       182.81707  241.15356  31.9%   406 1118s
  2445   586  209.92744   21 1053  182.81707  241.15356  31.9%   406 1120s
  2447   588  209.92744   23  968  182.81707  241.15356  31.9%   406 1127s
  2457   588  240.76108   18  937  182.81707  241.15356  31.9%   405 1132s
  2488   596     cutoff   29       182.81707  241.15356  31.9%   403 1135s
  2529   603  240.88915   23 1313  182.81707  241.15356  31.9%   402 1163s
  2530   604  230.27431   24 1498  182.81707  241.15356  31.9%   402 1174s
  2535   603  218.27174   24 1322  182.81707  241.15356  31.9%   401 1175s
  2587   623     cutoff   26       182.81707  241.15356  31.9%   402 1180s
  2638   641  198.16883   34  833  182.81707  241.15356  31.9%   402 1185s
  2675   660     cutoff   33       182.81707  241.15356  31.9%   402 1191s
  2719   678  184.77869   37  789  182.81707  241.15356  31.9%   398 1195s
  2729   682  241.03374   27  818  182.81707  241.15356  31.9%   398 1200s

Cutting planes:
  Gomory: 2
  Implied bound: 9
  Projected implied bound: 7
  Flow cover: 39
  Zero half: 4

Explored 2730 nodes (1107157 simplex iterations) in 1200.30 seconds (3756.92 work units)
Thread count was 1 (of 64 available processors)

Solution count 10: 182.817 181.872 181.872 ... 125.984

Time limit reached
Best objective 1.828170735731e+02, best bound 2.411535643689e+02, gap 31.9098%
Tree policy:
if computer_4_running <= 0.0:
    if computer_1_running <= 0.0:
        return '(reboot_computer_1)'
    else:
        return '(reboot_computer_4)'
else:
    if computer_1_running <= 0.0:
        return '(reboot_computer_1)'
    else:
        return '(reboot_computer_2)'
Optimal decision tree (depth=2) value: 182.81707357310012
Writing result files...
