Solving...
Starting with fixed depth 5
Set parameter Username
Academic license - for non-commercial use only - expires 2025-09-20
Set parameter Threads to value 1
Set parameter TimeLimit to value 1200
Gurobi Optimizer version 10.0.0 build v10.0.0rc2 (linux64)

CPU model: AMD EPYC 9124 16-Core Processor, instruction set [SSE2|AVX|AVX2|AVX512]
Thread count: 32 physical cores, 64 logical processors, using up to 1 threads

Optimize a model with 92991 rows, 13872 columns and 900953 nonzeros
Model fingerprint: 0x5378d854
Variable types: 2560 continuous, 11312 integer (11312 binary)
Coefficient statistics:
  Matrix range     [1e-12, 1e+02]
  Objective range  [4e-01, 8e+00]
  Bounds range     [1e+00, 1e+02]
  RHS range        [1e+00, 5e+00]
Presolve removed 589 rows and 521 columns
Presolve time: 1.14s
Presolved: 92402 rows, 13351 columns, 897399 nonzeros
Variable types: 2566 continuous, 10785 integer (10785 binary)
Root relaxation presolved: 13351 rows, 105753 columns, 910750 nonzeros


Root simplex log...

Iteration    Objective       Primal Inf.    Dual Inf.      Time
       0      handle free variables                          9s
    9159    2.4115356e+02   0.000000e+00   0.000000e+00     10s
    9160    2.4115356e+02   0.000000e+00   0.000000e+00     10s
Extra simplex iterations from dual to original model: 1

Root relaxation: objective 2.411536e+02, 9160 iterations, 1.14 seconds (3.47 work units)
Total elapsed time = 10.34s

    Nodes    |    Current Node    |     Objective Bounds      |     Work
 Expl Unexpl |  Obj  Depth IntInf | Incumbent    BestBd   Gap | It/Node Time

     0     0  241.15356    0 1028          -  241.15356      -     -   10s
     0     0  241.15356    0 1283          -  241.15356      -     -   19s
     0     0  241.15356    0 1068          -  241.15356      -     -   22s
     0     0  241.15356    0 1030          -  241.15356      -     -   29s
     0     0  241.15356    0 1249          -  241.15356      -     -   32s
     0     0  241.15356    0 1247          -  241.15356      -     -   32s
     0     0  241.15356    0  792          -  241.15356      -     -   35s
     0     0  241.15356    0  792          -  241.15356      -     -   35s
     0     0  241.15356    0  834          -  241.15356      -     -   37s
     0     0  241.15356    0  834          -  241.15356      -     -   39s
     0     2  241.15356    0  834          -  241.15356      -     -   52s
    20    22  241.15356   12 1727          -  241.15356      -   167   55s
    30    32  241.15356   18 2213          -  241.15356      -   308   60s
    48    50  174.59455   29  928          -  241.15356      -   354   65s
    77    79  161.31126   49 1115          -  241.15356      -   311   70s
   106   108  144.52278   70  246          -  241.15356      -   264   75s
   158   153  240.51916    7 1379          -  241.15356      -   186   80s
   205   200  212.11959   49 1974          -  241.15356      -   150   85s
   257   238 infeasible   78               -  241.15356      -   127   90s
   312   287  236.28565   48 2579          -  241.15356      -   109   95s
   352   322  214.25346   76 1520          -  241.15356      -   105  100s
   399   357  219.08583   29 1479          -  241.15356      -  97.0  105s
   445   403  218.77077   64 1955          -  241.15356      -  88.2  110s
   480   426  241.15356   10 1254          -  241.15356      -  94.0  115s
   509   455  227.43328   34 1635          -  241.15356      -  90.7  120s
   513   457  218.77077   66 1086          -  241.15356      -  90.0  137s
   514   458  240.38721   11 1278          -  241.15356      -  89.8  141s
   516   459  144.51661   83 1234          -  241.15356      -  89.5  149s
   517   460  218.72271   50 1241          -  241.15356      -  89.3  151s
   518   461  145.59013   57 1097          -  241.15356      -  89.1  158s
   519   461  241.15356    5 1050          -  241.15356      -  89.0  161s
   520   462  237.04037   21 1155          -  241.15356      -  88.8  166s
   522   463  233.43038   12 1056          -  241.15356      -  88.5  173s
   523   464  239.07962   13  693          -  241.15356      -  88.3  176s
   524   465  218.77077   66 1144          -  241.15356      -  88.1  181s
   526   466  227.43328   35 1107          -  241.15356      -  87.8  188s
   527   467  236.02938   58  914          -  241.15356      -  87.6  192s
   528   467  225.89492   32 1082          -  241.15356      -  87.5  197s
   529   468  238.47104   15 1064          -  241.15356      -  87.3  201s
   530   469  165.06375   50 1117          -  241.15356      -  87.1  206s
   532   470  219.89393   27 1069          -  241.15356      -  86.8  215s
   533   471  235.93929   13 1069          -  241.15356      -  86.6  220s
   534   471  235.44119   24 1069          -  241.15356      -  86.5  239s
   535   474  241.15356   13 1046          -  241.15356      -   107  246s
   543   479  241.15356   17 1952          -  241.15356      -   107  251s
   547   482  241.15356   19 2269          -  241.15356      -   107  258s
   548   483  241.15356   19 1962          -  241.15356      -   107  265s
   554   487  241.15356   22 1794          -  241.15356      -   129  274s
   556   488  222.51674   23 1202          -  241.15356      -   129  281s
   597   515  241.15356   44 1883          -  241.15356      -   124  285s
   628   530  217.47093   58 2117          -  241.15356      -   119  290s
   664   552  191.20042   76  820          -  241.15356      -   116  295s
   683   557  186.95316   84  333          -  241.15356      -   115  300s
*  702   531              93     187.1339461  241.15356  28.9%   112  301s
   703   532  187.14105   94  148  187.13395  241.15356  28.9%   112  305s
   729   537  240.75439   22 1612  187.13395  241.15356  28.9%   109  310s
H  755   526                     188.4553672  241.15356  28.0%   106  320s
   781   545  241.15356   48 1919  188.45537  241.15356  28.0%   104  326s
   792   552  240.78355   54 1129  188.45537  241.15356  28.0%   103  330s
H  807   536                     190.3605665  241.15356  26.7%   102  335s
   826   551  240.74706   71 1023  190.36057  241.15356  26.7%   101  340s
   847   565  239.95546   81 1158  190.36057  241.15356  26.7%   104  345s
   866   568     cutoff   90       190.36057  241.15356  26.7%   104  350s
   878   568  225.29015   18 1518  190.36057  241.15356  26.7%   103  355s
   919   595  225.32311   38 2249  190.36057  241.15356  26.7%   100  361s
   923   598  225.32311   40 2248  190.36057  241.15356  26.7%  99.5  365s
   973   631  222.84075   65  754  190.36057  241.15356  26.7%  96.2  371s
   981   636  224.19597   69  681  190.36057  241.15356  26.7%  95.8  376s
  1000   643  224.13660   78  736  190.36057  241.15356  26.7%  95.2  381s
  1027   661  224.13660   92 1123  190.36057  241.15356  26.7%  93.2  385s
  1063   663  222.05812  108  752  190.36057  241.15356  26.7%  93.0  390s
  1108   687  240.99974   52 1556  190.36057  241.15356  26.7%  90.0  395s
  1162   723  240.99974   81 1656  190.36057  241.15356  26.7%  87.7  401s
  1197   744  223.57760  100 1334  190.36057  241.15356  26.7%  87.0  405s
  1218   748  209.78223  108 1499  190.36057  241.15356  26.7%  92.1  410s
  1265   764  240.62574   45 1999  190.36057  241.15356  26.7%  90.4  415s
  1282   771  238.48727   58 1268  190.36057  241.15356  26.7%  89.8  420s
  1299   782  223.17163   67 1216  190.36057  241.15356  26.7%  89.7  426s
  1318   795  198.58170   72 1211  190.36057  241.15356  26.7%  89.2  430s
  1330   803  206.41640   80 1132  190.36057  241.15356  26.7%  88.5  435s
  1353   814  206.33888   90  955  190.36057  241.15356  26.7%  87.6  440s
  1357   817  206.24063   92 1054  190.36057  241.15356  26.7%  87.4  446s
  1362   820  206.33743   92  955  190.36057  241.15356  26.7%  87.2  450s
  1380   832  206.24102  100 1112  190.36057  241.15356  26.7%  86.3  457s
  1407   850  205.34472  114  952  190.36057  241.15356  26.7%  85.2  466s
  1434   853  241.15356   16 1808  190.36057  241.15356  26.7%  84.0  471s
  1440   857  240.55000   22 1750  190.36057  241.15356  26.7%  83.7  480s
  1487   889  240.26735   49 2533  190.36057  241.15356  26.7%  81.7  485s
  1515   907  240.16030   60 2044  190.36057  241.15356  26.7%  80.6  490s
  1542   925  240.15040   75 1640  190.36057  241.15356  26.7%  80.0  496s
  1569   943  239.12283   87 1892  190.36057  241.15356  26.7%  79.9  502s
  1596   961  239.12283   95 1578  190.36057  241.15356  26.7%  79.4  509s
  1605   951  241.15356   20 1876  190.36057  241.15356  26.7%  79.1  510s
  1623   963  241.00112   38 1275  190.36057  241.15356  26.7%  78.4  517s
  1650   981  217.31496   65  860  190.36057  241.15356  26.7%  77.3  524s
  1658   987  217.31496   73 1366  190.36057  241.15356  26.7%  77.1  525s
  1718  1027  203.19887  133  457  190.36057  241.15356  26.7%  75.6  532s
* 1725  1024             140     190.3605677  241.15356  26.7%  75.4  532s
* 1737  1025             142     190.3605886  241.15356  26.7%  75.0  533s
* 1742  1024             143     190.3607502  241.15356  26.7%  74.9  533s
  1779  1042  240.69962   28 2112  190.36075  241.15356  26.7%  74.4  535s
  1846  1091  240.88042   32 1417  190.36075  241.15356  26.7%  73.3  540s
  1955  1180  240.95819   38 1264  190.36075  241.15356  26.7%  70.6  546s
  1990  1203  240.85485   54 1317  190.36075  241.15356  26.7%  70.6  550s
  2051  1246  203.32832   65 1625  190.36075  241.15356  26.7%  71.0  558s
  2052  1247  208.18177   65 1659  190.36075  241.15356  26.7%  71.0  561s
  2088  1250  241.15356   20 2386  190.36075  241.15356  26.7%  70.7  565s
  2182  1344  201.12559  114 1249  190.36075  241.15356  26.7%  68.8  570s
  2270  1412  202.26499   68 1082  190.36075  241.15356  26.7%  66.9  575s
H 2271  1411                     190.3610921  241.15356  26.7%  66.9  579s
  2281  1421  200.13055   78 1170  190.36109  241.15356  26.7%  66.6  580s
  2361  1476  237.58075   61 1704  190.36109  241.15356  26.7%  65.6  585s
H 2371  1435                     192.2482167  241.15356  25.4%  65.4  602s
  2372  1438  240.85485   52 1530  192.24822  241.15356  25.4%  65.4  609s
  2375  1441  240.81665   55 1768  192.24822  241.15356  25.4%  65.4  610s
  2452  1506  220.23850   59 1377  192.24822  241.15356  25.4%  64.8  615s
  2461  1509  200.60697   63 1292  192.24822  241.15356  25.4%  64.8  620s
H 2546  1570                     192.2482170  241.15356  25.4%  63.5  632s
  2618  1626  241.04091   71 1180  192.24822  241.15356  25.4%  62.1  635s
  2697  1678  226.04687   57 1298  192.24822  241.15356  25.4%  63.5  640s
  2805  1752 infeasible   63       192.24822  241.15356  25.4%  63.1  645s
  2828  1758  211.05961   50 1612  192.24822  241.15356  25.4%  63.5  650s
  2852  1767  241.15356   47 1551  192.24822  241.15356  25.4%  63.6  655s
  2914  1799 infeasible   62       192.24822  241.15356  25.4%  63.2  660s
  2923  1798     cutoff   61       192.24822  241.15356  25.4%  63.3  665s
  2983  1834  240.78355   58 1382  192.24822  241.15356  25.4%  63.1  670s
  2984  1835  240.78355   60 1444  192.24822  241.15356  25.4%  63.1  678s
  3000  1847  204.44094   69  755  192.24822  241.15356  25.4%  63.4  680s
  3114  1905  240.51340   53 1837  192.24822  241.15356  25.4%  62.7  685s
  3148  1928  213.51723   66 1529  192.24822  241.15356  25.4%  63.8  693s
  3154  1928 infeasible   69       192.24822  241.15356  25.4%  63.7  695s
  3159  1929  219.96366   58 1724  192.24822  241.15356  25.4%  63.7  700s
  3170  1934     cutoff   61       192.24822  241.15356  25.4%  64.1  705s
  3248  1976  213.70296   62 1829  192.24822  241.15356  25.4%  64.5  710s
H 3301  2000                     192.2483043  241.15356  25.4%  64.5  723s
  3303  2002  208.59014   61 1405  192.24830  241.15356  25.4%  64.6  730s
  3310  2003     cutoff   66       192.24830  241.15356  25.4%  64.6  736s
  3364  2032  227.92571   58 1911  192.24830  241.15356  25.4%  65.3  740s
  3411  2046  225.67675   66 1585  192.24830  241.15356  25.4%  67.1  750s
  3449  2064  207.06017   59 1632  192.24830  241.15356  25.4%  67.3  755s
  3495  2082  201.64482   58 1684  192.24830  241.15356  25.4%  67.8  760s
  3509  2082     cutoff   60       192.24830  241.15356  25.4%  68.2  765s
H 3513  1971                     195.8541717  241.15356  23.1%  68.4  783s
  3515  1975  230.23120   58 1257  195.85417  241.15356  23.1%  68.4  792s
  3551  1975 infeasible   60       195.85417  241.15356  23.1%  71.9  798s
  3583  1991     cutoff   63       195.85417  241.15356  23.1%  72.3  800s
  3654  2006  241.15356   52 1898  195.85417  241.15356  23.1%  72.8  805s
  3694  2032  220.10762   70 1788  195.85417  241.15356  23.1%  73.2  811s
  3747  2057  200.06893   74 1488  195.85417  241.15356  23.1%  73.4  815s
  3790  2076  233.54196   61 1522  195.85417  241.15356  23.1%  74.8  822s
  3803  2077  236.62929   57 1747  195.85417  241.15356  23.1%  75.8  825s
  3841  2091  218.47583   55 1535  195.85417  241.15356  23.1%  77.3  830s
  3852  2098     cutoff   65       195.85417  241.15356  23.1%  77.2  837s
  3878  2106  198.60557   63 1250  195.85417  241.15356  23.1%  77.0  840s
  3881  2105  235.38957   54 1924  195.85417  241.15356  23.1%  77.0  845s
  3905  2119  231.61830   57 1892  195.85417  241.15356  23.1%  77.6  854s
  3913  2123  219.50909   63 1542  195.85417  241.15356  23.1%  77.8  855s
H 3977  2143                     195.8991392  241.15356  23.1%  77.7  861s
  4025  2166  218.47998   58 1200  195.89914  241.15356  23.1%  77.8  865s
  4064  2179  241.15322   58 1659  195.89914  241.15356  23.1%  77.7  872s
  4065  2180  241.15322   59 1654  195.89914  241.15356  23.1%  77.7  877s
H 4091  2020                     203.2565728  241.15356  18.6%  77.4  892s
  4094  2019  241.15356   51 1543  203.25657  241.15356  18.6%  77.3  902s
  4167  2082  241.14740   52 1813  203.25657  241.15356  18.6%  76.5  905s
  4202  2095  241.15356   52 1419  203.25657  241.15356  18.6%  76.9  910s
  4341  2200     cutoff   58       203.25657  241.15356  18.6%  75.2  915s
  4345  2202  241.15356   57 1833  203.25657  241.15356  18.6%  75.2  923s
  4376  2217  208.10554   70 1440  203.25657  241.15356  18.6%  75.2  925s
  4458  2255     cutoff   67       203.25657  241.15356  18.6%  75.2  932s
  4461  2254  214.39516   65 1804  203.25657  241.15356  18.6%  75.3  935s
H 4488  2265                     203.2567772  241.15356  18.6%  75.2  953s
  4499  2268  210.34779   60 1392  203.25678  241.15356  18.6%  75.2  959s
  4512  2271  225.56364   62 1246  203.25678  241.15356  18.6%  75.2  960s
  4582  2306     cutoff   70       203.25678  241.15356  18.6%  75.9  965s
  4651  2355  239.87370   54 1672  203.25678  241.15356  18.6%  75.6  971s
  4692  2371  224.36629   67 1442  203.25678  241.15356  18.6%  76.2  975s
  4776  2422  212.23746  101 1016  203.25678  241.15356  18.6%  75.6  980s
  4890  2506 infeasible   69       203.25678  241.15356  18.6%  74.9  985s
  4966  2566  237.14076   70  689  203.25678  241.15356  18.6%  74.1  990s
  4998  2598  227.22084  102  200  203.25678  241.15356  18.6%  73.8 1000s
  5006  2594  226.37011   50 1525  203.25678  241.15356  18.6%  73.9 1011s
  5017  2605  225.95658   56 1140  203.25678  241.15356  18.6%  73.8 1015s
  5089  2654  224.57899   51 1455  203.25678  241.15356  18.6%  73.2 1021s
  5097  2662  217.10292   59 1692  203.25678  241.15356  18.6%  73.1 1025s
  5116  2668  209.86642   50  934  203.25678  241.15356  18.6%  73.1 1030s
  5223  2736  240.01279   58 1789  203.25678  241.15356  18.6%  72.2 1035s
  5263  2756  233.54196   59 1960  203.25678  241.15356  18.6%  72.3 1040s
  5287  2772  204.20346   67 1315  203.25678  241.15356  18.6%  72.6 1058s
  5291  2772  204.20346   67 1391  203.25678  241.15356  18.6%  72.6 1061s
  5339  2790  207.73316   59 1639  203.25678  241.15356  18.6%  72.8 1065s
  5422  2850  240.38799   64 1203  203.25678  241.15356  18.6%  72.7 1070s
  5488  2916  237.27589  110  924  203.25678  241.15356  18.6%  72.2 1086s
  5498  2924  229.43099  115 1055  203.25678  241.15356  18.6%  72.1 1090s
  5582  2992     cutoff  134       203.25678  241.15356  18.6%  71.5 1095s
  5590  2990  241.15356   44 2077  203.25678  241.15356  18.6%  71.5 1112s
  5591  2991  241.15356   45 2077  203.25678  241.15356  18.6%  71.5 1118s
  5598  2998  241.15356   52 1661  203.25678  241.15356  18.6%  71.9 1120s
  5661  3057  207.83050  113 1026  203.25678  241.15356  18.6%  71.4 1125s
  5695  3075  241.15356   44 1501  203.25678  241.15356  18.6%  71.2 1136s
  5748  3128  222.20962   97 1553  203.25678  241.15356  18.6%  70.8 1140s
  5860  3221  205.87664  132  963  203.25678  241.15356  18.6%  70.0 1145s
  5963  3294  241.15356   45 1499  203.25678  241.15356  18.6%  69.2 1150s
  6011  3342  240.98889   93  937  203.25678  241.15356  18.6%  68.8 1155s
  6057  3388  212.18539  139 1193  203.25678  241.15356  18.6%  68.4 1160s
  6098  3423  210.66821  175  405  203.25678  241.15356  18.6%  68.1 1180s
  6215  3507  240.97931   47 1815  203.25678  241.15356  18.6%  67.2 1185s
  6273  3549  217.54979   56 1320  203.25678  241.15356  18.6%  66.8 1192s
  6322  3582  238.95818   46 1517  203.25678  241.15356  18.6%  66.4 1195s

Cutting planes:
  Implied bound: 3
  Projected implied bound: 4
  MIR: 3
  Flow cover: 16
  Zero half: 14

Explored 6392 nodes (494426 simplex iterations) in 1200.01 seconds (4563.88 work units)
Thread count was 1 (of 64 available processors)

Solution count 10: 203.257 203.257 195.899 ... 190.361

Time limit reached
Best objective 2.032567772279e+02, best bound 2.411535636696e+02, gap 18.6448%
Tree policy:
if computer_5_running <= 0.0:
    if computer_6_running <= 0.0:
        if computer_1_running <= 0.0:
            if computer_7_running <= 1.0:
                return '(reboot_computer_1)'
            else:
                return '(reboot_computer_3)'
        else:
            if computer_4_running <= 0.0:
                if computer_1_running <= 0.0:
                    return '(reboot_computer_0)'
                else:
                    return '(reboot_computer_4)'
            else:
                if computer_2_running <= 0.0:
                    return '(reboot_computer_2)'
                else:
                    return '(reboot_computer_5)'
    else:
        if computer_2_running <= 0.0:
            if computer_7_running <= 1.0:
                return '(reboot_computer_2)'
            else:
                return '(reboot_computer_0)'
        else:
            if computer_1_running <= 0.0:
                return '(reboot_computer_1)'
            else:
                return '(reboot_computer_5)'
else:
    if computer_1_running <= 0.0:
        if computer_7_running <= 1.0:
            return '(reboot_computer_1)'
        else:
            if computer_7_running <= 1.0:
                return '__random__'
            else:
                return '(reboot_computer_0)'
    else:
        if computer_4_running <= 0.0:
            if computer_1_running <= 0.0:
                return '(reboot_computer_0)'
            else:
                return '(reboot_computer_4)'
        else:
            if computer_2_running <= 0.0:
                return '(reboot_computer_2)'
            else:
                if computer_3_running <= 0.0:
                    return '(reboot_computer_3)'
                else:
                    return '(reboot_computer_1)'
Optimal decision tree (depth=5) value: 203.25677722786318
Writing result files...
