Solving...
Starting with fixed depth 3
Set parameter Username
Academic license - for non-commercial use only - expires 2025-09-20
Set parameter Threads to value 1
Set parameter TimeLimit to value 1200
Gurobi Optimizer version 10.0.0 build v10.0.0rc2 (linux64)

CPU model: AMD EPYC 9124 16-Core Processor, instruction set [SSE2|AVX|AVX2|AVX512]
Thread count: 32 physical cores, 64 logical processors, using up to 1 threads

Optimize a model with 25359 rows, 7104 columns and 398569 nonzeros
Model fingerprint: 0x20160089
Variable types: 2560 continuous, 4544 integer (4544 binary)
Coefficient statistics:
  Matrix range     [1e-12, 1e+02]
  Objective range  [4e-01, 8e+00]
  Bounds range     [1e+00, 1e+02]
  RHS range        [1e+00, 3e+00]
Presolve removed 128 rows and 113 columns
Presolve time: 0.40s
Presolved: 25231 rows, 6991 columns, 397603 nonzeros
Variable types: 2566 continuous, 4425 integer (4425 binary)

Root simplex log...

Iteration    Objective       Primal Inf.    Dual Inf.      Time
       0    9.2175895e+05   1.781804e+05   0.000000e+00      7s
Warning: Markowitz tolerance tightened to 0.03125
    9066    2.4205601e+02   4.229856e+00   0.000000e+00     10s
    9379    2.4115356e+02   0.000000e+00   0.000000e+00     10s

Root relaxation: objective 2.411536e+02, 9379 iterations, 2.84 seconds (16.27 work units)

    Nodes    |    Current Node    |     Objective Bounds      |     Work
 Expl Unexpl |  Obj  Depth IntInf | Incumbent    BestBd   Gap | It/Node Time

     0     0  241.15356    0  693          -  241.15356      -     -   11s
     0     0  241.15356    0  845          -  241.15356      -     -   26s
     0     0  241.15356    0  839          -  241.15356      -     -   26s
     0     0  241.15356    0 1093          -  241.15356      -     -   28s
     0     0  241.15356    0 1093          -  241.15356      -     -   28s
     0     0  241.15356    0 1241          -  241.15356      -     -   30s
     0     0  241.15356    0 1241          -  241.15356      -     -   30s
     0     0  241.15356    0 1019          -  241.15356      -     -   32s
     0     0  241.15356    0  945          -  241.15356      -     -   32s
     0     0  241.15356    0 1326          -  241.15356      -     -   33s
     0     0  241.15356    0 1015          -  241.15356      -     -   34s
     0     2  241.15356    0 1015          -  241.15356      -     -   43s
    15    17  241.15356    9  885          -  241.15356      -   353   45s
*   37    37              25     108.9766352  241.15356   121%   490   50s
H   38    36                     114.0598533  241.15356   111%   478   53s
H   38    36                     114.0598572  241.15356   111%   478   56s
*   49    43              31     132.0396070  241.15356  82.6%   413   58s
    64    52  222.14507   14 1265  132.03961  241.15356  82.6%   326   65s
    93    79  220.48944   41 1320  132.03961  241.15356  82.6%   236   72s
   120   102  193.44121   60  771  132.03961  241.15356  82.6%   207   77s
   147   121  227.73720   18  874  132.03961  241.15356  82.6%   174   83s
   174   148  227.65844   44 1386  132.03961  241.15356  82.6%   150   87s
   222   175  179.47325   14  880  132.03961  241.15356  82.6%   144   90s
   238   191  147.10078   20  456  132.03961  241.15356  82.6%   153   95s
*  246   186              24     146.4643339  241.15356  64.7%   151   95s
H  289   199                     156.3529161  241.15356  54.2%   164  103s
*  300   192              34     166.8201012  241.15356  44.6%   165  104s
*  302   190              35     167.5169896  241.15356  44.0%   164  104s
   309   193  228.01794   14 1506  167.51699  241.15356  44.0%   167  105s
   390   238  195.32227   27  820  167.51699  241.15356  44.0%   157  110s
   480   303  227.18336   21 1225  167.51699  241.15356  44.0%   129  115s
   511   333  220.68876   24 1015  167.51699  241.15356  44.0%   121  128s
H  512   317                     167.5169897  241.15356  44.0%   121  138s
   514   318  220.92594   14 1810  167.51699  241.15356  44.0%   121  143s
   515   319  232.48113   12 1780  167.51699  241.15356  44.0%   121  145s
   518   321  227.93821    8 1650  167.51699  241.15356  44.0%   120  156s
   520   322  169.06538   71 1588  167.51699  241.15356  44.0%   119  160s
   523   324  173.87136   66 1524  167.51699  241.15356  44.0%   119  177s
   527   328  240.99251    4  944  167.51699  241.15356  44.0%   181  189s
   528   329  226.58434   26 1178  167.51699  241.15356  44.0%   181  198s
   529   330  178.50019   24 1175  167.51699  241.15356  44.0%   180  200s
   531   331  241.15356    4  955  167.51699  241.15356  44.0%   180  205s
   533   332  196.29502   45 1090  167.51699  241.15356  44.0%   179  210s
   535   334  223.98785   48 1014  167.51699  241.15356  44.0%   178  216s
   537   335  222.49922   14 1025  167.51699  241.15356  44.0%   178  221s
   539   336  234.15338   13  822  167.51699  241.15356  44.0%   177  225s
   541   338  203.95940   16 1314  167.51699  241.15356  44.0%   176  230s
   543   339  223.91453   49  905  167.51699  241.15356  44.0%   176  236s
   545   340  220.43305   42  859  167.51699  241.15356  44.0%   175  244s
   549   344  196.51860   19 1408  167.51699  241.15356  44.0%   275  254s
   550   345  167.52648   87 1660  167.51699  241.15356  44.0%   274  259s
   551   346  227.73720   19 1682  167.51699  241.15356  44.0%   274  260s
   553   347  203.95940   16 1570  167.51699  241.15356  44.0%   273  265s
   556   349  220.02091   22 1628  167.51699  241.15356  44.0%   271  272s
   558   350  224.04924   45 1804  167.51699  241.15356  44.0%   270  277s
   559   351  232.12331   13 1804  167.51699  241.15356  44.0%   270  325s
   563   355  226.39008   27 1125  167.51699  241.15356  44.0%   328  338s
   564   356  222.50860   12 1605  167.51699  241.15356  44.0%   327  342s
   566   357  224.41100   34 1537  167.51699  241.15356  44.0%   326  347s
   568   359  196.54145   15 1527  167.51699  241.15356  44.0%   325  354s
   569   359  227.67273   37 1556  167.51699  241.15356  44.0%   324  356s
   571   361  174.77443   59 1771  167.51699  241.15356  44.0%   323  360s
   574   363  174.93266   55 1781  167.51699  241.15356  44.0%   321  367s
   575   363  218.79337   43 1781  167.51699  241.15356  44.0%   321  423s
   579   367  224.32642   36 1645  167.51699  241.15356  44.0%   381  435s
   580   368  232.62790   11 1701  167.51699  241.15356  44.0%   381  440s
   583   370  174.76738   58 1670  167.51699  241.15356  44.0%   379  446s
   584   371  224.04924   45 1627  167.51699  241.15356  44.0%   378  451s
   586   372  226.79341   24 1595  167.51699  241.15356  44.0%   377  456s
   588   373  197.68176   14 1609  167.51699  241.15356  44.0%   375  466s
   590   375  194.72044   34 1649  167.51699  241.15356  44.0%   374  472s
   591   375  224.43286   34 1649  167.51699  241.15356  44.0%   373  536s
   593   379  241.15356   46 1534  167.51699  241.15356  44.0%   438  541s
   618   395  239.22189   58  893  167.51699  241.15356  44.0%   428  547s
   623   399  222.25695   61  749  167.51699  241.15356  44.0%   426  550s
   646   400  241.03146   49 1141  167.51699  241.15356  44.0%   421  555s
H  673   386                     182.8171014  241.15356  31.9%   409  563s
   679   392  239.14908   62  832  182.81710  241.15356  31.9%   409  565s
   700   390  241.15356   50 1020  182.81710  241.15356  31.9%   401  571s
   701   391  241.15356   50  995  182.81710  241.15356  31.9%   401  575s
   727   407  239.65133   63 1006  182.81710  241.15356  31.9%   389  581s
   761   409  211.16709   78  851  182.81710  241.15356  31.9%   377  585s
   796   408  241.15356   49 1159  182.81710  241.15356  31.9%   372  590s
   817   420  202.06792   63  826  182.81710  241.15356  31.9%   369  597s
   823   420  198.54217   65  569  182.81710  241.15356  31.9%   369  600s
   920   419  204.63224   60  949  182.81710  241.15356  31.9%   340  605s
   938   417  225.87623   58 1223  182.81710  241.15356  31.9%   340  611s
   964   416  205.00383   56  986  182.81710  241.15356  31.9%   333  615s
  1002   423     cutoff   67       182.81710  241.15356  31.9%   326  620s
  1030   418     cutoff   77       182.81710  241.15356  31.9%   322  625s
  1080   429     cutoff   64       182.81710  241.15356  31.9%   312  630s
  1089   425  241.15356   51  914  182.81710  241.15356  31.9%   311  636s
  1148   437  207.90951   52  953  182.81710  241.15356  31.9%   303  641s
  1176   438  193.97639   54  850  182.81710  241.15356  31.9%   302  646s
  1214   444  185.75289   70  965  182.81710  241.15356  31.9%   297  650s
  1235   446  197.59328   62  732  182.81710  241.15356  31.9%   295  659s
  1249   447  236.68630   59 1182  182.81710  241.15356  31.9%   294  660s
  1272   450  240.78397   55 1068  182.81710  241.15356  31.9%   292  667s
  1362   495  232.40594   61 1298  182.81710  241.15356  31.9%   276  670s
  1444   507  238.06356   59 1333  182.81710  241.15356  31.9%   268  676s
  1463   512  241.15356   56 1318  182.81710  241.15356  31.9%   267  680s
  1498   513  183.82997   56 1089  182.81710  241.15356  31.9%   268  686s
  1509   512  231.58282   61 1307  182.81710  241.15356  31.9%   273  690s
  1525   509  193.60885   59 1087  182.81710  241.15356  31.9%   274  697s
  1555   505  184.47491   60 1245  182.81710  241.15356  31.9%   274  700s
H 1559   464                     183.6949217  241.15356  31.3%   273  706s
  1576   465  209.66121   64 1324  183.69492  241.15356  31.3%   272  712s
  1588   461  201.43994   65 1172  183.69492  241.15356  31.3%   271  715s
H 1589   454                     183.6949219  241.15356  31.3%   271  717s
  1602   455  240.64730   59 1161  183.69492  241.15356  31.3%   270  720s
  1659   475  189.87953   62  857  183.69492  241.15356  31.3%   265  725s
* 1698   478             101     188.4937118  241.15356  27.9%   260  725s
  1750   511  193.31131   69  960  188.49371  241.15356  27.9%   257  730s
H 1762   515                     188.4937126  241.15356  27.9%   255  744s
  1764   515     cutoff   77       188.49371  241.15356  27.9%   255  745s
  1797   546  220.35867   67 1027  188.49371  241.15356  27.9%   254  750s
  1824   571  199.41320   80  738  188.49371  241.15356  27.9%   254  757s
  1845   588 infeasible   91       188.49371  241.15356  27.9%   252  760s
  1853   588  241.15356   57 1236  188.49371  241.15356  27.9%   251  768s
  1854   589  241.15356   58 1331  188.49371  241.15356  27.9%   251  770s
  1856   591  241.15356   60 1265  188.49371  241.15356  27.9%   251  778s
H 1868   601                     188.4937149  241.15356  27.9%   252  781s
  1870   605  210.78891   64  996  188.49371  241.15356  27.9%   252  786s
  1879   614  208.75116   68  996  188.49371  241.15356  27.9%   252  791s
  1895   630  195.93308   73  565  188.49371  241.15356  27.9%   250  798s
  1940   650  189.14582   97  161  188.49371  241.15356  27.9%   245  800s
  1999   694  195.47586   79  432  188.49371  241.15356  27.9%   239  805s
H 2001   694                     188.4937150  241.15356  27.9%   239  816s
  2055   739  193.28582   93  293  188.49372  241.15356  27.9%   235  820s
  2101   769  241.15356   60 1034  188.49372  241.15356  27.9%   232  834s
  2102   770  241.15356   61  907  188.49372  241.15356  27.9%   232  838s
  2111   777     cutoff   70       188.49372  241.15356  27.9%   232  843s
  2135   795  195.31147   90  164  188.49372  241.15356  27.9%   229  851s
  2156   804  202.34197   69  747  188.49372  241.15356  27.9%   230  855s
  2167   811     cutoff   74       188.49372  241.15356  27.9%   229  861s
  2172   810     cutoff   76       188.49372  241.15356  27.9%   229  867s
  2181   815     cutoff   70       188.49372  241.15356  27.9%   229  870s
  2182   814     cutoff   70       188.49372  241.15356  27.9%   229  875s
  2186   818  201.96286   72  884  188.49372  241.15356  27.9%   229  886s
  2190   820  196.22657   75  926  188.49372  241.15356  27.9%   228  892s
  2191   821  196.21041   76  926  188.49372  241.15356  27.9%   228  895s
H 2212   828                     188.4937153  241.15356  27.9%   227  900s
  2239   847  219.71812   64 1258  188.49372  241.15356  27.9%   226  911s
  2244   852  198.16229   69 1061  188.49372  241.15356  27.9%   226  919s
  2254   862  191.18380   79  773  188.49372  241.15356  27.9%   225  920s
  2342   916  241.00062   56 1320  188.49372  241.15356  27.9%   220  927s
  2378   944  213.02140   64  865  188.49372  241.15356  27.9%   220  930s
  2381   947  193.95707   67  925  188.49372  241.15356  27.9%   219  939s
  2382   948  193.76648   68  925  188.49372  241.15356  27.9%   219  940s
  2429   979 infeasible   72       188.49372  241.15356  27.9%   221  945s
  2447   991     cutoff   71       188.49372  241.15356  27.9%   221  950s
  2472   995  241.15182   59 1198  188.49372  241.15356  27.9%   220  961s
  2510  1021  229.17246   61 1306  188.49372  241.15356  27.9%   220  966s
  2529  1036  213.95666   75  703  188.49372  241.15356  27.9%   219  970s
  2531  1036  190.62440   76  680  188.49372  241.15356  27.9%   220  975s
H 2537   958                     190.8743446  241.15356  26.3%   221  984s
  2549   964  220.15284   64  990  190.87434  241.15356  26.3%   220  992s
  2566   979  192.22299   80  654  190.87434  241.15356  26.3%   220  995s
H 2581   980                     190.8743448  241.15356  26.3%   219  998s
  2594   995  214.59722   66  953  190.87434  241.15356  26.3%   219 1000s
  2604  1003     cutoff   71       190.87434  241.15356  26.3%   219 1008s
  2621  1010  204.21303   80  669  190.87434  241.15356  26.3%   219 1010s
  2630  1013  198.43393   84  589  190.87434  241.15356  26.3%   219 1016s
  2689  1032  207.26650   68  818  190.87434  241.15356  26.3%   216 1022s
H 2691  1030                     190.9166063  241.15356  26.3%   216 1030s
  2723  1044  207.13569   67  861  190.91661  241.15356  26.3%   215 1036s
  2758  1061  195.28154   75  694  190.91661  241.15356  26.3%   215 1044s
  2762  1059  241.15170   60 1159  190.91661  241.15356  26.3%   215 1045s
  2798  1084  206.31256   69 1088  190.91661  241.15356  26.3%   215 1054s
  2811  1095  196.47355   81  667  190.91661  241.15356  26.3%   214 1055s
  2864  1112  194.38843   82  646  190.91661  241.15356  26.3%   212 1060s
  2932  1140  240.66811   58 1449  190.91661  241.15356  26.3%   210 1065s
  2953  1157     cutoff   69       190.91661  241.15356  26.3%   213 1070s
  2966  1166  191.87984   75  325  190.91661  241.15356  26.3%   213 1082s
  2971  1163  241.15356   57 1394  190.91661  241.15356  26.3%   213 1094s
  2982  1172     cutoff   68       190.91661  241.15356  26.3%   213 1095s
  3003  1181  241.15356   56  784  190.91661  241.15356  26.3%   213 1101s
  3014  1192  204.11405   67 1203  190.91661  241.15356  26.3%   213 1105s
  3028  1199  232.16297   60 1231  190.91661  241.15356  26.3%   214 1110s
  3041  1206  200.30948   68  909  190.91661  241.15356  26.3%   215 1117s
  3092  1224  191.71693   84  552  190.91661  241.15356  26.3%   213 1120s
  3110  1236  218.48831   71 1115  190.91661  241.15356  26.3%   212 1129s
  3111  1237  218.48831   72 1121  190.91661  241.15356  26.3%   212 1131s
  3146  1252  236.45257   63 1042  190.91661  241.15356  26.3%   212 1135s
  3167  1255  228.28634   58 1314  190.91661  241.15356  26.3%   212 1142s
  3172  1260  211.72418   61 1274  190.91661  241.15356  26.3%   212 1145s
  3208  1268  220.92617   55 1426  190.91661  241.15356  26.3%   212 1150s
  3230  1288  215.34241   64 1070  190.91661  241.15356  26.3%   213 1155s
  3265  1309     cutoff   62       190.91661  241.15356  26.3%   214 1160s
  3291  1319  241.05462   55 1211  190.91661  241.15356  26.3%   213 1165s
  3294  1322  225.58123   58 1253  190.91661  241.15356  26.3%   214 1172s
  3306  1326  240.77396   55 1287  190.91661  241.15356  26.3%   213 1175s
  3323  1336  232.23542   57 1400  190.91661  241.15356  26.3%   213 1180s
  3335  1340  241.15356   54  997  190.91661  241.15356  26.3%   214 1185s
  3382  1363     cutoff   59       190.91661  241.15356  26.3%   215 1190s
  3385  1364  226.14832   60 1136  190.91661  241.15356  26.3%   215 1195s
  3412  1365  241.15356   52 1257  190.91661  241.15356  26.3%   215 1200s

Cutting planes:
  Gomory: 1
  Implied bound: 1
  Projected implied bound: 10
  MIR: 18
  Flow cover: 65
  Zero half: 7
  Relax-and-lift: 2

Explored 3413 nodes (759749 simplex iterations) in 1200.01 seconds (4924.78 work units)
Thread count was 1 (of 64 available processors)

Solution count 10: 190.917 190.874 190.874 ... 182.817

Time limit reached
Best objective 1.909166062978e+02, best bound 2.411535641487e+02, gap 26.3136%
Tree policy:
if computer_4_running <= 0.0:
    if computer_1_running <= 0.0:
        return '(reboot_computer_1)'
    else:
        if computer_7_running <= 1.0:
            return '(reboot_computer_4)'
        else:
            return '(reboot_computer_2)'
else:
    if computer_2_running <= 0.0:
        if computer_1_running <= 0.0:
            return '(reboot_computer_1)'
        else:
            return '(reboot_computer_2)'
    else:
        if computer_3_running <= 0.0:
            return '(reboot_computer_3)'
        else:
            return '(reboot_computer_1)'
Optimal decision tree (depth=3) value: 190.9166062978474
Writing result files...
