Solving...
Starting with fixed depth 7
Set parameter Username
Academic license - for non-commercial use only - expires 2025-09-20
Set parameter Threads to value 1
Set parameter TimeLimit to value 1200
Gurobi Optimizer version 10.0.0 build v10.0.0rc2 (linux64)

CPU model: AMD EPYC 9124 16-Core Processor, instruction set [SSE2|AVX|AVX2|AVX512]
Thread count: 32 physical cores, 64 logical processors, using up to 1 threads

Optimize a model with 363519 rows, 40944 columns and 3402009 nonzeros
Model fingerprint: 0x2f1e840a
Variable types: 2560 continuous, 38384 integer (38384 binary)
Coefficient statistics:
  Matrix range     [1e-12, 1e+02]
  Objective range  [4e-01, 8e+00]
  Bounds range     [1e+00, 1e+02]
  RHS range        [1e+00, 7e+00]
Presolve removed 2435 rows and 2153 columns
Presolve time: 4.28s
Presolved: 361084 rows, 38791 columns, 3386167 nonzeros
Variable types: 2566 continuous, 36225 integer (36225 binary)
Root relaxation presolved: 38791 rows, 399875 columns, 3424958 nonzeros


Root simplex log...

Iteration    Objective       Primal Inf.    Dual Inf.      Time
       0    1.0236872e+05   0.000000e+00   2.753865e+05     15s
   16442    5.8493941e+04   0.000000e+00   6.233243e+09     21s
   17006    5.8493941e+04   0.000000e+00   7.313588e+09     26s
   17566    5.6463518e+04   0.000000e+00   1.175356e+10     31s
   18006    5.1623888e+04   0.000000e+00   3.141029e+11     35s
   18723    4.0016679e+04   0.000000e+00   8.268989e+10     42s
   19117    3.8985044e+04   0.000000e+00   4.021285e+10     45s
   19717    3.5857964e+04   0.000000e+00   1.852033e+11     51s
   20197    3.2477395e+04   0.000000e+00   1.108856e+12     56s
   20677    2.7501100e+04   0.000000e+00   2.515620e+12     60s
   21157    2.3919206e+04   0.000000e+00   6.555145e+11     65s
   21757    1.8943809e+04   0.000000e+00   2.127878e+11     71s
   22237    1.4869414e+04   0.000000e+00   3.391644e+11     75s
   22837    1.0896026e+04   0.000000e+00   2.719015e+08     81s
   23327    1.0437188e+04   0.000000e+00   6.475091e+09     86s
   23807    8.9592768e+03   0.000000e+00   3.425369e+09     91s
   24287    7.4307153e+03   0.000000e+00   1.068548e+09     96s
   24767    5.8319543e+03   0.000000e+00   9.167064e+08    101s
   25247    5.0664496e+03   0.000000e+00   1.956204e+08    106s
   25727    1.9340916e+03   0.000000e+00   8.371998e+08    110s
   26217    1.9331980e+03   0.000000e+00   1.400669e+09    116s
   26587    1.9321102e+03   0.000000e+00   3.929015e+09    120s
   27077    1.2093529e+03   0.000000e+00   2.788549e+07    126s
   27457    9.1896923e+02   0.000000e+00   6.185724e+08    130s
   27937    8.5343400e+02   0.000000e+00   7.020296e+07    135s
   28427    8.5335539e+02   0.000000e+00   3.275400e+07    141s
   28907    8.5328717e+02   0.000000e+00   1.330841e+08    146s
   29407    7.8460111e+02   0.000000e+00   6.137977e+07    151s
   29767    7.8457943e+02   0.000000e+00   6.556558e+07    155s
   30247    7.8455311e+02   0.000000e+00   9.605165e+06    161s
   30737    7.8453020e+02   0.000000e+00   5.495265e+07    166s
   31117    7.8451532e+02   0.000000e+00   7.120072e+07    170s
   31607    7.7432742e+02   0.000000e+00   7.713624e+07    175s
   32097    7.7431113e+02   0.000000e+00   2.911276e+07    181s
   32617    7.7429106e+02   0.000000e+00   3.419900e+07    186s
   32997    7.7427972e+02   0.000000e+00   5.027750e+07    191s
   33467    7.7426140e+02   0.000000e+00   6.679523e+07    196s
   33857    7.7425094e+02   0.000000e+00   2.828165e+07    200s
   34357    7.7423561e+02   0.000000e+00   1.886760e+07    205s
   34877    7.7421890e+02   0.000000e+00   4.489801e+07    211s
   35277    7.7420812e+02   0.000000e+00   3.811946e+07    216s
   35667    7.7419969e+02   0.000000e+00   1.634705e+08    220s
   36177    7.4455501e+02   0.000000e+00   1.678473e+07    226s
   36647    7.4454518e+02   0.000000e+00   3.802448e+07    231s
   37047    7.4453733e+02   0.000000e+00   8.169964e+07    236s
   37547    7.4452536e+02   0.000000e+00   2.066922e+07    241s
   37927    7.4451555e+02   0.000000e+00   2.177328e+07    246s
   38367    7.4450259e+02   0.000000e+00   1.231596e+07    250s
   38847    7.4449000e+02   0.000000e+00   4.798179e+07    256s
   39247    7.4447988e+02   0.000000e+00   2.180637e+07    260s
   39727    7.4446838e+02   0.000000e+00   3.534098e+07    266s
   40127    7.4445981e+02   0.000000e+00   3.466133e+07    270s
   40557    7.4444883e+02   0.000000e+00   1.697304e+07    275s
   40987    7.4061018e+02   0.000000e+00   7.662316e+06    280s
   41487    6.2305551e+02   0.000000e+00   1.435754e+07    285s
   41927    6.2304315e+02   0.000000e+00   2.714791e+07    290s
   42467    6.2302562e+02   0.000000e+00   5.045917e+07    296s
   42857    6.2301401e+02   0.000000e+00   2.023489e+07    301s
   43377    5.1337421e+02   0.000000e+00   4.245273e+07    307s
   43757    5.1084189e+02   0.000000e+00   2.142755e+07    311s
   44247    5.1082999e+02   0.000000e+00   8.104358e+07    316s
   44597    4.8145483e+02   0.000000e+00   4.900455e+07    320s
   45137    4.8144373e+02   0.000000e+00   1.319437e+08    326s
   45527    4.0095086e+02   0.000000e+00   3.562903e+07    331s
   46017    4.0094002e+02   0.000000e+00   8.849576e+06    336s
   46387    4.0093113e+02   0.000000e+00   1.647572e+07    340s
   46907    4.0091944e+02   0.000000e+00   2.484550e+07    346s
   47277    4.0091043e+02   0.000000e+00   1.695891e+07    350s
   47787    4.0089907e+02   0.000000e+00   2.359572e+07    356s
   48177    4.0089115e+02   0.000000e+00   5.388925e+07    360s
   48657    4.0088118e+02   0.000000e+00   4.178305e+07    366s
   49137    4.0046447e+02   0.000000e+00   1.758177e+07    371s
   49617    4.0045290e+02   0.000000e+00   2.754946e+07    376s
   49977    4.0044579e+02   0.000000e+00   3.425773e+07    380s
   50457    4.0043533e+02   0.000000e+00   8.389546e+06    385s
   50937    2.5221852e+02   0.000000e+00   9.984673e+06    390s
   51417    2.5221076e+02   0.000000e+00   2.767545e+07    396s
   51897    2.5219995e+02   0.000000e+00   1.492101e+07    401s
   52257    2.5219252e+02   0.000000e+00   2.759068e+07    406s
   52617    2.5218660e+02   0.000000e+00   1.324013e+07    410s
   53097    2.5217742e+02   0.000000e+00   5.515372e+06    416s
   53577    2.5216732e+02   0.000000e+00   1.182757e+07    421s
   53937    2.5216167e+02   0.000000e+00   1.523622e+07    425s
   54417    2.5215096e+02   0.000000e+00   1.256045e+07    430s
   54897    2.5214301e+02   0.000000e+00   7.337016e+06    436s
   55377    2.5213524e+02   0.000000e+00   2.148180e+07    441s
   55857    2.5113971e+02   0.000000e+00   2.822090e+07    446s
   56337    2.5113268e+02   0.000000e+00   2.014610e+07    451s
   56697    2.5112673e+02   0.000000e+00   4.710770e+07    455s
   57177    2.5111952e+02   0.000000e+00   2.134576e+07    460s
   57657    2.5111224e+02   0.000000e+00   1.593533e+07    465s
   58137    2.5110536e+02   0.000000e+00   5.190479e+06    470s
   58617    2.5109960e+02   0.000000e+00   1.103447e+07    476s
   59097    2.5109357e+02   0.000000e+00   7.897546e+06    481s
   59457    2.5108832e+02   0.000000e+00   1.460605e+07    485s
   59937    2.5108187e+02   0.000000e+00   3.562930e+07    490s
   60417    2.5107503e+02   0.000000e+00   5.595536e+06    496s
   60777    2.5106916e+02   0.000000e+00   9.331253e+06    501s
   61257    2.5106282e+02   0.000000e+00   5.850075e+06    506s
   61617    2.5105873e+02   0.000000e+00   1.749799e+07    511s
   62097    2.5105284e+02   0.000000e+00   9.449187e+07    516s
   62457    2.5104905e+02   0.000000e+00   2.489365e+07    521s
   62817    2.5104486e+02   0.000000e+00   8.615040e+06    526s
   63177    2.5104022e+02   0.000000e+00   1.123559e+07    530s
   63537    2.5103649e+02   0.000000e+00   1.577188e+07    535s
   64017    2.5103087e+02   0.000000e+00   6.907738e+07    541s
   64377    2.5102596e+02   0.000000e+00   1.458797e+07    546s
   64737    2.5102244e+02   0.000000e+00   1.061637e+07    551s
   65097    2.5101853e+02   0.000000e+00   2.701282e+07    556s
   65457    2.4809208e+02   0.000000e+00   6.061287e+06    560s
   65937    2.4808609e+02   0.000000e+00   3.189212e+06    567s
   66297    2.4757080e+02   0.000000e+00   2.591521e+07    571s
   66657    2.4756675e+02   0.000000e+00   6.071183e+06    576s
   67187    2.4756197e+02   0.000000e+00   1.630992e+07    582s
   67507    2.4755774e+02   0.000000e+00   1.649634e+07    586s
   67937    2.4755198e+02   0.000000e+00   5.494065e+06    591s
   68447    2.4754555e+02   0.000000e+00   2.225227e+07    596s
   68997    2.4753753e+02   0.000000e+00   3.475929e+06    602s
   69357    2.4753498e+02   0.000000e+00   7.137876e+06    605s
   69897    2.4753022e+02   0.000000e+00   4.138753e+06    611s
   70437    2.4752381e+02   0.000000e+00   3.958458e+06    617s
   70797    2.4752060e+02   0.000000e+00   1.562791e+07    620s
   71267    2.4751600e+02   0.000000e+00   2.661010e+06    626s
   71737    2.4751120e+02   0.000000e+00   1.108539e+07    631s
   72277    2.4750457e+02   0.000000e+00   3.826299e+06    636s
   72637    2.4750152e+02   0.000000e+00   2.191823e+06    641s
   73187    2.4749579e+02   0.000000e+00   1.045506e+07    647s
   73567    2.4731290e+02   0.000000e+00   3.752854e+06    650s
   74151    2.4730784e+02   0.000000e+00   1.274106e+07    656s
   74545    2.4730409e+02   0.000000e+00   4.864469e+06    660s
   75136    2.4729913e+02   0.000000e+00   1.904006e+07    666s
   75727    2.4420561e+02   0.000000e+00   3.183855e+05    671s
   76515    2.4106449e+02   0.000000e+00   6.561092e+03    675s
   77220    2.4115356e+02   0.000000e+00   0.000000e+00    677s
   77241    2.4115356e+02   0.000000e+00   0.000000e+00    677s
Extra simplex iterations from dual to original model: 21

Root relaxation: objective 2.411536e+02, 77241 iterations, 664.10 seconds (1657.67 work units)
Total elapsed time = 730.55s
Total elapsed time = 738.19s

    Nodes    |    Current Node    |     Objective Bounds      |     Work
 Expl Unexpl |  Obj  Depth IntInf | Incumbent    BestBd   Gap | It/Node Time

     0     0  241.15356    0 1712          -  241.15356      -     -  738s
     0     0  241.15356    0 3288          -  241.15356      -     -  761s
     0     0  241.15356    0 3342          -  241.15356      -     -  763s
     0     0  241.15356    0 1327          -  241.15356      -     -  791s
H    0     0                     125.6587570  241.15356  91.9%     -  794s
     0     0  241.15356    0 1335  125.65876  241.15356  91.9%     -  800s
     0     0  241.15356    0 1121  125.65876  241.15356  91.9%     -  834s
H    0     0                     126.0673566  241.15356  91.3%     -  839s
     0     0  241.15356    0 1122  126.06736  241.15356  91.3%     -  839s
     0     0  241.15356    0 1102  126.06736  241.15356  91.3%     -  874s
H    0     0                     129.8779839  241.15356  85.7%     -  879s
     0     0  241.15356    0 2265  129.87798  241.15356  85.7%     -  880s
     0     0  241.15356    0 1162  129.87798  241.15356  85.7%     -  909s
     0     0  241.15356    0 2702  129.87798  241.15356  85.7%     -  913s
     0     0  241.15356    0 1361  129.87798  241.15356  85.7%     -  939s
H    0     0                     142.8866494  241.15356  68.8%     -  946s
     0     0  241.15356    0 1148  142.88665  241.15356  68.8%     -  947s
     0     0  241.15356    0 1435  142.88665  241.15356  68.8%     -  969s
     0     0  241.15356    0 1363  142.88665  241.15356  68.8%     -  973s
     0     0  241.15356    0 1152  142.88665  241.15356  68.8%     - 1004s
     0     0  241.15356    0 1152  142.88665  241.15356  68.8%     - 1009s
H    0     0                     142.9823074  241.15356  68.7%     - 1029s
H    0     0                     156.4659329  241.15356  54.1%     - 1034s
H    0     0                     160.4421158  241.15356  50.3%     - 1061s
     0     2  241.15356    0 1152  160.44212  241.15356  50.3%     - 1061s
     3     5  241.15356    2 2683  160.44212  241.15356  50.3%  1274 1073s
     8    10  241.15356    5 3173  160.44212  241.15356  50.3%   552 1075s
    13    15  241.15356    9 4247  160.44212  241.15356  50.3%   582 1082s
    15    17  241.15356   10 1160  160.44212  241.15356  50.3%   703 1088s
    17    19  241.15356   11 2556  160.44212  241.15356  50.3%   666 1090s
H   26    26                     160.4864462  241.15356  50.3%   462 1099s
    27    29  241.15356   18 2175  160.48645  241.15356  50.3%   448 1102s
    42    44  241.15356   28 1438  160.48645  241.15356  50.3%   303 1105s
H   52    52                     160.5039127  241.15356  50.2%   248 1110s
    65    67  241.15356   44 2243  160.50391  241.15356  50.2%   208 1115s
H   78    78                     160.5039139  241.15356  50.2%   176 1118s
    81    83  241.15356   53 1753  160.50391  241.15356  50.2%   172 1121s
    98   100  240.91170   64 1657  160.50391  241.15356  50.2%   159 1125s
H  104   104                     161.3511966  241.15356  49.5%   152 1140s
   113   115  240.85419   74  878  161.35120  241.15356  49.5%   148 1145s
   120   122  212.52653   78  951  161.35120  241.15356  49.5%   182 1150s
   129   131  171.78241   83 1110  161.35120  241.15356  49.5%   195 1155s
H  130   130                     161.6552563  241.15356  49.2%   194 1168s
   132   134  193.66914   85 1478  161.65526  241.15356  49.2%   222 1171s
   135   137  188.36847   87 1316  161.65526  241.15356  49.2%   219 1175s
   155   157  173.69683   98 1129  161.65526  241.15356  49.2%   196 1180s
H  156   156                     163.8008885  241.15356  47.2%   195 1192s
H  162   162                     164.2874069  241.15356  46.8%   190 1197s

Cutting planes:
  Implied bound: 9
  MIR: 5
  Flow cover: 3
  Zero half: 1

Explored 175 nodes (177964 simplex iterations) in 1200.07 seconds (5372.17 work units)
Thread count was 1 (of 64 available processors)

Solution count 10: 164.287 163.801 161.655 ... 142.982

Time limit reached
Best objective 1.642874069089e+02, best bound 2.411535643633e+02, gap 46.7876%
Tree policy:
if computer_2_running <= 0.0:
    if computer_3_running <= 0.0:
        if computer_7_running <= 0.0:
            if computer_6_running <= 0.0:
                if computer_1_running <= 0.0:
                    return '(reboot_computer_1)'
                else:
                    return '(reboot_computer_2)'
            else:
                return '(reboot_computer_4)'
        else:
            if computer_7_running <= 0.0:
                return '(reboot_computer_0)'
            else:
                if computer_7_running <= 1.0:
                    if computer_1_running <= 0.0:
                        return '(reboot_computer_1)'
                    else:
                        return '(reboot_computer_3)'
                else:
                    return '(reboot_computer_0)'
    else:
        if computer_4_running <= 0.0:
            if computer_3_running <= 0.0:
                return '(reboot_computer_0)'
            else:
                if computer_1_running <= 0.0:
                    if computer_5_running <= 0.0:
                        if computer_7_running <= 0.0:
                            return '(reboot_computer_1)'
                        else:
                            return '(reboot_computer_5)'
                    else:
                        if computer_7_running <= 1.0:
                            return '(reboot_computer_1)'
                        else:
                            return '(reboot_computer_0)'
                else:
                    if computer_7_running <= 1.0:
                        if computer_0_running <= 0.0:
                            return '(reboot_computer_1)'
                        else:
                            return '(reboot_computer_5)'
                    else:
                        return '(reboot_computer_3)'
        else:
            if computer_6_running <= 0.0:
                if computer_4_running <= 0.0:
                    return '(reboot_computer_0)'
                else:
                    if computer_4_running <= 0.0:
                        return '(reboot_computer_0)'
                    else:
                        return '(reboot_computer_2)'
            else:
                if computer_3_running <= 0.0:
                    return '(reboot_computer_0)'
                else:
                    if computer_0_running <= 0.0:
                        return '(reboot_computer_2)'
                    else:
                        if computer_5_running <= 0.0:
                            return '(reboot_computer_5)'
                        else:
                            return '(reboot_computer_2)'
else:
    if computer_4_running <= 0.0:
        if computer_3_running <= 0.0:
            if computer_0_running <= 0.0:
                if computer_2_running <= 0.0:
                    if computer_5_running <= 0.0:
                        return '(reboot_computer_6)'
                    else:
                        return '(reboot_computer_0)'
                else:
                    if computer_5_running <= 0.0:
                        if computer_1_running <= 0.0:
                            return '(reboot_computer_1)'
                        else:
                            return '(reboot_computer_4)'
                    else:
                        if computer_7_running <= 0.0:
                            return '(reboot_computer_4)'
                        else:
                            return '(reboot_computer_6)'
            else:
                if computer_2_running <= 0.0:
                    return '(reboot_computer_0)'
                else:
                    if computer_5_running <= 0.0:
                        return '(reboot_computer_6)'
                    else:
                        return '(reboot_computer_3)'
        else:
            if computer_5_running <= 0.0:
                if computer_2_running <= 0.0:
                    return '(reboot_computer_0)'
                else:
                    if computer_2_running <= 0.0:
                        return '(reboot_computer_0)'
                    else:
                        return '(reboot_computer_1)'
            else:
                if computer_6_running <= 0.0:
                    if computer_1_running <= 0.0:
                        return '(reboot_computer_1)'
                    else:
                        if computer_5_running <= 0.0:
                            return '(reboot_computer_0)'
                        else:
                            return '(reboot_computer_4)'
                else:
                    if computer_7_running <= 0.0:
                        if computer_1_running <= 0.0:
                            return '(reboot_computer_1)'
                        else:
                            return '(reboot_computer_5)'
                    else:
                        if computer_1_running <= 0.0:
                            return '(reboot_computer_1)'
                        else:
                            return '(reboot_computer_4)'
    else:
        if computer_4_running <= 0.0:
            return '(reboot_computer_0)'
        else:
            if computer_2_running <= 0.0:
                return '(reboot_computer_0)'
            else:
                if computer_3_running <= 0.0:
                    return '(reboot_computer_0)'
                else:
                    if computer_1_running <= 0.0:
                        return '(reboot_computer_0)'
                    else:
                        if computer_6_running <= 0.0:
                            return '(reboot_computer_0)'
                        else:
                            return '(reboot_computer_5)'
Optimal decision tree (depth=7) value: 164.28740690887227
Writing result files...
