Solving...
Starting with fixed depth 6
Set parameter Username
Academic license - for non-commercial use only - expires 2025-09-20
Set parameter Threads to value 1
Set parameter TimeLimit to value 1200
Gurobi Optimizer version 10.0.0 build v10.0.0rc2 (linux64)

CPU model: AMD EPYC 9124 16-Core Processor, instruction set [SSE2|AVX|AVX2|AVX512]
Thread count: 32 physical cores, 64 logical processors, using up to 1 threads

Optimize a model with 183167 rows, 22896 columns and 1680025 nonzeros
Model fingerprint: 0xdf28169c
Variable types: 2560 continuous, 20336 integer (20336 binary)
Coefficient statistics:
  Matrix range     [1e-12, 1e+02]
  Objective range  [4e-01, 8e+00]
  Bounds range     [1e+00, 1e+02]
  RHS range        [1e+00, 6e+00]
Presolve removed 1205 rows and 1065 columns
Presolve time: 2.12s
Presolved: 181962 rows, 21831 columns, 1672583 nonzeros
Variable types: 2566 continuous, 19265 integer (19265 binary)
Root relaxation presolved: 21831 rows, 203793 columns, 1694414 nonzeros


Root simplex log...

Iteration    Objective       Primal Inf.    Dual Inf.      Time
       0      handle free variables                         11s
   17176    2.4115356e+02   0.000000e+00   0.000000e+00     12s
   17177    2.4115356e+02   0.000000e+00   0.000000e+00     12s
Extra simplex iterations from dual to original model: 1

Root relaxation: objective 2.411536e+02, 17177 iterations, 1.97 seconds (6.35 work units)
Total elapsed time = 15.50s

    Nodes    |    Current Node    |     Objective Bounds      |     Work
 Expl Unexpl |  Obj  Depth IntInf | Incumbent    BestBd   Gap | It/Node Time

     0     0  241.15356    0  765          -  241.15356      -     -   15s
     0     0  241.15356    0 1326          -  241.15356      -     -   28s
     0     0  241.15356    0 1351          -  241.15356      -     -   28s
     0     0  241.15356    0 1087          -  241.15356      -     -   34s
     0     0  241.15356    0 1038          -  241.15356      -     -   34s
     0     0  241.15356    0  957          -  241.15356      -     -   43s
     0     0  241.15356    0 1213          -  241.15356      -     -   43s
     0     0  241.15356    0 1056          -  241.15356      -     -   49s
     0     0  241.15356    0  991          -  241.15356      -     -   49s
     0     0  241.15356    0 1159          -  241.15356      -     -   55s
     0     0  241.15356    0 1178          -  241.15356      -     -   55s
     0     0  241.15356    0 1567          -  241.15356      -     -   60s
     0     0  241.15356    0 1567          -  241.15356      -     -   63s
     0     2  241.15356    0 1567          -  241.15356      -     -   84s
     7     9  241.15356    5 1725          -  241.15356      -   390   85s
    46    48  241.15356   28 2595          -  241.15356      -   103   90s
    94    96  241.15356   58 1344          -  241.15356      -  89.2   95s
   119   121  188.78778   75  479          -  241.15356      -   103  100s
   141   143  120.16338   89   68          -  241.15356      -   117  105s
*  144   130              91     169.8035484  241.15356  42.0%   115  105s
H  147   122                     181.2645696  241.15356  33.0%   113  119s
   147   124  241.15356   64  752  181.26457  241.15356  33.0%   114  122s
   166   129  220.73860   64 1161  181.26457  241.15356  33.0%   120  125s
   173   134  183.28085   70 1066  181.26457  241.15356  33.0%   120  130s
   174   135  182.28433   71 1066  181.26457  241.15356  33.0%   120  140s
   200   139  184.88347   71 1067  181.26457  241.15356  33.0%   120  147s
   201   140  183.35841   72 1034  181.26457  241.15356  33.0%   120  157s
   226   145  185.21278   63  395  181.26457  241.15356  33.0%   119  164s
   228   145  185.12345   64  361  181.26457  241.15356  33.0%   119  166s
*  236   145              70     185.0920362  241.15356  30.3%   115  166s
   256   144  185.56305   63  801  185.09204  241.15356  30.3%   118  171s
   283   158  237.94757   18 1202  185.09204  241.15356  30.3%   109  176s
   310   185  237.73622   45 1879  185.09204  241.15356  30.3%   102  180s
   338   213  237.42898   73 1438  185.09204  241.15356  30.3%  96.9  186s
   364   233  208.72276   96 1798  185.09204  241.15356  30.3%  92.1  190s
   396   255  238.83814   32 1853  185.09204  241.15356  30.3%  86.2  195s
   445   304  238.83814   48 1063  185.09204  241.15356  30.3%  78.4  201s
   472   331  238.83814   57 1438  185.09204  241.15356  30.3%  75.3  205s
   501   352  231.18539   68 1251  185.09204  241.15356  30.3%  77.2  210s
   511   361  238.83814   37 1567  185.09204  241.15356  30.3%  77.4  225s
   513   362  238.83814   59  979  185.09204  241.15356  30.3%  77.1  250s
   514   363  241.15356    9  633  185.09204  241.15356  30.3%  77.0  265s
   515   364  237.43809   55  631  185.09204  241.15356  30.3%  76.8  273s
   516   364  238.83814   39 1121  185.09204  241.15356  30.3%  76.7  282s
   517   365  237.43809   60 1089  185.09204  241.15356  30.3%  76.5  291s
   518   366  238.63745   14  863  185.09204  241.15356  30.3%  76.4  306s
   519   366  238.83814   48  862  185.09204  241.15356  30.3%  76.2  310s
   520   367  237.42898   77 1165  185.09204  241.15356  30.3%  76.1  324s
   521   368  241.15356   46 1205  185.09204  241.15356  30.3%  76.0  331s
   522   368  193.69784   62 1493  185.09204  241.15356  30.3%  75.8  345s
   524   370  238.83814   37 1095  185.09204  241.15356  30.3%  75.5  360s
   525   370  238.83814   52 1044  185.09204  241.15356  30.3%  75.4  367s
   526   371  238.83814   51 1784  185.09204  241.15356  30.3%  75.2  384s
   527   372  237.43809   52 1775  185.09204  241.15356  30.3%  75.1  389s
   528   372  220.73860   65 1150  185.09204  241.15356  30.3%  74.9  408s
   529   373  238.83814   46  727  185.09204  241.15356  30.3%  74.8  414s
   530   374  237.43809   64 1035  185.09204  241.15356  30.3%  74.7  425s
   531   374  238.83814   59  949  185.09204  241.15356  30.3%  74.5  433s
   532   375  212.62857   92 1109  185.09204  241.15356  30.3%  74.4  445s
   533   376  237.46029   47 1108  185.09204  241.15356  30.3%  74.2  454s
   534   376  241.15356    4 1108  185.09204  241.15356  30.3%  74.1  469s
   535   379  241.15356   10  880  185.09204  241.15356  30.3%   247  483s
   538   381  241.15356   11 2338  185.09204  241.15356  30.3%   247  485s
   548   388  241.15356   16 1908  185.09204  241.15356  30.3%   243  490s
   561   396  241.15356   23 2068  185.09204  241.15356  30.3%   239  495s
   586   413  241.15356   35 2371  185.09204  241.15356  30.3%   231  507s
   596   420  231.39992   40 1640  185.09204  241.15356  30.3%   228  510s
   609   428  231.39958   47 2248  185.09204  241.15356  30.3%   226  515s
   615   432  231.07619   50 1992  185.09204  241.15356  30.3%   224  521s
   635   446  231.07619   60 1624  185.09204  241.15356  30.3%   221  525s
   642   448  225.89338   63 1532  185.09204  241.15356  30.3%   222  530s
   660   454  209.60277   72 1896  185.09204  241.15356  30.3%   220  535s
   686   472  209.60277   85  983  185.09204  241.15356  30.3%   212  540s
   698   474  191.61064   90 1193  185.09204  241.15356  30.3%   210  545s
   708   474     cutoff   95       185.09204  241.15356  30.3%   207  550s
   721   467  185.42952   96 1137  185.09204  241.15356  30.3%   204  561s
   734   468  241.15356   15 2318  185.09204  241.15356  30.3%   200  565s
   743   474  241.15356   20 1067  185.09204  241.15356  30.3%   203  570s
   757   483  241.15356   27 1321  185.09204  241.15356  30.3%   201  575s
   778   497  241.15356   37 2378  185.09204  241.15356  30.3%   198  580s
   781   499  241.15356   39 1205  185.09204  241.15356  30.3%   202  585s
   806   512  241.02935   51 1116  185.09204  241.15356  30.3%   200  590s
   830   508  241.15356   12 2210  185.09204  241.15356  30.3%   199  595s
   833   510  240.88268   14 2204  185.09204  241.15356  30.3%   198  600s
   860   528  241.15356   27 2126  185.09204  241.15356  30.3%   192  606s
   883   543  241.02935   39 2222  185.09204  241.15356  30.3%   191  610s
   888   546  239.01573   41 2090  185.09204  241.15356  30.3%   190  617s
   895   547  189.55339   44 2078  185.09204  241.15356  30.3%   189  620s
   899   550  189.70785   46 2139  185.09204  241.15356  30.3%   189  625s
   909   556  189.70590   51 1908  185.09204  241.15356  30.3%   187  633s
   914   560  189.70761   53 1784  185.09204  241.15356  30.3%   186  637s
   926   564  189.70761   59 2484  185.09204  241.15356  30.3%   184  640s
   951   580  189.65530   71 1768  185.09204  241.15356  30.3%   180  655s
   971   582  189.29733   81 1507  185.09204  241.15356  30.3%   177  661s
   978   580  188.83032   84 1474  185.09204  241.15356  30.3%   176  671s
   990   588  188.80964   90 1072  185.09204  241.15356  30.3%   174  676s
   997   591  188.39366   94 1085  185.09204  241.15356  30.3%   173  680s
  1016   590  241.15356   44 1615  185.09204  241.15356  30.3%   170  685s
  1030   595  238.75430   55 1796  185.09204  241.15356  30.3%   169  707s
  1045   605  238.75430   62 1471  185.09204  241.15356  30.3%   167  710s
  1064   618  238.38086   68 1752  185.09204  241.15356  30.3%   164  715s
  1104   644  238.37618   86 1737  185.09204  241.15356  30.3%   160  723s
  1130   662  225.85421  100 1448  185.09204  241.15356  30.3%   158  725s
  1134   664  228.75761  100 1281  185.09204  241.15356  30.3%   157  730s
  1157   680  226.37145  107  968  185.09204  241.15356  30.3%   155  735s
  1176   682     cutoff  111       185.09204  241.15356  30.3%   153  740s
  1205   682  240.90116   44 1437  185.09204  241.15356  30.3%   151  745s
  1212   686  239.04288   51 1423  185.09204  241.15356  30.3%   150  755s
  1221   692  238.58709   54 1282  185.09204  241.15356  30.3%   149  760s
  1239   704  238.75430   60 1128  185.09204  241.15356  30.3%   147  768s
  1263   718  238.75430   73 1584  185.09204  241.15356  30.3%   145  770s
  1267   721  222.39369   73 1771  185.09204  241.15356  30.3%   145  779s
  1275   726  228.46243   78 1942  185.09204  241.15356  30.3%   145  780s
  1319   754  231.16763   95 2032  185.09204  241.15356  30.3%   141  785s
  1347   756  238.65575   30 2773  185.09204  241.15356  30.3%   139  792s
  1374   774  238.63736   48 3038  185.09204  241.15356  30.3%   136  798s
  1401   792  238.63705   62 2462  185.09204  241.15356  30.3%   134  802s
  1424   806  219.49777   72 2074  185.09204  241.15356  30.3%   134  805s
  1449   814  226.48679   86 2026  185.09204  241.15356  30.3%   132  810s
  1466   826  226.48379   92 2282  185.09204  241.15356  30.3%   131  815s
  1509   854  222.76794  102 2404  185.09204  241.15356  30.3%   128  823s
  1510   855  205.33590  103 2128  185.09204  241.15356  30.3%   128  825s
  1516   855  209.67093  104 2531  185.09204  241.15356  30.3%   128  830s
  1536   864  208.49331  109 2358  185.09204  241.15356  30.3%   127  836s
  1564   867  194.10464  120 2079  185.09204  241.15356  30.3%   125  842s
  1591   879  187.82218  133 1510  185.09204  241.15356  30.3%   124  847s
  1618   881  241.15356   20 1684  185.09204  241.15356  30.3%   122  852s
  1645   899  240.73139   47 1908  185.09204  241.15356  30.3%   120  859s
  1649   902  240.73139   51 2362  185.09204  241.15356  30.3%   120  860s
  1672   920  240.72954   74 2294  185.09204  241.15356  30.3%   119  865s
  1691   939  203.66562   93 1504  185.09204  241.15356  30.3%   118  870s
  1699   947  189.16946  101 1508  185.09204  241.15356  30.3%   117  876s
  1726   974  188.68950  128 1194  185.09204  241.15356  30.3%   116  882s
  1727   975  188.68860  129 1236  185.09204  241.15356  30.3%   116  885s
  1753  1001  188.68860  155  908  185.09204  241.15356  30.3%   114  894s
H 1754   817                     191.8953460  241.15356  25.7%   114  903s
  1770   821  222.99286   35 2234  191.89535  241.15356  25.7%   114  905s
  1807   858  221.12156   72 2160  191.89535  241.15356  25.7%   112  913s
  1822   873  221.08353   87 2466  191.89535  241.15356  25.7%   111  915s
  1860   911  220.13962  125 3275  191.89535  241.15356  25.7%   109  920s
  1880   931  196.32493  145 2286  191.89535  241.15356  25.7%   109  925s
  1887   934  195.54602  150 1794  191.89535  241.15356  25.7%   108  931s
  1889   936  193.63687  152 1787  191.89535  241.15356  25.7%   108  936s
  1898   936     cutoff  157       191.89535  241.15356  25.7%   108  940s
  1904   936  241.15356   25 2180  191.89535  241.15356  25.7%   108  945s
  1915   947  237.59168   36 2442  191.89535  241.15356  25.7%   107  950s
  1943   975  230.18490   64 1352  191.89535  241.15356  25.7%   106  955s
  1970   994  222.08782   87 1789  191.89535  241.15356  25.7%   105  961s
  1997  1003  237.59382   36 1768  191.89535  241.15356  25.7%   104  969s
  2000  1006  237.59382   39 1546  191.89535  241.15356  25.7%   104  972s
H 2002  1006                     192.1819665  241.15356  25.5%   104  989s
  2003  1009  237.57363   42 1934  192.18197  241.15356  25.5%   104  990s
  2024  1030  237.56074   63 1109  192.18197  241.15356  25.5%   103  997s
  2050  1054  214.34820   88 2023  192.18197  241.15356  25.5%   102 1000s
  2052  1056  212.18462   90 1343  192.18197  241.15356  25.5%   102 1005s
  2078  1074  237.57389   38 1895  192.18197  241.15356  25.5%   101 1011s
  2105  1101  237.57363   57 2052  192.18197  241.15356  25.5%   100 1016s
  2132  1128  236.43153   72 1684  192.18197  241.15356  25.5%   100 1021s
  2158  1140  236.43153   81 1353  192.18197  241.15356  25.5%  98.9 1025s
  2160  1142  236.43153   82 1705  192.18197  241.15356  25.5%  98.9 1030s
  2176  1154     cutoff   89       192.18197  241.15356  25.5%  99.2 1035s
  2186  1164  202.74380   90 1095  192.18197  241.15356  25.5%  98.8 1042s
  2213  1191  202.03772  106 1921  192.18197  241.15356  25.5%  98.0 1046s
  2236  1204  202.02204  115 1357  192.18197  241.15356  25.5%  97.3 1050s
  2265  1223     cutoff  127       192.18197  241.15356  25.5%  96.4 1055s
  2299  1227  241.15356   26 2124  192.18197  241.15356  25.5%  95.2 1063s
  2326  1254  237.57363   53 2290  192.18197  241.15356  25.5%  94.3 1067s
  2331  1259  237.57363   58 2509  192.18197  241.15356  25.5%  94.2 1072s
  2340  1268  237.51593   67 2075  192.18197  241.15356  25.5%  93.9 1075s
  2353  1281  236.93611   80 1737  192.18197  241.15356  25.5%  93.5 1081s
  2380  1306  218.94877  106 2867  192.18197  241.15356  25.5%  92.9 1085s
  2407  1319  238.51341   30 3298  192.18197  241.15356  25.5%  92.0 1090s
  2434  1346  238.49717   41 2432  192.18197  241.15356  25.5%  91.1 1096s
  2461  1373  238.49717   58 3158  192.18197  241.15356  25.5%  90.6 1102s
  2488  1400  237.76703   69 2909  192.18197  241.15356  25.5%  90.2 1107s
  2493  1405  236.51311   71 2739  192.18197  241.15356  25.5%  90.1 1110s
  2511  1423  236.47518   76 2695  192.18197  241.15356  25.5%  89.7 1115s
  2520  1432  231.51008   79 2437  192.18197  241.15356  25.5%  89.5 1121s
  2542  1452  234.07097   85 1924  192.18197  241.15356  25.5%  88.8 1127s
  2557  1457  241.15356   29 1574  192.18197  241.15356  25.5%  91.4 1133s
  2561  1461  239.33529   33 1492  192.18197  241.15356  25.5%  91.3 1135s
  2569  1469  238.04450   41 1997  192.18197  241.15356  25.5%  91.2 1142s
  2596  1496  228.87403   68 2517  192.18197  241.15356  25.5%  90.4 1147s
  2623  1523  224.18533   95 2650  192.18197  241.15356  25.5%  89.9 1153s
  2645  1545  223.42861  117 1923  192.18197  241.15356  25.5%  89.3 1155s
H 2657  1540                     196.2167394  241.15356  22.9%  88.9 1176s
H 2658  1540                     196.4749048  241.15356  22.7%  88.9 1183s
  2685  1569  223.42857  157 2197  196.47490  241.15356  22.7%  88.2 1200s

Cutting planes:
  Implied bound: 9
  MIR: 2
  Flow cover: 9
  Zero half: 12

Explored 2686 nodes (273831 simplex iterations) in 1200.45 seconds (4364.99 work units)
Thread count was 1 (of 64 available processors)

Solution count 7: 196.475 196.217 192.182 ... 169.804

Time limit reached
Best objective 1.964749047522e+02, best bound 2.411535636697e+02, gap 22.7401%
Tree policy:
if computer_3_running <= 0.0:
    if computer_4_running <= 0.0:
        if computer_1_running <= 0.0:
            if computer_7_running <= 0.0:
                if computer_2_running <= 0.0:
                    return '(reboot_computer_4)'
                else:
                    return '(reboot_computer_1)'
            else:
                if computer_2_running <= 0.0:
                    return '(reboot_computer_2)'
                else:
                    return '(reboot_computer_1)'
        else:
            if computer_7_running <= 1.0:
                return '(reboot_computer_4)'
            else:
                if computer_1_running <= 0.0:
                    return '(reboot_computer_1)'
                else:
                    return '(reboot_computer_4)'
    else:
        if computer_4_running <= 0.0:
            if computer_1_running <= 0.0:
                if computer_7_running <= 1.0:
                    if computer_7_running <= 0.0:
                        return '(reboot_computer_3)'
                    else:
                        return '(reboot_computer_7)'
                else:
                    if computer_7_running <= 1.0:
                        return '(reboot_computer_5)'
                    else:
                        return '(reboot_computer_0)'
            else:
                return '(reboot_computer_0)'
        else:
            if computer_1_running <= 0.0:
                return '(reboot_computer_1)'
            else:
                if computer_1_running <= 0.0:
                    if computer_7_running <= 1.0:
                        return '(reboot_computer_0)'
                    else:
                        return '__random__'
                else:
                    if computer_2_running <= 0.0:
                        return '(reboot_computer_2)'
                    else:
                        return '(reboot_computer_3)'
else:
    if computer_3_running <= 0.0:
        if computer_7_running <= 1.0:
            if computer_1_running <= 0.0:
                return '(reboot_computer_0)'
            else:
                return '(reboot_computer_2)'
        else:
            return '(reboot_computer_0)'
    else:
        if computer_3_running <= 0.0:
            if computer_7_running <= 1.0:
                return '(reboot_computer_7)'
            else:
                return '(reboot_computer_0)'
        else:
            if computer_1_running <= 0.0:
                if computer_3_running <= 0.0:
                    if computer_7_running <= 1.0:
                        return '(reboot_computer_0)'
                    else:
                        return '__random__'
                else:
                    if computer_3_running <= 0.0:
                        return '(reboot_computer_0)'
                    else:
                        return '(reboot_computer_1)'
            else:
                if computer_6_running <= 0.0:
                    return '(reboot_computer_2)'
                else:
                    if computer_4_running <= 0.0:
                        return '(reboot_computer_4)'
                    else:
                        return '(reboot_computer_7)'
Optimal decision tree (depth=6) value: 196.4749047521769
Writing result files...
