Solving...
Starting with fixed depth 4
Set parameter Username
Academic license - for non-commercial use only - expires 2025-09-20
Set parameter Threads to value 1
Set parameter TimeLimit to value 1200
Gurobi Optimizer version 10.0.0 build v10.0.0rc2 (linux64)

CPU model: AMD EPYC 9124 16-Core Processor, instruction set [SSE2|AVX|AVX2|AVX512]
Thread count: 32 physical cores, 64 logical processors, using up to 1 threads

Optimize a model with 47903 rows, 9360 columns and 552377 nonzeros
Model fingerprint: 0x78731d73
Variable types: 2560 continuous, 6800 integer (6800 binary)
Coefficient statistics:
  Matrix range     [1e-12, 1e+02]
  Objective range  [4e-01, 8e+00]
  Bounds range     [1e+00, 1e+02]
  RHS range        [1e+00, 4e+00]
Presolve removed 282 rows and 249 columns
Presolve time: 0.65s
Presolved: 47621 rows, 9111 columns, 550599 nonzeros
Variable types: 2566 continuous, 6545 integer (6545 binary)
Root relaxation presolved: 9111 rows, 56732 columns, 559710 nonzeros


Root simplex log...

Iteration    Objective       Primal Inf.    Dual Inf.      Time
       0      handle free variables                          8s
    5179    2.4115356e+02   0.000000e+00   0.000000e+00      8s
    5180    2.4115356e+02   0.000000e+00   0.000000e+00      8s
Extra simplex iterations from dual to original model: 1

Root relaxation: objective 2.411536e+02, 5180 iterations, 0.77 seconds (2.60 work units)

    Nodes    |    Current Node    |     Objective Bounds      |     Work
 Expl Unexpl |  Obj  Depth IntInf | Incumbent    BestBd   Gap | It/Node Time

     0     0  241.15356    0  961          -  241.15356      -     -    9s
     0     0  241.15356    0  661          -  241.15356      -     -   26s
     0     0  241.15356    0  660          -  241.15356      -     -   27s
     0     0  241.15356    0 1399          -  241.15356      -     -   29s
     0     0  241.15356    0 1397          -  241.15356      -     -   29s
     0     0  241.15356    0  674          -  241.15356      -     -   31s
     0     0  241.15356    0  680          -  241.15356      -     -   31s
     0     0  241.15356    0 1047          -  241.15356      -     -   35s
     0     0  241.15356    0 1044          -  241.15356      -     -   35s
     0     0  241.15356    0  951          -  241.15356      -     -   38s
     0     0  241.15356    0  951          -  241.15356      -     -   39s
     0     2  241.15356    0  951          -  241.15356      -     -   51s
    43    45  241.14673   28  953          -  241.15356      -   212   55s
    70    72  188.56827   42  999          -  241.15356      -   256   60s
*   98    86              60     170.2507649  241.15356  41.6%   218   63s
   101    85  241.15356    2 1078  170.25076  241.15356  41.6%   212   70s
   127   111  239.28357   28 1481  170.25076  241.15356  41.6%   169   75s
   128   112  239.28357   29 1479  170.25076  241.15356  41.6%   168   80s
   153   137  237.71490   50 1597  170.25076  241.15356  41.6%   147   85s
   182   166  237.43568   71 1670  170.25076  241.15356  41.6%   134   91s
   213   177  241.15356    3 1708  170.25076  241.15356  41.6%   118   95s
   267   223  239.88707    8 1528  170.25076  241.15356  41.6%  96.5  101s
   305   260  236.65158   43 1180  170.25076  241.15356  41.6%  86.5  105s
   348   293  236.83068   21 1351  170.25076  241.15356  41.6%  78.8  110s
   421   358  236.75904   82  922  170.25076  241.15356  41.6%  67.6  115s
   504   411  237.14887   40 1569  170.25076  241.15356  41.6%  59.8  120s
H  507   406                     171.8519505  241.15356  40.3%  59.4  122s
   511   411  236.63543   60  951  171.85195  241.15356  40.3%  60.7  128s
   513   412  236.99282   24  946  171.85195  241.15356  40.3%  60.5  141s
   514   413  236.97172   42 1244  171.85195  241.15356  40.3%  60.3  148s
   516   414  203.85146   44 1116  171.85195  241.15356  40.3%  60.1  151s
   518   416  239.34870   25 1188  171.85195  241.15356  40.3%  59.9  160s
   521   418  236.82548   28 1199  171.85195  241.15356  40.3%  59.5  166s
   522   418  228.36790   62 1326  171.85195  241.15356  40.3%  59.4  173s
   524   420  240.64491   10 1233  171.85195  241.15356  40.3%  59.2  177s
   526   421  236.86083   36 1288  171.85195  241.15356  40.3%  59.0  187s
   528   422  236.98579   27 1067  171.85195  241.15356  40.3%  58.7  196s
   530   424  236.81429   73 1200  171.85195  241.15356  40.3%  58.5  200s
   532   425  185.12016   41 1200  171.85195  241.15356  40.3%  58.3  206s
   535   429  241.15356   12 1134  171.85195  241.15356  40.3%   156  210s
   558   442  241.12852   23 1575  171.85195  241.15356  40.3%   152  216s
   575   452  241.15356   32 1766  171.85195  241.15356  40.3%   149  222s
   583   457  240.03766   36 1282  171.85195  241.15356  40.3%   148  225s
   613   473  182.82585   51  186  171.85195  241.15356  40.3%   144  230s
   637   487  182.38046   63  208  171.85195  241.15356  40.3%   142  235s
H  640   455                     182.3683292  241.15356  32.2%   141  240s
*  641   433              65     182.3747878  241.15356  32.2%   141  240s
   692   457  241.14379   35 1340  182.37479  241.15356  32.2%   134  245s
   724   466  241.15330   31 1129  182.37479  241.15356  32.2%   129  250s
   777   483  241.15356   13 1756  182.37479  241.15356  32.2%   123  255s
   819   509  228.85986   47 1283  182.37479  241.15356  32.2%   120  260s
   858   515  223.23865   21 1518  182.37479  241.15356  32.2%   116  265s
   948   563  237.51020   59  933  182.37479  241.15356  32.2%   108  274s
   970   562  235.78470   19 1756  182.37479  241.15356  32.2%   107  275s
  1020   583  241.15356   17 1651  182.37479  241.15356  32.2%   104  280s
  1102   614 infeasible   48       182.37479  241.15356  32.2%   100  285s
  1109   613  240.63124   29  988  182.37479  241.15356  32.2%  99.4  290s
  1133   629  233.62343   46  654  182.37479  241.15356  32.2%  98.1  295s
  1233   677  241.15356   21 1632  182.37479  241.15356  32.2%  92.2  300s
  1288   706  231.58568   33  798  182.37479  241.15356  32.2%  92.0  307s
H 1298   686                     182.7883667  241.15356  31.9%  91.6  318s
  1315   699  231.16853   49  721  182.78837  241.15356  31.9%  90.6  321s
  1367   712  241.15356   24 1525  182.78837  241.15356  31.9%  89.2  326s
  1369   713  239.70092   26 1447  182.78837  241.15356  31.9%  89.3  333s
  1416   734  219.09955   48 1620  182.78837  241.15356  31.9%  87.6  335s
  1477   749  241.15356   25 1729  182.78837  241.15356  31.9%  85.6  340s
  1545   786  232.16392   68  377  182.78837  241.15356  31.9%  84.3  345s
  1662   866  240.15803   40 1422  182.78837  241.15356  31.9%  80.0  350s
  1708   898  241.15356   18 1322  182.78837  241.15356  31.9%  78.6  355s
  1747   937  209.42096   57 1041  182.78837  241.15356  31.9%  77.4  361s
H 1767   947                     182.8170736  241.15356  31.9%  76.7  364s
  1795   977  230.22213   56 1207  182.81707  241.15356  31.9%  76.2  365s
* 1855  1027             110     182.8172528  241.15356  31.9%  74.6  369s
  1864  1032  230.29708   20 1151  182.81725  241.15356  31.9%  74.3  372s
  1940  1098  241.15356   21 1582  182.81725  241.15356  31.9%  72.7  375s
H 1957  1104                     182.8264897  241.15356  31.9%  72.3  379s
  1962  1111  225.43957   43  943  182.82649  241.15356  31.9%  72.4  380s
  2004  1143  224.26738   46 1045  182.82649  241.15356  31.9%  71.7  385s
  2041  1170  229.75681   48  705  182.82649  241.15356  31.9%  71.0  394s
  2043  1170  229.10880   49  707  182.82649  241.15356  31.9%  70.9  400s
  2058  1173  241.15356   25 1050  182.82649  241.15356  31.9%  70.9  405s
  2080  1193  224.50142   35  910  182.82649  241.15356  31.9%  71.3  410s
  2147  1252  208.71772   60  841  182.82649  241.15356  31.9%  70.0  421s
  2213  1260 infeasible   92       182.82649  241.15356  31.9%  68.2  425s
  2271  1264  239.27860   30  971  182.82649  241.15356  31.9%  66.6  430s
  2280  1273  234.65631   39  780  182.82649  241.15356  31.9%  66.5  435s
  2293  1286  231.40679   52  777  182.82649  241.15356  31.9%  66.2  440s
  2305  1298  227.98686   64  715  182.82649  241.15356  31.9%  65.9  448s
  2308  1301  227.98686   67  708  182.82649  241.15356  31.9%  65.8  450s
  2321  1310  226.63738   77  698  182.82649  241.15356  31.9%  65.6  455s
  2331  1312  237.42842   31  863  182.82649  241.15356  31.9%  65.4  461s
  2333  1314  237.42842   33  859  182.82649  241.15356  31.9%  65.4  465s
  2334  1315  237.42842   34  857  182.82649  241.15356  31.9%  65.4  471s
  2335  1316  237.05245   35  857  182.82649  241.15356  31.9%  65.3  477s
  2337  1318  237.05245   37  853  182.82649  241.15356  31.9%  65.3  481s
  2431  1412  230.21827  131 1048  182.82649  241.15356  31.9%  63.2  485s
  2497  1460  230.07530   52  780  182.82649  241.15356  31.9%  62.0  492s
  2518  1481  220.99145   73  881  182.82649  241.15356  31.9%  61.8  495s
  2594  1551  225.49662  144 1045  182.82649  241.15356  31.9%  60.1  500s
  2719  1652  219.97440  121  640  182.82649  241.15356  31.9%  58.3  505s
  2730  1651  219.82422  122  640  182.82649  241.15356  31.9%  58.4  512s
  2738  1649  241.14769   26 1011  182.82649  241.15356  31.9%  58.4  515s
  2817  1720  192.66126  100  729  182.82649  241.15356  31.9%  57.1  520s
  2890  1773  237.31448   39  798  182.82649  241.15356  31.9%  55.8  528s
  2945  1818  232.44083   42  857  182.82649  241.15356  31.9%  55.3  531s
  2957  1830  231.93082   48  847  182.82649  241.15356  31.9%  55.1  545s
  2958  1831  189.87329   46  691  182.82649  241.15356  31.9%  55.1  558s
  2959  1832  189.16532   49  691  182.82649  241.15356  31.9%  55.2  561s
  2997  1864  186.17825   64  479  182.82649  241.15356  31.9%  54.7  565s
  3075  1942  186.12811  103  427  182.82649  241.15356  31.9%  53.7  572s
  3123  1972  236.99516   35  764  182.82649  241.15356  31.9%  53.9  575s
  3190  2038  183.98344  102  412  182.82649  241.15356  31.9%  53.0  580s
  3313  2151  201.53426  137  534  182.82649  241.15356  31.9%  51.7  585s
* 3321  1985             145     186.5846200  241.15356  29.2%  51.7  585s
  3392  2017 infeasible   88       186.58462  241.15356  29.2%  51.1  590s
H 3406  2008                     186.9650549  241.15356  29.0%  51.0  607s
  3417  2021  225.10335   43  893  186.96505  241.15356  29.0%  51.1  611s
  3433  2037  211.71927   59  865  186.96505  241.15356  29.0%  50.9  618s
  3463  2056     cutoff   83       186.96505  241.15356  29.0%  50.7  620s
  3492  2083  240.79602   43  726  186.96505  241.15356  29.0%  50.6  625s
  3558  2147 infeasible   76       186.96505  241.15356  29.0%  49.9  630s
  3601  2180  224.25474   33 1427  186.96505  241.15356  29.0%  50.0  635s
  3677  2242  224.48720   66  553  186.96505  241.15356  29.0%  50.0  648s
  3734  2299  222.07345  123  540  186.96505  241.15356  29.0%  49.4  650s
  3795  2328  241.15356   20 1126  186.96505  241.15356  29.0%  49.5  655s
  3915  2448  228.33343  140  884  186.96505  241.15356  29.0%  48.4  660s
  3994  2512  221.83892   43 1263  186.96505  241.15356  29.0%  47.7  666s
  4020  2530  241.15356   25 1107  186.96505  241.15356  29.0%  47.7  678s
  4061  2571  225.15595   49  994  186.96505  241.15356  29.0%  47.4  680s
  4125  2633  210.87643   79 1121  186.96505  241.15356  29.0%  47.1  685s
  4183  2681  220.34665   50  987  186.96505  241.15356  29.0%  46.9  690s
  4234  2722  241.15356   28 1101  186.96505  241.15356  29.0%  46.5  695s
  4290  2774 infeasible   83       186.96505  241.15356  29.0%  46.1  700s
  4321  2797  239.93289   56 1608  186.96505  241.15356  29.0%  46.1  705s
  4362  2821  188.49405   54 1962  186.96505  241.15356  29.0%  46.1  710s
  4406  2852  241.15356   39 1086  186.96505  241.15356  29.0%  46.0  721s
  4407  2853  241.15356   40 1221  186.96505  241.15356  29.0%  46.0  725s
  4434  2878  239.38954   66 1299  186.96505  241.15356  29.0%  45.7  730s
H 4504  2935                     187.7907440  241.15356  28.4%  45.3  736s
  4517  2936  241.15298   39 1094  187.79074  241.15356  28.4%  45.5  749s
  4518  2937  241.15298   40 1092  187.79074  241.15356  28.4%  45.4  750s
H 4578  2985                     187.7907444  241.15356  28.4%  45.5  761s
  4689  3077  240.60006   28 1484  187.79074  241.15356  28.4%  44.8  765s
  4726  3108  194.27634   39 1465  187.79074  241.15356  28.4%  45.0  773s
  4753  3113  190.66501   50  971  187.79074  241.15356  28.4%  45.2  775s
  4819  3145  230.69100   51  807  187.79074  241.15356  28.4%  45.4  780s
  4884  3192  241.15356   25 1687  187.79074  241.15356  28.4%  45.2  785s
  4917  3217     cutoff   55       187.79074  241.15356  28.4%  45.8  790s
  4941  3237  219.78814   43 1241  187.79074  241.15356  28.4%  46.1  795s
  4947  3241  221.38142   44 1242  187.79074  241.15356  28.4%  46.2  800s
  4969  3263  215.78414   63  752  187.79074  241.15356  28.4%  46.0  805s
  5016  3310  215.24244   89  970  187.79074  241.15356  28.4%  45.7  810s
  5032  3310  241.15356   25 2103  187.79074  241.15356  28.4%  45.6  821s
  5037  3315  241.15356   30 2224  187.79074  241.15356  28.4%  45.6  825s
  5060  3338  197.73067   53 1074  187.79074  241.15356  28.4%  45.7  830s
  5114  3392  196.22638  107  618  187.79074  241.15356  28.4%  45.2  836s
  5166  3425  240.74560   34 1755  187.79074  241.15356  28.4%  45.1  840s
  5236  3475  236.76566   64  967  187.79074  241.15356  28.4%  44.9  845s
  5238  3473 infeasible   65       187.79074  241.15356  28.4%  44.9  850s
H 5290  3513                     187.7907483  241.15356  28.4%  44.8  859s
  5322  3545  236.75502   76  800  187.79075  241.15356  28.4%  44.6  860s
  5435  3642  219.53593  101 1044  187.79075  241.15356  28.4%  44.3  865s
  5464  3659  241.15356   32 1723  187.79075  241.15356  28.4%  44.2  870s
  5505  3676  241.15356   30 1500  187.79075  241.15356  28.4%  44.0  875s
  5522  3687  232.55750   42 1516  187.79075  241.15356  28.4%  44.1  883s
H 5539  3694                     187.7907529  241.15356  28.4%  44.0  893s
  5576  3722  213.34304   35  973  187.79075  241.15356  28.4%  44.2  895s
  5671  3792  219.63494   43  378  187.79075  241.15356  28.4%  44.1  900s
  5683  3804  216.12661   47  380  187.79075  241.15356  28.4%  44.1  906s
  5753  3872  211.44728   80  217  187.79075  241.15356  28.4%  43.7  910s
  5826  3925  241.15356   34 1256  187.79075  241.15356  28.4%  43.5  915s
H 5830  3925                     187.7907545  241.15356  28.4%  43.6  921s
  5844  3933  187.99834   48  511  187.79075  241.15356  28.4%  43.5  925s
  5886  3956  238.10955   50  689  187.79075  241.15356  28.4%  43.4  930s
  5988  4036  234.84720   41 1619  187.79075  241.15356  28.4%  42.9  936s
  6012  4058  190.29252   64 1090  187.79075  241.15356  28.4%  42.9  940s
  6013  4059  189.46403   65  653  187.79075  241.15356  28.4%  42.9  946s
  6098  4098  187.79249  134  414  187.79075  241.15356  28.4%  42.4  955s
  6161  4151  239.12405   88  624  187.79075  241.15356  28.4%  42.2  960s
  6211  4185  241.05256   55  507  187.79075  241.15356  28.4%  42.1  965s
  6303  4263  221.13653   59 1165  187.79075  241.15356  28.4%  41.9  970s
  6327  4279  231.39898   38 1167  187.79075  241.15356  28.4%  41.8  979s
  6354  4306  227.41111   65  679  187.79075  241.15356  28.4%  41.7  985s
  6418  4352 infeasible   40       187.79075  241.15356  28.4%  41.5  990s
  6429  4361  227.14409   48 1461  187.79075  241.15356  28.4%  41.6  995s
  6490  4404  238.76646   35 1728  187.79075  241.15356  28.4%  41.3 1000s
  6505  4419  228.41762   42  705  187.79075  241.15356  28.4%  41.6 1011s
  6569  4481  225.39652   74  730  187.79075  241.15356  28.4%  41.3 1015s
H 6581  4491                     187.7908163  241.15356  28.4%  41.2 1020s
  6620  4504  241.15356   34 1299  187.79082  241.15356  28.4%  41.1 1026s
  6642  4524  240.74511   51  692  187.79082  241.15356  28.4%  41.1 1030s
  6712  4565  225.50019   44 1002  187.79082  241.15356  28.4%  41.3 1038s
  6729  4580  224.09573   50  932  187.79082  241.15356  28.4%  41.4 1041s
  6795  4624  241.15354   41 1294  187.79082  241.15356  28.4%  41.5 1045s
  6830  4651  241.15356   36 1014  187.79082  241.15356  28.4%  41.3 1053s
  6852  4673  216.61320   58  629  187.79082  241.15356  28.4%  41.4 1055s
  6945  4748  241.15356   39 1333  187.79082  241.15356  28.4%  41.3 1060s
  6976  4761     cutoff   45       187.79082  241.15356  28.4%  41.5 1068s
  6977  4762  189.42600   45 1070  187.79082  241.15356  28.4%  41.5 1080s
  6980  4761  189.34590   44 1203  187.79082  241.15356  28.4%  41.5 1085s
H 7020  4786                     187.7909041  241.15356  28.4%  41.7 1096s
  7031  4791  192.26749   45 1495  187.79090  241.15356  28.4%  41.8 1101s
  7074  4819  190.06947   50 1150  187.79090  241.15356  28.4%  41.9 1107s
  7145  4872  187.79337  117  448  187.79090  241.15356  28.4%  41.5 1110s
  7238  4931  241.15227   39 1442  187.79090  241.15356  28.4%  41.3 1115s
  7244  4933  208.81360   43 1219  187.79090  241.15356  28.4%  41.5 1120s
  7282  4947  225.05635   48 1589  187.79090  241.15356  28.4%  41.7 1126s
  7316  4975  208.02660   77  823  187.79090  241.15356  28.4%  41.6 1136s
  7320  4975  241.15356   42 1457  187.79090  241.15356  28.4%  41.6 1141s
  7377  5026  189.54516   94 1006  187.79090  241.15356  28.4%  41.5 1147s
  7438  5059  241.15356   42 1419  187.79090  241.15356  28.4%  41.6 1150s
  7501  5107  241.15356   38 1581  187.79090  241.15356  28.4%  41.7 1155s
  7557  5161 infeasible   94       187.79090  241.15356  28.4%  41.6 1160s
  7607  5197  236.31070   40 1028  187.79090  241.15356  28.4%  41.5 1166s
H 7636  5165                     187.8984722  241.15356  28.3%  41.4 1174s
  7637  5168  236.37517   55 1142  187.89847  241.15356  28.3%  41.4 1181s
H 7664  5183                     187.8984724  241.15356  28.3%  41.7 1193s
  7665  5184 infeasible   68       187.89847  241.15356  28.3%  41.7 1195s

Cutting planes:
  Gomory: 1
  Implied bound: 9
  Projected implied bound: 10
  Flow cover: 48
  Zero half: 23

Explored 7672 nodes (343888 simplex iterations) in 1200.00 seconds (4567.33 work units)
Thread count was 1 (of 64 available processors)

Solution count 10: 187.898 187.898 187.791 ... 186.965

Time limit reached
Best objective 1.878984723875e+02, best bound 2.411535636692e+02, gap 28.3425%
Tree policy:
if computer_4_running <= 0.0:
    if computer_1_running <= 0.0:
        return '(reboot_computer_1)'
    else:
        if computer_7_running <= 1.0:
            return '(reboot_computer_4)'
        else:
            if computer_7_running <= 1.0:
                return '(reboot_computer_1)'
            else:
                return '(reboot_computer_0)'
else:
    if computer_1_running <= 0.0:
        if computer_7_running <= 1.0:
            return '(reboot_computer_1)'
        else:
            return '(reboot_computer_2)'
    else:
        if computer_7_running <= 0.0:
            if computer_2_running <= 0.0:
                return '(reboot_computer_2)'
            else:
                return '(reboot_computer_7)'
        else:
            if computer_6_running <= 0.0:
                return '(reboot_computer_2)'
            else:
                return '(reboot_computer_3)'
Optimal decision tree (depth=4) value: 187.89847238750286
Writing result files...
