Solving...
Starting with fixed depth 7
Set parameter Username
Academic license - for non-commercial use only - expires 2025-09-20
Set parameter Threads to value 1
Set parameter TimeLimit to value 1200
Gurobi Optimizer version 10.0.0 build v10.0.0rc2 (linux64)

CPU model: AMD EPYC 9124 16-Core Processor, instruction set [SSE2|AVX|AVX2|AVX512]
Thread count: 32 physical cores, 64 logical processors, using up to 1 threads

Optimize a model with 153507 rows, 30306 columns and 1355486 nonzeros
Model fingerprint: 0xefd225d7
Variable types: 990 continuous, 29316 integer (29316 binary)
Coefficient statistics:
  Matrix range     [1e-02, 1e+02]
  Objective range  [1e+00, 1e+00]
  Bounds range     [1e+00, 1e+02]
  RHS range        [1e+00, 7e+00]
Presolve removed 2032 rows and 1397 columns
Presolve time: 2.01s
Presolved: 151475 rows, 28909 columns, 1340398 nonzeros
Variable types: 990 continuous, 27919 integer (27919 binary)
Found heuristic solution: objective -99.9100581
Root relaxation presolved: 28909 rows, 180384 columns, 1369307 nonzeros

Extra simplex iterations from dual to original model: 8

Root relaxation: objective -1.715949e+01, 25344 iterations, 0.86 seconds (2.31 work units)

    Nodes    |    Current Node    |     Objective Bounds      |     Work
 Expl Unexpl |  Obj  Depth IntInf | Incumbent    BestBd   Gap | It/Node Time

     0     0  -17.15949    0  277  -99.91006  -17.15949  82.8%     -    5s
H    0     0                     -99.9099617  -17.15949  82.8%     -    5s
     0     0  -17.15949    0  446  -99.90996  -17.15949  82.8%     -    6s
H    0     0                     -99.8209599  -17.15949  82.8%     -    7s
     0     0  -17.15949    0  354  -99.82096  -17.15949  82.8%     -   11s
H    0     0                     -96.8283009  -17.15949  82.3%     -   12s
     0     0  -17.15949    0  354  -96.82830  -17.15949  82.3%     -   12s
     0     0  -17.15949    0  499  -96.82830  -17.15949  82.3%     -   17s
H    0     0                     -93.3082742  -17.15949  81.6%     -   20s
     0     0  -17.15949    0  465  -93.30827  -17.15949  81.6%     -   21s
     0     0  -17.15949    0  446  -93.30827  -17.15949  81.6%     -   24s
     0     0  -17.15949    0  429  -93.30827  -17.15949  81.6%     -   25s
     0     0  -17.15949    0  507  -93.30827  -17.15949  81.6%     -   28s
H    0     0                     -93.2279587  -17.15949  81.6%     -   29s
     0     0  -17.15949    0  507  -93.22796  -17.15949  81.6%     -   29s
     0     0  -17.15949    0  318  -93.22796  -17.15949  81.6%     -   33s
     0     0  -17.15949    0  318  -93.22796  -17.15949  81.6%     -   35s
     0     2  -17.15949    0  318  -93.22796  -17.15949  81.6%     -   43s
     8    10  -17.15949    5  972  -93.22796  -17.15949  81.6%   190   45s
    23    25  -17.15949   14 1084  -93.22796  -17.15949  81.6%   199   50s
H   27    27                     -93.2236697  -17.15949  81.6%   171   50s
    35    37  -17.15949   22 1016  -93.22367  -17.15949  81.6%   189   55s
    50    52  -17.15949   31  625  -93.22367  -17.15949  81.6%   190   60s
    66    68  -17.15949   41 1363  -93.22367  -17.15949  81.6%   180   65s
    83    85  -17.15949   52  515  -93.22367  -17.15949  81.6%   177   70s
   113   115  -17.15949   70  515  -93.22367  -17.15949  81.6%   145   75s
   135   137  -17.15949   83  611  -93.22367  -17.15949  81.6%   136   80s
   156   158  -17.15949   95  572  -93.22367  -17.15949  81.6%   128   85s
   174   176  -17.15949  107 1210  -93.22367  -17.15949  81.6%   135   90s
   203   204  -19.76360  126 1001  -93.22367  -17.15949  81.6%   121   95s
   238   239  -19.77325  148 1058  -93.22367  -17.15949  81.6%   110  100s
   283   284  -19.95444  175  866  -93.22367  -17.15949  81.6%  94.5  105s
H  297   275                     -24.3010911  -17.15949  29.4%  90.9  106s
   319   299  -23.56408  200  583  -24.30109  -17.15949  29.4%  86.2  110s
H  324   295                     -23.8507441  -17.15949  28.1%  85.1  111s
H  351   318                     -23.7768063  -17.15949  27.8%  79.6  115s
H  364   268                     -22.3313690  -17.15949  23.2%  77.2  116s
H  390   288                     -22.3275865  -17.15949  23.1%  73.1  118s
   401   301  -17.22779   29 1851  -22.32759  -17.15949  23.1%  71.8  120s
   444   344  -17.22779   55 1958  -22.32759  -17.15949  23.1%  66.8  125s
H  468   364                     -22.0602309  -17.15949  22.2%  67.3  128s
   484   380  -21.95286   83 1285  -22.06023  -17.15949  22.2%  65.6  130s
   511   404  -17.15949  107  318  -22.06023  -17.15949  22.2%  62.6  138s
H  512   384                     -22.0602282  -17.15949  22.2%  62.5  146s
   514   385  -17.22779   59  389  -22.06023  -17.15949  22.2%  62.2  150s
   516   386  -17.38369  106  305  -22.06023  -17.15949  22.2%  62.0  155s
   518   388  -19.77325  138  300  -22.06023  -17.15949  22.2%  61.7  160s
   520   389  -17.15949   10  308  -22.06023  -17.15949  22.2%  61.5  165s
   522   390  -17.15949   95  330  -22.06023  -17.15949  22.2%  61.3  170s
   524   392  -17.22779   47  476  -22.06023  -17.15949  22.2%  61.0  175s
   526   393  -19.95444  172  274  -22.06023  -17.15949  22.2%  60.8  182s
   528   394  -17.22779   45  658  -22.06023  -17.15949  22.2%  60.6  188s
   530   396  -21.95286  102 1630  -22.06023  -17.15949  22.2%  60.3  193s
   532   397  -17.22779   51 1932  -22.06023  -17.15949  22.2%  60.1  197s
   533   398  -17.15949   34 1932  -22.06023  -17.15949  22.2%  60.0  201s
H  533   378                     -22.0602282  -17.15949  22.2%  60.0  203s
H  533   359                     -22.0601364  -17.15949  22.2%  60.0  204s
H  534   340                     -22.0596704  -17.15949  22.2%   167  210s
H  561   341                     -22.0595765  -17.15949  22.2%   165  214s
   564   345  -17.15949   26  772  -22.05958  -17.15949  22.2%   165  215s
   599   369  -17.15949   44 2103  -22.05958  -17.15949  22.2%   158  220s
   641   392  -17.24139   65 2128  -22.05958  -17.15949  22.2%   149  225s
   672   412  -17.24157   80 1984  -22.05958  -17.15949  22.2%   144  230s
   695   428  -17.24159   92 2609  -22.05958  -17.15949  22.2%   140  235s
   745   457  -20.07175  116 1878  -22.05958  -17.15949  22.2%   132  240s
   778   479  -20.07175  133 2309  -22.05958  -17.15949  22.2%   127  245s
   801   490  -20.65915  144 2051  -22.05958  -17.15949  22.2%   123  250s
   847   521  -20.65915  167 1868  -22.05958  -17.15949  22.2%   117  255s
   908   555  -21.59736  196 1884  -22.05958  -17.15949  22.2%   111  260s
H  924   535                     -21.5140228  -17.15949  20.2%   109  261s
H  940   519                     -21.5140223  -17.15949  20.2%   108  265s
H  967   519                     -21.3110178  -17.15949  19.5%   105  269s
   968   522  -17.15949   32 1776  -21.31102  -17.15949  19.5%   106  270s
H  976   510                     -21.3109897  -17.15949  19.5%   105  270s
H  995   508                     -21.3109891  -17.15949  19.5%   104  273s
H 1002   499                     -21.3085838  -17.15949  19.5%   103  274s
  1016   511  -17.17078   56 1953  -21.30858  -17.15949  19.5%   102  275s
H 1022   501                     -21.3085805  -17.15949  19.5%   102  276s
H 1049   507                     -21.3085503  -17.15949  19.5%  99.4  279s
  1050   509  -17.17078   73 1122  -21.30855  -17.15949  19.5%  99.3  280s
  1103   545  -17.34603  100 2702  -21.30855  -17.15949  19.5%  96.0  285s
H 1158   572                     -21.2172558  -17.15949  19.1%  91.9  289s
  1178   594  -17.34603  137 1685  -21.21726  -17.15949  19.1%  90.5  290s
H 1184   596                     -21.2172530  -17.15949  19.1%  90.1  290s
H 1184   596                     -21.2081189  -17.15949  19.1%  90.1  291s
H 1210   622                     -21.1981414  -17.15949  19.1%  88.3  292s
H 1211   623                     -21.1979059  -17.15949  19.1%  88.3  292s
H 1236   648                     -21.1979051  -17.15949  19.1%  86.8  294s
H 1238   650                     -21.1979051  -17.15949  19.1%  86.7  295s
H 1262   674                     -21.1188717  -17.15949  18.7%  85.3  296s
H 1265   677                     -21.1188713  -17.15949  18.7%  85.1  297s
  1292   706  -18.39900  194  524  -21.11887  -17.15949  18.7%  83.7  300s
H 1314   726                     -21.1188707  -17.15949  18.7%  82.5  301s
  1365   778  -20.16015  231 1400  -21.11887  -17.15949  18.7%  80.0  305s
H 1366   777                     -21.1188707  -17.15949  18.7%  79.9  305s
H 1374   783                     -21.1188707  -17.15949  18.7%  79.7  305s
H 1392   801                     -21.1060095  -17.15949  18.7%  78.8  308s
  1417   824  -20.16141  257  581  -21.10601  -17.15949  18.7%  77.6  310s
H 1418   821                     -21.0562938  -17.15949  18.5%  77.6  310s
H 1456   831                     -21.0562936  -17.15949  18.5%  76.1  313s
  1471   848  -17.15949   26 1004  -21.05629  -17.15949  18.5%  75.4  315s
H 1497   872                     -21.0562936  -17.15949  18.5%  74.4  320s
H 1510   885                     -21.0562935  -17.15949  18.5%  73.9  321s
H 1523   898                     -20.9769883  -17.15949  18.2%  73.7  324s
  1531   908  -17.15949   56 2207  -20.97699  -17.15949  18.2%  73.5  325s
H 1549   814                     -20.6368975  -17.15949  16.9%  72.9  327s
  1569   836  -17.15949   75 2511  -20.63690  -17.15949  16.9%  72.5  330s
H 1591   856                     -20.6228120  -17.15949  16.8%  71.9  333s
H 1601   866                     -20.6130217  -17.15949  16.8%  71.7  335s
H 1627   890                     -20.6130211  -17.15949  16.8%  70.7  338s
H 1645   906                     -20.5112809  -17.15949  16.3%  70.1  339s
H 1653   914                     -20.5112293  -17.15949  16.3%  70.0  340s
H 1705   963                     -20.4740563  -17.15949  16.2%  68.5  344s
  1707   967  -17.16542  144 1999  -20.47406  -17.15949  16.2%  68.4  345s
H 1731   989                     -20.4483680  -17.15949  16.1%  67.8  347s
H 1757  1015                     -20.4108932  -17.15949  15.9%  67.1  349s
  1763  1023  -18.74027  172 1127  -20.41089  -17.15949  15.9%  67.0  350s
H 1809  1065                     -20.4068586  -17.15949  15.9%  65.9  354s
  1811  1069  -18.75840  196 1392  -20.40686  -17.15949  15.9%  65.8  355s
H 1861  1111                     -20.3832046  -17.15949  15.8%  64.3  359s
  1873  1125  -18.75840  226  996  -20.38320  -17.15949  15.8%  64.0  360s
  1931  1178  -19.93558  255  424  -20.38320  -17.15949  15.8%  62.4  365s
H 1965  1065                     -19.9677831  -17.15949  14.1%  61.4  368s
  1990  1083  -19.93660  282   93  -19.96778  -17.15949  14.1%  60.9  370s
* 1991  1081             282     -19.9368286  -17.15949  13.9%  60.9  370s
H 1992  1066                     -19.5481368  -17.15949  12.2%  60.9  370s
H 2018  1088                     -19.5480793  -17.15949  12.2%  60.4  375s
H 2023  1093                     -19.5479804  -17.15949  12.2%  60.3  376s
H 2044  1114                     -19.5288141  -17.15949  12.1%  59.9  378s
H 2050  1044                     -19.2225220  -17.15949  10.7%  59.8  380s
H 2070  1064                     -19.2100416  -17.15949  10.7%  59.4  383s
H 2077  1070                     -19.1671919  -17.15949  10.5%  59.3  385s
H 2096  1089                     -19.1557100  -17.15949  10.4%  59.0  387s
  2104  1099  -17.18692   81 1675  -19.15571  -17.15949  10.4%  59.0  390s
H 2148  1141                     -19.1205100  -17.15949  10.3%  58.1  395s
H 2158  1151                     -19.1203535  -17.15949  10.3%  57.9  397s
  2185  1180  -17.18692  105 2385  -19.12035  -17.15949  10.3%  57.7  400s
H 2212  1205                     -19.1203521  -17.15949  10.3%  57.5  403s
H 2226  1219                     -19.1192369  -17.15949  10.3%  57.4  404s
  2227  1222  -17.18693  120 3010  -19.11924  -17.15949  10.3%  57.5  405s
H 2252  1245                     -19.1182694  -17.15949  10.2%  57.1  407s
  2281  1276  -17.18693  140 3357  -19.11827  -17.15949  10.2%  56.6  410s
H 2293  1286                     -19.1182403  -17.15949  10.2%  56.4  410s
H 2304  1297                     -19.1181750  -17.15949  10.2%  56.2  412s
  2331  1312  -17.15949   25 1026  -19.11817  -17.15949  10.2%  55.7  415s
H 2357  1336                     -19.1181610  -17.15949  10.2%  55.2  417s
  2382  1363  -17.17895   46 1465  -19.11816  -17.15949  10.2%  55.2  420s
H 2383  1360                     -19.0946333  -17.15949  10.1%  55.1  421s
H 2401  1378                     -19.0946225  -17.15949  10.1%  55.2  423s
H 2409  1145                     -18.3838110  -17.15949  6.66%  55.3  424s
  2412  1150  -17.26092   62 1735  -18.38381  -17.15949  6.66%  55.2  425s
H 2428  1164                     -18.3834895  -17.15949  6.66%  55.0  427s
  2446  1184  -17.27119   85 1442  -18.38349  -17.15949  6.66%  54.8  430s
  2482  1208  -17.17064   29 1200  -18.38349  -17.15949  6.66%  54.7  437s
  2503  1229  -17.17895   41  793  -18.38349  -17.15949  6.66%  54.4  440s
  2535  1259  -17.26502   58  668  -18.38349  -17.15949  6.66%  54.3  445s
  2563  1287  -17.49019   73 1146  -18.38349  -17.15949  6.66%  54.2  450s
  2606  1320  -17.16626   48 1910  -18.38349  -17.15949  6.66%  53.6  455s
  2643  1357  -17.18060   85 2184  -18.38349  -17.15949  6.66%  53.2  460s
H 2695  1392                     -18.3828430  -17.15949  6.65%  52.7  464s
  2701  1400  -17.20307   48 1232  -18.38284  -17.15949  6.65%  52.6  465s
H 2721  1418                     -18.3773793  -17.15949  6.63%  52.4  466s
H 2747  1444                     -18.3639559  -17.15949  6.56%  52.0  468s
  2773  1470  -17.65035  120 2331  -18.36396  -17.15949  6.56%  51.9  470s
H 2799  1480                     -18.3219526  -17.15949  6.34%  51.5  471s
  2825  1508  -17.89338   69 2552  -18.32195  -17.15949  6.34%  51.5  475s
  2902  1562  -17.89755  131 2933  -18.32195  -17.15949  6.34%  50.7  480s
H 2915  1573                     -18.3219379  -17.15949  6.34%  50.5  481s
H 2957  1609                     -18.3214976  -17.15949  6.34%  50.0  483s
H 2971  1607                     -18.3212863  -17.15949  6.34%  49.8  486s
  2998  1636  -17.16971   51 1851  -18.32129  -17.15949  6.34%  49.6  493s
  3010  1648  -17.16971   63 2181  -18.32129  -17.15949  6.34%  49.4  495s
  3052  1678  -17.17486   28 1396  -18.32129  -17.15949  6.34%  49.2  502s
  3079  1705  -17.19268   52 1242  -18.32129  -17.15949  6.34%  48.9  506s
  3113  1739  -17.19268   68 2157  -18.32129  -17.15949  6.34%  48.8  510s
H 3139  1763                     -18.3212283  -17.15949  6.34%  48.7  512s
H 3166  1788                     -18.3211496  -17.15949  6.34%  48.6  515s
  3241  1859  -17.53189  122 2022  -18.32115  -17.15949  6.34%  48.3  520s
H 3244  1841                     -17.9585013  -17.15949  4.45%  48.2  520s
H 3271  1862                     -17.9385307  -17.15949  4.34%  48.0  522s
H 3297  1886                     -17.9385080  -17.15949  4.34%  47.7  524s
  3308  1899  -17.53223  145 1592  -17.93851  -17.15949  4.34%  47.6  525s
H 3323  1912                     -17.9384171  -17.15949  4.34%  47.4  526s
H 3349  1938                     -17.9383396  -17.15949  4.34%  47.1  528s
H 3350  1939                     -17.9383031  -17.15949  4.34%  47.1  528s
  3375  1966  -17.53223  174 1306  -17.93830  -17.15949  4.34%  46.8  530s
H 3404  1991                     -17.9383025  -17.15949  4.34%  46.5  533s
  3427  2014  -17.56028  192 1717  -17.93830  -17.15949  4.34%  46.3  535s
  3458  2045  -17.56028  204 1482  -17.93830  -17.15949  4.34%  46.0  541s
  3505  2084  -17.56029  209 2082  -17.93830  -17.15949  4.34%  45.6  545s
  3548  2117  -17.86269  222 1661  -17.93830  -17.15949  4.34%  45.2  550s
H 3594  2155                     -17.9381275  -17.15949  4.34%  44.7  555s
  3648  2199  -17.16448   28  821  -17.93813  -17.15949  4.34%  44.2  560s
  3712  2263  -17.88249   92 2033  -17.93813  -17.15949  4.34%  43.7  565s
  3791  2331  -17.93713  164 2481  -17.93813  -17.15949  4.34%  43.3  570s
  3849  2375  -17.16821   27 1338  -17.93813  -17.15949  4.34%  42.8  575s
  3895  2421  -17.19833   44 1497  -17.93813  -17.15949  4.34%  42.4  580s
H 3921  2393                     -17.9192085  -17.15949  4.24%  42.2  582s
H 3945  2410                     -17.9102015  -17.15949  4.19%  42.0  583s
  3972  2439  -17.19832   74 2147  -17.91020  -17.15949  4.19%  41.8  585s
  4017  2483  -17.51099   90 3219  -17.91020  -17.15949  4.19%  41.5  590s
H 4025  2166                     -17.8276083  -17.15949  3.75%  41.4  591s
H 4051  2163                     -17.7634537  -17.15949  3.40%  41.2  593s
  4066  2178  -17.52198  102 3178  -17.76345  -17.15949  3.40%  41.3  595s
H 4103  2197                     -17.7603829  -17.15949  3.38%  41.1  600s
H 4107  2201                     -17.7603617  -17.15949  3.38%  41.1  601s
  4140  2234  -17.59419   64 2201  -17.76036  -17.15949  3.38%  40.9  605s
H 4155  2238                     -17.7268653  -17.15949  3.20%  40.8  607s
H 4181  2252                     -17.7110266  -17.15949  3.11%  40.6  608s
H 4188  2259                     -17.7109477  -17.15949  3.11%  40.5  611s
H 4215  2286                     -17.7109470  -17.15949  3.11%  40.3  614s
  4230  2301  -17.19631   72 1899  -17.71095  -17.15949  3.11%  40.3  615s
H 4233  2302                     -17.7109466  -17.15949  3.11%  40.3  616s
H 4242  2311                     -17.7109462  -17.15949  3.11%  40.2  617s
H 4269  2337                     -17.7109426  -17.15949  3.11%  40.1  619s
  4271  2341  -17.70449  113 1945  -17.71094  -17.15949  3.11%  40.1  620s
H 4285  2275                     -17.6049533  -17.15949  2.53%  40.0  621s
H 4296  2276                     -17.6046252  -17.15949  2.53%  40.0  622s
H 4311  2291                     -17.6032149  -17.15949  2.52%  39.9  623s
H 4323  2301                     -17.6031680  -17.15949  2.52%  39.8  625s
  4363  2343  -17.56009   93 2596  -17.60317  -17.15949  2.52%  39.7  630s
H 4377  2355                     -17.6031574  -17.15949  2.52%  39.6  631s
H 4389  2367                     -17.6029870  -17.15949  2.52%  39.6  633s
  4414  2385  -17.18113   36 1095  -17.60299  -17.15949  2.52%  39.5  635s
H 4415  2345                     -17.5814411  -17.15949  2.40%  39.5  635s
H 4441  2371                     -17.5814405  -17.15949  2.40%  39.4  637s
H 4467  2397                     -17.5814197  -17.15949  2.40%  39.3  639s
  4470  2402  -17.23074   92 3046  -17.58142  -17.15949  2.40%  39.3  640s
  4539  2461  -17.17536   33 1160  -17.58142  -17.15949  2.40%  39.0  645s
H 4566  2486                     -17.5814102  -17.15949  2.40%  38.8  648s
  4591  2513  -17.41297   85 2726  -17.58141  -17.15949  2.40%  38.8  650s
  4621  2543  -17.42248  115 2870  -17.58141  -17.15949  2.40%  38.8  655s
H 4651  2565                     -17.5814062  -17.15949  2.40%  38.6  658s
  4672  2578  -17.15949   34 1444  -17.58141  -17.15949  2.40%  38.6  660s
H 4677  2581                     -17.5813739  -17.15949  2.40%  38.6  661s
  4726  2632  -17.15952   61 1579  -17.58137  -17.15949  2.40%  38.3  665s
  4773  2679  -17.15952   84 2130  -17.58137  -17.15949  2.40%  38.3  670s
H 4781  2683                     -17.5728434  -17.15949  2.35%  38.3  671s
H 4833  2735                     -17.5727822  -17.15949  2.35%  38.2  675s
  4885  2785  -17.18697  140 1507  -17.57278  -17.15949  2.35%  38.1  680s
  4937  2826  -17.16865   28 1058  -17.57278  -17.15949  2.35%  38.0  685s
  4983  2862  -17.15949   27 1054  -17.57278  -17.15949  2.35%  37.7  690s
  5020  2899  -17.19238   64 2595  -17.57278  -17.15949  2.35%  37.6  695s
  5082  2947  -17.21416  117 2469  -17.57278  -17.15949  2.35%  37.4  700s
  5101  2966  -17.21418  136 2364  -17.57278  -17.15949  2.35%  37.3  706s
  5140  2995  -17.17822   38 1079  -17.57278  -17.15949  2.35%  37.1  710s
  5201  3056  -17.20838   71 2061  -17.57278  -17.15949  2.35%  36.9  715s
H 5225  3068                     -17.5712890  -17.15949  2.34%  36.9  717s
  5266  3111  -17.39606   67 2006  -17.57129  -17.15949  2.34%  36.7  720s
H 5303  3146                     -17.5697518  -17.15949  2.34%  36.5  723s
H 5329  3171                     -17.5631899  -17.15949  2.30%  36.4  725s
H 5356  2631                     -17.3912606  -17.15949  1.33%  36.3  727s
H 5377  2639                     -17.3842852  -17.15949  1.29%  36.3  729s
  5381  2645  -17.24636   35  705  -17.38429  -17.15949  1.29%  36.2  730s
H 5382  2644                     -17.3842132  -17.15949  1.29%  36.2  730s
H 5404  2664                     -17.3817213  -17.15949  1.28%  36.3  734s
  5407  2669  -17.25513   61 1771  -17.38172  -17.15949  1.28%  36.2  735s
  5431  2693  -17.25513   85 1717  -17.38172  -17.15949  1.28%  36.2  740s
H 5458  2665                     -17.3466334  -17.15949  1.08%  36.1  748s
H 5484  2682                     -17.3464992  -17.15949  1.08%  36.0  750s
  5512  2712  -17.19767   66 1440  -17.34650  -17.15949  1.08%  35.9  756s
H 5536  2730                     -17.3464105  -17.15949  1.08%  36.0  758s
  5582  2765  -17.20802  123 2572  -17.34641  -17.15949  1.08%  35.7  760s
  5667  2836  -17.15949   17  694  -17.34641  -17.15949  1.08%  35.4  765s
H 5674  2841                     -17.3463268  -17.15949  1.08%  35.4  767s
H 5682  2757                     -17.3453582  -17.15949  1.07%  35.4  768s
H 5701  2773                     -17.3413196  -17.15949  1.05%  35.3  772s
H 5708  2780                     -17.3412092  -17.15949  1.05%  35.2  774s
  5722  2796  -17.32964   41  929  -17.34121  -17.15949  1.05%  35.2  775s
  5728  2802  -17.32964   44 1286  -17.34121  -17.15949  1.05%  35.2  780s
H 5734  2805                     -17.3395770  -17.15949  1.04%  35.3  782s
H 5755  2826                     -17.3394836  -17.15949  1.04%  35.2  784s
  5761  2832  -17.32965   61 2757  -17.33948  -17.15949  1.04%  35.2  785s
  5795  2864  -17.33570   77 2933  -17.33948  -17.15949  1.04%  35.1  790s
H 5800  2388                     -17.2228052  -17.15949  0.37%  35.1  791s
H 5809  2385                     -17.2227751  -17.15949  0.37%  35.0  793s
  5827  2405  -17.15949   46 1887  -17.22278  -17.15949  0.37%  35.0  795s
H 5836  2412                     -17.2227751  -17.15949  0.37%  35.0  799s
H 5837  1965                     -17.1947000  -17.15949  0.20%  35.0  800s
H 5863  1989                     -17.1946978  -17.15949  0.20%  35.0  804s
  5872  2000  -17.16956   90 2572  -17.19470  -17.15949  0.20%  34.9  805s
H 5890  2004                     -17.1946825  -17.15949  0.20%  34.9  808s
H 5891  2005                     -17.1946225  -17.15949  0.20%  34.9  809s
  5894  2010  -17.15949   36 1689  -17.19462  -17.15949  0.20%  35.0  810s
  5944  2052  -17.18909   43 1333  -17.19462  -17.15949  0.20%  34.9  815s
H 5971  2077                     -17.1946082  -17.15949  0.20%  34.8  817s
  5997  2105  -17.18909   96 2369  -17.19461  -17.15949  0.20%  34.8  820s
H 6015  2121                     -17.1944406  -17.15949  0.20%  34.8  824s
  6023  2131  -17.18938  122 3015  -17.19444  -17.15949  0.20%  34.8  825s
  6080  2169  -17.15949   65 2076  -17.19444  -17.15949  0.20%  34.7  830s
H 6132  2205                     -17.1943029  -17.15949  0.20%  34.6  833s
  6161  2236  -17.15952  106 2968  -17.19430  -17.15949  0.20%  34.5  835s
  6213  2274  -17.18487   55 1745  -17.19430  -17.15949  0.20%  34.2  840s
  6296  2343  -17.18551   53 1055  -17.19430  -17.15949  0.20%  34.2  845s
H 6404  2424                     -17.1941433  -17.15949  0.20%  33.9  851s
H 6431  2449                     -17.1941187  -17.15949  0.20%  33.8  854s
  6433  2453  -17.16016   57 3316  -17.19412  -17.15949  0.20%  33.8  855s
H 6458  2476                     -17.1941166  -17.15949  0.20%  33.7  858s
  6485  2495  -17.16479   52 3434  -17.19412  -17.15949  0.20%  33.7  860s
H 6537  2523                     -17.1941163  -17.15949  0.20%  33.5  865s
  6589  2577  -17.18755   86 2397  -17.19412  -17.15949  0.20%  33.4  870s
H 6653  2629                     -17.1941143  -17.15949  0.20%  33.3  875s
  6702  2674  -17.19351  188 2132  -17.19411  -17.15949  0.20%  33.2  880s
H 6738  2699                     -17.1940726  -17.15949  0.20%  33.1  883s
  6765  2719  -17.19388  240 1146  -17.19407  -17.15949  0.20%  33.0  885s
  6792  2732  -17.15949   35  702  -17.19407  -17.15949  0.20%  32.9  890s
  6865  2805  -17.15949   72 1551  -17.19407  -17.15949  0.20%  32.8  895s
  6943  2867  -17.18835   64 2124  -17.19407  -17.15949  0.20%  32.7  900s
  7014  2925  -17.19357   88 2825  -17.19407  -17.15949  0.20%  32.6  905s
  7048  2945  -17.15949   33  700  -17.19407  -17.15949  0.20%  32.5  912s
  7055  2952  -17.15949   40 3287  -17.19407  -17.15949  0.20%  32.5  915s
  7126  3011  -17.18107   96 2781  -17.19407  -17.15949  0.20%  32.4  920s
  7196  3069  -17.19297   72 2852  -17.19407  -17.15949  0.20%  32.2  925s
  7330  3171  -17.16361   64 1583  -17.19407  -17.15949  0.20%  32.0  930s
  7377  3216  -17.16682   93 1274  -17.19407  -17.15949  0.20%  31.9  935s
  7506  3337  -17.16682  136 1619  -17.19407  -17.15949  0.20%  31.5  940s
  7560  3379  -17.16479   39  871  -17.19407  -17.15949  0.20%  31.3  945s
  7622  3429  -17.17661   69 2821  -17.19407  -17.15949  0.20%  31.3  950s
  7728  3497  -17.15949   38  873  -17.19407  -17.15949  0.20%  31.1  955s
  7842  3586  -17.17611   45 1041  -17.19407  -17.15949  0.20%  30.9  960s
  7862  3600  -17.17662   62 3335  -17.19407  -17.15949  0.20%  30.9  965s
  7914  3648  -17.18054  112 2317  -17.19407  -17.15949  0.20%  30.8  970s
  7993  3719  -17.16550   75 3107  -17.19407  -17.15949  0.20%  30.6  975s
  8086  3808  -17.17485  104 2333  -17.19407  -17.15949  0.20%  30.4  980s
  8135  3855  -17.18151  116 1983  -17.19407  -17.15949  0.20%  30.3  985s
  8202  3890  -17.15949   43 1106  -17.19407  -17.15949  0.20%  30.3  992s
  8234  3908  -17.17189   63 2195  -17.19407  -17.15949  0.20%  30.3  995s
  8265  3931  -17.17616   90 3201  -17.19407  -17.15949  0.20%  30.3 1000s
  8342  3994  -17.16199  104 2277  -17.19407  -17.15949  0.20%  30.2 1005s
  8466  4090  -17.15949   62 2099  -17.19407  -17.15949  0.20%  30.0 1010s
  8512  4120  -17.15953   53 1281  -17.19407  -17.15949  0.20%  30.0 1015s
  8610  4188  -17.19230   89 2588  -17.19407  -17.15949  0.20%  29.9 1020s
  8662  4234  -17.17262   89 2508  -17.19407  -17.15949  0.20%  29.9 1025s
  8697  4257  -17.16588   58 1840  -17.19407  -17.15949  0.20%  29.8 1030s
  8789  4333  -17.17261   81 2324  -17.19407  -17.15949  0.20%  29.7 1035s
  8868  4412  -17.18304  160 1670  -17.19407  -17.15949  0.20%  29.6 1040s
  8985  4511  -17.16016   99 2485  -17.19407  -17.15949  0.20%  29.4 1045s
  9087  4611  -17.18090  200 1384  -17.19407  -17.15949  0.20%  29.2 1050s
  9160  4666  -17.18340   63 1560  -17.19407  -17.15949  0.20%  29.1 1055s
  9227  4719  -17.15949   39  778  -17.19407  -17.15949  0.20%  29.0 1060s
  9300  4784  -17.16026   69 3201  -17.19407  -17.15949  0.20%  28.9 1065s
  9357  4823  -17.19381   87 2414  -17.19407  -17.15949  0.20%  28.8 1070s
  9388  4838  -17.16019   53 1111  -17.19407  -17.15949  0.20%  28.9 1076s
  9416  4866  -17.16019   68 2023  -17.19407  -17.15949  0.20%  28.9 1080s
  9485  4913  -17.15949   53 2246  -17.19407  -17.15949  0.20%  28.8 1085s
  9569  4981  -17.16019   79 3726  -17.19407  -17.15949  0.20%  28.8 1090s
  9686  5071  -17.19265   84 1540  -17.19407  -17.15949  0.20%  28.7 1095s
  9773  5144  -17.18098  114 2264  -17.19407  -17.15949  0.20%  28.6 1100s
  9833  5186  -17.16019   56 2264  -17.19407  -17.15949  0.20%  28.5 1105s
  9970  5294  -17.15949   44 1043  -17.19407  -17.15949  0.20%  28.4 1110s
H 9990  5311                     -17.1940706  -17.15949  0.20%  28.4 1112s
 10025  5346  -17.17163   98 2108  -17.19407  -17.15949  0.20%  28.4 1115s
 10077  5390  -17.15952   69 1269  -17.19407  -17.15949  0.20%  28.5 1120s
 10109  5420  -17.16308   84  691  -17.19407  -17.15949  0.20%  28.6 1125s
 10197  5508  -17.16308  128 1041  -17.19407  -17.15949  0.20%  28.5 1130s
 10203  5505  -17.16019   62  318  -17.19407  -17.15949  0.20%  28.5 1141s
 10205  5506  -17.16019   68  549  -17.19407  -17.15949  0.20%  28.4 1148s
 10206  5507  -17.16626   74  727  -17.19407  -17.15949  0.20%  28.4 1154s
 10207  5508  -17.15949   35  392  -17.19407  -17.15949  0.20%  28.4 1161s
 10209  5509  -17.17527   27  267  -17.19407  -17.15949  0.20%  28.4 1170s
 10211  5510  -17.18019  111  310  -17.19407  -17.15949  0.20%  28.4 1177s
 10212  5511  -17.16026   50  462  -17.19407  -17.15949  0.20%  28.4 1184s
 10213  5512  -17.16019   70  326  -17.19407  -17.15949  0.20%  28.4 1185s
 10214  5512  -17.17722   82  317  -17.19407  -17.15949  0.20%  28.4 1193s
 10216  5514  -17.18909   94  327  -17.19407  -17.15949  0.20%  28.4 1198s

Cutting planes:
  Gomory: 4
  Lift-and-project: 5
  Implied bound: 2
  MIR: 33
  Flow cover: 50
  GUB cover: 1
  Zero half: 40
  Relax-and-lift: 7

Explored 10217 nodes (383241 simplex iterations) in 1200.09 seconds (3195.57 work units)
Thread count was 1 (of 64 available processors)

Solution count 10: -17.1941 -17.1941 -17.1941 ... -17.1946

Time limit reached
Best objective -1.719407060784e+01, best bound -1.715949222656e+01, gap 0.2011%
Tree policy:
if x <= 5.0:
    if picked2 <= 0.0:
        if x <= 2.0:
            if picked1 <= 0.0:
                if x <= 1.0:
                    if x <= 0.0:
                        if y <= 4.0:
                            return 'u'
                        else:
                            return 'r'
                    else:
                        if y <= 2.0:
                            return 'u'
                        else:
                            return 'r'
                else:
                    if y <= 2.0:
                        if y <= 0.0:
                            return 'u'
                        else:
                            return '__random__'
                    else:
                        if y <= 4.0:
                            return 'u'
                        else:
                            return 'd'
            else:
                return '__random__'
        else:
            if x <= 4.0:
                if x <= 3.0:
                    if y <= 4.0:
                        return 'u'
                    else:
                        return 'l'
                else:
                    if y <= 5.0:
                        if y <= 2.0:
                            return 'u'
                        else:
                            return 'l'
                    else:
                        return 'r'
            else:
                if x <= 4.0:
                    return '__random__'
                else:
                    if y <= 5.0:
                        if y <= 3.0:
                            return 'l'
                        else:
                            return 'd'
                    else:
                        return '__random__'
    else:
        if x <= 1.0:
            if picked2 <= 0.0:
                return '__random__'
            else:
                if y <= 3.0:
                    if y <= 1.0:
                        if y <= 0.0:
                            return 'u'
                        else:
                            return 'r'
                    else:
                        if x <= 0.0:
                            return 'r'
                        else:
                            return 'd'
                else:
                    if y <= 5.0:
                        if x <= 0.0:
                            return 'd'
                        else:
                            return 'r'
                    else:
                        return '__random__'
        else:
            if y <= 1.0:
                if y <= 0.0:
                    if picked0 <= 0.0:
                        if x <= 4.0:
                            return 'r'
                        else:
                            return 'u'
                    else:
                        return 'u'
                else:
                    if x <= 3.0:
                        if x <= 2.0:
                            return 'd'
                        else:
                            return 'l'
                    else:
                        return 'r'
            else:
                if y <= 3.0:
                    if x <= 2.0:
                        return 'r'
                    else:
                        if x <= 4.0:
                            return 'd'
                        else:
                            return 'l'
                else:
                    if y <= 5.0:
                        return 'd'
                    else:
                        return '__random__'
else:
    if y <= 1.0:
        if y <= 0.0:
            return '__random__'
        else:
            if y <= 1.0:
                if picked2 <= 0.0:
                    return 'l'
                else:
                    return '__random__'
            else:
                return '__random__'
    else:
        if x <= 5.0:
            return '__random__'
        else:
            if picked1 <= 0.0:
                if x <= 6.0:
                    return 'l'
                else:
                    if y <= 3.0:
                        return 'u'
                    else:
                        return 'l'
            else:
                if x <= 6.0:
                    if y <= 2.0:
                        return 'u'
                    else:
                        return 'd'
                else:
                    if y <= 5.0:
                        return 'u'
                    else:
                        return '__random__'
Optimal decision tree (depth=7) value: -17.19407060784086
Writing result files...
