Solving...
Starting with fixed depth 4
Set parameter Username
Academic license - for non-commercial use only - expires 2025-09-20
Set parameter Threads to value 1
Set parameter TimeLimit to value 1200
Gurobi Optimizer version 10.0.0 build v10.0.0rc2 (linux64)

CPU model: AMD EPYC 9124 16-Core Processor, instruction set [SSE2|AVX|AVX2|AVX512]
Thread count: 32 physical cores, 64 logical processors, using up to 1 threads

Optimize a model with 20227 rows, 5330 columns and 126030 nonzeros
Model fingerprint: 0xbea7366d
Variable types: 990 continuous, 4340 integer (4340 binary)
Coefficient statistics:
  Matrix range     [1e-02, 1e+02]
  Objective range  [1e+00, 1e+00]
  Bounds range     [1e+00, 1e+02]
  RHS range        [1e+00, 4e+00]
Presolve removed 240 rows and 165 columns
Presolve time: 0.21s
Presolved: 19987 rows, 5165 columns, 124638 nonzeros
Variable types: 990 continuous, 4175 integer (4175 binary)

Root relaxation: objective -1.715948e+01, 2245 iterations, 0.17 seconds (0.55 work units)

    Nodes    |    Current Node    |     Objective Bounds      |     Work
 Expl Unexpl |  Obj  Depth IntInf | Incumbent    BestBd   Gap | It/Node Time

     0     0  -17.15948    0  416          -  -17.15948      -     -    0s
     0     0  -17.15948    0  584          -  -17.15948      -     -    0s
     0     0  -17.15948    0  564          -  -17.15948      -     -    1s
H    0     0                     -92.9502787  -17.15948  81.5%     -    1s
     0     0  -17.15948    0  564  -92.95028  -17.15948  81.5%     -    1s
     0     0  -17.15948    0  571  -92.95028  -17.15948  81.5%     -    2s
     0     0  -17.15948    0  560  -92.95028  -17.15948  81.5%     -    2s
     0     0  -17.15948    0  719  -92.95028  -17.15948  81.5%     -    3s
H    0     0                     -92.9379673  -17.15948  81.5%     -    3s
     0     0  -17.15948    0  719  -92.93797  -17.15948  81.5%     -    3s
     0     0  -17.15948    0  331  -92.93797  -17.15948  81.5%     -    4s
H    0     0                     -74.7548553  -17.15948  77.0%     -    4s
H    0     0                     -74.7548518  -17.15948  77.0%     -    4s
     0     0  -17.15948    0  376  -74.75485  -17.15948  77.0%     -    4s
     0     0  -17.15948    0  358  -74.75485  -17.15948  77.0%     -    5s
H    0     0                     -74.7458070  -17.15948  77.0%     -    5s
H    0     0                     -73.6148840  -17.15948  76.7%     -    5s
     0     0  -17.15948    0  357  -73.61488  -17.15948  76.7%     -    5s
     0     0  -17.15948    0  541  -73.61488  -17.15948  76.7%     -    6s
     0     0  -17.15948    0  314  -73.61488  -17.15948  76.7%     -    6s
     0     2  -17.15948    0  314  -73.61488  -17.15948  76.7%     -    7s
*   75    68              50     -63.3510399  -17.15948  72.9%   144    9s
    90    79  -17.29078   10 1294  -63.35104  -17.15948  72.9%   153   10s
H  104    85                     -58.4952478  -17.15948  70.7%   178   10s
H  135   106                     -57.0852320  -17.15948  69.9%   155   11s
*  179   127              47     -49.2768048  -17.15948  65.2%   150   11s
*  180   126              47     -47.6773364  -17.15948  64.0%   150   11s
H  189   111                     -37.7794480  -17.15948  54.6%   145   11s
H  236   123                     -36.7295413  -17.15948  53.3%   137   12s
H  392   205                     -36.7220813  -17.15948  53.3%   106   13s
H  410   223                     -36.7220803  -17.15948  53.3%   102   13s
H  418   225                     -36.7089285  -17.15948  53.3%   102   13s
H  444   233                     -36.7089266  -17.15948  53.3%  97.9   14s
H  470   251                     -36.7004298  -17.15948  53.2%  93.7   14s
H  496   271                     -35.9293232  -17.15948  52.2%  91.0   14s
   511   279  -17.16673   23  314  -35.92932  -17.15948  52.2%  89.3   15s
H  512   266                     -35.9293232  -17.15949  52.2%  89.2   16s
H  515   254                     -35.9293232  -17.15949  52.2%  88.6   19s
   518   256  -17.15949    4  336  -35.92932  -17.15949  52.2%  88.1   20s
H  519   243                     -35.9293232  -17.15949  52.2%  88.0   22s
   524   247  -20.24009   14  408  -35.92932  -17.15949  52.2%  87.1   26s
H  527   236                     -35.9293218  -17.15949  52.2%  86.6   28s
   530   238  -17.66078    9  386  -35.92932  -17.15949  52.2%  86.1   30s
   534   240  -24.69631   26  436  -35.92932  -17.15949  52.2%  85.5   35s
H  587   261                     -35.9292987  -17.15949  52.2%   175   38s
   615   281  -26.03534   52  580  -35.92930  -17.15949  52.2%   178   40s
H  696   307                     -35.9292879  -17.15949  52.2%   166   42s
H  743   293                     -23.0329080  -17.15949  25.5%   163   45s
H  777   294                     -23.0328457  -17.15949  25.5%   158   46s
H  795   296                     -23.0200758  -17.15949  25.5%   157   47s
   857   324  -17.71962   22  894  -23.02008  -17.15949  25.5%   151   50s
H  927   348                     -23.0200705  -17.15949  25.5%   143   52s
  1007   398  -19.35182   84  432  -23.02007  -17.15949  25.5%   136   55s
H 1033   399                     -23.0200702  -17.15949  25.5%   133   55s
H 1059   415                     -23.0192351  -17.15949  25.5%   130   56s
H 1075   427                     -23.0192350  -17.15949  25.5%   129   56s
H 1085   437                     -23.0192323  -17.15949  25.5%   128   56s
H 1111   452                     -23.0183339  -17.15949  25.5%   126   57s
  1200   506 infeasible   50       -23.01833  -17.15949  25.5%   122   60s
H 1215   519                     -23.0182748  -17.15949  25.5%   121   60s
H 1237   532                     -23.0182746  -17.15949  25.5%   120   60s
H 1345   598                     -23.0050634  -17.15949  25.4%   115   64s
H 1371   613                     -22.9763097  -17.15949  25.3%   114   64s
  1395   616  -17.15949   20  892  -22.97631  -17.15949  25.3%   112   65s
H 1397   616                     -22.9762887  -17.15949  25.3%   112   65s
H 1475   682                     -22.9762821  -17.15949  25.3%   107   67s
H 1501   697                     -22.9666264  -17.15949  25.3%   106   67s
H 1507   697                     -22.9666136  -17.15949  25.3%   106   67s
H 1530   706                     -22.9666062  -17.15949  25.3%   105   68s
H 1530   706                     -22.9666018  -17.15949  25.3%   105   68s
  1597   757  -17.15952   42  809  -22.96660  -17.15949  25.3%   102   70s
H 1608   766                     -22.9666016  -17.15949  25.3%   102   70s
H 1669   805                     -22.9666010  -17.15949  25.3%   101   72s
  1774   904 infeasible  107       -22.96660  -17.15949  25.3%  96.4   75s
  1951   989  -17.54945   21 1221  -22.96660  -17.15949  25.3%  93.7   80s
H 1977  1007                     -22.9663331  -17.15949  25.3%  93.0   80s
H 1997  1017                     -22.9663300  -17.15949  25.3%  92.3   81s
H 2029  1049                     -22.9650358  -17.15949  25.3%  92.3   82s
H 2051  1059                     -22.9460173  -17.15949  25.2%  91.7   82s
H 2055  1046                     -22.6881683  -17.15949  24.4%  91.5   83s
H 2078  1057                     -22.6881675  -17.15949  24.4%  90.9   83s
H 2081  1028                     -21.4140031  -17.15949  19.9%  90.8   83s
  2140  1044  -17.59658   29  706  -21.41400  -17.15949  19.9%  90.3   85s
H 2241  1105                     -21.3968719  -17.15949  19.8%  88.4   87s
H 2267  1121                     -21.3883932  -17.15949  19.8%  89.2   89s
H 2271  1121                     -21.3883666  -17.15949  19.8%  89.1   89s
  2279  1123  -17.15949   21 1167  -21.38837  -17.15949  19.8%  89.9   90s
  2383  1196  -17.15953   28 1257  -21.38837  -17.15949  19.8%  89.9   95s
H 2398  1209                     -21.3856946  -17.15949  19.8%  89.5   95s
H 2406  1217                     -21.3844128  -17.15949  19.8%  89.4   96s
H 2424  1232                     -21.3703184  -17.15949  19.7%  89.0   96s
H 2433  1241                     -21.3703041  -17.15949  19.7%  88.8   97s
  2575  1338  -17.63654   72  728  -21.37030  -17.15949  19.7%  85.4  100s
H 2584  1343                     -21.3702898  -17.15949  19.7%  85.1  100s
H 2666  1390                     -21.3643977  -17.15949  19.7%  84.4  102s
H 2744  1423                     -21.3643640  -17.15949  19.7%  84.3  104s
H 2760  1422                     -21.3497547  -17.15949  19.6%  84.0  105s
H 2770  1432                     -21.3454433  -17.15949  19.6%  84.1  105s
  2860  1490  -17.15949   28  944  -21.34544  -17.15949  19.6%  84.0  110s
H 3024  1619                     -21.3454295  -17.15949  19.6%  83.1  114s
H 3034  1617                     -21.3454291  -17.15949  19.6%  83.0  115s
  3223  1779  -17.89123   44  799  -21.34543  -17.15949  19.6%  80.8  120s
  3364  1860  -20.69618   44 1139  -21.34543  -17.15949  19.6%  80.2  125s
  3487  1938  -17.44929   45  712  -21.34543  -17.15949  19.6%  80.5  130s
  3603  2008  -17.15950   43  844  -21.34543  -17.15949  19.6%  79.8  135s
  3844  2150  -17.59505   68  776  -21.34543  -17.15949  19.6%  78.6  140s
  4064  2246  -17.15951   51 1058  -21.34543  -17.15949  19.6%  79.6  145s
  4270  2354  -17.16127   56 1105  -21.34543  -17.15949  19.6%  79.0  150s
  4701  2594  -17.32856   48  799  -21.34543  -17.15949  19.6%  76.9  155s
  5064  2825  -18.67050   35  874  -21.34543  -17.15949  19.6%  76.6  160s
  5361  3024  -17.15949   21 1063  -21.34543  -17.15949  19.6%  77.1  166s
  5538  3163  -17.15949   20  968  -21.34543  -17.15949  19.6%  76.0  170s
  5864  3399  -17.59680   30 1708  -21.34543  -17.15949  19.6%  75.0  175s
  6058  3543  -21.05680   88  596  -21.34543  -17.15949  19.6%  75.1  180s
  6422  3764  -20.62872   44 1126  -21.34543  -17.15949  19.6%  74.0  185s
  6594  3798  -17.15949   31 1382  -21.34543  -17.15949  19.6%  75.4  190s
  6711  3855  -17.15949   31 1191  -21.34543  -17.15949  19.6%  75.9  195s
  6955  3948  -19.48115   48 1133  -21.34543  -17.15949  19.6%  76.6  200s
  7268  4102  -17.64550   39 1197  -21.34543  -17.15949  19.6%  76.9  205s
  7499  4188  -17.86800   45 1344  -21.34543  -17.15949  19.6%  77.5  210s
H 7551  4204                     -21.3454286  -17.15949  19.6%  77.7  210s
  7923  4471  -17.15949   31  824  -21.34543  -17.15949  19.6%  76.8  215s
  8183  4655  -17.22175   35 1330  -21.34543  -17.15949  19.6%  76.2  220s
  8552  4871  -17.58303   37  779  -21.34543  -17.15949  19.6%  75.8  225s
  8964  5130     cutoff   47       -21.34543  -17.15949  19.6%  75.0  230s
  9347  5366  -17.15949   31 1140  -21.34543  -17.15949  19.6%  74.4  235s
  9625  5540  -19.83650   53  842  -21.34543  -17.15949  19.6%  74.4  240s
H 9672  5201                     -19.9860251  -17.15949  14.1%  74.5  241s
  9832  5291  -17.17743   31 1337  -19.98603  -17.15949  14.1%  74.9  245s
H 9859  5294                     -19.9859105  -17.15949  14.1%  74.9  246s
H 9977  5356                     -19.9858848  -17.15949  14.1%  75.2  249s
 10019  5381  -17.15949   21  996  -19.98588  -17.15949  14.1%  75.5  250s
H10025  5385                     -19.9858848  -17.15949  14.1%  75.5  251s
 10202  5498  -17.18367   37 1043  -19.98588  -17.15949  14.1%  75.2  288s
 10303  5586  -17.44694   52  932  -19.98588  -17.15949  14.1%  74.9  290s
H10421  5636                     -19.9496182  -17.15949  14.0%  74.8  292s
H10484  5691                     -19.9495864  -17.15949  14.0%  75.0  295s
H10596  5764                     -19.9495830  -17.15949  14.0%  75.2  297s
 10662  5796  -17.15949   21  907  -19.94958  -17.15949  14.0%  75.6  300s
 10764  5868  -17.15949   25  853  -19.94958  -17.15949  14.0%  75.5  305s
 11047  6051  -18.48616   38 1455  -19.94958  -17.15949  14.0%  75.7  310s
 11596  6297  -19.80535   38 1093  -19.94958  -17.15949  14.0%  74.6  315s
 12132  6520  -17.55594   45  906  -19.94958  -17.15949  14.0%  74.0  320s
 12514  6658  -17.16018   41 1049  -19.94958  -17.15949  14.0%  73.9  325s
H12651  6694                     -19.9495800  -17.15949  14.0%  74.4  329s
 12663  6698 infeasible   66       -19.94958  -17.15949  14.0%  74.4  330s
 12875  6744  -17.15949   34  926  -19.94958  -17.15949  14.0%  75.0  335s
H12911  6730                     -19.8953286  -17.15949  13.8%  75.1  335s
H13175  6792                     -19.8952203  -17.15949  13.8%  75.3  339s
 13182  6799     cutoff   45       -19.89522  -17.15949  13.8%  75.3  340s
H13249  6806                     -19.8951875  -17.15949  13.8%  75.2  341s
H13387  6873                     -19.8951871  -17.15949  13.8%  74.9  344s
H13415  6887                     -19.8951026  -17.15949  13.8%  74.9  345s
 14160  7147 infeasible   44       -19.89510  -17.15949  13.8%  73.4  350s
 14416  7197  -18.86106   45  840  -19.89510  -17.15949  13.8%  73.4  355s
 14620  7226  -18.71343   45 1351  -19.89510  -17.15949  13.8%  73.4  360s
 14873  7281  -18.84059   48 1157  -19.89510  -17.15949  13.8%  73.4  365s
 15221  7322 infeasible   49       -19.89510  -17.15949  13.8%  73.4  370s
H15286  7324                     -19.8950713  -17.15949  13.8%  73.4  371s
 15551  7359  -17.15949   41 1176  -19.89507  -17.15949  13.8%  73.1  375s
 15863  7405  -17.15949   44 1201  -19.89507  -17.15949  13.8%  72.7  380s
H15864  7404                     -19.8950713  -17.15949  13.8%  72.7  381s
 16145  7438  -17.15949   46 1010  -19.89507  -17.15949  13.8%  72.3  385s
 16735  7583  -18.49605   36  990  -19.89507  -17.15949  13.8%  71.6  390s
 16931  7637  -18.68121   50  641  -19.89507  -17.15949  13.8%  71.7  395s
 17630  7786  -17.59661   41  671  -19.89507  -17.15949  13.8%  71.2  400s
 18108  7937  -17.15949   37  719  -19.89507  -17.15949  13.8%  70.7  405s
 18556  8045  -17.18976   42  953  -19.89507  -17.15949  13.8%  70.3  410s
H18795  8007                     -19.7432511  -17.15949  13.1%  70.6  413s
 18902  8048 infeasible   44       -19.74325  -17.15949  13.1%  70.9  415s
H19098  8120                     -19.7432270  -17.15949  13.1%  70.8  418s
 19199  8137  -17.87489   38  989  -19.74323  -17.15949  13.1%  70.7  420s
H19263  8148                     -19.7431886  -17.15949  13.1%  70.8  420s
 19792  8313  -18.74886   48  710  -19.74319  -17.15949  13.1%  70.5  425s
H19867  8342                     -19.7431630  -17.15949  13.1%  70.3  425s
H20089  8425                     -19.7430709  -17.15949  13.1%  70.7  430s
 20485  8578     cutoff   56       -19.74307  -17.15949  13.1%  70.9  435s
 20732  8715  -17.19020   43  778  -19.74307  -17.15949  13.1%  71.1  440s
 21091  8910  -17.15949   32 1340  -19.74307  -17.15949  13.1%  70.8  445s
 21444  9136  -18.61985   53  807  -19.74307  -17.15949  13.1%  70.6  450s
 21647  9260  -17.60685   36  753  -19.74307  -17.15949  13.1%  70.9  455s
 21953  9444  -18.48196   60  784  -19.74307  -17.15949  13.1%  70.9  461s
 22166  9561  -17.54585   30 1196  -19.74307  -17.15949  13.1%  71.1  465s
 22554  9758  -17.15949   25  883  -19.74307  -17.15949  13.1%  71.0  470s
 22847  9941  -17.15949   34  679  -19.74307  -17.15949  13.1%  71.1  475s
H23104 10024                     -19.7430707  -17.15949  13.1%  71.2  479s
 23177 10053  -17.15949   44 1116  -19.74307  -17.15949  13.1%  71.3  480s
 23595 10281  -17.33779   49  882  -19.74307  -17.15949  13.1%  71.3  485s
 23948 10476  -17.16466   46  710  -19.74307  -17.15949  13.1%  71.3  490s
 24104 10551  -17.53382   48  705  -19.74307  -17.15949  13.1%  71.8  495s
 24424 10743  -17.86169   57  821  -19.74307  -17.15949  13.1%  71.9  500s
 24779 10988  -17.15997   41  912  -19.74307  -17.15949  13.1%  71.7  505s
 25125 11172  -19.42571   54  619  -19.74307  -17.15949  13.1%  71.9  510s
 25315 11289 infeasible   39       -19.74307  -17.15949  13.1%  72.1  515s
 25708 11446     cutoff   36       -19.74307  -17.15949  13.1%  72.4  520s
 26073 11605     cutoff   43       -19.74307  -17.15949  13.1%  72.5  525s
 26450 11706  -17.99076   44  677  -19.74307  -17.15949  13.1%  72.4  530s
 26767 11778  -17.15949   41 1007  -19.74307  -17.15949  13.1%  72.7  535s
 27008 11845  -18.42913   44 1205  -19.74307  -17.15949  13.1%  72.9  540s
 27270 11933  -17.73009   55 1115  -19.74307  -17.15949  13.1%  73.0  545s
 27630 12064 infeasible   46       -19.74307  -17.15949  13.1%  73.0  550s
 27988 12227  -18.28008   53  567  -19.74307  -17.15949  13.1%  73.1  555s
 28314 12284  -17.46267   47  753  -19.74307  -17.15949  13.1%  73.4  560s
 28608 12393  -17.51501   39 1210  -19.74307  -17.15949  13.1%  73.4  565s
 28985 12520     cutoff   50       -19.74307  -17.15949  13.1%  73.2  570s
 29487 12733  -19.61794   53  454  -19.74307  -17.15949  13.1%  72.9  575s
 29818 12834  -19.50641   56  700  -19.74307  -17.15949  13.1%  73.1  580s
 30034 12912  -19.09575   48  709  -19.74307  -17.15949  13.1%  73.5  585s
 30358 12994  -18.22436   41  710  -19.74307  -17.15949  13.1%  73.6  590s
 30672 13106 infeasible   37       -19.74307  -17.15949  13.1%  73.6  595s
 30957 13264  -17.20540   52  793  -19.74307  -17.15949  13.1%  73.9  600s
 31234 13393  -17.15953   47  608  -19.74307  -17.15949  13.1%  74.1  605s
 31873 13655  -17.31230   39  721  -19.74307  -17.15949  13.1%  73.8  610s
 32237 13773  -17.68389   46  573  -19.74307  -17.15949  13.1%  73.7  615s
 32738 13926  -17.51501   36 1073  -19.74307  -17.15949  13.1%  73.4  620s
 33268 14221     cutoff   53       -19.74307  -17.15949  13.1%  73.1  625s
 33917 14441  -17.18783   50 1030  -19.74307  -17.15949  13.1%  72.6  630s
 34499 14629  -17.15949   51  940  -19.74307  -17.15949  13.1%  72.4  635s
 34990 14670  -17.15949   45  973  -19.74307  -17.15949  13.1%  72.2  640s
 35472 14854  -17.18783   52  841  -19.74307  -17.15949  13.1%  71.9  645s
 35539 14876     cutoff   59       -19.74307  -17.15949  13.1%  71.9  650s
 36123 15045  -17.60766   55 1056  -19.74307  -17.15949  13.1%  71.6  655s
 36666 15158  -17.59661   56  816  -19.74307  -17.15949  13.1%  71.2  660s
 37072 15251 infeasible   63       -19.74307  -17.15949  13.1%  71.0  665s
 37865 15499  -18.40552   53  856  -19.74307  -17.15949  13.1%  70.4  670s
 38265 15634  -17.59658   50 1021  -19.74307  -17.15949  13.1%  70.2  675s
 38859 15886  -18.03706   48  885  -19.74307  -17.15949  13.1%  70.0  680s
 39416 16017  -17.23180   46 1137  -19.74307  -17.15949  13.1%  69.8  685s
 39817 16149  -19.20502   51  728  -19.74307  -17.15949  13.1%  69.8  690s
 40070 16209  -17.95144   45 1578  -19.74307  -17.15949  13.1%  69.9  695s
 40534 16408  -19.08252   47  430  -19.74307  -17.15949  13.1%  69.8  700s
 40820 16504  -17.87224   52 1248  -19.74307  -17.15949  13.1%  69.8  705s
 41097 16622  -17.15962   36 1438  -19.74307  -17.15949  13.1%  69.8  710s
 41468 16807  -19.69555   43  495  -19.74307  -17.15949  13.1%  70.0  715s
 41667 16906  -18.79375   51 1058  -19.74307  -17.15949  13.1%  70.0  720s
 42024 17081  -17.35480   43 1182  -19.74307  -17.15949  13.1%  70.0  725s
 42503 17320  -17.15952   35 1066  -19.74307  -17.15949  13.1%  70.0  730s
 42792 17471  -17.22356   42 1190  -19.74307  -17.15949  13.1%  70.1  735s
 43015 17619  -17.88736   37 1062  -19.74307  -17.15949  13.1%  70.2  740s
 43351 17771  -17.18714   38  765  -19.74307  -17.15949  13.1%  70.3  745s
 43794 17943 infeasible   45       -19.74307  -17.15949  13.1%  70.6  750s
 44099 18077  -17.15949   41 1045  -19.74307  -17.15949  13.1%  70.5  755s
 44596 18406  -17.48154   48  492  -19.74307  -17.15949  13.1%  70.3  760s
 44764 18481     cutoff   36       -19.74307  -17.15949  13.1%  70.4  765s
 45095 18638  -17.15949   31  926  -19.74307  -17.15949  13.1%  70.6  770s
 45412 18779  -17.15949   21 1081  -19.74307  -17.15949  13.1%  70.7  775s
 45745 18940  -17.15949   32  950  -19.74307  -17.15949  13.1%  70.7  780s
 46142 19173  -18.63325   46 1057  -19.74307  -17.15949  13.1%  70.8  785s
 46505 19411  -17.15949   35 1198  -19.74307  -17.15949  13.1%  70.8  790s
 46777 19566  -17.16523   41 1253  -19.74307  -17.15949  13.1%  70.8  795s
 47205 19818  -17.27592   45 1164  -19.74307  -17.15949  13.1%  70.7  800s
 47543 20002  -17.56155   48  748  -19.74307  -17.15949  13.1%  70.8  805s
 47876 20183  -17.16866   35 1306  -19.74307  -17.15949  13.1%  70.9  810s
 48190 20365  -17.15949   25  980  -19.74307  -17.15949  13.1%  71.1  815s
 48484 20538  -17.66284   37  874  -19.74307  -17.15949  13.1%  71.2  820s
 49053 20857  -17.98644   49  870  -19.74307  -17.15949  13.1%  71.0  825s
 49331 20970  -17.15949   34  579  -19.74307  -17.15949  13.1%  71.1  830s
 49677 21139  -17.16068   36  852  -19.74307  -17.15949  13.1%  71.2  835s
 49902 21258  -17.15949   34  828  -19.74307  -17.15949  13.1%  71.3  840s
 50222 21455 infeasible   39       -19.74307  -17.15949  13.1%  71.2  845s
 50479 21565  -17.29385   33 1229  -19.74307  -17.15949  13.1%  71.4  850s
 50854 21786  -17.15949   50  832  -19.74307  -17.15949  13.1%  71.3  855s
 51171 21973  -17.24614   45 1149  -19.74307  -17.15949  13.1%  71.3  860s
 51758 22287  -17.18227   59  554  -19.74307  -17.15949  13.1%  71.2  865s
 52035 22405  -17.58758   58  860  -19.74307  -17.15949  13.1%  71.2  870s
 52421 22568  -18.00202   70  446  -19.74307  -17.15949  13.1%  71.2  875s
 52826 22710  -17.16162   50  759  -19.74307  -17.15949  13.1%  71.1  880s
 53140 22855  -18.53377   70  421  -19.74307  -17.15949  13.1%  71.0  885s
 53375 22951  -17.15952   50  731  -19.74307  -17.15949  13.1%  71.0  890s
 53790 23106  -17.55296   53  714  -19.74307  -17.15949  13.1%  71.1  895s
 54164 23245  -17.15949   41 1128  -19.74307  -17.15949  13.1%  71.1  900s
 54470 23372  -18.89513   55  375  -19.74307  -17.15949  13.1%  71.0  905s
 54913 23563  -19.25247   54  682  -19.74307  -17.15949  13.1%  70.9  910s
 55293 23696  -17.15949   40 1433  -19.74307  -17.15949  13.1%  70.8  915s
 55495 23782  -18.41159   52  676  -19.74307  -17.15949  13.1%  70.8  920s
 55911 24001  -18.87806   72  814  -19.74307  -17.15949  13.1%  70.8  925s
 56246 24193 infeasible   52       -19.74307  -17.15949  13.1%  70.9  930s
 56689 24424  -17.16043   46  767  -19.74307  -17.15949  13.1%  70.8  935s
 57130 24646  -17.45547   57  755  -19.74307  -17.15949  13.1%  70.8  940s
 57448 24809  -18.77340   63  925  -19.74307  -17.15949  13.1%  70.7  945s
 57917 25078  -18.27749   50  409  -19.74307  -17.15949  13.1%  70.7  950s
 58106 25150  -17.90652   52  669  -19.74307  -17.15949  13.1%  70.7  955s
 58469 25317  -17.15950   43  600  -19.74307  -17.15949  13.1%  70.7  960s
 58827 25528  -18.20957   60  998  -19.74307  -17.15949  13.1%  70.6  965s
 59457 25884  -18.02598   57  729  -19.74307  -17.15949  13.1%  70.5  970s
 59935 26081  -17.64769   59  850  -19.74307  -17.15949  13.1%  70.7  975s
 60271 26217 infeasible   65       -19.74307  -17.15949  13.1%  71.0  980s
 60578 26300  -18.51840   52  903  -19.74307  -17.15949  13.1%  71.2  985s
 60769 26351  -18.64079   63  827  -19.74307  -17.15949  13.1%  71.4  990s
 61160 26460  -17.15949   51  792  -19.74307  -17.15949  13.1%  71.5  995s
 61557 26562  -18.39220   64  614  -19.74307  -17.15949  13.1%  71.6 1000s
 61784 26608  -18.69870   44  475  -19.74307  -17.15949  13.1%  71.7 1005s
 62236 26810  -17.15970   40  964  -19.74307  -17.15949  13.1%  71.7 1010s
 62538 26928  -17.34189   38 1087  -19.74307  -17.15949  13.1%  71.8 1015s
 62803 27044  -17.15956   33 1099  -19.74307  -17.15949  13.1%  71.9 1020s
 63103 27150  -17.61913   35  942  -19.74307  -17.15949  13.1%  72.2 1025s
 63290 27191  -18.01419   41  835  -19.74307  -17.15949  13.1%  72.5 1030s
 63474 27222     cutoff   42       -19.74307  -17.15949  13.1%  72.8 1035s
 63684 27303  -17.15949   33 1088  -19.74307  -17.15949  13.1%  72.9 1040s
 63939 27396  -19.48237   47  749  -19.74307  -17.15949  13.1%  73.0 1045s
 64205 27480  -19.57844   43  861  -19.74307  -17.15949  13.1%  73.3 1050s
 64456 27548  -17.15949   33  346  -19.74307  -17.15949  13.1%  73.5 1055s
 64683 27645  -17.21666   47  931  -19.74307  -17.15949  13.1%  73.7 1060s
 64916 27742  -18.17463   45  793  -19.74307  -17.15949  13.1%  73.9 1065s
 65310 27850  -17.15949   39  751  -19.74307  -17.15949  13.1%  74.0 1070s
 65574 27964  -18.79523   48 1137  -19.74307  -17.15949  13.1%  74.2 1075s
 65909 28076     cutoff   36       -19.74307  -17.15949  13.1%  74.3 1080s
 66229 28180  -17.34825   40 1285  -19.74307  -17.15949  13.1%  74.3 1085s
 66639 28396  -19.61078   49  518  -19.74307  -17.15949  13.1%  74.3 1090s
 66951 28464  -19.71859   56  470  -19.74307  -17.15949  13.1%  74.2 1095s
 67436 28538  -17.62657   41  985  -19.74307  -17.15949  13.1%  74.2 1100s
 67735 28628  -18.59659   44  796  -19.74307  -17.15949  13.1%  74.1 1105s
 68422 28883  -18.54531   50 1079  -19.74307  -17.15949  13.1%  73.8 1110s
 68851 28995  -18.29331   43  820  -19.74307  -17.15949  13.1%  73.6 1115s
 69318 29124 infeasible   52       -19.74307  -17.15949  13.1%  73.4 1120s
 69681 29202  -17.15949   36  961  -19.74307  -17.15949  13.1%  73.4 1125s
 70331 29448 infeasible   47       -19.74307  -17.15949  13.1%  73.2 1130s
 70783 29546     cutoff   48       -19.74307  -17.15949  13.1%  73.1 1135s
 71131 29599  -17.16060   43  927  -19.74307  -17.15949  13.1%  73.2 1140s
 71698 29730  -17.59661   43  695  -19.74307  -17.15949  13.1%  73.1 1145s
 72096 29804  -17.15949   41  759  -19.74307  -17.15949  13.1%  73.2 1150s
 72519 29956  -18.97539   42  684  -19.74307  -17.15949  13.1%  73.1 1155s
 72814 30089  -18.68287   40  701  -19.74307  -17.15949  13.1%  73.1 1160s
 73307 30279  -17.73575   47  992  -19.74307  -17.15949  13.1%  73.1 1165s
 73652 30461  -18.40947   43  625  -19.74307  -17.15949  13.1%  73.2 1170s
 74051 30666  -17.15949   37 1012  -19.74307  -17.15949  13.1%  73.2 1175s
 74470 30879  -17.16845   42  746  -19.74307  -17.15949  13.1%  73.2 1180s
 74793 30973  -18.69775   49  566  -19.74307  -17.15949  13.1%  73.3 1185s
 74962 31025  -19.33773   55  570  -19.74307  -17.15949  13.1%  73.4 1190s
 75330 31190     cutoff   50       -19.74307  -17.15949  13.1%  73.5 1195s
 75657 31291  -17.16027   53  828  -19.74307  -17.15949  13.1%  73.6 1200s

Cutting planes:
  Lift-and-project: 4
  Implied bound: 4
  MIR: 5
  Flow cover: 6
  Zero half: 3
  Relax-and-lift: 1

Explored 75658 nodes (5592698 simplex iterations) in 1200.01 seconds (1889.74 work units)
Thread count was 1 (of 64 available processors)

Solution count 10: -19.7431 -19.7431 -19.7432 ... -19.8952

Time limit reached
Best objective -1.974307066600e+01, best bound -1.715948869403e+01, gap 13.0860%
Tree policy:
if y <= 0.0:
    if x <= 1.0:
        return 'u'
    else:
        if x <= 4.0:
            if picked2 <= 0.0:
                return 'u'
            else:
                return 'r'
        else:
            return 'u'
else:
    if picked2 <= 0.0:
        if y <= 4.0:
            if x <= 2.0:
                return 'u'
            else:
                return 'l'
        else:
            if x <= 1.0:
                return 'r'
            else:
                return 'd'
    else:
        if y <= 1.0:
            if x <= 2.0:
                return 'd'
            else:
                return 'r'
        else:
            if x <= 2.0:
                return 'r'
            else:
                return 'd'
Optimal decision tree (depth=4) value: -19.743070666004254
Writing result files...
