Solving...
Starting with fixed depth 8
Set parameter Username
Academic license - for non-commercial use only - expires 2025-09-20
Set parameter Threads to value 1
Set parameter TimeLimit to value 1200
Gurobi Optimizer version 10.0.0 build v10.0.0rc2 (linux64)

CPU model: AMD EPYC 9124 16-Core Processor, instruction set [SSE2|AVX|AVX2|AVX512]
Thread count: 32 physical cores, 64 logical processors, using up to 1 threads

Optimize a model with 305827 rows, 58850 columns and 2959710 nonzeros
Model fingerprint: 0x90c284d7
Variable types: 990 continuous, 57860 integer (57860 binary)
Coefficient statistics:
  Matrix range     [1e-02, 1e+02]
  Objective range  [1e+00, 1e+00]
  Bounds range     [1e+00, 1e+02]
  RHS range        [1e+00, 8e+00]
Presolve removed 4080 rows and 2805 columns
Presolve time: 4.53s
Presolved: 301747 rows, 56045 columns, 2926958 nonzeros
Variable types: 990 continuous, 55055 integer (55055 binary)
Found heuristic solution: objective -99.9100581
Root relaxation presolved: 56045 rows, 357792 columns, 2983003 nonzeros


Root simplex log...

Iteration    Objective       Primal Inf.    Dual Inf.      Time
       0    0.0000000e+00   0.000000e+00   1.841000e+03      7s
   51007   -1.7159491e+01   0.000000e+00   0.000000e+00      8s
   51007   -1.7159491e+01   0.000000e+00   0.000000e+00      8s

Root relaxation: objective -1.715949e+01, 51007 iterations, 1.88 seconds (5.67 work units)

    Nodes    |    Current Node    |     Objective Bounds      |     Work
 Expl Unexpl |  Obj  Depth IntInf | Incumbent    BestBd   Gap | It/Node Time

     0     0  -17.15949    0  615  -99.91006  -17.15949  82.8%     -   12s
     0     0  -17.15949    0  955  -99.91006  -17.15949  82.8%     -   16s
H    0     0                     -99.9038326  -17.15949  82.8%     -   20s
     0     0  -17.15949    0  957  -99.90383  -17.15949  82.8%     -   20s
     0     0  -17.15949    0 1077  -99.90383  -17.15949  82.8%     -   25s
H    0     0                     -99.6623956  -17.15949  82.8%     -   27s
     0     0  -17.15949    0 1077  -99.66240  -17.15949  82.8%     -   27s
     0     0  -17.15949    0  325  -99.66240  -17.15949  82.8%     -   40s
H    0     0                     -52.9220164  -17.15949  67.6%     -   41s
H    0     0                     -44.2621829  -17.15949  61.2%     -   43s
     0     0  -17.15949    0  325  -44.26218  -17.15949  61.2%     -   43s
     0     0  -17.15949    0  417  -44.26218  -17.15949  61.2%     -   54s
     0     0  -17.15949    0  741  -44.26218  -17.15949  61.2%     -   61s
     0     0  -17.15949    0  741  -44.26218  -17.15949  61.2%     -   64s
     0     0  -17.15949    0  464  -44.26218  -17.15949  61.2%     -   78s
     0     0  -17.15949    0  434  -44.26218  -17.15949  61.2%     -   81s
     0     0  -17.15949    0  352  -44.26218  -17.15949  61.2%     -   87s
     0     0  -17.15949    0  352  -44.26218  -17.15949  61.2%     -   92s
H    0     0                     -44.2523804  -17.15949  61.2%     -  118s
     0     2  -17.15949    0  337  -44.25238  -17.15949  61.2%     -  119s
     1     3  -17.15949    1  624  -44.25238  -17.15949  61.2%  3185  120s
    16    18  -17.15949   10  993  -44.25238  -17.15949  61.2%   322  135s
    19    21  -17.15949   11 1223  -44.25238  -17.15949  61.2%   349  140s
H   27    27                     -44.2519458  -17.15949  61.2%   251  143s
    32    34  -17.15949   20 1108  -44.25195  -17.15949  61.2%   263  148s
    33    35  -17.15949   20 1108  -44.25195  -17.15949  61.2%   298  153s
    43    45  -17.15949   26 1321  -44.25195  -17.15949  61.2%   230  155s
    48    50  -17.15949   30  228  -44.25195  -17.15949  61.2%   296  167s
    56    58  -17.15949   35  760  -44.25195  -17.15949  61.2%   267  170s
    64    66  -17.15949   40  275  -44.25195  -17.15949  61.2%   305  180s
    80    82  -17.15949   50  314  -44.25195  -17.15949  61.2%   285  189s
    81    83  -17.15949   51  950  -44.25195  -17.15949  61.2%   282  190s
    95    97  -17.15949   60  310  -44.25195  -17.15949  61.2%   257  196s
   109   111  -17.15949   68 1040  -44.25195  -17.15949  61.2%   228  200s
   117   119  -17.15949   74 1524  -44.25195  -17.15949  61.2%   230  205s
   125   127  -17.15949   80  595  -44.25195  -17.15949  61.2%   246  214s
   128   130  -17.15949   82 1509  -44.25195  -17.15949  61.2%   244  215s
   142   144  -17.15949   90  376  -44.25195  -17.15949  61.2%   235  221s
H  156   156                     -44.0663872  -17.15949  61.1%   219  224s
   157   159  -17.15949   99  932  -44.06639  -17.15949  61.1%   218  225s
   168   170  -17.15949  106 1221  -44.06639  -17.15949  61.1%   215  230s
   175   177  -17.15949  110  639  -44.06639  -17.15949  61.1%   224  235s
   186   188  -17.15949  118 1207  -44.06639  -17.15949  61.1%   214  240s
   197   199  -17.17804  126  786  -44.06639  -17.15949  61.1%   209  245s
H  216   216                     -44.0663778  -17.15949  61.1%   194  249s
   216   218  -17.66026  138  485  -44.06638  -17.15949  61.1%   194  250s
   233   235  -17.66026  150  645  -44.06638  -17.15949  61.1%   182  255s
H  234   234                     -44.0663371  -17.15949  61.1%   182  255s
   242   244  -17.73456  157  829  -44.06634  -17.15949  61.1%   181  260s
   258   260  -17.73568  167  272  -44.06634  -17.15949  61.1%   171  265s
   270   269  -18.81106  175  496  -44.06634  -17.15949  61.1%   167  270s
   286   285  -23.85721  186  135  -44.06634  -17.15949  61.1%   160  275s
H  297   288                     -24.1580301  -17.15949  29.0%   154  277s
*  315   284             213     -24.1093497  -17.15949  28.8%   145  279s
   318   283  -17.31885   41  431  -24.10935  -17.15949  28.8%   144  280s
   324   289  -17.56037   46  434  -24.10935  -17.15949  28.8%   142  285s
   331   296  -17.99593   53  418  -24.10935  -17.15949  28.8%   139  290s
   339   304  -17.99593   60  870  -24.10935  -17.15949  28.8%   138  295s
   357   322  -17.99593   71  846  -24.10935  -17.15949  28.8%   135  300s
   378   343  -17.99593   83  694  -24.10935  -17.15949  28.8%   128  305s
   394   359  -17.99593   94 1069  -24.10935  -17.15949  28.8%   125  310s
   411   374  -17.99593  103  849  -24.10935  -17.15949  28.8%   121  315s
   432   383  -17.19078   71  386  -24.10935  -17.15949  28.8%   117  321s
   447   398  -17.19078   82  728  -24.10935  -17.15949  28.8%   114  325s
   468   419  -17.19078   94 1411  -24.10935  -17.15949  28.8%   111  330s
   487   438  -17.19078  106 2137  -24.10935  -17.15949  28.8%   108  335s
   511   461  -17.99593   93  352  -24.10935  -17.15949  28.8%   104  354s
   513   462  -17.19078   68  690  -24.10935  -17.15949  28.8%   104  374s
   514   463  -17.17804  127 1600  -24.10935  -17.15949  28.8%   103  387s
   516   464  -17.15949   48 2409  -24.10935  -17.15949  28.8%   103  396s
   518   466  -17.15949  116 2062  -24.10935  -17.15949  28.8%   103  404s
   519   466  -17.73583  172 2402  -24.10935  -17.15949  28.8%   102  405s
   520   467  -17.15949    9 2934  -24.10935  -17.15949  28.8%   102  412s
   522   468  -17.73568  160 4579  -24.10935  -17.15949  28.8%   102  421s
   524   470  -17.15949   12 4264  -24.10935  -17.15949  28.8%   101  430s
   526   471  -20.58440  168 3725  -24.10935  -17.15949  28.8%   101  439s
   527   472  -17.99593   69 3831  -24.10935  -17.15949  28.8%   101  440s
   528   472  -17.19078  100 4932  -24.10935  -17.15949  28.8%   101  448s
   530   474  -17.19078  106 4713  -24.10935  -17.15949  28.8%   100  457s
   532   475  -17.15949   65 4846  -24.10935  -17.15949  28.8%   100  465s
   533   476  -22.55864  184 4846  -24.10935  -17.15949  28.8%   100  473s
   534   476  -17.15949   98 4846  -24.10935  -17.15949  28.8%   100  480s
   535   479  -17.15949   16 4383  -24.10935  -17.15949  28.8%   233  491s
   546   486  -17.15949   21 3113  -24.10935  -17.15949  28.8%   229  495s
   564   498  -17.15949   30 2899  -24.10935  -17.15949  28.8%   222  500s
   584   512  -17.15949   40 2346  -24.10935  -17.15949  28.8%   215  505s
   608   528  -17.15949   52 1795  -24.10935  -17.15949  28.8%   207  510s
   638   548  -17.16012   67 1676  -24.10935  -17.15949  28.8%   198  515s
   662   564  -17.16012   79 1349  -24.10935  -17.15949  28.8%   192  520s
   685   579  -17.92745   91 2554  -24.10935  -17.15949  28.8%   187  525s
   710   594  -18.54646  103 2732  -24.10935  -17.15949  28.8%   181  530s
   732   606  -22.66642  114 2026  -24.10935  -17.15949  28.8%   176  535s
   752   618  -22.66952  124 2183  -24.10935  -17.15949  28.8%   171  540s
   777   610  -17.15949   53 1760  -24.10935  -17.15949  28.8%   167  546s
   785   616  -17.15949   57 2157  -24.10935  -17.15949  28.8%   165  550s
   807   630  -17.15949   68 3447  -24.10935  -17.15949  28.8%   162  555s
   823   641  -17.15949   76 2630  -24.10935  -17.15949  28.8%   159  560s
   843   654  -17.15949   86 2987  -24.10935  -17.15949  28.8%   156  565s
   858   664  -17.24316   94 3966  -24.10935  -17.15949  28.8%   154  570s
   880   679  -17.27253  105 4040  -24.10935  -17.15949  28.8%   150  575s
   901   693  -17.27253  115 3976  -24.10935  -17.15949  28.8%   147  580s
H  905   665                     -23.3541432  -17.15949  26.5%   146  581s
   920   677  -19.67252  125 3085  -23.35414  -17.15949  26.5%   144  585s
   948   693  -17.27365  139 2829  -23.35414  -17.15949  26.5%   140  590s
   977   713  -17.57978  153 2268  -23.35414  -17.15949  26.5%   137  595s
  1004   731  -17.27373  167 2714  -23.35414  -17.15949  26.5%   134  600s
H 1009   709                     -23.3257131  -17.15949  26.4%   133  601s
H 1035   704                     -23.3255610  -17.15949  26.4%   130  605s
H 1061   702                     -22.8815263  -17.15949  25.0%   127  608s
  1075   713  -17.27373  202 2076  -22.88153  -17.15949  25.0%   125  610s
  1114   739  -17.27388  222 1630  -22.88153  -17.15949  25.0%   122  615s
  1164   772  -17.39215  247 1620  -22.88153  -17.15949  25.0%   117  620s
  1209   802  -17.39215  269 1121  -22.88153  -17.15949  25.0%   113  625s
H 1217   768                     -22.6485772  -17.15949  24.2%   112  626s
H 1243   766                     -22.6485669  -17.15949  24.2%   110  630s
H 1269   765                     -22.6484662  -17.15949  24.2%   108  633s
  1284   777  -17.43242  307  947  -22.64847  -17.15949  24.2%   107  635s
H 1295   767                     -22.6484320  -17.15949  24.2%   106  636s
  1320   785  -17.43550  325  785  -22.64843  -17.15949  24.2%   104  640s
H 1321   768                     -22.6484252  -17.15949  24.2%   104  640s
H 1347   756                     -22.6484179  -17.15949  24.2%   103  643s
  1370   750  -17.15949   53 1814  -22.64842  -17.15949  24.2%   101  645s
H 1371   746                     -22.6461230  -17.15949  24.2%   101  651s
  1390   767  -17.15950   63 1624  -22.64612  -17.15949  24.2%   100  655s
H 1398   766                     -20.1608159  -17.15949  14.9%  99.2  669s
  1399   769  -17.15950   67 1751  -20.16082  -17.15949  14.9%  99.2  670s
H 1425   791                     -19.8779437  -17.15949  13.7%  97.8  680s
H 1451   805                     -19.2461163  -17.15949  10.8%  96.3  682s
H 1452   806                     -19.2190630  -17.15949  10.7%  96.2  688s
  1466   822  -17.15992   98 3138  -19.21906  -17.15949  10.7%  95.5  690s
H 1477   831                     -19.2190068  -17.15949  10.7%  94.8  691s
  1479   835  -17.15992  104 2352  -19.21901  -17.15949  10.7%  94.7  697s
H 1506   860                     -19.2115836  -17.15949  10.7%  93.2  704s
  1507   863  -17.90142  118 2561  -19.21158  -17.15949  10.7%  93.2  705s
  1531   887  -17.23192  130 2956  -19.21158  -17.15949  10.7%  92.2  710s
  1533   889  -17.23190  131 3016  -19.21158  -17.15949  10.7%  92.1  718s
  1542   898  -17.23224  136 2718  -19.21158  -17.15949  10.7%  91.8  720s
H 1555   896                     -18.6033718  -17.15949  7.76%  91.4  722s
H 1561   899                     -18.6020825  -17.15949  7.75%  91.2  727s
H 1581   898                     -18.2237823  -17.15949  5.84%  90.2  730s
H 1588   905                     -18.1818328  -17.15949  5.62%  89.8  738s
  1598   917  -17.25343   71 2957  -18.18183  -17.15949  5.62%  89.4  740s
H 1615   932                     -18.1408112  -17.15949  5.41%  88.8  749s
  1619   938  -17.25343   78 3724  -18.14081  -17.15949  5.41%  88.7  750s
H 1633   950                     -18.1407226  -17.15949  5.41%  88.0  752s
  1642   961  -17.25343   90 3335  -18.14072  -17.15949  5.41%  87.6  758s
H 1659   966                     -18.1397049  -17.15949  5.40%  87.0  760s
H 1696  1003                     -18.1397038  -17.15949  5.40%  85.6  766s
  1723  1032  -17.25345  119 2882  -18.13970  -17.15949  5.40%  84.5  775s
H 1737  1044                     -18.1366200  -17.15949  5.39%  83.9  776s
  1763  1072  -17.25345  142 2816  -18.13662  -17.15949  5.39%  82.8  781s
H 1789  1096                     -18.1363617  -17.15949  5.39%  81.8  784s
  1799  1096  -17.25345  145 2430  -18.13636  -17.15949  5.39%  81.4  785s
  1841  1132  -17.37740  159 1936  -18.13636  -17.15949  5.39%  79.8  790s
H 1867  1156                     -18.1363568  -17.15949  5.39%  78.9  793s
  1883  1174  -17.37740  176 2012  -18.13636  -17.15949  5.39%  78.4  795s
  1919  1200     cutoff  182       -18.13636  -17.15949  5.39%  78.6  800s
H 1920  1199                     -18.1361827  -17.15949  5.39%  78.6  800s
H 1946  1202                     -17.9135476  -17.15949  4.21%  77.8  805s
  1995  1214  -17.15949   57 1737  -17.91355  -17.15949  4.21%  76.5  810s
H 2000  1217                     -17.9135315  -17.15949  4.21%  76.3  813s
  2004  1223  -17.26762   66 1719  -17.91353  -17.15949  4.21%  76.2  815s
H 2026  1243                     -17.9099061  -17.15949  4.19%  75.6  819s
  2027  1246  -17.27792   77 2297  -17.90991  -17.15949  4.19%  75.6  820s
  2050  1269  -17.27792   87 2830  -17.90991  -17.15949  4.19%  75.1  825s
H 2052  1268                     -17.8934490  -17.15949  4.10%  75.0  826s
  2067  1285  -17.49840   95 3706  -17.89345  -17.15949  4.10%  74.6  830s
H 2078  1291                     -17.8632364  -17.15949  3.94%  74.2  834s
  2084  1299  -17.49840  108 3174  -17.86324  -17.15949  3.94%  74.1  835s
H 2103  1316                     -17.8632364  -17.15949  3.94%  73.5  839s
  2104  1319  -17.49840  120 3369  -17.86324  -17.15949  3.94%  73.5  840s
H 2130  1343                     -17.8632150  -17.15949  3.94%  72.7  846s
H 2157  1370                     -17.8632113  -17.15949  3.94%  71.9  852s
  2182  1393  -17.49840  157 3077  -17.86321  -17.15949  3.94%  71.2  855s
  2187  1398  -17.49840  159 3189  -17.86321  -17.15949  3.94%  71.1  860s
  2220  1431  -17.49840  174 2632  -17.86321  -17.15949  3.94%  70.2  865s
H 2234  1443                     -17.8632111  -17.15949  3.94%  69.8  868s
  2255  1466  -17.49840  184 2401  -17.86321  -17.15949  3.94%  69.3  870s
  2277  1488  -17.50608  196 2498  -17.86321  -17.15949  3.94%  68.9  875s
H 2286  1491                     -17.7921258  -17.15949  3.56%  68.6  876s
  2321  1509  -17.15949   57 1807  -17.79213  -17.15949  3.56%  68.0  880s
  2347  1535  -17.40355   78 2359  -17.79213  -17.15949  3.56%  67.4  885s
H 2375  1561                     -17.7917308  -17.15949  3.55%  67.0  890s
H 2402  1579                     -17.6207185  -17.15949  2.62%  66.4  898s
  2409  1588  -17.40355  104 3054  -17.62072  -17.15949  2.62%  66.4  900s
H 2421  1569                     -17.5269759  -17.15949  2.10%  66.1  903s
H 2432  1568                     -17.5269402  -17.15949  2.10%  66.0  905s
H 2459  1573                     -17.5268721  -17.15949  2.10%  65.6  916s
H 2476  1587                     -17.5267748  -17.15949  2.10%  65.3  919s
  2477  1590  -17.26066   82 2373  -17.52677  -17.15949  2.10%  65.3  920s
  2513  1614  -17.28934  108 2207  -17.52677  -17.15949  2.10%  64.5  925s
H 2528  1618                     -17.5267116  -17.15949  2.10%  64.2  927s
  2544  1636  -17.40664   81 2804  -17.52671  -17.15949  2.10%  63.9  930s
H 2554  1644                     -17.5267115  -17.15949  2.10%  63.8  932s
H 2582  1658                     -17.5267108  -17.15949  2.10%  63.3  936s
H 2609  1681                     -17.5267108  -17.15949  2.10%  62.7  940s
H 2635  1707                     -17.5267107  -17.15949  2.10%  62.2  942s
H 2661  1733                     -17.5266907  -17.15949  2.10%  61.7  947s
  2687  1753  -17.34822  156 3329  -17.52669  -17.15949  2.10%  61.2  950s
  2730  1794  -17.36159  198 2897  -17.52669  -17.15949  2.10%  60.4  955s
  2765  1825  -17.45751  231 2065  -17.52669  -17.15949  2.10%  59.7  960s
H 2819  1857                     -17.5266655  -17.15949  2.09%  58.7  966s
H 2846  1878                     -17.5266654  -17.15949  2.09%  58.3  971s
H 2859  1890                     -17.5266648  -17.15949  2.09%  58.1  973s
H 2872  1893                     -17.5266631  -17.15949  2.09%  57.8  976s
  2896  1919  -17.16665   86 2293  -17.52666  -17.15949  2.09%  57.5  980s
H 2898  1919                     -17.5266631  -17.15949  2.09%  57.5  984s
  2901  1924  -17.16665   89 2232  -17.52666  -17.15949  2.09%  57.5  985s
  2924  1947  -17.16665  105 2118  -17.52666  -17.15949  2.09%  57.2  990s
H 2956  1962                     -17.5266628  -17.15949  2.09%  56.9  995s
H 2982  1978                     -17.5229374  -17.15949  2.07%  56.6  999s
  2987  1985  -17.49470   96 3245  -17.52294  -17.15949  2.07%  56.5 1000s
  3010  2002  -17.49470  114 3015  -17.52294  -17.15949  2.07%  56.2 1008s
  3021  2007  -17.15982   69 1524  -17.52294  -17.15949  2.07%  56.0 1010s
  3036  2020  -17.47005   76 1538  -17.52294  -17.15949  2.07%  55.8 1015s
  3062  2045  -17.50756   89 2381  -17.52294  -17.15949  2.07%  55.4 1023s
  3075  2056  -17.50756   94 2893  -17.52294  -17.15949  2.07%  55.3 1025s
  3111  2084  -17.50756  108 3060  -17.52294  -17.15949  2.07%  54.9 1030s
  3140  2111  -17.51755  115 3755  -17.52294  -17.15949  2.07%  54.5 1036s
H 3166  2133                     -17.5229310  -17.15949  2.07%  54.1 1040s
  3192  2149  -17.15959   88 2649  -17.52293  -17.15949  2.07%  54.0 1045s
H 3211  2166                     -17.5229307  -17.15949  2.07%  53.8 1048s
  3218  2175  -17.18685  114 2308  -17.52293  -17.15949  2.07%  53.7 1050s
  3238  2191  -17.18685  131 2595  -17.52293  -17.15949  2.07%  53.6 1058s
  3252  2195  -17.25297   62 1787  -17.52293  -17.15949  2.07%  53.4 1060s
  3265  2208  -17.40664   75 1975  -17.52293  -17.15949  2.07%  53.3 1068s
  3274  2217  -17.40664   84 2421  -17.52293  -17.15949  2.07%  53.1 1070s
  3319  2258  -17.51513  127 3161  -17.52293  -17.15949  2.07%  52.7 1075s
  3352  2277  -17.18332   75 1839  -17.52293  -17.15949  2.07%  52.3 1081s
  3379  2303  -17.18332  102 3711  -17.52293  -17.15949  2.07%  52.1 1085s
  3427  2341  -17.15949   68 2067  -17.52293  -17.15949  2.07%  51.5 1090s
  3468  2380  -17.20761  108 2965  -17.52293  -17.15949  2.07%  51.1 1095s
  3499  2393  -17.15949   75 2448  -17.52293  -17.15949  2.07%  50.7 1100s
  3559  2447  -17.51646  132 2398  -17.52293  -17.15949  2.07%  50.2 1105s
  3617  2488  -17.52273  178 1567  -17.52293  -17.15949  2.07%  49.5 1110s
  3661  2520  -17.15979   89 2088  -17.52293  -17.15949  2.07%  49.1 1115s
  3702  2559  -17.16940  109 2579  -17.52293  -17.15949  2.07%  48.9 1123s
  3707  2556  -17.16940  108 2834  -17.52293  -17.15949  2.07%  48.9 1125s
  3786  2621  -17.41726  130 3273  -17.52293  -17.15949  2.07%  48.1 1130s
  3853  2672  -17.15991   63 2098  -17.52293  -17.15949  2.07%  47.6 1135s
  3894  2713  -17.18713  104 3006  -17.52293  -17.15949  2.07%  47.2 1140s
  3944  2752  -17.17640   84 2388  -17.52293  -17.15949  2.07%  46.8 1146s
  3990  2798  -17.17640  110 2817  -17.52293  -17.15949  2.07%  46.5 1150s
  4002  2810  -17.17675  112 2793  -17.52293  -17.15949  2.07%  46.5 1156s
  4031  2839  -17.17731  125 2427  -17.52293  -17.15949  2.07%  46.3 1160s
  4066  2866  -17.49587  137 2261  -17.52293  -17.15949  2.07%  46.1 1165s
  4093  2877  -17.29416   73 2044  -17.52293  -17.15949  2.07%  45.8 1170s
  4126  2910  -17.32305  106 3685  -17.52293  -17.15949  2.07%  45.6 1175s
  4181  2951  -17.17879   71 1843  -17.52293  -17.15949  2.07%  45.1 1180s
  4211  2981  -17.18375  101 3927  -17.52293  -17.15949  2.07%  44.8 1185s
  4224  2994  -17.31411  114 3961  -17.52293  -17.15949  2.07%  44.8 1190s
  4272  3026  -17.25371   59 1691  -17.52293  -17.15949  2.07%  44.4 1195s
H 4303  3017                     -17.5211262  -17.15949  2.06%  44.1 1199s
  4314  3030  -17.30861  101 3170  -17.52113  -17.15949  2.06%  44.1 1200s

Cutting planes:
  Gomory: 12
  Lift-and-project: 6
  MIR: 7
  Flow cover: 129
  Zero half: 89

Explored 4315 nodes (262890 simplex iterations) in 1200.02 seconds (3830.58 work units)
Thread count was 1 (of 64 available processors)

Solution count 10: -17.5211 -17.5229 -17.5229 ... -17.5267

Time limit reached
Best objective -1.752112620972e+01, best bound -1.715949125070e+01, gap 2.0640%
Tree policy:
if y <= 0.0:
    if picked0 <= 0.0:
        if picked2 <= 0.0:
            if y <= 0.0:
                if x <= 4.0:
                    return 'u'
                else:
                    return 'l'
            else:
                return '__random__'
        else:
            if picked2 <= 0.0:
                return '__random__'
            else:
                if y <= 4.0:
                    return 'u'
                else:
                    return '__random__'
    else:
        if x <= 0.0:
            if picked1 <= 0.0:
                if picked0 <= 0.0:
                    return '__random__'
                else:
                    return 'u'
            else:
                return '__random__'
        else:
            if x <= 6.0:
                if x <= 4.0:
                    if y <= 4.0:
                        if picked2 <= 0.0:
                            return 'u'
                        else:
                            return '__random__'
                    else:
                        return '__random__'
                else:
                    if y <= 3.0:
                        return '__random__'
                    else:
                        return 'd'
            else:
                if y <= 4.0:
                    return 'd'
                else:
                    return '__random__'
else:
    if x <= 1.0:
        if y <= 0.0:
            return '__random__'
        else:
            if y <= 1.0:
                if picked2 <= 0.0:
                    if x <= 0.0:
                        if picked1 <= 0.0:
                            return 'r'
                        else:
                            return '__random__'
                    else:
                        return 'u'
                else:
                    if picked2 <= 0.0:
                        if y <= 4.0:
                            return 'd'
                        else:
                            return '__random__'
                    else:
                        if y <= 4.0:
                            return 'r'
                        else:
                            return '__random__'
            else:
                if y <= 4.0:
                    if picked2 <= 0.0:
                        if y <= 2.0:
                            return 'u'
                        else:
                            if x <= 0.0:
                                return 'u'
                            else:
                                return 'r'
                    else:
                        if x <= 0.0:
                            if y <= 3.0:
                                return 'r'
                            else:
                                return 'd'
                        else:
                            if picked0 <= 0.0:
                                return 'd'
                            else:
                                return 'l'
                else:
                    if picked2 <= 0.0:
                        if y <= 4.0:
                            return 'u'
                        else:
                            if y <= 5.0:
                                return 'r'
                            else:
                                return '__random__'
                    else:
                        if y <= 5.0:
                            if x <= 0.0:
                                return 'd'
                            else:
                                return 'r'
                        else:
                            if y <= 5.0:
                                return 'd'
                            else:
                                return '__random__'
    else:
        if x <= 1.0:
            return '__random__'
        else:
            if y <= 0.0:
                return '__random__'
            else:
                if y <= 3.0:
                    if picked2 <= 0.0:
                        if y <= 2.0:
                            if x <= 2.0:
                                return '__random__'
                            else:
                                return 'u'
                        else:
                            if x <= 3.0:
                                return 'u'
                            else:
                                return 'l'
                    else:
                        if x <= 2.0:
                            if y <= 2.0:
                                return 'd'
                            else:
                                return 'l'
                        else:
                            if y <= 1.0:
                                return 'l'
                            else:
                                return 'd'
                else:
                    if picked2 <= 0.0:
                        if y <= 4.0:
                            if x <= 4.0:
                                return 'u'
                            else:
                                return 'd'
                        else:
                            if x <= 2.0:
                                return 'd'
                            else:
                                return 'l'
                    else:
                        if x <= 6.0:
                            if x <= 4.0:
                                return 'd'
                            else:
                                return 'r'
                        else:
                            if y <= 5.0:
                                return 'd'
                            else:
                                return '__random__'
Optimal decision tree (depth=8) value: -17.521126209718123
Writing result files...
