Solving...
Starting with fixed depth 2
Set parameter Username
Academic license - for non-commercial use only - expires 2025-09-20
Set parameter Threads to value 1
Set parameter TimeLimit to value 1200
Gurobi Optimizer version 10.0.0 build v10.0.0rc2 (linux64)

CPU model: AMD EPYC 9124 16-Core Processor, instruction set [SSE2|AVX|AVX2|AVX512]
Thread count: 32 physical cores, 64 logical processors, using up to 1 threads

Optimize a model with 5947 rows, 2654 columns and 27114 nonzeros
Model fingerprint: 0xa6ff3db1
Variable types: 990 continuous, 1664 integer (1664 binary)
Coefficient statistics:
  Matrix range     [1e-02, 1e+02]
  Objective range  [1e+00, 1e+00]
  Bounds range     [1e+00, 1e+02]
  RHS range        [1e+00, 2e+00]
Presolve removed 48 rows and 33 columns
Presolve time: 0.05s
Presolved: 5899 rows, 2621 columns, 26858 nonzeros
Variable types: 990 continuous, 1631 integer (1631 binary)

Root relaxation: objective -1.715948e+01, 1883 iterations, 0.09 seconds (0.20 work units)

    Nodes    |    Current Node    |     Objective Bounds      |     Work
 Expl Unexpl |  Obj  Depth IntInf | Incumbent    BestBd   Gap | It/Node Time

     0     0  -17.15948    0  354          -  -17.15948      -     -    0s
     0     0  -17.15948    0  564          -  -17.15948      -     -    0s
     0     0  -17.15948    0  333          -  -17.15948      -     -    0s
     0     0  -17.15948    0  333          -  -17.15948      -     -    0s
     0     0  -17.15948    0  339          -  -17.15948      -     -    0s
     0     0  -17.15948    0  338          -  -17.15948      -     -    0s
     0     0  -17.15948    0  337          -  -17.15948      -     -    0s
     0     0  -17.15948    0  321          -  -17.15948      -     -    1s
     0     0  -17.15948    0  321          -  -17.15948      -     -    1s
H    0     0                     -99.7459650  -17.15948  82.8%     -    1s
H    0     0                     -84.9061098  -17.15948  79.8%     -    1s
     0     2  -17.15948    0  321  -84.90611  -17.15948  79.8%     -    1s
*   34    28              22     -83.7171499  -17.15948  79.5%   270    2s
H   52    32                     -83.1371853  -17.15948  79.4%   230    2s
*   53    24              11     -73.6148840  -17.15948  76.7%   226    2s
*  156    58              12     -59.7193838  -17.15948  71.3%   121    3s
*  200    76              20     -59.7193435  -17.15948  71.3%   110    3s
H  235    87                     -59.7193196  -17.15948  71.3%   119    4s
   336   135     cutoff   14       -59.71932  -17.15948  71.3%   103    5s
H  657   262                     -59.7192668  -17.15948  71.3%  95.9    6s
*  713   318              74     -59.1726657  -17.15948  71.0%  91.1    7s
*  726   314              83     -57.4800065  -17.15948  70.1%  90.1    7s
*  941   332              28     -51.7736263  -17.15948  66.9%  87.9    8s
*  943   329              29     -51.2735259  -17.15948  66.5%  87.7    8s
* 1006   344              24     -51.0892618  -17.15948  66.4%  89.2    8s
  1024   356  -19.57365    8  317  -51.08926  -17.15948  66.4%  88.5   10s
  1044   369  -20.64380   18  291  -51.08926  -17.15948  66.4%  86.8   15s
  1265   429  -22.15956   33  539  -51.08926  -17.15948  66.4%   129   20s
  1546   440  -17.46063   23  625  -51.08926  -17.15948  66.4%   130   25s
  1774   452  -19.54922   22  646  -51.08926  -17.15948  66.4%   130   30s
H 1804   428                     -50.6458318  -17.15948  66.1%   129   30s
H 1856   409                     -46.2368346  -17.15976  62.9%   130   31s
H 1908   394                     -46.2368346  -17.16006  62.9%   130   32s
  2031   401     cutoff   24       -46.23683  -17.16174  62.9%   130   35s
  2267   451  -43.57705   25  486  -46.23683  -17.16801  62.9%   135   40s
  2471   523  -20.43636   28  570  -46.23683  -17.17728  62.8%   133   45s
  2677   569  -17.65233   28  468  -46.23683  -17.18757  62.8%   133   50s
  2801   593  -42.15676   24  649  -46.23683  -17.19457  62.8%   132   55s
H 2911   551                     -35.0108800  -17.19534  50.9%   131   57s
  2998   564  -32.61832   31  560  -35.01088  -17.19994  50.9%   130   60s
  3456   645     cutoff   20       -35.01088  -17.27429  50.7%   128   65s
* 3854   540              34     -24.5779025  -17.32524  29.5%   125   68s
  4081   564  -17.51171   25  562  -24.57790  -17.42075  29.1%   124   70s
  4596   616  -18.24979   25  527  -24.57790  -17.50464  28.8%   123   75s
  5051   644  -20.40376   33  555  -24.57790  -17.61460  28.3%   125   80s
  5746   710  -17.73750   24  584  -24.57790  -17.73750  27.8%   122   85s
  6503   753  -22.02795   32  676  -24.57790  -17.97073  26.9%   118   90s
  7174   763     cutoff   32       -24.57790  -18.18840  26.0%   117   95s
  7754   726  -22.57633   30  309  -24.57790  -18.43485  25.0%   116  100s
  8317   701     cutoff   28       -24.57790  -18.72476  23.8%   115  105s
  8922   669  -23.80010   22  836  -24.57790  -18.89343  23.1%   116  110s
  9776   636 infeasible   31       -24.57790  -19.20412  21.9%   114  115s
 10510   574     cutoff   35       -24.57790  -19.51952  20.6%   113  120s
 10741   600  -21.79809   33  479  -24.57790  -19.56077  20.4%   112  141s
 11213   519  -19.94276   24  608  -24.57790  -19.86048  19.2%   111  145s
 11793   382     cutoff   34       -24.57790  -20.33447  17.3%   111  150s
 12524   144     cutoff   27       -24.57790  -22.64424  7.87%   109  155s
*12842    10              31     -24.5558455  -24.41278  0.58%   108  156s

Cutting planes:
  Implied bound: 5
  MIR: 8
  Flow cover: 13
  Zero half: 2

Explored 12855 nodes (1403511 simplex iterations) in 156.75 seconds (264.51 work units)
Thread count was 1 (of 64 available processors)

Solution count 10: -24.5558 -24.5779 -35.0109 ... -59.1727
No other solutions better than -24.5558

Optimal solution found (tolerance 1.00e-04)
Warning: max constraint violation (2.0681e-06) exceeds tolerance
Best objective -2.455584546436e+01, best bound -2.455584546436e+01, gap 0.0000%
Tree policy:
if picked2 <= 0.0:
    if y <= 4.0:
        return 'u'
    else:
        return 'r'
else:
    if y <= 1.0:
        return 'r'
    else:
        return 'd'
Optimal decision tree (depth=2) value: -24.555845464362722
Writing result files...
