Solving...
Starting with fixed depth 5
Set parameter Username
Academic license - for non-commercial use only - expires 2025-09-20
Set parameter Threads to value 1
Set parameter TimeLimit to value 1200
Gurobi Optimizer version 10.0.0 build v10.0.0rc2 (linux64)

CPU model: AMD EPYC 9124 16-Core Processor, instruction set [SSE2|AVX|AVX2|AVX512]
Thread count: 32 physical cores, 64 logical processors, using up to 1 threads

Optimize a model with 39267 rows, 8898 columns and 279038 nonzeros
Model fingerprint: 0xd726f5e3
Variable types: 990 continuous, 7908 integer (7908 binary)
Coefficient statistics:
  Matrix range     [1e-02, 1e+02]
  Objective range  [1e+00, 1e+00]
  Bounds range     [1e+00, 1e+02]
  RHS range        [1e+00, 5e+00]
Presolve removed 496 rows and 341 columns
Presolve time: 0.44s
Presolved: 38771 rows, 8557 columns, 275918 nonzeros
Variable types: 990 continuous, 7567 integer (7567 binary)
Found heuristic solution: objective -99.9100572

Root relaxation: objective -1.715949e+01, 2512 iterations, 0.26 seconds (0.96 work units)

    Nodes    |    Current Node    |     Objective Bounds      |     Work
 Expl Unexpl |  Obj  Depth IntInf | Incumbent    BestBd   Gap | It/Node Time

     0     0  -17.15949    0  345  -99.91006  -17.15949  82.8%     -    1s
H    0     0                     -99.9099617  -17.15949  82.8%     -    1s
     0     0  -17.15949    0  514  -99.90996  -17.15949  82.8%     -    1s
H    0     0                     -99.1156943  -17.15949  82.7%     -    1s
     0     0  -17.15949    0  514  -99.11569  -17.15949  82.7%     -    1s
     0     0  -17.15949    0  522  -99.11569  -17.15949  82.7%     -    3s
     0     0  -17.15949    0  522  -99.11569  -17.15949  82.7%     -    3s
     0     0  -17.15949    0  526  -99.11569  -17.15949  82.7%     -    4s
     0     0  -17.15949    0  533  -99.11569  -17.15949  82.7%     -    4s
     0     0  -17.15949    0  653  -99.11569  -17.15949  82.7%     -    6s
H    0     0                     -59.8353006  -17.15949  71.3%     -    6s
     0     0  -17.15949    0  797  -59.83530  -17.15949  71.3%     -    6s
     0     0  -17.15949    0  215  -59.83530  -17.15949  71.3%     -    7s
     0     0  -17.15949    0  215  -59.83530  -17.15949  71.3%     -    8s
     0     0  -17.15949    0  423  -59.83530  -17.15949  71.3%     -    9s
     0     0  -17.15949    0  342  -59.83530  -17.15949  71.3%     -   11s
     0     0  -17.15949    0  338  -59.83530  -17.15949  71.3%     -   11s
H    0     0                     -59.8352981  -17.15949  71.3%     -   12s
     0     2  -17.15949    0  338  -59.83530  -17.15949  71.3%     -   14s
     3     5  -17.15949    2 1006  -59.83530  -17.15949  71.3%   795   16s
    76    72  -17.30556   15 1092  -59.83530  -17.15949  71.3%   230   20s
H   78    72                     -59.8338358  -17.15949  71.3%   227   20s
H  104    98                     -59.6064014  -17.15949  71.2%   228   22s
   169   150  -17.15949    3  950  -59.60640  -17.15949  71.2%   191   25s
H  234   213                     -59.4495667  -17.15949  71.1%   195   28s
   296   262  -40.96211   88   67  -59.44957  -17.15949  71.1%   171   30s
*  305   266              97     -41.8885926  -17.15949  59.0%   166   30s
   451   380  -29.45619   58  743  -41.88859  -17.15949  59.0%   146   35s
H  470   390                     -38.7931240  -17.15949  55.8%   142   35s
H  512   399                     -38.7931171  -17.15949  55.8%   133   39s
   514   400  -17.30556   25  511  -38.79312  -17.15949  55.8%   133   40s
   520   404  -17.55600   46  830  -38.79312  -17.15949  55.8%   131   45s
   526   408  -17.30556   50 1039  -38.79312  -17.15949  55.8%   130   50s
H  527   389                     -36.3330621  -17.15949  52.8%   130   52s
   533   393  -17.30556   33 1258  -36.33306  -17.15949  52.8%   128   56s
   552   407  -17.15949   18  878  -36.33306  -17.15949  52.8%   214   60s
H  638   413                     -26.4732682  -17.15949  35.2%   201   63s
   685   434  -17.15949   32  924  -26.47327  -17.15949  35.2%   195   65s
H  698   422                     -26.4731826  -17.15949  35.2%   194   65s
H  768   437                     -23.2239741  -17.15949  26.1%   187   69s
   789   447  -17.15949   21 1146  -23.22397  -17.15949  26.1%   187   70s
H  794   430                     -22.6623219  -17.15949  24.3%   186   70s
H  846   448                     -22.6623208  -17.15949  24.3%   181   71s
H  860   441                     -22.1660025  -17.15949  22.6%   179   71s
H  898   449                     -21.5698208  -17.15949  20.4%   175   72s
H  924   440                     -21.5698051  -17.15949  20.4%   171   73s
H  941   438                     -21.5698050  -17.15949  20.4%   170   74s
   958   451  -17.22027   44 1414  -21.56980  -17.15949  20.4%   174   75s
H  976   449                     -21.4883430  -17.15949  20.1%   174   75s
H 1028   471                     -21.4883198  -17.15949  20.1%   170   77s
  1099   498  -17.47860   48 1137  -21.48832  -17.15949  20.1%   168   80s
H 1184   541                     -21.4370327  -17.15949  20.0%   163   82s
H 1210   559                     -21.4370070  -17.15949  20.0%   165   83s
  1237   588  -17.86837   49  582  -21.43701  -17.15949  20.0%   162   85s
H 1288   636                     -21.4327797  -17.15949  19.9%   160   86s
H 1292   640                     -21.4327796  -17.15949  19.9%   159   86s
H 1314   662                     -21.3341585  -17.15949  19.6%   158   87s
H 1319   667                     -21.3341476  -17.15949  19.6%   157   87s
H 1346   689                     -20.1171641  -17.15949  14.7%   154   88s
H 1366   684                     -20.0566043  -17.15949  14.4%   152   88s
H 1373   691                     -20.0565842  -17.15949  14.4%   152   88s
H 1427   735                     -20.0565362  -17.15949  14.4%   147   89s
  1442   752  -19.90109   37  958  -20.05654  -17.15949  14.4%   146   90s
H 1447   751                     -19.9969512  -17.15949  14.2%   146   90s
H 1473   726                     -19.3928778  -17.15949  11.5%   146   91s
H 1508   753                     -19.3928612  -17.15949  11.5%   144   92s
H 1551   748                     -18.4210509  -17.15949  6.85%   141   93s
H 1563   760                     -18.4209067  -17.15949  6.85%   141   94s
H 1577   773                     -18.4058284  -17.15949  6.77%   141   94s
  1581   779  -17.25781   53  772  -18.40583  -17.15949  6.77%   141   95s
H 1603   798                     -18.3960264  -17.15949  6.72%   141   95s
H 1655   842                     -18.3959961  -17.15949  6.72%   139   97s
  1759   924  -17.77576   35 1140  -18.39600  -17.15949  6.72%   134  100s
H 1863   924                     -18.3707627  -17.15949  6.59%   135  105s
H 1917   978                     -18.3432117  -17.15949  6.45%   133  108s
H 1944  1005                     -18.3431617  -17.15949  6.45%   132  109s
  1956  1019  -18.21765  112 1383  -18.34316  -17.15949  6.45%   132  110s
  2048  1098  -17.70397   71  853  -18.34316  -17.15949  6.45%   127  115s
H 2133  1170                     -18.3431575  -17.15949  6.45%   126  118s
  2191  1215  -18.20177   39 1124  -18.34316  -17.15949  6.45%   123  120s
H 2248  1250                     -18.3431557  -17.15949  6.45%   123  123s
H 2256  1258                     -18.3417040  -17.15949  6.45%   123  124s
  2275  1277  -17.83924   42  817  -18.34170  -17.15949  6.45%   122  125s
H 2302  1294                     -18.3341008  -17.15949  6.41%   121  127s
H 2308  1292                     -18.3200449  -17.15949  6.33%   121  127s
H 2334  1318                     -18.3199761  -17.15949  6.33%   120  129s
  2342  1328  -17.29784   42 1117  -18.31998  -17.15949  6.33%   120  130s
  2441  1411  -17.35050   75 1075  -18.31998  -17.15949  6.33%   119  135s
H 2519  1472                     -18.3199736  -17.15949  6.33%   118  137s
H 2525  1462                     -18.2691535  -17.15949  6.07%   118  138s
  2561  1485  -18.01813   38  908  -18.26915  -17.15949  6.07%   117  140s
H 2573  1492                     -18.2691509  -17.15949  6.07%   116  140s
H 2586  1505                     -18.2690860  -17.15949  6.07%   116  141s
H 2600  1519                     -18.2690858  -17.15949  6.07%   117  143s
H 2612  1469                     -18.1631429  -17.15949  5.53%   117  143s
H 2627  1475                     -18.1631048  -17.15949  5.53%   116  145s
H 2654  1499                     -18.1631046  -17.15949  5.53%   116  146s
H 2685  1520                     -18.1630440  -17.15949  5.53%   116  149s
H 2686  1521                     -18.1629412  -17.15949  5.52%   116  149s
  2699  1536  -17.32838   35  923  -18.16294  -17.15949  5.52%   116  150s
  2795  1617  -18.11719   60  847  -18.16294  -17.15949  5.52%   115  155s
H 2912  1705                     -18.1629169  -17.15949  5.52%   113  160s
H 2991  1771                     -18.1628019  -17.15949  5.52%   114  163s
  3012  1794  -17.56450   50 1138  -18.16280  -17.15949  5.52%   114  165s
H 3017  1797                     -18.1626873  -17.15949  5.52%   114  165s
H 3140  1900                     -18.1625726  -17.15949  5.52%   113  169s
  3191  1942  -17.75561   55 1105  -18.16257  -17.15949  5.52%   112  170s
  3381  2094  -17.57617   51  811  -18.16257  -17.15949  5.52%   109  175s
  3531  2211  -17.34248   55  932  -18.16257  -17.15949  5.52%   108  180s
H 3658  2321                     -18.1625666  -17.15949  5.52%   108  182s
  3725  2367  -18.07691   35  801  -18.16257  -17.15949  5.52%   107  185s
  3864  2480  -17.15949   21 1259  -18.16257  -17.15949  5.52%   106  190s
H 3902  2515                     -18.1624681  -17.15949  5.52%   106  192s
  4010  2599  -17.62041   58  608  -18.16247  -17.15949  5.52%   104  195s
H 4055  2625                     -18.1623112  -17.15949  5.52%   104  197s
H 4100  2619                     -18.1460908  -17.15949  5.44%   103  198s
  4146  2650  -17.64261   23 1403  -18.14609  -17.15949  5.44%   103  200s
  4280  2764  -17.47901   40 1159  -18.14609  -17.15949  5.44%   102  205s
  4480  2929  -17.64959   73 1213  -18.14609  -17.15949  5.44%   101  210s
  4740  3139  -17.15949   23 1469  -18.14609  -17.15949  5.44%   101  215s
  4863  3243  -18.14511   58  714  -18.14609  -17.15949  5.44%   100  223s
  4902  3264  -17.18593   25 1485  -18.14609  -17.15949  5.44%   101  225s
  5101  3431 infeasible   82       -18.14609  -17.15949  5.44%   100  230s
  5233  3528  -17.78690   56 1275  -18.14609  -17.15949  5.44%  99.2  235s
  5411  3659  -18.13616   47  769  -18.14609  -17.15949  5.44%  98.3  240s
  5560  3750 infeasible  101       -18.14609  -17.15949  5.44%  98.2  245s
  5748  3922  -17.44018   69  543  -18.14609  -17.15949  5.44%  97.1  250s
H 5905  3984                     -18.1406524  -17.15949  5.41%  96.5  255s
H 5987  4056                     -18.1406452  -17.15949  5.41%  95.9  257s
H 5993  4062                     -18.1406445  -17.15949  5.41%  95.8  257s
  6063  4112  -17.40512   37 1119  -18.14064  -17.15949  5.41%  96.0  260s
H 6207  4214                     -18.1362593  -17.15949  5.39%  95.4  265s
H 6332  4325                     -18.1360191  -17.15949  5.38%  94.6  267s
H 6384  4363                     -18.1360182  -17.15949  5.38%  94.2  268s
H 6438  4416                     -18.1360137  -17.15949  5.38%  93.7  271s
H 6465  4433                     -18.1360136  -17.15949  5.38%  93.8  274s
  6484  4454  -17.19733   33 1416  -18.13601  -17.15949  5.38%  93.9  275s
  6729  4665  -17.77370   51  903  -18.13601  -17.15949  5.38%  93.6  280s
H 6922  4830                     -18.1358361  -17.15949  5.38%  93.1  284s
  6939  4841  -17.43031   35 1351  -18.13584  -17.15949  5.38%  93.1  285s
  7065  4953  -17.39709   92  699  -18.13584  -17.15949  5.38%  92.9  290s
  7232  5079  -18.06519   99 1059  -18.13584  -17.15949  5.38%  92.8  295s
  7408  5218  -17.42932  108 1185  -18.13584  -17.15949  5.38%  92.5  300s
  7545  5305  -17.87042   18  986  -18.13584  -17.15949  5.38%  92.8  305s
  7628  5367  -18.13240   55  963  -18.13584  -17.15949  5.38%  92.6  310s
  7801  5494  -18.13293   51  751  -18.13584  -17.15949  5.38%  92.6  315s
  7934  5602  -18.13257   99 1612  -18.13584  -17.15949  5.38%  92.4  320s
  8105  5741  -17.18554   25 1025  -18.13584  -17.15949  5.38%  91.7  325s
  8302  5918  -17.41381   76  745  -18.13584  -17.15949  5.38%  91.2  330s
  8466  6065  -17.84159   95  703  -18.13584  -17.15949  5.38%  91.5  335s
  8650  6199  -17.15949   21 1222  -18.13584  -17.15949  5.38%  91.3  340s
H 8764  3920                     -17.6303743  -17.15949  2.67%  91.0  345s
H 8842  3949                     -17.6210664  -17.15949  2.62%  90.9  347s
  8981  4063  -17.53592   99 1034  -17.62107  -17.15949  2.62%  90.7  350s
  9139  4190  -17.61597   71 1697  -17.62107  -17.15949  2.62%  91.2  355s
  9248  4244  -17.61770   53  894  -17.62107  -17.15949  2.62%  91.8  360s
  9369  4314  -17.62008   50 1068  -17.62107  -17.15949  2.62%  92.2  365s
  9471  4370  -17.27884   50 1752  -17.62107  -17.15949  2.62%  92.8  370s
  9612  4490  -17.44852   56  858  -17.62107  -17.15949  2.62%  92.3  375s
  9798  4623  -17.41998   26  645  -17.62107  -17.15949  2.62%  92.3  380s
H 9865  4344                     -17.5784099  -17.15949  2.38%  92.2  384s
  9877  4356  -17.49451   77  739  -17.57841  -17.15949  2.38%  92.4  385s
H 9903  2897                     -17.4381540  -17.15949  1.60%  92.6  387s
 10010  2959  -17.32711   35  479  -17.43815  -17.15949  1.60%  92.4  390s
H10032  2722                     -17.4207439  -17.15949  1.50%  92.3  391s
H10036  2415                     -17.4045662  -17.15949  1.41%  92.3  392s
H10071  1325                     -17.2915950  -17.15949  0.76%  92.3  393s
H10122  1167                     -17.2638531  -17.15949  0.60%  92.7  395s
 10203  1193  -17.19733   34  338  -17.26385  -17.15949  0.60%  93.3  400s
 10206  1195  -17.18631   28  420  -17.26385  -17.15949  0.60%  93.2  405s
 10210  1198  -17.25092   31  459  -17.26385  -17.15949  0.60%  93.2  410s
 10215  1201  -17.18963   28  429  -17.26385  -17.15949  0.60%  93.2  415s
 10220  1204  -17.18890   24  363  -17.26385  -17.15949  0.60%  93.1  421s
 10224  1207  -17.15949   35  438  -17.26385  -17.15949  0.60%  93.1  425s
 10248  1225  -17.15949   30 1078  -17.26385  -17.15949  0.60%  97.5  430s
 10291  1246  -17.15949   29  296  -17.26385  -17.15949  0.60%  98.0  435s
 10330  1272  -17.15949   49  488  -17.26385  -17.15949  0.60%  98.2  440s
 10398  1311  -17.19086   83  384  -17.26385  -17.15949  0.60%  98.2  445s
 10457  1325  -17.15952   34  703  -17.26385  -17.15949  0.60%  98.0  450s
 10516  1354  -17.19162   76 1051  -17.26385  -17.15949  0.60%  97.8  455s
 10571  1379  -17.16887   50 1011  -17.26385  -17.15949  0.60%  97.7  460s
 10635  1408  -17.15949   36  631  -17.26385  -17.15949  0.60%  97.5  465s
H10642  1339                     -17.2579019  -17.15949  0.57%  97.5  465s
 10693  1373  -17.17096   69  796  -17.25790  -17.15949  0.57%  97.6  470s
 10739  1393  -17.15949   49  657  -17.25790  -17.15949  0.57%  98.3  475s
H10750  1341                     -17.2579005  -17.15949  0.57%  98.2  476s
 10835  1361  -17.17742   40 1271  -17.25790  -17.15949  0.57%  97.9  480s
H10854  1303                     -17.2578070  -17.15949  0.57%  97.9  481s
H10880  1268                     -17.2578008  -17.15949  0.57%  97.8  484s
 10887  1275  -17.15977   57 1853  -17.25780  -17.15949  0.57%  97.8  485s
H10906  1218                     -17.2562223  -17.15949  0.56%  97.7  486s
H10957  1193                     -17.2562222  -17.15949  0.56%  97.7  489s
H10960  1146                     -17.2561477  -17.15949  0.56%  97.7  489s
 10961  1148  -17.15949   29  384  -17.25615  -17.15949  0.56%  97.8  490s
 11031  1187  -17.15949   40 1245  -17.25615  -17.15949  0.56%  97.6  495s
H11064  1150                     -17.2320487  -17.15949  0.42%  97.7  498s
H11065  1111                     -17.2320480  -17.15949  0.42%  97.7  498s
H11090  1081                     -17.2320479  -17.15949  0.42%  97.7  499s
H11092  1046                     -17.2320454  -17.15949  0.42%  97.7  499s
 11096  1050  -17.22582   63  350  -17.23205  -17.15949  0.42%  97.7  500s
 11165  1074  -17.18696   65  786  -17.23205  -17.15949  0.42%  97.6  505s
 11234  1099  -17.15949   29  315  -17.23205  -17.15949  0.42%  97.6  510s
H11246  1071                     -17.2320445  -17.15949  0.42%  97.5  512s
H11283  1055                     -17.2320435  -17.15949  0.42%  97.4  515s
H11298  1033                     -17.2320435  -17.15949  0.42%  97.4  515s
H11310  1001                     -17.2320427  -17.15949  0.42%  97.3  516s
H11324   972                     -17.2320427  -17.15949  0.42%  97.2  517s
 11344   988  -17.16565   55  837  -17.23204  -17.15949  0.42%  97.1  520s
H11350   963                     -17.2320412  -17.15949  0.42%  97.1  521s
H11391   954                     -17.2320410  -17.15949  0.42%  96.9  524s
H11402   936                     -17.2320298  -17.15949  0.42%  96.9  525s
H11472   947                     -17.2320235  -17.15949  0.42%  96.6  530s
H11506   969                     -17.2320234  -17.15949  0.42%  96.5  533s
 11519   984  -17.15949   62  489  -17.23202  -17.15949  0.42%  96.7  535s
H11553  1007                     -17.2319609  -17.15949  0.42%  96.5  537s
 11597  1028 infeasible   86       -17.23196  -17.15949  0.42%  96.3  540s
 11680  1080  -17.16263   79 1172  -17.23196  -17.15949  0.42%  95.9  545s
 11743  1128  -17.19224   70 1447  -17.23196  -17.15949  0.42%  95.6  550s
 11798  1173  -17.16538   57 1226  -17.23196  -17.15949  0.42%  95.5  555s
 11866  1226  -17.15949   69  565  -17.23196  -17.15949  0.42%  95.3  560s
H11872  1229                     -17.2319602  -17.15949  0.42%  95.3  560s
 11933  1266  -17.19481   76 1051  -17.23196  -17.15949  0.42%  95.2  565s
 12016  1302  -17.15949   64  706  -17.23196  -17.15949  0.42%  94.8  570s
 12121  1353  -17.15949   59  397  -17.23196  -17.15949  0.42%  94.7  575s
 12179  1399  -17.15997   78 1231  -17.23196  -17.15949  0.42%  94.6  580s
 12255  1449  -17.16466   63  885  -17.23196  -17.15949  0.42%  94.5  585s
 12316  1486  -17.15950   72  972  -17.23196  -17.15949  0.42%  94.4  590s
 12382  1524  -17.16423   63 1102  -17.23196  -17.15949  0.42%  94.5  595s
 12426  1542  -17.16172   69  864  -17.23196  -17.15949  0.42%  94.4  600s
 12525  1579  -17.15949   29  499  -17.23196  -17.15949  0.42%  94.1  605s
 12588  1630  -17.16057   34  815  -17.23196  -17.15949  0.42%  94.0  610s
 12652  1676  -17.15949   24 1354  -17.23196  -17.15949  0.42%  93.7  615s
 12711  1733  -17.16123   48 1527  -17.23196  -17.15949  0.42%  93.6  620s
 12769  1791  -17.16124   68 1592  -17.23196  -17.15949  0.42%  93.3  625s
 12831  1828  -17.17176   56  978  -17.23196  -17.15949  0.42%  93.1  630s
 12872  1833  -17.15949   51  594  -17.23196  -17.15949  0.42%  93.2  635s
 12914  1853  -17.15949   36  767  -17.23196  -17.15949  0.42%  93.7  640s
 12976  1913  -17.18472   67  888  -17.23196  -17.15949  0.42%  93.5  645s
 13025  1942  -17.16058   55  705  -17.23196  -17.15949  0.42%  93.5  651s
 13059  1952  -17.16058   55 1198  -17.23196  -17.15949  0.42%  93.6  655s
 13111  1954  -17.15949   49  560  -17.23196  -17.15949  0.42%  93.9  660s
 13168  1973  -17.16336   71 1380  -17.23196  -17.15949  0.42%  94.1  665s
 13223  1993  -17.15949   55 1096  -17.23196  -17.15949  0.42%  94.0  670s
 13270  2026  -17.16090   73 1515  -17.23196  -17.15949  0.42%  93.9  675s
 13333  2065  -17.16181   63  993  -17.23196  -17.15949  0.42%  94.1  680s
 13415  2121  -17.17852   86  983  -17.23196  -17.15949  0.42%  93.8  685s
 13494  2170  -17.18696   73 1024  -17.23196  -17.15949  0.42%  93.6  690s
 13578  2224  -17.22217   85 1035  -17.23196  -17.15949  0.42%  93.3  695s
 13677  2292  -17.16323   58  445  -17.23196  -17.15949  0.42%  93.0  700s
 13743  2334  -17.15949   60  308  -17.23196  -17.15949  0.42%  93.0  705s
 13854  2402  -17.17992   80  501  -17.23196  -17.15949  0.42%  92.6  710s
 14003  2480  -17.15951   61 1396  -17.23196  -17.15949  0.42%  92.0  715s
 14147  2588  -17.16848   78  999  -17.23196  -17.15949  0.42%  91.6  720s
 14229  2627  -17.16058   52  482  -17.23196  -17.15949  0.42%  91.6  726s
 14360  2736  -17.22120   73  625  -17.23196  -17.15949  0.42%  91.3  731s
 14530  2851  -17.22475   94 1253  -17.23196  -17.15949  0.42%  90.9  735s
 14666  2959  -17.16384   78 1012  -17.23196  -17.15949  0.42%  90.7  740s
 14780  3030  -17.15949   70  880  -17.23196  -17.15949  0.42%  90.6  745s
 14929  3147  -17.19133   69 1096  -17.23196  -17.15949  0.42%  90.4  750s
 15071  3255  -17.21572   77  750  -17.23196  -17.15949  0.42%  89.8  755s
 15211  3350  -17.16130   51  447  -17.23196  -17.15949  0.42%  89.6  760s
 15280  3405  -17.16960   79  788  -17.23196  -17.15949  0.42%  89.7  766s
 15303  3414  -17.16051   44  858  -17.23196  -17.15949  0.42%  89.6  805s
 15449  3532 infeasible   63       -17.23196  -17.15949  0.42%  89.1  810s
 15562  3614  -17.18697   57  821  -17.23196  -17.15949  0.42%  88.9  815s
 15747  3729  -17.16057   30  454  -17.23196  -17.15949  0.42%  88.4  820s
 15890  3852  -17.16574   64  821  -17.23196  -17.15949  0.42%  88.0  825s
 16105  4007  -17.16001   60  539  -17.23196  -17.15949  0.42%  87.5  830s
 16275  4147  -17.16894   72  960  -17.23196  -17.15949  0.42%  87.1  835s
 16435  4269  -17.16900   63 1611  -17.23196  -17.15949  0.42%  86.9  840s
 16530  4346  -17.16264   80  748  -17.23196  -17.15949  0.42%  86.8  845s
 16619  4408  -17.16252   53  876  -17.23196  -17.15949  0.42%  87.0  850s
 16815  4546  -17.16642   84 1042  -17.23196  -17.15949  0.42%  86.7  855s
 17016  4696  -17.15982   77 1129  -17.23196  -17.15949  0.42%  86.5  860s
 17200  4838  -17.19609   97  982  -17.23196  -17.15949  0.42%  86.1  865s
 17401  4978  -17.16280   69  975  -17.23196  -17.15949  0.42%  85.8  870s
 17483  5031  -17.16240   63 1454  -17.23196  -17.15949  0.42%  85.8  875s
 17637  5143  -17.15949   29  461  -17.23196  -17.15949  0.42%  85.6  880s
 17722  5216  -17.16222   53  769  -17.23196  -17.15949  0.42%  85.5  885s
 17824  5289  -17.16438   51 1489  -17.23196  -17.15949  0.42%  85.5  890s
 17930  5366  -17.19320   48 1244  -17.23196  -17.15949  0.42%  85.3  895s
 18008  5428  -17.15949   29  406  -17.23196  -17.15949  0.42%  85.1  900s
 18058  5456  -17.15949   29  438  -17.23196  -17.15949  0.42%  85.5  906s
 18137  5519  -17.15949   37  530  -17.23196  -17.15949  0.42%  85.3  910s
 18244  5601  -17.16394   45  510  -17.23196  -17.15949  0.42%  85.3  915s
 18360  5689  -17.15949   35  427  -17.23196  -17.15949  0.42%  85.2  920s
 18714  5988  -17.15949   39  384  -17.23196  -17.15949  0.42%  84.5  925s
 18826  6065  -17.15949   44  826  -17.23196  -17.15949  0.42%  84.6  930s
 19001  6195  -17.16624   95  775  -17.23196  -17.15949  0.42%  84.4  935s
 19107  6250  -17.16477   48  895  -17.23196  -17.15949  0.42%  84.6  940s
 19200  6314  -17.15949   52  836  -17.23196  -17.15949  0.42%  84.5  946s
 19366  6428  -17.15949   28  738  -17.23196  -17.15949  0.42%  84.3  950s
 19534  6556  -17.21813   72  802  -17.23196  -17.15949  0.42%  84.0  955s
 19737  6710 infeasible   74       -17.23196  -17.15949  0.42%  83.9  960s
 19925  6842  -17.15949   41 1009  -17.23196  -17.15949  0.42%  83.6  965s
 20057  6952  -17.23080   87  859  -17.23196  -17.15949  0.42%  83.3  970s
 20336  7176  -17.15949   44 1112  -17.23196  -17.15949  0.42%  82.9  975s
 20557  7353  -17.21150   69 1277  -17.23196  -17.15949  0.42%  82.8  980s
 20761  7495  -17.17277   62 1274  -17.23196  -17.15949  0.42%  82.6  985s
 20921  7619 infeasible   62       -17.23196  -17.15949  0.42%  82.5  990s
 21050  7712  -17.15992   58  915  -17.23196  -17.15949  0.42%  82.4  995s
 21265  7869  -17.17139   54 1352  -17.23196  -17.15949  0.42%  82.3 1000s
 21456  8000  -17.17081   55 1282  -17.23196  -17.15949  0.42%  82.2 1005s
 21549  8057  -17.17133   51  847  -17.23196  -17.15949  0.42%  82.5 1010s
 21656  8146  -17.16925   56  877  -17.23196  -17.15949  0.42%  82.6 1015s
 21800  8230  -17.17091   57  961  -17.23196  -17.15949  0.42%  82.8 1020s
 21904  8300  -17.20571   76  856  -17.23196  -17.15949  0.42%  82.8 1025s
 21976  8348  -17.21217   82 1449  -17.23196  -17.15949  0.42%  82.9 1030s
 22078  8399  -17.17095   65 1250  -17.23196  -17.15949  0.42%  82.9 1035s
 22211  8481  -17.19839   68 1109  -17.23196  -17.15949  0.42%  83.0 1040s
 22369  8578  -17.16518   58  951  -17.23196  -17.15949  0.42%  82.9 1045s
 22569  8716  -17.17174   61 1290  -17.23196  -17.15949  0.42%  82.8 1050s
 22799  8848  -17.18967   66  839  -17.23196  -17.15949  0.42%  82.6 1055s
 22917  8926  -17.16098   74 1103  -17.23196  -17.15949  0.42%  82.7 1060s
 23030  8975  -17.15981   51 1527  -17.23196  -17.15949  0.42%  82.8 1065s
 23157  9051  -17.20011   65  718  -17.23196  -17.15949  0.42%  82.8 1070s
 23297  9133 infeasible   77       -17.23196  -17.15949  0.42%  82.9 1075s
 23372  9172 infeasible   58       -17.23196  -17.15949  0.42%  83.1 1080s
 23460  9208  -17.18726   62 1369  -17.23196  -17.15949  0.42%  83.5 1087s
 23553  9254  -17.15949   47 1342  -17.23196  -17.15949  0.42%  83.4 1090s
 23638  9269  -17.20482   52 1196  -17.23196  -17.15949  0.42%  83.5 1095s
 23734  9309  -17.15949   47 1630  -17.23196  -17.15949  0.42%  83.6 1100s
 23842  9389  -17.19060   61 1355  -17.23196  -17.15949  0.42%  83.7 1105s
 23947  9457  -17.15949   55 1496  -17.23196  -17.15949  0.42%  83.7 1110s
 24047  9513 infeasible   63       -17.23196  -17.15949  0.42%  83.9 1115s
 24161  9581  -17.18721   57 1182  -17.23196  -17.15949  0.42%  84.0 1120s
 24232  9620  -17.15949   48  942  -17.23196  -17.15949  0.42%  84.0 1125s
 24258  9628  -17.16070   55  448  -17.23196  -17.15949  0.42%  84.2 1130s
 24345  9685  -17.17068   44 1315  -17.23196  -17.15949  0.42%  84.3 1135s
 24480  9736  -17.20889   51  804  -17.23196  -17.15949  0.42%  84.3 1140s
 24571  9776  -17.20026   55 1876  -17.23196  -17.15949  0.42%  84.4 1145s
 24656  9833  -17.21702   58 1524  -17.23196  -17.15949  0.42%  84.4 1150s
 24815  9940  -17.19759   70 1140  -17.23196  -17.15949  0.42%  84.2 1155s
 24936 10025  -17.19547   65 1371  -17.23196  -17.15949  0.42%  84.2 1160s
 25102 10145  -17.15952   51 1381  -17.23196  -17.15949  0.42%  84.2 1165s
 25291 10270  -17.18736   58  816  -17.23196  -17.15949  0.42%  84.2 1170s
 25390 10325 infeasible   64       -17.23196  -17.15949  0.42%  84.4 1175s
 25545 10418  -17.15949   47 1174  -17.23196  -17.15949  0.42%  84.4 1180s
 25630 10463  -17.15949   48  762  -17.23196  -17.15949  0.42%  84.7 1185s
 25683 10487  -17.17069   47 1174  -17.23196  -17.15949  0.42%  84.9 1190s
 25765 10536  -17.17067   51 1461  -17.23196  -17.15949  0.42%  85.0 1195s
 25834 10579  -17.15950   42 1145  -17.23196  -17.15949  0.42%  85.1 1200s

Cutting planes:
  Gomory: 1
  Lift-and-project: 6
  Implied bound: 1
  MIR: 4
  Flow cover: 7
  Zero half: 27
  Relax-and-lift: 4

Explored 25835 nodes (2225262 simplex iterations) in 1200.00 seconds (2307.18 work units)
Thread count was 1 (of 64 available processors)

Solution count 10: -17.232 -17.232 -17.232 ... -17.232

Time limit reached
Best objective -1.723196016096e+01, best bound -1.715949120416e+01, gap 0.4205%
Tree policy:
if x <= 1.0:
    if x <= 0.0:
        if y <= 3.0:
            if y <= 2.0:
                if y <= 0.0:
                    return 'u'
                else:
                    return 'r'
            else:
                if picked2 <= 0.0:
                    return 'u'
                else:
                    return 'r'
        else:
            if y <= 4.0:
                if picked2 <= 0.0:
                    return 'u'
                else:
                    return 'd'
            else:
                if picked2 <= 0.0:
                    return 'r'
                else:
                    return 'd'
    else:
        if y <= 1.0:
            if picked2 <= 0.0:
                return 'u'
            else:
                return 'r'
        else:
            if picked2 <= 0.0:
                if y <= 2.0:
                    return 'u'
                else:
                    return 'r'
            else:
                if y <= 4.0:
                    return 'd'
                else:
                    return 'r'
else:
    if picked2 <= 0.0:
        if x <= 2.0:
            if y <= 2.0:
                if y <= 0.0:
                    return 'u'
                else:
                    return '__random__'
            else:
                if y <= 4.0:
                    return 'u'
                else:
                    return 'd'
        else:
            if x <= 3.0:
                if y <= 4.0:
                    return 'u'
                else:
                    return 'l'
            else:
                if y <= 3.0:
                    return 'l'
                else:
                    return 'd'
    else:
        if y <= 1.0:
            if x <= 3.0:
                if x <= 2.0:
                    return 'd'
                else:
                    return 'l'
            else:
                if y <= 0.0:
                    return 'u'
                else:
                    return 'r'
        else:
            if x <= 2.0:
                if y <= 3.0:
                    return 'r'
                else:
                    return 'd'
            else:
                if x <= 4.0:
                    return 'd'
                else:
                    return 'l'
Optimal decision tree (depth=5) value: -17.231960160956405
Writing result files...
