Solving...
Starting with fixed depth 3
Set parameter Username
Academic license - for non-commercial use only - expires 2025-09-20
Set parameter Threads to value 1
Set parameter TimeLimit to value 1200
Gurobi Optimizer version 10.0.0 build v10.0.0rc2 (linux64)

CPU model: AMD EPYC 9124 16-Core Processor, instruction set [SSE2|AVX|AVX2|AVX512]
Thread count: 32 physical cores, 64 logical processors, using up to 1 threads

Optimize a model with 10707 rows, 3546 columns and 57446 nonzeros
Model fingerprint: 0xdb92941e
Variable types: 990 continuous, 2556 integer (2556 binary)
Coefficient statistics:
  Matrix range     [1e-02, 1e+02]
  Objective range  [1e+00, 1e+00]
  Bounds range     [1e+00, 1e+02]
  RHS range        [1e+00, 3e+00]
Presolve removed 112 rows and 77 columns
Presolve time: 0.09s
Presolved: 10595 rows, 3469 columns, 56838 nonzeros
Variable types: 990 continuous, 2479 integer (2479 binary)

Root relaxation: objective -1.715948e+01, 2004 iterations, 0.10 seconds (0.22 work units)

    Nodes    |    Current Node    |     Objective Bounds      |     Work
 Expl Unexpl |  Obj  Depth IntInf | Incumbent    BestBd   Gap | It/Node Time

     0     0  -17.15948    0  348          -  -17.15948      -     -    0s
     0     0  -17.15948    0  628          -  -17.15948      -     -    0s
     0     0  -17.15948    0  628          -  -17.15948      -     -    0s
     0     0  -17.15948    0  669          -  -17.15948      -     -    0s
     0     0  -17.15948    0  669          -  -17.15948      -     -    0s
     0     0  -17.15948    0  583          -  -17.15948      -     -    1s
     0     0  -17.15948    0  583          -  -17.15948      -     -    1s
     0     0  -17.15948    0  445          -  -17.15948      -     -    1s
H    0     0                     -96.9170895  -17.15948  82.3%     -    1s
     0     0  -17.15948    0  437  -96.91709  -17.15948  82.3%     -    1s
     0     0  -17.15948    0  520  -96.91709  -17.15948  82.3%     -    1s
H    0     0                     -78.6491435  -17.15948  78.2%     -    1s
     0     0  -17.15948    0  438  -78.64914  -17.15948  78.2%     -    2s
     0     0  -17.15948    0  428  -78.64914  -17.15948  78.2%     -    2s
     0     0  -17.15948    0  428  -78.64914  -17.15948  78.2%     -    2s
     0     2  -17.15948    0  428  -78.64914  -17.15948  78.2%     -    3s
H   26    26                     -78.6491330  -17.15948  78.2%   238    3s
H   57    44                     -76.9926979  -17.15948  77.7%   210    4s
    91    71  -76.08558   27   82  -76.99270  -17.15948  77.7%   232    5s
H  106    78                     -76.6798152  -17.15948  77.6%   201    5s
H  130    99                     -72.0323646  -17.15948  76.2%   181    5s
H  219   169                     -71.6564999  -17.15948  76.1%   151    6s
H  286   217                     -71.6561126  -17.15948  76.1%   149    7s
H  315   226                     -64.2221540  -17.15948  73.3%   141    7s
H  328   238                     -60.3132345  -17.15948  71.5%   136    7s
H  338   242                     -60.2997455  -17.15948  71.5%   133    8s
H  364   258                     -58.9788115  -17.15948  70.9%   125    8s
H  494   345                     -58.6813841  -17.15948  70.8%   106    9s
   513   361  -17.15948    2  381  -58.68138  -17.15948  70.8%   105   10s
   525   369  -21.35420   18  373  -58.68138  -17.15948  70.8%   102   15s
   573   403  -17.19004   34  794  -58.68138  -17.15948  70.8%   163   20s
H  576   383                     -42.8084514  -17.15948  59.9%   164   20s
H  637   379                     -42.8084502  -17.15948  59.9%   164   22s
H  663   372                     -42.8084381  -17.15948  59.9%   163   23s
H  696   368                     -42.8084367  -17.15948  59.9%   159   24s
   721   379  -39.06852   38  294  -42.80844  -17.15948  59.9%   161   25s
H  742   364                     -42.8084086  -17.15948  59.9%   159   25s
H  852   371                     -42.6711828  -17.15948  59.8%   152   28s
   890   376  -39.46264   44  347  -42.67118  -17.15948  59.8%   152   30s
H  904   366                     -42.1142811  -17.15948  59.3%   151   30s
H  944   365                     -42.1142731  -17.15948  59.3%   152   31s
H  998   367                     -42.1142677  -17.15948  59.3%   150   33s
H 1009   356                     -42.1142411  -17.15948  59.3%   150   33s
H 1063   347                     -41.2330652  -17.15948  58.4%   143   34s
  1087   351  -23.36709   38  940  -41.23307  -17.15948  58.4%   143   35s
H 1089   318                     -38.4359661  -17.15948  55.4%   142   35s
H 1189   347                     -38.4359586  -17.15948  55.4%   141   38s
  1245   368  -27.18987   37  761  -38.43596  -17.15948  55.4%   140   40s
H 1248   369                     -38.4359586  -17.15948  55.4%   140   40s
H 1274   386                     -37.2690186  -17.15948  54.0%   140   41s
H 1298   395                     -37.2684262  -17.15948  54.0%   141   41s
* 1371   429              47     -35.3692662  -17.15948  51.5%   144   44s
H 1380   426                     -33.4650899  -17.15948  48.7%   143   44s
  1382   430  -19.73284   35  990  -33.46509  -17.15948  48.7%   144   45s
H 1406   442                     -33.4415544  -17.15948  48.7%   143   46s
H 1462   470                     -33.2909753  -17.15948  48.5%   141   48s
H 1464   472                     -33.2909752  -17.15948  48.5%   140   48s
H 1488   484                     -33.2909745  -17.15948  48.5%   140   48s
H 1491   485                     -33.2909685  -17.15948  48.5%   141   48s
H 1514   493                     -33.1733407  -17.15948  48.3%   141   49s
H 1542   501                     -33.1733407  -17.15948  48.3%   140   50s
H 1548   499                     -33.1733303  -17.15948  48.3%   140   50s
H 1575   507                     -33.1732623  -17.15948  48.3%   139   51s
* 1584   507              45     -32.5574877  -17.15948  47.3%   139   51s
H 1685   547                     -32.5574106  -17.15948  47.3%   140   54s
  1687   548     cutoff   42       -32.55741  -17.15948  47.3%   140   55s
  2091   733  -19.02270   37  587  -32.55741  -17.15948  47.3%   133   60s
  2270   795  -17.22869   27  595  -32.55741  -17.15948  47.3%   130   65s
H 2310   806                     -32.4007915  -17.15948  47.0%   130   65s
H 2531   896                     -32.4007915  -17.15948  47.0%   131   70s
  2727   963  -17.27141   35  728  -32.40079  -17.15948  47.0%   130   75s
H 2747   950                     -30.8588348  -17.15948  44.4%   130   76s
H 2830   974                     -30.4883022  -17.15948  43.7%   131   79s
  2858   988  -26.33689   42  769  -30.48830  -17.15948  43.7%   131   81s
H 2915  1011                     -30.4883017  -17.15948  43.7%   131   84s
  2916  1014  -18.13128   30  709  -30.48830  -17.15948  43.7%   131   85s
H 2941   992                     -28.6560978  -17.15948  40.1%   132   86s
H 3054   935                     -25.7826630  -17.15948  33.4%   132   89s
  3062   945  -17.85284   39  689  -25.78266  -17.15948  33.4%   132   90s
H 3104   952                     -25.6994887  -17.15948  33.2%   132   91s
  3274  1027     cutoff   28       -25.69949  -17.15948  33.2%   133   95s
  3441  1099  -19.48245   33  833  -25.69949  -17.15948  33.2%   133  100s
  3732  1238  -17.37906   38  599  -25.69949  -17.15948  33.2%   131  105s
H 3827  1212                     -24.9123550  -17.15948  31.1%   131  107s
  3941  1271  -24.88637   32  235  -24.91235  -17.15948  31.1%   131  110s
* 4118  1308              48     -24.6123502  -17.15948  30.3%   130  113s
H 4131  1312                     -24.5774733  -17.15948  30.2%   130  115s
H 4158  1327                     -24.5774053  -17.15948  30.2%   130  115s
H 4342  1354                     -22.6646210  -17.15948  24.3%   129  118s
  4477  1415  -17.15948   24  995  -22.66462  -17.15948  24.3%   131  120s
H 4508  1421                     -22.5317695  -17.15948  23.8%   131  120s
H 4617  1454                     -22.5141261  -17.15948  23.8%   130  121s
H 4711  1465                     -21.8890780  -17.15948  21.6%   129  123s
H 4775  1486                     -21.8890487  -17.15948  21.6%   129  125s
H 4857  1504                     -21.8889980  -17.15948  21.6%   129  128s
  4942  1523  -17.48192   39  915  -21.88900  -17.15948  21.6%   129  130s
  5359  1628     cutoff   37       -21.88900  -17.15948  21.6%   129  135s
H 5548  1671                     -21.7714390  -17.15948  21.2%   129  138s
  5640  1695  -19.93151   47  774  -21.77144  -17.15948  21.2%   129  140s
  5898  1734  -18.74553   41  747  -21.77144  -17.15948  21.2%   130  145s
  6058  1748  -17.73726   44  855  -21.77144  -17.15948  21.2%   131  150s
  6271  1781  -19.90547   41  863  -21.77144  -17.15948  21.2%   133  155s
H 6448  1761                     -20.8315639  -17.15948  17.6%   133  160s
H 6638  1756                     -19.9895875  -17.15948  14.2%   132  165s
  6857  1820  -18.98890   40  565  -19.98959  -17.15948  14.2%   132  170s
H 6901  1821                     -19.9895459  -17.15948  14.2%   132  171s
  7075  1868  -17.33409   34  907  -19.98955  -17.15948  14.2%   132  175s
  7276  1907 infeasible   43       -19.98955  -17.15948  14.2%   133  180s
  7407  1916  -17.15948   34  849  -19.98955  -17.15948  14.2%   134  185s
  7722  1998  -18.19844   36  733  -19.98955  -17.15948  14.2%   135  190s
  7902  2068  -18.27615   41  398  -19.98955  -17.15948  14.2%   136  199s
  7908  2068 infeasible   45       -19.98955  -17.15948  14.2%   136  200s
  8023  2088  -17.25185   31  729  -19.98955  -17.15948  14.2%   135  205s
  8230  2130  -17.33739   26  963  -19.98955  -17.15948  14.2%   136  210s
  8423  2182  -17.18658   31  916  -19.98955  -17.15948  14.2%   136  215s
  8609  2220  -17.32865   39  657  -19.98955  -17.15948  14.2%   137  220s
  8851  2279 infeasible   41       -19.98955  -17.15948  14.2%   137  225s
  8977  2312  -17.15948   29  644  -19.98955  -17.15948  14.2%   138  230s
  9306  2412     cutoff   41       -19.98955  -17.15948  14.2%   137  235s
  9497  2488  -18.51942   35  660  -19.98955  -17.15948  14.2%   136  240s
  9820  2591  -18.03402   39  851  -19.98955  -17.15948  14.2%   135  245s
 10113  2701  -17.81940   37 1065  -19.98955  -17.15948  14.2%   135  250s
 10202  2709     cutoff   37       -19.98955  -17.15948  14.2%   135  278s
 10289  2715  -17.15948   34  349  -19.98955  -17.15948  14.2%   135  280s
 10635  2816  -19.04520   37  277  -19.98955  -17.15948  14.2%   135  286s
 10911  2865  -19.89132   39  837  -19.98955  -17.15948  14.2%   135  290s
 11189  2944  -17.21324   35  754  -19.98955  -17.15948  14.2%   135  297s
 11266  2969  -17.19343   33  306  -19.98955  -17.15948  14.2%   135  300s
 11641  3050  -17.15982   31  864  -19.98955  -17.15948  14.2%   134  305s
 12240  3246  -17.31416   34  602  -19.98955  -17.15948  14.2%   132  310s
 12478  3323  -17.15982   30  564  -19.98955  -17.15948  14.2%   132  315s
 12975  3494  -17.16141   33  524  -19.98955  -17.15948  14.2%   130  320s
 13139  3513     cutoff   42       -19.98955  -17.15948  14.2%   130  325s
 13704  3674     cutoff   37       -19.98955  -17.15948  14.2%   128  330s
 14260  3804  -17.17997   34  626  -19.98955  -17.15948  14.2%   127  335s
 14674  3944  -18.37286   40  371  -19.98955  -17.15948  14.2%   126  340s
 14968  4030  -17.58853   37  455  -19.98955  -17.15948  14.2%   126  345s
 15377  4164  -18.34432   37  675  -19.98955  -17.15948  14.2%   126  350s
 15508  4195  -18.50829   39  522  -19.98955  -17.15948  14.2%   125  355s
 15787  4297  -18.33989   41  401  -19.98955  -17.15948  14.2%   125  361s
 16095  4392  -17.16471   41  573  -19.98955  -17.15948  14.2%   125  365s
 16615  4581  -18.82619   38  528  -19.98955  -17.15948  14.2%   124  370s
 17132  4755  -17.49043   37  771  -19.98955  -17.15948  14.2%   124  375s
 17328  4803  -17.19768   28  507  -19.98955  -17.15948  14.2%   124  380s
 17835  4981  -19.17423   42  686  -19.98955  -17.15948  14.2%   123  385s
 18330  5079  -17.16259   33  851  -19.98955  -17.15948  14.2%   123  390s
 18722  5192  -17.57275   36 1010  -19.98955  -17.15948  14.2%   123  397s
 18820  5222  -17.18391   34  770  -19.98955  -17.15948  14.2%   123  400s
 19260  5344  -17.55159   36  574  -19.98955  -17.15948  14.2%   123  405s
 19370  5380  -18.14654   43  800  -19.98955  -17.15948  14.2%   123  410s
 19841  5517  -18.74579   39  910  -19.98955  -17.15948  14.2%   123  415s
 20382  5658  -17.90634   45  789  -19.98955  -17.15948  14.2%   122  421s
 20763  5726  -17.15948   39  953  -19.98955  -17.15948  14.2%   121  425s
 21208  5820  -17.45718   38  662  -19.98955  -17.15948  14.2%   122  430s
 21396  5871  -17.19188   38  421  -19.98955  -17.15948  14.2%   122  435s
 21762  5944  -17.15948   37  751  -19.98955  -17.15948  14.2%   122  440s
 22229  6039  -17.68047   35  719  -19.98955  -17.15948  14.2%   121  445s
 22415  6091  -18.11750   46  691  -19.98955  -17.15948  14.2%   121  450s
 22875  6210  -17.15948   41  540  -19.98955  -17.15948  14.2%   120  455s
 23235  6293  -17.16090   30  724  -19.98955  -17.15948  14.2%   121  462s
 23404  6332  -17.64486   39  921  -19.98955  -17.15948  14.2%   121  465s
 23655  6376     cutoff   40       -19.98955  -17.15948  14.2%   121  470s
 24149  6514  -17.15948   27  773  -19.98955  -17.15948  14.2%   120  478s
 24259  6540     cutoff   34       -19.98955  -17.15948  14.2%   120  480s
 24625  6658  -17.27786   33  766  -19.98955  -17.15948  14.2%   120  485s
 25017  6733  -17.15948   35  631  -19.98955  -17.15948  14.2%   121  490s
 25306  6799  -17.15948   31 1072  -19.98955  -17.15948  14.2%   121  495s
 25621  6894  -17.16465   26  655  -19.98955  -17.15948  14.2%   121  500s
 25838  6936  -17.15948   32  843  -19.98955  -17.15948  14.2%   122  505s
 26081  6992  -19.80300   34  681  -19.98955  -17.15948  14.2%   122  510s
 26305  7061  -17.15952   37  587  -19.98955  -17.15948  14.2%   122  515s
 26468  7096     cutoff   34       -19.98955  -17.15948  14.2%   123  520s
 26725  7144  -17.16828   32  737  -19.98955  -17.15948  14.2%   123  525s
 27080  7234     cutoff   38       -19.98955  -17.15948  14.2%   124  530s
 27227  7273  -17.15948   34  653  -19.98955  -17.15948  14.2%   124  535s
 27479  7334  -17.37353   39  517  -19.98955  -17.15948  14.2%   124  540s
 27762  7434     cutoff   31       -19.98955  -17.15948  14.2%   124  545s
 27983  7488  -17.17424   34  731  -19.98955  -17.15948  14.2%   125  550s
 28406  7603 infeasible   46       -19.98955  -17.15948  14.2%   125  555s
 28638  7664     cutoff   34       -19.98955  -17.15948  14.2%   125  560s
 28948  7775  -17.52688   37  514  -19.98955  -17.15948  14.2%   125  565s
 29171  7867  -19.11073   44  810  -19.98955  -17.15948  14.2%   125  572s
 29296  7901     cutoff   39       -19.98955  -17.15948  14.2%   125  575s
 29541  7940  -18.62963   36  546  -19.98955  -17.15948  14.2%   126  580s
 30061  8119  -17.15948   34  559  -19.98955  -17.15948  14.2%   125  585s
 30415  8211 infeasible   40       -19.98955  -17.15948  14.2%   126  590s
 30833  8366     cutoff   45       -19.98955  -17.15948  14.2%   126  595s
 31120  8488  -17.15948   24  959  -19.98955  -17.15948  14.2%   126  600s
 31381  8571  -17.15948   29  854  -19.98955  -17.15948  14.2%   126  605s
 31571  8635  -17.29834   30  636  -19.98955  -17.15948  14.2%   126  610s
 31954  8727  -18.24271   42  957  -19.98955  -17.15948  14.2%   126  615s
 32233  8828  -17.16465   31  773  -19.98955  -17.15948  14.2%   126  621s
 32435  8903  -18.13134   35  776  -19.98955  -17.15948  14.2%   126  625s
 32688  8957  -17.52624   37  668  -19.98955  -17.15948  14.2%   127  630s
 32977  9032  -17.15948   29  817  -19.98955  -17.15948  14.2%   127  635s
 33232  9106  -18.12206   38  914  -19.98955  -17.15948  14.2%   127  640s
 33507  9164  -17.16023   34  624  -19.98955  -17.15948  14.2%   127  645s
 33697  9210  -17.15952   36  928  -19.98955  -17.15948  14.2%   127  650s
 33874  9226  -19.79741   39  977  -19.98955  -17.15948  14.2%   128  658s
 33912  9231  -19.14244   33  689  -19.98955  -17.15948  14.2%   128  660s
 34228  9288  -17.17122   37  761  -19.98955  -17.15948  14.2%   128  665s
 34387  9314  -17.15948   37  907  -19.98955  -17.15948  14.2%   128  670s
 34634  9335  -19.51739   39  588  -19.98955  -17.15948  14.2%   128  675s
 34993  9405  -17.15948   26 1017  -19.98955  -17.15948  14.2%   128  680s
 35174  9484  -18.39458   46  571  -19.98955  -17.15948  14.2%   128  688s
 35264  9519  -17.46008   31  774  -19.98955  -17.15948  14.2%   128  690s
 35656  9682  -19.19344   39  536  -19.98955  -17.15948  14.2%   128  695s
 36038  9784     cutoff   35       -19.98955  -17.15948  14.2%   128  700s
 36565  9907  -17.27017   33  551  -19.98955  -17.15948  14.2%   127  705s
 36983 10056  -19.07845   38  566  -19.98955  -17.15948  14.2%   127  712s
 37074 10079  -17.16043   40  637  -19.98955  -17.15948  14.2%   127  715s
 37443 10189  -17.27786   31  988  -19.98955  -17.15948  14.2%   127  720s
 37841 10301  -17.86944   35  659  -19.98955  -17.15948  14.2%   126  725s
 38309 10435  -18.93719   38  985  -19.98955  -17.15948  14.2%   126  730s
H38498 10473                     -19.9895353  -17.15948  14.2%   126  735s
 38667 10506  -19.11071   38  809  -19.98954  -17.15948  14.2%   127  740s
 38923 10547  -19.82924   37  622  -19.98954  -17.15948  14.2%   127  745s
 39222 10583  -17.15948   34  814  -19.98954  -17.15948  14.2%   127  750s
 39329 10614  -19.23999   38  649  -19.98954  -17.15948  14.2%   127  755s
H39360 10619                     -19.9895027  -17.15948  14.2%   127  755s
 39600 10682  -17.16420   34 1014  -19.98950  -17.15948  14.2%   128  761s
 39806 10737     cutoff   32       -19.98950  -17.15948  14.2%   128  765s
 40339 10928     cutoff   42       -19.98950  -17.15948  14.2%   127  770s
H40360 10929                     -19.9895026  -17.15948  14.2%   127  776s
 40449 10947  -19.27586   37  588  -19.98950  -17.15948  14.2%   127  780s
 40728 11004  -18.02445   37  902  -19.98950  -17.15948  14.2%   128  785s
 41036 11053  -17.44394   38  760  -19.98950  -17.15948  14.2%   128  790s
 41204 11116  -17.22867   36  969  -19.98950  -17.15948  14.2%   128  795s
 41423 11176  -17.15948   34  931  -19.98950  -17.15948  14.2%   128  800s
 41494 11210  -17.16021   34  839  -19.98950  -17.15948  14.2%   128  805s
 41714 11275  -17.16484   43  893  -19.98950  -17.15948  14.2%   128  810s
 41941 11337     cutoff   48       -19.98950  -17.15948  14.2%   129  815s
 42216 11384 infeasible   45       -19.98950  -17.15948  14.2%   129  820s
 42460 11419  -17.15948   39  832  -19.98950  -17.15948  14.2%   129  825s
 42595 11430  -19.20617   42  631  -19.98950  -17.15948  14.2%   129  830s
 42711 11452  -17.34031   40 1021  -19.98950  -17.15948  14.2%   129  835s
 42929 11500     cutoff   47       -19.98950  -17.15948  14.2%   130  840s
 43213 11548  -19.18226   42  691  -19.98950  -17.15948  14.2%   130  845s
 43306 11582  -17.15948   28  901  -19.98950  -17.15948  14.2%   130  850s
 43497 11634  -17.45864   36  912  -19.98950  -17.15948  14.2%   130  855s
 43772 11680  -17.23427   37  524  -19.98950  -17.15948  14.2%   130  860s
 43977 11733  -17.15948   35  732  -19.98950  -17.15948  14.2%   130  865s
 44162 11754  -17.48959   39  546  -19.98950  -17.15948  14.2%   131  873s
 44223 11761     cutoff   40       -19.98950  -17.15948  14.2%   131  875s
 44325 11773  -19.04134   42  338  -19.98950  -17.15948  14.2%   131  880s
 44562 11800     cutoff   34       -19.98950  -17.15948  14.2%   132  885s
 44798 11830  -17.20674   35  951  -19.98950  -17.15948  14.2%   132  890s
 45044 11897  -17.50599   47  714  -19.98950  -17.15948  14.2%   132  895s
 45412 11975  -17.42632   43  963  -19.98950  -17.15948  14.2%   132  900s
 45733 12026  -17.18848   40  606  -19.98950  -17.15948  14.2%   132  905s
 46003 12083 infeasible   47       -19.98950  -17.15948  14.2%   132  910s
 46446 12256  -17.15948   39  933  -19.98950  -17.15948  14.2%   132  915s
 46817 12311  -17.15948   44  731  -19.98950  -17.15948  14.2%   132  920s
 47286 12437  -17.15948   27  774  -19.98950  -17.15948  14.2%   132  926s
 47495 12510  -17.77643   31  925  -19.98950  -17.15948  14.2%   132  930s
 47982 12678  -17.15948   31  698  -19.98950  -17.15948  14.2%   131  935s
 48456 12792  -17.91632   44  880  -19.98950  -17.15948  14.2%   131  940s
 48673 12871 infeasible   45       -19.98950  -17.15948  14.2%   131  945s
 48879 12915  -18.22958   39  953  -19.98950  -17.15948  14.2%   131  950s
 49278 13004  -17.84617   39  670  -19.98950  -17.15948  14.2%   131  955s
 49538 13087  -17.19011   36  775  -19.98950  -17.15948  14.2%   131  960s
 50038 13250 infeasible   38       -19.98950  -17.15948  14.2%   131  965s
 50375 13332  -18.78225   41  584  -19.98950  -17.15948  14.2%   131  970s
 50767 13407  -17.19315   35  723  -19.98950  -17.15948  14.2%   131  975s
 50932 13428  -17.15948   27  690  -19.98950  -17.15948  14.2%   131  980s
 51231 13532  -17.15948   38  576  -19.98950  -17.15948  14.2%   131  985s
 51520 13595  -17.19768   33  679  -19.98950  -17.15948  14.2%   131  990s
 51706 13634  -17.15948   28  701  -19.98950  -17.15948  14.2%   131  995s
 51881 13683  -17.18127   32  753  -19.98950  -17.15948  14.2%   131 1000s
 52062 13750  -19.39815   39  987  -19.98950  -17.15948  14.2%   131 1005s
 52398 13882  -19.24658   42  839  -19.98950  -17.15948  14.2%   132 1010s
 52721 13951  -17.62549   34  605  -19.98950  -17.15948  14.2%   132 1016s
 53048 14046     cutoff   42       -19.98950  -17.15948  14.2%   131 1020s
 53598 14216  -18.75885   38  697  -19.98950  -17.15948  14.2%   131 1025s
 53860 14282  -19.24911   41  821  -19.98950  -17.15948  14.2%   131 1030s
 54169 14357  -17.19264   33  744  -19.98950  -17.15948  14.2%   131 1035s
 54556 14454  -17.44260   38  525  -19.98950  -17.15948  14.2%   131 1040s
 55005 14552  -17.15948   28  810  -19.98950  -17.15948  14.2%   131 1045s
 55346 14679  -18.81127   35  861  -19.98950  -17.15948  14.2%   131 1050s
 55606 14747  -17.15948   33  476  -19.98950  -17.15948  14.2%   131 1055s
 55858 14821  -17.27203   34  735  -19.98950  -17.15948  14.2%   131 1060s
 56108 14869  -18.93752   30  600  -19.98950  -17.15948  14.2%   131 1065s
 56273 14909  -19.93993   41  671  -19.98950  -17.15948  14.2%   132 1070s
 56584 14992  -17.85116   45  621  -19.98950  -17.15948  14.2%   132 1076s
 56796 15040  -17.15948   29  713  -19.98950  -17.15948  14.2%   132 1080s
 57081 15094  -19.76734   50  677  -19.98950  -17.15948  14.2%   132 1085s
 57773 15307  -17.15948   26  808  -19.98950  -17.15948  14.2%   131 1090s
 58095 15402  -17.68211   33  598  -19.98950  -17.15948  14.2%   131 1095s
 58393 15477  -18.38609   44  499  -19.98950  -17.15948  14.2%   131 1100s
 58647 15522  -18.74239   36  801  -19.98950  -17.15948  14.2%   131 1105s
 58769 15564  -17.38428   35  472  -19.98950  -17.15948  14.2%   131 1110s
 59117 15675     cutoff   33       -19.98950  -17.15948  14.2%   132 1115s
 59332 15736     cutoff   44       -19.98950  -17.15948  14.2%   131 1120s
 59796 15847     cutoff   38       -19.98950  -17.15948  14.2%   131 1125s
 60124 15936  -19.73967   42  418  -19.98950  -17.15948  14.2%   132 1130s
 60349 16006     cutoff   46       -19.98950  -17.15948  14.2%   132 1135s
 60583 16063  -17.16087   43  607  -19.98950  -17.15948  14.2%   132 1140s
 60861 16120  -17.20654   32  915  -19.98950  -17.15948  14.2%   132 1146s
 61038 16151     cutoff   38       -19.98950  -17.15948  14.2%   132 1150s
 61268 16191  -17.22182   33  863  -19.98950  -17.15948  14.2%   132 1155s
 61724 16315  -19.40362   34  868  -19.98950  -17.15948  14.2%   132 1160s
 62243 16487  -18.90593   37  769  -19.98950  -17.15948  14.2%   131 1165s
 62469 16558  -17.40404   41  761  -19.98950  -17.15948  14.2%   131 1170s
 62750 16632  -17.15951   28  949  -19.98950  -17.15948  14.2%   131 1175s
 63228 16736  -17.15948   27  726  -19.98950  -17.15948  14.2%   131 1180s
 63530 16850  -17.66291   37  631  -19.98950  -17.15948  14.2%   131 1185s
 63766 16877  -17.24058   36  926  -19.98950  -17.15948  14.2%   132 1190s
 64068 16950     cutoff   31       -19.98950  -17.15948  14.2%   132 1195s
 64337 17018  -17.22656   34  918  -19.98950  -17.15948  14.2%   132 1200s

Cutting planes:
  Lift-and-project: 11
  Implied bound: 4
  MIR: 6
  Flow cover: 9
  Zero half: 2

Explored 64338 nodes (8479108 simplex iterations) in 1200.01 seconds (1925.15 work units)
Thread count was 1 (of 64 available processors)

Solution count 10: -19.9895 -20.8316 -21.7714 ... -24.5774

Time limit reached
Best objective -1.998950210113e+01, best bound -1.715948305666e+01, gap 14.1575%
Tree policy:
if x <= 2.0:
    if y <= 4.0:
        if picked2 <= 0.0:
            return 'u'
        else:
            return 'r'
    else:
        if x <= 1.0:
            return 'r'
        else:
            return 'd'
else:
    if y <= 1.0:
        if y <= 0.0:
            return 'u'
        else:
            return 'r'
    else:
        if picked2 <= 0.0:
            return 'l'
        else:
            return 'd'
Optimal decision tree (depth=3) value: -19.989502101132487
Writing result files...
