Solving...
Starting with fixed depth 6
Set parameter Username
Academic license - for non-commercial use only - expires 2025-09-20
Set parameter Threads to value 1
Set parameter TimeLimit to value 1200
Gurobi Optimizer version 10.0.0 build v10.0.0rc2 (linux64)

CPU model: AMD EPYC 9124 16-Core Processor, instruction set [SSE2|AVX|AVX2|AVX512]
Thread count: 32 physical cores, 64 logical processors, using up to 1 threads

Optimize a model with 77347 rows, 16034 columns and 616734 nonzeros
Model fingerprint: 0x69a4ec61
Variable types: 990 continuous, 15044 integer (15044 binary)
Coefficient statistics:
  Matrix range     [1e-02, 1e+02]
  Objective range  [1e+00, 1e+00]
  Bounds range     [1e+00, 1e+02]
  RHS range        [1e+00, 6e+00]
Presolve removed 1008 rows and 693 columns
Presolve time: 0.95s
Presolved: 76339 rows, 15341 columns, 609838 nonzeros
Variable types: 990 continuous, 14351 integer (14351 binary)
Found heuristic solution: objective -99.9100581
Root relaxation presolved: 15341 rows, 91680 columns, 625179 nonzeros


Root relaxation: objective -1.715949e+01, 13096 iterations, 0.36 seconds (0.98 work units)

    Nodes    |    Current Node    |     Objective Bounds      |     Work
 Expl Unexpl |  Obj  Depth IntInf | Incumbent    BestBd   Gap | It/Node Time

     0     0  -17.15949    0  615  -99.91006  -17.15949  82.8%     -    2s
H    0     0                     -99.9100564  -17.15949  82.8%     -    2s
     0     0  -17.15949    0  679  -99.91006  -17.15949  82.8%     -    2s
H    0     0                     -99.9099752  -17.15949  82.8%     -    3s
     0     0  -17.15949    0  766  -99.90998  -17.15949  82.8%     -    3s
     0     0  -17.15949    0  677  -99.90998  -17.15949  82.8%     -    5s
H    0     0                     -76.1126871  -17.15949  77.5%     -    5s
     0     0  -17.15949    0  566  -76.11269  -17.15949  77.5%     -    7s
H    0     0                     -75.7009832  -17.15949  77.3%     -    7s
     0     0  -17.15949    0  566  -75.70098  -17.15949  77.3%     -    7s
     0     0  -17.15949    0  414  -75.70098  -17.15949  77.3%     -   10s
     0     0  -17.15949    0  412  -75.70098  -17.15949  77.3%     -   10s
     0     0  -17.15949    0  327  -75.70098  -17.15949  77.3%     -   13s
H    0     0                     -73.6148840  -17.15949  76.7%     -   13s
     0     0  -17.15949    0  332  -73.61488  -17.15949  76.7%     -   13s
     0     0  -17.15949    0  459  -73.61488  -17.15949  76.7%     -   15s
     0     0  -17.15949    0  547  -73.61488  -17.15949  76.7%     -   16s
     0     0  -17.15949    0  488  -73.61488  -17.15949  76.7%     -   20s
H    0     0                     -72.8880380  -17.15949  76.5%     -   20s
     0     0  -17.15949    0  558  -72.88804  -17.15949  76.5%     -   21s
     0     0  -17.15949    0  335  -72.88804  -17.15949  76.5%     -   24s
     0     0  -17.15949    0  335  -72.88804  -17.15949  76.5%     -   26s
H    0     0                     -70.8714462  -17.15949  75.8%     -   28s
H    0     0                     -70.4505987  -17.15949  75.6%     -   31s
     0     2  -17.15949    0  335  -70.45060  -17.15949  75.6%     -   32s
     3     5  -17.15949    2 1114  -70.45060  -17.15949  75.6%   931   35s
    26    28  -17.15949   16  774  -70.45060  -17.15949  75.6%   288   40s
    47    47  -65.69609   32  756  -70.45060  -17.15949  75.6%   253   45s
H   52    50                     -70.4505987  -17.15949  75.6%   230   45s
H  108    93                     -69.3675194  -17.15949  75.3%   130   49s
   110    95  -69.34851   72   80  -69.36752  -17.15949  75.3%   128   50s
*  117    94              79     -69.3675014  -17.15949  75.3%   121   50s
   161   127  -25.10226   31 1196  -69.36750  -17.15949  75.3%   105   55s
   236   191  -17.49820   46 1704  -69.36750  -17.15949  75.3%  86.0   60s
   270   213  -32.80179   70  678  -69.36750  -17.15949  75.3%  90.9   65s
   327   246  -19.03343   26 1140  -69.36750  -17.15949  75.3%  84.6   70s
   390   309  -19.03343   52 1884  -69.36750  -17.15949  75.3%  78.7   75s
H  393   299                     -68.4189303  -17.15949  74.9%  78.1   75s
   434   335  -47.34088   70 1710  -68.41893  -17.15949  74.9%  78.9   80s
H  450   339                     -68.4003801  -17.15949  74.9%  77.5   81s
H  461   305                     -64.9202661  -17.15949  73.6%  76.9   82s
H  476   319                     -64.8926114  -17.15949  73.6%  75.3   83s
H  488   331                     -64.6903288  -17.15949  73.5%  74.1   84s
   490   335  -22.44478   41  802  -64.69033  -17.15949  73.5%  74.0   85s
   511   355  -25.80138   61  335  -64.69033  -17.15949  73.5%  72.8   90s
   513   356  -32.80243   66  323  -64.69033  -17.15949  73.5%  72.5   95s
H  513   338                     -56.4586353  -17.15949  69.6%  72.5   99s
H  513   321                     -51.7484584  -17.15949  66.8%  72.5   99s
H  514   306                     -51.7293490  -17.15949  66.8%  72.4  103s
   517   308  -19.03343   58  317  -51.72935  -17.15949  66.8%  71.9  108s
   519   309  -19.03343   57  288  -51.72935  -17.15949  66.8%  71.7  111s
   521   311  -17.15949    6  428  -51.72935  -17.15949  66.8%  71.4  118s
   523   312  -18.21435   61  343  -51.72935  -17.15949  66.8%  71.1  122s
   525   313  -19.03343   58  258  -51.72935  -17.15949  66.8%  70.8  128s
H  526   298                     -48.5530482  -17.15949  64.7%  70.7  132s
   529   300  -19.03343   28 1151  -48.55305  -17.15949  64.7%  70.3  135s
   532   302  -17.16191   13  313  -48.55305  -17.15949  64.7%  69.9  144s
H  532   286                     -48.5249419  -17.15949  64.6%  69.9  146s
H  533   272                     -43.9764463  -17.15949  61.0%   193  149s
H  533   258                     -43.9762134  -17.15949  61.0%   193  149s
   534   260  -17.15949   15 1689  -43.97621  -17.15949  61.0%   197  150s
   552   272  -17.15949   24  606  -43.97621  -17.15949  61.0%   201  157s
   553   273  -17.15949   24  415  -43.97621  -17.15949  61.0%   209  160s
   564   280  -17.15949   30  922  -43.97621  -17.15949  61.0%   206  166s
   589   297  -17.15949   42 1453  -43.97621  -17.15949  61.0%   199  170s
   641   330  -17.16037   68 1035  -43.97621  -17.15949  61.0%   188  175s
   675   348  -17.54905   86  951  -43.97621  -17.15949  61.0%   184  180s
   712   368  -19.90518  104  665  -43.97621  -17.15949  61.0%   177  185s
   741   387  -26.26876  119  464  -43.97621  -17.15949  61.0%   171  190s
*  770   380             136     -37.3624361  -17.15949  54.1%   165  193s
*  773   359             138     -32.6905102  -17.15949  47.5%   165  193s
H  793   351                     -30.3264370  -17.15949  43.4%   161  195s
H  804   347                     -30.3263796  -17.15949  43.4%   159  196s
H  831   354                     -30.3263480  -17.15949  43.4%   155  199s
   833   358  -17.16516   44 1252  -30.32635  -17.15949  43.4%   154  200s
   871   383  -17.15949   63 1897  -30.32635  -17.15949  43.4%   149  205s
   907   407  -17.15949   81 2043  -30.32635  -17.15949  43.4%   145  210s
   935   425  -17.16676   95 1608  -30.32635  -17.15949  43.4%   142  215s
H  949   408                     -25.1301175  -17.15949  31.7%   140  217s
   969   423  -18.49187  112 1930  -25.13012  -17.15949  31.7%   138  220s
   989   430  -22.21479  122 1613  -25.13012  -17.15949  31.7%   137  225s
H 1001   416                     -24.6504683  -17.15949  30.4%   135  227s
  1016   420  -17.15949   24 1471  -24.65047  -17.15949  30.4%   138  231s
  1034   432  -17.15949   33 1509  -24.65047  -17.15949  30.4%   140  235s
H 1053   438                     -24.3960783  -17.15949  29.7%   139  237s
  1057   444  -17.15949   44 1534  -24.39608  -17.15949  29.7%   143  240s
  1079   466  -17.15949   55  926  -24.39608  -17.15949  29.7%   146  245s
  1104   491  -17.15949   68 1247  -24.39608  -17.15949  29.7%   148  250s
H 1105   490                     -22.9284993  -17.15949  25.2%   148  250s
  1137   524  -17.15949   84 1233  -22.92850  -17.15949  25.2%   150  255s
H 1157   542                     -22.9284121  -17.15949  25.2%   149  257s
H 1182   566                     -22.9176576  -17.15949  25.1%   146  259s
  1188   572  -17.81047  110 1698  -22.91766  -17.15949  25.1%   145  260s
H 1209   575                     -22.9154925  -17.15949  25.1%   143  261s
H 1235   601                     -22.8844270  -17.15949  25.0%   141  264s
H 1236   602                     -22.8841902  -17.15949  25.0%   141  264s
  1236   604  -17.17006   52 1689  -22.88419  -17.15949  25.0%   141  265s
H 1261   627                     -22.8840837  -17.15949  25.0%   139  269s
  1264   632  -17.17727   70 1363  -22.88408  -17.15949  25.0%   139  270s
  1306   673  -17.17727   93 2061  -22.88408  -17.15949  25.0%   135  275s
  1353   720  -17.17727  112 2136  -22.88408  -17.15949  25.0%   132  280s
H 1391   756                     -22.8830627  -17.15949  25.0%   129  284s
  1410   777  -17.47780  128 1736  -22.88306  -17.15949  25.0%   128  285s
  1495   858  -17.78809  174 1577  -22.88306  -17.15949  25.0%   122  290s
H 1560   895                     -22.8158126  -17.15949  24.8%   117  295s
  1589   926  -17.18017   56 1274  -22.81581  -17.15949  24.8%   116  300s
  1627   964  -17.18017   76 1335  -22.81581  -17.15949  24.8%   114  305s
  1668  1005  -17.18017   92 1932  -22.81581  -17.15949  24.8%   113  310s
  1722  1046  -17.16772   39 1349  -22.81581  -17.15949  24.8%   110  315s
  1776  1100  -17.16772   65 1660  -22.81581  -17.15949  24.8%   108  320s
  1830  1138  -17.16378   34 1527  -22.81581  -17.15949  24.8%   106  327s
  1857  1165  -17.16378   61 1843  -22.81581  -17.15949  24.8%   105  330s
H 1884  1190                     -22.8141318  -17.15949  24.8%   104  333s
H 1888  1194                     -22.8024199  -17.15949  24.7%   103  334s
  1897  1205  -17.16378  101 1773  -22.80242  -17.15949  24.7%   103  335s
  1938  1245  -17.40573  142 1590  -22.80242  -17.15949  24.7%   102  340s
H 1940  1245                     -22.7996028  -17.15949  24.7%   102  342s
H 1965  1269                     -22.7995999  -17.15949  24.7%   101  344s
  1966  1272  -18.19705  170 1459  -22.79960  -17.15949  24.7%   101  345s
H 1992  1282                     -22.7920647  -17.15949  24.7%   100  347s
H 2018  1308                     -22.7317187  -17.15949  24.5%  98.9  350s
H 2044  1334                     -22.7300357  -17.15949  24.5%  98.1  352s
H 2070  1360                     -22.7183986  -17.15949  24.5%  97.3  354s
  2095  1381  -18.00035  132 2958  -22.71840  -17.15949  24.5%  96.5  355s
H 2098  1378                     -22.7072388  -17.15949  24.4%  96.4  356s
H 2124  1404                     -22.7069056  -17.15949  24.4%  95.6  358s
  2150  1432  -17.26280   77 1832  -22.70691  -17.15949  24.4%  94.8  360s
H 2206  1474                     -22.6811720  -17.15949  24.3%  93.0  362s
  2258  1528  -17.19131  106 2880  -22.68117  -17.15949  24.3%  91.3  365s
H 2310  1556                     -22.6180711  -17.15949  24.1%  89.9  369s
  2317  1565  -18.67317  147 2378  -22.61807  -17.15949  24.1%  89.7  370s
H 2362  1601                     -22.6115787  -17.15949  24.1%  88.2  373s
H 2371  1605                     -22.6115723  -17.15949  24.1%  88.0  373s
  2388  1605  -21.67802  192 1351  -22.61157  -17.15949  24.1%  87.7  375s
H 2398  1611                     -22.6072090  -17.15949  24.1%  87.4  376s
H 2414  1627                     -22.5937104  -17.15949  24.1%  87.1  377s
H 2425  1638                     -22.5766978  -17.15949  24.0%  86.8  379s
H 2440  1653                     -22.5739871  -17.15949  24.0%  86.3  380s
H 2466  1679                     -22.5730063  -17.15949  24.0%  85.7  383s
  2492  1707  -19.13757  100 1703  -22.57301  -17.15949  24.0%  85.4  385s
H 2518  1728                     -22.5497713  -17.15949  23.9%  84.8  389s
  2522  1733  -19.71676  110 1601  -22.54977  -17.15949  23.9%  84.8  390s
H 2570  1769                     -22.5491919  -17.15949  23.9%  84.0  395s
H 2587  1780                     -22.5280355  -17.15949  23.8%  83.5  396s
H 2597  1784                     -22.5201980  -17.15949  23.8%  83.2  398s
H 2617  1787                     -22.5201035  -17.15949  23.8%  83.0  399s
  2623  1795  -17.16192   36 1482  -22.52010  -17.15949  23.8%  82.9  400s
H 2644  1814                     -22.5176343  -17.15949  23.8%  82.5  404s
  2649  1821  -17.16192   62 2759  -22.51763  -17.15949  23.8%  82.5  405s
H 2671  1841                     -22.5176335  -17.15949  23.8%  81.9  408s
  2692  1864  -17.21884  105 2398  -22.51763  -17.15949  23.8%  81.6  410s
H 2701  1868                     -22.4005605  -17.15949  23.4%  81.4  411s
H 2727  1888                     -21.8228224  -17.15949  21.4%  80.8  413s
H 2753  1904                     -21.8180854  -17.15949  21.4%  80.1  415s
H 2805  1956                     -21.8180849  -17.15949  21.4%  79.1  418s
H 2831  1982                     -21.8177778  -17.15949  21.4%  78.7  420s
H 2833  1984                     -21.8177758  -17.15949  21.4%  78.6  421s
H 2857  2008                     -21.8177753  -17.15949  21.4%  78.2  422s
H 2860  1994                     -20.0747887  -17.15949  14.5%  78.1  424s
H 2883  1890                     -19.5383932  -17.15949  12.2%  77.6  425s
H 2887  1894                     -19.5329945  -17.15949  12.2%  77.5  427s
H 2909  1916                     -19.5308017  -17.15949  12.1%  77.1  428s
  2914  1923  -17.15949  105 2138  -19.53080  -17.15949  12.1%  77.1  430s
H 2935  1942                     -19.5194621  -17.15949  12.1%  76.7  432s
  2951  1958  -17.15949  114 2109  -19.51946  -17.15949  12.1%  76.5  435s
  2987  1987  -17.32318  121 2287  -19.51946  -17.15949  12.1%  76.6  440s
  3023  2003  -17.48737  132 2123  -19.51946  -17.15949  12.1%  76.5  445s
  3081  2060  -17.85784  154 1878  -19.51946  -17.15949  12.1%  75.3  450s
  3143  2115  -19.21111  177  958  -19.51946  -17.15949  12.1%  75.0  455s
  3212  2165  -19.31645  187  906  -19.51946  -17.15949  12.1%  73.7  460s
H 3247  2183                     -19.4610442  -17.15949  11.8%  73.1  464s
  3249  2187  -17.16516   54 2201  -19.46104  -17.15949  11.8%  73.0  465s
H 3266  2202                     -19.4553674  -17.15949  11.8%  72.8  468s
H 3273  2209                     -19.4521573  -17.15949  11.8%  72.6  469s
  3287  2225  -17.19948   92 1999  -19.45216  -17.15949  11.8%  72.4  470s
H 3293  2229                     -19.4435923  -17.15949  11.7%  72.3  472s
H 3320  2243                     -19.4435916  -17.15949  11.7%  71.9  478s
H 3327  2250                     -19.4412002  -17.15949  11.7%  71.8  480s
H 3353  2276                     -19.4411019  -17.15949  11.7%  71.5  485s
H 3374  2297                     -19.4391579  -17.15949  11.7%  71.3  486s
H 3405  2328                     -19.4357644  -17.15949  11.7%  70.8  491s
H 3428  2348                     -19.4357643  -17.15949  11.7%  70.6  492s
  3455  2370  -17.16192   53 1745  -19.43576  -17.15949  11.7%  70.3  495s
H 3460  2373                     -19.4357634  -17.15949  11.7%  70.2  496s
H 3509  2422                     -19.4357132  -17.15949  11.7%  69.6  500s
H 3510  2423                     -19.4357128  -17.15949  11.7%  69.6  502s
H 3536  2448                     -19.4357125  -17.15949  11.7%  69.4  503s
  3565  2479  -17.64843  163 1763  -19.43571  -17.15949  11.7%  68.9  505s
H 3617  2521                     -19.4356538  -17.15949  11.7%  68.3  509s
  3634  2522  -17.15949   35 1288  -19.43565  -17.15949  11.7%  68.1  510s
  3738  2624 infeasible  139       -19.43565  -17.15949  11.7%  66.9  515s
  3781  2637  -17.15949   48 1614  -19.43565  -17.15949  11.7%  66.7  520s
  3807  2663  -17.15949   74 1382  -19.43565  -17.15949  11.7%  66.4  525s
  3879  2729  -18.08465  143 2653  -19.43565  -17.15949  11.7%  65.7  530s
H 3909  2737                     -19.4356461  -17.15949  11.7%  65.4  533s
  3942  2772  -17.16314   56 1391  -19.43565  -17.15949  11.7%  65.2  537s
  3991  2821  -17.16314   80 1531  -19.43565  -17.15949  11.7%  64.6  540s
  4067  2893  -17.27532  117 1613  -19.43565  -17.15949  11.7%  64.2  545s
  4133  2949  -17.48923  150 1392  -19.43565  -17.15949  11.7%  63.6  550s
  4214  3026  -17.54102  191 1038  -19.43565  -17.15949  11.7%  62.6  556s
  4270  3059  -19.33214  214  256  -19.43565  -17.15949  11.7%  62.0  561s
  4314  3085  -17.16192   52 2028  -19.43565  -17.15949  11.7%  61.5  565s
  4350  3121  -17.16192   88 2532  -19.43565  -17.15949  11.7%  61.3  570s
  4404  3175  -17.82665  142 1800  -19.43565  -17.15949  11.7%  60.8  575s
H 4460  3214                     -19.4355778  -17.15949  11.7%  60.3  580s
  4513  3257  -17.16731   79 2097  -19.43558  -17.15949  11.7%  59.9  585s
H 4567  3303                     -19.4355776  -17.15949  11.7%  59.5  589s
  4574  3312  -17.16192   65 1659  -19.43558  -17.15949  11.7%  59.5  590s
  4622  3360  -17.16192   91 2181  -19.43558  -17.15949  11.7%  59.3  595s
H 4706  3432                     -19.4355623  -17.15949  11.7%  58.8  598s
  4762  3490  -17.53562   92 2510  -19.43556  -17.15949  11.7%  58.4  600s
  4934  3624  -17.15949   37 1423  -19.43556  -17.15949  11.7%  57.3  605s
  5046  3728  -18.03447  143 1933  -19.43556  -17.15949  11.7%  56.6  610s
  5101  3774  -17.23451   59 1519  -19.43556  -17.15949  11.7%  56.3  615s
H 5148  3815                     -19.3944037  -17.15949  11.5%  56.1  617s
  5249  3902  -17.81987  124 1387  -19.39440  -17.15949  11.5%  55.5  620s
H 5450  4074                     -19.3943997  -17.15949  11.5%  54.3  624s
  5467  4077  -19.29676  151 1964  -19.39440  -17.15949  11.5%  54.3  625s
H 5479  4071                     -19.3848707  -17.15949  11.5%  54.2  627s
H 5491  4083                     -19.3847078  -17.15949  11.5%  54.1  628s
  5513  4107  -17.25287   73 1364  -19.38471  -17.15949  11.5%  54.0  630s
  5665  4234  -17.23454   88 1953  -19.38471  -17.15949  11.5%  53.2  635s
H 5698  4256                     -19.3522002  -17.15949  11.3%  53.1  641s
  5893  4442  -17.16314   79 1747  -19.35220  -17.15949  11.3%  52.4  645s
H 5899  4446                     -19.3521630  -17.15949  11.3%  52.3  646s
  5989  4538  -17.16315  117 2426  -19.35216  -17.15949  11.3%  52.4  650s
H 6109  4594                     -19.2885705  -17.15949  11.0%  52.1  654s
  6112  4599  -17.15949   50 1961  -19.28857  -17.15949  11.0%  52.1  655s
  6297  4767  -17.16832   74 1545  -19.28857  -17.15949  11.0%  51.3  661s
  6448  4906  -17.16192   65  971  -19.28857  -17.15949  11.0%  50.6  665s
  6665  5083  -17.15949   34 1545  -19.28857  -17.15949  11.0%  49.6  670s
H 6782  5198                     -19.2885698  -17.15949  11.0%  49.3  675s
H 6848  5262                     -19.2885687  -17.15949  11.0%  49.2  678s
  6886  5298  -18.04270  144 1014  -19.28857  -17.15949  11.0%  49.2  680s
  6943  5333  -17.15949   39 1093  -19.28857  -17.15949  11.0%  49.0  685s
  7054  5444  -17.16884   93 2074  -19.28857  -17.15949  11.0%  48.8  692s
  7163  5535  -17.17285   74 1787  -19.28857  -17.15949  11.0%  48.5  695s
H 7164  5534                     -19.2885674  -17.15949  11.0%  48.4  695s
  7340  5696  -17.16302  102 1867  -19.28857  -17.15949  11.0%  47.8  700s
  7437  5776  -17.16414   82 2296  -19.28857  -17.15949  11.0%  47.5  705s
  7708  6026  -18.36770  211  924  -19.28857  -17.15949  11.0%  46.6  710s
  7868  6175  -17.17611  130 2150  -19.28857  -17.15949  11.0%  46.6  715s
  8035  6312  -17.26516   88 1645  -19.28857  -17.15949  11.0%  46.0  720s
H 8165  6429                     -19.2885666  -17.15949  11.0%  45.6  723s
  8165  6431  -17.16622  129 2042  -19.28857  -17.15949  11.0%  45.6  725s
  8248  6496  -17.15949   40 1458  -19.28857  -17.15949  11.0%  45.4  730s
  8414  6640  -17.16622   70 1347  -19.28857  -17.15949  11.0%  45.0  735s
H 8477  6687                     -19.2885656  -17.15949  11.0%  44.9  737s
  8625  6825  -17.16437   48 1601  -19.28857  -17.15949  11.0%  44.4  740s
H 8874  6915                     -19.1364032  -17.15949  10.3%  43.8  746s
  8976  7019  -17.15962   92 1641  -19.13640  -17.15949  10.3%  43.6  750s
H 8977  6999                     -19.0189478  -17.15949  9.78%  43.6  752s
  9056  7067  -17.15949   44 1484  -19.01895  -17.15949  9.78%  43.5  755s
  9318  7274  -17.16437   57 1800  -19.01895  -17.15949  9.78%  43.0  760s
H 9362  7316                     -19.0189369  -17.15949  9.78%  42.9  764s
H 9363  7317                     -19.0189369  -17.15949  9.78%  42.9  766s
  9514  7442  -17.17144   48 1480  -19.01894  -17.15949  9.78%  42.8  770s
  9771  7678  -17.15949   99 1441  -19.01894  -17.15949  9.78%  42.4  775s
H 9794  7691                     -19.0187470  -17.15949  9.78%  42.6  776s
  9856  7743  -17.16192  100 2278  -19.01875  -17.15949  9.78%  42.6  780s
  9922  7799  -17.15949   59 1788  -19.01875  -17.15949  9.78%  42.5  787s
 10005  7882  -17.18001  142 1368  -19.01875  -17.15949  9.78%  42.3  790s
 10202  8037  -17.21614   98 1753  -19.01875  -17.15949  9.78%  41.9  854s
 10253  8084  -17.35020  147 1799  -19.01875  -17.15949  9.78%  41.8  855s
 10441  8242  -17.15949   50 1199  -19.01875  -17.15949  9.78%  41.4  860s
 10528  8318  -17.15949   51  817  -19.01875  -17.15949  9.78%  41.3  865s
 10682  8453  -17.16617   72 1580  -19.01875  -17.15949  9.78%  41.0  870s
H10739  8428                     -18.8711833  -17.15949  9.07%  41.0  873s
 10794  8485  -17.16617   81 1649  -18.87118  -17.15949  9.07%  40.9  875s
 11011  8695  -17.96394  182  885  -18.87118  -17.15949  9.07%  40.6  880s
H11144  8787                     -18.8538420  -17.15949  8.99%  40.5  886s
H11247  8875                     -18.8538288  -17.15949  8.99%  40.3  890s
 11379  9006  -17.79387  184 1668  -18.85383  -17.15949  8.99%  40.1  895s
 11499  9110  -17.91484  161 1411  -18.85383  -17.15949  8.99%  40.0  900s
H11675  9253                     -18.8538275  -17.15949  8.99%  39.7  905s
 11850  9407  -17.24921  111 2028  -18.85383  -17.15949  8.99%  39.4  910s
H11856  9405                     -18.8537885  -17.15949  8.99%  39.4  911s
 11947  9487  -17.25826  131 2215  -18.85379  -17.15949  8.99%  39.3  915s
H11988  9515                     -18.8535938  -17.15949  8.99%  39.3  917s
H12040  9561                     -18.8535937  -17.15949  8.99%  39.2  919s
H12051  9364                     -18.3829919  -17.15949  6.66%  39.2  921s
H12136  9440                     -18.3829742  -17.15949  6.66%  39.1  926s
 12220  9496  -17.15949   60 1312  -18.38297  -17.15949  6.66%  39.0  930s
 12352  9628  -17.57206  136 1424  -18.38297  -17.15949  6.66%  39.0  935s
H12449  9711                     -18.3829740  -17.15949  6.66%  38.9  939s
H12450  9712                     -18.3829672  -17.15949  6.66%  38.9  941s
 12526  9788  -17.16516   91 1294  -18.38297  -17.15949  6.66%  38.9  945s
H12643  9897                     -18.3829671  -17.15949  6.66%  38.8  949s
 12648  9900  -17.57615  122 2933  -18.38297  -17.15949  6.66%  38.8  950s
 12866 10064  -17.16595   59 1498  -18.38297  -17.15949  6.66%  38.5  955s
H12874 10069                     -18.3822771  -17.15949  6.65%  38.5  956s
H12962 10148                     -18.3822628  -17.15949  6.65%  38.4  961s
H12963 10147                     -18.3788900  -17.15949  6.63%  38.4  964s
 12967 10153  -17.16721   77 1948  -18.37889  -17.15949  6.63%  38.4  965s
 13099 10265  -17.24448  141 1060  -18.37889  -17.15949  6.63%  38.2  970s
 13296 10436  -17.99657  116 2045  -18.37889  -17.15949  6.63%  38.0  975s
 13375 10502  -17.16571   72 1348  -18.37889  -17.15949  6.63%  37.9  980s
 13602 10690  -17.16595   71 1811  -18.37889  -17.15949  6.63%  37.6  985s
H13754 10779                     -18.3380057  -17.15949  6.43%  37.6  992s
 13865 10865  -17.15949   57 1418  -18.33801  -17.15949  6.43%  37.5  995s
 14070 11040  -17.23873   95 2348  -18.33801  -17.15949  6.43%  37.2 1000s
H14075 11043                     -18.3379397  -17.15949  6.43%  37.3 1000s
 14241 11175  -17.15949   63 1049  -18.33794  -17.15949  6.43%  37.1 1005s
H14291 11223                     -18.3379269  -17.15949  6.43%  37.1 1007s
 14318 11252  -17.15949  102 1527  -18.33793  -17.15949  6.43%  37.1 1011s
 14394 11308  -17.15949   54 1314  -18.33793  -17.15949  6.43%  37.2 1015s
 14476 11380  -17.16621   61 1357  -18.33793  -17.15949  6.43%  37.2 1020s
 14557 11448  -18.24222  135 1553  -18.33793  -17.15949  6.43%  37.1 1025s
 14610 11479  -17.15949   60 1037  -18.33793  -17.15949  6.43%  37.1 1030s
 14782 11624  -17.19823  106 1654  -18.33793  -17.15949  6.43%  37.0 1035s
H14960 11765                     -18.3376370  -17.15949  6.42%  36.9 1041s
H14961 11766                     -18.3376369  -17.15949  6.42%  36.9 1043s
 15006 11813  -17.16621   92 2654  -18.33764  -17.15949  6.42%  36.9 1045s
 15203 11993  -17.17937   95 2571  -18.33764  -17.15949  6.42%  36.7 1050s
 15273 12035  -17.15949   47 1317  -18.33764  -17.15949  6.42%  36.7 1055s
 15313 12075  -17.19085   87 2469  -18.33764  -17.15949  6.42%  36.6 1060s
 15408 12152  -17.16622   75 2171  -18.33764  -17.15949  6.42%  36.6 1065s
 15566 12269  -17.90573  104 2458  -18.33764  -17.15949  6.42%  36.5 1070s
 15631 12317  -17.16605   72 1054  -18.33764  -17.15949  6.42%  36.4 1076s
 15730 12400  -17.16800   75 1485  -18.33764  -17.15949  6.42%  36.5 1080s
 15866 12536  -17.17994  143 1648  -18.33764  -17.15949  6.42%  36.3 1085s
 15961 12618  -17.18010  115 1746  -18.33764  -17.15949  6.42%  36.3 1091s
 16166 12793  -18.09172  159  837  -18.33764  -17.15949  6.42%  36.1 1095s
 16303 12891  -17.95999  147 1871  -18.33764  -17.15949  6.42%  36.1 1101s
 16405 12987  -17.57171   93 1324  -18.33764  -17.15949  6.42%  36.1 1105s
 16496 13058  -17.16437   56 1709  -18.33764  -17.15949  6.42%  36.0 1112s
 16559 13117  -17.88951  118 1990  -18.33764  -17.15949  6.42%  36.0 1116s
 16617 13155  -18.08795   78 1510  -18.33764  -17.15949  6.42%  36.0 1120s
 16769 13295  -17.16858   98 2742  -18.33764  -17.15949  6.42%  35.9 1125s
 16882 13385  -17.82617  134 2099  -18.33764  -17.15949  6.42%  36.0 1130s
 16981 13447  -17.16800   67  941  -18.33764  -17.15949  6.42%  35.9 1135s
 17046 13502  -17.15949   52 1326  -18.33764  -17.15949  6.42%  35.9 1140s
 17236 13670  -17.16621  130 2479  -18.33764  -17.15949  6.42%  35.8 1145s
 17378 13776  -17.16049   95 2249  -18.33764  -17.15949  6.42%  35.7 1150s
 17473 13834  -17.17321   75 1167  -18.33764  -17.15949  6.42%  35.6 1155s
 17617 13942  -17.47005  115 1579  -18.33764  -17.15949  6.42%  35.5 1160s
 17705 13997  -17.31916   99 1686  -18.33764  -17.15949  6.42%  35.5 1165s
H17706 13996                     -18.3376335  -17.15949  6.42%  35.5 1167s
 17821 14099  -17.34897  125 2691  -18.33763  -17.15949  6.42%  35.4 1170s
H17914 14180                     -18.3375460  -17.15949  6.42%  35.3 1172s
 18004 14256  -17.15949   50 1482  -18.33755  -17.15949  6.42%  35.4 1175s
H18075 14321                     -18.3368558  -17.15949  6.42%  35.3 1178s
 18161 14385  -17.17321   86 1094  -18.33686  -17.15949  6.42%  35.2 1180s
 18254 14460  -17.15949   53 1260  -18.33686  -17.15949  6.42%  35.2 1185s
 18380 14584  -17.17507  100 1517  -18.33686  -17.15949  6.42%  35.2 1190s
 18477 14659  -18.25456  131  498  -18.33686  -17.15949  6.42%  35.1 1195s
 18596 14748  -17.19632  102 2256  -18.33686  -17.15949  6.42%  35.0 1200s

Cutting planes:
  Lift-and-project: 8
  Implied bound: 1
  MIR: 3
  Flow cover: 37
  Zero half: 11
  Relax-and-lift: 1

Explored 18597 nodes (691276 simplex iterations) in 1200.01 seconds (3055.85 work units)
Thread count was 1 (of 64 available processors)

Solution count 10: -18.3369 -18.3375 -18.3376 ... -18.3823

Time limit reached
Best objective -1.833685575939e+01, best bound -1.715949093913e+01, gap 6.4208%
Tree policy:
if x <= 5.0:
    if picked1 <= 0.0:
        if picked2 <= 0.0:
            if y <= 3.0:
                if x <= 1.0:
                    if x <= 0.0:
                        return 'u'
                    else:
                        return 'r'
                else:
                    if x <= 3.0:
                        return 'u'
                    else:
                        return 'l'
            else:
                if y <= 4.0:
                    if x <= 2.0:
                        return 'u'
                    else:
                        return 'l'
                else:
                    if x <= 1.0:
                        return 'r'
                    else:
                        return 'd'
        else:
            if x <= 2.0:
                if y <= 1.0:
                    if x <= 1.0:
                        return 'r'
                    else:
                        return 'd'
                else:
                    if y <= 2.0:
                        return 'd'
                    else:
                        return 'r'
            else:
                if y <= 1.0:
                    if y <= 0.0:
                        return 'u'
                    else:
                        return 'l'
                else:
                    if x <= 4.0:
                        return 'd'
                    else:
                        return 'l'
    else:
        if x <= 1.0:
            return '__random__'
        else:
            if x <= 2.0:
                if y <= 3.0:
                    return 'u'
                else:
                    if picked2 <= 0.0:
                        return 'u'
                    else:
                        return 'l'
            else:
                if y <= 4.0:
                    return 'l'
                else:
                    if y <= 5.0:
                        return 'd'
                    else:
                        return 'u'
else:
    if x <= 6.0:
        if picked0 <= 0.0:
            if y <= 3.0:
                if y <= 2.0:
                    return 'd'
                else:
                    return 'u'
            else:
                if picked2 <= 0.0:
                    return 'l'
                else:
                    return 'r'
        else:
            if y <= 2.0:
                if x <= 5.0:
                    return 'd'
                else:
                    return 'l'
            else:
                if picked1 <= 0.0:
                    return 'u'
                else:
                    return '__random__'
    else:
        if y <= 2.0:
            return 'l'
        else:
            if picked1 <= 0.0:
                return 'd'
            else:
                return 'u'
Optimal decision tree (depth=6) value: -18.3368557593936
Writing result files...
