Solving...
Starting with fixed depth 2
Set parameter Username
Academic license - for non-commercial use only - expires 2025-09-20
Set parameter Threads to value 1
Set parameter TimeLimit to value 1200
Gurobi Optimizer version 10.0.0 build v10.0.0rc2 (linux64)

CPU model: AMD EPYC 9124 16-Core Processor, instruction set [SSE2|AVX|AVX2|AVX512]
Thread count: 32 physical cores, 64 logical processors, using up to 1 threads

Optimize a model with 5007 rows, 2198 columns and 22254 nonzeros
Model fingerprint: 0xdb37ab1f
Variable types: 875 continuous, 1323 integer (1323 binary)
Coefficient statistics:
  Matrix range     [2e-03, 1e+02]
  Objective range  [7e-03, 2e-01]
  Bounds range     [1e+00, 1e+02]
  RHS range        [1e+00, 2e+00]
Presolve removed 44 rows and 31 columns
Presolve time: 0.05s
Presolved: 4963 rows, 2167 columns, 21947 nonzeros
Variable types: 872 continuous, 1295 integer (1295 binary)

Root relaxation: objective 3.518546e-01, 911 iterations, 0.03 seconds (0.05 work units)

    Nodes    |    Current Node    |     Objective Bounds      |     Work
 Expl Unexpl |  Obj  Depth IntInf | Incumbent    BestBd   Gap | It/Node Time

     0     0    0.35185    0  163          -    0.35185      -     -    0s
     0     0    0.35185    0  199          -    0.35185      -     -    0s
     0     0    0.35185    0  199          -    0.35185      -     -    0s
     0     0    0.35185    0  207          -    0.35185      -     -    0s
     0     0    0.35185    0  243          -    0.35185      -     -    0s
     0     0    0.35185    0  122          -    0.35185      -     -    0s
     0     0    0.35185    0  103          -    0.35185      -     -    0s
     0     0    0.35185    0  104          -    0.35185      -     -    0s
     0     0    0.35185    0  103          -    0.35185      -     -    0s
     0     0    0.35185    0   88          -    0.35185      -     -    0s
     0     0    0.35185    0   88          -    0.35185      -     -    0s
     0     0    0.35185    0   84          -    0.35185      -     -    0s
     0     0    0.35185    0  143          -    0.35185      -     -    0s
     0     0    0.35185    0  143          -    0.35185      -     -    0s
H    0     0                       0.0000035    0.35185      -     -    0s
     0     2    0.35185    0  125    0.00000    0.35185      -     -    0s
H   82    45                       0.0000035    0.35185      -  91.7    1s
H  344   150                       0.0000035    0.35185      -  82.2    2s
*  354   159              26       0.0000167    0.35185      -  81.2    2s
*  356   159              26       0.0000355    0.35185      -  81.1    2s
H  362   163                       0.0000356    0.35185      -  79.8    2s
*  409   171              12       0.0000370    0.35185      -  80.1    3s
   755   263    0.26512    9  256    0.00004    0.33356      -  89.5    5s
* 1175   373              35       0.0000379    0.32437      -  94.7    9s
* 1197   346              37       0.0000928    0.32437      -  95.1    9s
* 1199   328              37       0.0001540    0.32437      -  95.1    9s
H 1211   313                       0.0003454    0.32437      -  95.4    9s
  1216   312    0.00111   28   52    0.00035    0.32437      -  95.8   10s
* 1243   292              24       0.0089873    0.32437  3509%  95.8   10s
H 1370   267                       0.0089873    0.32437  3509%  95.9   11s
  1659   245    0.06962   18  464    0.00899    0.32422  3508%   100   15s
H 2180   273                       0.0140881    0.30854  2090%   103   19s
* 2181   274              29       0.0140881    0.30854  2090%   103   19s
H 2207   274                       0.0140881    0.30834  2089%   103   19s
  2220   274     cutoff   27         0.01409    0.30762  2084%   103   20s
  2813   298    0.10544   27  153    0.01409    0.19193  1262%   104   25s
H 2936   291                       0.0140882    0.16492  1071%   104   25s
  3585   353    0.11106   24  336    0.01409    0.11106   688%   103   30s
  4246   374    0.11106   19  352    0.01409    0.11106   688%   104   35s
* 4289   357              32       0.0206664    0.11106   437%   104   35s
  4862   414     cutoff   26         0.02067    0.11106   437%   104   40s
  5661   464    0.08754   22  357    0.02067    0.10545   410%   102   45s
  6542   496     cutoff   26         0.02067    0.08754   324%   100   50s
  7260   518     cutoff   28         0.02067    0.07990   287%   100   55s
  7885   527    0.07833   24  262    0.02067    0.07833   279%   100   60s
  8818   460     cutoff   26         0.02067    0.07092   243%  97.4   65s
 10115   564    0.05701   21  264    0.02067    0.06551   217%  93.0   70s
 10202   555    0.03409   31   79    0.02067    0.06551   217%  92.6   82s
 10790   561    0.05125   29  321    0.02067    0.05862   184%  91.0   85s
 11875   456    0.04161   31  270    0.02067    0.05125   148%  88.7   90s
 12876   298    0.03456   28  260    0.02067    0.04053  96.1%  87.5   95s
 13849   182     cutoff   25         0.02067    0.03031  46.6%  85.3  100s

Cutting planes:
  Implied bound: 13
  MIR: 2
  Flow cover: 67
  Zero half: 3
  Relax-and-lift: 2

Explored 14506 nodes (1218047 simplex iterations) in 102.31 seconds (182.03 work units)
Thread count was 1 (of 64 available processors)

Solution count 10: 0.0206664 0.0140882 0.00898727 ... 1.67389e-05
No other solutions better than 0.0206664

Optimal solution found (tolerance 1.00e-04)
Best objective 2.066642863130e-02, best bound 2.066642863130e-02, gap 0.0000%
Tree policy:
if x <= 3.0:
    if y <= 0.0:
        return '(up)'
    else:
        return '(right)'
else:
    if z <= 3.0:
        return '(forward)'
    else:
        return '(up)'
Optimal decision tree (depth=2) value: 0.02066642863130449
Writing result files...
