Solving...
Starting with fixed depth 4
Set parameter Username
Academic license - for non-commercial use only - expires 2025-09-20
Set parameter Threads to value 1
Set parameter TimeLimit to value 1200
Gurobi Optimizer version 10.0.0 build v10.0.0rc2 (linux64)

CPU model: AMD EPYC 9124 16-Core Processor, instruction set [SSE2|AVX|AVX2|AVX512]
Thread count: 32 physical cores, 64 logical processors, using up to 1 threads

Optimize a model with 17031 rows, 3962 columns and 103018 nonzeros
Model fingerprint: 0xb1bc32db
Variable types: 875 continuous, 3087 integer (3087 binary)
Coefficient statistics:
  Matrix range     [2e-03, 1e+02]
  Objective range  [7e-03, 2e-01]
  Bounds range     [1e+00, 1e+02]
  RHS range        [1e+00, 4e+00]
Presolve removed 165 rows and 105 columns
Presolve time: 0.16s
Presolved: 16866 rows, 3857 columns, 101935 nonzeros
Variable types: 875 continuous, 2982 integer (2982 binary)
Found heuristic solution: objective -0.0000000

Root relaxation: objective 3.518546e-01, 1119 iterations, 0.04 seconds (0.06 work units)

    Nodes    |    Current Node    |     Objective Bounds      |     Work
 Expl Unexpl |  Obj  Depth IntInf | Incumbent    BestBd   Gap | It/Node Time

     0     0    0.35185    0  322   -0.00000    0.35185      -     -    0s
     0     0    0.35185    0  321   -0.00000    0.35185      -     -    0s
H    0     0                       0.0000000    0.35185      -     -    0s
     0     0    0.35185    0  113    0.00000    0.35185      -     -    0s
     0     0    0.35185    0  247    0.00000    0.35185      -     -    1s
     0     0    0.35185    0  170    0.00000    0.35185      -     -    1s
     0     0    0.35185    0  313    0.00000    0.35185      -     -    1s
     0     0    0.35185    0  236    0.00000    0.35185      -     -    1s
     0     0    0.35185    0  113    0.00000    0.35185      -     -    1s
     0     0    0.35185    0  110    0.00000    0.35185      -     -    1s
     0     0    0.35185    0  114    0.00000    0.35185      -     -    2s
     0     0    0.35185    0  108    0.00000    0.35185      -     -    2s
     0     2    0.35185    0  108    0.00000    0.35185      -     -    3s
    68    59    0.00749   24  163    0.00000    0.35185      -   130    5s
*   98    63              45       0.0000900    0.35185      -  95.4    5s
*  223   147              50       0.0001146    0.35185      -  98.5    7s
H  243   165                       0.0001146    0.35185      -   105    7s
H  270   159                       0.0005970    0.35185      -   106    8s
H  288   167                       0.0005970    0.35185      -   105    8s
H  324   200                       0.0014288    0.35185      -   112    9s
   336   214    0.02272   36  289    0.00143    0.35185      -   115   10s
H  340   216                       0.0014288    0.35185      -   116   10s
H  367   234                       0.0014288    0.35185      -   114   10s
H  378   221                       0.0073169    0.35185  4709%   112   10s
H  393   226                       0.0073169    0.35185  4709%   110   10s
H  405   234                       0.0073169    0.35185  4709%   107   10s
H  433   254                       0.0073169    0.35185  4709%   102   11s
H  445   260                       0.0073169    0.35185  4709%   100   11s
H  488   285                       0.0073170    0.35185  4709%  97.6   11s
   519   305    0.34040   12  164    0.00732    0.35185  4709%  92.4   15s
   542   323    0.35185   14  409    0.00732    0.35185  4709%   122   20s
   685   385    0.35185   19  137    0.00732    0.35185  4709%   116   25s
H  751   363                       0.0492164    0.35185   615%   117   27s
H  792   367                       0.0492164    0.35185   615%   119   29s
H  832   374                       0.0492165    0.35185   615%   117   29s
   833   377    0.11106   55  362    0.04922    0.35185   615%   117   30s
H  844   358                       0.0512223    0.35185   587%   116   30s
H  859   355                       0.0512223    0.35185   587%   116   30s
H  870   348                       0.0538595    0.35185   553%   115   31s
  1056   420    0.35185   31  495    0.05386    0.35185   553%   111   35s
H 1130   430                       0.0538595    0.35185   553%   109   36s
  1325   542    0.06868   63  327    0.05386    0.35185   553%   105   40s
H 1408   578                       0.0583787    0.35185   503%   103   41s
H 1423   579                       0.0583787    0.35185   503%   102   41s
H 1435   591                       0.0583788    0.35185   503%   102   41s
H 1462     5                       0.3518548    0.35185  0.00%   101   42s

Cutting planes:
  Implied bound: 5
  MIR: 14
  Flow cover: 5
  Zero half: 2
  RLT: 1
  Relax-and-lift: 2

Explored 1463 nodes (157011 simplex iterations) in 42.54 seconds (98.46 work units)
Thread count was 1 (of 64 available processors)

Solution count 10: 0.351855 0.0583788 0.0583787 ... 0.0492164
No other solutions better than 0.351855

Optimal solution found (tolerance 1.00e-04)
Best objective 3.518547724431e-01, best bound 3.518547724431e-01, gap 0.0000%
Tree policy:
if x <= 2.0:
    if y <= 0.0:
        if z <= 0.0:
            if x <= 1.0:
                return '(right)'
            else:
                return '(forward)'
        else:
            return '(right)'
    else:
        if z <= 0.0:
            return '(forward)'
        else:
            return '(right)'
else:
    if y <= 3.0:
        if z <= 2.0:
            return '(forward)'
        else:
            if z <= 4.0:
                return '(up)'
            else:
                return '(backward)'
    else:
        if x <= 3.0:
            if z <= 3.0:
                return '(forward)'
            else:
                return '(right)'
        else:
            if z <= 4.0:
                return '(up)'
            else:
                return '(right)'
Optimal decision tree (depth=4) value: 0.3518547724430858
Writing result files...
