Solving...
Starting with fixed depth 8
Set parameter Username
Academic license - for non-commercial use only - expires 2025-09-20
Set parameter Threads to value 1
Set parameter TimeLimit to value 1200
Gurobi Optimizer version 10.0.0 build v10.0.0rc2 (linux64)

CPU model: AMD EPYC 9124 16-Core Processor, instruction set [SSE2|AVX|AVX2|AVX512]
Thread count: 32 physical cores, 64 logical processors, using up to 1 threads

Optimize a model with 47375377 rows, 2981341 columns and 501971606 nonzeros
Model fingerprint: 0x82d9b055
Variable types: 174097 continuous, 2807244 integer (2807244 binary)
Coefficient statistics:
  Matrix range     [1e-02, 1e+02]
  Objective range  [1e+00, 1e+00]
  Bounds range     [1e+00, 1e+02]
  RHS range        [1e+00, 8e+00]
Presolve removed 0 rows and 0 columns (presolve time = 7s) ...
Presolve removed 0 rows and 4590 columns (presolve time = 11s) ...
Presolve removed 255 rows and 5100 columns (presolve time = 15s) ...
Presolve removed 510 rows and 5355 columns (presolve time = 27s) ...
Presolve removed 4845 rows and 5355 columns (presolve time = 31s) ...
Presolve removed 4845 rows and 5355 columns (presolve time = 48s) ...
Presolve removed 4845 rows and 5355 columns (presolve time = 67s) ...
Presolve removed 4845 rows and 5355 columns (presolve time = 76s) ...
Presolve removed 4845 rows and 5355 columns (presolve time = 81s) ...
Presolve removed 4845 rows and 5355 columns (presolve time = 92s) ...
Presolve removed 4845 rows and 6375 columns (presolve time = 96s) ...
Presolve removed 4845 rows and 6375 columns (presolve time = 120s) ...
Presolve removed 4845 rows and 6375 columns (presolve time = 130s) ...
Presolve removed 4845 rows and 6375 columns (presolve time = 136s) ...
Presolve removed 4845 rows and 6375 columns (presolve time = 146s) ...
Presolve removed 4845 rows and 6375 columns (presolve time = 159s) ...
Presolve removed 4845 rows and 6375 columns (presolve time = 171s) ...
Presolve removed 4845 rows and 6375 columns (presolve time = 175s) ...
Presolve removed 4845 rows and 6375 columns (presolve time = 180s) ...
Presolve removed 4845 rows and 6375 columns (presolve time = 191s) ...
Presolve removed 4845 rows and 6375 columns (presolve time = 203s) ...
Presolve removed 4845 rows and 6375 columns (presolve time = 206s) ...
Presolve removed 4845 rows and 6375 columns (presolve time = 220s) ...
Presolve removed 4845 rows and 6375 columns (presolve time = 220s) ...
Presolve removed 4845 rows and 6375 columns (presolve time = 225s) ...
Presolve removed 4845 rows and 6375 columns (presolve time = 236s) ...
Presolve removed 4845 rows and 6375 columns (presolve time = 244s) ...
Presolve removed 4845 rows and 6375 columns (presolve time = 245s) ...
Presolve removed 4845 rows and 6375 columns (presolve time = 250s) ...
Presolve removed 4845 rows and 6375 columns (presolve time = 255s) ...
Presolve removed 4845 rows and 6375 columns (presolve time = 260s) ...
Presolve removed 4845 rows and 6375 columns (presolve time = 265s) ...
Presolve removed 4845 rows and 6375 columns (presolve time = 270s) ...
Presolve removed 4845 rows and 6375 columns (presolve time = 275s) ...
Presolve removed 4845 rows and 6375 columns (presolve time = 280s) ...
Presolve removed 4845 rows and 6375 columns (presolve time = 285s) ...
Presolve removed 4845 rows and 6375 columns (presolve time = 290s) ...
Presolve removed 4845 rows and 6375 columns (presolve time = 295s) ...
Presolve removed 4845 rows and 6375 columns (presolve time = 300s) ...
Presolve removed 4845 rows and 6375 columns (presolve time = 305s) ...
Presolve removed 4845 rows and 6375 columns (presolve time = 310s) ...
Presolve removed 4845 rows and 6375 columns (presolve time = 315s) ...
Presolve removed 4845 rows and 6375 columns (presolve time = 320s) ...
Presolve removed 4845 rows and 6375 columns (presolve time = 325s) ...
Presolve removed 4845 rows and 6375 columns (presolve time = 330s) ...
Presolve removed 4845 rows and 6375 columns (presolve time = 335s) ...
Presolve removed 4845 rows and 6375 columns (presolve time = 340s) ...
Presolve removed 4845 rows and 6375 columns (presolve time = 345s) ...
Presolve removed 4845 rows and 6375 columns (presolve time = 350s) ...
Presolve removed 4845 rows and 6375 columns (presolve time = 355s) ...
Presolve removed 4845 rows and 6375 columns (presolve time = 360s) ...
Presolve removed 4845 rows and 6375 columns (presolve time = 365s) ...
Presolve removed 4845 rows and 6375 columns (presolve time = 370s) ...
Presolve removed 4845 rows and 6375 columns (presolve time = 375s) ...
Presolve removed 4845 rows and 6375 columns (presolve time = 380s) ...
Presolve removed 4845 rows and 6375 columns (presolve time = 385s) ...
Presolve removed 4845 rows and 6375 columns (presolve time = 390s) ...
Presolve removed 4845 rows and 6375 columns (presolve time = 395s) ...
Presolve removed 4845 rows and 6375 columns (presolve time = 400s) ...
Presolve removed 4845 rows and 6375 columns (presolve time = 405s) ...
Presolve removed 4845 rows and 6375 columns (presolve time = 410s) ...
Presolve removed 4845 rows and 6375 columns (presolve time = 415s) ...
Presolve removed 4845 rows and 6375 columns (presolve time = 420s) ...
Presolve removed 4845 rows and 6375 columns (presolve time = 425s) ...
Presolve removed 4845 rows and 6375 columns (presolve time = 430s) ...
Presolve removed 4845 rows and 6375 columns (presolve time = 435s) ...
Presolve removed 4845 rows and 6375 columns (presolve time = 440s) ...
Presolve removed 4845 rows and 6375 columns (presolve time = 445s) ...
Presolve removed 4845 rows and 6375 columns (presolve time = 450s) ...
Presolve removed 4845 rows and 6375 columns (presolve time = 455s) ...
Presolve removed 4845 rows and 6375 columns (presolve time = 460s) ...
Presolve removed 4845 rows and 6375 columns (presolve time = 465s) ...
Presolve removed 4845 rows and 6375 columns (presolve time = 470s) ...
Presolve removed 4845 rows and 6375 columns (presolve time = 475s) ...
Presolve removed 4845 rows and 6375 columns (presolve time = 480s) ...
Presolve removed 4845 rows and 6375 columns (presolve time = 485s) ...
Presolve removed 4845 rows and 6375 columns (presolve time = 490s) ...
Presolve removed 4845 rows and 6375 columns (presolve time = 495s) ...
Presolve removed 4845 rows and 6375 columns (presolve time = 500s) ...
Presolve removed 4845 rows and 6375 columns (presolve time = 505s) ...
Presolve removed 4845 rows and 6375 columns (presolve time = 519s) ...
Presolve removed 4845 rows and 6375 columns (presolve time = 521s) ...
Presolve removed 4845 rows and 6375 columns (presolve time = 541s) ...
Presolve removed 4845 rows and 6375 columns (presolve time = 551s) ...
Presolve removed 4845 rows and 6375 columns (presolve time = 557s) ...
Presolve removed 4845 rows and 6375 columns (presolve time = 579s) ...
Presolve removed 4845 rows and 6375 columns (presolve time = 591s) ...
Presolve removed 4845 rows and 6375 columns (presolve time = 595s) ...
Presolve removed 4845 rows and 6375 columns (presolve time = 610s) ...
Presolve removed 4845 rows and 6375 columns (presolve time = 620s) ...
Presolve removed 4845 rows and 6375 columns (presolve time = 622s) ...
Presolve removed 4845 rows and 6375 columns (presolve time = 636s) ...
Presolve removed 4845 rows and 6375 columns (presolve time = 640s) ...
Presolve removed 4845 rows and 6375 columns (presolve time = 645s) ...
Presolve removed 4845 rows and 6375 columns (presolve time = 650s) ...
Presolve removed 4845 rows and 6375 columns (presolve time = 655s) ...
Presolve removed 4845 rows and 6375 columns (presolve time = 666s) ...
Presolve removed 4845 rows and 6375 columns (presolve time = 674s) ...
Presolve removed 4845 rows and 6375 columns (presolve time = 676s) ...
Presolve removed 4845 rows and 6375 columns (presolve time = 684s) ...
Presolve removed 4845 rows and 6375 columns (presolve time = 687s) ...
Presolve removed 4845 rows and 6375 columns (presolve time = 692s) ...
Presolve removed 4845 rows and 6375 columns (presolve time = 696s) ...
Presolve removed 4845 rows and 6375 columns (presolve time = 701s) ...
Presolve removed 4845 rows and 6375 columns (presolve time = 705s) ...
Presolve removed 4845 rows and 6375 columns (presolve time = 732s) ...
Presolve removed 4845 rows and 6375 columns (presolve time = 744s) ...
Presolve removed 4845 rows and 6375 columns (presolve time = 745s) ...
Presolve removed 4845 rows and 6375 columns (presolve time = 750s) ...
Presolve removed 4845 rows and 6375 columns (presolve time = 755s) ...
Presolve removed 4845 rows and 6375 columns (presolve time = 760s) ...
Presolve removed 4845 rows and 6375 columns (presolve time = 765s) ...
Presolve removed 4845 rows and 6375 columns (presolve time = 770s) ...
Presolve removed 4845 rows and 6375 columns (presolve time = 775s) ...
Presolve removed 4845 rows and 6375 columns (presolve time = 780s) ...
Presolve removed 4845 rows and 6375 columns (presolve time = 785s) ...
Presolve removed 4845 rows and 6375 columns (presolve time = 790s) ...
Presolve removed 4845 rows and 6375 columns (presolve time = 795s) ...
Presolve removed 4845 rows and 6375 columns (presolve time = 800s) ...
Presolve removed 4845 rows and 6375 columns (presolve time = 805s) ...
Presolve removed 4845 rows and 6375 columns (presolve time = 823s) ...
Presolve removed 4845 rows and 6375 columns (presolve time = 826s) ...
Presolve removed 4845 rows and 6375 columns (presolve time = 831s) ...
Presolve removed 4845 rows and 6375 columns (presolve time = 835s) ...
Presolve removed 4845 rows and 6375 columns (presolve time = 840s) ...
Presolve removed 4845 rows and 6375 columns (presolve time = 845s) ...
Presolve removed 4845 rows and 6375 columns (presolve time = 851s) ...
Presolve removed 4845 rows and 6375 columns (presolve time = 856s) ...
Presolve removed 4845 rows and 6375 columns (presolve time = 860s) ...
Presolve removed 4845 rows and 6375 columns (presolve time = 865s) ...
Presolve removed 4845 rows and 6375 columns (presolve time = 870s) ...
Presolve removed 4845 rows and 6375 columns (presolve time = 875s) ...
Presolve removed 4845 rows and 6375 columns (presolve time = 880s) ...
Presolve removed 4845 rows and 6375 columns (presolve time = 885s) ...
Presolve removed 4845 rows and 6375 columns (presolve time = 890s) ...
Presolve removed 4845 rows and 6375 columns (presolve time = 895s) ...
Presolve removed 4845 rows and 6375 columns (presolve time = 900s) ...
Presolve removed 4845 rows and 6375 columns (presolve time = 905s) ...
Presolve removed 4845 rows and 6375 columns (presolve time = 910s) ...
Presolve removed 4845 rows and 6375 columns (presolve time = 931s) ...
Presolve removed 4845 rows and 6375 columns (presolve time = 951s) ...
Presolve removed 4407 rows and 5937 columns
Presolve time: 950.57s
Presolved: 47370970 rows, 2975404 columns, 495227430 nonzeros
Variable types: 174535 continuous, 2800869 integer (2800869 binary)

Explored 0 nodes (0 simplex iterations) in 1214.39 seconds (2310.75 work units)
Thread count was 1 (of 64 available processors)

Solution count 0

Time limit reached
Best objective -, best bound 1.195801010100e+06, gap -
Writing result files...
