Solving...
Starting with fixed depth 7
Set parameter Username
Academic license - for non-commercial use only - expires 2025-09-20
Set parameter Threads to value 1
Set parameter TimeLimit to value 1200
Gurobi Optimizer version 10.0.0 build v10.0.0rc2 (linux64)

CPU model: AMD EPYC 9124 16-Core Processor, instruction set [SSE2|AVX|AVX2|AVX512]
Thread count: 32 physical cores, 64 logical processors, using up to 1 threads

Optimize a model with 23779857 rows, 1659613 columns and 229192086 nonzeros
Model fingerprint: 0x42902279
Variable types: 174097 continuous, 1485516 integer (1485516 binary)
Coefficient statistics:
  Matrix range     [1e-02, 1e+02]
  Objective range  [1e+00, 1e+00]
  Bounds range     [1e+00, 1e+02]
  RHS range        [1e+00, 7e+00]
Presolve removed 0 rows and 2286 columns (presolve time = 5s) ...
Presolve removed 254 rows and 2667 columns (presolve time = 13s) ...
Presolve removed 2413 rows and 2667 columns (presolve time = 15s) ...
Presolve removed 2413 rows and 2667 columns (presolve time = 22s) ...
Presolve removed 2413 rows and 2667 columns (presolve time = 27s) ...
Presolve removed 2413 rows and 2667 columns (presolve time = 31s) ...
Presolve removed 2413 rows and 2667 columns (presolve time = 39s) ...
Presolve removed 2413 rows and 3175 columns (presolve time = 41s) ...
Presolve removed 2413 rows and 3175 columns (presolve time = 53s) ...
Presolve removed 2413 rows and 3175 columns (presolve time = 58s) ...
Presolve removed 2413 rows and 3175 columns (presolve time = 61s) ...
Presolve removed 2413 rows and 3175 columns (presolve time = 69s) ...
Presolve removed 2413 rows and 3175 columns (presolve time = 75s) ...
Presolve removed 2413 rows and 3175 columns (presolve time = 75s) ...
Presolve removed 2413 rows and 3175 columns (presolve time = 84s) ...
Presolve removed 2413 rows and 3175 columns (presolve time = 90s) ...
Presolve removed 2413 rows and 3175 columns (presolve time = 97s) ...
Presolve removed 2413 rows and 3175 columns (presolve time = 100s) ...
Presolve removed 2413 rows and 3175 columns (presolve time = 105s) ...
Presolve removed 2413 rows and 3175 columns (presolve time = 110s) ...
Presolve removed 2413 rows and 3175 columns (presolve time = 116s) ...
Presolve removed 2413 rows and 3175 columns (presolve time = 120s) ...
Presolve removed 2413 rows and 3175 columns (presolve time = 125s) ...
Presolve removed 2413 rows and 3175 columns (presolve time = 130s) ...
Presolve removed 2413 rows and 3175 columns (presolve time = 135s) ...
Presolve removed 2413 rows and 3175 columns (presolve time = 140s) ...
Presolve removed 2413 rows and 3175 columns (presolve time = 145s) ...
Presolve removed 2413 rows and 3175 columns (presolve time = 150s) ...
Presolve removed 2413 rows and 3175 columns (presolve time = 155s) ...
Presolve removed 2413 rows and 3175 columns (presolve time = 160s) ...
Presolve removed 2413 rows and 3175 columns (presolve time = 165s) ...
Presolve removed 2413 rows and 3175 columns (presolve time = 170s) ...
Presolve removed 2413 rows and 3175 columns (presolve time = 175s) ...
Presolve removed 2413 rows and 3175 columns (presolve time = 180s) ...
Presolve removed 2413 rows and 3175 columns (presolve time = 185s) ...
Presolve removed 2413 rows and 3175 columns (presolve time = 190s) ...
Presolve removed 2413 rows and 3175 columns (presolve time = 195s) ...
Presolve removed 2413 rows and 3175 columns (presolve time = 200s) ...
Presolve removed 2413 rows and 3175 columns (presolve time = 205s) ...
Presolve removed 2413 rows and 3175 columns (presolve time = 210s) ...
Presolve removed 2413 rows and 3175 columns (presolve time = 215s) ...
Presolve removed 2413 rows and 3175 columns (presolve time = 220s) ...
Presolve removed 2413 rows and 3175 columns (presolve time = 225s) ...
Presolve removed 2413 rows and 3175 columns (presolve time = 232s) ...
Presolve removed 2413 rows and 3175 columns (presolve time = 243s) ...
Presolve removed 2413 rows and 3175 columns (presolve time = 248s) ...
Presolve removed 2413 rows and 3175 columns (presolve time = 251s) ...
Presolve removed 2413 rows and 3175 columns (presolve time = 259s) ...
Presolve removed 2413 rows and 3175 columns (presolve time = 265s) ...
Presolve removed 2413 rows and 3175 columns (presolve time = 265s) ...
Presolve removed 2413 rows and 3175 columns (presolve time = 274s) ...
Presolve removed 2413 rows and 3175 columns (presolve time = 279s) ...
Presolve removed 2413 rows and 3175 columns (presolve time = 280s) ...
Presolve removed 2413 rows and 3175 columns (presolve time = 286s) ...
Presolve removed 2413 rows and 3175 columns (presolve time = 290s) ...
Presolve removed 2413 rows and 3175 columns (presolve time = 295s) ...
Presolve removed 2413 rows and 3175 columns (presolve time = 301s) ...
Presolve removed 2413 rows and 3175 columns (presolve time = 305s) ...
Presolve removed 2413 rows and 3175 columns (presolve time = 310s) ...
Presolve removed 2413 rows and 3175 columns (presolve time = 317s) ...
Presolve removed 2413 rows and 3175 columns (presolve time = 320s) ...
Presolve removed 2413 rows and 3175 columns (presolve time = 332s) ...
Presolve removed 2413 rows and 3175 columns (presolve time = 337s) ...
Presolve removed 2413 rows and 3175 columns (presolve time = 340s) ...
Presolve removed 2413 rows and 3175 columns (presolve time = 345s) ...
Presolve removed 2413 rows and 3175 columns (presolve time = 350s) ...
Presolve removed 2413 rows and 3175 columns (presolve time = 355s) ...
Presolve removed 2413 rows and 3175 columns (presolve time = 360s) ...
Presolve removed 2413 rows and 3175 columns (presolve time = 365s) ...
Presolve removed 2413 rows and 3175 columns (presolve time = 372s) ...
Presolve removed 2413 rows and 3175 columns (presolve time = 376s) ...
Presolve removed 2413 rows and 3175 columns (presolve time = 380s) ...
Presolve removed 2413 rows and 3175 columns (presolve time = 385s) ...
Presolve removed 2413 rows and 3175 columns (presolve time = 390s) ...
Presolve removed 2413 rows and 3175 columns (presolve time = 395s) ...
Presolve removed 2413 rows and 3175 columns (presolve time = 400s) ...
Presolve removed 2413 rows and 3175 columns (presolve time = 405s) ...
Presolve removed 2413 rows and 3175 columns (presolve time = 410s) ...
Presolve removed 2413 rows and 3175 columns (presolve time = 415s) ...
Presolve removed 2413 rows and 3175 columns (presolve time = 420s) ...
Presolve removed 2413 rows and 3175 columns (presolve time = 431s) ...
Presolve removed 2413 rows and 3175 columns (presolve time = 440s) ...
Presolve removed 1975 rows and 2737 columns
Presolve time: 440.41s
Presolved: 23777882 rows, 1656876 columns, 225817510 nonzeros
Variable types: 174535 continuous, 1482341 integer (1482341 binary)
Root relaxation presolved: 1656876 rows, 25434758 columns, 227474386 nonzeros


Root simplex log...

Iteration    Objective       Primal Inf.    Dual Inf.      Time
       0    7.0435354e+04   0.000000e+00   1.399684e+05    759s
    4068    7.0435354e+04   0.000000e+00   7.764353e+06    760s
   11795    5.9506627e+04   0.000000e+00   3.271238e+07    767s
   13565    1.4009448e+03   0.000000e+00   2.241885e+09    774s
   14255    1.4007790e+03   0.000000e+00   5.241442e+10    783s
   14865    1.4006237e+03   0.000000e+00   2.131127e+10    793s
   15405    1.3316723e+02   0.000000e+00   1.481380e+12    804s
   15825    1.1470714e+02   0.000000e+00   5.597181e+09    813s
   17125    1.1209690e+02   0.000000e+00   7.412135e+08    825s
   18175    1.1074193e+02   0.000000e+00   3.060638e+09    837s
   18775    1.0924160e+02   0.000000e+00   1.977422e+08    848s
   20015    1.0761708e+02   0.000000e+00   1.918412e+08    861s
   21785    9.2746689e+01   0.000000e+00   1.172248e+08    873s
   23225    9.2346708e+01   0.000000e+00   1.429692e+08    887s
   24525    9.2224059e+01   0.000000e+00   3.711676e+08    899s
   25375    9.2195099e+01   0.000000e+00   1.741708e+08    912s
   26455    9.2150336e+01   0.000000e+00   1.438118e+08    925s
   27175    9.2129992e+01   0.000000e+00   2.038807e+08    938s
   28045    9.2101888e+01   0.000000e+00   1.064097e+08    951s
   28825    9.2036425e+01   0.000000e+00   1.734033e+08    966s
   29435    9.1957179e+01   0.000000e+00   2.388652e+08    980s
   29925    9.1902252e+01   0.000000e+00   1.470377e+08    994s
   30345    9.1861404e+01   0.000000e+00   1.345560e+08   1009s
   30725    9.1850030e+01   0.000000e+00   1.632300e+08   1022s
   31095    9.1843402e+01   0.000000e+00   1.674858e+08   1036s
   31465    9.1837195e+01   0.000000e+00   1.022664e+08   1051s
   31865    9.1834531e+01   0.000000e+00   1.393043e+08   1064s
   32275    9.1831548e+01   0.000000e+00   1.431544e+08   1079s
   32675    9.1829107e+01   0.000000e+00   1.134120e+08   1093s
   33075    9.1827122e+01   0.000000e+00   1.459453e+08   1107s
   33475    9.1824967e+01   0.000000e+00   6.455517e+07   1121s
   33875    9.1823146e+01   0.000000e+00   4.819357e+07   1136s
   34235    9.1819965e+01   0.000000e+00   2.391995e+08   1151s
   34625    9.1818248e+01   0.000000e+00   1.440591e+08   1166s
   35025    9.1816520e+01   0.000000e+00   4.779725e+07   1180s
   35425    9.1814243e+01   0.000000e+00   3.819157e+07   1196s

Root relaxation: time limit, 35559 iterations, 571.55 seconds (2271.56 work units)

    Nodes    |    Current Node    |     Objective Bounds      |     Work
 Expl Unexpl |  Obj  Depth IntInf | Incumbent    BestBd   Gap | It/Node Time

     0     0          -    0               - 1195801.01      -     - 1200s

Explored 1 nodes (35559 simplex iterations) in 1200.04 seconds (3582.63 work units)
Thread count was 1 (of 64 available processors)

Solution count 0

Time limit reached
Best objective -, best bound 1.195801010100e+06, gap -
Writing result files...
