Solving...
Starting with fixed depth 1
Set parameter Username
Academic license - for non-commercial use only - expires 2025-09-20
Set parameter Threads to value 1
Set parameter TimeLimit to value 1200
Gurobi Optimizer version 10.0.0 build v10.0.0rc2 (linux64)

CPU model: AMD EPYC 9124 16-Core Processor, instruction set [SSE2|AVX|AVX2|AVX512]
Thread count: 32 physical cores, 64 logical processors, using up to 1 threads

Optimize a model with 553017 rows, 358537 columns and 2458026 nonzeros
Model fingerprint: 0xe1d554b9
Variable types: 174097 continuous, 184440 integer (184440 binary)
Coefficient statistics:
  Matrix range     [1e-02, 1e+02]
  Objective range  [1e+00, 1e+00]
  Bounds range     [1e+00, 1e+02]
  RHS range        [1e+00, 1e+00]
Presolve removed 19 rows and 25 columns (presolve time = 5s) ...
Presolve added 419 rows and 413 columns
Presolve time: 6.06s
Presolved: 553436 rows, 358950 columns, 2396320 nonzeros
Variable types: 174535 continuous, 184415 integer (184415 binary)

Root simplex log...

Iteration    Objective       Primal Inf.    Dual Inf.      Time
       0    1.1906685e+06   6.345426e+06   0.000000e+00     15s
    3174    1.0101010e+02   4.735047e-01   0.000000e+00     20s
    4924    1.0101010e+02   8.580233e+00   0.000000e+00     25s
    6384    1.0101010e+02   8.535739e+00   0.000000e+00     30s
    7884    1.0101010e+02   7.185612e+00   0.000000e+00     35s
    9244    1.0101010e+02   7.645265e+00   0.000000e+00     40s
   10594    1.0101010e+02   5.568914e+00   0.000000e+00     45s
   12208    1.0101010e+02   2.020026e-01   1.151029e+11     50s
   15202    1.0101010e+02   2.020026e-01   1.252594e+11     55s
   17252    1.0101010e+02   2.008635e-01   1.240582e+11     60s
   20774    1.0100326e+02   4.770073e-02   4.008908e+10     65s
   29701    1.0100195e+02   1.548342e-02   2.439611e+11     72s
   38889    1.0100195e+02   1.548342e-02   2.439611e+11     77s
   43713    1.0100153e+02   1.169005e-02   2.293978e+11     80s
   44273    1.0100153e+02   1.169005e-02   2.293978e+11     85s
   44843    1.0100154e+02   1.167641e-02   4.073708e+11     90s
   46137   -5.7469236e+22   3.440334e+34   0.000000e+00     95s
   47215    1.0100963e+02   2.971003e+06   0.000000e+00    101s
   48285    1.0100962e+02   2.890965e+06   0.000000e+00    106s
   49345    1.0099811e+02   9.205316e+09   0.000000e+00    111s
   50245    1.0079098e+02   1.865150e+08   0.000000e+00    116s
   51245    1.0050213e+02   9.243155e+08   0.000000e+00    121s
   52085    9.9282213e+01   1.786593e+08   0.000000e+00    126s
   53125    9.9280224e+01   1.771798e+08   0.000000e+00    130s
   54155    9.9280224e+01   1.771710e+08   0.000000e+00    135s
   55455    9.9280224e+01   1.771614e+08   0.000000e+00    141s
   56505    9.9280221e+01   1.771539e+08   0.000000e+00    146s
   57555    9.8853450e+01   3.507030e+08   0.000000e+00    151s
   58555    9.8853450e+01   3.402209e+08   0.000000e+00    156s
   59535    9.8723936e+01   3.281871e+08   0.000000e+00    160s
   60555    9.8723916e+01   3.283383e+08   0.000000e+00    165s
   61765    9.8594880e+01   6.417883e+09   0.000000e+00    171s
   62775    9.8585012e+01   2.042852e+08   0.000000e+00    176s
   63845    9.8549747e+01   1.853356e+08   0.000000e+00    181s
   64935    9.8541707e+01   1.849905e+08   0.000000e+00    186s
   65895    9.8227430e+01   2.487658e+09   0.000000e+00    191s
   66865    9.8221610e+01   7.704162e+08   0.000000e+00    195s
   68179    9.8185780e+01   7.476739e+08   0.000000e+00    200s
   69463    9.8125297e+01   1.666142e+08   0.000000e+00    205s
   70563    9.8083399e+01   2.690429e+10   0.000000e+00    211s
   71707    9.8038427e+01   1.681406e+08   0.000000e+00    216s
   75028    9.8008602e+01   1.021732e+07   0.000000e+00    220s
   77278    9.7990926e+01   1.463243e+08   0.000000e+00    225s
   80933    9.7965693e+01   6.234620e+07   0.000000e+00    230s
   93139    9.7939132e+01   7.277677e+07   0.000000e+00    235s
  100418    9.7888214e+01   5.980493e+06   0.000000e+00    240s
  104049    9.7872113e+01   6.989345e+05   0.000000e+00    245s
  110814    9.7853939e+01   1.900668e+06   0.000000e+00    250s
  113416    9.7851102e+01   1.366620e+06   0.000000e+00    255s
  116838    9.7846344e+01   4.375161e+06   0.000000e+00    260s
  119406    9.7844431e+01   1.345309e+05   0.000000e+00    265s
  121536    9.7844315e+01   1.118128e+06   0.000000e+00    270s
  123536    9.7844128e+01   1.502419e+05   0.000000e+00    275s
  125390    9.7843918e+01   1.243244e+05   0.000000e+00    280s
  127030    9.7843863e+01   2.051250e+04   0.000000e+00    286s
  128350    9.7843813e+01   9.700716e+03   0.000000e+00    291s
  129840    9.7843780e+01   3.270155e+03   0.000000e+00    295s
  131050    9.7843766e+01   2.179639e+01   0.000000e+00    301s
  131770    9.7843766e+01   7.396790e+00   0.000000e+00    306s
  132520    9.7843766e+01   1.546807e+01   0.000000e+00    311s
  133260    9.7843766e+01   2.330193e+01   0.000000e+00    316s
  134010    9.7843760e+01   7.696586e+00   0.000000e+00    321s
  134730    9.7843753e+01   4.558965e+01   0.000000e+00    326s
  135480    9.7843748e+01   2.079828e+00   0.000000e+00    331s
  136220    9.7843740e+01   2.461664e+00   0.000000e+00    336s
  136870    9.7843728e+01   4.732226e+01   0.000000e+00    340s
  137670    9.7843721e+01   3.472098e+00   0.000000e+00    346s
  138340    9.7843705e+01   4.781120e+00   0.000000e+00    351s
  138990    9.7843693e+01   2.623440e+00   0.000000e+00    355s
  139890    9.7843668e+01   1.373842e+01   0.000000e+00    361s
  140600    9.7843612e+01   7.002531e+00   0.000000e+00    366s
  141320    9.7843551e+01   9.790575e+00   0.000000e+00    370s
  142270    9.7843406e+01   2.939836e+02   0.000000e+00    376s
  143160    9.7825624e+01   2.390669e+06   0.000000e+00    381s
  143960    9.7813418e+01   1.136076e+05   0.000000e+00    385s
  144960    9.7810490e+01   7.439118e+04   0.000000e+00    390s
  145228    9.6059601e+01   0.000000e+00   0.000000e+00    392s

Use crossover to convert LP symmetric solution to basic solution...

Root crossover log...

    7938 DPushes remaining with DInf 0.0000000e+00               392s
       0 DPushes remaining with DInf 0.0000000e+00               392s

    4619 PPushes remaining with PInf 0.0000000e+00               392s
       0 PPushes remaining with PInf 0.0000000e+00               392s

  Push phase complete: Pinf 0.0000000e+00, Dinf 1.1027623e-11    392s


Root simplex log...

Iteration    Objective       Primal Inf.    Dual Inf.      Time
  157617    9.6059601e+01   0.000000e+00   0.000000e+00    392s

Root relaxation: objective 9.605960e+01, 157617 iterations, 379.44 seconds (934.82 work units)
Total elapsed time = 735.32s

    Nodes    |    Current Node    |     Objective Bounds      |     Work
 Expl Unexpl |  Obj  Depth IntInf | Incumbent    BestBd   Gap | It/Node Time

     0     0   96.05960    0 17438          -   96.05960      -     -  745s
H    0     0                      92.2518754   96.05960  4.13%     -  759s
     0     0   96.05960    0 17583   92.25188   96.05960  4.13%     - 1200s

Cutting planes:
  Zero half: 4
  RLT: 1437
  BQP: 10682

Explored 1 nodes (263969 simplex iterations) in 1200.05 seconds (4013.44 work units)
Thread count was 1 (of 64 available processors)

Solution count 1: 92.2519 

Time limit reached
Best objective 9.225187544926e+01, best bound 9.605960100000e+01, gap 4.1275%
Tree policy:
return 'process1_cmd_0'
Optimal decision tree (depth=1) value: 92.25187544925717
Writing result files...
