Solving...
Starting with fixed depth 4
Set parameter Username
Academic license - for non-commercial use only - expires 2025-09-20
Set parameter Threads to value 1
Set parameter TimeLimit to value 1200
Gurobi Optimizer version 10.0.0 build v10.0.0rc2 (linux64)

CPU model: AMD EPYC 9124 16-Core Processor, instruction set [SSE2|AVX|AVX2|AVX512]
Thread count: 32 physical cores, 64 logical processors, using up to 1 threads

Optimize a model with 335815 rows, 82830 columns and 2322210 nonzeros
Model fingerprint: 0xf4f506d1
Variable types: 16460 continuous, 66370 integer (66370 binary)
Coefficient statistics:
  Matrix range     [1e-02, 1e+02]
  Objective range  [1e+00, 1e+00]
  Bounds range     [1e+00, 1e+02]
  RHS range        [1e+00, 4e+00]
Presolve removed 90 rows and 135 columns
Presolve time: 4.85s
Presolved: 335725 rows, 82695 columns, 2272240 nonzeros
Variable types: 16460 continuous, 66235 integer (66235 binary)
Found heuristic solution: objective -99.9999995
Root relaxation presolved: 82695 rows, 418420 columns, 2354935 nonzeros


Root simplex log...

Iteration    Objective       Primal Inf.    Dual Inf.      Time
       0    0.0000000e+00   0.000000e+00   2.635300e+04      8s
   56894   -4.7710548e+01   0.000000e+00   0.000000e+00      9s
   56894   -4.7710548e+01   0.000000e+00   0.000000e+00      9s

Root relaxation: objective -4.771055e+01, 56894 iterations, 2.66 seconds (7.02 work units)

    Nodes    |    Current Node    |     Objective Bounds      |     Work
 Expl Unexpl |  Obj  Depth IntInf | Incumbent    BestBd   Gap | It/Node Time

     0     0  -47.71055    0 7316 -100.00000  -47.71055  52.3%     -   16s
     0     0  -47.71055    0 11322 -100.00000  -47.71055  52.3%     -   24s
     0     0  -47.71055    0 11471 -100.00000  -47.71055  52.3%     -   39s
     0     0  -47.71055    0 11471 -100.00000  -47.71055  52.3%     -   42s
     0     0  -47.71055    0 10834 -100.00000  -47.71055  52.3%     -   58s
     0     0  -47.71055    0 10836 -100.00000  -47.71055  52.3%     -   60s
     0     0  -47.71055    0 10392 -100.00000  -47.71055  52.3%     -   73s
     0     0  -47.71055    0 13843 -100.00000  -47.71055  52.3%     -   87s
     0     0  -47.71055    0 13839 -100.00000  -47.71055  52.3%     -   89s
     0     0  -47.71055    0 9186 -100.00000  -47.71055  52.3%     -  109s
     0     0  -47.71055    0 9186 -100.00000  -47.71055  52.3%     -  117s
     0     2  -47.71055    0 9186 -100.00000  -47.71055  52.3%     -  141s
     5     7  -47.71055    5 6249 -100.00000  -47.71055  52.3%  1207  145s
    13    15  -47.71055   11 5969 -100.00000  -47.71055  52.3%   641  150s
    22    24  -57.24677   17 17466 -100.00000  -47.71055  52.3%   660  159s
    23    25  -49.36934   17 10050 -100.00000  -47.71055  52.3%   636  160s
    32    30  -63.18409   23 6892 -100.00000  -47.71055  52.3%   626  165s
    41    39  -63.18409   30 8375 -100.00000  -47.71055  52.3%   583  170s
    45    43  -63.18409   32 5710 -100.00000  -47.71055  52.3%   582  175s
    51    49  -63.18409   35 9037 -100.00000  -47.71055  52.3%   816  181s
    57    55  -63.18409   39 9978 -100.00000  -47.71055  52.3%   885  185s
    71    69  -63.18409   48 11682 -100.00000  -47.71055  52.3%   788  190s
    78    76  -63.48945   52 7736 -100.00000  -47.71055  52.3%   850  197s
    80    76  -74.60503   53 6951 -100.00000  -47.71055  52.3%   919  202s
    81    77  -75.15107   54 3063 -100.00000  -47.71055  52.3%   986  206s
    82    78  -90.30557   54 6357 -100.00000  -47.71055  52.3%  1335  233s
    83    79  -83.45388   55 4812 -100.00000  -47.71055  52.3%  1407  242s
    85    81  -84.86445   56 4812 -100.00000  -47.71055  52.3%  1412  245s
    88    84  -89.55291   57 4610 -100.00000  -47.71055  52.3%  1484  252s
    89    85  -99.99999   58 1172 -100.00000  -47.71055  52.3%  1556  256s
    94    90  -92.45462   61 2804 -100.00000  -47.71055  52.3%  1500  260s
   103    99  -95.69099   65  699 -100.00000  -47.71055  52.3%  1452  265s
*  106    94              67     -99.9996307  -47.71055  52.3%  1441  266s
*  107    89              67     -98.1926967  -47.71055  51.4%  1432  266s
   119    97  -47.79388   13 7412  -98.19270  -47.71055  51.4%  1319  270s
   144   122  -47.79388   29 5379  -98.19270  -47.71055  51.4%  1133  275s
   153   131  -49.59253   36 3800  -98.19270  -47.71055  51.4%  1105  280s
H  156   132                     -98.1926306  -47.71055  51.4%  1085  280s
   177   153  -49.59253   51 6027  -98.19263  -47.71055  51.4%  1003  285s
H  182   150                     -95.2844207  -47.71055  49.9%   981  292s
   196   165  -51.82149   62 6480  -95.28442  -47.71055  49.9%   944  295s
   233   190  -47.71055   21 7136  -95.28442  -47.71055  49.9%   809  300s
   259   216  -47.71055   37 8243  -95.28442  -47.71055  49.9%   743  305s
   278   235  -47.71055   51 9536  -95.28442  -47.71055  49.9%   739  310s
   292   249  -58.91732   61 6350  -95.28442  -47.71055  49.9%   774  317s
   296   253  -58.91732   64 7456  -95.28442  -47.71055  49.9%   788  320s
   297   254  -79.23373   65 13591  -95.28442  -47.71055  49.9%   818  327s
   300   255  -79.25926   67 14068  -95.28442  -47.71055  49.9%   823  330s
   304   257     cutoff   71       -95.28442  -47.71055  49.9%   829  338s
   306   257     cutoff   71       -95.28442  -47.71055  49.9%   840  345s
   308   255     cutoff   71       -95.28442  -47.71055  49.9%   854  350s
   310   255     cutoff   70       -95.28442  -47.71055  49.9%   860  355s
   325   268  -48.16687   18 4907  -95.28442  -47.71055  49.9%   835  360s
   337   280  -57.61365   22 4316  -95.28442  -47.71055  49.9%   843  365s
H  342   281                     -92.9625602  -47.71055  48.7%   839  370s
   354   295  -48.16687   31 6224  -92.96256  -47.71055  48.7%   857  375s
H  368   303                     -92.1357707  -47.71055  48.2%   860  379s
   370   307  -48.61920   41 6089  -92.13577  -47.71055  48.2%   861  380s
   384   321  -49.42321   49 5637  -92.13577  -47.71055  48.2%   869  385s
   400   337  -51.44989   59 10834  -92.13577  -47.71055  48.2%   879  391s
   405   342  -66.14792   63 7808  -92.13577  -47.71055  48.2%   884  395s
   411   346  -48.16687   64 8657  -92.13577  -47.71055  48.2%   896  400s
   412   345     cutoff   65       -92.13577  -47.71055  48.2%   919  405s
H  420   338                     -88.1532000  -47.71055  45.9%   913  408s
   424   344  -48.16687   60 4681  -88.15320  -47.71055  45.9%   909  410s
   432   352  -71.92348   66 6903  -88.15320  -47.71055  45.9%   949  415s
   437   357  -83.23332   69 8013  -88.15320  -47.71055  45.9%   994  422s
   440   360  -70.37860   71 6167  -88.15320  -47.71055  45.9%  1019  426s
   444   364  -73.07263   74 8867  -88.15320  -47.71055  45.9%  1050  432s
   446   364  -59.51997   72 6442  -88.15320  -47.71055  45.9%  1053  435s
   452   362     cutoff   76       -88.15320  -47.71055  45.9%  1102  452s
   454   362     cutoff   75       -88.15320  -47.71055  45.9%  1151  462s
   457   361     cutoff   76       -88.15320  -47.71055  45.9%  1188  480s
   470   374  -73.07263   88 7109  -88.15320  -47.71055  45.9%  1155  485s
   498   402  -73.07263  116 7053  -88.15320  -47.71055  45.9%  1090  491s
   508   406     cutoff  119       -88.15320  -47.71055  45.9%  1091  495s
H  510   407                     -88.1531587  -47.71055  45.9%  1087  497s
   511   408  -47.71055   21 9186  -88.15316  -47.71055  45.9%  1085  582s
   513   409  -47.71055   12 14595  -88.15316  -47.71055  45.9%  1080  617s
   514   410  -47.79388   30 15646  -88.15316  -47.71055  45.9%  1078  634s
   515   411  -48.16687   20 11348  -88.15316  -47.71055  45.9%  1076  647s
   516   411  -47.79388   23 10839  -88.15316  -47.71055  45.9%  1074  662s
   517   412  -47.71055   22 6980  -88.15316  -47.71055  45.9%  1072  668s
   518   413  -51.82149   63 9178  -88.15316  -47.71055  45.9%  1070  680s
   519   413  -48.61920   67 8092  -88.15316  -47.71055  45.9%  1068  686s
   520   414  -48.61920   64 13636  -88.15316  -47.71055  45.9%  1066  702s
   521   415  -66.14792   64 13636  -88.15316  -47.71055  45.9%  1064  716s
H  521   394                     -87.6987385  -47.71055  45.6%  1064  730s
   523   395  -73.07263   85 11943  -87.69874  -47.71055  45.6%  1060  735s
   524   396  -48.16687   61 15548  -87.69874  -47.71055  45.6%  1058  750s
   525   396  -47.71055    1 15090  -87.69874  -47.71055  45.6%  1056  757s
   526   397  -48.16687   58 11150  -87.69874  -47.71055  45.6%  1054  770s
   527   398  -48.16687   56 14477  -87.69874  -47.71055  45.6%  1052  788s
   528   398  -48.16687   36 14383  -87.69874  -47.71055  45.6%  1050  803s
   529   399  -73.07263   98 11097  -87.69874  -47.71055  45.6%  1048  808s
   530   400  -49.59253   57 13348  -87.69874  -47.71055  45.6%  1046  822s
   531   400  -73.07263   79 13938  -87.69874  -47.71055  45.6%  1044  837s
   532   401  -58.91732   64 13976  -87.69874  -47.71055  45.6%  1042  849s
   533   402  -47.71055   12 13976  -87.69874  -47.71055  45.6%  1040  863s
H  533   381                     -87.6987208  -47.71055  45.6%  1040  867s
   534   381  -47.79388   32 13976  -87.69872  -47.71055  45.6%  1038  875s
   535   384  -47.71055   13 14537  -87.69872  -47.71055  45.6%  1238  896s
   536   385  -47.71055   13 11156  -87.69872  -47.71055  45.6%  1236  901s
   540   387  -47.71055   15 5795  -87.69872  -47.71055  45.6%  1228  905s
   544   390  -47.71055   17 7635  -87.69872  -47.71055  45.6%  1230  910s
   552   395  -47.71055   21 3719  -87.69872  -47.71055  45.6%  1214  915s
   557   399  -69.03709   24 3819  -87.69872  -47.71055  45.6%  1220  920s
H  560   380                     -87.6958874  -47.71055  45.6%  1216  923s
   564   384  -47.71055   27 3726  -87.69589  -47.71055  45.6%  1208  927s
   570   386  -60.57750   30 5354  -87.69589  -47.71055  45.6%  1207  930s
   583   389  -58.22525   37 4679  -87.69589  -47.71055  45.6%  1186  941s
   589   387  -62.89224   40 4177  -87.69589  -47.71055  45.6%  1175  948s
   591   386  -69.11385   41 3689  -87.69589  -47.71055  45.6%  1171  953s
   599   382  -47.71145   21 6782  -87.69589  -47.71055  45.6%  1161  958s
   600   382  -51.15749   22 4854  -87.69589  -47.71055  45.6%  1162  962s
   602   384  -53.06464   23 3428  -87.69589  -47.71055  45.6%  1164  966s
   604   383  -54.95044   24 6178  -87.69589  -47.71055  45.6%  1165  970s
   606   384  -56.83827   25 3388  -87.69589  -47.71055  45.6%  1165  975s
   612   386  -79.02455   28 5006  -87.69589  -47.71055  45.6%  1163  985s
   621   384  -85.68912   32 6272  -87.69589  -47.71055  45.6%  1160 1046s
   622   385  -81.72359   33 4707  -87.69589  -47.71055  45.6%  1175 1075s
   624   386  -85.68914   34 6276  -87.69589  -47.71055  45.6%  1187 1104s
   625   387  -80.34274   34 2354  -87.69589  -47.71055  45.6%  1185 1105s
   627   388  -85.68914   35 6272  -87.69589  -47.71055  45.6%  1210 1167s

Cutting planes:
  Gomory: 5
  Lift-and-project: 3
  MIR: 15
  Flow cover: 195
  Zero half: 215

Explored 629 nodes (841051 simplex iterations) in 1200.05 seconds (3000.99 work units)
Thread count was 1 (of 64 available processors)

Solution count 10: -87.6959 -87.6987 -87.6987 ... -98.1927

Time limit reached
Best objective -8.769588738093e+01, best bound -4.771054798326e+01, gap 45.5955%
Tree policy:
if gem <= 0.0:
    if required_gem <= 4.0:
        if x <= 2.0:
            if y <= 4.0:
                return 'top'
            else:
                return 'right'
        else:
            if required_gem <= 0.0:
                return 'down'
            else:
                return '__random__'
    else:
        if required_gold <= 4.0:
            if y <= 4.0:
                return 'top'
            else:
                return 'right'
        else:
            if gold <= 0.0:
                return 'top'
            else:
                return 'down'
else:
    if required_gem <= 5.0:
        return 'down'
    else:
        if required_gem <= 5.0:
            return 'right'
        else:
            if required_gem <= 5.0:
                return 'right'
            else:
                return 'down'
Optimal decision tree (depth=4) value: -87.69588738093287
Writing result files...
