Solving...
Starting with fixed depth 1
Set parameter Username
Academic license - for non-commercial use only - expires 2025-09-20
Set parameter Threads to value 1
Set parameter TimeLimit to value 1200
Gurobi Optimizer version 10.0.0 build v10.0.0rc2 (linux64)

CPU model: AMD EPYC 9124 16-Core Processor, instruction set [SSE2|AVX|AVX2|AVX512]
Thread count: 32 physical cores, 64 logical processors, using up to 1 threads

Optimize a model with 59259 rows, 36252 columns and 237326 nonzeros
Model fingerprint: 0xfee33a0f
Variable types: 16460 continuous, 19792 integer (19792 binary)
Coefficient statistics:
  Matrix range     [1e-02, 1e+02]
  Objective range  [1e+00, 1e+00]
  Bounds range     [1e+00, 1e+02]
  RHS range        [1e+00, 1e+00]
Presolve removed 6 rows and 9 columns
Presolve time: 0.36s
Presolved: 59253 rows, 36243 columns, 234006 nonzeros
Variable types: 16460 continuous, 19783 integer (19783 binary)

Root simplex log...

Iteration    Objective       Primal Inf.    Dual Inf.      Time
   16280   -4.7757382e+01   1.742912e+03   0.000000e+00      5s
   18288   -4.7710548e+01   0.000000e+00   0.000000e+00      6s

Root relaxation: objective -4.771055e+01, 18288 iterations, 5.71 seconds (17.42 work units)

    Nodes    |    Current Node    |     Objective Bounds      |     Work
 Expl Unexpl |  Obj  Depth IntInf | Incumbent    BestBd   Gap | It/Node Time

     0     0  -47.71055    0 3430          -  -47.71055      -     -    7s
H    0     0                     -99.9999995  -47.71055  52.3%     -    7s
     0     0  -47.71055    0 3445 -100.00000  -47.71055  52.3%     -   11s
     0     0  -47.71055    0 3448 -100.00000  -47.71055  52.3%     -   21s
H    0     0                     -99.9999995  -47.71055  52.3%     -   21s
     0     0  -47.71055    0 3448 -100.00000  -47.71055  52.3%     -   22s
     0     0  -47.71055    0 3416 -100.00000  -47.71055  52.3%     -   31s
     0     0  -47.71055    0 3416 -100.00000  -47.71055  52.3%     -   32s
     0     0  -47.71055    0 3315 -100.00000  -47.71055  52.3%     -   38s
     0     0  -47.71055    0 3310 -100.00000  -47.71055  52.3%     -   40s
     0     2  -47.71055    0 3310 -100.00000  -47.71055  52.3%     -   43s
     2     4  -47.75118    1 13172 -100.00000  -47.71055  52.3%  8180   46s
     4     6  -47.75118    2 12230 -100.00000  -47.71055  52.3%  7798   50s
     6     8  -47.75118    3 12230 -100.00000  -47.71055  52.3%  7753   57s
     8    10  -47.75118    4 11772 -100.00000  -47.71055  52.3%  7687   68s
    14    16  -47.71055   10 5027 -100.00000  -47.71055  52.3%  4871   70s
    17    19  -47.71055   12 5604 -100.00000  -47.71055  52.3%  5001   75s
    19    21  -47.71055   13 5939 -100.00000  -47.71055  52.3%  5266   81s
    22    24  -47.71055   14 4938 -100.00000  -47.71055  52.3%  5585   88s
    24    26  -86.30977   15 11530 -100.00000  -47.71055  52.3%  5902   93s
*   25    25              16     -99.9999308  -47.71055  52.3%  5720   94s
    26    26  -81.51693   16 6592  -99.99993  -47.71055  52.3%  5706   96s
*   28    26              17     -99.1257490  -47.71055  51.9%  5524  100s
    33    25  -50.77307    6 12139  -99.12575  -47.71055  51.9%  5255  105s
    38    28  -95.39828    9 9882  -99.12575  -47.71055  51.9%  5092  113s
    40    26     cutoff   10       -99.12575  -47.71055  51.9%  4982  116s
    44    26  -47.76936    8 13176  -99.12575  -47.71055  51.9%  4910  123s
    48    26  -64.17185   10 11284  -99.12575  -47.71055  51.9%  4635  125s
    52    28  -95.78760   13 7990  -99.12575  -47.71055  51.9%  4637  134s
    53    29  -98.08781   14 4206  -99.12575  -47.71055  51.9%  4743  140s
    60    26     cutoff   11       -99.12575  -47.71055  51.9%  4586  145s
    64    28  -90.71898   13 11483  -99.12575  -47.71055  51.9%  4485  150s
    67    31  -98.77407   16 4803  -99.12575  -47.71055  51.9%  4417  155s
    71    27     cutoff   16       -99.12575  -47.71055  51.9%  4366  161s
    72    28  -47.77362    9 13176  -99.12575  -47.71055  51.9%  4521  166s
    75    29  -80.14677   11 12548  -99.12575  -47.71055  51.9%  4722  179s
    76    30  -92.37652   12 11215  -99.12575  -47.71055  51.9%  4755  185s
    78    32  -98.83681   14 8549  -99.12575  -47.71055  51.9%  4702  191s
    82    30     cutoff   15       -99.12575  -47.71055  51.9%  4592  198s
    85    29  -47.75660    6 12543  -99.12575  -47.71055  51.9%  4615  201s
    88    28     cutoff    8       -99.12575  -47.71055  51.9%  4554  205s
    89    29  -96.16486    8 9882  -99.12575  -47.71055  51.9%  4626  213s
    91    29  -97.38777    9 7221  -99.12575  -47.71055  51.9%  4609  219s
    93    27     cutoff   10       -99.12575  -47.71055  51.9%  4569  223s
    94    28  -47.71835    7 13176  -99.12575  -47.71055  51.9%  4683  226s
    97    29  -84.20262    9 13176  -99.12575  -47.71055  51.9%  4695  230s
    98    30  -94.53654   10 10919  -99.12575  -47.71055  51.9%  4750  235s
    99    31  -98.44743   11 8662  -99.12575  -47.71055  51.9%  4746  240s
   107    27  -47.71055   16 7880  -99.12575  -47.71055  51.9%  4515  245s
   111    27     cutoff   19       -99.12575  -47.71055  51.9%  4771  259s
   114    28     cutoff   21       -99.12575  -47.71055  51.9%  4706  261s
   115    27     cutoff   21       -99.12575  -47.71055  51.9%  4787  268s
   117    27  -47.77349   15 13176  -99.12575  -47.71055  51.9%  4879  272s
   120    28  -93.12044   17 5044  -99.12575  -47.71055  51.9%  4859  275s
   124    26     cutoff   19       -99.12575  -47.71055  51.9%  4832  280s
   131    25     cutoff   20       -99.12575  -47.71055  51.9%  4680  285s
   133    27  -72.87786   18 8565  -99.12575  -47.71055  51.9%  4738  291s
   134    28  -98.83746   19 7085  -99.12575  -47.71055  51.9%  4854  302s
   135    27     cutoff   20       -99.12575  -47.71055  51.9%  4893  307s
   141    27     cutoff   22       -99.12575  -47.71055  51.9%  4801  311s
   188    72  -97.62231   67 5592  -99.12575  -47.71055  51.9%  3631  315s
   230   108     cutoff  107       -99.12575  -47.71055  51.9%  3030  320s
   234   108  -47.72922   19 11350  -99.12575  -47.71055  51.9%  3096  327s
   239   107     cutoff   22       -99.12575  -47.71055  51.9%  3100  330s
   246   108  -83.61590   20 9882  -99.12575  -47.71055  51.9%  3129  337s
   251   107  -47.71055   20 6629  -99.12575  -47.71055  51.9%  3169  343s
   252   106     cutoff   21       -99.12575  -47.71055  51.9%  3196  346s
   257   107  -93.20779   15 6592  -99.12575  -47.72163  51.9%  3223  351s
   261   105     cutoff   16       -99.12575  -47.72163  51.9%  3211  355s
   262   106  -97.50774   15 11530  -99.12575  -47.72163  51.9%  3237  363s
   263   105     cutoff   16       -99.12575  -47.72163  51.9%  3260  370s
   272   102  -91.82768    5 9409  -99.12575  -47.75118  51.8%  3208  378s
   274   100     cutoff    6       -99.12575  -47.75118  51.8%  3241  387s
*  278    18              15     -95.1407375  -47.76007  49.8%  3211  388s
   285    17  -87.54188    2 13172  -95.14074  -48.08682  49.5%  3180  397s
   289    15     cutoff    4       -95.14074  -48.08682  49.5%  3165  403s
   291    15     cutoff    6       -95.14074  -48.08682  49.5%  3174  406s
   293    17  -93.47234    7 9882  -95.14074  -48.08682  49.5%  3202  416s
   295    15     cutoff    8       -95.14074  -48.08682  49.5%  3212  421s
   302    14     cutoff   15       -95.14074  -48.08682  49.5%  3197  428s
   303    13     cutoff   13       -95.14074  -48.08682  49.5%  3214  430s
   307    15  -94.04975    6 9882  -95.14074  -48.08682  49.5%  3213  435s
   309    13     cutoff    7       -95.14074  -48.08682  49.5%  3238  443s
   313    13  -66.54529   15 9250  -95.14074  -64.17185  32.6%  3244  447s
   315    13     cutoff   17       -95.14074  -64.17185  32.6%  3248  450s
   317    13     cutoff   18       -95.14074  -64.17185  32.6%  3271  460s
   325    11     cutoff   17       -95.14074  -64.17185  32.6%  3257  465s
   327    11     cutoff   12       -95.14074  -73.11220  23.2%  3264  471s
   331     7     cutoff   23       -95.14074  -80.14677  15.8%  3267  476s
   338     2     cutoff   16       -95.14074  -90.74185  4.62%  3238  486s

Cutting planes:
  Gomory: 1
  Implied bound: 18
  MIR: 7
  Flow cover: 10
  Zero half: 228
  RLT: 1418
  Relax-and-lift: 1

Explored 340 nodes (1151424 simplex iterations) in 486.50 seconds (1324.85 work units)
Thread count was 1 (of 64 available processors)

Solution count 5: -95.1407 -99.1257 -99.9999 ... -100

Optimal solution found (tolerance 1.00e-04)
Warning: max constraint violation (6.1076e-06) exceeds tolerance
Warning: max bound violation (5.9486e-06) exceeds tolerance
Best objective -9.514073751846e+01, best bound -9.513990466989e+01, gap 0.0009%
Tree policy:
if gem <= 0.0:
    return 'top'
else:
    return 'down'
Optimal decision tree (depth=1) value: -95.14073751846024
Writing result files...
