Solving...
Starting with fixed depth 2
Set parameter Username
Academic license - for non-commercial use only - expires 2025-09-20
Set parameter Threads to value 1
Set parameter TimeLimit to value 1200
Gurobi Optimizer version 10.0.0 build v10.0.0rc2 (linux64)

CPU model: AMD EPYC 9124 16-Core Processor, instruction set [SSE2|AVX|AVX2|AVX512]
Thread count: 32 physical cores, 64 logical processors, using up to 1 threads

Optimize a model with 98767 rows, 42906 columns and 488138 nonzeros
Model fingerprint: 0x7741844b
Variable types: 16460 continuous, 26446 integer (26446 binary)
Coefficient statistics:
  Matrix range     [1e-02, 1e+02]
  Objective range  [1e+00, 1e+00]
  Bounds range     [1e+00, 1e+02]
  RHS range        [1e+00, 2e+00]
Presolve removed 18 rows and 27 columns
Presolve time: 0.75s
Presolved: 98749 rows, 42879 columns, 478168 nonzeros
Variable types: 16460 continuous, 26419 integer (26419 binary)
Root relaxation presolved: 98749 rows, 42879 columns, 478168 nonzeros


Root simplex log...

Iteration    Objective       Primal Inf.    Dual Inf.      Time
   13461   -4.7710590e+01   3.866755e+03   0.000000e+00      5s
   18081   -4.7710969e+01   5.681105e+02   0.000000e+00     10s
   21367   -4.7710548e+01   0.000000e+00   0.000000e+00     15s

Root relaxation: objective -4.771055e+01, 21367 iterations, 13.76 seconds (45.41 work units)
Total elapsed time = 15.41s

    Nodes    |    Current Node    |     Objective Bounds      |     Work
 Expl Unexpl |  Obj  Depth IntInf | Incumbent    BestBd   Gap | It/Node Time

     0     0  -47.71055    0 3430          -  -47.71055      -     -   15s
H    0     0                     -99.9999995  -47.71055  52.3%     -   16s
     0     0  -47.71055    0 3434 -100.00000  -47.71055  52.3%     -   20s
H    0     0                     -99.9999995  -47.71055  52.3%     -   20s
     0     0  -47.71055    0 3439 -100.00000  -47.71055  52.3%     -   35s
     0     0  -47.71055    0 3435 -100.00000  -47.71055  52.3%     -   36s
     0     0  -47.71055    0 3423 -100.00000  -47.71055  52.3%     -   44s
     0     0  -47.71055    0 3906 -100.00000  -47.71055  52.3%     -   65s
     0     0  -47.71055    0 3959 -100.00000  -47.71055  52.3%     -   77s
     0     0  -47.71055    0 3960 -100.00000  -47.71055  52.3%     -   78s
     0     0  -47.71055    0 5576 -100.00000  -47.71055  52.3%     -   90s
     0     0  -47.71055    0 5576 -100.00000  -47.71055  52.3%     -   91s
     0     2  -47.71055    0 3320 -100.00000  -47.71055  52.3%     -  103s
     2     4  -47.71055    1 3314 -100.00000  -47.71055  52.3%  3039  105s
     7     9  -47.75118    4 11288 -100.00000  -47.71055  52.3%  5227  111s
     9    11  -47.73126    5 12544 -100.00000  -47.71055  52.3%  5670  115s
    15    17  -47.71055   10 4694 -100.00000  -47.71055  52.3%  4778  120s
    17    19  -47.71055   11 5615 -100.00000  -47.71055  52.3%  5006  125s
    19    21  -47.71055   12 4458 -100.00000  -47.71055  52.3%  5368  130s
*   23    23              14     -99.9999848  -47.71055  52.3%  5210  134s
    25    23     cutoff   16       -99.99998  -47.71055  52.3%  4802  135s
    27    23  -81.43663   16 11530  -99.99998  -47.71055  52.3%  5057  144s
    28    24  -81.49147   17 9880  -99.99998  -47.71055  52.3%  4893  145s
    30    26  -96.63347   18 8233  -99.99998  -47.71055  52.3%  5022  155s
*   31    25              19     -99.2192575  -47.71055  51.9%  4923  156s
    35    23     cutoff   20       -99.21926  -47.71055  51.9%  4557  161s
*   36    22              20     -99.1261928  -47.71055  51.9%  4442  161s
    38    24  -61.33142    4 13176  -99.12619  -47.71055  51.9%  4698  166s
    40    24     cutoff    6       -99.12619  -47.71055  51.9%  4608  170s
    43    25  -94.68938    6 10355  -99.12619  -47.71055  51.9%  4611  190s
    45    23     cutoff    7       -99.12619  -47.71055  51.9%  4633  206s
    46    24  -96.95428    6 8467  -99.12619  -47.71055  51.9%  4754  223s
    47    23     cutoff    7       -99.12619  -47.71055  51.9%  4845  244s
    48    22     cutoff    7       -99.12619  -47.71055  51.9%  4773  246s
    49    23  -47.71835    7 13176  -99.12619  -47.71055  51.9%  4987  251s
    51    25  -79.27824    9 13172  -99.12619  -47.71055  51.9%  5119  259s
    53    25  -92.94462   10 10915  -99.12619  -47.71055  51.9%  5065  264s
    56    24  -98.58272   11 8658  -99.12619  -47.71055  51.9%  4947  269s
    57    25  -98.66121   12 7622  -99.12619  -47.71055  51.9%  4870  270s
    61    23  -47.71835    8 13176  -99.12619  -47.71055  51.9%  4844  277s
    62    24  -75.07547    9 13176  -99.12619  -47.71055  51.9%  4874  287s
    65    23  -93.52326   10 10919  -99.12619  -47.71055  51.9%  4870  295s
    67    25  -99.02483   12 4148  -99.12619  -47.71055  51.9%  4821  301s
    73    23  -47.71124    3 11175  -99.12619  -47.71055  51.9%  4742  312s
H   79    23                     -99.1260768  -47.71055  51.9%  4485  314s
    83    27  -49.51207    8 10677  -99.12608  -47.71055  51.9%  4340  315s
   105    41  -47.71055    7 10603  -99.12608  -47.71055  51.9%  3959  349s
   106    42  -47.71055    8 15969  -99.12608  -47.71055  51.9%  4236  379s
   108    44  -47.71055    9 8996  -99.12608  -47.71055  51.9%  4207  382s
   109    45  -47.71055    9 9906  -99.12608  -47.71055  51.9%  4328  394s
   110    46  -47.71055   10 6173  -99.12608  -47.71055  51.9%  4300  396s
   111    47  -47.71055   11 11077  -99.12608  -47.71055  51.9%  4537  418s
   112    48  -47.71055   12 10676  -99.12608  -47.71055  51.9%  4548  420s
   115    50  -47.74818   12 13672  -99.12608  -47.71055  51.9%  4567  429s
   117    52  -47.71055   13 7789  -99.12608  -47.71055  51.9%  4542  432s
   119    54  -47.71055   12 9126  -99.12608  -47.71055  51.9%  4645  442s
   121    56  -47.71072   14 13320  -99.12608  -47.71055  51.9%  5177  503s
   124    59  -49.95267   17 9961  -99.12608  -47.71055  51.9%  5092  505s
   126    59  -70.32570   18 9259  -99.12608  -47.71055  51.9%  5090  511s
   127    60  -74.68918   17 8985  -99.12608  -47.71055  51.9%  5122  518s
   128    59     cutoff   16       -99.12608  -47.71055  51.9%  5127  520s
   134    59  -65.38743   10 12469  -99.12608  -47.71055  51.9%  5053  525s
   138    61  -95.87778   13 9879  -99.12608  -47.71055  51.9%  5046  537s
   140    61     cutoff   15       -99.12608  -47.71055  51.9%  5025  542s
   142    61     cutoff   16       -99.12608  -47.71055  51.9%  5000  548s
   146    57     cutoff   12       -99.12608  -47.71055  51.9%  4874  550s
   165    75  -47.71055   21 6670  -99.12608  -47.71055  51.9%  4374  555s
   168    78  -48.62705   24 9375  -99.12608  -47.71055  51.9%  4397  561s
   169    77     cutoff   25       -99.12608  -47.71055  51.9%  4468  568s
   170    78  -85.39978   25 7018  -99.12608  -47.71055  51.9%  4515  573s
H  172    78                     -98.4128281  -47.71055  51.5%  4486  574s
   176    84  -96.42125   31 1666  -98.41283  -47.71055  51.5%  4407  575s
*  178    84              33     -98.4128150  -47.71055  51.5%  4363  575s
*  182    86              36     -98.4128107  -47.71055  51.5%  4272  575s
   189    85  -47.71055    7 8000  -98.41281  -47.71055  51.5%  4191  580s
   199    87  -47.71055    8 10293  -98.41281  -47.71055  51.5%  4072  586s
   200    88  -49.06801    9 12288  -98.41281  -47.71055  51.5%  4151  596s
   202    90  -49.07312   11 10409  -98.41281  -47.71055  51.5%  4138  602s
   204    92  -49.18976   13 12286  -98.41281  -47.71055  51.5%  4130  605s
   210    96  -59.19258   18 12101  -98.41281  -47.71055  51.5%  4096  610s
   230   102  -52.87276   23 6910  -98.41281  -47.71055  51.5%  3837  615s
   236   106     cutoff   26       -98.41281  -47.71055  51.5%  3839  621s
   242   106     cutoff   26       -98.41281  -47.71055  51.5%  3817  626s
   244   104     cutoff   26       -98.41281  -47.71055  51.5%  3881  633s
   245   103     cutoff   26       -98.41281  -47.71055  51.5%  3933  638s
   246   102     cutoff   26       -98.41281  -47.71055  51.5%  3943  640s
   253   107     cutoff   24       -98.41281  -47.71055  51.5%  3943  646s
   258   108  -52.44162   24 9341  -98.41281  -47.71055  51.5%  3943  651s
   263   111  -68.11218   28 4383  -98.41281  -47.71055  51.5%  3908  655s
   267   111  -84.63275   30 6862  -98.41281  -47.71055  51.5%  3867  663s
   288   128  -84.63275   49 6821  -98.41281  -47.71055  51.5%  3593  665s
H  293   131                     -97.8196627  -47.71055  51.2%  3531  666s
*  328   161              87     -91.4286477  -47.71055  47.8%  3178  669s
   333   158  -65.29504   21 5766  -91.42865  -47.71055  47.8%  3147  672s
   338   157     cutoff   24       -91.42865  -47.71055  47.8%  3141  676s
   347   160  -90.89172   27 1716  -91.42865  -47.71055  47.8%  3097  683s
   363   159  -53.90644   20 6582  -91.42865  -47.71055  47.8%  3025  690s
   369   165  -60.94306   26 8775  -91.42865  -47.71055  47.8%  3043  697s
   370   166  -72.68209   27 9720  -91.42865  -47.71055  47.8%  3065  700s
   374   170  -84.77255   31 10288  -91.42865  -47.71055  47.8%  3066  705s
   382   168  -47.76536   19 10183  -91.42865  -47.71055  47.8%  3083  715s
   386   168  -87.54053   21 8978  -91.42865  -47.71055  47.8%  3090  720s
   391   171  -90.67433   25 6336  -91.42865  -47.71055  47.8%  3073  726s
   395   167     cutoff   24       -91.42865  -47.71055  47.8%  3055  730s
   396   166     cutoff   20       -91.42865  -47.71055  47.8%  3118  743s
   397   165     cutoff   20       -91.42865  -47.71055  47.8%  3138  747s
   398   166  -47.71055   14 10427  -91.42865  -47.71055  47.8%  3158  753s
   399   167  -49.51255   15 11055  -91.42865  -47.71055  47.8%  3192  760s
   410   178  -49.95267   26 7665  -91.42865  -47.71055  47.8%  3135  765s
   425   183  -48.16687    8 10107  -91.42865  -47.71055  47.8%  3068  770s
   427   185  -48.22945   10 12775  -91.42865  -47.71055  47.8%  3089  777s
   432   190  -66.28296   15 9739  -91.42865  -47.71055  47.8%  3088  781s
   433   189     cutoff   15       -91.42865  -47.71055  47.8%  3118  786s
   439   191  -77.44210   19 8057  -91.42865  -47.71055  47.8%  3107  790s
   450   193  -47.71055    8 10986  -91.42865  -47.71055  47.8%  3067  797s
   452   195  -48.16687   10 10922  -91.42865  -47.71055  47.8%  3086  804s
   453   196  -48.16687   11 10518  -91.42865  -47.71055  47.8%  3087  805s
   455   196     cutoff   13       -91.42865  -47.71055  47.8%  3113  814s
   456   197  -48.16687   13 9498  -91.42865  -47.71055  47.8%  3113  815s
   457   198  -90.98475   14 10240  -91.42865  -47.71055  47.8%  3281  851s
   458   197     cutoff   15       -91.42865  -47.71055  47.8%  3288  856s
   461   198  -48.16687   15 10159  -91.42865  -47.71055  47.8%  3292  860s
   464   201  -71.63032   18 9638  -91.42865  -47.71055  47.8%  3298  868s
   466   203  -71.63032   20 10721  -91.42865  -47.71055  47.8%  3295  870s
   468   203  -74.58267   21 11979  -91.42865  -47.71055  47.8%  3341  880s
   474   203     cutoff   25       -91.42865  -47.71055  47.8%  3323  885s
   479   206  -47.71055    9 10807  -91.42865  -47.71055  47.8%  3306  890s
   482   209  -48.16687   12 10585  -91.42865  -47.71055  47.8%  3308  895s
   483   210  -69.29262   13 12471  -91.42865  -47.71055  47.8%  3449  930s
   486   213  -81.84809   16 9182  -91.42865  -47.71055  47.8%  3454  937s
   487   212     cutoff   17       -91.42865  -47.71055  47.8%  3466  941s
   488   213  -91.39645   17 8723  -91.42865  -47.71055  47.8%  3481  951s
   489   212     cutoff   18       -91.42865  -47.71055  47.8%  3520  973s
   490   211     cutoff   18       -91.42865  -47.71055  47.8%  3559  982s
   491   210     cutoff   16       -91.42865  -47.71055  47.8%  3573  986s
   494   213  -47.71055    9 10499  -91.42865  -47.71055  47.8%  3580  994s
   495   214  -47.71055   10 9005  -91.42865  -47.71055  47.8%  3622 1003s
   499   218  -47.71089   14 12079  -91.42865  -47.71055  47.8%  3615 1006s
H  503   189                     -85.3977138  -47.71055  44.1%  3605 1012s
   505   193  -49.14090   15 14185  -85.39771  -47.71055  44.1%  3629 1019s
   506   194  -47.72269   16 10038  -85.39771  -47.71055  44.1%  3632 1020s
   508   194     cutoff   18       -85.39771  -47.71055  44.1%  3678 1031s
   516   193     cutoff   20       -85.39771  -47.71055  44.1%  3653 1035s
   517   194  -47.71124    9 12651  -85.39771  -47.71055  44.1%  3675 1044s
   518   195  -47.71124   10 12107  -85.39771  -47.71055  44.1%  3672 1045s
   522   199  -48.16756   14 14002  -85.39771  -47.71055  44.1%  3668 1052s
   523   200  -48.16756   15 14145  -85.39771  -47.71055  44.1%  3719 1072s
   524   201  -49.46615   16 13805  -85.39771  -47.71055  44.1%  3843 1134s
   525   202  -54.83566   17 10652  -85.39771  -47.71055  44.1%  3857 1138s
   526   203  -54.83566   18 11609  -85.39771  -47.71055  44.1%  3861 1140s
   531   204     cutoff   22       -85.39771  -47.71055  44.1%  3859 1146s
   533   205  -83.19180   22 6474  -85.39771  -47.71055  44.1%  3874 1154s
   534   204 infeasible   23       -85.39771  -47.71055  44.1%  3885 1160s
   540   206     cutoff   12       -85.39771  -47.71055  44.1%  3966 1192s
   542   208  -74.33135   13 11480  -85.39771  -47.71055  44.1%  3976 1196s

Cutting planes:
  Implied bound: 19
  MIR: 86
  Flow cover: 11
  Inf proof: 4
  Zero half: 1302

Explored 547 nodes (2265550 simplex iterations) in 1200.01 seconds (4934.24 work units)
Thread count was 1 (of 64 available processors)

Solution count 10: -85.3977 -91.4286 -97.8197 ... -100

Time limit reached
Best objective -8.539771384766e+01, best bound -4.771054798326e+01, gap 44.1314%
Tree policy:
if y <= 4.0:
    if x <= 4.0:
        return 'down'
    else:
        return 'top'
else:
    if gold <= 0.0:
        return 'left'
    else:
        return 'down'
Optimal decision tree (depth=2) value: -85.39771384765571
Writing result files...
