Solving...
Starting with fixed depth 5
Set parameter Username
Academic license - for non-commercial use only - expires 2025-09-20
Set parameter Threads to value 1
Set parameter TimeLimit to value 1200
Gurobi Optimizer version 10.0.0 build v10.0.0rc2 (linux64)

CPU model: AMD EPYC 9124 16-Core Processor, instruction set [SSE2|AVX|AVX2|AVX512]
Thread count: 32 physical cores, 64 logical processors, using up to 1 threads

Optimize a model with 651879 rows, 136062 columns and 5118786 nonzeros
Model fingerprint: 0x43bfba5f
Variable types: 16460 continuous, 119602 integer (119602 binary)
Coefficient statistics:
  Matrix range     [1e-02, 1e+02]
  Objective range  [1e+00, 1e+00]
  Bounds range     [1e+00, 1e+02]
  RHS range        [1e+00, 5e+00]
Presolve removed 186 rows and 279 columns (presolve time = 5s) ...
Presolve removed 186 rows and 279 columns
Presolve time: 9.72s
Presolved: 651693 rows, 135783 columns, 5015376 nonzeros
Variable types: 16460 continuous, 119323 integer (119323 binary)
Found heuristic solution: objective -99.9999995
Root relaxation presolved: 135783 rows, 787476 columns, 5151159 nonzeros


Root simplex log...

Iteration    Objective       Primal Inf.    Dual Inf.      Time
       0    0.0000000e+00   0.000000e+00   2.636900e+04     16s
  108994   -4.7710548e+01   0.000000e+00   0.000000e+00     18s
  108994   -4.7710548e+01   0.000000e+00   0.000000e+00     18s

Root relaxation: objective -4.771055e+01, 108994 iterations, 4.70 seconds (11.36 work units)

    Nodes    |    Current Node    |     Objective Bounds      |     Work
 Expl Unexpl |  Obj  Depth IntInf | Incumbent    BestBd   Gap | It/Node Time

     0     0  -47.71055    0 4830 -100.00000  -47.71055  52.3%     -   31s
H    0     0                     -99.9999994  -47.71055  52.3%     -   32s
     0     0  -47.71055    0 7675 -100.00000  -47.71055  52.3%     -   39s
     0     0  -47.71055    0 8839 -100.00000  -47.71055  52.3%     -   69s
     0     0  -47.71055    0 8801 -100.00000  -47.71055  52.3%     -   91s
     0     0  -47.71055    0 8801 -100.00000  -47.71055  52.3%     -  100s
     0     0  -47.71055    0 9366 -100.00000  -47.71055  52.3%     -  119s
     0     0  -47.71055    0 9366 -100.00000  -47.71055  52.3%     -  122s
     0     0  -47.71055    0 8799 -100.00000  -47.71055  52.3%     -  141s
     0     0  -47.71055    0 9364 -100.00000  -47.71055  52.3%     -  148s
     0     0  -47.71055    0 9364 -100.00000  -47.71055  52.3%     -  164s
     0     0  -47.71055    0 9364 -100.00000  -47.71055  52.3%     -  176s
     0     2  -47.71055    0 9364 -100.00000  -47.71055  52.3%     -  227s
     4     6  -47.71055    3 4763 -100.00000  -47.71055  52.3%  1939  230s
     8    10  -47.71055    6 6739 -100.00000  -47.71055  52.3%  1088  237s
     9    11  -47.71055    6 7544 -100.00000  -47.71055  52.3%  1014  241s
    11    13  -47.71055    8 19294 -100.00000  -47.71055  52.3%  3099  289s
    12    14  -47.71055    8 8429 -100.00000  -47.71055  52.3%  2876  292s
    16    18  -47.71055   11 3677 -100.00000  -47.71055  52.3%  2159  295s
    21    23  -47.71055   14 8886 -100.00000  -47.71055  52.3%  1648  300s
    29    31  -47.71055   18 8321 -100.00000  -47.71055  52.3%  1194  305s
    33    35  -47.71055   20 6047 -100.00000  -47.71055  52.3%  1079  310s
    34    36  -47.71055   21 27037 -100.00000  -47.71055  52.3%  1386  325s
    37    39  -47.71055   23 5477 -100.00000  -47.71055  52.3%  1274  330s
    43    45  -47.71055   27 5983 -100.00000  -47.71055  52.3%  1099  335s
    51    53  -47.71055   32 6769 -100.00000  -47.71055  52.3%   963  340s
    57    59  -47.71055   36 18527 -100.00000  -47.71055  52.3%  1038  355s
    67    69  -47.71503   41 5657 -100.00000  -47.71055  52.3%   942  360s
    72    74  -47.71055   44 5190 -100.00000  -47.71055  52.3%   953  365s
    78    80  -47.71503   47 5654 -100.00000  -47.71055  52.3%  1009  370s
    82    84  -47.71503   49 5657 -100.00000  -47.71055  52.3%  1051  375s
    86    88  -47.71503   51 5657 -100.00000  -47.71055  52.3%  1079  381s
    88    90  -47.71125   52 14191 -100.00000  -47.71055  52.3%  1244  398s
    90    92  -47.71449   53 6321 -100.00000  -47.71055  52.3%  1241  400s
    91    93  -59.76450   54 8719 -100.00000  -47.71055  52.3%  1308  405s
    94    96  -63.60779   56 9234 -100.00000  -47.71055  52.3%  1327  412s
    96    98  -51.20013   57 8882 -100.00000  -47.71055  52.3%  1315  415s
   104   104  -58.70996   62 4678 -100.00000  -47.71055  52.3%  1242  420s
H  108   106                     -99.9999987  -47.71055  52.3%  1234  426s
   110   108     cutoff   65      -100.00000  -47.71055  52.3%  1322  433s
   111   109  -67.68084   65 9843 -100.00000  -47.71055  52.3%  1367  438s
   112   108     cutoff   66      -100.00000  -47.71055  52.3%  1390  442s
   113   109  -78.37146   66 7963 -100.00000  -47.71055  52.3%  1415  448s
H  117   111                     -99.9999983  -47.71055  52.3%  1367  450s
   123   117  -80.12332   72 7365 -100.00000  -47.71055  52.3%  1335  457s
   124   118  -80.12333   73 10659 -100.00000  -47.71055  52.3%  1408  470s
   126   118     cutoff   74      -100.00000  -47.71055  52.3%  1421  475s
H  128   118                     -99.9999904  -47.71055  52.3%  1409  481s
H  135   125                     -99.9360120  -47.71055  52.3%  1384  493s
   136   128  -91.66671   82 6090  -99.93601  -47.71055  52.3%  1382  495s
   140   132  -95.83521   84 6102  -99.93601  -47.71055  52.3%  1388  502s
   145   137  -95.41017   88 3479  -99.93601  -47.71055  52.3%  1368  506s
   148   138  -98.45394   89 3616  -99.93601  -47.71055  52.3%  1382  514s
   149   139  -97.63593   90 2085  -99.93601  -47.71055  52.3%  1380  515s
   156   142  -98.18697   93  625  -99.93601  -47.71055  52.3%  1337  520s
H  161   143                     -99.0736438  -47.71055  51.8%  1301  523s
H  162   140                     -97.9115418  -47.71055  51.3%  1294  525s
   172   144  -47.71055   16 10266  -97.91154  -47.71055  51.3%  1231  530s
   182   154  -47.71055   25 18342  -97.91154  -47.71055  51.3%  1177  536s
   188   160  -47.71055   29 12787  -97.91154  -47.71055  51.3%  1167  542s
   191   163  -47.71055   32 13037  -97.91154  -47.71055  51.3%  1150  547s
H  208   172                     -96.4170532  -47.71055  50.5%  1070  551s
   232   198  -47.71055   71 12157  -96.41705  -47.71055  50.5%   960  555s
   243   209  -47.71055   78 12720  -96.41705  -47.71055  50.5%   922  560s
   256   222  -47.71055   88 14375  -96.41705  -47.71055  50.5%   887  565s
   259   223     cutoff   90       -96.41705  -47.71055  50.5%   914  575s
   267   227     cutoff   95       -96.41705  -47.71055  50.5%   946  584s
   269   229  -47.71055   97 19815  -96.41705  -47.71055  50.5%   940  585s
   270   228     cutoff   97       -96.41705  -47.71055  50.5%   981  590s
   274   232  -47.71055  100 8929  -96.41705  -47.71055  50.5%  1046  614s
   275   233  -47.71055  101 5671  -96.41705  -47.71055  50.5%  1046  615s
   281   239  -47.71055  104 8224  -96.41705  -47.71055  50.5%  1031  620s
H  286   242                     -96.1192477  -47.71055  50.4%  1014  625s
   290   248  -47.71055  110 5836  -96.11925  -47.71055  50.4%  1004  630s
   294   252  -47.71055  112 11162  -96.11925  -47.71055  50.4%  1012  636s
   296   254  -47.71055  113 9880  -96.11925  -47.71055  50.4%  1014  640s
   300   258  -47.71055  115 10612  -96.11925  -47.71055  50.4%  1022  646s
   306   260  -48.61920  119 10709  -96.11925  -47.71055  50.4%  1018  650s
H  312   260                     -95.1431596  -47.71055  49.9%  1017  658s
   313   263  -66.46742  125 7636  -95.14316  -47.71055  49.9%  1046  661s
   314   262     cutoff  125       -95.14316  -47.71055  49.9%  1064  667s
   315   263  -82.93432  126 8346  -95.14316  -47.71055  49.9%  1079  670s
   318   264  -93.82634  127 8072  -95.14316  -47.71055  49.9%  1090  675s
H  326   264                     -94.7614339  -47.71055  49.7%  1069  679s
   330   268  -93.97961  134 11248  -94.76143  -47.71055  49.7%  1057  680s
   338   266     cutoff  136       -94.76143  -47.71055  49.7%  1047  685s
   347   269  -47.71055   10 5996  -94.76143  -47.71055  49.7%  1026  690s
H  353   267                     -92.1488883  -47.71055  48.2%  1010  697s
   362   278  -47.71055   19 3344  -92.14889  -47.71055  48.2%   985  700s
H  366   280                     -92.0722966  -47.71055  48.2%   975  705s
   375   291  -47.71055   26 3938  -92.07230  -47.71055  48.2%   959  710s
   383   299  -47.71055   30 4312  -92.07230  -47.71055  48.2%   944  715s
H  392   306                     -91.7513313  -47.71055  48.0%   928  719s
   394   310  -47.71055   38 5633  -91.75133  -47.71055  48.0%   925  720s
   411   321  -47.71055   50 4279  -91.75133  -47.71055  48.0%   895  725s
H  419   323                     -91.6546154  -47.71055  47.9%   880  731s
   432   330  -77.00573   23 3950  -91.65462  -47.71055  47.9%   864  735s
H  445   327                     -91.5690788  -47.71055  47.9%   841  743s
   450   334  -74.29094   34 11911  -91.56908  -47.71055  47.9%   835  745s
   461   345  -74.29094   42 7442  -91.56908  -47.71055  47.9%   821  750s
   470   354  -74.29094   47 4678  -91.56908  -47.71055  47.9%   807  755s
   476   360  -74.29094   51 4555  -91.56908  -47.71055  47.9%   805  760s
   487   371  -74.29094   53 9212  -91.56908  -47.71055  47.9%   811  766s
   492   376  -76.79644   55 7986  -91.56908  -47.71055  47.9%   827  771s
   497   381  -77.39865   59 8995  -91.56908  -47.71055  47.9%   832  776s
   505   389  -87.31709   64 6406  -91.56908  -47.71055  47.9%   832  780s
   511   390  -47.71055   54 9364  -91.56908  -47.71055  47.9%   831 1007s
   513   391  -47.71563   50 12422  -91.56908  -47.71055  47.9%   827 1051s
   514   392  -47.71055   24 8320  -91.56908  -47.71055  47.9%   826 1072s
   515   393  -87.31709   65 8318  -91.56908  -47.71055  47.9%   824 1080s
   516   393  -47.71055   47 9033  -91.56908  -47.71055  47.9%   823 1116s
   517   394  -47.71055    4 9019  -91.56908  -47.71055  47.9%   821 1136s
   518   395  -47.71055   35 9077  -91.56908  -47.71055  47.9%   819 1164s
   519   395  -48.64914  120 7974  -91.56908  -47.71055  47.9%   818 1187s
   520   396  -47.71055   98 7974  -91.56908  -47.71055  47.9%   816 1198s

Cutting planes:
  Gomory: 1
  Lift-and-project: 7
  MIR: 35
  Flow cover: 178
  Zero half: 3935

Explored 520 nodes (684358 simplex iterations) in 1200.35 seconds (3483.39 work units)
Thread count was 1 (of 64 available processors)

Solution count 10: -91.5691 -91.6546 -91.7513 ... -97.9115

Time limit reached
Warning: max constraint violation (7.9116e-06) exceeds tolerance
Best objective -9.156907882346e+01, best bound -4.771054798326e+01, gap 47.8967%
Tree policy:
if gem <= 0.0:
    if x <= 2.0:
        if required_gold <= 2.0:
            if gold <= 0.0:
                return 'top'
            else:
                if required_gem <= 0.0:
                    return 'down'
                else:
                    return 'top'
        else:
            if y <= 4.0:
                return 'top'
            else:
                return 'right'
    else:
        if x <= 2.0:
            return 'right'
        else:
            if x <= 4.0:
                if required_gem <= 3.0:
                    return '__random__'
                else:
                    return 'right'
            else:
                if required_gem <= 3.0:
                    return 'down'
                else:
                    return 'top'
else:
    if required_gold <= 4.0:
        if gem <= 0.0:
            return 'right'
        else:
            if gold <= 0.0:
                if required_gold <= 2.0:
                    return 'down'
                else:
                    return 'top'
            else:
                if gold <= 0.0:
                    return 'left'
                else:
                    return 'down'
    else:
        if required_gold <= 4.0:
            if required_gem <= 5.0:
                return 'top'
            else:
                return 'right'
        else:
            if required_gem <= 5.0:
                return 'down'
            else:
                if required_gem <= 5.0:
                    return 'top'
                else:
                    return 'right'
Optimal decision tree (depth=5) value: -91.56907882345837
Writing result files...
