Solving...
Starting with fixed depth 8
Set parameter Username
Academic license - for non-commercial use only - expires 2025-09-20
Set parameter Threads to value 1
Set parameter TimeLimit to value 1200
Gurobi Optimizer version 10.0.0 build v10.0.0rc2 (linux64)

CPU model: AMD EPYC 9124 16-Core Processor, instruction set [SSE2|AVX|AVX2|AVX512]
Thread count: 32 physical cores, 64 logical processors, using up to 1 threads

Optimize a model with 44312965 rows, 1175421 columns and 446363031 nonzeros
Model fingerprint: 0xd4856c77
Variable types: 169229 continuous, 1006192 integer (1006192 binary)
Coefficient statistics:
  Matrix range     [1e-02, 1e+02]
  Objective range  [1e+00, 1e+00]
  Bounds range     [1e+00, 1e+02]
  RHS range        [1e+00, 8e+00]
Presolve removed 0 rows and 0 columns (presolve time = 6s) ...
Presolve removed 0 rows and 1020 columns (presolve time = 10s) ...
Presolve removed 1530 rows and 2550 columns (presolve time = 23s) ...
Presolve removed 28560 rows and 2550 columns (presolve time = 26s) ...
Presolve removed 28560 rows and 2550 columns (presolve time = 36s) ...
Presolve removed 28560 rows and 2550 columns (presolve time = 47s) ...
Presolve removed 28560 rows and 2550 columns (presolve time = 51s) ...
Presolve removed 28560 rows and 2550 columns (presolve time = 56s) ...
Presolve removed 28560 rows and 2550 columns (presolve time = 64s) ...
Presolve removed 28560 rows and 2550 columns (presolve time = 66s) ...
Presolve removed 28560 rows and 2550 columns (presolve time = 83s) ...
Presolve removed 28560 rows and 2550 columns (presolve time = 91s) ...
Presolve removed 28560 rows and 2550 columns (presolve time = 96s) ...
Presolve removed 28560 rows and 2550 columns (presolve time = 101s) ...
Presolve removed 28560 rows and 2550 columns (presolve time = 112s) ...
Presolve removed 28560 rows and 2550 columns (presolve time = 121s) ...
Presolve removed 28560 rows and 2550 columns (presolve time = 125s) ...
Presolve removed 28560 rows and 2550 columns (presolve time = 135s) ...
Presolve removed 28560 rows and 2550 columns (presolve time = 145s) ...
Presolve removed 28560 rows and 2550 columns (presolve time = 159s) ...
Presolve removed 28560 rows and 2550 columns (presolve time = 160s) ...
Presolve removed 28560 rows and 2550 columns (presolve time = 165s) ...
Presolve removed 28560 rows and 2550 columns (presolve time = 171s) ...
Presolve removed 28560 rows and 2550 columns (presolve time = 175s) ...
Presolve removed 28560 rows and 2550 columns (presolve time = 183s) ...
Presolve removed 28560 rows and 2550 columns (presolve time = 185s) ...
Presolve removed 28560 rows and 2550 columns (presolve time = 190s) ...
Presolve removed 28560 rows and 2550 columns (presolve time = 195s) ...
Presolve removed 28560 rows and 2550 columns (presolve time = 200s) ...
Presolve removed 28560 rows and 2550 columns (presolve time = 205s) ...
Presolve removed 28560 rows and 2550 columns (presolve time = 210s) ...
Presolve removed 28560 rows and 2550 columns (presolve time = 215s) ...
Presolve removed 28560 rows and 2550 columns (presolve time = 220s) ...
Presolve removed 28560 rows and 2550 columns (presolve time = 225s) ...
Presolve removed 28560 rows and 2550 columns (presolve time = 230s) ...
Presolve removed 28560 rows and 2550 columns (presolve time = 235s) ...
Presolve removed 28560 rows and 2550 columns (presolve time = 240s) ...
Presolve removed 28560 rows and 2550 columns (presolve time = 245s) ...
Presolve removed 28560 rows and 2550 columns (presolve time = 250s) ...
Presolve removed 28560 rows and 2550 columns (presolve time = 255s) ...
Presolve removed 28560 rows and 2550 columns (presolve time = 260s) ...
Presolve removed 28560 rows and 2550 columns (presolve time = 265s) ...
Presolve removed 28560 rows and 2550 columns (presolve time = 270s) ...
Presolve removed 28560 rows and 2550 columns (presolve time = 275s) ...
Presolve removed 28560 rows and 2550 columns (presolve time = 280s) ...
Presolve removed 28560 rows and 2550 columns (presolve time = 285s) ...
Presolve removed 28560 rows and 2550 columns (presolve time = 290s) ...
Presolve removed 28560 rows and 2550 columns (presolve time = 295s) ...
Presolve removed 28560 rows and 2550 columns (presolve time = 300s) ...
Presolve removed 28560 rows and 2550 columns (presolve time = 310s) ...
Presolve removed 28560 rows and 2550 columns (presolve time = 312s) ...
Presolve removed 28560 rows and 2550 columns (presolve time = 317s) ...
Presolve removed 28560 rows and 2550 columns (presolve time = 323s) ...
Presolve removed 28560 rows and 2550 columns (presolve time = 328s) ...
Presolve removed 28560 rows and 2550 columns (presolve time = 334s) ...
Presolve removed 28560 rows and 2550 columns (presolve time = 338s) ...
Presolve removed 28560 rows and 2550 columns (presolve time = 340s) ...
Presolve removed 28560 rows and 2550 columns (presolve time = 362s) ...
Presolve removed 28560 rows and 2550 columns (presolve time = 372s) ...
Presolve removed 28560 rows and 2550 columns (presolve time = 375s) ...
Presolve removed 28560 rows and 2550 columns (presolve time = 380s) ...
Presolve removed 28560 rows and 2550 columns (presolve time = 385s) ...
Presolve removed 28560 rows and 2550 columns (presolve time = 390s) ...
Presolve removed 28560 rows and 2550 columns (presolve time = 395s) ...
Presolve removed 28560 rows and 2550 columns (presolve time = 400s) ...
Presolve removed 28560 rows and 2550 columns (presolve time = 405s) ...
Presolve removed 28560 rows and 2550 columns (presolve time = 410s) ...
Presolve removed 28560 rows and 2550 columns (presolve time = 415s) ...
Presolve removed 28560 rows and 2550 columns (presolve time = 427s) ...
Presolve removed 28560 rows and 2550 columns (presolve time = 432s) ...
Presolve removed 28560 rows and 2550 columns (presolve time = 436s) ...
Presolve removed 28560 rows and 2550 columns (presolve time = 440s) ...
Presolve removed 28560 rows and 2550 columns (presolve time = 445s) ...
Presolve removed 28560 rows and 2550 columns (presolve time = 451s) ...
Presolve removed 28560 rows and 2550 columns (presolve time = 455s) ...
Presolve removed 28560 rows and 2550 columns (presolve time = 460s) ...
Presolve removed 28560 rows and 2550 columns (presolve time = 465s) ...
Presolve removed 28560 rows and 2550 columns (presolve time = 470s) ...
Presolve removed 28560 rows and 2550 columns (presolve time = 475s) ...
Presolve removed 28560 rows and 2550 columns (presolve time = 480s) ...
Presolve removed 28560 rows and 2550 columns (presolve time = 485s) ...
Presolve removed 28560 rows and 2550 columns (presolve time = 490s) ...
Presolve removed 28560 rows and 2550 columns (presolve time = 506s) ...
Presolve removed 28560 rows and 2550 columns (presolve time = 522s) ...
Presolve removed 27860 rows and 1850 columns
Presolve time: 522.15s
Presolved: 44285105 rows, 1173571 columns, 445962564 nonzeros
Variable types: 169929 continuous, 1003642 integer (1003642 binary)
Found heuristic solution: objective 0.8802816
Root relaxation presolved: 1173571 rows, 45458488 columns, 447135947 nonzeros


Root simplex log...

Iteration    Objective       Primal Inf.    Dual Inf.      Time
       0    2.6131875e+06   0.000000e+00   8.176156e+06    970s
   24289    2.6131875e+06   0.000000e+00   1.444634e+10    986s
   27317    2.5996419e+06   0.000000e+00   4.370024e+11   1001s
   28152    2.5329542e+06   0.000000e+00   2.241377e+13   1009s
   28705    2.5294824e+06   0.000000e+00   4.759751e+12   1016s
   29315    2.5198157e+06   0.000000e+00   3.969524e+15   1023s
   29989    2.5176366e+06   0.000000e+00   2.426227e+13   1031s
   30526    2.5089997e+06   0.000000e+00   6.406134e+15   1040s
   31012    2.5060848e+06   0.000000e+00   1.887182e+15   1050s
   31443    2.5045698e+06   0.000000e+00   1.453453e+14   1059s
   32593    2.4677894e+06   0.000000e+00   9.662174e+15   1077s
   34318    2.4402437e+06   0.000000e+00   8.200864e+13   1100s
   36043    2.4015882e+06   0.000000e+00   2.200336e+12   1128s
   36924    2.3966712e+06   0.000000e+00   2.589977e+13   1140s
   37441    2.3943740e+06   0.000000e+00   6.511874e+12   1149s
   37843    2.3899465e+06   0.000000e+00   9.380474e+12   1158s
   38773    2.3748752e+06   0.000000e+00   4.346163e+12   1174s
   39642    2.3742643e+06   0.000000e+00   8.084161e+12   1191s
   40060    2.3722900e+06   0.000000e+00   1.658079e+14   1201s

Root relaxation: time limit, 40060 iterations, 497.67 seconds (1668.43 work units)

    Nodes    |    Current Node    |     Objective Bounds      |     Work
 Expl Unexpl |  Obj  Depth IntInf | Incumbent    BestBd   Gap | It/Node Time

     0     0          -    0         0.88028 2621833.33      -     - 1200s

Explored 1 nodes (40060 simplex iterations) in 1202.90 seconds (3284.88 work units)
Thread count was 1 (of 64 available processors)

Solution count 1: 0.880282 

Time limit reached
Best objective 8.802816316009e-01, best bound 2.621833333332e+06, gap 297840186.4733%
Tree policy:
return 'phil4_cmd_66'
Optimal decision tree (depth=8) value: 0.8802816316009459
Writing result files...
