Solving...
Starting with fixed depth 2
Set parameter Username
Academic license - for non-commercial use only - expires 2025-09-20
Set parameter Threads to value 1
Set parameter TimeLimit to value 1200
Gurobi Optimizer version 10.0.0 build v10.0.0rc2 (linux64)

CPU model: AMD EPYC 9124 16-Core Processor, instruction set [SSE2|AVX|AVX2|AVX512]
Thread count: 32 physical cores, 64 logical processors, using up to 1 threads

Optimize a model with 862117 rows, 348357 columns and 4059423 nonzeros
Model fingerprint: 0x6fc37eda
Variable types: 169229 continuous, 179128 integer (179128 binary)
Coefficient statistics:
  Matrix range     [1e-02, 1e+02]
  Objective range  [1e+00, 1e+00]
  Bounds range     [1e+00, 1e+02]
  RHS range        [1e+00, 2e+00]
Presolve removed 336 rows and 30 columns (presolve time = 5s) ...
Presolve added 364 rows and 670 columns
Presolve time: 7.37s
Presolved: 862481 rows, 349027 columns, 3932148 nonzeros
Variable types: 169929 continuous, 179098 integer (179098 binary)
Root relaxation presolved: 862481 rows, 349027 columns, 3932148 nonzeros


Root simplex log...

Iteration    Objective       Primal Inf.    Dual Inf.      Time
       0    2.6131875e+06   7.055487e+07   0.000000e+00     22s
   12658    1.0101010e+02   5.329388e+00   0.000000e+00     25s
   19333    1.0101010e+02   2.788202e+00   0.000000e+00     30s
   21120    1.0101010e+02   2.953201e+00   0.000000e+00     36s
   22130    1.0101010e+02   2.666466e+00   0.000000e+00     41s
   23380    1.0101010e+02   2.592166e+00   0.000000e+00     46s
   24480    1.0101010e+02   4.574637e+00   0.000000e+00     50s
   25650    1.0101010e+02   2.535476e+00   0.000000e+00     56s
   26600    1.0101010e+02   2.557964e+00   0.000000e+00     60s
   28390    1.0101010e+02   3.494972e+01   0.000000e+00     66s
   29540    1.0101010e+02   7.845366e+00   0.000000e+00     71s
   30740    1.0101010e+02   1.172734e+01   0.000000e+00     76s
   32479    1.0101010e+02   1.045568e+01   0.000000e+00     81s
   34226    1.0101010e+02   1.036731e+01   0.000000e+00     86s
   36065    1.0101010e+02   1.307447e+01   0.000000e+00     91s
   37435    1.0101010e+02   3.041412e+01   0.000000e+00     96s
   38265    1.0101010e+02   1.376683e+01   0.000000e+00    100s
   39415    1.0101010e+02   3.449613e+01   0.000000e+00    106s
   40985    1.0101010e+02   1.867716e+01   0.000000e+00    110s
   42485    1.0101010e+02   1.918514e+01   0.000000e+00    115s
   43905    1.0101010e+02   1.426040e+01   0.000000e+00    120s
   45735    1.0101010e+02   2.096125e+01   0.000000e+00    126s
   46875    1.0101010e+02   3.969502e+01   0.000000e+00    131s
   48184    1.0101010e+02   2.025246e+01   0.000000e+00    136s
   49594    1.0101009e+02   2.914110e+01   0.000000e+00    140s
   51694    1.0101009e+02   2.158725e+01   0.000000e+00    146s
   53023    1.0101009e+02   1.544299e+02   0.000000e+00    150s
   54373    1.0101009e+02   3.703800e+01   0.000000e+00    156s
   55833    1.0101009e+02   3.534219e+01   0.000000e+00    161s
   56843    1.0101009e+02   5.841175e+01   0.000000e+00    165s
   58333    1.0101009e+02   2.608005e+01   0.000000e+00    171s
   59843    1.0101009e+02   2.978961e+01   0.000000e+00    175s
   62003    1.0101009e+02   6.033829e+01   0.000000e+00    180s
   63773    1.0101009e+02   1.981256e+01   0.000000e+00    186s
   65023    1.0101009e+02   1.267533e+02   0.000000e+00    191s
   66303    1.0101009e+02   3.753229e+01   0.000000e+00    195s
   67863    1.0101009e+02   2.399430e+01   0.000000e+00    200s
   69993    1.0101009e+02   2.337236e+01   0.000000e+00    205s
   71523    1.0101009e+02   1.009499e+03   0.000000e+00    211s
   72833    1.0101008e+02   2.522888e+02   0.000000e+00    216s
   74173    1.0101008e+02   3.302017e+02   0.000000e+00    221s
   75483    1.0101008e+02   2.250884e+02   0.000000e+00    225s
   76763    1.0101008e+02   1.526513e+02   0.000000e+00    230s
   78183    1.0101007e+02   8.629719e+01   0.000000e+00    235s
   79513    1.0101007e+02   2.819542e+01   0.000000e+00    240s
   80673    1.0101006e+02   4.830687e+01   0.000000e+00    245s
   82083    1.0101005e+02   2.364373e+01   0.000000e+00    251s
   82813    1.0101004e+02   8.506027e+01   0.000000e+00    255s
   83943    1.0101003e+02   5.938717e+01   0.000000e+00    261s
   84623    1.0101003e+02   1.216472e+02   0.000000e+00    265s
   85453    1.0101001e+02   4.677214e+03   0.000000e+00    270s
   86183    1.0101001e+02   2.154966e+02   0.000000e+00    276s
   86803    1.0101000e+02   1.978053e+02   0.000000e+00    280s
   87423    1.0100998e+02   2.370079e+02   0.000000e+00    286s
   88033    1.0100997e+02   2.093526e+02   0.000000e+00    291s
   88653    1.0100996e+02   1.280234e+02   0.000000e+00    296s
   89283    1.0100996e+02   1.482084e+02   0.000000e+00    301s
   89983    1.0100990e+02   1.857330e+02   0.000000e+00    306s
   90473    1.0100966e+02   5.164368e+02   0.000000e+00    310s
   91153    1.0100957e+02   3.160053e+02   0.000000e+00    316s
   91813    1.0100929e+02   8.417389e+03   0.000000e+00    321s
   92323    1.0100912e+02   3.696315e+03   0.000000e+00    325s
   92983    1.0100906e+02   1.533932e+02   0.000000e+00    331s
   93443    1.0100903e+02   1.728705e+02   0.000000e+00    335s
   94113    1.0100898e+02   1.595959e+02   0.000000e+00    341s
   94673    1.0100892e+02   4.747620e+02   0.000000e+00    346s
   95213    1.0100889e+02   5.911866e+03   0.000000e+00    351s
   95833    1.0100885e+02   1.333810e+02   0.000000e+00    356s
   96333    1.0100882e+02   1.311069e+02   0.000000e+00    361s
   96813    1.0100878e+02   1.260295e+02   0.000000e+00    365s
   97453    1.0100873e+02   3.554384e+02   0.000000e+00    371s
   98043    1.0100865e+02   1.155191e+02   0.000000e+00    376s
   98523    1.0100860e+02   3.942113e+02   0.000000e+00    380s
   99153    1.0100855e+02   3.673674e+02   0.000000e+00    386s
   99583    1.0100849e+02   7.143386e+03   0.000000e+00    390s
  100183    1.0100843e+02   9.159149e+01   0.000000e+00    396s
  100783    1.0100838e+02   3.537047e+02   0.000000e+00    401s
  101203    1.0100834e+02   1.049879e+02   0.000000e+00    405s
  101793    1.0100811e+02   4.086282e+04   0.000000e+00    412s
  102123    1.0100810e+02   4.086214e+04   0.000000e+00    416s
  102613    1.0100809e+02   8.630537e+01   0.000000e+00    420s
  103213    1.0100795e+02   3.978777e+04   0.000000e+00    427s
  103553    1.0100793e+02   3.290813e+02   0.000000e+00    430s
  104033    1.0100782e+02   5.485631e+04   0.000000e+00    435s
  104653    1.0100776e+02   5.641751e+04   0.000000e+00    442s
  104963    1.0100774e+02   5.805382e+04   0.000000e+00    445s
  105503    1.0100768e+02   2.445751e+01   0.000000e+00    451s
  106073    1.0100757e+02   3.328776e+03   0.000000e+00    457s
  106433    1.0100755e+02   9.141340e+00   0.000000e+00    461s
  107073    9.5163341e+01   1.438863e+02   0.000000e+00    466s
  107573    9.5162983e+01   6.054886e+01   0.000000e+00    470s
  108233    9.5162920e+01   5.619513e+01   0.000000e+00    476s
  108743    9.5162879e+01   3.711835e+01   0.000000e+00    480s
  109363    9.5162851e+01   3.671365e+01   0.000000e+00    486s
  109843    9.5162821e+01   5.465645e+01   0.000000e+00    491s
  110483    9.5162787e+01   5.604111e+01   0.000000e+00    496s
  110933    9.5162769e+01   5.813867e+01   0.000000e+00    501s
  111413    9.5162748e+01   5.788097e+01   0.000000e+00    505s
  112023    9.5162719e+01   5.746792e+01   0.000000e+00    511s
  112643    9.5162671e+01   2.958671e+01   0.000000e+00    516s
  112873    9.5163565e+01   0.000000e+00   0.000000e+00    519s

Root relaxation: objective 9.516357e+01, 112873 iterations, 500.70 seconds (1617.38 work units)
Total elapsed time = 555.48s

    Nodes    |    Current Node    |     Objective Bounds      |     Work
 Expl Unexpl |  Obj  Depth IntInf | Incumbent    BestBd   Gap | It/Node Time

     0     0   95.16357    0 4416          -   95.16357      -     -  558s
H    0     0                      88.0348774   95.16357  8.10%     -  573s
     0     0   94.62307    0 1793   88.03488   94.62307  7.48%     -  631s
H    0     0                      88.4527838   94.62307  6.98%     -  635s

Cutting planes:
  Implied bound: 20
  RLT: 4

Explored 1 nodes (131219 simplex iterations) in 1200.10 seconds (2508.99 work units)
Thread count was 1 (of 64 available processors)

Solution count 2: 88.4528 88.0349 

Time limit reached
Best objective 8.845278375879e+01, best bound 9.462307437438e+01, gap 6.9758%
Tree policy:
if p2 <= 0.0:
    if p1 <= 0.0:
        return '__random__'
    else:
        return 'phil1_cmd_2'
else:
    if p4 <= 8.0:
        return 'phil2_cmd_20'
    else:
        return '__random__'
Optimal decision tree (depth=2) value: 88.45278375879359
Writing result files...
