Solving...
Starting with fixed depth 4
Set parameter Username
Academic license - for non-commercial use only - expires 2025-09-20
Set parameter Threads to value 1
Set parameter TimeLimit to value 1200
Gurobi Optimizer version 10.0.0 build v10.0.0rc2 (linux64)

CPU model: AMD EPYC 9124 16-Core Processor, instruction set [SSE2|AVX|AVX2|AVX512]
Thread count: 32 physical cores, 64 logical processors, using up to 1 threads

Optimize a model with 208927 rows, 38379 columns and 1278461 nonzeros
Model fingerprint: 0x40cfb9c9
Variable types: 11264 continuous, 27115 integer (27115 binary)
Coefficient statistics:
  Matrix range     [1e-02, 1e+02]
  Objective range  [1e+00, 1e+00]
  Bounds range     [1e+00, 1e+02]
  RHS range        [1e+00, 4e+00]
Presolve removed 345 rows and 330 columns
Presolve time: 2.26s
Presolved: 208582 rows, 38049 columns, 1276797 nonzeros
Variable types: 11264 continuous, 26785 integer (26785 binary)
Root relaxation presolved: 38049 rows, 246631 columns, 1314846 nonzeros


Root simplex log...

Iteration    Objective       Primal Inf.    Dual Inf.      Time
    4381   -1.8995424e+29   3.915655e+34   1.899797e-01      5s
Warning: Markowitz tolerance tightened to 0.5
   11811    6.5103318e+01   7.139624e+04   0.000000e+00     10s
   16579    6.5521762e+01   4.382749e+02   0.000000e+00     15s
   17137    6.5539237e+01   0.000000e+00   0.000000e+00     15s
   17137    6.5539237e+01   0.000000e+00   0.000000e+00     15s

Use crossover to convert LP symmetric solution to basic solution...

Root crossover log...

     144 DPushes remaining with DInf 1.0026680e-04                15s
       0 DPushes remaining with DInf 2.8475501e-05                15s

    1356 PPushes remaining with PInf 0.0000000e+00                15s
       0 PPushes remaining with PInf 0.0000000e+00                16s

  Push phase complete: Pinf 0.0000000e+00, Dinf 2.8475502e-05     16s


Root simplex log...

Iteration    Objective       Primal Inf.    Dual Inf.      Time
   18636    6.5539237e+01   0.000000e+00   2.847550e-05     16s
   18721    6.5539237e+01   0.000000e+00   0.000000e+00     16s
   18752    6.5539237e+01   0.000000e+00   0.000000e+00     16s
Extra simplex iterations after uncrush: 31
   18752    6.5539237e+01   0.000000e+00   0.000000e+00     16s

Root relaxation: objective 6.553924e+01, 18752 iterations, 11.81 seconds (28.02 work units)
Total elapsed time = 30.30s
Total elapsed time = 36.48s
Total elapsed time = 40.31s

    Nodes    |    Current Node    |     Objective Bounds      |     Work
 Expl Unexpl |  Obj  Depth IntInf | Incumbent    BestBd   Gap | It/Node Time

     0     0   65.53924    0 1743          -   65.53924      -     -   40s
H    0     0                      65.0102940   65.53924  0.81%     -   42s
     0     0   65.53924    0 1364   65.01029   65.53924  0.81%     -   56s
     0     0   65.53924    0 1790   65.01029   65.53924  0.81%     -   57s
     0     0   65.53924    0 1534   65.01029   65.53924  0.81%     -   74s
     0     0   65.53924    0  583   65.01029   65.53924  0.81%     -   82s
     0     0   65.53924    0 1045   65.01029   65.53924  0.81%     -   95s
     0     0   65.53924    0 1047   65.01029   65.53924  0.81%     -  119s
     0     0   65.53924    0  525   65.01029   65.53924  0.81%     -  127s
     0     0   65.53924    0  525   65.01029   65.53924  0.81%     -  132s
H    0     0                      65.0116649   65.53924  0.81%     -  133s
     0     0   65.53924    0  527   65.01166   65.53924  0.81%     -  134s
     0     0   65.53924    0 1039   65.01166   65.53924  0.81%     -  139s
H    0     0                      65.0344901   65.53924  0.78%     -  139s
     0     0   65.53924    0 1041   65.03449   65.53924  0.78%     -  140s
     0     0   65.53924    0  518   65.03449   65.53924  0.78%     -  142s
     0     0   65.53924    0  527   65.03449   65.53924  0.78%     -  152s
     0     0   65.53924    0  527   65.03449   65.53924  0.78%     -  155s
     0     2   65.53924    0  527   65.03449   65.53924  0.78%     -  298s
     2     4   65.53924    1 1544   65.03449   65.53924  0.78%  1398  300s
     8    10   65.53924    5 2702   65.03449   65.53924  0.78%   421  306s
    11    13   65.53924    7 5908   65.03449   65.53924  0.78%  2539  333s
    15    17   65.53924   10  607   65.03449   65.53924  0.78%  2310  339s
    16    18   65.53924   11 1993   65.03449   65.53924  0.78%  2187  340s
    22    24   65.53924   14 1914   65.03449   65.53924  0.78%  1671  345s
    27    29   65.53924   17 2558   65.03449   65.53924  0.78%  1425  351s
    31    33   65.53924   20  581   65.03449   65.53924  0.78%  1472  358s
    34    36   65.53924   23 1820   65.03449   65.53924  0.78%  1359  360s
    40    42   65.53924   28 2558   65.03449   65.53924  0.78%  1187  365s
    44    46   65.53924   30 2030   65.03449   65.53924  0.78%  1359  374s
    45    47   65.53924   31 2839   65.03449   65.53924  0.78%  2917  432s
    46    48   65.53924   31 2535   65.03449   65.53924  0.78%  2955  439s
    47    49   65.53924   32 2531   65.03449   65.53924  0.78%  2901  440s
    49    51   65.53924   33 3693   65.03449   65.53924  0.78%  2898  445s
    52    54   65.53924   34 3346   65.03449   65.53924  0.78%  2824  452s
    53    55   65.53924   35 4342   65.03449   65.53924  0.78%  2833  455s
    54    56   65.44429   35 4398   65.03449   65.53924  0.78%  3141  471s
    57    59   65.53924   38 4051   65.03449   65.53924  0.78%  2991  475s
    58    60   65.53924   38 4379   65.03449   65.53924  0.78%  3052  480s
    59    61   65.53924   39 4639   65.03449   65.53924  0.78%  3095  499s
    60    62   65.53924   40 4382   65.03449   65.53924  0.78%  3247  509s
    61    63   65.42785   40 4974   65.03449   65.53924  0.78%  3420  534s
    62    64   65.53924   41 3741   65.03449   65.53924  0.78%  3423  558s
    63    65   65.53924   42 3356   65.03449   65.53924  0.78%  3378  562s
    65    67   65.53924   43 1421   65.03449   65.53924  0.78%  3291  567s
    67    69   65.53924   44 1163   65.03449   65.53924  0.78%  3206  572s
    69    71   65.53924   45 1033   65.03449   65.53924  0.78%  3116  575s
    70    72   65.45833   46 3357   65.03449   65.53924  0.78%  3190  594s
    71    73   65.53924   46  903   65.03449   65.53924  0.78%  3151  598s
    72    74   65.25846   47 2909   65.03449   65.53924  0.78%  3269  634s
    73    75   65.49369   47 3037   65.03449   65.53924  0.78%  3308  647s
    74    76   65.38046   48 2585   65.03449   65.53924  0.78%  3325  656s
    75    77   65.47914   48 2326   65.03449   65.53924  0.78%  3288  663s
    76    78   65.41679   49 3554   65.03449   65.53924  0.78%  3330  684s
    77    79   65.27117   49 2909   65.03449   65.53924  0.78%  3355  693s
    78    80   65.31169   50 2974   65.03449   65.53924  0.78%  3347  702s
    79    81   65.29551   50 3554   65.03449   65.53924  0.78%  3410  717s
    80    82   65.15790   51 1877   65.03449   65.53924  0.78%  3388  724s
    81    83   65.31169   51 2780   65.03449   65.53924  0.78%  3349  727s
    82    84   65.29168   52 2325   65.03449   65.53924  0.78%  3318  731s
    84    86   65.24885   53 1812   65.03449   65.53924  0.78%  3253  737s
    85    87   65.25412   53 2586   65.03449   65.53924  0.78%  3238  744s
    86    88   65.13578   54 1422   65.03449   65.53924  0.78%  3227  750s
    87    89   65.19296   54 1747   65.03449   65.53924  0.78%  3208  756s
    88    90   65.15263   55 1682   65.03449   65.53924  0.78%  3182  763s
    89    91   65.14324   55 1422   65.03449   65.53924  0.78%  3157  766s
    92    94   65.07357   57 1032   65.03449   65.53924  0.78%  3062  770s
    99    93     cutoff   61        65.03449   65.53924  0.78%  2857  775s
H  108   100                      65.0345835   65.53924  0.78%  2623  783s
   110   104   65.53924   10 1037   65.03458   65.53924  0.78%  2611  786s
   112   106   65.53924   11  525   65.03458   65.53924  0.78%  2615  790s
   117   111   65.53924   14 6877   65.03458   65.53924  0.78%  2586  798s
   119   113   65.53924   15 2355   65.03458   65.53924  0.78%  2589  805s
   121   115   65.53924   16 3711   65.03458   65.53924  0.78%  2594  813s
   123   117   65.53924   18 4234   65.03458   65.53924  0.78%  2559  815s
   125   119   65.53924   20 1669   65.03458   65.53924  0.78%  2629  824s
   126   120   65.53924   21 3119   65.03458   65.53924  0.78%  2616  825s
   131   125   65.53924   24 5673   65.03458   65.53924  0.78%  2577  836s
   135   129   65.53924   27 3120   65.03458   65.53924  0.78%  2514  844s
   136   130   65.53924   28 3110   65.03458   65.53924  0.78%  2497  846s
   138   132   65.53924   29 4212   65.03458   65.53924  0.78%  2512  854s
   139   133   65.53924   30 2648   65.03458   65.53924  0.78%  2541  858s
   141   135   65.53924   31 3083   65.03458   65.53924  0.78%  2515  860s
   144   138   65.53924   33 3232   65.03458   65.53924  0.78%  2485  865s
   147   141   65.53924   35 3030   65.03458   65.53924  0.78%  2464  870s
   149   143   65.53576   36 3860   65.03458   65.53924  0.78%  2474  876s
   158   152   65.29104   45 1823   65.03458   65.53924  0.78%  2400  885s
   163   157   65.27858   47 1667   65.03458   65.53924  0.78%  2368  890s
   172   166   65.27632   53 1454   65.03458   65.53924  0.78%  2258  895s
   178   172   65.27632   56 1456   65.03458   65.53924  0.78%  2204  901s
   183   177   65.27632   59 2107   65.03458   65.53924  0.78%  2162  905s
   189   183   65.27632   62 2061   65.03458   65.53924  0.78%  2118  915s
   196   190   65.27632   65 1806   65.03458   65.53924  0.78%  2075  920s
   208   202   65.26835   77 1906   65.03458   65.53924  0.78%  1958  925s
   216   210   65.14289   82  994   65.03458   65.53924  0.78%  1898  935s
   222   216   65.17982   88 1633   65.03458   65.53924  0.78%  1847  940s
   228   222   65.17982   94 1624   65.03458   65.53924  0.78%  1798  945s
   235   229   65.16081  100 1619   65.03458   65.53924  0.78%  1747  951s
   243   237   65.15661  107 1482   65.03458   65.53924  0.78%  1691  961s
   249   243   65.13576  112  863   65.03458   65.53924  0.78%  1657  965s
   261   241   65.53924    8 1092   65.03458   65.53924  0.78%  1594  970s
   264   244   65.53924   11  590   65.03458   65.53924  0.78%  1605  975s
   270   250   65.53924   15 1936   65.03458   65.53924  0.78%  1574  981s
   278   258   65.53924   19 2527   65.03458   65.53924  0.78%  1540  985s
   279   259   65.53924   20 1625   65.03458   65.53924  0.78%  1573  990s
   281   261   65.53924   21 1613   65.03458   65.53924  0.78%  1596  995s
   290   270   65.53924   29 2590   65.03458   65.53924  0.78%  1556 1000s
   291   271   65.53924   30 2653   65.03458   65.53924  0.78%  1583 1005s
   298   277   65.53924   36 2928   65.03458   65.53924  0.78%  1557 1010s
   303   282   65.53924   40 3765   65.03458   65.53924  0.78%  1607 1021s
   305   284   65.53924   41 2995   65.03458   65.53924  0.78%  1627 1025s
   310   289   65.53924   46 1601   65.03458   65.53924  0.78%  1620 1030s
   312   291   65.53924   47 2848   65.03458   65.53924  0.78%  1642 1035s
   316   295   65.53924   50  780   65.03458   65.53924  0.78%  1638 1040s
   319   298   65.50854   52 2399   65.03458   65.53924  0.78%  1673 1047s
   320   299   65.51556   52 2724   65.03458   65.53924  0.78%  1693 1050s
   325   304   65.46626   55 2269   65.03458   65.53924  0.78%  1678 1055s
   333   312   65.41154   60 1684   65.03458   65.53924  0.78%  1653 1060s
*  342   317              68      65.0362385   65.53924  0.77%  1614 1063s
   344   318   65.04053   69  325   65.03624   65.53924  0.77%  1609 1065s
H  351   319                      65.0482440   65.53924  0.75%  1591 1091s
   360   330   65.53924   15 1112   65.04824   65.53924  0.75%  1565 1095s
H  365   333                      65.0482484   65.53924  0.75%  1550 1116s
   370   340   65.53924   20 1606   65.04825   65.53924  0.75%  1548 1120s
   371   341   65.53924   20 1656   65.04825   65.53924  0.75%  1571 1125s
   375   345   65.53924   20  581   65.04825   65.53924  0.75%  1575 1130s
   377   347   65.43512   22 3847   65.04825   65.53924  0.75%  1604 1135s
H  378   344                      65.0520655   65.53924  0.75%  1599 1137s
   379   347   65.53924   20 2125   65.05207   65.53924  0.75%  1628 1144s
   380   348   65.53924   21 1988   65.05207   65.53924  0.75%  1625 1145s
   389   357   65.53924   27  830   65.05207   65.53924  0.75%  1606 1151s
   391   359   65.53924   27 3354   65.05207   65.53924  0.75%  1628 1200s

Cutting planes:
  Implied bound: 40
  MIR: 9
  Flow cover: 22
  Zero half: 279
  Relax-and-lift: 1

Explored 392 nodes (715716 simplex iterations) in 1200.04 seconds (3170.77 work units)
Thread count was 1 (of 64 available processors)

Solution count 8: 65.0521 65.0482 65.0482 ... 65.0103

Time limit reached
Best objective 6.505206545013e+01, best bound 6.553923710918e+01, gap 0.7489%
Tree policy:
if q9 <= 0.0:
    if q8 <= 0.0:
        if q10 <= 0.0:
            return 'process1_cmd_0'
        else:
            return 'process10_cmd_9'
    else:
        if q10 <= 0.0:
            if q1 <= 0.0:
                return 'process8_cmd_7'
            else:
                return 'process1_cmd_0'
        else:
            if num_tokens_var <= 0.0:
                return 'process10_cmd_9'
            else:
                return 'process1_cmd_0'
else:
    if q7 <= 0.0:
        if q10 <= 0.0:
            return 'process1_cmd_0'
        else:
            if q2 <= 0.0:
                return 'process3_cmd_2'
            else:
                return 'process8_cmd_7'
    else:
        if q8 <= 0.0:
            if q3 <= 0.0:
                return 'process1_cmd_0'
            else:
                return 'process7_cmd_6'
        else:
            if num_tokens_var <= 0.0:
                return 'process7_cmd_6'
            else:
                return '__random__'
Optimal decision tree (depth=4) value: 65.05206545013071
Writing result files...
