Solving...
Starting with fixed depth 3
Set parameter Username
Academic license - for non-commercial use only - expires 2025-09-20
Set parameter Threads to value 1
Set parameter TimeLimit to value 1200
Gurobi Optimizer version 10.0.0 build v10.0.0rc2 (linux64)

CPU model: AMD EPYC 9124 16-Core Processor, instruction set [SSE2|AVX|AVX2|AVX512]
Thread count: 32 physical cores, 64 logical processors, using up to 1 threads

Optimize a model with 110607 rows, 29931 columns and 598269 nonzeros
Model fingerprint: 0x39c06e15
Variable types: 11264 continuous, 18667 integer (18667 binary)
Coefficient statistics:
  Matrix range     [1e-02, 1e+02]
  Objective range  [1e+00, 1e+00]
  Bounds range     [1e+00, 1e+02]
  RHS range        [1e+00, 3e+00]
Presolve removed 161 rows and 154 columns
Presolve time: 0.86s
Presolved: 110446 rows, 29777 columns, 597557 nonzeros
Variable types: 11264 continuous, 18513 integer (18513 binary)
Root relaxation presolved: 29777 rows, 140223 columns, 627334 nonzeros


Use crossover to convert LP symmetric solution to basic solution...

Root relaxation: objective 6.553924e+01, 5335 iterations, 0.96 seconds (2.04 work units)

    Nodes    |    Current Node    |     Objective Bounds      |     Work
 Expl Unexpl |  Obj  Depth IntInf | Incumbent    BestBd   Gap | It/Node Time

     0     0   65.53924    0 3273          -   65.53924      -     -    6s
     0     0   65.53924    0 4926          -   65.53924      -     -   10s
     0     0   65.53924    0 5825          -   65.53924      -     -   19s
H    0     0                      65.0115777   65.53924  0.81%     -   20s
     0     0   65.53924    0 5499   65.01158   65.53924  0.81%     -   20s
     0     0   65.53924    0 5484   65.01158   65.53924  0.81%     -   20s
     0     0   65.53924    0 5047   65.01158   65.53924  0.81%     -   25s
     0     0   65.53924    0 4867   65.01158   65.53924  0.81%     -   31s
     0     0   65.53924    0 1331   65.01158   65.53924  0.81%     -   36s
     0     0   65.53924    0 1326   65.01158   65.53924  0.81%     -   38s
     0     0   65.53924    0 2124   65.01158   65.53924  0.81%     -   44s
H    0     0                      65.0121191   65.53924  0.81%     -   45s
     0     0   65.53924    0 1612   65.01212   65.53924  0.81%     -   46s
     0     0   65.53924    0 2342   65.01212   65.53924  0.81%     -   52s
     0     0   65.53924    0 3501   65.01212   65.53924  0.81%     -   53s
     0     0   65.53924    0 2848   65.01212   65.53924  0.81%     -   59s
     0     0   65.53924    0 1575   65.01212   65.53924  0.81%     -   63s
H    0     0                      65.0154516   65.53924  0.81%     -   68s
     0     2   65.53924    0 1575   65.01545   65.53924  0.81%     -  117s
     9    11   65.53924    5 2482   65.01545   65.53924  0.81%   580  120s
    11    13   65.53924    6 4028   65.01545   65.53924  0.81%  3542  145s
    16    18   65.53924    9 2336   65.01545   65.53924  0.81%  5041  192s
    17    19   65.53924    9 3699   65.01545   65.53924  0.81%  5132  198s
    18    20   65.53924   10 4112   65.01545   65.53924  0.81%  8441  287s
    19    21   65.53924   10 3937   65.01545   65.53924  0.81%  8584  304s
    22    24   65.53924   13 2313   65.01545   65.53924  0.81%  7471  305s
    23    25   65.48742   14 3598   65.01545   65.53924  0.81%  7608  315s
    24    26   65.48742   14 3855   65.01545   65.53924  0.81%  7505  322s
    26    28   65.24061   16 3598   65.01545   65.53924  0.81%  7143  326s
H   27    27                      65.0196514   65.53924  0.80%  6878  328s
    28    30   65.27843   17 3341   65.01965   65.53924  0.80%  6810  331s
    31    33   65.36145   18 4369   65.01965   65.53924  0.80%  6250  335s
    34    36   65.32072   20 2313   65.01965   65.53924  0.80%  5863  340s
    36    38   65.15538   21 3341   65.01965   65.53924  0.80%  5671  355s
    37    39   65.21587   21 4369   65.01965   65.53924  0.80%  5766  372s
    39    41   65.19939   23 3855   65.01965   65.53924  0.80%  5497  375s
    41    43   65.08189   25 2313   65.01965   65.53924  0.80%  5344  390s
    43    45   65.10155   26 2313   65.01965   65.53924  0.80%  5185  395s
    45    47   65.10561   27 2313   65.01965   65.53924  0.80%  5073  403s
    46    48   65.11506   27 3341   65.01965   65.53924  0.80%  5034  410s
    48    50   65.08643   28 2827   65.01965   65.53924  0.80%  4864  417s
    51    53   65.07085   30 2056   65.01965   65.53924  0.80%  4631  423s
    53    55   65.07827   31 2056   65.01965   65.53924  0.80%  4478  427s
    54    56   65.08371   31 2827   65.01965   65.53924  0.80%  4407  430s
    56    58   65.02501   33  771   65.01965   65.53924  0.80%  4289  435s
    58    58     cutoff   34        65.01965   65.53924  0.80%  4176  441s
    61    59   65.02984   35 1542   65.01965   65.53924  0.80%  3989  445s
    64    58 infeasible   37        65.01965   65.53924  0.80%  3849  451s
    74    66   65.53924    8 6818   65.01965   65.53924  0.80%  3448  455s
    77    69   65.53924   10 3362   65.01965   65.53924  0.80%  3443  460s
    82    74   65.53924   13 1120   65.01965   65.53924  0.80%  3320  465s
    92    84   65.53924   20 3087   65.01965   65.53924  0.80%  3124  470s
    95    87   65.53924   22 3084   65.01965   65.53924  0.80%  3127  475s
    97    89   65.40618   24 2313   65.01965   65.53924  0.80%  3212  481s
    98    90   65.40294   24 2570   65.01965   65.53924  0.80%  3257  486s
   103    95   65.27974   28 3341   65.01965   65.53924  0.80%  3154  490s
   115   101     cutoff   37        65.01965   65.53924  0.80%  2884  495s
   126   100 infeasible   42        65.01965   65.53924  0.80%  2718  500s
   148   122   65.53924   18 2471   65.01965   65.53924  0.80%  2361  505s
   159   133   65.53924   26 2512   65.01965   65.53924  0.80%  2260  510s
   164   138   65.53924   29 2002   65.01965   65.53924  0.80%  2246  515s
   167   141   65.53924   32 3237   65.01965   65.53924  0.80%  2254  520s
   170   144   65.49510   34 3781   65.01965   65.53924  0.80%  2264  525s
   177   151   65.50868   38 2628   65.01965   65.53924  0.80%  2230  530s
   183   157   65.50842   41 2498   65.01965   65.53924  0.80%  2189  535s
   187   161   65.34236   43 4133   65.01965   65.53924  0.80%  2218  545s
   199   173   65.30136   55 1933   65.01965   65.53924  0.80%  2112  550s
   200   174   65.26355   55 3354   65.01965   65.53924  0.80%  2136  556s
   202   176   65.02228   56 1800   65.01965   65.53924  0.80%  2148  563s
   203   175     cutoff   57        65.01965   65.53924  0.80%  2181  571s
   206   176     cutoff   59        65.01965   65.53924  0.80%  2176  575s
   208   178   65.02668   60 1671   65.01965   65.53924  0.80%  2182  580s
   212   180     cutoff   62        65.01965   65.53924  0.80%  2186  589s
   215   181     cutoff   63        65.01965   65.53924  0.80%  2178  593s
   216   180     cutoff   64        65.01965   65.53924  0.80%  2193  597s
   217   179     cutoff   64        65.01965   65.53924  0.80%  2208  601s
   224   186   65.53924   10 1360   65.01965   65.53924  0.80%  2206  607s
   234   196   65.53924   17 4455   65.01965   65.53924  0.80%  2133  610s
   238   200   65.53924   20 4325   65.01965   65.53924  0.80%  2185  618s
   244   206   65.53924   26 4542   65.01965   65.53924  0.80%  2157  621s
H  245   205                      65.0206546   65.53924  0.80%  2148  625s
   250   212   65.53924   28 3842   65.02065   65.53924  0.80%  2144  630s
   255   215   65.27158   31 3340   65.02065   65.53924  0.80%  2177  636s
   259   217   65.49944   31 3635   65.02065   65.53924  0.80%  2240  646s
   263   221   65.47091   33 1905   65.02065   65.53924  0.80%  2239  652s
   265   223   65.47091   35 1676   65.02065   65.53924  0.80%  2315  660s
   268   226   65.34493   34 4335   65.02065   65.53924  0.80%  2438  684s
   271   229   65.53924   38 1052   65.02065   65.53924  0.80%  2413  685s
H  272   228                      65.0206633   65.53924  0.80%  2404  686s
   273   231   65.17832   39 3417   65.02066   65.53924  0.80%  2482  696s
   276   234   65.50571   40 2637   65.02066   65.53924  0.80%  2496  703s
   278   236   65.43085   39  644   65.02066   65.53924  0.80%  2503  706s
   282   240   65.37700   42 1097   65.02066   65.53924  0.80%  2557  714s
   285   243   65.53924   43 1257   65.02066   65.53924  0.80%  2532  719s
   286   244   65.34644   44 1510   65.02066   65.53924  0.80%  2572  724s
   289   247   65.52400   46 1356   65.02066   65.53924  0.80%  2563  726s
   295   253   65.50248   48  889   65.02066   65.53924  0.80%  2598  733s
   298   256   65.44728   49 1199   65.02066   65.53924  0.80%  2617  737s
   301   259   65.52696   51 1161   65.02066   65.53924  0.80%  2613  740s
   306   264   65.44614   52  653   65.02066   65.53924  0.80%  2619  745s
   312   268   65.41638   53 1799   65.02066   65.53924  0.80%  2586  754s
   318   274   65.38110   56 1232   65.02066   65.53924  0.80%  2549  755s
   338   290   65.38200   69 1380   65.02066   65.53924  0.80%  2422  766s
   364   300   65.53924   11  583   65.02066   65.53924  0.80%  2263  785s
   381   315   65.02200   24  771   65.02066   65.53924  0.80%  2203  883s
   385   319   65.02419   27  771   65.02066   65.53924  0.80%  2205  887s
   386   320   65.04152   26  771   65.02066   65.53924  0.80%  2225  892s
   387   321   65.02593   25  771   65.02066   65.53924  0.80%  2237  895s
   391   323   65.53924   30 2212   65.02066   65.53924  0.80%  2235  909s
   392   324   65.53924   31 2216   65.02066   65.53924  0.80%  2229  910s
   395   327   65.15267   34 1386   65.02066   65.53924  0.80%  2309  924s
   407   339   65.44575   45 2174   65.02066   65.53924  0.80%  2301  931s
   416   336   65.53924   14 1846   65.02066   65.53924  0.80%  2278  935s
H  417   321                      65.0331583   65.53924  0.78%  2273  963s
   425   331   65.53924   23 1221   65.03316   65.53924  0.78%  2237  965s
   440   346   65.47505   38 3223   65.03316   65.53924  0.78%  2213  972s
   443   349   65.44976   41 3237   65.03316   65.53924  0.78%  2202  976s
   460   364     cutoff   58        65.03316   65.53924  0.78%  2147  982s
   469   367   65.53924   24 1750   65.03316   65.53924  0.78%  2117 1041s
   470   368   65.53924   25 1712   65.03316   65.53924  0.78%  2117 1060s
   486   384   65.48857   41 2714   65.03316   65.53924  0.78%  2086 1065s
   497   393   65.07808   51  955   65.03316   65.53924  0.78%  2069 1070s
   502   388     cutoff   48        65.03316   65.53924  0.78%  2070 1075s
   511   394   65.53924   11 1575   65.03316   65.53924  0.78%  2045 1161s
   513   395   65.41622   54  579   65.03316   65.53924  0.78%  2037 1178s
   514   396   65.53924   31  585   65.03316   65.53924  0.78%  2033 1182s
   516   397   65.53924   18  843   65.03316   65.53924  0.78%  2025 1186s
   518   399   65.42995   59  670   65.03316   65.53924  0.78%  2017 1196s

Cutting planes:
  Gomory: 1
  Lift-and-project: 249
  Implied bound: 7
  Projected implied bound: 8
  MIR: 1
  Flow cover: 39
  Zero half: 3
  Relax-and-lift: 1

Explored 519 nodes (1130939 simplex iterations) in 1200.03 seconds (3278.99 work units)
Thread count was 1 (of 64 available processors)

Solution count 7: 65.0332 65.0207 65.0207 ... 65.0116

Time limit reached
Best objective 6.503315832412e+01, best bound 6.553923710919e+01, gap 0.7782%
Tree policy:
if q9 <= 0.0:
    if q8 <= 0.0:
        return 'process1_cmd_0'
    else:
        return 'process3_cmd_2'
else:
    if q7 <= 0.0:
        if q5 <= 0.0:
            return 'process4_cmd_3'
        else:
            return 'process5_cmd_4'
    else:
        return 'process2_cmd_1'
Optimal decision tree (depth=3) value: 65.03315832411965
Writing result files...
