Solving...
Starting with fixed depth 2
Set parameter Username
Academic license - for non-commercial use only - expires 2025-09-20
Set parameter Threads to value 1
Set parameter TimeLimit to value 1200
Gurobi Optimizer version 10.0.0 build v10.0.0rc2 (linux64)

CPU model: AMD EPYC 9124 16-Core Processor, instruction set [SSE2|AVX|AVX2|AVX512]
Thread count: 32 physical cores, 64 logical processors, using up to 1 threads

Optimize a model with 61447 rows, 25707 columns and 303229 nonzeros
Model fingerprint: 0x6ec78e70
Variable types: 11264 continuous, 14443 integer (14443 binary)
Coefficient statistics:
  Matrix range     [1e-02, 1e+02]
  Objective range  [1e+00, 1e+00]
  Bounds range     [1e+00, 1e+02]
  RHS range        [1e+00, 2e+00]
Presolve removed 66 rows and 66 columns
Presolve time: 0.27s
Presolved: 61381 rows, 25641 columns, 302982 nonzeros
Variable types: 11264 continuous, 14377 integer (14377 binary)

Root simplex log...

Iteration    Objective       Primal Inf.    Dual Inf.      Time
    9206    1.0101006e+02   6.460186e+02   0.000000e+00      5s
   17816    1.0100989e+02   2.408392e+03   0.000000e+00     10s
Warning: Markowitz tolerance tightened to 0.03125
   27026    1.0100945e+02   1.773299e+04   0.000000e+00     15s
   31685    6.5539237e+01   0.000000e+00   0.000000e+00     17s
   31685    6.5539237e+01   0.000000e+00   0.000000e+00     17s

Use crossover to convert LP symmetric solution to basic solution...

Root crossover log...

       1 DPushes remaining with DInf 0.0000000e+00                17s
       0 DPushes remaining with DInf 0.0000000e+00                17s

     369 PPushes remaining with PInf 0.0000000e+00                17s
       0 PPushes remaining with PInf 0.0000000e+00                17s

  Push phase complete: Pinf 0.0000000e+00, Dinf 5.7484120e-11     17s


Root simplex log...

Iteration    Objective       Primal Inf.    Dual Inf.      Time
   32058    6.5539237e+01   0.000000e+00   0.000000e+00     17s
   32058    6.5539237e+01   0.000000e+00   0.000000e+00     17s

Root relaxation: objective 6.553924e+01, 32058 iterations, 16.01 seconds (49.44 work units)

    Nodes    |    Current Node    |     Objective Bounds      |     Work
 Expl Unexpl |  Obj  Depth IntInf | Incumbent    BestBd   Gap | It/Node Time

     0     0   65.53924    0 1309          -   65.53924      -     -   19s
H    0     0                      65.0102940   65.53924  0.81%     -   21s
     0     0   65.53924    0 1658   65.01029   65.53924  0.81%     -   26s
     0     0   65.53924    0 1658   65.01029   65.53924  0.81%     -   33s
     0     0   65.53924    0 2092   65.01029   65.53924  0.81%     -   36s
H    0     0                      65.0120982   65.53924  0.81%     -   37s
     0     0   65.53924    0 2126   65.01210   65.53924  0.81%     -   38s
     0     0   65.53924    0 1586   65.01210   65.53924  0.81%     -   40s
     0     0   65.53924    0 1228   65.01210   65.53924  0.81%     -   54s
     0     0   65.53924    0 1186   65.01210   65.53924  0.81%     -   57s
     0     0   65.53924    0 1704   65.01210   65.53924  0.81%     -   59s
     0     0   65.53924    0 1704   65.01210   65.53924  0.81%     -   62s
H    0     0                      65.0122131   65.53924  0.81%     -   80s
     0     0   65.53924    0 1704   65.01221   65.53924  0.81%     -   82s
     0     0   65.53924    0 1704   65.01221   65.53924  0.81%     -   83s
     0     2   65.53924    0  572   65.01221   65.53924  0.81%     -  115s
     4     6   65.53924    3 3764   65.01221   65.53924  0.81%  2942  121s
     6     8   65.53924    4 8481   65.01221   65.53924  0.81%  3830  128s
     8     8 infeasible    5        65.01221   65.53924  0.81%  3946  134s
     9     9   65.53924    6 5911   65.01221   65.53924  0.81%  3546  135s
    10     8 infeasible    6        65.01221   65.53924  0.81%  5192  158s
    11     9   65.53924    7 5397   65.01221   65.53924  0.81%  4765  169s
    14    10   65.53924    9 3084   65.01221   65.53924  0.81%  4324  181s
    16    12   65.53924   11 3341   65.01221   65.53924  0.81%  4099  190s
    17    13   65.53924   12 3084   65.01221   65.53924  0.81%  7838  342s
    20    16   65.50027   14 3341   65.01221   65.53924  0.81%  7019  346s
    23    19   65.50166   15 4369   65.01221   65.53924  0.81%  6464  351s
    25    19 infeasible   16        65.01221   65.53924  0.81%  6538  361s
    26    20   65.31022   17 2570   65.01221   65.53924  0.81%  6583  369s
H   27    19                      65.0164575   65.53924  0.80%  6339  388s
H   27    19                      65.0407271   65.53924  0.77%  6339  397s
    28    22   65.31012   18 2570   65.04073   65.53924  0.77%  6696  405s
    30    24   65.31030   19 2827   65.04073   65.53924  0.77%  6344  410s
    33    27   65.31344   20 4369   65.04073   65.53924  0.77%  5855  415s
    34    28   65.11536   21 3341   65.04073   65.53924  0.77%  5829  425s
    35    29   65.24397   21 4883   65.04073   65.53924  0.77%  5750  431s
    36    30   65.11773   22 3084   65.04073   65.53924  0.77%  5717  441s
    37    31   65.21735   22 4626   65.04073   65.53924  0.77%  5610  450s
    38    32   65.11906   23 3341   65.04073   65.53924  0.77%  5547  458s
    41    35   65.11793   24 3341   65.04073   65.53924  0.77%  5243  466s
    42    36   65.13956   25 4626   65.04073   65.53924  0.77%  5180  472s
    44    38   65.07826   26 2313   65.04073   65.53924  0.77%  5062  475s
    52    46   65.09285   30 1799   65.04073   65.53924  0.77%  4475  481s
    56    50   65.04816   32 1542   65.04073   65.53924  0.77%  4280  485s
*   67    51              38      65.0407860   65.53924  0.77%  3678  488s
    78    62   65.53924   10  583   65.04079   65.53924  0.77%  3191  490s
    81    64   65.53534   13 9747   65.04079   65.53924  0.77%  3345  501s
    91    74   65.19656   21 2313   65.04079   65.53924  0.77%  3378  522s
    93    76   65.39854   22 2827   65.04079   65.53924  0.77%  3444  526s
    97    80   65.17029   25 2313   65.04079   65.53924  0.77%  3520  534s
   104    87   65.05151   29 1285   65.04079   65.53924  0.77%  3403  537s
   106    88   65.04922   30 1542   65.04079   65.53924  0.77%  3436  540s
   108    90   65.22705   31 1561   65.04079   65.53924  0.77%  3538  546s
   118    96     cutoff   39        65.04079   65.53924  0.77%  3346  551s
   122    96   65.30449   11 6537   65.04079   65.53924  0.77%  3467  563s
   123    97   65.53924   11 1607   65.04079   65.53924  0.77%  3466  565s
   132   106   65.53924   20 2034   65.04079   65.53924  0.77%  3328  570s
H  135   107                      65.0411882   65.53924  0.77%  3255  570s
   140   112     cutoff   27        65.04119   65.53924  0.77%  3410  588s
   141   111     cutoff   26        65.04119   65.53924  0.77%  3498  597s
   154   122   65.42030   38 2385   65.04119   65.53924  0.77%  3302  602s
   156   120     cutoff   39        65.04119   65.53924  0.77%  3327  606s
   159   121   65.53924   12 1227   65.04119   65.53924  0.77%  3335  611s
   161   123   65.41827   13 6159   65.04119   65.53924  0.77%  3419  617s
   162   124   65.45788   14 5641   65.04119   65.53924  0.77%  3464  621s
   163   123     cutoff   15        65.04119   65.53924  0.77%  3489  625s
   169   125   65.49549   16 1669   65.04119   65.53924  0.77%  3414  630s
   172   126     cutoff   18        65.04119   65.53924  0.77%  3425  639s
   175   129   65.49436   21 1074   65.04119   65.53924  0.77%  3374  640s
   180   128   65.26727   21 1123   65.04119   65.53924  0.77%  3358  647s
   187   127   65.53924   12 6249   65.04119   65.53924  0.77%  3281  650s
   188   128   65.53924   13 6244   65.04119   65.53924  0.77%  3268  667s
   202   142   65.47696   27 2302   65.04119   65.53924  0.77%  3102  670s
   223   153   65.05509   44 1030   65.04119   65.53924  0.77%  2865  675s
   233   151   65.50600   14 6758   65.04119   65.53924  0.77%  2897  687s
   235   153   65.45601   15 2241   65.04119   65.53924  0.77%  2918  690s
   239   157   65.09992   17 1542   65.04119   65.53924  0.77%  2956  696s
   243   161   65.12096   18 1542   65.04119   65.53924  0.77%  2942  704s
   244   162   65.10020   18 1542   65.04119   65.53924  0.77%  2943  705s
   265   175   65.53924   17 2186   65.04119   65.53924  0.77%  2730  710s
   276   186   65.25015   28 4363   65.04119   65.53924  0.77%  2815  737s
   278   188   65.11152   30 4363   65.04119   65.53924  0.77%  2826  741s
   285   187     cutoff   32        65.04119   65.53924  0.77%  2779  745s
   291   193   65.05224   36 2056   65.04119   65.53924  0.77%  2735  752s
   297   191   65.07471   35 2056   65.04119   65.53924  0.77%  2697  764s
   298   192   65.04702   36 1799   65.04119   65.53924  0.77%  2693  765s
   311   187     cutoff   34        65.04119   65.53924  0.77%  2611  770s
   335   209     cutoff   26        65.04119   65.53924  0.77%  2548  787s
   337   209   65.05318   25 1285   65.04119   65.53924  0.77%  2626  800s
   344   210   65.30304   16 2620   65.04119   65.53924  0.77%  2693  823s
   345   209     cutoff   17        65.04119   65.53924  0.77%  2700  825s
   349   211   65.24095   19 1934   65.04119   65.53924  0.77%  2709  830s
   353   209     cutoff   20        65.04119   65.53924  0.77%  2733  837s
   354   210   65.06767   19 1285   65.04119   65.53924  0.77%  2807  851s
   369   219   65.53924   26 1147   65.04119   65.53924  0.77%  2707  856s
   395   217   65.53924   14 1481   65.04119   65.53924  0.77%  2544  861s
   409   223   65.39449   17 4104   65.04119   65.53924  0.77%  2514  868s
   412   226   65.11363   20 3078   65.04119   65.53924  0.77%  2513  871s
   421   221   65.53924   12 2477   65.04119   65.53924  0.77%  2481  892s
   423   223   65.24005   14 4104   65.04119   65.53924  0.77%  2508  899s
   424   224   65.11736   15 4104   65.04119   65.53924  0.77%  2513  900s
   428   224     cutoff   18        65.04119   65.53924  0.77%  2501  905s
   435   223   65.29933   17 2741   65.04119   65.53924  0.77%  2555  925s
   439   225   65.12201   20 1360   65.04119   65.53924  0.77%  2557  933s
   442   224   65.20779   19 2346   65.04119   65.53924  0.77%  2555  935s
   446   224     cutoff   22        65.04119   65.53924  0.77%  2564  944s
   447   223     cutoff   22        65.04119   65.53924  0.77%  2563  945s
   453   223   65.53924   14 4617   65.04119   65.53924  0.77%  2569  950s
   455   225   65.11736   16 4104   65.04119   65.53924  0.77%  2596  956s
   460   226   65.04692   19 3078   65.04119   65.53924  0.77%  2586  960s
   466   224   65.53924   14  872   65.04119   65.53924  0.77%  2561  981s
   486   242     cutoff   34        65.04119   65.53924  0.77%  2474  985s
   491   247   65.34589   38 2118   65.04119   65.53924  0.77%  2489  990s
   511   266   65.53924    5 1704   65.04119   65.53924  0.77%  2395 1067s
   513   267   65.53924   11  535   65.04119   65.53924  0.77%  2385 1102s
   514   268   65.27562   34  527   65.04119   65.53924  0.77%  2381 1113s
   515   269   65.53924    4  564   65.04119   65.53924  0.77%  2376 1124s
   516   269   65.39854   23  582   65.04119   65.53924  0.77%  2371 1127s
   518   271   65.53924   17  569   65.04119   65.53924  0.77%  2362 1131s
   520   272   65.28612   18 1117   65.04119   65.53924  0.77%  2353 1135s
   523   274   65.53924   16 1568   65.04119   65.53924  0.77%  2340 1140s
   526   276   65.53924   18 1086   65.04119   65.53924  0.77%  2326 1147s
   528   277   65.09997   19 1087   65.04119   65.53924  0.77%  2317 1150s

Cutting planes:
  Lift-and-project: 5
  Implied bound: 2
  MIR: 66
  Flow cover: 251
  Zero half: 43
  RLT: 418

Explored 530 nodes (1405673 simplex iterations) in 1200.01 seconds (2830.64 work units)
Thread count was 1 (of 64 available processors)

Solution count 6: 65.0412 65.0407 65.0165 ... 65.0103

Time limit reached
Best objective 6.504118820254e+01, best bound 6.553923710918e+01, gap 0.7657%
Tree policy:
if q4 <= 0.0:
    if q10 <= 0.0:
        return 'process1_cmd_0'
    else:
        return 'process10_cmd_9'
else:
    if q10 <= 0.0:
        return 'process9_cmd_8'
    else:
        return 'process4_cmd_3'
Optimal decision tree (depth=2) value: 65.04118820254483
Writing result files...
