Solving...
Starting with fixed depth 7
Set parameter Username
Academic license - for non-commercial use only - expires 2025-09-20
Set parameter Threads to value 1
Set parameter TimeLimit to value 1200
Gurobi Optimizer version 10.0.0 build v10.0.0rc2 (linux64)

CPU model: AMD EPYC 9124 16-Core Processor, instruction set [SSE2|AVX|AVX2|AVX512]
Thread count: 32 physical cores, 64 logical processors, using up to 1 threads

Optimize a model with 111711 rows, 23416 columns and 1057300 nonzeros
Model fingerprint: 0x0d44b9dd
Variable types: 720 continuous, 22696 integer (22696 binary)
Coefficient statistics:
  Matrix range     [1e-02, 1e+02]
  Objective range  [2e-01, 3e-01]
  Bounds range     [1e+00, 1e+02]
  RHS range        [1e+00, 7e+00]
Presolve removed 1019 rows and 635 columns
Presolve time: 1.42s
Presolved: 110692 rows, 22781 columns, 1040876 nonzeros
Variable types: 720 continuous, 22061 integer (22061 binary)
Found heuristic solution: objective 0.0001721
Root relaxation presolved: 22781 rows, 133473 columns, 1063657 nonzeros


Root relaxation: objective 3.487237e-01, 21726 iterations, 1.63 seconds (5.41 work units)
Total elapsed time = 7.71s

    Nodes    |    Current Node    |     Objective Bounds      |     Work
 Expl Unexpl |  Obj  Depth IntInf | Incumbent    BestBd   Gap | It/Node Time

     0     0    0.34872    0  480    0.00017    0.34872      -     -   10s
H    0     0                       0.0009322    0.34872      -     -   10s
     0     0    0.34872    0  622    0.00093    0.34872      -     -   11s
H    0     0                       0.0015584    0.34872      -     -   12s
     0     0    0.34872    0  265    0.00156    0.34872      -     -   18s
     0     0    0.34872    0  497    0.00156    0.34872      -     -   22s
H    0     0                       0.0202382    0.34872  1623%     -   22s
     0     0    0.34872    0  284    0.02024    0.34872  1623%     -   26s
     0     0    0.34872    0  434    0.02024    0.34872  1623%     -   27s
     0     0    0.34872    0  232    0.02024    0.34872  1623%     -   32s
     0     0    0.34872    0  567    0.02024    0.34872  1623%     -   33s
     0     0    0.34872    0 1488    0.02024    0.34872  1623%     -   38s
     0     0    0.34872    0 1511    0.02024    0.34872  1623%     -   38s
     0     0    0.34872    0  419    0.02024    0.34872  1623%     -   44s
     0     0    0.34872    0  632    0.02024    0.34872  1623%     -   45s
     0     0    0.34872    0  216    0.02024    0.34872  1623%     -   52s
     0     0    0.34872    0  216    0.02024    0.34872  1623%     -   54s
     0     2    0.34872    0  216    0.02024    0.34872  1623%     -   63s
     7     9    0.34872    4  965    0.02024    0.34872  1623%   261   65s
    22    24    0.34872   14 1214    0.02024    0.34872  1623%   107   72s
    32    34    0.34872   21  796    0.02024    0.34872  1623%   141   75s
    67    69    0.34872   45  584    0.02024    0.34872  1623%   124   80s
H   81    81                       0.0202384    0.34872  1623%   122   82s
   104   106    0.33413   68  901    0.02024    0.34872  1623%   114   85s
   143   145    0.29815   91 1043    0.02024    0.34872  1623%  96.2   90s
   158   151    0.15466   99  915    0.02024    0.34872  1623%   102   95s
   200   184    0.33899   26  814    0.02024    0.34872  1623%  90.2  100s
   252   236    0.33395   62  547    0.02024    0.34872  1623%  77.2  105s
   297   271    0.13763   96  454    0.02024    0.34872  1623%  69.6  110s
H  353   289                       0.0461867    0.34872   655%  60.5  114s
   356   294    0.33861   12  765    0.04619    0.34872   655%  60.6  115s
H  390   326                       0.0480025    0.34872   626%  57.1  117s
   414   352    0.33861   49  414    0.04800    0.34872   626%  54.7  120s
H  469   397                       0.0485311    0.34872   619%  52.1  124s
   476   399 infeasible   94         0.04853    0.34872   619%  51.8  125s
   511   428    0.33395   70  216    0.04853    0.34872   619%  49.3  133s
   513   429    0.31511   77  247    0.04853    0.34872   619%  49.2  140s
   514   430    0.33395   61  330    0.04853    0.34872   619%  49.1  145s
   516   431    0.33640   54 2226    0.04853    0.34872   619%  48.9  151s
   518   433    0.33395   79 2252    0.04853    0.34872   619%  48.7  156s
   520   434    0.34345   24  254    0.04853    0.34872   619%  48.5  163s
   522   435    0.31603   72  230    0.04853    0.34872   619%  48.3  171s
   524   437    0.33640   48  305    0.04853    0.34872   619%  48.1  179s
   526   438    0.33640   52 1582    0.04853    0.34872   619%  47.9  185s
   528   439    0.33861   37 1817    0.04853    0.34872   619%  47.8  190s
   530   441    0.34872   20 3075    0.04853    0.34872   619%  47.6  195s
   532   442    0.33861   18 3439    0.04853    0.34872   619%  47.4  201s
   533   443    0.33395   68 3439    0.04853    0.34872   619%  47.3  207s
   534   443    0.33640   58 3439    0.04853    0.34872   619%  47.2  211s
   535   446    0.34872   14 1558    0.04853    0.34872   619%   167  220s
   570   469    0.34872   31  915    0.04853    0.34872   619%   159  225s
   627   507    0.34872   60  856    0.04853    0.34872   619%   147  230s
   688   548    0.25289   90  807    0.04853    0.34872   619%   136  235s
H  742   557                       0.0545079    0.34872   540%   128  239s
   755   568    0.30746  124 2047    0.05451    0.34872   540%   127  240s
   796   595    0.29580  144 1307    0.05451    0.34872   540%   121  245s
H  859   601                       0.0545079    0.34872   540%   115  249s
   860   604    0.05881  177  320    0.05451    0.34872   540%   115  250s
   894   604    0.34872   22 1951    0.05451    0.34872   540%   112  255s
H  906   589                       0.0548621    0.34872   536%   111  256s
   932   609    0.34872   41 2353    0.05486    0.34872   536%   108  260s
H  984   602                       0.0703270    0.34872   396%   104  265s
  1060   655    0.31558  105  738    0.07033    0.34872   396%  98.2  270s
H 1062   635                       0.0703384    0.34872   396%  98.0  270s
H 1088   636                       0.0703745    0.34872   396%  96.1  271s
H 1114   636                       0.0703745    0.34872   396%  95.3  273s
  1136   653    0.31536  143  521    0.07037    0.34872   396%  93.6  275s
H 1140   638                       0.0740075    0.34872   371%  93.3  275s
H 1166   641                       0.0740098    0.34872   371%  91.3  277s
H 1192   644                       0.0783718    0.34872   345%  89.5  278s
  1214   661    0.31536  182  960    0.07837    0.34872   345%  88.2  280s
H 1218   644                       0.0873898    0.34872   299%  88.4  280s
H 1270   658                       0.0874357    0.34872   299%  86.4  284s
  1284   674    0.18789  216  302    0.08744    0.34872   299%  85.8  285s
H 1323   697                       0.0877310    0.34872   297%  84.7  287s
H 1349   697                       0.1220096    0.34872   186%  83.4  289s
  1366   716    0.31976  111 1452    0.12201    0.34872   186%  82.8  290s
H 1374   712                       0.1270649    0.34872   174%  82.5  290s
H 1375   706                       0.1485444    0.34872   135%  82.4  290s
H 1401   732                       0.1495010    0.34872   133%  81.2  293s
H 1427   756                       0.1610469    0.34872   117%  80.1  294s
H 1428   754                       0.1753925    0.34872  98.8%  80.0  298s
H 1453   778                       0.1762742    0.34872  97.8%  78.8  300s
H 1455   780                       0.1763788    0.34872  97.7%  78.7  302s
H 1483   806                       0.1764507    0.34872  97.6%  77.8  308s
  1496   819    0.28811  176  965    0.17645    0.34872  97.6%  77.4  310s
H 1510   831                       0.1764508    0.34872  97.6%  77.0  314s
  1519   842    0.31570  187 1221    0.17645    0.34872  97.6%  76.7  315s
H 1531   851                       0.1776719    0.34872  96.3%  76.5  316s
H 1537   855                       0.1776723    0.34872  96.3%  76.4  319s
  1542   862    0.31515  199 1275    0.17767    0.34872  96.3%  76.5  320s
H 1564   880                       0.1776723    0.34872  96.3%  75.9  323s
H 1583   896                       0.1798089    0.34872  93.9%  75.3  325s
H 1592   896                       0.1798089    0.34872  93.9%  74.9  327s
H 1619   919                       0.1798089    0.34872  93.9%  73.8  331s
H 1635   935                       0.1814903    0.34872  92.1%  73.2  332s
H 1646   945                       0.1839022    0.34872  89.6%  72.8  333s
H 1661   957                       0.1861121    0.34872  87.4%  72.3  335s
H 1679   909                       0.1884611    0.34872  85.0%  71.7  337s
H 1687   915                       0.2026049    0.34872  72.1%  71.5  338s
  1706   936    0.34111  109  747    0.20260    0.34872  72.1%  71.1  340s
H 1713   941                       0.2045172    0.34872  70.5%  71.0  341s
  1733   963    0.29943  114  675    0.20452    0.34872  70.5%  71.4  345s
  1776  1006    0.28991  139 1151    0.20452    0.34872  70.5%  70.4  350s
H 1787  1012                       0.2094265    0.34872  66.5%  70.2  351s
H 1791  1016                       0.2096043    0.34872  66.4%  70.1  352s
H 1814  1039                       0.2096045    0.34872  66.4%  69.3  354s
  1814  1041    0.28978  154  324    0.20960    0.34872  66.4%  69.3  355s
  1852  1079    0.28978  160  347    0.20960    0.34872  66.4%  68.5  360s
H 1868  1093                       0.2098176    0.34872  66.2%  68.3  364s
H 1869  1094                       0.2098178    0.34872  66.2%  68.2  364s
  1871  1098    0.28978  166  625    0.20982    0.34872  66.2%  68.2  365s
H 1895  1120                       0.2098179    0.34872  66.2%  67.6  367s
H 1895  1120                       0.2101015    0.34872  66.0%  67.6  368s
  1921  1148    0.28978  182  888    0.21010    0.34872  66.0%  67.0  370s
  1976  1201    0.28825  201  448    0.21010    0.34872  66.0%  65.7  375s
  2071  1250    0.34872   97  778    0.21010    0.34872  66.0%  63.7  380s
H 2085  1262                       0.2101015    0.34872  66.0%  63.6  381s
H 2112  1289                       0.2101015    0.34872  66.0%  63.0  383s
  2130  1309    0.28991  129  798    0.21010    0.34872  66.0%  62.7  385s
H 2139  1316                       0.2101016    0.34872  66.0%  62.5  387s
H 2166  1343                       0.2101016    0.34872  66.0%  62.1  390s
  2193  1370    0.28991  163  727    0.21010    0.34872  66.0%  61.4  395s
  2239  1402    0.31955  119  847    0.21010    0.34872  66.0%  60.8  400s
H 2247  1408                       0.2101017    0.34872  66.0%  60.6  402s
H 2274  1435                       0.2101019    0.34872  66.0%  60.1  405s
  2323  1486    0.28203  158 1182    0.21010    0.34872  66.0%  59.5  410s
  2375  1538    0.28203  179  448    0.21010    0.34872  66.0%  58.5  415s
  2468  1631    0.27499  203  400    0.21010    0.34872  66.0%  57.3  420s
  2535  1648     cutoff  220         0.21010    0.34872  66.0%  57.4  425s
H 2577  1655                       0.2101019    0.34872  66.0%  56.6  427s
  2625  1682    0.27621  124 1010    0.21010    0.34872  66.0%  55.8  430s
H 2658  1713                       0.2101019    0.34872  66.0%  55.1  433s
H 2685  1740                       0.2101019    0.34872  66.0%  54.8  436s
H 2707  1762                       0.2101019    0.34872  66.0%  54.4  437s
  2740  1778     cutoff  227         0.21010    0.34872  66.0%  54.2  440s
  2815  1845    0.28532  168 1157    0.21010    0.34872  66.0%  53.4  445s
  2906  1914    0.30829  105 1222    0.21010    0.34872  66.0%  52.4  450s
  2963  1957    0.29001  125 1461    0.21010    0.34872  66.0%  51.7  455s
  3020  2014    0.28978  182  953    0.21010    0.34872  66.0%  51.0  460s
  3097  2066    0.34872  109  670    0.21010    0.34872  66.0%  50.3  465s
  3150  2119    0.29759  130  945    0.21010    0.34872  66.0%  49.9  470s
H 3175  2142                       0.2107549    0.34872  65.5%  49.6  471s
  3240  2209    0.29142  175 1778    0.21075    0.34872  65.5%  49.2  475s
H 3253  2220                       0.2107550    0.34872  65.5%  49.1  475s
  3331  2278    0.28787  150 1441    0.21076    0.34872  65.5%  48.5  480s
H 3421  2344                       0.2107551    0.34872  65.5%  47.8  484s
  3435  2360    0.30069  121 1113    0.21076    0.34872  65.5%  47.8  485s
  3461  2386    0.31605  128 1517    0.21076    0.34872  65.5%  47.5  490s
H 3475  2398                       0.2107551    0.34872  65.5%  47.3  491s
H 3502  2425                       0.2107551    0.34872  65.5%  47.1  494s
  3503  2428    0.29953  141  989    0.21076    0.34872  65.5%  47.1  495s
H 3529  2452                       0.2107551    0.34872  65.5%  46.9  498s
H 3556  2479                       0.2107551    0.34872  65.5%  46.7  501s
H 3583  2506                       0.2107551    0.34872  65.5%  46.4  506s
H 3612  2531                       0.2107552    0.34872  65.5%  46.3  509s
  3614  2535    0.28134  175 1444    0.21076    0.34872  65.5%  46.3  510s
  3666  2583    0.28134  185 1794    0.21076    0.34872  65.5%  45.8  516s
  3704  2621    0.28134  188 1239    0.21076    0.34872  65.5%  45.4  520s
H 3774  2689                       0.2107552    0.34872  65.5%  44.7  525s
  3891  2778    0.34872  105  673    0.21076    0.34872  65.5%  43.7  530s
  3964  2841    0.30224  153  474    0.21076    0.34872  65.5%  43.2  535s
  4060  2917    0.27285  234  692    0.21076    0.34872  65.5%  43.0  540s
  4136  2975    0.29407  167  550    0.21076    0.34872  65.5%  42.6  545s
  4244  3045    0.34872  113  750    0.21076    0.34872  65.5%  42.2  550s
  4330  3131    0.31483  199 1624    0.21076    0.34872  65.5%  41.7  555s
  4415  3194    0.28819  147 1457    0.21076    0.34872  65.5%  41.3  560s
  4515  3272    0.25555  230 1021    0.21076    0.34872  65.5%  40.8  565s
  4585  3300    0.30817  110 1000    0.21076    0.34872  65.5%  40.6  570s
  4633  3348    0.31438  134  699    0.21076    0.34872  65.5%  40.4  575s
  4717  3424    0.29166  175  827    0.21076    0.34872  65.5%  40.2  580s
  4811  3506    0.24687  195  227    0.21076    0.34872  65.5%  39.6  585s
H 4840  3513                       0.2107552    0.34872  65.5%  39.7  586s
  4893  3556    0.21161  166 1160    0.21076    0.34872  65.5%  39.3  590s
  4975  3622    0.33317  111  782    0.21076    0.34872  65.5%  38.8  595s
  5047  3694    0.30225  133  576    0.21076    0.34872  65.5%  38.5  600s
H 5076  3721                       0.2107552    0.34872  65.5%  38.4  601s
  5102  3748    0.29142  175  216    0.21076    0.34872  65.5%  38.5  611s
  5104  3749    0.24473  240 1124    0.21076    0.34872  65.5%  38.5  616s
  5105  3750    0.34872   75  291    0.21076    0.34872  65.5%  38.5  620s
  5107  3751    0.27577  195  703    0.21076    0.34872  65.5%  38.4  626s
  5109  3753    0.31536  141  986    0.21076    0.34872  65.5%  38.4  630s
  5111  3754    0.34872   19  984    0.21076    0.34872  65.5%  38.4  635s
  5114  3756    0.31955  127  297    0.21076    0.34872  65.5%  38.4  644s
  5115  3757    0.28134  189  211    0.21076    0.34872  65.5%  38.4  645s
  5116  3757    0.34111  111  278    0.21076    0.34872  65.5%  38.4  652s
  5118  3759    0.28978  168  343    0.21076    0.34872  65.5%  38.4  660s
  5120  3760    0.34111  112 1896    0.21076    0.34872  65.5%  38.3  665s
  5123  3762    0.28978  157 2187    0.21076    0.34872  65.5%  38.3  675s
  5125  3765    0.34872   26 2325    0.21076    0.34872  65.5%  48.5  684s
  5127  3767    0.34872   27 2306    0.21076    0.34872  65.5%  48.5  685s
  5179  3801    0.34872   53 1174    0.21076    0.34872  65.5%  48.3  690s
  5269  3845    0.30547   97  559    0.21076    0.34872  65.5%  48.2  695s
  5358  3887    0.30302  115  455    0.21076    0.34872  65.5%  48.5  700s
  5448  3912    0.30834   87  730    0.21076    0.34872  65.5%  49.3  705s
  5544  3957    0.23761  128  361    0.21076    0.34872  65.5%  49.2  710s
  5641  4007    0.34840   83  762    0.21076    0.34872  65.5%  49.0  715s
  5753  4066    0.34840   88  630    0.21076    0.34872  65.5%  49.3  720s
H 5803  3886                       0.2118334    0.34872  64.6%  49.9  722s
  5848  3918    0.28321  125  505    0.21183    0.34872  64.6%  49.7  725s
  5907  3958    0.28321  150  456    0.21183    0.34872  64.6%  49.4  735s
  5993  3995    0.30511  108  714    0.21183    0.34872  64.6%  49.3  740s
  6096  4044    0.21285  117  996    0.21183    0.34872  64.6%  48.9  745s
H 6157  3894                       0.2118336    0.34872  64.6%  48.6  747s
H 6167  3731                       0.2118337    0.34872  64.6%  48.5  747s
  6211  3742    0.21380   81  439    0.21183    0.34872  64.6%  48.4  750s
H 6238  3594                       0.2118337    0.34872  64.6%  48.3  753s
H 6265  3447                       0.2118340    0.34872  64.6%  48.3  755s
H 6271  3305                       0.2119735    0.34872  64.5%  48.3  755s
H 6292  3180                       0.2119735    0.34872  64.5%  48.2  757s
H 6297  3053                       0.2119735    0.34872  64.5%  48.2  757s
H 6319  2942                       0.2119735    0.34872  64.5%  48.1  759s
  6323  2947    0.30350  148  703    0.21197    0.34872  64.5%  48.1  760s
H 6346  2841                       0.2119735    0.34872  64.5%  47.9  762s
H 6373  2746                       0.2119735    0.34872  64.5%  47.7  765s
H 6400  2657                       0.2119736    0.34872  64.5%  47.6  767s
  6428  2658    0.26756  234  428    0.21197    0.34872  64.5%  47.5  771s
  6477  2687    0.30585   99 1034    0.21197    0.34872  64.5%  47.7  775s
H 6509  2604                       0.2119736    0.34872  64.5%  47.6  778s
  6537  2622    0.30412  135  635    0.21197    0.34872  64.5%  47.5  780s
H 6558  2534                       0.2119736    0.34872  64.5%  47.6  782s
H 6564  2444                       0.2119736    0.34872  64.5%  47.7  782s
  6612  2460    0.30564   98 1197    0.21197    0.34872  64.5%  47.6  785s
  6699  2512    0.27786  180  520    0.21197    0.34872  64.5%  47.3  790s
H 6769  2451                       0.2119736    0.34872  64.5%  46.9  792s
H 6823  2385                       0.2120013    0.34872  64.5%  46.6  793s
H 6837  2310                       0.2120013    0.34872  64.5%  46.5  794s
  6839  2313    0.31938   76 1178    0.21200    0.34872  64.5%  46.6  795s
H 6849  2110                       0.2224010    0.34872  56.8%  46.7  795s
H 6901  2071                       0.2230516    0.34872  56.3%  46.5  799s
  6924  2081    0.26282  108  510    0.22305    0.34872  56.3%  46.4  800s
H 6927  2012                       0.2230568    0.34872  56.3%  46.4  800s
H 6972  1972                       0.2231249    0.34872  56.3%  46.2  802s
H 6979  1910                       0.2252617    0.34872  54.8%  46.1  802s
H 7005  1856                       0.2252618    0.34872  54.8%  46.0  805s
H 7026  1815                       0.2252618    0.34872  54.8%  46.0  806s
H 7057  1783                       0.2255315    0.34872  54.6%  45.8  809s
  7078  1789     cutoff  155         0.22553    0.34872  54.6%  45.7  810s
H 7082  1736                       0.2255316    0.34872  54.6%  45.7  810s
H 7163  1721                       0.2255316    0.34872  54.6%  45.5  816s
  7251  1766    0.28728  118 1006    0.22553    0.34872  54.6%  45.2  820s
  7371  1810    0.24744  132  640    0.22553    0.34872  54.6%  45.0  825s
  7456  1850    0.30154  112  649    0.22553    0.34872  54.6%  44.8  830s
  7553  1911    0.27965  160  561    0.22553    0.34872  54.6%  44.7  835s
H 7569  1874                       0.2255316    0.34872  54.6%  44.6  835s
H 7605  1881                       0.2255316    0.34872  54.6%  44.5  837s
  7644  1912    0.26793  204  180    0.22553    0.34872  54.6%  44.3  840s
H 7659  1911                       0.2255316    0.34872  54.6%  44.3  840s
H 7711  1955                       0.2255317    0.34872  54.6%  44.1  843s
  7743  1973    0.24205   89  615    0.22553    0.34872  54.6%  44.1  845s
H 7758  1985                       0.2255317    0.34872  54.6%  44.0  845s
H 7785  1996                       0.2255318    0.34872  54.6%  43.9  848s
  7812  2013    0.30173   88  655    0.22553    0.34872  54.6%  43.9  851s
H 7839  2038                       0.2255318    0.34872  54.6%  43.8  853s
  7866  2067    0.30166  115  773    0.22553    0.34872  54.6%  43.9  855s
H 7893  2065                       0.2308825    0.34872  51.0%  44.0  858s
  7919  2089    0.29612  140 1203    0.23088    0.34872  51.0%  44.0  860s
H 7945  2083                       0.2321126    0.34872  50.2%  44.1  861s
H 7999  2108                       0.2338556    0.34872  49.1%  44.1  864s
  8004  2113    0.30549  104 1126    0.23386    0.34872  49.1%  44.1  865s
H 8026  2129                       0.2338734    0.34872  49.1%  44.0  866s
H 8078  2166                       0.2338737    0.34872  49.1%  43.9  870s
H 8082  1891                       0.2538437    0.34872  37.4%  44.0  870s
H 8111  1902                       0.2538438    0.34872  37.4%  43.9  873s
  8132  1915    0.34743   86  798    0.25384    0.34872  37.4%  44.0  875s
H 8138  1916                       0.2568948    0.34872  35.7%  44.0  879s
  8148  1928    0.33183   91 1107    0.25689    0.34872  35.7%  44.1  880s
H 8158  1936                       0.2569119    0.34872  35.7%  44.1  881s
H 8165  1943                       0.2569119    0.34872  35.7%  44.1  882s
  8192  1972    0.30187  104  891    0.25691    0.34872  35.7%  44.2  886s
H 8236  1996                       0.2585235    0.34872  34.9%  44.0  890s
H 8327  2063                       0.2585237    0.34872  34.9%  43.8  894s
  8345  2079    0.29142  149  514    0.25852    0.34872  34.9%  43.7  895s
H 8366  2096                       0.2585238    0.34872  34.9%  43.6  896s
  8408  2123    0.30549  112  824    0.25852    0.34872  34.9%  43.6  900s
  8491  2183    0.30506  121  766    0.25852    0.34872  34.9%  43.5  905s
  8572  2242    0.29906  131  346    0.25852    0.34872  34.9%  43.5  910s
H 8599  2244                       0.2607101    0.34872  33.8%  43.4  911s
  8680  2325    0.27744  233  575    0.26071    0.34872  33.8%  43.1  915s
H 8707  2335                       0.2607101    0.34872  33.8%  43.0  916s
H 8734  2351                       0.2607101    0.34872  33.8%  43.0  918s
  8761  2380    0.29468  138  358    0.26071    0.34872  33.8%  43.0  920s
  8835  2414    0.29984   97  696    0.26071    0.34872  33.8%  43.0  925s
H 8869  2437                       0.2607104    0.34872  33.8%  43.0  927s
  8918  2462    0.30562  104  955    0.26071    0.34872  33.8%  42.8  930s
H 8942  2467                       0.2607805    0.34872  33.7%  42.8  933s
  8973  2478    0.31938   74 1313    0.26078    0.34872  33.7%  42.8  935s
  9056  2542    0.26367  143  523    0.26078    0.34872  33.7%  42.6  940s
  9135  2585    0.29701   84  730    0.26078    0.34872  33.7%  42.7  945s
  9228  2675    0.26136  176  181    0.26078    0.34872  33.7%  42.4  950s
  9328  2753    0.34872   83  392    0.26078    0.34872  33.7%  42.2  955s
H 9383  2779                       0.2607807    0.34872  33.7%  42.2  960s
  9437  2809    0.26449  107  440    0.26078    0.34872  33.7%  42.1  965s
  9506  2859    0.27544  130 1043    0.26078    0.34872  33.7%  42.1  970s
H 9572  2909                       0.2607808    0.34872  33.7%  41.9  975s
  9628  2949    0.29590  107  718    0.26078    0.34872  33.7%  41.9  982s
  9682  2993    0.29152  126  553    0.26078    0.34872  33.7%  41.8  985s
H 9736  3035                       0.2607809    0.34872  33.7%  41.7  988s
H 9757  2805                       0.2670577    0.34872  30.6%  41.8  989s
  9775  2825    0.31952  104 1085    0.26706    0.34872  30.6%  41.9  990s
H 9817  2863                       0.2670577    0.34872  30.6%  41.9  992s
H 9844  2880                       0.2670577    0.34872  30.6%  41.9  995s
H 9871  2907                       0.2670577    0.34872  30.6%  41.8  998s
H 9898  2932                       0.2670584    0.34872  30.6%  41.8 1003s
  9922  2938    0.34872   81 1013    0.26706    0.34872  30.6%  41.8 1005s
  9971  2974    0.30548  100  690    0.26706    0.34872  30.6%  41.9 1010s
 10034  3025    0.26725  156  659    0.26706    0.34872  30.6%  41.7 1015s
 10126  3103    0.30543  122  922    0.26706    0.34872  30.6%  41.5 1020s
 10194  3153    0.30558   99 1126    0.26706    0.34872  30.6%  41.4 1025s
 10207  3164    0.30551  111  821    0.26706    0.34872  30.6%  41.4 1030s
 10275  3209    0.34872   81  997    0.26706    0.34872  30.6%  41.2 1035s
 10363  3285    0.27116  159  485    0.26706    0.34872  30.6%  41.1 1040s
 10442  3333    0.30551   78 1098    0.26706    0.34872  30.6%  41.1 1045s
 10535  3412    0.27548  108  708    0.26706    0.34872  30.6%  40.9 1050s
 10639  3491    0.27042  134  962    0.26706    0.34872  30.6%  40.7 1055s
 10732  3554    0.28714  124 1078    0.26706    0.34872  30.6%  40.6 1060s
 10836  3646    0.32003  112  650    0.26706    0.34872  30.6%  40.6 1065s
 10898  3702    0.31436  145  792    0.26706    0.34872  30.6%  40.7 1070s
 10972  3771    0.29383  164  981    0.26706    0.34872  30.6%  40.8 1075s
 11063  3817    0.31474  101  927    0.26706    0.34872  30.6%  40.7 1080s
 11123  3872    0.26715  159  181    0.26706    0.34872  30.6%  40.6 1085s
H11150  3664                       0.2727601    0.34872  27.8%  40.5 1086s
H11176  3649                       0.2736914    0.34872  27.4%  40.5 1087s
 11227  3680    0.29839  118  618    0.27369    0.34872  27.4%  40.5 1090s
 11338  3765    0.31801  116 1203    0.27369    0.34872  27.4%  40.3 1095s
H11388  3803                       0.2737181    0.34872  27.4%  40.3 1097s
H11440  3759                       0.2755015    0.34872  26.6%  40.2 1099s
 11452  3771    0.28987  123  500    0.27550    0.34872  26.6%  40.2 1100s
H11466  3781                       0.2755018    0.34872  26.6%  40.2 1100s
H11596  3890                       0.2755577    0.34872  26.6%  39.9 1104s
 11599  3895    0.28515  186  256    0.27556    0.34872  26.6%  39.9 1105s
*11618  3655             198       0.2784270    0.34872  25.2%  39.9 1105s
H11622  3655                       0.2784320    0.34872  25.2%  39.9 1105s
H11626  3215                       0.2872147    0.34872  21.4%  39.9 1107s
H11648  3214                       0.2886829    0.34872  20.8%  39.9 1108s
H11675  2872                       0.2932144    0.34872  18.9%  39.8 1109s
 11688  2886    0.29572  158  857    0.29321    0.34872  18.9%  39.8 1110s
*11734  2912             204       0.2937664    0.34872  18.7%  39.7 1111s
H11760  2911                       0.2944412    0.34872  18.4%  39.7 1112s
 11814  2950    0.30571  105  595    0.29444    0.34872  18.4%  39.7 1115s
H11860  2956                       0.2944413    0.34872  18.4%  39.6 1117s
H11883  2794                       0.2972814    0.34872  17.3%  39.6 1119s
 11886  2799    0.30439  112 1128    0.29728    0.34872  17.3%  39.6 1120s
H11939  2830                       0.2972852    0.34872  17.3%  39.6 1123s
H11966  2837                       0.2972882    0.34872  17.3%  39.6 1125s
H12020  2865                       0.2972926    0.34872  17.3%  39.5 1128s
H12047  2866                       0.2972961    0.34872  17.3%  39.5 1130s
H12074  2889                       0.2972961    0.34872  17.3%  39.5 1132s
 12113  2919    0.30386  152 1000    0.29730    0.34872  17.3%  39.4 1135s
H12177  2959                       0.2973011    0.34872  17.3%  39.4 1138s
 12203  2982    0.29841  135  758    0.29730    0.34872  17.3%  39.4 1140s
H12251  3000                       0.2973067    0.34872  17.3%  39.3 1144s
 12266  3009    0.30535  121  548    0.29731    0.34872  17.3%  39.3 1145s
 12349  3034    0.30535   96 1163    0.29731    0.34872  17.3%  39.3 1150s
 12487  3134    0.30557  106 1075    0.29731    0.34872  17.3%  39.2 1155s
H12581  3097                       0.2987846    0.34872  16.7%  39.2 1159s
H12598  3102                       0.2987849    0.34872  16.7%  39.2 1160s
H12668  3131                       0.2987850    0.34872  16.7%  39.3 1164s
 12671  3135    0.30533  110 1076    0.29878    0.34872  16.7%  39.3 1165s
 12785  3197    0.34872   85  837    0.29878    0.34872  16.7%  39.3 1170s
H12801  3211                       0.2987861    0.34872  16.7%  39.3 1170s
H12828  3221                       0.2988018    0.34872  16.7%  39.4 1172s
H12883  3256                       0.2988022    0.34872  16.7%  39.4 1175s
 13013  3348    0.30547  120  647    0.29880    0.34872  16.7%  39.3 1180s
H13065  3364                       0.2994771    0.34872  16.4%  39.3 1182s
*13099  3283             206       0.3003209    0.34872  16.1%  39.2 1183s
 13130  3302    0.30748  101 1074    0.30032    0.34872  16.1%  39.1 1185s
H13131  3178                       0.3010201    0.34872  15.8%  39.1 1186s
 13210  3232    0.31102  104  625    0.30102    0.34872  15.8%  39.1 1190s
 13373  3338    0.30551   96  847    0.30102    0.34872  15.8%  39.0 1195s
H13422  3368                       0.3010201    0.34872  15.8%  38.9 1196s
 13508  3410    0.34691   94  709    0.30102    0.34872  15.8%  38.8 1200s

Cutting planes:
  Gomory: 8
  Lift-and-project: 12
  Implied bound: 2
  MIR: 12
  Flow cover: 137
  Zero half: 28

Explored 13509 nodes (586501 simplex iterations) in 1200.01 seconds (3103.94 work units)
Thread count was 1 (of 64 available processors)

Solution count 10: 0.30102 0.30102 0.300321 ... 0.298785

Time limit reached
Best objective 3.010200740962e-01, best bound 3.487237168392e-01, gap 15.8473%
Tree policy:
if Y <= 0.0:
    if X <= 10.0:
        if X <= 9.0:
            if X <= 4.0:
                if X <= 2.0:
                    return '(Left)'
                else:
                    return '(Up)'
            else:
                if X <= 5.0:
                    return '(Up)'
                else:
                    return '(Left)'
        else:
            return '(Left)'
    else:
        return '(Left)'
else:
    if Y <= 0.0:
        return '(Left)'
    else:
        if Y <= 8.0:
            if X <= 4.0:
                if Y <= 6.0:
                    if Y <= 4.0:
                        return '(Left)'
                    else:
                        if X <= 0.0:
                            return '(Left)'
                        else:
                            return '(Down)'
                else:
                    if Y <= 7.0:
                        if X <= 1.0:
                            return '(Down)'
                        else:
                            return '(Left)'
                    else:
                        if X <= 0.0:
                            return '(Up)'
                        else:
                            return '(Down)'
            else:
                if Y <= 4.0:
                    if Y <= 2.0:
                        return '(Up)'
                    else:
                        if X <= 10.0:
                            return '(Up)'
                        else:
                            return '(Down)'
                else:
                    if Y <= 7.0:
                        if X <= 10.0:
                            return '(Down)'
                        else:
                            return '(Up)'
                    else:
                        if X <= 5.0:
                            return '(Up)'
                        else:
                            return '(Left)'
        else:
            if X <= 1.0:
                if Y <= 9.0:
                    if X <= 0.0:
                        return '(Down)'
                    else:
                        return '(Right)'
                else:
                    if X <= 0.0:
                        return '(Down)'
                    else:
                        if Y <= 10.0:
                            return '(Down)'
                        else:
                            return '(Right)'
            else:
                if X <= 5.0:
                    if Y <= 9.0:
                        if X <= 3.0:
                            return '(Down)'
                        else:
                            return '(Left)'
                    else:
                        if Y <= 10.0:
                            return '(Down)'
                        else:
                            return '(Right)'
                else:
                    if Y <= 10.0:
                        if X <= 6.0:
                            return '(Right)'
                        else:
                            return '(Down)'
                    else:
                        if X <= 6.0:
                            return '(Right)'
                        else:
                            return '(Left)'
Optimal decision tree (depth=7) value: 0.301020074096235
Writing result files...
