Solving...
Starting with fixed depth 6
Set parameter Username
Academic license - for non-commercial use only - expires 2025-09-20
Set parameter Threads to value 1
Set parameter TimeLimit to value 1200
Gurobi Optimizer version 10.0.0 build v10.0.0rc2 (linux64)

CPU model: AMD EPYC 9124 16-Core Processor, instruction set [SSE2|AVX|AVX2|AVX512]
Thread count: 32 physical cores, 64 logical processors, using up to 1 threads

Optimize a model with 56287 rows, 12344 columns and 484052 nonzeros
Model fingerprint: 0xc7c420fd
Variable types: 720 continuous, 11624 integer (11624 binary)
Coefficient statistics:
  Matrix range     [1e-02, 1e+02]
  Objective range  [2e-01, 3e-01]
  Bounds range     [1e+00, 1e+02]
  RHS range        [1e+00, 6e+00]
Presolve removed 505 rows and 315 columns
Presolve time: 0.74s
Presolved: 55782 rows, 12029 columns, 476208 nonzeros
Variable types: 720 continuous, 11309 integer (11309 binary)
Found heuristic solution: objective 0.0001721
Root relaxation presolved: 12029 rows, 67811 columns, 488237 nonzeros


Root relaxation: objective 3.487237e-01, 11841 iterations, 0.70 seconds (1.96 work units)

    Nodes    |    Current Node    |     Objective Bounds      |     Work
 Expl Unexpl |  Obj  Depth IntInf | Incumbent    BestBd   Gap | It/Node Time

     0     0    0.34872    0  532    0.00017    0.34872      -     -    4s
H    0     0                       0.0014395    0.34872      -     -    4s
     0     0    0.34872    0  666    0.00144    0.34872      -     -    5s
     0     0    0.34872    0  666    0.00144    0.34872      -     -    5s
     0     0    0.34872    0  312    0.00144    0.34872      -     -    7s
H    0     0                       0.0015135    0.34872      -     -    7s
     0     0    0.34872    0  313    0.00151    0.34872      -     -    7s
     0     0    0.34872    0  379    0.00151    0.34872      -     -    9s
H    0     0                       0.0033734    0.34872      -     -   10s
     0     0    0.34872    0  371    0.00337    0.34872      -     -   10s
     0     0    0.34872    0  297    0.00337    0.34872      -     -   12s
H    0     0                       0.0033735    0.34872      -     -   12s
     0     0    0.34872    0  303    0.00337    0.34872      -     -   13s
     0     0    0.34872    0  224    0.00337    0.34872      -     -   15s
     0     0    0.34872    0  306    0.00337    0.34872      -     -   15s
     0     0    0.34872    0  228    0.00337    0.34872      -     -   17s
     0     0    0.34872    0  233    0.00337    0.34872      -     -   17s
     0     0    0.34872    0  226    0.00337    0.34872      -     -   20s
H    0     0                       0.0080483    0.34872  4233%     -   20s
     0     0    0.34872    0  222    0.00805    0.34872  4233%     -   20s
     0     0    0.34872    0  216    0.00805    0.34872  4233%     -   21s
     0     0    0.34872    0  216    0.00805    0.34872  4233%     -   23s
H    0     0                       0.0490860    0.34872   610%     -   26s
     0     2    0.34872    0  216    0.04909    0.34872   610%     -   26s
    22    24    0.34872   15  217    0.04909    0.34872   610%   158   30s
H   26    26                       0.0863787    0.34872   304%   179   30s
    82    73    0.33418   43  266    0.08638    0.34872   304%   120   35s
H  108    88                       0.0866506    0.34872   302%   103   36s
H  131   111                       0.0866899    0.34872   302%  86.2   36s
H  162   135                       0.0870029    0.34872   301%  74.7   37s
H  183   150                       0.0881054    0.34872   296%  66.7   38s
H  209   164                       0.0885312    0.34872   294%  59.3   38s
H  235   189                       0.0885313    0.34872   294%  54.7   39s
H  245   192                       0.0885313    0.34872   294%  54.1   39s
   247   194    0.21033   35  488    0.08853    0.34872   294%  53.7   40s
H  272   213                       0.0893720    0.34872   290%  58.7   41s
H  287   228                       0.1150781    0.34872   203%  57.0   41s
H  313   237                       0.1314306    0.34872   165%  76.5   43s
H  339   249                       0.1369751    0.34872   155%  78.8   44s
   363   252    0.34872   10  258    0.13698    0.34872   155%  84.5   45s
H  365   252                       0.1406004    0.34872   148%  84.1   45s
H  381   267                       0.1409833    0.34872   147%  80.9   45s
H  417   302                       0.1450188    0.34872   140%  75.0   46s
H  462   330                       0.2037019    0.34872  71.2%  69.4   47s
   511   367    0.23324   35  216    0.20370    0.34872  71.2%  63.8   50s
   514   369    0.34376   43  196    0.20370    0.34872  71.2%  63.4   57s
   516   370    0.29976   57  260    0.20370    0.34872  71.2%  63.2   61s
   520   373    0.23282   80  259    0.20370    0.34872  71.2%  62.7   69s
   522   374    0.33555   22  273    0.20370    0.34872  71.2%  62.5   72s
   524   376    0.23319   39  176    0.20370    0.34872  71.2%  62.2   75s
   528   378    0.34613   11  215    0.20370    0.34872  71.2%  61.7   81s
   531   380    0.32278   53  193    0.20370    0.34872  71.2%  61.4   86s
   533   382    0.32406   51  193    0.20370    0.34872  71.2%  61.2   91s
   553   397    0.34872   22  228    0.20370    0.34872  71.2%   155   95s
   572   410    0.34872   32  368    0.20370    0.34872  71.2%   156  100s
H  585   396                       0.2037019    0.34872  71.2%   156  102s
   612   416    0.34872   52  409    0.20370    0.34872  71.2%   155  105s
   665   452    0.31887   78 1159    0.20370    0.34872  71.2%   148  110s
   710   468    0.34872   22  322    0.20370    0.34872  71.2%   145  115s
   750   494    0.34872   42  254    0.20370    0.34872  71.2%   146  120s
   818   539    0.34831   76 1069    0.20370    0.34872  71.2%   139  125s
   911   598    0.32344  123  309    0.20370    0.34872  71.2%   127  130s
H  938   586                       0.2037019    0.34872  71.2%   128  134s
   949   595    0.34872   29  818    0.20370    0.34872  71.2%   127  135s
H  965   586                       0.2037019    0.34872  71.2%   129  138s
   975   594    0.34872   42  247    0.20370    0.34872  71.2%   131  140s
H  976   576                       0.2037021    0.34872  71.2%   131  140s
H  992   572                       0.2037022    0.34872  71.2%   130  143s
  1015   588    0.29350   62  464    0.20370    0.34872  71.2%   130  145s
H 1019   573                       0.2037023    0.34872  71.2%   130  147s
  1048   594    0.29768   79  772    0.20370    0.34872  71.2%   127  150s
  1121   633    0.29713  115  656    0.20370    0.34872  71.2%   121  155s
  1181   655    0.30054   67  843    0.20370    0.34872  71.2%   116  160s
H 1208   645                       0.2037027    0.34872  71.2%   115  162s
  1235   659    0.29943   61 1416    0.20370    0.34872  71.2%   114  165s
  1276   672    0.27786   82  916    0.20370    0.34872  71.2%   112  170s
  1340   708    0.34839   70 1460    0.20370    0.34872  71.2%   109  175s
  1443   809    0.31609  111  875    0.20370    0.34872  71.2%   105  180s
H 1470   827                       0.2765752    0.34872  26.1%   105  181s
H 1522   867                       0.2765757    0.34872  26.1%   104  184s
  1539   885    0.28853   90 1202    0.27658    0.34872  26.1%   103  185s
H 1559   903                       0.2765817    0.34872  26.1%   101  186s
H 1574   912                       0.2765873    0.34872  26.1%   101  188s
  1586   922    0.28765  130  807    0.27659    0.34872  26.1%   100  190s
H 1600   930                       0.2766069    0.34872  26.1%  99.0  190s
H 1652   950                       0.2766270    0.34872  26.1%  97.7  194s
  1664   956    0.34872   44  480    0.27663    0.34872  26.1%  97.9  195s
H 1704   992                       0.2766293    0.34872  26.1%  96.1  197s
H 1730  1004                       0.2766341    0.34872  26.1%  95.4  199s
  1745  1016    0.27945   68  710    0.27663    0.34872  26.1%  95.5  200s
H 1785  1015                       0.2799986    0.34872  24.5%  95.4  204s
H 1811  1031                       0.2799993    0.34872  24.5%  94.9  205s
H 1863  1082                       0.2830987    0.34872  23.2%  92.6  208s
  1889  1110    0.34286   75 1064    0.28310    0.34872  23.2%  91.7  210s
  1941  1148    0.33195   83  661    0.28310    0.34872  23.2%  90.2  215s
H 1967  1172                       0.2831063    0.34872  23.2%  89.3  217s
H 1970  1175                       0.2831163    0.34872  23.2%  89.2  219s
H 1993  1198                       0.2831464    0.34872  23.2%  88.3  220s
H 1997  1199                       0.2831531    0.34872  23.2%  88.3  222s
H 2019  1170                       0.2906313    0.34872  20.0%  88.3  224s
  2025  1172    0.31282  160 1066    0.29063    0.34872  20.0%  88.1  226s
H 2045  1180                       0.2906358    0.34872  20.0%  87.7  228s
H 2072  1197                       0.2906453    0.34872  20.0%  87.2  230s
  2098  1213    0.33573   60 1321    0.29065    0.34872  20.0%  86.8  235s
H 2133  1233                       0.2906499    0.34872  20.0%  87.3  237s
H 2160  1249                       0.2906500    0.34872  20.0%  89.7  242s
  2181  1268    0.31594   69  579    0.29065    0.34872  20.0%  89.5  245s
H 2187  1272                       0.2906502    0.34872  20.0%  89.5  248s
  2214  1299    0.30578   86  818    0.29065    0.34872  20.0%  89.3  252s
  2242  1309    0.34872   46  853    0.29065    0.34872  20.0%  89.2  257s
  2269  1324    0.29274   65  892    0.29065    0.34872  20.0%  88.7  261s
H 2320  1356                       0.2906549    0.34872  20.0%  87.2  264s
  2336  1374    0.34859   68 1617    0.29065    0.34872  20.0%  86.7  265s
  2429  1448    0.34859   43  252    0.29065    0.34872  20.0%  85.2  270s
  2579  1577    0.34872   42  259    0.29065    0.34872  20.0%  82.7  275s
  2678  1630    0.34859   43  357    0.29065    0.34872  20.0%  83.5  281s
  2778  1695    0.34872   39  483    0.29065    0.34872  20.0%  83.4  285s
  2891  1750    0.34360   53  393    0.29065    0.34872  20.0%  83.4  290s
  2953  1790    0.34872   53  919    0.29065    0.34872  20.0%  84.7  295s
  3101  1903    0.34872   52  304    0.29065    0.34872  20.0%  83.3  300s
H 3112  1912                       0.2906555    0.34872  20.0%  83.2  301s
  3194  1970    0.34872   68  525    0.29066    0.34872  20.0%  83.2  306s
  3299  2048    0.29213  118  564    0.29066    0.34872  20.0%  82.7  310s
  3402  2099    0.34872   60  714    0.29066    0.34872  20.0%  81.9  315s
  3500  2161    0.34859   46  555    0.29066    0.34872  20.0%  82.0  320s
  3643  2266    0.34872   69  428    0.29066    0.34872  20.0%  80.8  325s
  3757  2313    0.32768   74  722    0.29066    0.34872  20.0%  80.9  330s
  3866  2339    0.34872   62  203    0.29066    0.34872  20.0%  80.7  335s
H 3892  2363                       0.2906712    0.34872  20.0%  80.9  337s
  3952  2406    0.30524   81 1131    0.29067    0.34872  20.0%  80.7  340s
H 3974  2410                       0.2906712    0.34872  20.0%  80.5  341s
  4033  2427    0.34872   62  226    0.29067    0.34872  20.0%  81.3  345s
H 4073  2439                       0.2906712    0.34872  20.0%  81.1  350s
  4114  2455     cutoff   77         0.29067    0.34872  20.0%  81.3  355s
  4230  2498    0.30542   75  911    0.29067    0.34872  20.0%  82.1  360s
  4349  2543     cutoff   75         0.29067    0.34872  20.0%  82.8  365s
  4476  2591    0.31251   73  864    0.29067    0.34872  20.0%  83.1  370s
H 4488  2593                       0.2906712    0.34872  20.0%  83.1  372s
  4581  2622    0.34872   62  253    0.29067    0.34872  20.0%  83.1  375s
  4694  2669    0.34872   52  376    0.29067    0.34872  20.0%  83.4  380s
H 4752  2700                       0.2906713    0.34872  20.0%  83.8  385s
  4894  2741    0.34872   62  597    0.29067    0.34872  20.0%  83.5  390s
  5009  2790    0.30559   67  693    0.29067    0.34872  20.0%  83.9  395s
  5102  2845    0.30540   66  216    0.29067    0.34872  20.0%  83.0  401s
  5105  2847    0.30548   82  246    0.29067    0.34872  20.0%  82.9  406s
  5108  2849    0.34872   65  295    0.29067    0.34872  20.0%  82.9  410s
  5111  2851    0.34820   68  213    0.29067    0.34872  20.0%  82.8  416s
H 5114  2710                       0.2906714    0.34872  20.0%  82.8  422s
  5117  2712    0.31946   84  175    0.29067    0.34872  20.0%  82.7  426s
  5119  2713    0.34859   52  164    0.29067    0.34872  20.0%  82.7  431s
  5121  2715    0.34872   50  167    0.29067    0.34872  20.0%  82.7  437s
  5123  2716    0.33763   81  158    0.29067    0.34872  20.0%  82.6  442s
  5125  2717    0.34872   68  150    0.29067    0.34872  20.0%  82.6  446s
  5136  2727    0.34872   33  231    0.29067    0.34872  20.0%  95.1  450s
  5165  2746    0.34872   47  201    0.29067    0.34872  20.0%  95.9  455s
  5215  2769    0.30524   73  484    0.29067    0.34872  20.0%  96.5  460s
H 5229  2640                       0.2906715    0.34872  20.0%  96.3  460s
  5265  2647    0.34872   37  159    0.29067    0.34872  20.0%  96.6  465s
  5286  2661    0.34872   47  191    0.29067    0.34872  20.0%  97.7  470s
  5318  2681    0.34737   63  762    0.29067    0.34872  20.0%  98.4  475s
H 5341  2559                       0.2906718    0.34872  20.0%  98.2  477s
  5369  2568    0.34872   35  417    0.29067    0.34872  20.0%  98.2  480s
  5406  2593    0.34872   54  479    0.29067    0.34872  20.0%  98.8  485s
  5428  2607    0.34872   65  375    0.29067    0.34872  20.0%   100  490s
  5469  2635    0.34628   85 1376    0.29067    0.34872  20.0%   100  495s
  5537  2677    0.31574  121  828    0.29067    0.34872  20.0%  99.4  500s
  5608  2695    0.29356  159  290    0.29067    0.34872  20.0%  98.6  505s
  5646  2694    0.34872   37  151    0.29067    0.34872  20.0%   100  511s
  5668  2708    0.34872   47  195    0.29067    0.34872  20.0%   100  515s
  5687  2721    0.34872   57  308    0.29067    0.34872  20.0%   101  520s
  5701  2730    0.34872   67  302    0.29067    0.34872  20.0%   102  525s
  5751  2762    0.31889   90  855    0.29067    0.34872  20.0%   102  530s
H 5774  2643                       0.2906726    0.34872  20.0%   102  532s
  5801  2661    0.29943  119  420    0.29067    0.34872  20.0%   101  536s
H 5828  2553                       0.2906727    0.34872  20.0%   101  539s
  5838  2553    0.29903  129  553    0.29067    0.34872  20.0%   101  540s
  5882  2566    0.29809  145  270    0.29067    0.34872  20.0%   100  545s
  5921  2580    0.34734   56  819    0.29067    0.34872  20.0%   100  550s
  5986  2623    0.34288   85  825    0.29067    0.34872  20.0%   100  555s
  6031  2630    0.34872   47  153    0.29067    0.34872  20.0%   100  560s
  6059  2649    0.34866   63 1158    0.29067    0.34872  20.0%   101  565s
H 6090  2557                       0.2906728    0.34872  20.0%   101  569s
  6104  2568    0.32326   92  938    0.29067    0.34872  20.0%   101  570s
H 6152  2493                       0.2906728    0.34872  20.0%   100  573s
  6168  2506    0.31342  124  520    0.29067    0.34872  20.0%   100  575s
  6210  2508    0.34872   43  481    0.29067    0.34872  20.0%   100  580s
H 6237  2423                       0.2906728    0.34872  20.0%   100  587s
  6264  2443    0.31876   97 1261    0.29067    0.34872  20.0%  99.5  591s
  6294  2462    0.31844  127  837    0.29067    0.34872  20.0%  99.1  595s
H 6318  2379                       0.2906728    0.34872  20.0%  98.7  597s
  6345  2395    0.31584  178  472    0.29067    0.34872  20.0%  98.4  600s
  6399  2406    0.33921   63  647    0.29067    0.34872  20.0%  97.8  607s
  6429  2426    0.30522   93 1188    0.29067    0.34872  20.0%  97.5  610s
H 6455  2348                       0.2906733    0.34872  20.0%  97.2  612s
H 6481  2270                       0.2906738    0.34872  20.0%  96.9  614s
  6486  2276    0.31481   76 1107    0.29067    0.34872  20.0%  96.8  615s
H 6507  2206                       0.2906743    0.34872  20.0%  96.6  616s
H 6559  2141                       0.2907011    0.34872  20.0%  95.9  619s
  6561  2145    0.34628   64 1407    0.29070    0.34872  20.0%  95.9  621s
  6613  2179    0.34487   95 1083    0.29070    0.34872  20.0%  95.4  625s
H 6615  2105                       0.2907011    0.34872  20.0%  95.4  626s
H 6637  2045                       0.2907013    0.34872  20.0%  95.3  629s
  6642  2049    0.30580  108  842    0.29070    0.34872  20.0%  95.3  630s
  6738  2103    0.29990  161  565    0.29070    0.34872  20.0%  94.3  635s
H 6750  2043                       0.2907014    0.34872  20.0%  94.1  636s
H 6778  1989                       0.2907015    0.34872  20.0%  93.8  638s
  6793  1991    0.34872   67  198    0.29070    0.34872  20.0%  94.0  640s
  6834  2019    0.31878  108 1014    0.29070    0.34872  20.0%  93.5  645s
H 6897  1980                       0.2907017    0.34872  20.0%  92.9  651s
H 6949  1957                       0.2907021    0.34872  20.0%  92.5  655s
H 6975  1921                       0.2907021    0.34872  20.0%  92.2  658s
H 6997  1865                       0.2907021    0.34872  20.0%  91.9  660s
  7051  1879    0.31593   69  855    0.29070    0.34872  20.0%  91.5  667s
  7078  1895    0.30591   95  623    0.29070    0.34872  20.0%  91.2  670s
  7132  1931    0.30018  149  498    0.29070    0.34872  20.0%  90.6  675s
  7159  1929    0.31963   65  644    0.29070    0.34872  20.0%  90.4  680s
H 7213  1915                       0.2907021    0.34872  20.0%  89.8  684s
H 7236  1880                       0.2907146    0.34872  20.0%  89.6  684s
  7237  1880     cutoff  140         0.29071    0.34872  20.0%  89.6  685s
H 7262  1837                       0.2907147    0.34872  20.0%  89.8  688s
  7288  1856    0.34184   69 1372    0.29071    0.34872  20.0%  89.6  690s
  7333  1884    0.29165  114  701    0.29071    0.34872  20.0%  89.2  695s
  7377  1894    0.34872   47  292    0.29071    0.34872  20.0%  89.0  700s
  7422  1917    0.34872   71  555    0.29071    0.34872  20.0%  89.3  705s
  7495  1938    0.34872   57  332    0.29071    0.34872  20.0%  89.8  710s
  7563  1984    0.30884  125  748    0.29071    0.34872  20.0%  89.2  715s
H 7594  1987                       0.2907147    0.34872  20.0%  88.9  718s
  7614  2009    0.31926   95  920    0.29071    0.34872  20.0%  88.8  720s
H 7621  2014                       0.2907147    0.34872  20.0%  88.7  723s
  7629  2023    0.31797  110  873    0.29071    0.34872  20.0%  88.7  725s
H 7648  2040                       0.2907148    0.34872  20.0%  88.5  729s
  7659  2043    0.34872   57  225    0.29071    0.34872  20.0%  88.7  730s
  7675  2059    0.34487   71  781    0.29071    0.34872  20.0%  88.6  737s
H 7710  2092                       0.2907178    0.34872  20.0%  88.4  740s
  7794  2177    0.33189  128  598    0.29072    0.34872  20.0%  88.1  745s
H 7840  2216                       0.2908990    0.34872  19.9%  87.9  747s
  7902  2270    0.29095  185  107    0.29090    0.34872  19.9%  87.3  752s
  7946  2299    0.30367   90  979    0.29090    0.34872  19.9%  87.4  755s
  8097  2411    0.34872   57  205    0.29090    0.34872  19.9%  86.7  761s
  8145  2459    0.34143  105  726    0.29090    0.34872  19.9%  86.3  765s
  8230  2527    0.32656   75  509    0.29090    0.34872  19.9%  86.2  770s
H 8523  2323                       0.3021847    0.34872  15.4%  84.4  775s
  8692  2468    0.34872   67  165    0.30218    0.34872  15.4%  83.6  780s
  8836  2580    0.30547   91  815    0.30218    0.34872  15.4%  83.1  785s
  8966  2661    0.31140  116 1162    0.30218    0.34872  15.4%  82.7  790s
  9059  2712    0.30507   92 1050    0.30218    0.34872  15.4%  82.6  795s
H 9095  2742                       0.3021852    0.34872  15.4%  82.3  796s
  9204  2804 infeasible  117         0.30219    0.34872  15.4%  82.3  800s
  9316  2900    0.34346   85  828    0.30219    0.34872  15.4%  81.8  805s
  9380  2949    0.30344   81  261    0.30219    0.34872  15.4%  81.7  810s
  9666  3161    0.30627  186  154    0.30219    0.34872  15.4%  80.1  815s
  9875  3309    0.34872   74  593    0.30219    0.34872  15.4%  79.8  820s
H 9980  3369                       0.3021856    0.34872  15.4%  79.4  824s
 10005  3382    0.31590   80  861    0.30219    0.34872  15.4%  79.3  825s
 10201  3510    0.30718  130  774    0.30219    0.34872  15.4%  78.6  830s
 10318  3609    0.31500  100  561    0.30219    0.34872  15.4%  78.4  835s
 10551  3755    0.34872   67  427    0.30219    0.34872  15.4%  77.7  840s
 10585  3780    0.34872   57  185    0.30219    0.34872  15.4%  78.1  845s
 10606  3801    0.34872   74  652    0.30219    0.34872  15.4%  78.7  852s
 10750  3937    0.31507  143  901    0.30219    0.34872  15.4%  78.2  855s
 10843  4002    0.34872   67  275    0.30219    0.34872  15.4%  77.9  862s
 10893  4042    0.34872   77  334    0.30219    0.34872  15.4%  78.1  865s
 10980  4113    0.32353   85  770    0.30219    0.34872  15.4%  78.3  871s
 11042  4161    0.34732   79  680    0.30219    0.34872  15.4%  78.2  875s
 11252  4287    0.30344  104  266    0.30219    0.34872  15.4%  77.8  880s
 11414  4421    0.32820  115  650    0.30219    0.34872  15.4%  77.8  885s
 11581  4524    0.34859   83  395    0.30219    0.34872  15.4%  77.6  890s
 11743  4617    0.30348   86  682    0.30219    0.34872  15.4%  77.6  895s
 11825  4665    0.30352   92  767    0.30219    0.34872  15.4%  77.3  900s
 11961  4775    0.31983  120  762    0.30219    0.34872  15.4%  77.6  905s
 12106  4869    0.31529  113  888    0.30219    0.34872  15.4%  77.4  910s
 12322  4977    0.34872   77  281    0.30219    0.34872  15.4%  76.8  915s
 12387  5009    0.32251   89  696    0.30219    0.34872  15.4%  76.7  921s
 12533  5098     cutoff  113         0.30219    0.34872  15.4%  76.1  925s
 12703  5211    0.30345   92  419    0.30219    0.34872  15.4%  75.9  930s
 12818  5287    0.32121   82  707    0.30219    0.34872  15.4%  76.2  935s
 12981  5373     cutoff  117         0.30219    0.34872  15.4%  76.0  940s
 13165  5467    0.34305   72  501    0.30219    0.34872  15.4%  75.7  945s
 13229  5528    0.31619   82  550    0.30219    0.34872  15.4%  76.1  951s
 13279  5540    0.34872   67  185    0.30219    0.34872  15.4%  76.3  957s
 13374  5619    0.30221  107  512    0.30219    0.34872  15.4%  76.0  960s
 13580  5784    0.30554  109  709    0.30219    0.34872  15.4%  75.3  965s
 13737  5895    0.31611  102  560    0.30219    0.34872  15.4%  74.7  970s
 13964  6049    0.34408   89  674    0.30219    0.34872  15.4%  74.0  975s
 14170  6198    0.33591  115  854    0.30219    0.34872  15.4%  73.3  980s
 14298  6287    0.34872   59  576    0.30219    0.34872  15.4%  72.9  985s
 14380  6368    0.31849  141  862    0.30219    0.34872  15.4%  72.6  990s
 14521  6477    0.34872   77  314    0.30219    0.34872  15.4%  72.4  995s
 14725  6626    0.34872   81  336    0.30219    0.34872  15.4%  72.2 1000s
 14915  6792    0.30502  150  817    0.30219    0.34872  15.4%  71.6 1005s
 15117  6944    0.34872   80  341    0.30219    0.34872  15.4%  71.2 1010s
 15228  7039    0.34007   87 1028    0.30219    0.34872  15.4%  71.4 1015s
 15292  7080    0.34872   77  252    0.30219    0.34872  15.4%  71.2 1020s
 15303  7091    0.33508   88  750    0.30219    0.34872  15.4%  71.2 1083s
 15383  7137    0.34872   77  292    0.30219    0.34872  15.4%  71.1 1085s
 15577  7289    0.34872   70  450    0.30219    0.34872  15.4%  70.9 1090s
H15629  7301                       0.3023342    0.34872  15.3%  70.8 1094s
 15639  7313    0.34872   67  248    0.30233    0.34872  15.3%  71.1 1095s
H15640  7311                       0.3023401    0.34872  15.3%  71.1 1098s
 15673  7346    0.33467  101 1350    0.30234    0.34872  15.3%  71.0 1100s
H15701  7342                       0.3024813    0.34872  15.3%  71.0 1102s
 15754  7384    0.31746  105 1018    0.30248    0.34872  15.3%  71.0 1105s
 15793  7413    0.34872   79  626    0.30248    0.34872  15.3%  71.5 1111s
H15794  7412                       0.3024814    0.34872  15.3%  71.5 1113s
 15816  7436    0.34360   86  811    0.30248    0.34872  15.3%  71.5 1115s
H15846  5824                       0.3064002    0.34872  13.8%  71.8 1124s
 15848  5828    0.34872   97  226    0.30640    0.34872  13.8%  72.0 1125s
H15940  5878                       0.3071072    0.34872  13.6%  72.0 1129s
 15942  5880    0.31828  134  635    0.30711    0.34872  13.6%  72.0 1130s
H16078  5963                       0.3071074    0.34872  13.6%  71.9 1136s
 16113  6000    0.34872   87  331    0.30711    0.34872  13.6%  72.4 1140s
 16134  6021    0.34872   96  256    0.30711    0.34872  13.6%  72.7 1145s
 16264  6124    0.32948   91 1022    0.30711    0.34872  13.6%  72.7 1150s
 16355  6182    0.34872   67  168    0.30711    0.34872  13.6%  72.8 1156s
 16437  6252    0.34872   62  688    0.30711    0.34872  13.6%  72.6 1160s
H16530  6324                       0.3071074    0.34872  13.6%  72.5 1165s
H16530  6324                       0.3071075    0.34872  13.6%  72.5 1166s
 16625  6377    0.34872   63  488    0.30711    0.34872  13.6%  72.6 1170s
H16827  6515                       0.3071075    0.34872  13.6%  71.9 1174s
 16836  6525    0.31379  152  638    0.30711    0.34872  13.6%  72.0 1175s
H16909  6571                       0.3071075    0.34872  13.6%  71.8 1179s
 16916  6580    0.33718   74  191    0.30711    0.34872  13.6%  71.9 1180s
 16958  6609    0.34872   57  170    0.30711    0.34872  13.6%  72.0 1185s
H16998  6647                       0.3071076    0.34872  13.6%  72.2 1192s
 17014  6665    0.34872   82  632    0.30711    0.34872  13.6%  72.7 1195s

Cutting planes:
  Gomory: 6
  Lift-and-project: 20
  Implied bound: 4
  MIR: 10
  Flow cover: 87
  Zero half: 56
  RLT: 1

Explored 17083 nodes (1282927 simplex iterations) in 1200.01 seconds (2918.35 work units)
Thread count was 1 (of 64 available processors)

Solution count 10: 0.307108 0.307107 0.307107 ... 0.302481

Time limit reached
Best objective 3.071075990140e-01, best bound 3.487237168391e-01, gap 13.5510%
Tree policy:
if X <= 0.0:
    if Y <= 9.0:
        if Y <= 6.0:
            if Y <= 2.0:
                if Y <= 0.0:
                    return '(Left)'
                else:
                    return '(Down)'
            else:
                if Y <= 2.0:
                    return '(Down)'
                else:
                    return '(Left)'
        else:
            if Y <= 7.0:
                return '(Down)'
            else:
                return '(Up)'
    else:
        if Y <= 11.0:
            return '(Down)'
        else:
            return '(Left)'
else:
    if X <= 3.0:
        if Y <= 7.0:
            if Y <= 4.0:
                if Y <= 3.0:
                    if X <= 2.0:
                        return '(Left)'
                    else:
                        return '(Up)'
                else:
                    return '(Up)'
            else:
                if X <= 1.0:
                    return '(Down)'
                else:
                    if Y <= 6.0:
                        return '(Down)'
                    else:
                        return '(Left)'
        else:
            if Y <= 9.0:
                if X <= 1.0:
                    if Y <= 8.0:
                        return '(Down)'
                    else:
                        return '(Right)'
                else:
                    return '(Down)'
            else:
                if Y <= 10.0:
                    return '(Down)'
                else:
                    return '(Right)'
    else:
        if Y <= 4.0:
            if Y <= 2.0:
                if X <= 5.0:
                    if X <= 4.0:
                        return '(Up)'
                    else:
                        return '(Left)'
                else:
                    if X <= 5.0:
                        return '(Left)'
                    else:
                        return '(Up)'
            else:
                if Y <= 3.0:
                    return '(Up)'
                else:
                    if X <= 7.0:
                        return '(Right)'
                    else:
                        return '__random__'
        else:
            if Y <= 9.0:
                if Y <= 8.0:
                    if Y <= 6.0:
                        return '(Up)'
                    else:
                        return '(Down)'
                else:
                    if X <= 5.0:
                        return '(Left)'
                    else:
                        return '(Down)'
            else:
                if Y <= 10.0:
                    return '(Down)'
                else:
                    if X <= 6.0:
                        return '(Right)'
                    else:
                        return '(Left)'
Optimal decision tree (depth=6) value: 0.30710759901397866
Writing result files...
