Solving...
Starting with fixed depth 5
Set parameter Username
Academic license - for non-commercial use only - expires 2025-09-20
Set parameter Threads to value 1
Set parameter TimeLimit to value 1200
Gurobi Optimizer version 10.0.0 build v10.0.0rc2 (linux64)

CPU model: AMD EPYC 9124 16-Core Processor, instruction set [SSE2|AVX|AVX2|AVX512]
Thread count: 32 physical cores, 64 logical processors, using up to 1 threads

Optimize a model with 28575 rows, 6808 columns and 220468 nonzeros
Model fingerprint: 0xbb53f242
Variable types: 720 continuous, 6088 integer (6088 binary)
Coefficient statistics:
  Matrix range     [1e-02, 1e+02]
  Objective range  [2e-01, 3e-01]
  Bounds range     [1e+00, 1e+02]
  RHS range        [1e+00, 5e+00]
Presolve removed 248 rows and 155 columns
Presolve time: 0.33s
Presolved: 28327 rows, 6653 columns, 216754 nonzeros
Variable types: 720 continuous, 5933 integer (5933 binary)

Root relaxation: objective 3.487237e-01, 2748 iterations, 0.27 seconds (1.13 work units)

    Nodes    |    Current Node    |     Objective Bounds      |     Work
 Expl Unexpl |  Obj  Depth IntInf | Incumbent    BestBd   Gap | It/Node Time

     0     0    0.34872    0  303          -    0.34872      -     -    1s
     0     0    0.34872    0  319          -    0.34872      -     -    1s
     0     0    0.34872    0  319          -    0.34872      -     -    1s
     0     0    0.34872    0  386          -    0.34872      -     -    2s
H    0     0                       0.0007889    0.34872      -     -    2s
     0     0    0.34872    0  386    0.00079    0.34872      -     -    2s
     0     0    0.34872    0  389    0.00079    0.34872      -     -    3s
     0     0    0.34872    0  388    0.00079    0.34872      -     -    3s
     0     0    0.34872    0  355    0.00079    0.34872      -     -    4s
H    0     0                       0.0009209    0.34872      -     -    4s
     0     0    0.34872    0  355    0.00092    0.34872      -     -    4s
     0     0    0.34872    0  375    0.00092    0.34872      -     -    5s
     0     0    0.34872    0  441    0.00092    0.34872      -     -    5s
     0     0    0.34872    0  214    0.00092    0.34872      -     -    5s
     0     0    0.34872    0  221    0.00092    0.34872      -     -    6s
     0     0    0.34872    0  331    0.00092    0.34872      -     -    7s
     0     0    0.34872    0  331    0.00092    0.34872      -     -    7s
     0     2    0.34872    0  259    0.00092    0.34872      -     -    9s
H   26    26                       0.0009366    0.34872      -   185   10s
H   52    50                       0.0019180    0.34872      -   182   10s
*  117   105              76       0.0035943    0.34872  9602%   114   12s
*  119   101              76       0.0037266    0.34872  9258%   112   12s
H  234   206                       0.0038024    0.34872  9071%  90.8   14s
   242   214    0.07672   88  537    0.00380    0.34872  9071%  91.2   15s
H  260   220                       0.0039546    0.34872  8718%  89.7   15s
H  286   246                       0.0039797    0.34872  8662%  96.2   16s
H  338   290                       0.0039861    0.34872  8648%  94.7   17s
H  364   312                       0.0039862    0.34872  8648%  90.2   18s
H  367   294                       0.0069719    0.34872  4902%  89.5   18s
*  369   275              85       0.0074941    0.34872  4553%  89.1   18s
H  416   316                       0.0115906    0.34872  2909%  87.9   19s
   453   355    0.28817   61  530    0.01159    0.34872  2909%  87.0   20s
H  489   380                       0.0118147    0.34872  2852%  87.6   21s
H  496   381                       0.0119535    0.34872  2817%  86.6   21s
H  510   390                       0.0119535    0.34872  2817%  84.7   21s
   513   392    0.27232   25  300    0.01195    0.34872  2817%  84.2   25s
   520   397    0.31952   21  200    0.01195    0.34872  2817%  83.1   31s
   526   401    0.33677   31  291    0.01195    0.34872  2817%  82.2   35s
   532   405    0.33677   18  281    0.01195    0.34872  2817%  81.2   40s
   541   413    0.34872   19  675    0.01195    0.34872  2817%   169   45s
H  560   403                       0.0121467    0.34872  2771%   179   49s
   567   409    0.34872   32  830    0.01215    0.34872  2771%   177   50s
H  588   401                       0.0121468    0.34872  2771%   176   51s
   627   429    0.34872   62  632    0.01215    0.34872  2771%   176   55s
   703   450    0.02155   97  110    0.01215    0.34872  2771%   168   60s
   760   454    0.34872   30  896    0.01215    0.34872  2771%   165   65s
H  820   473                       0.0121984    0.34872  2759%   162   69s
   835   485    0.31945   68 1092    0.01220    0.34872  2759%   161   70s
H  872   488                       0.0121985    0.34872  2759%   155   71s
H  898   488                       0.0127501    0.34872  2635%   151   72s
   960   524    0.31207  131 1046    0.01275    0.34872  2635%   144   75s
H 1028   520                       0.0248952    0.34872  1301%   138   78s
H 1054   522                       0.0254223    0.34872  1272%   137   79s
  1064   529    0.33443   57 1116    0.02542    0.34872  1272%   137   80s
H 1080   512                       0.0641967    0.34872   443%   136   80s
H 1106   516                       0.0853811    0.34872   308%   133   81s
H 1132   520                       0.0853812    0.34872   308%   131   82s
H 1158   523                       0.1015754    0.34872   243%   128   83s
H 1184   527                       0.1015754    0.34872   243%   126   83s
H 1210   544                       0.1085271    0.34872   221%   124   84s
  1226   562    0.34859   60 1177    0.10853    0.34872   221%   123   85s
H 1288   614                       0.1108168    0.34872   215%   120   87s
H 1314   618                       0.1350712    0.34872   158%   118   87s
H 1317   621                       0.1350712    0.34872   158%   118   88s
  1366   672    0.28101   74  533    0.13507    0.34872   158%   115   90s
H 1398   702                       0.1350713    0.34872   158%   113   91s
H 1418   722                       0.1462546    0.34872   138%   112   92s
H 1425   729                       0.1463996    0.34872   138%   112   93s
H 1452   751                       0.1476538    0.34872   136%   110   95s
H 1470   761                       0.2037019    0.34872  71.2%   109   95s
H 1479   762                       0.2037098    0.34872  71.2%   109   97s
H 1496   720                       0.2443867    0.34872  42.7%   108   97s
H 1548   772                       0.2443871    0.34872  42.7%   106  101s
H 1574   798                       0.2443884    0.34872  42.7%   105  102s
  1614   838    0.31569  106  940    0.24439    0.34872  42.7%   104  105s
  1697   887    0.30546   59  970    0.24439    0.34872  42.7%   102  110s
H 1710   893                       0.2573675    0.34872  35.5%   101  110s
H 1722   905                       0.2573675    0.34872  35.5%   101  112s
H 1749   932                       0.2573675    0.34872  35.5%   100  114s
H 1762   945                       0.2573676    0.34872  35.5%  98.9  115s
H 1776   952                       0.2573679    0.34872  35.5%  98.4  116s
H 1830   982                       0.2573679    0.34872  35.5%  96.3  120s
H 1844   996                       0.2573680    0.34872  35.5%  95.8  121s
  1896  1037    0.29816   65  772    0.25737    0.34872  35.5%  94.0  125s
  1938  1064    0.34676   60 1293    0.25737    0.34872  35.5%  92.7  130s
  2046  1152    0.30984   44  756    0.25737    0.34872  35.5%  89.4  135s
H 2058  1162                       0.2573680    0.34872  35.5%  89.1  136s
H 2100  1204                       0.2573683    0.34872  35.5%  88.5  138s
H 2127  1231                       0.2573684    0.34872  35.5%  87.6  139s
  2151  1255 infeasible  109         0.25737    0.34872  35.5%  87.7  140s
  2436  1502    0.34852   29  593    0.25737    0.34872  35.5%  82.4  145s
  2790  1811    0.34872   45  297    0.25737    0.34872  35.5%  76.3  150s
  3079  2056    0.34769   31  576    0.25737    0.34872  35.5%  73.1  156s
  3127  2104    0.34131   79  811    0.25737    0.34872  35.5%  72.4  160s
H 3184  2142                       0.2578552    0.34872  35.2%  71.6  161s
* 3344  2277             198       0.2666193    0.34872  30.8%  69.5  162s
H 3481  2410                       0.2666364    0.34872  30.8%  68.1  164s
  3518  2435    0.34872   29  905    0.26664    0.34872  30.8%  67.7  165s
  3795  2644    0.34872   52  739    0.26664    0.34872  30.8%  66.4  170s
  4053  2801    0.34872   45  314    0.26664    0.34872  30.8%  65.9  175s
  4287  2970    0.30345   75  716    0.26664    0.34872  30.8%  64.8  180s
H 4481  3097                       0.2710324    0.34872  28.7%  63.0  187s
  4531  3122    0.34230   55  285    0.27103    0.34872  28.7%  62.8  190s
H 4538  3120                       0.2718632    0.34872  28.3%  62.8  191s
H 4622  3177                       0.2718632    0.34872  28.3%  62.5  194s
  4681  3210    0.34872   43 1073    0.27186    0.34872  28.3%  62.1  195s
  4898  3347    0.31614   49  933    0.27186    0.34872  28.3%  62.7  200s
H 5013  3444                       0.2718633    0.34872  28.3%  61.9  202s
H 5052  3482                       0.2719528    0.34872  28.2%  61.5  204s
  5094  3526    0.29688  101 1007    0.27195    0.34872  28.2%  61.2  205s
H 5101  3532                       0.2719528    0.34872  28.2%  61.2  205s
  5105  3535    0.30533   72  243    0.27195    0.34872  28.2%  61.1  211s
  5109  3538    0.30628  104  376    0.27195    0.34872  28.2%  61.1  215s
H 5110  3360                       0.2719530    0.34872  28.2%  61.1  216s
  5115  3364    0.31569  107  267    0.27195    0.34872  28.2%  61.0  220s
  5123  3369    0.30438  100  274    0.27195    0.34872  28.2%  60.9  225s
  5143  3384    0.34872   34  567    0.27195    0.34872  28.2%  70.4  230s
  5250  3450    0.31495   90  426    0.27195    0.34872  28.2%  70.8  235s
  5379  3528    0.31021   92  413    0.27195    0.34872  28.2%  70.5  240s
  5449  3557    0.34872   45  229    0.27195    0.34872  28.2%  71.9  245s
  5544  3596    0.34872   45  199    0.27195    0.34872  28.2%  72.9  250s
H 5571  3444                       0.2720333    0.34872  28.2%  73.7  252s
H 5597  3294                       0.2720353    0.34872  28.2%  73.9  253s
H 5623  3156                       0.2720353    0.34872  28.2%  73.8  254s
  5630  3158    0.31169   94  550    0.27204    0.34872  28.2%  73.9  255s
H 5666  3030                       0.2721007    0.34872  28.2%  73.5  256s
H 5727  2907                       0.2721013    0.34872  28.2%  73.0  258s
  5753  2926    0.31955   62  390    0.27210    0.34872  28.2%  73.7  260s
H 5831  2812                       0.2721014    0.34872  28.2%  74.4  265s
H 5857  2705                       0.2721015    0.34872  28.2%  74.2  266s
H 5909  2616                       0.2721053    0.34872  28.2%  73.9  267s
  5943  2628    0.31465   65  995    0.27211    0.34872  28.2%  73.7  270s
H 5961  2526                       0.2721089    0.34872  28.2%  73.6  270s
H 5992  2430                       0.2721090    0.34872  28.2%  73.4  271s
H 6019  2333                       0.2721115    0.34872  28.2%  73.3  272s
H 6066  2248                       0.2721116    0.34872  28.2%  73.3  274s
  6085  2252    0.34872   54  532    0.27211    0.34872  28.2%  73.3  275s
H 6144  2194                       0.2721174    0.34872  28.2%  73.0  277s
H 6158  2104                       0.2721562    0.34872  28.1%  73.1  279s
H 6170  2019                       0.2723397    0.34872  28.0%  73.1  279s
  6180  2028    0.33857   57  547    0.27234    0.34872  28.0%  73.1  280s
H 6249  1970                       0.2835451    0.34872  23.0%  73.2  284s
  6270  1983    0.28469  113  332    0.28355    0.34872  23.0%  73.0  285s
H 6276  1904                       0.2838933    0.34872  22.8%  73.0  285s
H 6320  1848                       0.2843252    0.34872  22.6%  72.8  287s
  6374  1872    0.31923   65  666    0.28433    0.34872  22.6%  72.5  291s
H 6380  1768                       0.2856540    0.34872  22.1%  72.5  291s
  6482  1816    0.28839  102  352    0.28565    0.34872  22.1%  72.1  295s
  6539  1819    0.34872   51  457    0.28565    0.34872  22.1%  71.7  300s
  6631  1854    0.29950   81  525    0.28565    0.34872  22.1%  72.1  305s
  6782  1918    0.30320   65  450    0.28565    0.34872  22.1%  71.4  310s
H 6837  1870                       0.2856540    0.34872  22.1%  71.1  313s
  6864  1890    0.32435   58  337    0.28565    0.34872  22.1%  71.6  315s
H 6891  1845                       0.2856540    0.34872  22.1%  71.4  318s
H 6918  1804                       0.2856542    0.34872  22.1%  71.4  319s
  6923  1807 infeasible   87         0.28565    0.34872  22.1%  71.5  320s
  7133  1858    0.34872   48  605    0.28565    0.34872  22.1%  70.7  325s
H 7205  1839                       0.2856545    0.34872  22.1%  70.7  328s
  7319  1863    0.30529   55  522    0.28565    0.34872  22.1%  70.7  330s
  7535  1946    0.30342   66  562    0.28565    0.34872  22.1%  70.0  335s
  7838  2070    0.29368  117  192    0.28565    0.34872  22.1%  69.8  340s
  8086  2129    0.34872   47  284    0.28565    0.34872  22.1%  70.3  345s
  8276  2235    0.29166   65  406    0.28565    0.34872  22.1%  70.1  350s
  8639  2497    0.29320   68  419    0.28565    0.34872  22.1%  69.3  356s
  9021  2768    0.31406   87  552    0.28565    0.34872  22.1%  68.1  360s
H 9077  2804                       0.2856551    0.34872  22.1%  68.0  361s
  9393  3034    0.28791  121  517    0.28566    0.34872  22.1%  67.3  365s
  9686  3213    0.32599   62  628    0.28566    0.34872  22.1%  67.4  370s
 10038  3455    0.30788   67  533    0.28566    0.34872  22.1%  66.8  375s
 10078  3475    0.34872   57  475    0.28566    0.34872  22.1%  66.9  380s
 10333  3636    0.34872   45  233    0.28566    0.34872  22.1%  67.1  385s
 10581  3804    0.30084   89  516    0.28566    0.34872  22.1%  67.0  390s
H10639  3579                       0.2910727    0.34872  19.8%  67.1  391s
 10823  3709    0.30492   63  763    0.29107    0.34872  19.8%  67.2  395s
H11138  3412                       0.2951056    0.34872  18.2%  67.1  399s
 11139  3415    0.34872   71  355    0.29511    0.34872  18.2%  67.2  400s
H11321  3519                       0.2951057    0.34872  18.2%  67.4  402s
 11491  3607    0.30316   83  224    0.29511    0.34872  18.2%  67.6  405s
H11727  3612                       0.2983717    0.34872  16.9%  67.5  410s
 12045  3761    0.34872   55  316    0.29837    0.34872  16.9%  67.3  415s
 12349  3960    0.31378   51 1168    0.29837    0.34872  16.9%  67.4  420s
 12641  4131    0.30377   74  418    0.29837    0.34872  16.9%  67.0  425s
H12728  4148                       0.2983718    0.34872  16.9%  66.9  429s
 12749  4165    0.33304   79  543    0.29837    0.34872  16.9%  66.9  430s
H12833  4204                       0.2983718    0.34872  16.9%  66.7  431s
 13113  4396    0.34872   55  314    0.29837    0.34872  16.9%  66.7  435s
 13421  4590    0.34872   58  295    0.29837    0.34872  16.9%  66.3  440s
 13661  4763    0.32069   56  971    0.29837    0.34872  16.9%  66.1  445s
 13833  4871    0.34782   38  887    0.29837    0.34872  16.9%  66.0  450s
 14008  4990 infeasible   78         0.29837    0.34872  16.9%  65.8  455s
 14278  5120    0.30933   68  406    0.29837    0.34872  16.9%  65.5  460s
 14604  5301    0.34655   65  472    0.29837    0.34872  16.9%  65.4  465s
 14868  5390    0.30564   70  432    0.29837    0.34872  16.9%  65.4  470s
 15175  5499    0.33638   63  406    0.29837    0.34872  16.9%  65.4  475s
 15303  5538    0.34872   51  397    0.29837    0.34872  16.9%  65.5  517s
 15440  5588    0.30025   91  331    0.29837    0.34872  16.9%  65.4  520s
 15629  5704    0.30319  111  206    0.29837    0.34872  16.9%  65.5  525s
 15962  5887    0.30931   60  579    0.29837    0.34872  16.9%  65.4  530s
 16156  5986    0.31673   60  524    0.29837    0.34872  16.9%  65.7  535s
H16327  6061                       0.2983718    0.34872  16.9%  65.9  540s
 16791  6333    0.30539   50  891    0.29837    0.34872  16.9%  65.6  545s
 16924  6404    0.31822   78  692    0.29837    0.34872  16.9%  65.7  550s
H17074  6466                       0.2983718    0.34872  16.9%  65.7  553s
 17208  6540    0.32035   44  459    0.29837    0.34872  16.9%  65.7  555s
 17508  6723    0.34872   51  442    0.29837    0.34872  16.9%  65.5  560s
 17949  6991    0.31731   49 1096    0.29837    0.34872  16.9%  65.3  565s
 18086  7073     cutoff   79         0.29837    0.34872  16.9%  65.2  570s
 18303  7156    0.34872   53  553    0.29837    0.34872  16.9%  65.1  575s
 18572  7347    0.31594   70  735    0.29837    0.34872  16.9%  65.1  580s
 18756  7467    0.34872   65  462    0.29837    0.34872  16.9%  65.2  585s
 19162  7653    0.31617   64  515    0.29837    0.34872  16.9%  65.2  590s
 19452  7759     cutoff   79         0.29837    0.34872  16.9%  65.3  595s
 19683  7829    0.30453   85  661    0.29837    0.34872  16.9%  65.5  600s
 20136  8024    0.34872   61  729    0.29837    0.34872  16.9%  65.2  605s
 20524  8153    0.30490   69  901    0.29837    0.34872  16.9%  65.0  610s
H20597  8177                       0.2983718    0.34872  16.9%  65.0  611s
 20896  8309    0.34872   67  661    0.29837    0.34872  16.9%  64.8  615s
 21209  8450    0.31473   79  498    0.29837    0.34872  16.9%  64.7  620s
 21488  8558    0.31863   72  855    0.29837    0.34872  16.9%  64.8  625s
H21678  8629                       0.2983718    0.34872  16.9%  64.8  629s
 21737  8660 infeasible   83         0.29837    0.34872  16.9%  64.8  630s
 21965  8826    0.34872   55  447    0.29837    0.34872  16.9%  64.8  635s
 22217  8953    0.34872   57  236    0.29837    0.34872  16.9%  65.2  640s
 22571  9144    0.34872   60  359    0.29837    0.34872  16.9%  65.0  645s
H22678  9200                       0.2983719    0.34872  16.9%  64.9  648s
 22706  9220     cutoff   73         0.29837    0.34872  16.9%  65.0  650s
 22876  9292    0.34872   58  501    0.29837    0.34872  16.9%  65.3  655s
 23228  9511    0.34823   42 1166    0.29837    0.34872  16.9%  65.2  662s
 23445  9644    0.31660   58  723    0.29837    0.34872  16.9%  65.0  665s
 23824  9888    0.30082   97  524    0.29837    0.34872  16.9%  64.8  670s
 24214 10117    0.31860   62  595    0.29837    0.34872  16.9%  64.7  676s
 24474 10271    0.33379   75  884    0.29837    0.34872  16.9%  64.6  680s
 24735 10341    0.34863   59  934    0.29837    0.34872  16.9%  64.6  685s
 25102 10516    0.31939   69  850    0.29837    0.34872  16.9%  64.7  690s
 25330 10634    0.34872   48  367    0.29837    0.34872  16.9%  64.7  695s
 25500 10746    0.31344   67  835    0.29837    0.34872  16.9%  64.9  700s
H25726 10835                       0.2983720    0.34872  16.9%  64.9  703s
 25843 10925    0.30582   68  391    0.29837    0.34872  16.9%  64.8  705s
 26130 11070    0.34872   71  441    0.29837    0.34872  16.9%  64.7  710s
 26553 11371    0.32561   64  700    0.29837    0.34872  16.9%  64.4  715s
H26726 11472                       0.2983721    0.34872  16.9%  64.3  719s
 26727 11475    0.31881   71  735    0.29837    0.34872  16.9%  64.3  720s
 26948 11546    0.30472   89  842    0.29837    0.34872  16.9%  64.0  725s
 27257 11725    0.34872   55  245    0.29837    0.34872  16.9%  63.8  731s
 27442 11828    0.34515   65  473    0.29837    0.34872  16.9%  64.1  736s
 27691 11979    0.34872   52  415    0.29837    0.34872  16.9%  64.0  740s
 28000 12166    0.34872   73  501    0.29837    0.34872  16.9%  63.9  745s
 28335 12321    0.30009   78  565    0.29837    0.34872  16.9%  63.8  750s
 28567 12426    0.31126   93  264    0.29837    0.34872  16.9%  63.9  755s
 28938 12675    0.30453  105  399    0.29837    0.34872  16.9%  63.7  760s
 29339 12946    0.31093  109  172    0.29837    0.34872  16.9%  63.4  765s
 29706 13233     cutoff  104         0.29837    0.34872  16.9%  63.1  770s
 30079 13447     cutoff   56         0.29837    0.34872  16.9%  63.0  775s
 30459 13703    0.33845   56  586    0.29837    0.34872  16.9%  62.8  780s
 30853 13928    0.30535   73  505    0.29837    0.34872  16.9%  62.7  785s
H30922 13987                       0.2983721    0.34872  16.9%  62.7  788s
 31032 14049    0.31359   65  481    0.29837    0.34872  16.9%  62.6  790s
 31585 14395    0.34872   54  434    0.29837    0.34872  16.9%  62.3  795s
 31922 14573    0.34872   49  267    0.29837    0.34872  16.9%  62.2  801s
 32051 14630    0.34847   53  503    0.29837    0.34872  16.9%  62.3  805s
 32392 14793    0.30958   54  401    0.29837    0.34872  16.9%  62.4  810s
 32811 14986    0.34872   53  281    0.29837    0.34872  16.9%  62.4  815s
 33186 15156    0.31439   67  372    0.29837    0.34872  16.9%  62.3  820s
H33633 11823                       0.3053871    0.34872  14.2%  62.3  824s
 33665 11825    0.30901   74  565    0.30539    0.34872  14.2%  62.4  825s
H33695 11824                       0.3053871    0.34872  14.2%  62.5  826s
H33697 11823                       0.3053872    0.34872  14.2%  62.5  826s
 33898 11932    0.31030   71  436    0.30539    0.34872  14.2%  62.5  830s
 34156 12026    0.34872   69  435    0.30539    0.34872  14.2%  62.6  835s
H34157 12025                       0.3053873    0.34872  14.2%  62.6  836s
 34365 12104    0.34505   70  395    0.30539    0.34872  14.2%  62.8  840s
 34898 12263    0.34872   60  459    0.30539    0.34872  14.2%  62.8  845s
 35157 12319    0.30838   83  287    0.30539    0.34872  14.2%  62.9  852s
 35240 12338     cutoff   76         0.30539    0.34872  14.2%  62.8  855s
 35595 12458    0.34813   70  383    0.30539    0.34872  14.2%  62.7  860s
 35823 12530    0.31829   60  527    0.30539    0.34872  14.2%  62.7  865s
 36318 12766    0.31529   56  925    0.30539    0.34872  14.2%  62.5  870s
H36507 12862                       0.3053875    0.34872  14.2%  62.6  873s
 36733 12935    0.31872   73  538    0.30539    0.34872  14.2%  62.6  875s
 37197 13175    0.30996   86  742    0.30539    0.34872  14.2%  62.5  880s
H37507 13309                       0.3053878    0.34872  14.2%  62.5  886s
 37526 13330    0.31891   69  448    0.30539    0.34872  14.2%  62.5  890s
 37857 13437    0.31610   59  597    0.30539    0.34872  14.2%  62.5  896s
 38080 13529    0.31931   57  813    0.30539    0.34872  14.2%  62.5  900s
 38698 13913    0.34872   49  253    0.30539    0.34872  14.2%  62.1  905s
 39238 14200    0.31937   65  616    0.30539    0.34872  14.2%  61.9  910s
 39697 14470    0.31884   76  707    0.30539    0.34872  14.2%  61.8  915s
 40037 14549    0.30831   73  635    0.30539    0.34872  14.2%  62.0  920s
 40438 14628    0.34766   70  430    0.30539    0.34872  14.2%  62.1  925s
 40598 14707    0.31514   78  606    0.30539    0.34872  14.2%  62.1  930s
 41016 14879     cutoff   70         0.30539    0.34872  14.2%  62.1  935s
 41241 14926     cutoff   79         0.30539    0.34872  14.2%  62.2  940s
 41645 15044    0.34189   73  457    0.30539    0.34872  14.2%  62.2  945s
 42030 15135    0.34872   80  305    0.30539    0.34872  14.2%  62.3  950s
 42347 15210    0.32435   84  501    0.30539    0.34872  14.2%  62.3  955s
 42790 15263    0.32435   79  639    0.30539    0.34872  14.2%  62.2  960s
 43130 15306    0.31914   78  506    0.30539    0.34872  14.2%  62.2  965s
 43456 15392    0.30808   87  468    0.30539    0.34872  14.2%  62.2  970s
 43734 15444     cutoff   87         0.30539    0.34872  14.2%  62.2  975s
 43928 15481    0.30939   78  508    0.30539    0.34872  14.2%  62.2  980s
 44305 15550    0.33157   72  480    0.30539    0.34872  14.2%  62.2  985s
 44592 15601    0.34803   67  367    0.30539    0.34872  14.2%  62.2  990s
 44889 15664    0.34872   71  637    0.30539    0.34872  14.2%  62.2  995s
 45214 15709    0.33382   71  671    0.30539    0.34872  14.2%  62.3 1000s
 45560 15797    0.33536   76  627    0.30539    0.34872  14.2%  62.3 1005s
 45852 15861    0.33508   72  357    0.30539    0.34872  14.2%  62.3 1010s
 46202 15937    0.31621   88  479    0.30539    0.34872  14.2%  62.3 1015s
 46601 16059    0.34872   74  369    0.30539    0.34872  14.2%  62.3 1020s
 46951 16127 infeasible   77         0.30539    0.34872  14.2%  62.3 1025s
 47312 16188     cutoff   73         0.30539    0.34872  14.2%  62.3 1030s
 47756 16335    0.34351   74  226    0.30539    0.34872  14.2%  62.2 1035s
 48092 16498    0.33332   87  401    0.30539    0.34872  14.2%  62.1 1040s
 48411 16607     cutoff   72         0.30539    0.34872  14.2%  62.0 1045s
 48892 16750    0.31969   83  619    0.30539    0.34872  14.2%  62.0 1050s
 49226 16856 infeasible   91         0.30539    0.34872  14.2%  62.1 1055s
 49435 16965    0.33567   70  456    0.30539    0.34872  14.2%  62.0 1060s
 49868 17173    0.33746   84  319    0.30539    0.34872  14.2%  61.9 1065s
H49874 17173                       0.3053879    0.34872  14.2%  61.9 1070s
 50165 17291    0.31590   85  235    0.30539    0.34872  14.2%  61.8 1075s
 50709 17453    0.31898   73  558    0.30539    0.34872  14.2%  61.7 1080s
H50876 17488                       0.3053880    0.34872  14.2%  61.7 1086s
 50993 17509     cutoff   78         0.30539    0.34872  14.2%  61.8 1090s
H51127 17537                       0.3053882    0.34872  14.2%  61.8 1094s
 51129 17539    0.32281   74  338    0.30539    0.34872  14.2%  61.8 1095s
 51392 17623    0.31858   70  929    0.30539    0.34872  14.2%  61.9 1100s
 51823 17715    0.34042   72  380    0.30539    0.34872  14.2%  62.0 1105s
H52105 17783                       0.3053883    0.34872  14.2%  62.1 1109s
 52106 17786    0.31632   74  686    0.30539    0.34872  14.2%  62.1 1110s
 52283 17838    0.34872   54  358    0.30539    0.34872  14.2%  62.1 1115s
 52710 18035    0.34860   67  381    0.30539    0.34872  14.2%  62.1 1120s
 53073 18158    0.34161   77  645    0.30539    0.34872  14.2%  62.2 1127s
 53106 18168    0.34682   69  384    0.30539    0.34872  14.2%  62.2 1131s
 53364 18256    0.34872   56  177    0.30539    0.34872  14.2%  62.2 1135s
 53759 18419    0.30901   60  449    0.30539    0.34872  14.2%  62.3 1140s
 54078 18541    0.32285   58  333    0.30539    0.34872  14.2%  62.3 1145s
H54091 18538                       0.3053886    0.34872  14.2%  62.3 1148s
 54202 18579    0.31845   76  500    0.30539    0.34872  14.2%  62.3 1150s
 54554 18742    0.30902   63  634    0.30539    0.34872  14.2%  62.3 1155s
 54914 18877    0.30567   64  625    0.30539    0.34872  14.2%  62.3 1160s
H55091 18933                       0.3053886    0.34872  14.2%  62.3 1166s
 55232 18990    0.34872   59  272    0.30539    0.34872  14.2%  62.2 1170s
 55559 19153    0.30555   76  446    0.30539    0.34872  14.2%  62.2 1175s
 55929 19340    0.31202   88  570    0.30539    0.34872  14.2%  62.1 1180s
 56526 19590    0.34872   68  373    0.30539    0.34872  14.2%  62.0 1185s
 56816 19723    0.31530   99  396    0.30539    0.34872  14.2%  61.9 1190s
 57422 20020    0.31563   87  201    0.30539    0.34872  14.2%  61.7 1195s
 57829 20172    0.34872   72  344    0.30539    0.34872  14.2%  61.6 1200s

Cutting planes:
  Lift-and-project: 9
  Implied bound: 4
  MIR: 2
  Flow cover: 37
  Zero half: 1

Explored 57830 nodes (3582563 simplex iterations) in 1200.01 seconds (2076.54 work units)
Thread count was 1 (of 64 available processors)

Solution count 10: 0.305389 0.305389 0.305388 ... 0.305387

Time limit reached
Best objective 3.053885704743e-01, best bound 3.487237168389e-01, gap 14.1902%
Tree policy:
if X <= 0.0:
    if Y <= 0.0:
        return '(Left)'
    else:
        if Y <= 7.0:
            if Y <= 6.0:
                if Y <= 2.0:
                    return '(Down)'
                else:
                    return '(Left)'
            else:
                return '(Down)'
        else:
            if Y <= 9.0:
                return '(Up)'
            else:
                return '(Down)'
else:
    if Y <= 7.0:
        if Y <= 6.0:
            if Y <= 3.0:
                if X <= 2.0:
                    return '(Left)'
                else:
                    return '(Down)'
            else:
                if Y <= 4.0:
                    return '(Up)'
                else:
                    return '(Down)'
        else:
            if X <= 3.0:
                if X <= 1.0:
                    return '(Down)'
                else:
                    return '(Left)'
            else:
                if X <= 7.0:
                    return '(Down)'
                else:
                    return '(Up)'
    else:
        if Y <= 9.0:
            if X <= 1.0:
                if Y <= 8.0:
                    return '(Down)'
                else:
                    return '(Right)'
            else:
                if X <= 3.0:
                    return '(Down)'
                else:
                    return '(Left)'
        else:
            if Y <= 10.0:
                return '(Down)'
            else:
                if X <= 6.0:
                    return '(Right)'
                else:
                    return '(Left)'
Optimal decision tree (depth=5) value: 0.3053885704743109
Writing result files...
