Solving...
Starting with fixed depth 1
Set parameter Username
Academic license - for non-commercial use only - expires 2025-09-20
Set parameter Threads to value 1
Set parameter TimeLimit to value 1200
Gurobi Optimizer version 10.0.0 build v10.0.0rc2 (linux64)

CPU model: AMD EPYC 9124 16-Core Processor, instruction set [SSE2|AVX|AVX2|AVX512]
Thread count: 32 physical cores, 64 logical processors, using up to 1 threads

Optimize a model with 2595 rows, 1618 columns and 10798 nonzeros
Model fingerprint: 0x3ab3bc05
Variable types: 720 continuous, 898 integer (898 binary)
Coefficient statistics:
  Matrix range     [1e-02, 1e+02]
  Objective range  [2e-01, 3e-01]
  Bounds range     [1e+00, 1e+02]
  RHS range        [1e+00, 1e+00]
Presolve removed 14 rows and 10 columns
Presolve time: 0.02s
Presolved: 2581 rows, 1608 columns, 10680 nonzeros
Variable types: 720 continuous, 888 integer (888 binary)
Found heuristic solution: objective -0.0000000

Root relaxation: objective 3.487237e-01, 1472 iterations, 0.05 seconds (0.12 work units)

    Nodes    |    Current Node    |     Objective Bounds      |     Work
 Expl Unexpl |  Obj  Depth IntInf | Incumbent    BestBd   Gap | It/Node Time

     0     0    0.34872    0  292   -0.00000    0.34872      -     -    0s
     0     0    0.34872    0  313   -0.00000    0.34872      -     -    0s
     0     0    0.34872    0  353   -0.00000    0.34872      -     -    0s
     0     0    0.34872    0  356   -0.00000    0.34872      -     -    0s
     0     0    0.34872    0  335   -0.00000    0.34872      -     -    0s
     0     0    0.34872    0  332   -0.00000    0.34872      -     -    0s
     0     0    0.34872    0  336   -0.00000    0.34872      -     -    0s
     0     0    0.34872    0  329   -0.00000    0.34872      -     -    0s
H    0     0                       0.0000892    0.34872      -     -    0s
     0     2    0.34872    0  319    0.00009    0.34872      -     -    0s
*    9     9               8       0.0008934    0.34872      -   297    0s
*   20     7               7       0.0015708    0.34755      -   305    0s
*   25     7               8       0.0035887    0.34755  9585%   324    0s
*   28     8              10       0.0058244    0.34755  5867%   306    0s
*   72    16              14       0.0090952    0.34623  3707%   214    1s
*   73    13              14       0.0206598    0.34623  1576%   211    1s

Cutting planes:
  Gomory: 7
  Cover: 1
  Implied bound: 35
  MIR: 32
  Flow cover: 46
  Inf proof: 1
  Zero half: 45
  RLT: 141
  BQP: 5

Explored 213 nodes (47223 simplex iterations) in 2.34 seconds (4.21 work units)
Thread count was 1 (of 64 available processors)

Solution count 8: 0.0206598 0.00909522 0.00582438 ... -0
No other solutions better than 0.0206598

Optimal solution found (tolerance 1.00e-04)
Best objective 2.065979961138e-02, best bound 2.065979961138e-02, gap 0.0000%
Tree policy:
if Y <= 6.0:
    return '(Left)'
else:
    return '(Right)'
Optimal decision tree (depth=1) value: 0.020659799611383447
Writing result files...
