Solving...
Starting with fixed depth 3
Set parameter Username
Academic license - for non-commercial use only - expires 2025-09-20
Set parameter Threads to value 1
Set parameter TimeLimit to value 1200
Gurobi Optimizer version 10.0.0 build v10.0.0rc2 (linux64)

CPU model: AMD EPYC 9124 16-Core Processor, instruction set [SSE2|AVX|AVX2|AVX512]
Thread count: 32 physical cores, 64 logical processors, using up to 1 threads

Optimize a model with 7791 rows, 2656 columns and 45820 nonzeros
Model fingerprint: 0xffb12e96
Variable types: 720 continuous, 1936 integer (1936 binary)
Coefficient statistics:
  Matrix range     [1e-02, 1e+02]
  Objective range  [2e-01, 3e-01]
  Bounds range     [1e+00, 1e+02]
  RHS range        [1e+00, 3e+00]
Presolve removed 56 rows and 35 columns
Presolve time: 0.08s
Presolved: 7735 rows, 2621 columns, 45042 nonzeros
Variable types: 720 continuous, 1901 integer (1901 binary)

Root relaxation: objective 3.487237e-01, 2195 iterations, 0.09 seconds (0.25 work units)

    Nodes    |    Current Node    |     Objective Bounds      |     Work
 Expl Unexpl |  Obj  Depth IntInf | Incumbent    BestBd   Gap | It/Node Time

     0     0    0.34872    0  329          -    0.34872      -     -    0s
     0     0    0.34872    0  429          -    0.34872      -     -    0s
     0     0    0.34872    0  288          -    0.34872      -     -    0s
     0     0    0.34872    0  288          -    0.34872      -     -    0s
     0     0    0.34872    0  338          -    0.34872      -     -    0s
     0     0    0.34872    0  369          -    0.34872      -     -    1s
     0     0    0.34872    0  369          -    0.34872      -     -    1s
     0     0    0.34872    0  216          -    0.34872      -     -    1s
     0     0    0.34872    0  217          -    0.34872      -     -    1s
     0     0    0.34872    0  207          -    0.34872      -     -    1s
H    0     0                       0.0007766    0.34872      -     -    1s
     0     0    0.34872    0  222    0.00078    0.34872      -     -    1s
     0     0    0.34872    0  237    0.00078    0.34872      -     -    1s
     0     0    0.34872    0  237    0.00078    0.34872      -     -    1s
     0     2    0.34872    0  237    0.00078    0.34872      -     -    2s
H   26    26                       0.0013106    0.34872      -   176    2s
*   35    32              23       0.0206639    0.34872  1588%   147    2s
   282   134    0.34856   10  398    0.02066    0.34872  1588%   111    5s
H  302   143                       0.0225925    0.34872  1444%   110    5s
*  376   206              21       0.0225936    0.34872  1443%   105    5s
H  510   279                       0.0225936    0.34872  1443%   101    7s
H  515   268                       0.0225936    0.34872  1443%   100    8s
   522   272    0.34871   10  354    0.02259    0.34872  1443%  98.4   10s
H  523   259                       0.0357010    0.34872   877%  98.2   10s
   534   268    0.03570   33  283    0.03570    0.34872   877%   142   15s
   549   278    0.14070   19  188    0.03570    0.34872   877%   138   22s
H  629   302                       0.0510445    0.34872   583%   174   24s
   633   307    0.32604   41  341    0.05104    0.34872   583%   174   25s
   840   366    0.08132   62  343    0.05104    0.34872   583%   159   30s
H  908   350                       0.0510446    0.34872   583%   152   31s
H 1074   384                       0.0584731    0.34872   496%   139   33s
H 1082   354                       0.0893814    0.34872   290%   139   33s
H 1108   354                       0.0912371    0.34872   282%   137   33s
H 1127   353                       0.0929277    0.34872   275%   135   33s
H 1155   353                       0.0968597    0.34872   260%   134   33s
H 1160   348                       0.1176393    0.34872   196%   134   34s
H 1182   360                       0.1176393    0.34872   196%   134   34s
H 1212   367                       0.1178424    0.34872   196%   136   34s
  1212   369    0.34872   34  652    0.11784    0.34872   196%   136   35s
  1546   554    0.31651   55  254    0.11784    0.34872   196%   126   40s
H 1683   620                       0.1178425    0.34872   196%   123   41s
H 1957   787                       0.1178427    0.34872   196%   116   45s
* 2167   875              53       0.1193567    0.34872   192%   113   47s
H 2211   822                       0.1379682    0.34872   153%   113   48s
  2315   879    0.20403   47  357    0.13797    0.34872   153%   111   50s
H 2316   878                       0.1379683    0.34872   153%   111   50s
  2593  1043    0.29430   45  654    0.13797    0.34872   153%   107   55s
H 2840  1117                       0.1471317    0.34872   137%   108   60s
H 3402  1415                       0.1471325    0.34872   137%   101   64s
  3417  1424    0.34872   36  187    0.14713    0.34872   137%   101   65s
  3812  1655    0.33616   51  305    0.14713    0.34872   137%   101   70s
  4301  1870     cutoff   49         0.14713    0.34872   137%   101   75s
  4591  1966    0.34403   44  297    0.14713    0.34872   137%   100   80s
H 4695  1992                       0.1495185    0.34872   133%   101   81s
  4925  2057     cutoff   50         0.14952    0.34872   133%   101   85s
H 5332  2093                       0.1953676    0.34872  78.5%   100   89s
  5384  2109    0.33167   37  377    0.19537    0.34872  78.5%   100   90s
H 5623  2193                       0.2029477    0.34872  71.8%   100   92s
  5947  2328    0.21165   57   84    0.20295    0.34872  71.8%  98.4   95s
  6302  2480    0.34506   39  567    0.20295    0.34872  71.8%  98.6  100s
  6624  2657    0.29153   49  562    0.20295    0.34872  71.8%  97.8  105s
H 6709  2413                       0.2374889    0.34872  46.8%  98.0  108s
  6824  2453    0.29377   55  548    0.23749    0.34872  46.8%  98.0  110s
  7348  2703    0.31042   54  507    0.23749    0.34872  46.8%  97.2  115s
H 7477  2721                       0.2374890    0.34872  46.8%  98.1  118s
  7601  2762    0.32631   52  708    0.23749    0.34872  46.8%  98.3  120s
  8092  2945    0.34845   51  520    0.23749    0.34872  46.8%  97.5  125s
  8477  3095    0.31932   56  324    0.23749    0.34872  46.8%  96.1  130s
  8980  3249    0.31739   40  678    0.23749    0.34872  46.8%  94.8  135s
  9353  3399     cutoff   66         0.23749    0.34872  46.8%  95.1  140s
  9635  3526     cutoff   45         0.23749    0.34872  46.8%  95.6  145s
 10202  3816    0.32435   45  522    0.23749    0.34872  46.8%  95.4  169s
 10260  3839    0.29113   54  333    0.23749    0.34872  46.8%  95.5  170s
 10647  3972    0.32756   42  652    0.23749    0.34872  46.8%  95.7  175s
H10883  4047                       0.2387075    0.34872  46.1%  95.3  178s
 10949  4083    0.31237   49  472    0.23871    0.34872  46.1%  95.3  180s
 11681  4404    0.26506   54  266    0.23871    0.34872  46.1%  93.9  185s
 11884  4507    0.28086   57  638    0.23871    0.34872  46.1%  93.8  190s
 12146  4612     cutoff   50         0.23871    0.34872  46.1%  93.9  195s
 12388  4697    0.33795   51  421    0.23871    0.34872  46.1%  94.3  200s
 12924  4888    0.33549   48  424    0.23871    0.34872  46.1%  94.3  205s
 13477  5128    0.26351   39  531    0.23871    0.34872  46.1%  94.2  210s
 13787  5246    0.34872   42  570    0.23871    0.34872  46.1%  94.1  215s
 14470  5561    0.24016   67  143    0.23871    0.34872  46.1%  93.8  220s
 15153  5921    0.30603   51  316    0.23871    0.34872  46.1%  92.5  225s
 15561  6088    0.24950   58  306    0.23871    0.34872  46.1%  92.1  230s
 15990  6207    0.33764   39  528    0.23871    0.34872  46.1%  91.9  235s
 16635  6519     cutoff   47         0.23871    0.34872  46.1%  91.1  240s
 16983  6615    0.29486   45  485    0.23871    0.34872  46.1%  91.2  245s
 17455  6805    0.30834   40  641    0.23871    0.34872  46.1%  91.0  250s
 17865  6997    0.34872   38  615    0.23871    0.34872  46.1%  91.1  255s
 18445  7252    0.27535   51  345    0.23871    0.34872  46.1%  90.8  260s
 18885  7416    0.30731   46  565    0.23871    0.34872  46.1%  90.5  265s
 19249  7507    0.30567   45  541    0.23871    0.34872  46.1%  90.8  270s
 19685  7687 infeasible   41         0.23871    0.34872  46.1%  90.7  275s
 20272  7934    0.33991   35  427    0.23871    0.34872  46.1%  90.2  280s
 20804  8139    0.24840   59  298    0.23871    0.34872  46.1%  89.9  285s
 21259  8288    0.31959   49  379    0.23871    0.34872  46.1%  90.1  290s
 21546  8404    0.34872   33  435    0.23871    0.34872  46.1%  90.3  295s
 22336  8846    0.25703   49  444    0.23871    0.34872  46.1%  89.5  300s
 22693  8998     cutoff   47         0.23871    0.34872  46.1%  89.6  305s
 23196  9273    0.32017   46  308    0.23871    0.34872  46.1%  89.7  310s
 23388  9357     cutoff   48         0.23871    0.34872  46.1%  89.6  315s
 23501  9398    0.30678   41  536    0.23871    0.34872  46.1%  89.7  320s
 23957  9562     cutoff   36         0.23871    0.34872  46.1%  90.0  325s
 24637  9785    0.28489   56  305    0.23871    0.34872  46.1%  89.8  330s
 25138  9938    0.34870   40  370    0.23871    0.34872  46.1%  90.1  335s
 25734 10166    0.33608   38  375    0.23871    0.34872  46.1%  89.9  340s
 25997 10264    0.30515   47  433    0.23871    0.34872  46.1%  89.8  345s
 26369 10395     cutoff   51         0.23871    0.34872  46.1%  89.9  350s
 27049 10634    0.34850   44  402    0.23871    0.34872  46.1%  90.0  355s
 27483 10836    0.31094   55  549    0.23871    0.34872  46.1%  90.3  360s
 27728 10903 infeasible   49         0.23871    0.34872  46.1%  90.8  365s
 28031 11012    0.34837   40  346    0.23871    0.34872  46.1%  91.2  370s
 28513 11210    0.32396   48  600    0.23871    0.34872  46.1%  91.6  376s
 28808 11303    0.34186   51  545    0.23871    0.34872  46.1%  91.7  380s
 29288 11467    0.32077   49  638    0.23871    0.34872  46.1%  92.0  385s
 29563 11533    0.27353   50  485    0.23871    0.34872  46.1%  92.5  390s
 30122 11768    0.30540   51  590    0.23871    0.34872  46.1%  92.3  395s
 30885 12133    0.24956   45  390    0.23871    0.34872  46.1%  91.9  400s
 31382 12352    0.24039   59  172    0.23871    0.34872  46.1%  91.9  405s
 31813 12503    0.29327   42  588    0.23871    0.34872  46.1%  92.0  410s
 32283 12707    0.30616   42  356    0.23871    0.34872  46.1%  91.7  415s
 32897 12923     cutoff   50         0.23871    0.34872  46.1%  91.7  420s
 33597 13201     cutoff   49         0.23871    0.34872  46.1%  91.5  425s
 34121 13368    0.32064   41  497    0.23871    0.34872  46.1%  91.4  430s
 34452 13494    0.26066   55  525    0.23871    0.34872  46.1%  91.5  436s
 34693 13567    0.31419   46  378    0.23871    0.34872  46.1%  91.9  440s
 35283 13799    0.23874   61   68    0.23871    0.34872  46.1%  91.6  445s
 35834 14035    0.28461   44  620    0.23871    0.34872  46.1%  91.7  450s
 36326 14217    0.32975   44  225    0.23871    0.34872  46.1%  91.9  455s
 36869 14375    0.33764   40  412    0.23871    0.34872  46.1%  91.9  460s
 37150 14489    0.29144   48  367    0.23871    0.34872  46.1%  92.0  465s
 37601 14639    0.30614   46  252    0.23871    0.34872  46.1%  92.0  470s
 38150 14782    0.33789   44  482    0.23871    0.34872  46.1%  92.1  476s
 38473 14906     cutoff   40         0.23871    0.34872  46.1%  92.2  480s
 39155 15134    0.34367   44  533    0.23871    0.34872  46.1%  92.1  485s
 39617 15321     cutoff   46         0.23871    0.34872  46.1%  92.0  490s
 40091 15454    0.26350   52  461    0.23871    0.34872  46.1%  92.1  495s
 40534 15597    0.33809   37  411    0.23871    0.34872  46.1%  92.2  500s
 40695 15650    0.32552   44  457    0.23871    0.34872  46.1%  92.3  505s
 41194 15804    0.33556   44  718    0.23871    0.34872  46.1%  92.6  511s
 41552 15958     cutoff   46         0.23871    0.34872  46.1%  92.6  515s
 42046 16134    0.34112   42  560    0.23871    0.34872  46.1%  92.6  520s
 42455 16275 infeasible   54         0.23871    0.34872  46.1%  92.7  525s
 43061 16492    0.27692   56  409    0.23871    0.34872  46.1%  92.7  530s
 43224 16574    0.32416   43  516    0.23871    0.34872  46.1%  92.8  535s
 43740 16763    0.31993   52  411    0.23871    0.34872  46.1%  92.9  540s
 44200 16907     cutoff   50         0.23871    0.34872  46.1%  93.2  545s
 44681 17075     cutoff   55         0.23871    0.34872  46.1%  93.2  550s
 45082 17176     cutoff   49         0.23871    0.34872  46.1%  93.5  555s
 45290 17204    0.30514   43  595    0.23871    0.34872  46.1%  93.7  560s
 45732 17354    0.33703   43  439    0.23871    0.34872  46.1%  93.9  565s
 46130 17503    0.32475   47  488    0.23871    0.34872  46.1%  93.9  570s
 46603 17649    0.30192   44  338    0.23871    0.34872  46.1%  94.0  575s
 47093 17859    0.31924   43  762    0.23871    0.34872  46.1%  93.9  580s
 47449 18044    0.33046   56  274    0.23871    0.34872  46.1%  93.8  585s
 47855 18136    0.32990   52  550    0.23871    0.34872  46.1%  94.2  590s
 48336 18250    0.34864   45  605    0.23871    0.34872  46.1%  94.1  595s
 48742 18430    0.31623   47  487    0.23871    0.34872  46.1%  94.1  600s
 49157 18587    0.29837   53  575    0.23871    0.34872  46.1%  94.1  605s
 49481 18705    0.33783   46  321    0.23871    0.34872  46.1%  94.1  610s
 49967 18870    0.33495   52  459    0.23871    0.34872  46.1%  94.0  615s
 50470 18990    0.34834   45  526    0.23871    0.34872  46.1%  94.0  620s
 50958 19153    0.31927   43  311    0.23871    0.34872  46.1%  94.0  625s
 51348 19263 infeasible   53         0.23871    0.34872  46.1%  94.1  630s
 51687 19352    0.34817   45  465    0.23871    0.34872  46.1%  94.1  635s
 52494 19680    0.34437   40  677    0.23871    0.34872  46.1%  93.8  640s
 53006 19857    0.31736   48  457    0.23871    0.34872  46.1%  93.8  645s
 53588 20065    0.32718   48  387    0.23871    0.34872  46.1%  93.5  651s
 53866 20150    0.30984   54  347    0.23871    0.34872  46.1%  93.5  655s
 54566 20413    0.34870   41  593    0.23871    0.34872  46.1%  93.3  660s
 54995 20525    0.24107   50  213    0.23871    0.34872  46.1%  93.4  665s
 55476 20697     cutoff   49         0.23871    0.34872  46.1%  93.4  670s
 56115 20911    0.33593   47  482    0.23871    0.34872  46.1%  93.2  675s
 56660 21111    0.31647   44  766    0.23871    0.34872  46.1%  93.1  681s
 56892 21206     cutoff   50         0.23871    0.34872  46.1%  93.3  685s
 57341 21383    0.34785   42  691    0.23871    0.34872  46.1%  93.5  690s
 57635 21473    0.34871   38  467    0.23871    0.34872  46.1%  93.4  695s
 58091 21600    0.34872   47  641    0.23871    0.34872  46.1%  93.4  700s
 58682 21833    0.33625   45  526    0.23871    0.34872  46.1%  93.2  705s
 58999 21913    0.33545   43  412    0.23871    0.34872  46.1%  93.2  710s
 59608 22099    0.27232   46  362    0.23871    0.34872  46.1%  93.2  715s
 59868 22180    0.33538   46  317    0.23871    0.34872  46.1%  93.2  720s
 60503 22380     cutoff   61         0.23871    0.34872  46.1%  93.1  725s
 61124 22565    0.33785   41  331    0.23871    0.34872  46.1%  92.8  730s
 61459 22678    0.31124   44  510    0.23871    0.34872  46.1%  92.8  735s
 62121 22897    0.34840   40  421    0.23871    0.34872  46.1%  92.6  740s
 62548 23005    0.23941   47  402    0.23871    0.34872  46.1%  92.7  745s
 63043 23150    0.33020   43  294    0.23871    0.34872  46.1%  92.7  750s
 63298 23203    0.34872   39  441    0.23871    0.34872  46.1%  92.7  755s
 63908 23374 infeasible   55         0.23871    0.34872  46.1%  92.7  760s
 64176 23436     cutoff   50         0.23871    0.34872  46.1%  92.7  765s
 64459 23492    0.30560   47  502    0.23871    0.34872  46.1%  92.9  770s
 64849 23612     cutoff   57         0.23871    0.34872  46.1%  93.0  775s
 64951 23655    0.31865   48  539    0.23871    0.34872  46.1%  93.0  780s
 65469 23825     cutoff   58         0.23871    0.34872  46.1%  92.9  785s
 65886 23965    0.31958   47  534    0.23871    0.34872  46.1%  93.2  790s
 66350 24132    0.33822   45  606    0.23871    0.34872  46.1%  93.3  795s
 66793 24238    0.34686   37  681    0.23871    0.34871  46.1%  93.4  800s
 67188 24352    0.32509   54  669    0.23871    0.34871  46.1%  93.5  805s
 67483 24476     cutoff   48         0.23871    0.34871  46.1%  93.6  810s
 68114 24649    0.26764   51  589    0.23871    0.34871  46.1%  93.6  815s
 68632 24821    0.31966   46  439    0.23871    0.34871  46.1%  93.8  820s
 68976 24903     cutoff   50         0.23871    0.34871  46.1%  93.8  825s
 69426 25025    0.30261   38  666    0.23871    0.34871  46.1%  93.9  830s
 69728 25106    0.30824   59  351    0.23871    0.34871  46.1%  93.9  835s
 70330 25253    0.34855   45  444    0.23871    0.34871  46.1%  93.9  840s
 70607 25313     cutoff   45         0.23871    0.34871  46.1%  94.0  845s
 71091 25403    0.30817   39  554    0.23871    0.34870  46.1%  94.0  850s
 71338 25468 infeasible   45         0.23871    0.34870  46.1%  94.1  855s
 71861 25619    0.33809   42  308    0.23871    0.34870  46.1%  94.1  860s
 72354 25783     cutoff   59         0.23871    0.34870  46.1%  93.9  865s
 73154 26057     cutoff   45         0.23871    0.34870  46.1%  93.6  870s
 73694 26251    0.34596   44  394    0.23871    0.34870  46.1%  93.3  875s
 74317 26416    0.34870   39  469    0.23871    0.34870  46.1%  93.2  880s
 74659 26490    0.26215   47  516    0.23871    0.34870  46.1%  93.2  885s
 75107 26545 infeasible   50         0.23871    0.34870  46.1%  93.2  890s
 75769 26687 infeasible   56         0.23871    0.34870  46.1%  93.2  895s
 76232 26784     cutoff   55         0.23871    0.34870  46.1%  93.2  900s
 76572 26816     cutoff   47         0.23871    0.34870  46.1%  93.3  905s
 77049 26922    0.33797   45  431    0.23871    0.34870  46.1%  93.4  910s
 77182 26957    0.32664   42  367    0.23871    0.34870  46.1%  93.4  915s
 77569 27039    0.31370   40  437    0.23871    0.34870  46.1%  93.5  920s
 78121 27197     cutoff   52         0.23871    0.34870  46.1%  93.7  925s
 78373 27238    0.33593   44  475    0.23871    0.34870  46.1%  93.8  930s
 78943 27390     cutoff   55         0.23871    0.34870  46.1%  93.8  935s
 79600 27522    0.34870   42  406    0.23871    0.34870  46.1%  93.7  940s
 80204 27629     cutoff   49         0.23871    0.34870  46.1%  93.6  945s
 80464 27698    0.28395   46  482    0.23871    0.34870  46.1%  93.5  950s
 80905 27763 infeasible   45         0.23871    0.34870  46.1%  93.5  955s
 81660 27978    0.30549   48  293    0.23871    0.34870  46.1%  93.3  960s
 82269 28119     cutoff   44         0.23871    0.34870  46.1%  93.3  965s
 82823 28265     cutoff   46         0.23871    0.34870  46.1%  93.2  970s
 83161 28377    0.24939   48  435    0.23871    0.34870  46.1%  93.4  975s
 83650 28544     cutoff   47         0.23871    0.34870  46.1%  93.4  980s
 84210 28807    0.32093   48  444    0.23871    0.34870  46.1%  93.4  985s
 84812 29057    0.34868   40  793    0.23871    0.34870  46.1%  93.2  990s
 85335 29177     cutoff   48         0.23871    0.34870  46.1%  93.2  995s
H85491 29245                       0.2387075    0.34870  46.1%  93.2  997s
H85599 29263                       0.2387075    0.34870  46.1%  93.2  999s
 85677 29286    0.27558   57  427    0.23871    0.34870  46.1%  93.2 1000s
H85700 29285                       0.2387076    0.34870  46.1%  93.2 1000s
 86235 29459     cutoff   57         0.23871    0.34870  46.1%  93.2 1005s
 86700 29640    0.32233   53  501    0.23871    0.34870  46.1%  93.1 1010s
H86719 29637                       0.2387077    0.34870  46.1%  93.1 1011s
H86920 29692                       0.2387077    0.34870  46.1%  93.1 1014s
 86987 29713    0.26037   63  303    0.23871    0.34870  46.1%  93.1 1015s
 87391 29829    0.34870   41  373    0.23871    0.34870  46.1%  93.2 1020s
 87774 29983    0.27318   50  541    0.23871    0.34870  46.1%  93.2 1025s
H88016 30039                       0.2387077    0.34870  46.1%  93.2 1029s
 88035 30058    0.26570   50  450    0.23871    0.34870  46.1%  93.2 1030s
 88580 30208    0.25155   47  407    0.23871    0.34870  46.1%  93.2 1035s
 88905 30352    0.30571   48  382    0.23871    0.34870  46.1%  93.2 1040s
 89356 30487    0.32566   45  482    0.23871    0.34870  46.1%  93.2 1045s
 90016 30709    0.30668   50  698    0.23871    0.34870  46.1%  93.1 1050s
 90250 30766     cutoff   54         0.23871    0.34870  46.1%  93.1 1055s
 90830 30925    0.28650   52  543    0.23871    0.34870  46.1%  93.2 1060s
 91287 31019    0.34778   46  744    0.23871    0.34870  46.1%  93.2 1065s
 91730 31171    0.27389   49  579    0.23871    0.34870  46.1%  93.1 1070s
 92349 31356    0.33665   45  635    0.23871    0.34870  46.1%  93.0 1075s
 92706 31469     cutoff   44         0.23871    0.34870  46.1%  93.0 1080s
 93285 31670     cutoff   52         0.23871    0.34870  46.1%  93.0 1085s
 93651 31739    0.27700   49  639    0.23871    0.34870  46.1%  93.0 1090s
 94256 31910     cutoff   49         0.23871    0.34870  46.1%  93.1 1095s
 94441 31952    0.34870   42  394    0.23871    0.34870  46.1%  93.1 1100s
 95006 32124    0.25782   55  325    0.23871    0.34870  46.1%  93.1 1105s
 95495 32254    0.34592   51  621    0.23871    0.34870  46.1%  93.0 1110s
 96072 32430    0.33268   45  496    0.23871    0.34870  46.1%  93.1 1115s
 96451 32557    0.34773   44  567    0.23871    0.34870  46.1%  93.1 1120s
 96803 32642     cutoff   53         0.23871    0.34870  46.1%  93.2 1125s
H97148 32745                       0.2387078    0.34869  46.1%  93.2 1129s
 97216 32754    0.26260   45  491    0.23871    0.34869  46.1%  93.2 1130s
H97502 32824                       0.2387080    0.34869  46.1%  93.2 1132s
 97794 32879    0.30606   49  395    0.23871    0.34869  46.1%  93.2 1135s
 98125 32942    0.33592   44  432    0.23871    0.34869  46.1%  93.2 1140s
 98503 33020    0.32548   53  476    0.23871    0.34869  46.1%  93.2 1145s
 98853 33117    0.30134   43  572    0.23871    0.34869  46.1%  93.2 1150s
 99191 33204    0.29827   50  518    0.23871    0.34869  46.1%  93.2 1156s
H99355 33220                       0.2387083    0.34869  46.1%  93.3 1158s
 99429 33242    0.33117   47  736    0.23871    0.34869  46.1%  93.3 1160s
 99944 33372     cutoff   52         0.23871    0.34869  46.1%  93.3 1165s
 100424 33504    0.30458   50  165    0.23871    0.34868  46.1%  93.3 1170s
 100968 33639    0.33765   52  442    0.23871    0.34868  46.1%  93.2 1175s
 101208 33701    0.30370   47  520    0.23871    0.34868  46.1%  93.3 1180s
 101699 33840     cutoff   47         0.23871    0.34868  46.1%  93.3 1185s
 102014 33915    0.31886   49  571    0.23871    0.34867  46.1%  93.4 1190s
 102435 34032    0.32013   51  627    0.23871    0.34867  46.1%  93.4 1195s

Cutting planes:
  Lift-and-project: 24
  Implied bound: 4
  MIR: 10
  Flow cover: 63
  Inf proof: 25
  Zero half: 22

Explored 102923 nodes (9621421 simplex iterations) in 1200.00 seconds (2072.78 work units)
Thread count was 1 (of 64 available processors)

Solution count 10: 0.238708 0.238708 0.238708 ... 0.149518

Time limit reached
Best objective 2.387083197880e-01, best bound 3.486651695478e-01, gap 46.0633%
Tree policy:
if X <= 1.0:
    if Y <= 7.0:
        if Y <= 6.0:
            return '(Left)'
        else:
            return '(Down)'
    else:
        if X <= 0.0:
            return '(Up)'
        else:
            return '(Right)'
else:
    if Y <= 10.0:
        return '(Down)'
    else:
        if X <= 6.0:
            return '(Right)'
        else:
            return '(Left)'
Optimal decision tree (depth=3) value: 0.23870831978803053
Writing result files...
