Solving...
Starting with fixed depth 4
Set parameter Username
Academic license - for non-commercial use only - expires 2025-09-20
Set parameter Threads to value 1
Set parameter TimeLimit to value 1200
Gurobi Optimizer version 10.0.0 build v10.0.0rc2 (linux64)

CPU model: AMD EPYC 9124 16-Core Processor, instruction set [SSE2|AVX|AVX2|AVX512]
Thread count: 32 physical cores, 64 logical processors, using up to 1 threads

Optimize a model with 14719 rows, 4040 columns and 100196 nonzeros
Model fingerprint: 0xf1b2361a
Variable types: 720 continuous, 3320 integer (3320 binary)
Coefficient statistics:
  Matrix range     [1e-02, 1e+02]
  Objective range  [2e-01, 3e-01]
  Bounds range     [1e+00, 1e+02]
  RHS range        [1e+00, 4e+00]
Presolve removed 120 rows and 75 columns
Presolve time: 0.17s
Presolved: 14599 rows, 3965 columns, 98466 nonzeros
Variable types: 720 continuous, 3245 integer (3245 binary)

Root relaxation: objective 3.487237e-01, 2368 iterations, 0.15 seconds (0.53 work units)

    Nodes    |    Current Node    |     Objective Bounds      |     Work
 Expl Unexpl |  Obj  Depth IntInf | Incumbent    BestBd   Gap | It/Node Time

     0     0    0.34872    0  331          -    0.34872      -     -    0s
     0     0    0.34872    0  445          -    0.34872      -     -    0s
     0     0    0.34872    0  435          -    0.34872      -     -    1s
     0     0    0.34872    0  435          -    0.34872      -     -    1s
     0     0    0.34872    0  296          -    0.34872      -     -    1s
H    0     0                       0.0001122    0.34872      -     -    1s
     0     0    0.34872    0  318    0.00011    0.34872      -     -    1s
     0     0    0.34872    0  247    0.00011    0.34872      -     -    2s
H    0     0                       0.0037953    0.34872  9088%     -    2s
     0     0    0.34872    0  244    0.00380    0.34872  9088%     -    2s
     0     0    0.34872    0  336    0.00380    0.34872  9088%     -    2s
     0     0    0.34872    0  334    0.00380    0.34872  9088%     -    2s
     0     0    0.34872    0  231    0.00380    0.34872  9088%     -    3s
     0     0    0.34872    0  232    0.00380    0.34872  9088%     -    3s
     0     0    0.34872    0  255    0.00380    0.34872  9088%     -    4s
     0     0    0.34872    0  249    0.00380    0.34872  9088%     -    4s
     0     0    0.34872    0  235    0.00380    0.34872  9088%     -    4s
     0     0    0.34872    0  204    0.00380    0.34872  9088%     -    4s
     0     2    0.34872    0  204    0.00380    0.34872  9088%     -    5s
H   52    46                       0.0037953    0.34872  9088%   137    6s
H   81    63                       0.0062816    0.34872  5452%   125    7s
*   82    64              49       0.0062821    0.34872  5451%   124    7s
*   98    69              61       0.0063693    0.34872  5375%   105    7s
*  100    65              62       0.0067096    0.34872  5097%   103    7s
H  234   175                       0.0107568    0.34872  3142%  81.4    9s
   278   203    0.34586   18  731    0.01076    0.34872  3142%  73.7   10s
*  458   314             108       0.0230731    0.34872  1411%  66.4   12s
H  460   312                       0.0245241    0.34872  1322%  66.1   12s
H  498   341                       0.0246618    0.34872  1314%  65.9   13s
   514   357    0.31456   25  338    0.02466    0.34872  1314%  64.5   15s
H  523   344                       0.0275496    0.34872  1166%  63.4   20s
H  525   328                       0.0342356    0.34872   919%  63.1   21s
   534   334    0.31762   28  196    0.03424    0.34872   919%  62.1   25s
   610   373    0.34872   24  337    0.03424    0.34872   919%   129   30s
H  612   355                       0.0398931    0.34872   774%   129   30s
H  638   356                       0.0419075    0.34872   732%   133   31s
H  664   358                       0.0534502    0.34872   552%   134   32s
   707   363    0.34872   18  925    0.05345    0.34872   552%   130   35s
H  716   352                       0.0539350    0.34872   547%   128   35s
H  768   366                       0.0585614    0.34872   495%   123   37s
   847   391    0.34676   45  415    0.05856    0.34872   495%   116   40s
H  924   407                       0.0585795    0.34872   495%   114   42s
H  976   388                       0.1090753    0.34872   220%   112   44s
H 1002   387                       0.1132307    0.34872   208%   110   45s
H 1028   380                       0.1250429    0.34872   179%   108   45s
H 1106   400                       0.1261805    0.34872   176%   104   47s
H 1158   429                       0.1276594    0.34872   173%   102   49s
  1238   498    0.21409   91  380    0.12766    0.34872   173%  97.1   50s
H 1353   528                       0.1501315    0.34872   132%  94.6   51s
H 1442   585                       0.1523174    0.34872   129%  92.0   53s
  1485   618    0.34614   53  555    0.15232    0.34872   129%  90.1   55s
  1670   741    0.34872   34  233    0.15232    0.34872   129%  85.5   60s
H 1729   788                       0.1523174    0.34872   129%  84.4   61s
H 1739   790                       0.1675835    0.34872   108%  84.2   62s
H 1756   806                       0.1793365    0.34872  94.5%  84.3   63s
H 1783   801                       0.2231779    0.34872  56.3%  83.9   64s
  1843   851    0.27542   72  539    0.22318    0.34872  56.3%  81.9   65s
H 1891   879                       0.2231780    0.34872  56.3%  82.3   66s
H 1918   904                       0.2231780    0.34872  56.3%  81.4   67s
H 1972   957                       0.2251747    0.34872  54.9%  79.5   68s
  1999   978    0.32747   39  609    0.22517    0.34872  54.9%  79.6   70s
H 2163  1081                       0.2268686    0.34872  53.7%  77.7   72s
H 2277  1141                       0.2406694    0.34872  44.9%  77.5   74s
  2290  1146    0.34140   30  515    0.24067    0.34872  44.9%  77.2   75s
H 2795  1366                       0.2541178    0.34872  37.2%  68.3   79s
H 2796  1342                       0.2617852    0.34872  33.2%  68.3   79s
  2808  1356    0.34872   38  543    0.26179    0.34872  33.2%  69.5   80s
H 2826  1323                       0.2687645    0.34872  29.8%  69.3   80s
  3274  1621    0.31887   26  360    0.26876    0.34872  29.8%  68.2   85s
  3835  1948    0.34872   31  745    0.26876    0.34872  29.8%  64.6   90s
H 3876  1971                       0.2687645    0.34872  29.8%  65.8   91s
  4082  2111    0.34839   40  695    0.26876    0.34872  29.8%  66.1   95s
H 4158  2158                       0.2687645    0.34872  29.8%  66.0   97s
  4479  2358    0.29784   65  507    0.26876    0.34872  29.8%  66.7  100s
  4877  2549    0.31520   46 1050    0.26876    0.34872  29.8%  68.0  105s
  5102  2681    0.31317   51  204    0.26876    0.34872  29.8%  68.4  110s
H 5103  2547                       0.2687648    0.34872  29.8%  68.4  111s
H 5108  2423                       0.2687648    0.34872  29.8%  68.3  114s
  5111  2425    0.34570   33  225    0.26876    0.34872  29.8%  68.3  115s
  5118  2430    0.27839   46  225    0.26876    0.34872  29.8%  68.2  120s
  5123  2433    0.28020   58  201    0.26876    0.34872  29.8%  68.1  125s
  5179  2460    0.34872   31  417    0.26876    0.34872  29.8%  79.8  130s
  5285  2505    0.32404   45  582    0.26876    0.34872  29.8%  80.6  135s
  5458  2580    0.30567   92  712    0.26876    0.34872  29.8%  80.6  140s
  5607  2636    0.34613   38  175    0.26876    0.34872  29.8%  80.0  145s
  5752  2696    0.29379   68  398    0.26876    0.34872  29.8%  79.2  150s
  5965  2783    0.34872   45  161    0.26876    0.34872  29.8%  78.5  155s
H 6169  2732                       0.2687648    0.34872  29.8%  77.5  159s
  6173  2737    0.31863   50  619    0.26876    0.34872  29.8%  77.6  160s
H 6187  2615                       0.2687650    0.34872  29.8%  77.5  160s
  6295  2661    0.30751   68  598    0.26876    0.34872  29.8%  77.4  165s
H 6377  2574                       0.2687650    0.34872  29.8%  77.2  167s
H 6461  2491                       0.2687650    0.34872  29.8%  77.3  168s
  6515  2502    0.27549   49  472    0.26877    0.34872  29.8%  77.4  170s
  6652  2518    0.31837   61  406    0.26877    0.34872  29.8%  78.1  175s
  6787  2579    0.29252   92  226    0.26877    0.34872  29.8%  77.6  180s
  6926  2604    0.31486   56  323    0.26877    0.34872  29.8%  77.7  185s
  7153  2690    0.30047   81  404    0.26877    0.34872  29.8%  77.5  190s
  7397  2767    0.30472   65  377    0.26877    0.34872  29.8%  77.3  195s
H 7421  2664                       0.2688403    0.34872  29.7%  77.4  196s
  7673  2752    0.34691   39  344    0.26884    0.34872  29.7%  77.9  200s
  8261  2781    0.27263   62  197    0.26884    0.34872  29.7%  77.6  205s
H 8270  2681                       0.2688404    0.34872  29.7%  77.6  205s
  8622  2735    0.34872   36  216    0.26884    0.34872  29.7%  77.2  210s
H 8747  2700                       0.2688465    0.34872  29.7%  77.2  212s
  8953  2763    0.34872   45  206    0.26885    0.34872  29.7%  77.1  215s
  9311  2867    0.30366   92  421    0.26885    0.34872  29.7%  76.6  220s
  9568  2946    0.34141   53  481    0.26885    0.34872  29.7%  76.4  225s
H 9747  2925                       0.2688465    0.34872  29.7%  75.6  226s
H 9874  2928                       0.2688466    0.34872  29.7%  75.4  228s
  9973  3003    0.34872   54  602    0.26885    0.34872  29.7%  75.3  230s
 10170  3138    0.28988   79  642    0.26885    0.34872  29.7%  75.8  236s
 10269  3192    0.32623   60  437    0.26885    0.34872  29.7%  76.4  240s
H10650  3448                       0.2688466    0.34872  29.7%  76.1  245s
H10913  3597                       0.2688475    0.34872  29.7%  75.9  249s
 10978  3633    0.34264   55  756    0.26885    0.34872  29.7%  75.8  250s
 11329  3877    0.31885   59  415    0.26885    0.34872  29.7%  75.3  255s
 11906  4238    0.32497   69  463    0.26885    0.34872  29.7%  74.1  260s
 12175  4411    0.34811   55 1111    0.26885    0.34872  29.7%  73.8  265s
 12717  4796    0.34628   51  267    0.26885    0.34872  29.7%  73.0  270s
 13061  5002    0.31525   57  475    0.26885    0.34872  29.7%  73.0  275s
H13062  5001                       0.2688605    0.34872  29.7%  73.0  276s
 13249  5116    0.27237   51  390    0.26886    0.34872  29.7%  73.1  280s
 13767  5367     cutoff   64         0.26886    0.34872  29.7%  73.0  285s
 14062  5524    0.32336   55  581    0.26886    0.34872  29.7%  73.2  291s
 14331  5680    0.34872   41  187    0.26886    0.34872  29.7%  73.0  295s
 14618  5834    0.34872   35  189    0.26886    0.34872  29.7%  73.2  300s
H14678  5883                       0.2688607    0.34872  29.7%  73.2  301s
 14938  6012    0.30488   58  442    0.26886    0.34872  29.7%  73.2  305s
 15303  6237     cutoff   75         0.26886    0.34872  29.7%  72.9  335s
 15678  6409    0.32881   66  573    0.26886    0.34872  29.7%  72.6  340s
H15871  6475                       0.2688658    0.34872  29.7%  72.4  342s
 16075  6541    0.28450   72  544    0.26887    0.34872  29.7%  72.4  345s
 16699  6806    0.30186   67  400    0.26887    0.34872  29.7%  71.2  350s
 17292  7029    0.33504   74  383    0.26887    0.34872  29.7%  70.3  355s
 17679  7256    0.31461   88  767    0.26887    0.34872  29.7%  70.0  360s
 17978  7364    0.30988   76  556    0.26887    0.34872  29.7%  69.8  365s
 18527  7640    0.27972   77  598    0.26887    0.34872  29.7%  69.5  370s
H18586  7665                       0.2688700    0.34872  29.7%  69.4  370s
 19102  7881     cutoff   67         0.26887    0.34872  29.7%  68.8  375s
 19624  8216    0.34872   45  252    0.26887    0.34872  29.7%  67.8  380s
 20065  8474    0.28664   83  389    0.26887    0.34872  29.7%  67.7  386s
 20383  8608     cutoff   69         0.26887    0.34872  29.7%  67.7  390s
 20857  8821    0.31930   53  571    0.26887    0.34872  29.7%  67.7  396s
 21247  9051    0.27618   80  232    0.26887    0.34872  29.7%  67.7  400s
 21546  9199    0.29701   80  494    0.26887    0.34872  29.7%  67.7  405s
 21877  9397    0.34872   48  488    0.26887    0.34872  29.7%  67.6  410s
 22474  9717    0.34583   51  506    0.26887    0.34872  29.7%  67.2  415s
 22901  9957    0.31484   52  416    0.26887    0.34872  29.7%  67.4  420s
 23350 10156    0.34872   31 1035    0.26887    0.34872  29.7%  67.3  425s
 23736 10390    0.30295   64  353    0.26887    0.34872  29.7%  67.6  430s
 24100 10585    0.34872   48  414    0.26887    0.34872  29.7%  67.5  435s
 24643 10846    0.31478   56  351    0.26887    0.34872  29.7%  67.4  440s
 25314 11203    0.34872   35  353    0.26887    0.34872  29.7%  67.4  445s
 25636 11389    0.31986   66  373    0.26887    0.34872  29.7%  67.3  450s
 26205 11669    0.27004   60  502    0.26887    0.34872  29.7%  67.4  455s
 26925 12050    0.30549   69  607    0.26887    0.34872  29.7%  66.9  460s
 27431 12343    0.29494   55  338    0.26887    0.34872  29.7%  66.6  465s
 28248 12654    0.29438   51  503    0.26887    0.34872  29.7%  66.0  470s
 28811 12921    0.32618   49  676    0.26887    0.34872  29.7%  65.7  475s
 29285 13151    0.28825   58  468    0.26887    0.34872  29.7%  65.5  480s
 29945 13474    0.30070   59  470    0.26887    0.34872  29.7%  65.3  485s
 30170 13636    0.29835   53  581    0.26887    0.34872  29.7%  65.3  490s
 30658 13926     cutoff   52         0.26887    0.34872  29.7%  65.2  495s
 30946 14093    0.34411   48  460    0.26887    0.34872  29.7%  65.5  500s
 31133 14163    0.33741   48  516    0.26887    0.34872  29.7%  65.6  505s
 31373 14249    0.32741   48  692    0.26887    0.34872  29.7%  65.5  510s
 31916 14442    0.32383   48  585    0.26887    0.34872  29.7%  65.4  515s
 32286 14585    0.33661   52  430    0.26887    0.34872  29.7%  65.4  520s
 32843 14711 infeasible   60         0.26887    0.34872  29.7%  65.3  525s
 33096 14809    0.33694   45  415    0.26887    0.34872  29.7%  65.4  530s
 33380 14910    0.31493   49  599    0.26887    0.34872  29.7%  65.6  535s
 33774 15047    0.33693   52  681    0.26887    0.34872  29.7%  65.6  540s
 34518 15326     cutoff   61         0.26887    0.34872  29.7%  65.3  545s
 34830 15386    0.29382   50  665    0.26887    0.34872  29.7%  65.5  550s
 35243 15484    0.34872   42  289    0.26887    0.34872  29.7%  65.6  555s
H35296 15517                       0.2688728    0.34872  29.7%  65.7  556s
 35395 15576    0.33797   55  557    0.26887    0.34872  29.7%  65.8  560s
 35983 15776    0.32742   47  355    0.26887    0.34872  29.7%  65.9  565s
 36297 15906    0.29173   71  266    0.26887    0.34872  29.7%  65.9  570s
 36769 16036    0.33693   56  470    0.26887    0.34872  29.7%  65.9  575s
 37169 16151    0.30302   57  234    0.26887    0.34872  29.7%  66.0  580s
 37535 16262    0.30745   50  467    0.26887    0.34872  29.7%  66.1  585s
 37910 16388    0.32959   52  572    0.26887    0.34872  29.7%  66.1  590s
 38226 16493    0.27193   50  522    0.26887    0.34872  29.7%  66.5  595s
 38600 16670    0.34668   61  428    0.26887    0.34872  29.7%  66.5  600s
 38921 16857 infeasible   71         0.26887    0.34872  29.7%  66.8  605s
 39374 17065    0.31471   57  229    0.26887    0.34872  29.7%  66.8  610s
 39735 17232    0.31491   60  429    0.26887    0.34872  29.7%  67.1  615s
 40079 17383    0.33211   49  623    0.26887    0.34872  29.7%  67.2  620s
 40492 17633    0.34872   35  305    0.26887    0.34872  29.7%  67.1  625s
 40977 17869    0.27556   70  355    0.26887    0.34872  29.7%  67.1  630s
 41355 18029    0.29072   49  469    0.26887    0.34872  29.7%  67.3  635s
 41744 18170     cutoff   66         0.26887    0.34872  29.7%  67.3  640s
 42189 18327    0.34628   51  616    0.26887    0.34872  29.7%  67.5  645s
 42502 18417    0.29244   67  600    0.26887    0.34872  29.7%  67.7  650s
 42795 18565     cutoff   55         0.26887    0.34872  29.7%  67.6  655s
 43321 18793    0.31523   57  669    0.26887    0.34872  29.7%  67.5  660s
 43741 19000    0.31884   58  502    0.26887    0.34872  29.7%  67.5  666s
 44069 19101    0.34872   55  214    0.26887    0.34872  29.7%  67.4  670s
 44467 19263    0.34872   55  308    0.26887    0.34872  29.7%  67.4  675s
 44971 19516    0.27623   85  403    0.26887    0.34872  29.7%  67.1  680s
 45395 19768    0.33080   48  599    0.26887    0.34872  29.7%  67.0  685s
 45681 19946    0.30490   58  302    0.26887    0.34872  29.7%  67.2  690s
 45922 20088    0.29653   75  513    0.26887    0.34872  29.7%  67.1  695s
H46382 19697                       0.2757559    0.34872  26.5%  67.1  699s
 46385 19700    0.30349   77  279    0.27576    0.34872  26.5%  67.1  700s
H46468 19732                       0.2757560    0.34872  26.5%  67.1  701s
 46732 19889    0.30614   62  503    0.27576    0.34872  26.5%  67.2  706s
 47129 20073    0.31807   46  737    0.27576    0.34872  26.5%  67.2  710s
 47695 20346    0.30035   66  538    0.27576    0.34872  26.5%  67.1  715s
 48170 20591    0.34872   49  238    0.27576    0.34872  26.5%  67.0  720s
 48799 20874    0.30501   56  313    0.27576    0.34872  26.5%  66.9  725s
 49427 21128    0.34872   51  715    0.27576    0.34872  26.5%  66.8  730s
 49928 21312    0.32840   47  512    0.27576    0.34872  26.5%  66.8  735s
 50743 21718    0.29468   71  118    0.27576    0.34872  26.5%  66.6  740s
H50778 21729                       0.2757568    0.34872  26.5%  66.6  741s
 51318 21951    0.30030   66  580    0.27576    0.34872  26.5%  66.5  745s
 51793 22122    0.29469   77  381    0.27576    0.34872  26.5%  66.4  750s
 52634 22569    0.29498   57  372    0.27576    0.34872  26.5%  66.1  755s
 53595 23024    0.31472   72  322    0.27576    0.34872  26.5%  65.9  760s
 54274 23322    0.30519   65  326    0.27576    0.34872  26.5%  65.8  765s
 55305 23782    0.33383   71  491    0.27576    0.34872  26.5%  65.5  770s
 56111 24143    0.29396   84  231    0.27576    0.34872  26.5%  65.2  775s
 56920 24554    0.29691   80  286    0.27576    0.34872  26.5%  65.0  780s
 57650 24913    0.31483   83  531    0.27576    0.34872  26.5%  64.8  785s
 58264 25190    0.28904   93  420    0.27576    0.34872  26.5%  64.5  790s
 59125 25507    0.29524   79  370    0.27576    0.34872  26.5%  64.4  795s
 59906 25813     cutoff   67         0.27576    0.34872  26.5%  64.3  800s
H59999 25838                       0.2757655    0.34872  26.5%  64.3  800s
 60407 26021    0.30286   56  248    0.27577    0.34872  26.5%  64.4  805s
 60851 26173 infeasible   59         0.27577    0.34872  26.5%  64.5  810s
 61259 26349    0.30884   57  541    0.27577    0.34872  26.5%  64.7  815s
 61690 26536    0.28049   74  493    0.27577    0.34872  26.5%  64.8  820s
 61958 26691    0.34872   49  256    0.27577    0.34872  26.5%  64.9  825s
 62371 26920    0.34505   59  571    0.27577    0.34872  26.5%  65.0  830s
 62686 27063    0.30557   66  538    0.27577    0.34872  26.5%  65.1  835s
 63091 27304    0.31675   64  652    0.27577    0.34872  26.5%  65.1  840s
 63467 27467    0.31003   66  406    0.27577    0.34872  26.5%  65.2  845s
 64040 27773    0.34832   63  792    0.27577    0.34872  26.5%  65.3  850s
 64461 28026    0.34869   61  662    0.27577    0.34872  26.5%  65.3  855s
 64827 28211    0.34872   60  344    0.27577    0.34872  26.5%  65.4  860s
 65213 28396    0.29364   78  577    0.27577    0.34872  26.5%  65.4  865s
 65648 28577    0.34865   60  473    0.27577    0.34872  26.5%  65.4  870s
 66113 28778    0.30864   72  565    0.27577    0.34872  26.5%  65.4  875s
 66528 28935 infeasible   66         0.27577    0.34872  26.5%  65.5  880s
 66952 29162    0.34872   65  717    0.27577    0.34872  26.5%  65.5  885s
 67597 29516    0.34610   68  432    0.27577    0.34872  26.5%  65.4  890s
 68068 29773    0.29001   74  699    0.27577    0.34872  26.5%  65.5  895s
 68433 29939     cutoff   64         0.27577    0.34872  26.5%  65.6  900s
 68927 30149     cutoff   69         0.27577    0.34872  26.5%  65.7  905s
 69172 30210    0.30248   67  418    0.27577    0.34872  26.5%  65.8  910s
 69580 30305    0.34872   68  271    0.27577    0.34872  26.5%  66.0  915s
 69784 30362    0.34866   63  840    0.27577    0.34872  26.5%  66.1  920s
 70206 30524     cutoff   66         0.27577    0.34872  26.5%  66.2  925s
 70557 30626    0.31930   60  518    0.27577    0.34872  26.5%  66.2  930s
 71013 30829    0.33764   60  297    0.27577    0.34872  26.5%  66.3  935s
 71435 30989    0.31111   67  698    0.27577    0.34872  26.5%  66.3  940s
 71945 31177    0.34855   63  595    0.27577    0.34872  26.5%  66.2  945s
 72309 31328    0.34803   62  704    0.27577    0.34872  26.5%  66.3  950s
 72463 31378    0.34782   60  664    0.27577    0.34872  26.5%  66.4  955s
 72820 31511    0.34868   61  782    0.27577    0.34872  26.5%  66.4  960s
 73368 31727     cutoff   64         0.27577    0.34872  26.5%  66.4  965s
 73883 31914    0.27730   72  422    0.27577    0.34872  26.5%  66.4  970s
 74148 31970    0.34803   61  707    0.27577    0.34872  26.5%  66.5  975s
 74529 32132    0.34045   64  304    0.27577    0.34872  26.5%  66.5  980s
 74928 32341    0.34627   65  812    0.27577    0.34872  26.5%  66.7  985s
 75166 32447    0.28296   65  546    0.27577    0.34872  26.5%  66.8  991s
 75408 32521     cutoff   76         0.27577    0.34872  26.5%  66.9  995s
 75815 32691    0.33224   64  700    0.27577    0.34872  26.5%  67.0 1000s
 76279 32936    0.34869   56  637    0.27577    0.34872  26.5%  67.1 1005s
 76611 33059    0.33679   61  488    0.27577    0.34872  26.5%  67.2 1010s
 77084 33269    0.30362   65  343    0.27577    0.34872  26.5%  67.2 1015s
 77252 33332    0.34621   54  841    0.27577    0.34872  26.5%  67.3 1020s
 77636 33498    0.34829   42  840    0.27577    0.34872  26.5%  67.4 1025s
 77919 33619    0.33170   57  602    0.27577    0.34872  26.5%  67.4 1030s
 78347 33825     cutoff   61         0.27577    0.34872  26.5%  67.5 1035s
 78722 34024    0.31606   54  598    0.27577    0.34872  26.5%  67.5 1040s
 79302 34319    0.34864   49  920    0.27577    0.34872  26.5%  67.4 1045s
 79763 34559    0.29417   67  380    0.27577    0.34872  26.5%  67.4 1050s
 80245 34816    0.34337   43  257    0.27577    0.34872  26.5%  67.4 1055s
 80689 35037    0.30592   61  556    0.27577    0.34872  26.5%  67.4 1060s
 80966 35154 infeasible   54         0.27577    0.34872  26.5%  67.4 1065s
 81510 35409    0.29302   67  311    0.27577    0.34872  26.5%  67.4 1070s
 82100 35678    0.28308   71  535    0.27577    0.34872  26.5%  67.4 1075s
 82403 35851    0.30555   60  407    0.27577    0.34872  26.5%  67.4 1080s
 82985 36090     cutoff   57         0.27577    0.34872  26.5%  67.4 1085s
 83361 36267    0.28409   47  728    0.27577    0.34872  26.5%  67.5 1090s
 83787 36469    0.34872   45  194    0.27577    0.34872  26.5%  67.5 1096s
 84082 36635    0.34872   45  259    0.27577    0.34872  26.5%  67.5 1100s
 84529 36881    0.34603   58  633    0.27577    0.34872  26.5%  67.5 1105s
 84846 36973    0.30481   58  465    0.27577    0.34872  26.5%  67.6 1110s
 85432 37159    0.31251   60  470    0.27577    0.34872  26.5%  67.6 1116s
 85804 37346    0.28028   56  488    0.27577    0.34872  26.5%  67.6 1120s
 86305 37592    0.32438   58  265    0.27577    0.34872  26.5%  67.6 1125s
 86810 37842     cutoff   57         0.27577    0.34872  26.5%  67.6 1130s
 87168 38029    0.30987   56  643    0.27577    0.34872  26.5%  67.6 1135s
 87834 38322     cutoff   66         0.27577    0.34872  26.5%  67.6 1140s
 88133 38461    0.28231   74  535    0.27577    0.34872  26.5%  67.6 1145s
 88772 38763    0.34872   48  570    0.27577    0.34872  26.5%  67.5 1150s
 89197 38958    0.30800   58  198    0.27577    0.34872  26.5%  67.5 1155s
 89494 39071    0.32874   54  810    0.27577    0.34872  26.5%  67.6 1160s
 89859 39176    0.34872   55  287    0.27577    0.34872  26.5%  67.7 1165s
 90404 39381    0.27952   74  290    0.27577    0.34872  26.5%  67.7 1170s
 90969 39549    0.31194   61  530    0.27577    0.34872  26.5%  67.7 1175s
 91222 39602    0.30738   67  422    0.27577    0.34872  26.5%  67.9 1180s
 91573 39647    0.34872   55  363    0.27577    0.34872  26.5%  68.0 1185s
 92000 39784    0.34871   57  540    0.27577    0.34872  26.5%  68.1 1190s
 92340 39909    0.34176   50  746    0.27577    0.34872  26.5%  68.1 1195s
 92868 40135    0.28704   57  288    0.27577    0.34872  26.5%  68.1 1200s

Cutting planes:
  Lift-and-project: 15
  Implied bound: 4
  MIR: 80
  Flow cover: 47
  Zero half: 18

Explored 92869 nodes (6347519 simplex iterations) in 1200.00 seconds (1998.64 work units)
Thread count was 1 (of 64 available processors)

Solution count 10: 0.275766 0.275757 0.275756 ... 0.268848

Time limit reached
Best objective 2.757655232652e-01, best bound 3.487237168375e-01, gap 26.4566%
Tree policy:
if Y <= 7.0:
    if X <= 2.0:
        if Y <= 6.0:
            if X <= 1.0:
                return '(Left)'
            else:
                return '(Down)'
        else:
            if X <= 1.0:
                return '(Down)'
            else:
                return '(Left)'
    else:
        if X <= 3.0:
            if Y <= 5.0:
                return '(Down)'
            else:
                return '(Up)'
        else:
            if X <= 4.0:
                return '(Up)'
            else:
                return '(Down)'
else:
    if X <= 1.0:
        if Y <= 8.0:
            if X <= 0.0:
                return '(Up)'
            else:
                return '(Down)'
        else:
            if Y <= 9.0:
                return '(Right)'
            else:
                return '(Down)'
    else:
        if Y <= 10.0:
            return '(Down)'
        else:
            if X <= 6.0:
                return '(Right)'
            else:
                return '(Left)'
Optimal decision tree (depth=4) value: 0.275765523265236
Writing result files...
