Solving...
Starting with fixed depth 2
Set parameter Username
Academic license - for non-commercial use only - expires 2025-09-20
Set parameter Threads to value 1
Set parameter TimeLimit to value 1200
Gurobi Optimizer version 10.0.0 build v10.0.0rc2 (linux64)

CPU model: AMD EPYC 9124 16-Core Processor, instruction set [SSE2|AVX|AVX2|AVX512]
Thread count: 32 physical cores, 64 logical processors, using up to 1 threads

Optimize a model with 4327 rows, 1964 columns and 21512 nonzeros
Model fingerprint: 0x788ed4c2
Variable types: 720 continuous, 1244 integer (1244 binary)
Coefficient statistics:
  Matrix range     [1e-02, 1e+02]
  Objective range  [2e-01, 3e-01]
  Bounds range     [1e+00, 1e+02]
  RHS range        [1e+00, 2e+00]
Presolve removed 25 rows and 16 columns
Presolve time: 0.05s
Presolved: 4302 rows, 1948 columns, 21190 nonzeros
Variable types: 720 continuous, 1228 integer (1228 binary)

Root relaxation: objective 3.487237e-01, 1913 iterations, 0.07 seconds (0.17 work units)

    Nodes    |    Current Node    |     Objective Bounds      |     Work
 Expl Unexpl |  Obj  Depth IntInf | Incumbent    BestBd   Gap | It/Node Time

     0     0    0.34872    0  324          -    0.34872      -     -    0s
     0     0    0.34872    0  429          -    0.34872      -     -    0s
     0     0    0.34872    0  416          -    0.34872      -     -    0s
     0     0    0.34872    0  414          -    0.34872      -     -    0s
     0     0    0.34872    0  314          -    0.34872      -     -    0s
     0     0    0.34872    0  315          -    0.34872      -     -    0s
     0     0    0.34872    0  323          -    0.34872      -     -    0s
     0     0    0.34872    0  325          -    0.34872      -     -    0s
     0     0    0.34872    0  324          -    0.34872      -     -    0s
     0     0    0.34872    0  324          -    0.34872      -     -    0s
     0     2    0.34872    0  324          -    0.34872      -     -    1s
*   24    19              15       0.0000007    0.34872      -   175    1s
*  127    77              29       0.0000419    0.34872      -   105    2s
*  131    73              29       0.0010422    0.34872      -   103    2s
*  380   226              12       0.0014573    0.34872      -  84.7    3s
H  406   233                       0.0021131    0.34872      -  84.3    3s
*  463   276              36       0.0027368    0.34872      -  86.9    4s
   514   309    0.01692   45  269    0.00274    0.34872      -  83.4    5s
H  517   295                       0.0027368    0.34872      -  82.9    5s
   532   307    0.34872   15  201    0.00274    0.34872      -   109   10s
H  634   332                       0.0031008    0.34872      -   126   13s
H  642   314                       0.0296787    0.34872  1075%   126   13s
H  645   296                       0.0775905    0.34872   349%   125   13s
*  650   277              36       0.0775905    0.34872   349%   125   13s
H  696   264                       0.0775906    0.34872   349%   132   14s
   712   264    0.25080   21  488    0.07759    0.34870   349%   133   15s
H  795   228                       0.0864951    0.34857   303%   132   16s
H  964   206                       0.1140177    0.34799   205%   126   19s
  1026   200    0.15797   27  366    0.11402    0.34775   205%   125   20s
  1550   276    0.33722   22  694    0.11402    0.33809   197%   120   25s
  1938   402    0.20258   26  359    0.11402    0.33802   196%   115   30s
  2280   471     cutoff   22         0.11402    0.33764   196%   113   35s
  2667   578    0.18301   25  617    0.11402    0.33754   196%   116   40s
  3195   678     cutoff   25         0.11402    0.33672   195%   115   45s
  3745   812     cutoff   29         0.11402    0.33622   195%   121   50s
  4312   961    0.33543   20  309    0.11402    0.33548   194%   122   55s
  5010  1107    0.21122   27  345    0.11402    0.33466   194%   118   60s
  5561  1183    0.30417   25  386    0.11402    0.33244   192%   118   65s
  6173  1181     cutoff   25         0.11402    0.33093   190%   117   70s
  6892  1206    0.13315   31  489    0.11402    0.32808   188%   115   75s
  7365  1169    0.14970   38  261    0.11402    0.32231   183%   116   80s
  7752  1212    0.31900   25  378    0.11402    0.31907   180%   115   85s
  8377  1299     cutoff   29         0.11402    0.31825   179%   115   90s
  8935  1334     cutoff   26         0.11402    0.31448   176%   115   95s
  9396  1356    0.20703   27  370    0.11402    0.31089   173%   115  100s
* 9744  1365              34       0.1140549    0.30606   168%   115  103s
* 9747  1364              34       0.1145975    0.30606   167%   115  103s
* 9749  1362              33       0.1176391    0.30606   160%   115  103s
* 9750  1361              33       0.1176700    0.30606   160%   115  103s
  9995  1388    0.12423   33  322    0.11767    0.30549   160%   114  105s
H 9998  1385                       0.1176700    0.30549   160%   114  106s
 10202  1398     cutoff   27         0.11767    0.30516   159%   114  126s
 10686  1426    0.16580   30  195    0.11767    0.30382   158%   113  130s
 11585  1409    0.21914   27  687    0.11767    0.29541   151%   110  135s
 12370  1418    0.23325   28  434    0.11767    0.28615   143%   109  140s
 13158  1443     cutoff   29         0.11767    0.28066   139%   108  145s
 13972  1456    0.27491   29  367    0.11767    0.27491   134%   107  150s
 14686  1482    0.26808   24  560    0.11767    0.26998   129%   107  155s
 15415  1475    0.19468   35  300    0.11767    0.26151   122%   106  160s
 16169  1452    0.22493   26  531    0.11767    0.25140   114%   105  165s
 16943  1413     cutoff   35         0.11767    0.23986   104%   104  170s
 17699  1400     cutoff   34         0.11767    0.23518   100%   104  175s
 18458  1354     cutoff   31         0.11767    0.22657  92.5%   103  180s
 19361  1293     cutoff   32         0.11767    0.21753  84.9%   102  185s
 20347  1203     cutoff   35         0.11767    0.21028  78.7%   101  190s
 21387  1139     cutoff   30         0.11767    0.20477  74.0%  99.2  195s
 22361  1031    0.16180   31  338    0.11767    0.19817  68.4%  97.8  200s
 23060   945     cutoff   46         0.11767    0.19171  62.9%  96.9  205s
 24199   734    0.14041   35  266    0.11767    0.17530  49.0%  95.1  210s
 25356   521 infeasible   41         0.11767    0.16038  36.3%  93.2  215s
 26576   114     cutoff   54         0.11767    0.13144  11.7%  91.3  220s

Cutting planes:
  Gomory: 1
  Implied bound: 4
  MIR: 40
  Flow cover: 69
  Zero half: 37

Explored 26802 nodes (2446371 simplex iterations) in 220.99 seconds (387.52 work units)
Thread count was 1 (of 64 available processors)

Solution count 10: 0.11767 0.117639 0.114597 ... 0.00273678
No other solutions better than 0.11767

Optimal solution found (tolerance 1.00e-04)
Best objective 1.176700252753e-01, best bound 1.176700252753e-01, gap 0.0000%
Tree policy:
if Y <= 10.0:
    if Y <= 6.0:
        return '(Left)'
    else:
        return '(Down)'
else:
    if X <= 6.0:
        return '(Right)'
    else:
        return '(Left)'
Optimal decision tree (depth=2) value: 0.11767002527533808
Writing result files...
