Solving...
Starting with fixed depth 2
Set parameter Username
Academic license - for non-commercial use only - expires 2025-09-20
Warning for adding constraints: zero or small (< 1e-13) coefficients, ignored
Set parameter Threads to value 1
Set parameter TimeLimit to value 1200
Gurobi Optimizer version 10.0.0 build v10.0.0rc2 (linux64)

CPU model: AMD EPYC 9124 16-Core Processor, instruction set [SSE2|AVX|AVX2|AVX512]
Thread count: 32 physical cores, 64 logical processors, using up to 1 threads

Optimize a model with 51517 rows, 21412 columns and 722889 nonzeros
Model fingerprint: 0x3163fbdf
Variable types: 10201 continuous, 11211 integer (11211 binary)
Coefficient statistics:
  Matrix range     [1e-13, 1e+02]
  Objective range  [1e-07, 2e+01]
  Bounds range     [1e+00, 1e+02]
  RHS range        [1e+00, 2e+00]
Presolve removed 298 rows and 13 columns
Presolve time: 1.07s
Presolved: 51219 rows, 21399 columns, 694473 nonzeros
Variable types: 10212 continuous, 11187 integer (11187 binary)
Root relaxation presolved: 51219 rows, 21384 columns, 694458 nonzeros


Root simplex log...

Iteration    Objective       Primal Inf.    Dual Inf.      Time
    5021    3.2312845e+03   3.179451e+03   0.000000e+00      5s
   11520    9.6789763e+02   0.000000e+00   0.000000e+00      8s
   11520    9.6789763e+02   0.000000e+00   0.000000e+00      8s

Root relaxation: objective 9.678976e+02, 11520 iterations, 4.46 seconds (21.14 work units)

    Nodes    |    Current Node    |     Objective Bounds      |     Work
 Expl Unexpl |  Obj  Depth IntInf | Incumbent    BestBd   Gap | It/Node Time

     0     0  967.89763    0  132          -  967.89763      -     -    8s
     0     0  967.89763    0  245          -  967.89763      -     -   17s
     0     0  967.89763    0  131          -  967.89763      -     -   22s
     0     0  967.89763    0  175          -  967.89763      -     -   27s
     0     0  967.89763    0  175          -  967.89763      -     -   31s
     0     0  967.89763    0  175          -  967.89763      -     -   36s
     0     0  967.89763    0  177          -  967.89763      -     -   40s
     0     0  967.89763    0  177          -  967.89763      -     -   41s
H    0     0                    -505.5580382  967.89763   291%     -   51s
H    0     0                      32.8158501  967.89763  2849%     -   54s
     0     2  967.89763    0  177   32.81585  967.89763  2849%     -   54s
     3     5  967.89763    3  321   32.81585  967.89763  2849%   436   55s
    13    15  967.89761   11 6259   32.81585  967.89763  2849%  1820   64s
    14    16  967.86670   12  739   32.81585  967.89763  2849%  1741   65s
    21    23  967.52724   18  591   32.81585  967.89763  2849%  1289   70s
H   27    21                     952.1616839  967.89763  1.65%  1138   75s
    35    23  955.75886   16 6164  952.16168  967.89763  1.65%  1094   80s
    46    25  955.32641   24 3210  952.16168  967.89763  1.65%  1024   85s
H   54    24                     952.1623411  967.89763  1.65%   872   87s
    65    25  955.30970   43 3208  952.16234  967.89763  1.65%   726   90s
    82    24 infeasible   60       952.16234  967.89763  1.65%   662   95s
    98    36  966.61459   16  554  952.16234  967.89763  1.65%   647  102s
   104    36  966.61210   19  415  952.16234  967.89763  1.65%   625  106s
   113    36  966.61210   28  413  952.16234  967.89763  1.65%   576  110s
   117    36  966.61210   32  413  952.16234  967.89763  1.65%   557  115s
   120    37  961.03123   35  277  952.16234  967.89763  1.65%   576  121s
   156    37  953.94364   69 5843  952.16234  967.89763  1.65%   448  125s
   193    57  966.77803   23   83  952.16234  967.89763  1.65%   383  130s
   234    89  966.77803   51   65  952.16234  967.89763  1.65%   326  135s
   276   116  966.77803   78   65  952.16234  967.89763  1.65%   289  140s
   338   152  966.76648  115  132  952.16234  967.89763  1.65%   251  145s
   390   181  967.10303   22  101  952.16234  967.89763  1.65%   223  150s
   425   209  967.10303   50  100  952.16234  967.89763  1.65%   209  155s
   444   220  967.10303   61  100  952.16234  967.89763  1.65%   203  160s
   470   236  967.10303   77  100  952.16234  967.89763  1.65%   196  165s
H  494   249                     952.1623432  967.89763  1.65%   190  169s
   499   254  967.10303   95  100  952.16234  967.89763  1.65%   189  170s
   511   263  967.09134   64  177  952.16234  967.89763  1.65%   185  175s
H  512   250                     952.1623476  967.89763  1.65%   185  179s
   513   250  966.41516   10  131  952.16235  967.89763  1.65%   185  180s
   516   252  967.89763    4  256  952.16235  967.89763  1.65%   184  186s
   520   255  967.10303   72  233  952.16235  967.89763  1.65%   182  191s
   522   256  957.02477   15  202  952.16235  967.89763  1.65%   181  203s
   523   257  966.66587   10  202  952.16235  967.89763  1.65%   181  223s
   524   258  967.10303   53  203  952.16235  967.89763  1.65%   181  232s
   525   258  966.77803   38  213  952.16235  967.89763  1.65%   180  240s
   526   259  967.09134   24  217  952.16235  967.89763  1.65%   180  248s
   527   260  966.77803   57  214  952.16235  967.89763  1.65%   180  255s
   528   260  966.77803   20  209  952.16235  967.89763  1.65%   179  260s
   529   261  967.09134   88  204  952.16235  967.89763  1.65%   179  265s
   531   262  966.77803  117  202  952.16235  967.89763  1.65%   178  271s
   533   266  967.89763   16  193  952.16235  967.89763  1.65%   247  275s
   537   268  967.89763   18  203  952.16235  967.89763  1.65%   250  280s
   543   269  965.12180   21  263  952.16235  967.89763  1.65%   276  285s
   551   272  960.57499   25 4427  952.16235  967.89763  1.65%   299  290s
   556   275  967.01132   27  499  952.16235  967.89763  1.65%   317  295s
H  559   252                     959.9187502  967.89763  0.83%   316  296s
H  559   239                     959.9187740  967.89763  0.83%   316  296s
   560   240  964.53379   29  401  959.91877  967.89763  0.83%   321  300s
   561   237     cutoff   30       959.91877  967.89763  0.83%   328  308s
   562   237  961.07248   30  401  959.91877  967.89763  0.83%   331  315s
   563   237  959.93390   31  305  959.91877  967.89763  0.83%   331  325s
   576   242  965.02046   24 1283  959.91877  967.89763  0.83%   353  330s
   584   245  965.02046   28 4079  959.91877  967.89763  0.83%   389  336s
   586   244  960.57499   29 4077  959.91877  967.89763  0.83%   410  340s
   588   243  964.84072   30 4077  959.91877  967.89763  0.83%   409  416s
   599   240  964.84072   41 4077  959.91877  967.89763  0.83%   402  420s
H  612   222                     959.9187743  967.89763  0.83%   393  425s
H  613   202                     964.1683759  967.89763  0.39%   392  425s
   624   199  964.84072   66 4077  964.16838  967.89763  0.39%   386  430s
   632   197 infeasible   73       964.16838  967.89763  0.39%   424  445s
   634   197  964.72219   75  488  964.16838  967.89763  0.39%   456  455s
   637   197  postponed   77       964.16838  967.89763  0.39%   555  600s
H  640   181                     964.3362714  967.89763  0.37%   552  601s
H  640   168                     966.1644948  967.89763  0.18%   552  602s
   642   171  postponed   23       966.16449  967.89763  0.18%   593  629s
   644   171 infeasible   24       966.16449  967.89763  0.18%   630  658s
   646   170 infeasible   25       966.16449  967.89763  0.18%   651  674s
   650   171 infeasible   27       966.16449  967.89763  0.18%   681  704s
   652   170 infeasible   28       966.16449  967.89763  0.18%   721  732s
   654   169 infeasible   29       966.16449  967.89763  0.18%   749  754s
   656   171  postponed   30       966.16449  967.89763  0.18%   783  790s
   658   170 infeasible   31       966.16449  967.89763  0.18%   795  800s
   660   169 infeasible   32       966.16449  967.89763  0.18%   807  809s
   661   170  967.89763   33  224  966.16449  967.89763  0.18%   805  810s
   662   169 infeasible   33       966.16449  967.89763  0.18%   825  822s
   664   170  postponed   34       966.16449  967.89763  0.18%   838  830s
   666   171  postponed   35       966.16449  967.89763  0.18%   852  840s
   670   170 infeasible   37       966.16449  967.89763  0.18%   876  858s
   672   169 infeasible   38       966.16449  967.89763  0.18%   887  866s
   674   169 infeasible   39       966.16449  967.89763  0.18%   900  877s
   676   168 infeasible   40       966.16449  967.89763  0.18%   913  885s
   678   167 infeasible   41       966.16449  967.89763  0.18%   929  894s
   679   168  967.89763   42  215  966.16449  967.89763  0.18%   927  895s
   680   167 infeasible   42       966.16449  967.89763  0.18%   952  914s
   682   166 infeasible   43       966.16449  967.89763  0.18%   955  917s
   684   165 infeasible   44       966.16449  967.89763  0.18%   969  926s
   686   165 infeasible   45       966.16449  967.89763  0.18%   972  930s
   688   164 infeasible   46       966.16449  967.89763  0.18%  1013  978s
   690   163 infeasible   47       966.16449  967.89763  0.18%  1070 1032s
   692   163 infeasible   48       966.16449  967.89763  0.18%  1078 1037s
   694   162 infeasible   49       966.16449  967.89763  0.18%  1082 1045s
   696   163  postponed   50       966.16449  967.89763  0.18%  1108 1066s
   698   163 infeasible   51       966.16449  967.89763  0.18%  1144 1097s
   700   164  postponed   52       966.16449  967.89763  0.18%  1171 1120s
   702   163 infeasible   53       966.16449  967.89763  0.18%  1203 1150s
   704   163 infeasible   54       966.16449  967.89763  0.18%  1236 1184s

Cutting planes:
  Gomory: 1
  Implied bound: 1
  MIR: 8
  Flow cover: 5
  Inf proof: 1
  Zero half: 4
  RLT: 1

Explored 706 nodes (892089 simplex iterations) in 1200.01 seconds (2299.46 work units)
Thread count was 1 (of 64 available processors)

Solution count 10: 966.164 964.336 964.168 ... -505.558

Time limit reached
Best objective 9.661644947905e+02, best bound 9.678976270893e+02, gap 0.1794%
Tree policy:
if inventory <= 2.0:
    if inventory <= 0.0:
        return '(Buy_12)'
    else:
        return '(Buy_10)'
else:
    if inventory <= 4.0:
        return '(Buy_8)'
    else:
        return '(Buy_5)'
Optimal decision tree (depth=2) value: 966.1644947905057
Writing result files...
