Solving...
Starting with fixed depth 8
Set parameter Username
Academic license - for non-commercial use only - expires 2025-09-20
Warning for adding constraints: zero or small (< 1e-13) coefficients, ignored
Set parameter Threads to value 1
Set parameter TimeLimit to value 1200
Gurobi Optimizer version 10.0.0 build v10.0.0rc2 (linux64)

CPU model: AMD EPYC 9124 16-Core Processor, instruction set [SSE2|AVX|AVX2|AVX512]
Thread count: 32 physical cores, 64 logical processors, using up to 1 threads

Optimize a model with 2648125 rows, 97768 columns and 28023189 nonzeros
Model fingerprint: 0xa692dcbe
Variable types: 10201 continuous, 87567 integer (87567 binary)
Coefficient statistics:
  Matrix range     [1e-13, 1e+02]
  Objective range  [1e-07, 2e+01]
  Bounds range     [1e+00, 1e+02]
  RHS range        [1e+00, 8e+00]
Presolve removed 26265 rows and 765 columns (presolve time = 5s) ...
Presolve removed 26265 rows and 765 columns (presolve time = 10s) ...
Presolve removed 26265 rows and 2040 columns (presolve time = 15s) ...
Presolve removed 26265 rows and 2040 columns (presolve time = 20s) ...
Presolve removed 26265 rows and 2040 columns (presolve time = 25s) ...
Presolve removed 26265 rows and 2040 columns (presolve time = 30s) ...
Presolve removed 26273 rows and 2048 columns (presolve time = 35s) ...
Presolve removed 26254 rows and 2029 columns
Presolve time: 35.26s
Presolved: 2621871 rows, 95739 columns, 26682705 nonzeros
Variable types: 10212 continuous, 85527 integer (85527 binary)
Found heuristic solution: objective -0.0000000
Root relaxation presolved: 95739 rows, 2717610 columns, 26778444 nonzeros


Root simplex log...

Iteration    Objective       Primal Inf.    Dual Inf.      Time
       0    2.5398381e+04   0.000000e+00   2.851099e+03     57s
   26752    2.3950102e+04   0.000000e+00   4.224102e+07     60s
   31284    1.7630232e+04   0.000000e+00   1.933371e+09     65s
   35249    1.4967331e+04   0.000000e+00   2.858191e+08     71s
   38909    8.6182335e+03   0.000000e+00   1.236148e+09     75s
   42618    6.5487948e+03   0.000000e+00   2.588161e+08     80s
   46163    4.3229937e+03   0.000000e+00   8.220838e+07     85s
   49749    1.6694809e+03   0.000000e+00   3.073079e+07     90s
   53703    1.1309142e+03   0.000000e+00   1.576338e+09     96s
   57291    1.0303662e+03   0.000000e+00   8.150276e+06    100s
   60883    9.6783920e+02   0.000000e+00   1.226329e+07    105s
   64045    9.6781351e+02   0.000000e+00   9.573903e+06    110s
   67195    9.6779116e+02   0.000000e+00   1.544313e+07    115s
   70706    9.6776254e+02   0.000000e+00   1.514165e+07    120s
   73904    9.6773768e+02   0.000000e+00   6.241414e+06    125s
   77570    9.6770770e+02   0.000000e+00   3.168294e+06    130s
   81629    9.6768014e+02   0.000000e+00   8.821162e+05    135s
   86650    9.6764600e+02   0.000000e+00   1.028417e+06    141s
   91915    9.6760922e+02   0.000000e+00   2.630355e+02    145s
   92395    9.6789763e+02   0.000000e+00   0.000000e+00    147s
   92395    9.6789763e+02   0.000000e+00   0.000000e+00    147s

Root relaxation: objective 9.678976e+02, 92395 iterations, 103.23 seconds (447.14 work units)
Total elapsed time = 168.49s
Total elapsed time = 170.75s

    Nodes    |    Current Node    |     Objective Bounds      |     Work
 Expl Unexpl |  Obj  Depth IntInf | Incumbent    BestBd   Gap | It/Node Time

     0     0  967.89763    0  437   -0.00000  967.89763      -     -  175s
     0     0  967.89763    0  382   -0.00000  967.89763      -     -  208s
     0     0  967.89763    0  386   -0.00000  967.89763      -     -  218s
     0     0  967.89763    0  393   -0.00000  967.89763      -     -  238s
     0     0  967.89763    0  287   -0.00000  967.89763      -     -  267s
H    0     0                     763.4530296  967.89763  26.8%     -  275s
H    0     0                     954.4620044  967.89763  1.41%     -  283s
     0     0  967.89763    0  281  954.46200  967.89763  1.41%     -  286s
     0     0  967.89763    0  191  954.46200  967.89763  1.41%     -  312s
     0     0  967.89763    0  260  954.46200  967.89763  1.41%     -  335s
H    0     0                     955.9405472  967.89763  1.25%     -  341s
     0     0  967.89763    0  144  955.94055  967.89763  1.25%     -  343s
     0     0  967.89763    0  154  955.94055  967.89763  1.25%     -  360s
H    0     0                     955.9405473  967.89763  1.25%     -  366s
     0     0  967.89763    0  151  955.94055  967.89763  1.25%     -  367s
     0     0  967.89763    0  157  955.94055  967.89763  1.25%     -  388s
     0     0  967.89763    0  157  955.94055  967.89763  1.25%     -  412s
     0     0  967.89763    0  166  955.94055  967.89763  1.25%     -  436s
     0     0  967.89763    0  166  955.94055  967.89763  1.25%     -  451s
H    0     0                     955.9414908  967.89763  1.25%     -  468s
H    0     0                     956.3454240  967.89763  1.21%     -  514s
H    0     0                     959.0255119  967.89763  0.93%     -  540s
     0     2  967.89763    0  166  959.02551  967.89763  0.93%     -  541s
     2     4  967.89763    2  114  959.02551  967.89763  0.93%   696  545s
     4     5  967.89763    3  129  959.02551  967.89763  0.93%   395  550s
     7     8  967.89763    5  226  959.02551  967.89763  0.93%   248  555s
    10    11  967.89763    6  156  959.02551  967.89763  0.93%   184  561s
    11    12  967.89763    7  292  959.02551  967.89763  0.93%   175  565s
    14    15  967.89763    9  210  959.02551  967.89763  0.93%   145  571s
    16    17  967.89763   10  306  959.02551  967.89763  0.93%   146  576s
    18    18  967.89763   11  462  959.02551  967.89763  0.93%   137  581s
    21    21  967.89763   13  265  959.02551  967.89763  0.93%   123  586s
    23    22  967.89763   14  275  959.02551  967.89763  0.93%   116  590s
    26    25  967.89763   16  232  959.02551  967.89763  0.93%   104  596s
H   27    24                     959.1507525  967.89763  0.91%   101  598s
    28    26  967.89763   17  257  959.15075  967.89763  0.91%  99.4  601s
    31    29  967.89763   19  184  959.15075  967.89763  0.91%  90.3  606s
    34    32  967.89763   22  334  959.15075  967.89763  0.91%  86.8  616s
    36    34  967.89763   23  201  959.15075  967.89763  0.91%  85.5  620s
    39    37  967.89763   24  158  959.15075  967.89763  0.91%  83.3  626s
    42    40  967.89763   27  184  959.15075  967.89763  0.91%  80.7  631s
    44    42  967.89763   29  172  959.15075  967.89763  0.91%  79.6  635s
    47    45  967.89763   30  144  959.15075  967.89763  0.91%  76.9  640s
    50    48  967.89763   32  259  959.15075  967.89763  0.91%  74.5  645s
    53    51  967.89763   35  268  959.15075  967.89763  0.91%  70.7  651s
    55    53  967.89763   37  200  959.15075  967.89763  0.91%  68.9  656s
    57    55  967.89763   39  228  959.15075  967.89763  0.91%  67.7  661s
    59    56  967.89763   40  210  959.15075  967.89763  0.91%  68.7  667s
    60    56  967.89763   41  146  959.15075  967.89763  0.91%  68.5  671s
    61    56  967.89763   42  140  959.15075  967.89763  0.91%  68.3  675s
    62    57  967.89763   43  269  959.15075  967.89763  0.91%  90.1  681s
    63    57  967.86670   44  249  959.15075  967.89763  0.91%  89.5  688s
    65    55 infeasible   44       959.15075  967.89763  0.91%   179  698s
    66    56  967.89763    8  137  959.15075  967.89763  0.91%   176  701s
    68    58  967.89763   10  128  959.15075  967.89763  0.91%   171  705s
    71    60  967.89763   13  343  959.15075  967.89763  0.91%   167  711s
    73    62  967.89763   15  303  959.15075  967.89763  0.91%   163  715s
    75    64  967.89763   17  285  959.15075  967.89763  0.91%   160  720s
    77    66  967.89763   19  232  959.15075  967.89763  0.91%   158  725s
H   78    65                     959.1522418  967.89763  0.91%   156  727s
    79    68  967.89763   20  238  959.15224  967.89763  0.91%   156  730s
H   81    68                     960.8666891  967.89763  0.73%   153  734s
    81    70  967.89763   21  261  960.86669  967.89763  0.73%   155  736s
    83    72  967.89763   22  229  960.86669  967.89763  0.73%   154  741s
    85    74  967.89763   24  370  960.86669  967.89763  0.73%   152  747s
    87    76  967.89763   25  222  960.86669  967.89763  0.73%   150  750s
    90    79  967.89763   27  144  960.86669  967.89763  0.73%   146  756s
    92    81  967.89763   28  142  960.86669  967.89763  0.73%   144  760s
    95    84  967.89763   31  222  960.86669  967.89763  0.73%   140  765s
    98    87  967.89763   33  175  960.86669  967.89763  0.73%   136  771s
   101    90  967.89763   35  254  960.86669  967.89763  0.73%   133  776s
   103    92  967.89763   36  233  960.86669  967.89763  0.73%   132  780s
   105    94  967.89763   38  162  960.86669  967.89763  0.73%   131  786s
   107    96  967.89763   39  162  960.86669  967.89763  0.73%   129  790s
   109    98  967.89763   40  227  960.86669  967.89763  0.73%   128  796s
   112   101  967.89763   42  240  960.86669  967.89763  0.73%   128  802s
   114   103  967.89763   44  256  960.86669  967.89763  0.73%   127  808s
   117   106  967.89763   47   76  960.86669  967.89763  0.73%   126  810s
   120   109  967.89763   49  185  960.86669  967.89763  0.73%   123  815s
   123   111  967.89763   52   78  960.86669  967.89763  0.73%   121  821s
   125   112  967.89763   53   78  960.86669  967.89763  0.73%   120  825s
   128   114  967.89763   55   78  960.86669  967.89763  0.73%   117  830s
H  130   114                     960.8666895  967.89763  0.73%   116  833s
   131   117  967.89763   57  144  960.86669  967.89763  0.73%   115  837s
   133   119  967.89763   58  144  960.86669  967.89763  0.73%   114  841s
H  135   119                     960.8729791  967.89763  0.73%   112  846s
   137   122  967.89763   60   78  960.87298  967.89763  0.73%   111  850s
   141   126  967.89763   62  156  960.87298  967.89763  0.73%   108  856s
   145   130  967.89763   64  156  960.87298  967.89763  0.73%   106  861s
   149   134  967.89763   66  156  960.87298  967.89763  0.73%   103  865s
   155   140  967.89763   69  156  960.87298  967.89763  0.73%   100  871s
H  156   139                     962.2647056  967.89763  0.59%  99.2  873s
   157   142  967.89763   70  156  962.26471  967.89763  0.59%  98.6  875s
H  162   145                     962.9804548  967.89763  0.51%  96.0  885s
   167   152  967.89763   75  156  962.98045  967.89763  0.51%  93.6  891s
   171   156  967.89763   77  156  962.98045  967.89763  0.51%  91.8  895s
   177   162  967.89763   80  156  962.98045  967.89763  0.51%  89.2  901s
   181   166  967.89763   82  156  962.98045  967.89763  0.51%  87.5  906s
H  182   165                     963.2295960  967.89763  0.48%  87.1  907s
   185   170  967.89763   84  156  963.22960  967.89763  0.48%  86.0  911s
H  189   172                     963.2296134  967.89763  0.48%  84.5  916s
   193   178  967.89763   88  156  963.22961  967.89763  0.48%  83.0  921s
   197   182  967.89763   90  156  963.22961  967.89763  0.48%  81.7  926s
   203   188  967.89763   93  156  963.22961  967.89763  0.48%  79.7  931s
H  208   191                     964.1399698  967.89763  0.39%  78.1  937s
   211   196  967.89763   97  156  964.13997  967.89763  0.39%  77.2  940s
   216   201  967.89763  100  144  964.13997  967.89763  0.39%  75.8  946s
   221   206  967.89763  102  156  964.13997  967.89763  0.39%  74.4  951s
   227   212  967.89763  105  156  964.13997  967.89763  0.39%  72.8  956s
   232   217  967.89763  108  144  964.13997  967.89763  0.39%  71.7  960s
   235   220  967.89763  109  156  964.13997  967.89763  0.39%  70.9  965s
   241   226  967.89763  112  156  964.13997  967.89763  0.39%  69.5  970s
   245   230  967.89763  114  156  964.13997  967.89763  0.39%  68.6  975s
   251   236  967.89763  117  156  964.13997  967.89763  0.39%  67.3  980s
   259   244  967.89763  121  156  964.13997  967.89763  0.39%  65.7  986s
   261   246  967.89763  122  156  964.13997  967.89763  0.39%  65.3  990s
   268   253  967.89763  126  144  964.13997  967.89763  0.39%  64.0  995s
   273   258  967.89763  128  156  964.13997  967.89763  0.39%  63.1 1001s
   279   264  967.89763  131  156  964.13997  967.89763  0.39%  62.1 1006s
   285   270  967.89763  134  156  964.13997  967.89763  0.39%  61.1 1011s
H  286   269                     964.5300138  967.89763  0.35%  60.9 1013s
   287   272  967.89763  135  156  964.53001  967.89763  0.35%  60.8 1015s
   293   278  967.89763  138  156  964.53001  967.89763  0.35%  59.8 1020s
   297   282  967.89763  140  156  964.53001  967.89763  0.35%  59.2 1025s
   303   288  967.89763  143  156  964.53001  967.89763  0.35%  58.3 1030s
   309   294  967.89763  146  156  964.53001  967.89763  0.35%  57.5 1035s
   313   298  967.89763  148  156  964.53001  967.89763  0.35%  57.0 1040s
   319   304  967.89763  151  156  964.53001  967.89763  0.35%  56.2 1045s
   324   309  967.89763  154  144  964.53001  967.89763  0.35%  55.6 1053s
   326   309     cutoff  155       964.53001  967.89763  0.35%  58.6 1058s
   327   308     cutoff  155       964.53001  967.89763  0.35%  65.9 1067s
   332   309  967.89763  157   75  964.53001  967.89763  0.35%  65.2 1070s
   337   312  967.89763  160   88  964.53001  967.89763  0.35%  64.8 1075s
   339   314  967.89763  161   91  964.53001  967.89763  0.35%  64.6 1081s
   342   314     cutoff  163       964.53001  967.89763  0.35%  70.1 1097s
   343   314  967.89763  164  175  964.53001  967.89763  0.35%  70.0 1101s
   344   315  967.89763  165  177  964.53001  967.89763  0.35%  70.1 1107s
   345   316  967.35517  166  174  964.53001  967.89763  0.35%  69.9 1110s
   346   316  964.90143  167   88  964.53001  967.89763  0.35%  70.3 1118s
   347   317  964.90143  168   76  964.53001  967.89763  0.35%  70.1 1123s
   350   320  964.90143  171   69  964.53001  967.89763  0.35%  69.5 1125s
H  351   319                     965.9819882  967.89763  0.20%  69.3 1127s
   359   319  967.89763  162   59  965.98199  967.89763  0.20%  67.8 1131s
   364   321     cutoff  165       965.98199  967.89763  0.20%   104 1147s
H  365   320                     965.9989275  967.89763  0.20%   104 1149s
   365   321  967.89763  166   55  965.99893  967.89763  0.20%   104 1151s
   366   321  967.37699  167   59  965.99893  967.89763  0.20%   105 1155s
   368   319     cutoff  164       965.99893  967.89763  0.20%   137 1167s
   369   320  967.89763  162   61  965.99893  967.89763  0.20%   137 1170s
   372   320     cutoff  163       965.99893  967.89763  0.20%   169 1185s
   373   319     cutoff  164       965.99893  967.89763  0.20%   188 1192s
   375   319     cutoff  166       965.99893  967.89763  0.20%   191 1196s
   377   321  966.82284  167  201  965.99893  967.89763  0.20%   195 1200s

Cutting planes:
  MIR: 20
  Flow cover: 1
  Zero half: 67

Explored 378 nodes (192418 simplex iterations) in 1200.35 seconds (5050.12 work units)
Thread count was 1 (of 64 available processors)

Solution count 10: 965.999 965.982 964.53 ... 960.867

Time limit reached
Best objective 9.659989275335e+02, best bound 9.678976270893e+02, gap 0.1966%
Tree policy:
if inventory <= 55.0:
    if inventory <= 10.0:
        if inventory <= 6.0:
            if inventory <= 2.0:
                if inventory <= 0.0:
                    return '(Buy_12)'
                else:
                    return '(Buy_10)'
            else:
                if inventory <= 3.0:
                    return '(Buy_8)'
                else:
                    return '(Buy_7)'
        else:
            if inventory <= 73.0:
                if inventory <= 8.0:
                    return '(Buy_2)'
                else:
                    return '(Buy_1)'
            else:
                return '(Don't'
    else:
        if inventory <= 14.0:
            if inventory <= 34.0:
                if inventory <= 11.0:
                    return '(Buy_1)'
                else:
                    return '(Buy_2)'
            else:
                return '(Don't'
        else:
            if inventory <= 24.0:
                return '(Don't'
            else:
                if inventory <= 44.0:
                    return '(Buy_1)'
                else:
                    if inventory <= 71.0:
                        return '__random__'
                    else:
                        return '(Don't'
else:
    if inventory <= 5.0:
        return '(Don't'
    else:
        if inventory <= 100.0:
            if inventory <= 52.0:
                return '(Don't'
            else:
                if inventory <= 55.0:
                    return '(Buy_1)'
                else:
                    if inventory <= 52.0:
                        return '(Don't'
                    else:
                        return '__random__'
        else:
            return '(Don't'
Optimal decision tree (depth=8) value: 965.9989275334639
Writing result files...
