Solving...
Starting with fixed depth 7
Set parameter Username
Academic license - for non-commercial use only - expires 2025-09-20
Warning for adding constraints: zero or small (< 1e-13) coefficients, ignored
Set parameter Threads to value 1
Set parameter TimeLimit to value 1200
Gurobi Optimizer version 10.0.0 build v10.0.0rc2 (linux64)

CPU model: AMD EPYC 9124 16-Core Processor, instruction set [SSE2|AVX|AVX2|AVX512]
Thread count: 32 physical cores, 64 logical processors, using up to 1 threads

Optimize a model with 1329213 rows, 58984 columns and 12974997 nonzeros
Model fingerprint: 0xc0a8b93e
Variable types: 10201 continuous, 48783 integer (48783 binary)
Coefficient statistics:
  Matrix range     [1e-13, 1e+02]
  Objective range  [1e-07, 2e+01]
  Bounds range     [1e+00, 1e+02]
  RHS range        [1e+00, 7e+00]
Presolve removed 13081 rows and 381 columns (presolve time = 5s) ...
Presolve removed 13081 rows and 1016 columns (presolve time = 10s) ...
Presolve removed 13081 rows and 1016 columns (presolve time = 15s) ...
Presolve removed 13070 rows and 1005 columns
Presolve time: 17.35s
Presolved: 1316143 rows, 57979 columns, 12312657 nonzeros
Variable types: 10212 continuous, 47767 integer (47767 binary)
Root relaxation presolved: 57979 rows, 1374122 columns, 12370636 nonzeros


Root simplex log...

Iteration    Objective       Primal Inf.    Dual Inf.      Time
       0    2.5398381e+04   0.000000e+00   2.851099e+03     28s
   14739    2.0077789e+04   0.000000e+00   9.095246e+05     30s
   20623    9.0428966e+03   0.000000e+00   4.936239e+06     35s
   25820    2.3462615e+03   0.000000e+00   2.814437e+06     40s
   31544    9.6975981e+02   0.000000e+00   2.065835e+06     45s
   36551    9.6773549e+02   0.000000e+00   3.094605e+06     50s
   41518    9.6767796e+02   0.000000e+00   5.323858e+06     55s
   46320    9.6759878e+02   0.000000e+00   1.485471e+06     60s
   52204    9.6751943e+02   0.000000e+00   3.704991e+04     65s
   53604    9.6789763e+02   0.000000e+00   0.000000e+00     67s
   53622    9.6789763e+02   0.000000e+00   0.000000e+00     68s
Extra simplex iterations from dual to original model: 18

Root relaxation: objective 9.678976e+02, 53622 iterations, 45.54 seconds (190.67 work units)
Total elapsed time = 74.69s

    Nodes    |    Current Node    |     Objective Bounds      |     Work
 Expl Unexpl |  Obj  Depth IntInf | Incumbent    BestBd   Gap | It/Node Time

     0     0  967.89763    0  363          -  967.89763      -     -   77s
H    0     0                    -894.3570900  967.89763   208%     -   81s
     0     0  967.89763    0  266 -894.35709  967.89763   208%     -   86s
H    0     0                     841.9862656  967.89763  15.0%     -   91s
     0     0  967.89763    0  187  841.98627  967.89763  15.0%     -  102s
H    0     0                     876.3333463  967.89763  10.4%     -  106s
     0     0  967.89763    0  182  876.33335  967.89763  10.4%     -  117s
     0     0  967.89763    0  148  876.33335  967.89763  10.4%     -  133s
H    0     0                     920.9151278  967.89763  5.10%     -  136s
H    0     0                     927.7433717  967.89763  4.33%     -  137s
     0     0  967.89763    0  144  927.74337  967.89763  4.33%     -  146s
     0     0  967.89763    0  118  927.74337  967.89763  4.33%     -  158s
     0     0  967.89763    0  108  927.74337  967.89763  4.33%     -  167s
H    0     0                     935.7366097  967.89763  3.44%     -  170s
     0     0  967.89763    0  107  935.73661  967.89763  3.44%     -  181s
H    0     0                     938.3297955  967.89763  3.15%     -  184s
     0     0  967.89763    0  105  938.32980  967.89763  3.15%     -  185s
     0     0  967.89763    0  107  938.32980  967.89763  3.15%     -  190s
     0     0  967.89763    0  107  938.32980  967.89763  3.15%     -  197s
H    0     0                     938.3297957  967.89763  3.15%     -  229s
     0     2  967.89763    0  107  938.32980  967.89763  3.15%     -  230s
     6     8  967.89763    4   74  938.32980  967.89763  3.15%   233  235s
    11    13  967.89763    8  151  938.32980  967.89763  3.15%   138  240s
    16    18  967.89763   12  149  938.32980  967.89763  3.15%   140  246s
    19    21  967.89763   15   59  938.32980  967.89763  3.15%   137  250s
    21    22  967.89763   16  151  938.32980  967.89763  3.15%   274  258s
    22    23  967.89708   17  267  938.32980  967.89763  3.15%   311  261s
    24    24  967.63810   18  267  938.32980  967.89763  3.15%   347  270s
H   26    24                     938.9423395  967.89763  3.08%   320  273s
H   27    25                     944.8094258  967.89763  2.44%   315  275s
    28    27  945.86241   21   81  944.80943  967.89763  2.44%   626  339s
    29    28  945.86241   22   81  944.80943  967.89763  2.44%   604  341s
    32    31  945.86241   24  238  944.80943  967.89763  2.44%   553  350s
    34    33  945.86241   26  184  944.80943  967.89763  2.44%   528  358s
    35    34  945.86241   27  171  944.80943  967.89763  2.44%   516  365s
    36    35  945.86241   28  411  944.80943  967.89763  2.44%   506  371s
    39    38  945.86241   30  252  944.80943  967.89763  2.44%   470  375s
    43    42  945.86241   33   64  944.80943  967.89763  2.44%   427  380s
    47    46  945.86241   35   54  944.80943  967.89763  2.44%   391  385s
    51    50  945.86241   38   34  944.80943  967.89763  2.44%   361  390s
H   54    27                     949.0726064  967.89763  1.98%   341  395s
    60    29  967.89763    9  319  949.07261  967.89763  1.98%   317  400s
    62    31  967.89763   10  177  949.07261  967.89763  1.98%   337  410s
    66    35  967.89763   12  152  949.07261  967.89763  1.98%   321  415s
    72    41  967.89763   16  239  949.07261  967.89763  1.98%   296  421s
    77    46  967.89763   20  234  949.07261  967.89763  1.98%   299  428s
    78    47  967.89763   21  105  949.07261  967.89763  1.98%   296  430s
H   81    45                     956.3440991  967.89763  1.21%   286  434s
    82    48  967.89763   24   95  956.34410  967.89763  1.21%   284  436s
    86    52  967.89763   26  190  956.34410  967.89763  1.21%   276  440s
    92    58  967.89763   30  275  956.34410  967.89763  1.21%   275  448s
    93    59  967.89763   31  291  956.34410  967.89763  1.21%   276  450s
   100    65  967.89763   35   90  956.34410  967.89763  1.21%   262  456s
   101    65  967.89763   35  142  956.34410  967.89763  1.21%   261  460s
   103    65  967.89763   37   50  956.34410  967.89763  1.21%   258  465s
   106    64     cutoff   40       956.34410  967.89763  1.21%   271  471s
   108    66  967.89763   10  241  956.34410  967.89763  1.21%   284  488s
   110    68  967.89763   12  239  956.34410  967.89763  1.21%   278  490s
   113    71  967.89763   15  236  956.34410  967.89763  1.21%   271  495s
   117    75  967.89763   19  232  956.34410  967.89763  1.21%   262  501s
   118    76  967.89763   20  175  956.34410  967.89763  1.21%   268  507s
   133    91  967.89763   35  160  956.34410  967.89763  1.21%   238  510s
   162   120  967.89763   64  131  956.34410  967.89763  1.21%   196  515s
   183   141  967.89763   85  183  956.34410  967.89763  1.21%   174  520s
   187   145  967.89763   88  170  956.34410  967.89763  1.21%   173  527s
   189   147  967.89763   89  141  956.34410  967.89763  1.21%   174  532s
   191   149  967.89763   90   89  956.34410  967.89763  1.21%   176  535s
   193   151  967.89763   91   89  956.34410  967.89763  1.21%   182  540s
   197   154  967.89760   95  221  956.34410  967.89763  1.21%   185  548s
   201   154     cutoff   98       956.34410  967.89763  1.21%   187  550s
   206   155  967.56460   97  189  956.34410  967.89763  1.21%   184  555s
   212   156  967.24291   99  220  956.34410  967.89763  1.21%   183  560s
   215   156     cutoff  102       956.34410  967.89763  1.21%   186  566s
H  217   154                     957.3264404  967.89763  1.10%   192  573s
   218   157  966.99970  100  219  957.32644  967.89763  1.10%   193  576s
   224   162  958.62018  106   73  957.32644  967.89763  1.10%   189  581s
   226   161     cutoff  108       957.32644  967.89763  1.10%   195  593s
   227   160     cutoff  106       957.32644  967.89763  1.10%   211  616s
   229   159     cutoff  106       957.32644  967.89763  1.10%   212  624s
   230   160  967.89763    9  233  957.32644  967.89763  1.10%   212  625s
   231   161  967.89763   10   84  957.32644  967.89763  1.10%   217  632s
   233   163  967.89763   12  179  957.32644  967.89763  1.10%   216  635s
   235   165  967.89763   14  177  957.32644  967.89763  1.10%   214  640s
   238   168  967.89763   17  174  957.32644  967.89763  1.10%   212  645s
   241   171  967.89763   20  171  957.32644  967.89763  1.10%   209  650s
   244   174  967.89763   23  168  957.32644  967.89763  1.10%   207  655s
   257   187  967.89763   36  155  957.32644  967.89763  1.10%   196  660s
   263   193  967.89763   40  185  957.32644  967.89763  1.10%   194  666s
   269   199  967.89763   43  136  957.32644  967.89763  1.10%   191  670s
   275   205  967.89763   45  259  957.32644  967.89763  1.10%   188  675s
   280   210  967.89763   50   93  957.32644  967.89763  1.10%   185  680s
   285   215  967.89763   52   69  957.32644  967.89763  1.10%   186  685s
   291   220  967.89763   52   79  957.32644  967.89763  1.10%   184  690s
   298   226  967.89763   56   76  957.32644  967.89763  1.10%   181  696s
H  300   226                     959.2594704  967.89763  0.90%   180  704s
   301   227  967.89763   58   43  959.25947  967.89763  0.90%   179  705s
   318   229  959.52773   71  116  959.25947  967.89763  0.90%   170  710s
H  325   227                     961.2826764  967.89763  0.69%   170  715s
   331   233  967.89763   59   94  961.28268  967.89763  0.69%   168  722s
   335   235  967.89763   61   91  961.28268  967.89763  0.69%   167  726s
H  339   237                     963.2666153  967.89763  0.48%   165  729s
   339   238  967.89763   63   88  963.26662  967.89763  0.48%   165  730s
   346   244  967.89763   67   40  963.26662  967.89763  0.48%   162  735s
   351   247  967.89763   70   85  963.26662  967.89763  0.48%   160  740s
H  352   242                     964.9154609  967.89763  0.31%   160  741s
   355   246  967.89763   72   88  964.91546  967.89763  0.31%   159  745s
   359   248  967.89763   74   88  964.91546  967.89763  0.31%   158  750s
   363   250  967.89763   76   88  964.91546  967.89763  0.31%   156  755s
H  365   250                     965.9963189  967.89763  0.20%   156  757s
   367   252  967.89763   78   88  965.99632  967.89763  0.20%   155  761s
   371   254  967.89763   80   88  965.99632  967.89763  0.20%   154  766s
   375   256  967.89763   82   88  965.99632  967.89763  0.20%   153  771s
H  379   257                     966.0071766  967.89763  0.20%   151  775s
   383   260  967.89763   86   88  966.00718  967.89763  0.20%   150  781s
   387   262  967.89763   88   88  966.00718  967.89763  0.20%   149  786s
H  391   263                     966.0977031  967.89763  0.19%   148  791s
   394   266  967.89763   91   39  966.09770  967.89763  0.19%   147  795s
H  397   266                     966.0989181  967.89763  0.19%   146  805s
   400   269  967.89763   94   39  966.09892  967.89763  0.19%   146  810s
   403   270  967.89763   96   88  966.09892  967.89763  0.19%   145  815s
   407   272  967.89763   98   88  966.09892  967.89763  0.19%   144  820s
   411   274  967.89763  100   88  966.09892  967.89763  0.19%   143  825s
   415   276  967.89763  102   88  966.09892  967.89763  0.19%   142  830s
   419   278  967.89763  104   88  966.09892  967.89763  0.19%   141  835s
   423   280  967.89763  106   88  966.09892  967.89763  0.19%   140  840s
   427   282  967.89763  108   88  966.09892  967.89763  0.19%   139  845s
   431   284  967.89763  110   88  966.09892  967.89763  0.19%   138  850s
H  433   284                     966.1016328  967.89763  0.19%   138  852s
   435   286  967.89763  112   88  966.10163  967.89763  0.19%   137  855s
   439   288  967.89763  114   88  966.10163  967.89763  0.19%   136  860s
   443   290  967.89763  116   88  966.10163  967.89763  0.19%   136  867s
   446   292  967.89763  117   39  966.10163  967.89763  0.19%   135  870s
   451   294  967.89763  120   88  966.10163  967.89763  0.19%   134  876s
   455   297  967.89763  122   88  966.10163  967.89763  0.19%   133  880s
   459   299  967.89763  124   88  966.10163  967.89763  0.19%   132  885s
   463   301  967.89763  126   88  966.10163  967.89763  0.19%   131  891s
   467   303  967.89763  128   88  966.10163  967.89763  0.19%   131  895s
H  469   303                     966.1022291  967.89763  0.19%   130  897s
   470   305  967.89763  129   39  966.10223  967.89763  0.19%   130  901s
   473   306  967.89763  131   88  966.10223  967.89763  0.19%   130  906s
   477   308  967.89763  133   88  966.10223  967.89763  0.19%   129  911s
   480   310  967.89763  134   39  966.10223  967.89763  0.19%   128  915s
   484   312  967.89763  136   39  966.10223  967.89763  0.19%   127  920s
   487   313  967.89763  138   88  966.10223  967.89763  0.19%   127  925s
   491   315  967.89763  140   88  966.10223  967.89763  0.19%   126  930s
   495   317  967.89763  142   88  966.10223  967.89763  0.19%   126  936s
   501   321  967.89763  146   88  966.10223  967.89763  0.19%   124  941s
   507   326  967.89763  151   88  966.10223  967.89763  0.19%   123  945s
   511   329  967.89763   83  107  966.10223  967.89763  0.19%   122 1113s

Explored 512 nodes (185895 simplex iterations) in 1200.06 seconds (4806.44 work units)
Thread count was 1 (of 64 available processors)

Solution count 10: 966.102 966.102 966.099 ... 959.259

Time limit reached
Best objective 9.661022291210e+02, best bound 9.678976270888e+02, gap 0.1858%
Tree policy:
if inventory <= 39.0:
    if inventory <= 6.0:
        if inventory <= 2.0:
            if inventory <= 0.0:
                return '(Buy_12)'
            else:
                return '(Buy_10)'
        else:
            if inventory <= 4.0:
                return '(Buy_8)'
            else:
                return '(Buy_6)'
    else:
        if inventory <= 95.0:
            if inventory <= 22.0:
                return '(Buy_1)'
            else:
                if inventory <= 56.0:
                    return '(Buy_3)'
                else:
                    return '(Don't'
        else:
            return '(Don't'
else:
    if inventory <= 39.0:
        if inventory <= 38.0:
            if inventory <= 68.0:
                return '__random__'
            else:
                return '(Don't'
        else:
            if inventory <= 47.0:
                return '__random__'
            else:
                return '(Don't'
    else:
        if inventory <= 95.0:
            if inventory <= 57.0:
                return '(Buy_78)'
            else:
                return '__random__'
        else:
            if inventory <= 94.0:
                return '(Buy_74)'
            else:
                return '__random__'
Optimal decision tree (depth=7) value: 966.1022291209522
Writing result files...
