Solving...
Starting with fixed depth 5
Set parameter Username
Academic license - for non-commercial use only - expires 2025-09-20
Warning for adding constraints: zero or small (< 1e-13) coefficients, ignored
Set parameter Threads to value 1
Set parameter TimeLimit to value 1200
Gurobi Optimizer version 10.0.0 build v10.0.0rc2 (linux64)

CPU model: AMD EPYC 9124 16-Core Processor, instruction set [SSE2|AVX|AVX2|AVX512]
Thread count: 32 physical cores, 64 logical processors, using up to 1 threads

Optimize a model with 340029 rows, 29896 columns and 2994581 nonzeros
Model fingerprint: 0x4b32382a
Variable types: 10201 continuous, 19695 integer (19695 binary)
Coefficient statistics:
  Matrix range     [1e-13, 1e+02]
  Objective range  [1e-07, 2e+01]
  Bounds range     [1e+00, 1e+02]
  RHS range        [1e+00, 5e+00]
Presolve removed 3182 rows and 237 columns
Presolve time: 4.24s
Presolved: 336847 rows, 29659 columns, 2827921 nonzeros
Variable types: 10212 continuous, 19447 integer (19447 binary)
Found heuristic solution: objective -163.1294392
Root relaxation presolved: 29659 rows, 366506 columns, 2857580 nonzeros


Root simplex log...

Iteration    Objective       Primal Inf.    Dual Inf.      Time
       0    2.5398381e+04   0.000000e+00   2.851099e+03      9s
Warning: Markowitz tolerance tightened to 0.03125
    4785    2.3930240e+03   0.000000e+00   1.631738e+04     10s
    5532    9.6789763e+02   0.000000e+00   0.000000e+00     11s
    5533    9.6789763e+02   0.000000e+00   0.000000e+00     11s
Extra simplex iterations from dual to original model: 1

Root relaxation: objective 9.678976e+02, 5533 iterations, 3.84 seconds (15.56 work units)

    Nodes    |    Current Node    |     Objective Bounds      |     Work
 Expl Unexpl |  Obj  Depth IntInf | Incumbent    BestBd   Gap | It/Node Time

     0     0  967.89763    0  533 -163.12944  967.89763   693%     -   13s
     0     0  967.89763    0  533 -163.12944  967.89763   693%     -   18s
H    0     0                     -51.6606827  967.89763  1974%     -   22s
     0     0  967.89763    0  252  -51.66068  967.89763  1974%     -   25s
H    0     0                     205.6322305  967.89763   371%     -   26s
     0     0  967.89763    0  132  205.63223  967.89763   371%     -   29s
H    0     0                     286.1722588  967.89763   238%     -   32s
     0     0  967.89763    0  252  286.17226  967.89763   238%     -   34s
     0     0  967.89763    0  252  286.17226  967.89763   238%     -   35s
     0     0  967.89763    0  153  286.17226  967.89763   238%     -   38s
H    0     0                     364.1240214  967.89763   166%     -   39s
     0     0  967.89763    0  169  364.12402  967.89763   166%     -   39s
     0     0  967.89763    0  162  364.12402  967.89763   166%     -   41s
H    0     0                     482.6978080  967.89763   101%     -   42s
     0     0  967.89763    0  153  482.69781  967.89763   101%     -   44s
     0     0  967.89763    0  155  482.69781  967.89763   101%     -   45s
     0     0  967.89763    0  154  482.69781  967.89763   101%     -   47s
     0     0  967.89763    0  154  482.69781  967.89763   101%     -   50s
H    0     0                     585.4382123  967.89763  65.3%     -   54s
     0     2  967.89763    0  154  585.43821  967.89763  65.3%     -   54s
     1     3  967.89763    1  178  585.43821  967.89763  65.3%   793   55s
    20    22  967.89763   17  160  585.43821  967.89763  65.3%   104   60s
H   27    22                     948.1731764  967.89763  2.08%  78.9   61s
    32    25  954.56730   26  146  948.17318  967.89763  2.08%   142   65s
    42    26  952.51538   35  142  948.17318  967.89763  2.08%   150   70s
H   53    22                     955.4316058  967.89763  1.30%   119   73s
    64    33  967.89763   17  115  955.43161  967.89763  1.30%   103   75s
    79    44  967.89763   27  253  955.43161  967.89763  1.30%  92.8   80s
    98    59  967.89763   41   48  955.43161  967.89763  1.30%  84.5   85s
H  108    59                     956.2331518  967.89763  1.22%  79.2   87s
   129    60  962.42922   72   34  956.23315  967.89763  1.22%  66.7   90s
H  162    59                     956.5895478  967.89763  1.18%  53.5   94s
   166    60  962.42922  109   34  956.58955  967.89763  1.18%  52.2   95s
H  190    57                     959.9088562  967.89763  0.83%  46.0  100s
   194    60  962.87759   14  105  959.90886  967.89763  0.83%  72.0  105s
   200    58  965.81885   38   54  959.90886  967.89763  0.83%  79.8  110s
H  235    66                     963.4001289  967.89763  0.47%  68.8  113s
   244    77  967.89763   24  102  963.40013  967.89763  0.47%  67.1  115s
   273   106  967.89763   39  125  963.40013  967.89763  0.47%  63.1  120s
   287   115  967.89763   48  333  963.40013  967.89763  0.47%  63.1  125s
   309   131  967.89763   60   85  963.40013  967.89763  0.47%  62.4  130s
H  325   137                     963.4008836  967.89763  0.47%  63.7  134s
   327   140  967.88189   70   31  963.40088  967.89763  0.47%  63.6  135s
H  352   154                     963.5082878  967.89763  0.46%  65.9  139s
   357   158  967.88189   85   77  963.50829  967.89763  0.46%  66.8  140s
   370   167  967.36749   92  119  963.50829  967.89763  0.46%  74.3  145s
   376   170  967.36749   95  120  963.50829  967.89763  0.46%  85.3  150s
H  379   170                     963.9275094  967.89763  0.41%  84.7  152s
   382   173  967.89763   98   69  963.92751  967.89763  0.41%  87.6  155s
   391   178  967.89763  103   69  963.92751  967.89763  0.41%  92.4  160s
H  406   187                     963.9372669  967.89763  0.41%  91.4  164s
   408   189  967.89713  112  160  963.93727  967.89763  0.41%  91.8  165s
   419   195  967.89763  118   69  963.93727  967.89763  0.41%  90.1  170s
   427   197  967.36749  121  120  963.93727  967.89763  0.41%  96.8  175s
   435   200  967.36749  125  106  963.93727  967.89763  0.41%   104  180s
   443   203  967.89763  129   69  963.93727  967.89763  0.41%   108  185s
H  460   205                     964.9045072  967.89763  0.31%   110  188s
   472   207  967.58355  144   43  964.90451  967.89763  0.31%   110  190s
   512   207  967.58355  164   43  964.90451  967.89763  0.31%   110  195s
H  516   205                     964.9045211  967.89763  0.31%   110  196s
   543   208  967.58355  180   43  964.90452  967.89763  0.31%   109  200s
   573   208  967.58355  195   43  964.90452  967.89763  0.31%   109  205s
H  598   219                     965.5005900  967.89763  0.25%   107  209s
   601   224  967.89763   55  141  965.50059  967.89763  0.25%   106  210s
   627   245  967.89763   76  213  965.50059  967.89763  0.25%   103  215s
   651   261  967.88189   89   89  965.50059  967.89763  0.25%   102  220s
   666   271  967.88189   95   78  965.50059  967.89763  0.25%   103  225s
   686   281  967.88189  105   61  965.50059  967.89763  0.25%   104  230s
H  688   281                     965.5036738  967.89763  0.25%   104  231s
   698   289  967.89713  113  165  965.50367  967.89763  0.25%   105  235s
   711   297  967.05474  121  102  965.50367  967.89763  0.25%   109  240s
H  733   308                     966.8829401  967.89763  0.10%   107  246s
   741   313  967.89763  136   35  966.88294  967.89763  0.10%   110  250s
   750   312     cutoff  141       966.88294  967.89763  0.10%   124  255s
H  757   312                     967.3224486  967.89763  0.06%   125  258s
   758   313 infeasible  147       967.32245  967.89763  0.06%   136  261s
   760   313 infeasible  148       967.32245  967.89763  0.06%   155  267s
   762   313 infeasible  149       967.32245  967.89763  0.06%   172  274s
   764   313 infeasible  150       967.32245  967.89763  0.06%   192  283s
   766   313 infeasible  151       967.32245  967.89763  0.06%   213  311s
   768   313 infeasible  152       967.32245  967.89763  0.06%   231  337s
   770   313 infeasible  153       967.32245  967.89763  0.06%   246  358s
   772   313 infeasible  154       967.32245  967.89763  0.06%   265  381s
   774   313 infeasible  155       967.32245  967.89763  0.06%   288  414s
   776   313 infeasible  156       967.32245  967.89763  0.06%   306  441s
   778   313 infeasible  157       967.32245  967.89763  0.06%   327  469s
   780   313 infeasible  158       967.32245  967.89763  0.06%   345  490s
   782   313 infeasible  159       967.32245  967.89763  0.06%   363  519s
   783   314  967.89763  159   35  967.32245  967.89763  0.06%   363  521s
   784   313 infeasible  160       967.32245  967.89763  0.06%   381  542s
H  785   312                     967.3255283  967.89763  0.06%   381  545s
   786   313 infeasible  161       967.32553  967.89763  0.06%   399  569s
   787   314  967.89763  161   35  967.32553  967.89763  0.06%   398  570s
   788   313 infeasible  162       967.32553  967.89763  0.06%   410  586s
   790   313 infeasible  163       967.32553  967.89763  0.06%   417  594s
   791   314  967.89763  163   35  967.32553  967.89763  0.06%   417  595s
   792   313 infeasible  164       967.32553  967.89763  0.06%   440  628s
   794   313 infeasible  165       967.32553  967.89763  0.06%   457  649s
   796   313 infeasible  166       967.32553  967.89763  0.06%   478  680s
   798   313 infeasible  167       967.32553  967.89763  0.06%   502  719s
   799   314  967.89763  167   35  967.32553  967.89763  0.06%   501  720s
   800   313 infeasible  168       967.32553  967.89763  0.06%   519  742s
   802   313 infeasible  169       967.32553  967.89763  0.06%   535  765s
   804   313 infeasible  170       967.32553  967.89763  0.06%   547  782s
   806   313 infeasible  171       967.32553  967.89763  0.06%   560  803s
   808   313 infeasible  172       967.32553  967.89763  0.06%   575  825s
   810   313 infeasible  173       967.32553  967.89763  0.06%   589  845s
   812   313 infeasible  174       967.32553  967.89763  0.06%   600  860s
   814   313 infeasible  175       967.32553  967.89763  0.06%   614  881s
   816   313 infeasible  176       967.32553  967.89763  0.06%   628  902s
   818   313 infeasible  177       967.32553  967.89763  0.06%   657  949s
   820   313 infeasible  178       967.32553  967.89763  0.06%   672  966s
   822   313 infeasible  179       967.32553  967.89763  0.06%   681  980s
   824   313 infeasible  180       967.32553  967.89763  0.06%   695  998s
   826   313 infeasible  181       967.32553  967.89763  0.06%   713 1024s
   828   313 infeasible  182       967.32553  967.89763  0.06%   727 1047s
   830   313 infeasible  183       967.32553  967.89763  0.06%   740 1064s
   832   313 infeasible  184       967.32553  967.89763  0.06%   754 1091s
   834   313 infeasible  185       967.32553  967.89763  0.06%   779 1128s
   836   313 infeasible  186       967.32553  967.89763  0.06%   792 1147s
   838   313 infeasible  187       967.32553  967.89763  0.06%   808 1175s

Cutting planes:
  Implied bound: 43
  MIR: 42
  Flow cover: 2
  Zero half: 7
  RLT: 1

Explored 840 nodes (696715 simplex iterations) in 1200.02 seconds (2528.38 work units)
Thread count was 1 (of 64 available processors)

Solution count 10: 967.326 967.322 966.883 ... 963.508

Time limit reached
Best objective 9.673255282798e+02, best bound 9.678976270842e+02, gap 0.0591%
Tree policy:
if inventory <= 9.0:
    if inventory <= 3.0:
        if inventory <= 2.0:
            if inventory <= 1.0:
                if inventory <= 0.0:
                    return '(Buy_12)'
                else:
                    return '(Buy_11)'
            else:
                return '(Buy_9)'
        else:
            return '(Buy_8)'
    else:
        if inventory <= 5.0:
            return '(Buy_7)'
        else:
            return '(Buy_4)'
else:
    if inventory <= 47.0:
        if inventory <= 20.0:
            return '(Buy_1)'
        else:
            if inventory <= 38.0:
                return '(Buy_2)'
            else:
                return '(Buy_1)'
    else:
        if inventory <= 95.0:
            if inventory <= 57.0:
                return '(Don't'
            else:
                if inventory <= 62.0:
                    return '(Don't'
                else:
                    return '__random__'
        else:
            return '__random__'
Optimal decision tree (depth=5) value: 967.3255282797965
Writing result files...
