Solving...
Starting with fixed depth 3
Set parameter Username
Academic license - for non-commercial use only - expires 2025-09-20
Warning for adding constraints: zero or small (< 1e-13) coefficients, ignored
Set parameter Threads to value 1
Set parameter TimeLimit to value 1200
Gurobi Optimizer version 10.0.0 build v10.0.0rc2 (linux64)

CPU model: AMD EPYC 9124 16-Core Processor, instruction set [SSE2|AVX|AVX2|AVX512]
Thread count: 32 physical cores, 64 logical processors, using up to 1 threads

Optimize a model with 92733 rows, 22624 columns and 989125 nonzeros
Model fingerprint: 0x8959a0dc
Variable types: 10201 continuous, 12423 integer (12423 binary)
Coefficient statistics:
  Matrix range     [1e-13, 1e+02]
  Objective range  [1e-07, 2e+01]
  Bounds range     [1e+00, 1e+02]
  RHS range        [1e+00, 3e+00]
Presolve removed 710 rows and 45 columns
Presolve time: 1.37s
Presolved: 92023 rows, 22579 columns, 941537 nonzeros
Variable types: 10212 continuous, 12367 integer (12367 binary)
Root relaxation presolved: 22579 rows, 114602 columns, 964116 nonzeros


Root simplex log...

Iteration    Objective       Primal Inf.    Dual Inf.      Time
    1358    9.5417954e+02   2.245269e+02   0.000000e+00      5s
    1403    9.6789763e+02   0.000000e+00   0.000000e+00      5s
    1403    9.6789763e+02   0.000000e+00   0.000000e+00      5s

Root relaxation: objective 9.678976e+02, 1403 iterations, 0.87 seconds (2.34 work units)

    Nodes    |    Current Node    |     Objective Bounds      |     Work
 Expl Unexpl |  Obj  Depth IntInf | Incumbent    BestBd   Gap | It/Node Time

     0     0  967.89763    0  128          -  967.89763      -     -    5s
     0     0  967.89763    0  227          -  967.89763      -     -   10s
     0     0  967.89763    0  202          -  967.89763      -     -   14s
     0     0  967.89763    0  201          -  967.89763      -     -   16s
     0     0  967.89763    0  201          -  967.89763      -     -   25s
     0     0  967.89763    0  201          -  967.89763      -     -   27s
     0     0  967.89763    0  206          -  967.89763      -     -   28s
     0     0  967.89763    0  117          -  967.89763      -     -   31s
     0     0  967.89763    0  114          -  967.89763      -     -   31s
     0     0  967.89763    0  116          -  967.89763      -     -   33s
     0     0  967.89763    0  112          -  967.89763      -     -   34s
     0     0  967.89763    0  112          -  967.89763      -     -   36s
     0     0  967.89763    0  109          -  967.89763      -     -   37s
     0     0  967.89763    0  109          -  967.89763      -     -   38s
H    0     0                    -792.8058803  967.89763   222%     -   40s
H    0     0                    -686.3607736  967.89763   241%     -   41s
     0     2  967.89763    0  109 -686.36077  967.89763   241%     -   47s
     8    10  967.89763    7  219 -686.36077  967.89763   241%   291   50s
    12    14  967.89763   11  221 -686.36077  967.89763   241%   948   55s
    17    19  967.60210   14  223 -686.36077  967.89763   241%  1028   60s
    20    22  967.63810   16 7985 -686.36077  967.89763   241%  2244   75s
H   27    26                     952.1617162  967.89763  1.65%  1690   82s
    27    27  966.31120   21  589  952.16172  967.89763  1.65%  1690   86s
    28    27  960.37863   22  298  952.16172  967.89763  1.65%  1643   90s
    52    46  967.89763   15   75  952.16172  967.89763  1.65%   921   95s
    78    62  967.89763   28  119  952.16172  967.89763  1.65%   651  100s
H   81    63                     952.1628119  967.89763  1.65%   629  100s
   112    83  967.89763   46   75  952.16281  967.89763  1.65%   476  105s
   141    98  967.89763   60  119  952.16281  967.89763  1.65%   388  110s
   182   119  967.89763   81  119  952.16281  967.89763  1.65%   310  116s
   213   135  967.89763   97   75  952.16281  967.89763  1.65%   272  120s
   243   150  967.89763  112   75  952.16281  967.89763  1.65%   244  125s
*  258   153             121     955.3391768  967.89763  1.31%   233  127s
   297   158  963.91931   43   39  955.33918  967.89763  1.31%   210  130s
   388   162  959.59771   18  158  955.33918  967.89763  1.31%   166  135s
   397   163  967.46843   17   65  955.33918  967.89763  1.31%   170  140s
H  432   170                     955.7740730  967.89763  1.27%   163  144s
   434   174  967.13226   25  171  955.77407  967.89763  1.27%   163  145s
H  436   173                     956.6007035  967.89763  1.18%   162  147s
H  459   175                     959.5002141  967.89763  0.88%   156  148s
*  460   175              28     959.5009308  967.89763  0.88%   155  148s
*  462   171              28     959.6872071  967.89763  0.86%   155  148s
   486   170  967.89575   45  147  959.68721  967.89763  0.86%   148  150s
   550   169  967.89578   90  152  959.68721  967.89763  0.86%   132  155s
   594   177  966.90152   30  161  959.68721  967.89763  0.86%   125  160s
   680   197  966.34034   39  181  959.68721  967.89763  0.86%   117  165s
H  734   204                     959.8928634  967.89763  0.83%   114  172s
   809   226  961.00400  132   34  959.89286  967.89763  0.83%   105  175s
   878   238  964.39617   74   99  959.89286  967.89763  0.83%   100  180s
H  898   228                     961.6294082  967.89763  0.65%   100  184s
   926   237  962.42056   77   53  961.62941  967.89763  0.65%  98.8  186s
   973   244  961.69527   82   32  961.62941  967.89763  0.65%  96.5  190s
  1007   252  961.69527  116   33  961.62941  967.89763  0.65%  93.3  195s
  1088   274  967.35517   26   61  961.62941  967.89763  0.65%  87.2  201s
  1216   297  962.66959   46   63  961.62941  967.89763  0.65%  85.9  205s
  1341   312  966.33981   32  165  961.62941  967.89763  0.65%  83.5  210s
  1438   329  966.82284   83   70  961.62941  967.89763  0.65%  81.0  215s
  1537   347  966.47030   17  109  961.62941  967.89763  0.65%  78.9  229s
H 1538   330                     962.3758701  967.89763  0.57%  78.9  241s
  1540   331  964.61337   96  201  962.37587  967.89763  0.57%  78.8  255s
  1541   332  967.89763   43  203  962.37587  967.89763  0.57%  78.7  276s
  1542   332  962.37587  172  203  962.37587  967.89763  0.57%  78.7  285s
  1543   333  962.67956   34  185  962.37587  967.89763  0.57%  78.6  291s
  1546   335  966.35297   33  111  962.37587  967.89763  0.57%  78.5  297s
  1549   337  965.55725   85  112  962.37587  967.89763  0.57%  78.3  302s
  1551   338  965.45792   20  140  962.37587  967.89763  0.57%  78.2  305s
  1555   341  965.43563   89  112  962.37587  967.89763  0.57%  78.0  323s
  1556   342  962.67956   88  112  962.37587  967.89763  0.57%  78.0  325s
  1564   349  967.89763   13  473  962.37587  967.89763  0.57%   114  330s
  1566   348 infeasible   14       962.37587  967.89763  0.57%   154  461s
  1568   348 infeasible   15       962.37587  967.89763  0.57%   165  500s
  1570   347     cutoff   16       962.37587  967.89763  0.57%   165  509s
  1572   348  967.89763   17  326  962.37587  967.89763  0.57%   165  510s
  1580   354  967.89763   21  305  962.37587  967.89763  0.57%   169  515s
  1587   358  967.89763   25  255  962.37587  967.89763  0.57%   170  525s
  1612   361  967.89763   37  194  962.37587  967.89763  0.57%   173  530s
  1629   358  967.89763   12  148  962.37587  967.89763  0.57%   176  535s
  1638   364  967.89763   17  204  962.37587  967.89763  0.57%   177  540s
  1661   377  967.89763   28  111  962.37587  967.89763  0.57%   181  545s
  1681   388  967.36495   38  160  962.37587  967.89763  0.57%   183  550s
  1686   391  967.89242   41  181  962.37587  967.89763  0.57%   182  555s
  1707   403  967.36937   51  196  962.37587  967.89763  0.57%   184  560s
  1722   407  967.70672   59   33  962.37587  967.89763  0.57%   186  565s
  1732   412  967.53170   64  801  962.37587  967.89763  0.57%   189  570s
  1746   417  967.49165   71  928  962.37587  967.89763  0.57%   189  575s
  1763   427  967.45424   79 1199  962.37587  967.89763  0.57%   188  580s
  1780   435  967.40353   88  670  962.37587  967.89763  0.57%   187  585s
H 1791   418                     962.3794198  967.89763  0.57%   186  587s
  1800   422  967.40192   98  427  962.37942  967.89763  0.57%   186  590s
  1820   427  967.39680  108  150  962.37942  967.89763  0.57%   185  595s
  1842   430  967.39680  119  150  962.37942  967.89763  0.57%   185  600s
  1862   434  967.39680  129  150  962.37942  967.89763  0.57%   185  605s
  1886   438  967.39680  141  150  962.37942  967.89763  0.57%   184  610s
  1901   441  967.26822  149   85  962.37942  967.89763  0.57%   183  615s
* 1930   416             164     962.7460157  967.89763  0.54%   181  619s
* 1931   399             165     962.7469050  967.89763  0.54%   181  619s
  1933   399  962.74693  166   16  962.74690  967.89763  0.54%   181  620s
* 1934   383             167     962.7469267  967.89763  0.54%   181  620s
H 1936   364                     963.6498143  967.89763  0.44%   181  621s
  1943   370  postponed   38       963.64981  967.89763  0.44%   192  645s
  1945   371  postponed   39       963.64981  967.89763  0.44%   202  667s
  1951   366     cutoff   40       963.64981  967.89763  0.44%   205  671s
H 1955   348                     963.6796166  967.89763  0.44%   205  675s
H 1965   335                     964.3361671  967.89763  0.37%   204  679s
  1967   337  967.89763   23  171  964.33617  967.89763  0.37%   204  681s
  1973   335  967.89763   26  184  964.33617  967.89763  0.37%   204  685s
H 1981   317                     966.5405651  967.89763  0.14%   206  689s
  1986   320  967.89763   33  245  966.54057  967.89763  0.14%   206  690s
  2005   328  967.79630   48   29  966.54057  967.89763  0.14%   204  695s
  2014   324  967.89763   33  178  966.54057  967.89763  0.14%   204  700s
H 2035   308                     966.6515692  967.89763  0.13%   203  702s
  2047   308 infeasible   54       966.65157  967.89763  0.13%   262  844s
H 2051   292                     966.6710282  967.89763  0.13%   262  854s
  2054   295  967.89763   29  396  966.67103  967.89763  0.13%   264  855s
  2056   294     cutoff   31       966.67103  967.89763  0.13%   271  861s
  2078   298  967.62878   46  454  966.67103  967.89763  0.13%   272  865s
  2105   300  967.89763   39  129  966.67103  967.89763  0.13%   270  870s
H 2139   290                     966.7942621  967.89763  0.11%   266  872s
  2165   311  967.89238   74   22  966.79426  967.89763  0.11%   263  875s
H 2204   297                     966.7942694  967.89763  0.11%   259  878s
  2208   303  postponed   47       966.79427  967.89763  0.11%   281 1009s
  2209   302     cutoff   48       966.79427  967.89763  0.11%   286 1018s
  2213   301  postponed   47       966.79427  967.89763  0.11%   313 1143s
  2214   300     cutoff   48       966.79427  967.89763  0.11%   318 1154s
  2216   300  967.89763   25  454  966.79427  967.89763  0.11%   319 1159s
  2217   300  967.89763   26  449  966.79427  967.89763  0.11%   319 1169s
  2218   301  967.89763   27  449  966.79427  967.89763  0.11%   319 1174s
  2228   303  967.46689   33  527  966.79427  967.89763  0.11%   318 1175s
  2256   311  967.89763   32  294  966.79427  967.89763  0.11%   320 1180s
H 2282   322                     966.8791445  967.89763  0.11%   320 1192s
  2287   323  967.46675   52  291  966.87914  967.89763  0.11%   320 1195s
  2324   332  967.84458   42   76  966.87914  967.89763  0.11%   317 1200s

Cutting planes:
  Gomory: 13
  Implied bound: 15
  MIR: 7
  Flow cover: 13
  Zero half: 107

Explored 2325 nodes (744797 simplex iterations) in 1200.01 seconds (2571.98 work units)
Thread count was 1 (of 64 available processors)

Solution count 10: 966.879 966.794 966.794 ... 962.747

Time limit reached
Best objective 9.668791444979e+02, best bound 9.678976270893e+02, gap 0.1053%
Tree policy:
if inventory <= 4.0:
    if inventory <= 1.0:
        if inventory <= 0.0:
            return '(Buy_12)'
        else:
            return '(Buy_11)'
    else:
        if inventory <= 2.0:
            return '(Buy_9)'
        else:
            return '(Buy_8)'
else:
    if inventory <= 7.0:
        return '(Buy_5)'
    else:
        if inventory <= 69.0:
            return '(Buy_1)'
        else:
            return '(Don't'
Optimal decision tree (depth=3) value: 966.8791444979104
Writing result files...
