Solving...
Starting with fixed depth 4
Set parameter Username
Academic license - for non-commercial use only - expires 2025-09-20
Warning for adding constraints: zero or small (< 1e-13) coefficients, ignored
Set parameter Threads to value 1
Set parameter TimeLimit to value 1200
Gurobi Optimizer version 10.0.0 build v10.0.0rc2 (linux64)

CPU model: AMD EPYC 9124 16-Core Processor, instruction set [SSE2|AVX|AVX2|AVX512]
Thread count: 32 physical cores, 64 logical processors, using up to 1 threads

Optimize a model with 175165 rows, 25048 columns and 1603205 nonzeros
Model fingerprint: 0x776dc6b0
Variable types: 10201 continuous, 14847 integer (14847 binary)
Coefficient statistics:
  Matrix range     [1e-13, 1e+02]
  Objective range  [1e-07, 2e+01]
  Bounds range     [1e+00, 1e+02]
  RHS range        [1e+00, 4e+00]
Presolve removed 1534 rows and 109 columns
Presolve time: 2.26s
Presolved: 173631 rows, 24939 columns, 1516465 nonzeros
Variable types: 10212 continuous, 14727 integer (14727 binary)
Found heuristic solution: objective -176.8468984
Root relaxation presolved: 24939 rows, 198570 columns, 1541404 nonzeros


Root simplex log...

Iteration    Objective       Primal Inf.    Dual Inf.      Time
       0      handle free variables                          5s
    2268    9.6789763e+02   0.000000e+00   0.000000e+00      6s
    2268    9.6789763e+02   0.000000e+00   0.000000e+00      6s

Root relaxation: objective 9.678976e+02, 2268 iterations, 1.26 seconds (3.20 work units)

    Nodes    |    Current Node    |     Objective Bounds      |     Work
 Expl Unexpl |  Obj  Depth IntInf | Incumbent    BestBd   Gap | It/Node Time

     0     0  967.89763    0  124 -176.84690  967.89763   647%     -    7s
     0     0  967.89763    0  224 -176.84690  967.89763   647%     -   13s
H    0     0                      47.7299422  967.89763  1928%     -   17s
     0     0  967.89763    0  217   47.72994  967.89763  1928%     -   20s
     0     0  967.89763    0  213   47.72994  967.89763  1928%     -   22s
     0     0  967.89763    0  130   47.72994  967.89763  1928%     -   24s
     0     0  967.89763    0  217   47.72994  967.89763  1928%     -   27s
     0     0  967.89763    0  208   47.72994  967.89763  1928%     -   29s
     0     0  967.89763    0  206   47.72994  967.89763  1928%     -   31s
     0     0  967.89763    0  208   47.72994  967.89763  1928%     -   33s
     0     0  967.89763    0  207   47.72994  967.89763  1928%     -   35s
     0     0  967.89763    0  208   47.72994  967.89763  1928%     -   37s
     0     0  967.89763    0  208   47.72994  967.89763  1928%     -   38s
     0     2  967.89763    0  202   47.72994  967.89763  1928%     -   47s
     6     8  967.89763    6  222   47.72994  967.89763  1928%   712   52s
    13    15  967.89763   11  242   47.72994  967.89763  1928%   619   55s
H   27    27                     865.6469610  967.89763  11.8%   336   61s
    33    35  967.63830   27  154  865.64696  967.89763  11.8%   467   65s
    39    41  962.84024   31  203  865.64696  967.89763  11.8%   616   70s
*   42    39              34     952.1631189  967.89763  1.65%   574   71s
*   54    35              13     955.3382480  967.89763  1.31%   480   74s
H   56    33                     955.3401588  967.89763  1.31%   463   74s
    57    35  967.35463   10  425  955.34016  967.89763  1.31%   490   76s
    65    37  963.53751   13  459  955.34016  967.89763  1.31%   515   81s
    71    39  961.79763   16  238  955.34016  967.89763  1.31%   522   88s
    76    37  967.89709    9 2237  955.34016  967.89763  1.31%   518   90s
    89    40     cutoff   13       955.34016  967.89763  1.31%   542   95s
    95    42  963.53711   15 2244  955.34016  967.89763  1.31%   551  102s
    96    42  962.14034   16  401  955.34016  967.89763  1.31%   555  107s
    97    42  957.08581   17  230  955.34016  967.89763  1.31%   562  121s
   112    41     cutoff   21       955.34016  967.89763  1.31%   550  125s
   120    44  962.03277   24 2081  955.34016  967.89763  1.31%   569  131s
   125    43  962.10320   26  230  955.34016  967.89763  1.31%   587  136s
   128    42  962.06097   15  462  955.34016  967.89763  1.31%   595  140s
   149    45  957.95757   33  153  955.34016  967.89763  1.31%   577  145s
   214    45  967.89763    1  251  955.34016  967.89763  1.31%   405  150s
   248    79  967.89763   35  191  955.34016  967.89763  1.31%   353  158s
   259    90  963.39503   46  291  955.34016  967.89763  1.31%   339  160s
   280   109  963.39503   66  125  955.34016  967.89763  1.31%   315  165s
   303   116  963.39503   81  196  955.34016  967.89763  1.31%   307  170s
H  331   120                     956.2333904  967.89763  1.22%   289  174s
H  333   120                     956.2376096  967.89763  1.22%   287  175s
*  340   117             103     959.1423714  967.89763  0.91%   283  175s
*  349   118             109     960.2756596  967.89763  0.79%   277  176s
*  350   117             109     960.5769609  967.89763  0.76%   276  176s
*  352   116             109     960.7345680  967.89763  0.75%   275  176s
H  358   118                     961.1438307  967.89763  0.70%   271  178s
   367   125  967.89763   22  134  961.14383  967.89763  0.70%   266  180s
H  386    93                     964.5381650  967.89763  0.35%   262  185s
   413   112  967.89763   52   71  964.53817  967.89763  0.35%   246  190s
H  425   117                     964.6811780  967.89763  0.33%   239  192s
H  439   123                     965.0779665  967.89763  0.29%   232  195s
   464   137  967.89763   78   71  965.07797  967.89763  0.29%   220  200s
H  466   137                     965.0993024  967.89763  0.29%   220  201s
H  467   133                     966.6577163  967.89763  0.13%   219  203s
   476   139  967.89763   84   71  966.65772  967.89763  0.13%   215  205s
H  493   147                     966.6585033  967.89763  0.13%   208  209s
   494   149  967.89763   94   71  966.65850  967.89763  0.13%   208  210s
H  512   155                     966.7689235  967.89763  0.12%   201  214s
   513   157  967.89763  104   72  966.76892  967.89763  0.12%   201  215s
   528   165  967.89763  112   71  966.76892  967.89763  0.12%   196  220s
   547   175  967.89763  121   59  966.76892  967.89763  0.12%   189  225s
H  553   176                     966.9012595  967.89763  0.10%   188  228s
   569   191  967.89763  135   59  966.90126  967.89763  0.10%   183  230s
   593   195  967.89763   25   86  966.90126  967.89763  0.10%   185  235s
   628   220  967.89763   32   50  966.90126  967.89763  0.10%   176  240s
   656   239  967.89763   43   97  966.90126  967.89763  0.10%   175  246s
   683   247  967.89763   49  116  966.90126  967.89763  0.10%   172  251s
   719   259  967.89763   60  109  966.90126  967.89763  0.10%   166  255s
   811   312  967.56463   99   47  966.90126  967.89763  0.10%   149  260s
   835   336  967.04213  123  193  966.90126  967.89763  0.10%   152  265s
   844   344  967.04213  125  208  966.90126  967.89763  0.10%   151  295s
   846   345  967.89763   86  338  966.90126  967.89763  0.10%   150  331s
   847   346  967.89763   40  213  966.90126  967.89763  0.10%   150  339s
   848   347  967.58355   44  218  966.90126  967.89763  0.10%   150  343s
   849   347  967.89763   15  197  966.90126  967.89763  0.10%   150  348s
H  849   329                     967.7400359  967.89763  0.02%   150  352s
H  850   313                     967.7400389  967.89763  0.02%   150  357s
   852   314  967.89763   20  196  967.74004  967.89763  0.02%   149  361s
   854   316  967.74004  131  183  967.74004  967.89763  0.02%   149  365s
   856   317  967.74004  124  133  967.74004  967.89763  0.02%   149  372s
   858   318  967.74004   96  115  967.74004  967.89763  0.02%   148  375s
   859   319  967.89763   18  115  967.74004  967.89763  0.02%   148  388s
   860   320  967.89763  116  115  967.74004  967.89763  0.02%   148  390s
   861   322  967.89763   10  139  967.74004  967.89763  0.02%   230  395s
   874   331  967.89763   16  174  967.74004  967.89763  0.02%   232  400s
H  882   318                     967.7413499  967.89763  0.02%   233  405s
   891   326  967.89763   25  652  967.74135  967.89763  0.02%   232  410s
   903   332  967.89763   31  106  967.74135  967.89763  0.02%   232  415s
   925   344  967.89763   44   70  967.74135  967.89763  0.02%   229  420s
   936   351  967.89763   50 1041  967.74135  967.89763  0.02%   230  425s
   939   353  967.89763   51 1047  967.74135  967.89763  0.02%   230  430s
   943   356  967.89763   53  933  967.74135  967.89763  0.02%   229  436s
   947   359  967.89763   55  883  967.74135  967.89763  0.02%   229  441s
   951   361  967.87568   57  689  967.74135  967.89763  0.02%   231  445s
   963   366     cutoff   63       967.74135  967.89763  0.02%   230  450s
H  964   333                     967.8896350  967.89763  0.00%   230  450s

Cutting planes:
  Gomory: 1
  Flow cover: 1
  Zero half: 1

Explored 965 nodes (235954 simplex iterations) in 450.76 seconds (1679.49 work units)
Thread count was 1 (of 64 available processors)

Solution count 10: 967.89 967.741 967.74 ... 965.078

Optimal solution found (tolerance 1.00e-04)
Best objective 9.678896350279e+02, best bound 9.678976270858e+02, gap 0.0008%
Tree policy:
if inventory <= 4.0:
    if inventory <= 3.0:
        if inventory <= 1.0:
            if inventory <= 0.0:
                return '(Buy_12)'
            else:
                return '(Buy_11)'
        else:
            if inventory <= 2.0:
                return '(Buy_9)'
            else:
                return '(Buy_8)'
    else:
        if inventory <= 14.0:
            return '(Buy_7)'
        else:
            return '(Don't'
else:
    if inventory <= 5.0:
        return '(Buy_6)'
    else:
        if inventory <= 6.0:
            return '(Buy_5)'
        else:
            if inventory <= 8.0:
                return '(Buy_3)'
            else:
                return '(Buy_1)'
Optimal decision tree (depth=4) value: 967.889635027946
Writing result files...
