Solving...
Starting with fixed depth 6
Set parameter Username
Academic license - for non-commercial use only - expires 2025-09-20
Set parameter Threads to value 1
Set parameter TimeLimit to value 1200
Gurobi Optimizer version 10.0.0 build v10.0.0rc2 (linux64)

CPU model: AMD EPYC 9124 16-Core Processor, instruction set [SSE2|AVX|AVX2|AVX512]
Thread count: 32 physical cores, 64 logical processors, using up to 1 threads

Optimize a model with 93987 rows, 26361 columns and 797643 nonzeros
Model fingerprint: 0xb72efbb8
Variable types: 1083 continuous, 25278 integer (25278 binary)
Coefficient statistics:
  Matrix range     [6e-12, 1e+02]
  Objective range  [2e-01, 2e+01]
  Bounds range     [1e+00, 1e+02]
  RHS range        [1e+00, 6e+00]
Presolve removed 252 rows and 315 columns
Presolve time: 1.76s
Presolved: 93735 rows, 26046 columns, 788204 nonzeros
Variable types: 1147 continuous, 24899 integer (24899 binary)
Root relaxation presolved: 26046 rows, 119772 columns, 814241 nonzeros


Root simplex log...

Iteration    Objective       Primal Inf.    Dual Inf.      Time
    3774    2.1244147e+00   0.000000e+00   8.904282e+03      5s
    5180    2.1245741e+00   0.000000e+00   0.000000e+00      6s
    5183    2.1245741e+00   0.000000e+00   0.000000e+00      6s
Extra simplex iterations after uncrush: 3
    5189    2.1245741e+00   0.000000e+00   0.000000e+00      6s
Extra simplex iterations from dual to original model: 6

Root relaxation: objective 2.124574e+00, 5189 iterations, 2.17 seconds (6.43 work units)

    Nodes    |    Current Node    |     Objective Bounds      |     Work
 Expl Unexpl |  Obj  Depth IntInf | Incumbent    BestBd   Gap | It/Node Time

     0     0    2.12457    0  699          -    2.12457      -     -    9s
H    0     0                     -88.7884110    2.12457   102%     -   11s
     0     0    2.12457    0  593  -88.78841    2.12457   102%     -   13s
H    0     0                     -88.7881291    2.12457   102%     -   13s
     0     0    2.12457    0  593  -88.78813    2.12457   102%     -   13s
     0     0    2.12457    0  570  -88.78813    2.12457   102%     -   17s
     0     0    2.12457    0  568  -88.78813    2.12457   102%     -   17s
     0     0    2.12457    0  566  -88.78813    2.12457   102%     -   24s
H    0     0                     -88.6702393    2.12457   102%     -   24s
     0     0    2.12457    0 1409  -88.67024    2.12457   102%     -   24s
     0     0    2.12457    0  500  -88.67024    2.12457   102%     -   29s
     0     0    2.12457    0  499  -88.67024    2.12457   102%     -   30s
     0     0    2.12457    0  523  -88.67024    2.12457   102%     -   34s
     0     0    2.12457    0  523  -88.67024    2.12457   102%     -   34s
     0     0    2.12457    0  589  -88.67024    2.12457   102%     -   42s
H    0     0                     -50.4654187    2.12457   104%     -   42s
     0     0    2.12457    0  593  -50.46542    2.12457   104%     -   42s
     0     0    2.12457    0  553  -50.46542    2.12457   104%     -   49s
     0     0    2.12457    0  553  -50.46542    2.12457   104%     -   52s
H    0     0                     -47.1562154    2.12457   105%     -   55s
     0     2    2.12457    0  553  -47.15622    2.12457   105%     -   63s
     3     5    2.12457    3  547  -47.15622    2.12457   105%  1087   65s
    21    23    2.12457   15  993  -47.15622    2.12457   105%   384   70s
H   27    27                     -47.1562153    2.12457   105%   316   71s
    42    44    2.12457   29 1571  -47.15622    2.12457   105%   473   78s
    47    49    1.62734   33 1373  -47.15622    2.12457   105%   470   80s
H   78    72                     -47.1562153    2.12457   105%   316   84s
    83    76   -8.51877   56  511  -47.15622    2.12457   105%   303   85s
   122   107    1.92183   29  788  -47.15622    2.12457   105%   230   90s
H  130   103                     -27.2075617    2.12457   108%   220   90s
   163   138    1.88360   39 2155  -27.20756    2.12457   108%   184   95s
   203   177    0.19696   70 1261  -27.20756    2.12457   108%   156  100s
H  234   194                     -16.2270998    2.12457   113%   153  103s
H  244   204                     -16.2229744    2.12457   113%   149  106s
H  260   220                     -16.2229356    2.12457   113%   141  108s
H  271   231                     -16.2228791    2.12457   113%   137  109s
   273   235    2.02234   48 2398  -16.22288    2.12457   113%   136  110s
   324   267    2.02236   33 2135  -16.22288    2.12457   113%   129  115s
   364   307    1.90981   52 1241  -16.22288    2.12457   113%   126  120s
   406   333    1.87327   78 1374  -16.22288    2.12457   113%   117  126s
   414   331    2.12457   10  826  -16.22288    2.12457   113%   133  131s
H  433   348                     -16.2228790    2.12457   113%   128  134s
   433   350    1.21902   28  919  -16.22288    2.12457   113%   128  135s
H  460   375                     -16.2228787    2.12457   113%   123  138s
H  468   383                     -15.4133274    2.12457   114%   123  141s
   486   403    1.20827   51 2640  -15.41333    2.12457   114%   121  145s
H  487   402                     -15.4133268    2.12457   114%   121  145s
H  494   378                      -2.9692708    2.12457   172%   121  148s
   506   391   -0.28204   59 3158   -2.96927    2.12457   172%   119  150s
   511   395    1.21902   53  553   -2.96927    2.12457   172%   118  156s
   513   396    2.12457   31 3764   -2.96927    2.12457   172%   118  168s
   514   397    1.90936   59 2887   -2.96927    2.12457   172%   117  178s
   516   398    1.90936   59 5767   -2.96927    2.12457   172%   117  185s
   518   400    1.21902   42 6360   -2.96927    2.12457   172%   116  192s
   520   401    1.92806   16 6930   -2.96927    2.12457   172%   116  199s
   521   402    1.18562   60 5852   -2.96927    2.12457   172%   116  200s
   522   402    1.69638   49 6956   -2.96927    2.12457   172%   116  211s
   524   404    0.19338   72 8286   -2.96927    2.12457   172%   115  218s
   526   405    2.02284   38 7524   -2.96927    2.12457   172%   115  225s
   528   406    0.63905   24 7463   -2.96927    2.12457   172%   114  232s
   530   408    2.12457   31 6025   -2.96927    2.12457   172%   114  238s
   532   409    1.96629   52 7017   -2.96927    2.12457   172%   113  244s
   533   410    1.93776   29 7017   -2.96927    2.12457   172%   113  252s
H  533   389                      -2.9692609    2.12457   172%   113  254s
H  533   369                      -2.9692597    2.12457   172%   113  255s
   535   372    2.12457   12 7108   -2.96926    2.12457   172%   240  265s
   550   380    2.12457   19 4964   -2.96926    2.12457   172%   234  270s
H  586   381                      -2.9692510    2.12457   172%   225  274s
   589   383    2.12457   39 4622   -2.96925    2.12457   172%   224  275s
H  612   378                      -1.4490402    2.12457   247%   219  278s
   630   390    0.05303   59 3403   -1.44904    2.12457   247%   216  280s
H  638   375                      -1.4488862    2.12457   247%   213  280s
   668   391 infeasible   78        -1.44889    2.12457   247%   211  289s
   670   390    0.04181   77 2451   -1.44889    2.12457   247%   210  290s
H  690   364                      -0.2176503    2.12457  1076%   206  292s
   717   378    2.12457   51 5017   -0.21765    2.12457  1076%   200  295s
H  769   393                      -0.1006601    2.12457  2211%   190  300s
H  821   414                      -0.1006354    2.12457  2211%   180  303s
H  847   415                      -0.1005854    2.12457  2212%   176  305s
   914   430    2.12457   45 4554   -0.10059    2.12457  2212%   168  310s
   985   471    2.12457   80 2992   -0.10059    2.12457  2212%   159  315s
H 1005   469                      -0.0991638    2.12457  2242%   157  317s
  1039   485    1.17860  104 3688   -0.09916    2.12457  2242%   153  320s
H 1057   482                      -0.0991561    2.12457  2243%   151  321s
  1083   495    1.16939  126 2172   -0.09916    2.12457  2243%   149  325s
  1113   497    0.49266  140  754   -0.09916    2.12457  2243%   146  330s
* 1143   469             154       0.4850952    2.12457   338%   143  332s
H 1160   436                       0.7433215    2.12457   186%   141  350s
H 1162   438                       0.7468678    2.12457   184%   141  351s
H 1187   387                       1.6757185    2.12457  26.8%   140  369s
H 1188   368                       2.0823716    2.12457  2.03%   140  370s
  1211   386    2.12037  123 3389    2.08237    2.12457  2.03%   138  375s
H 1214   383                       2.0848923    2.12457  1.90%   138  378s
H 1214   379                       2.0946819    2.12457  1.43%   138  379s
  1225   378    2.12457   85 4165    2.09468    2.12457  1.43%   138  380s
  1237   389    2.12451   97 3605    2.09468    2.12457  1.43%   137  385s
H 1240   390                       2.0946976    2.12457  1.43%   136  386s
H 1241   390                       2.0949471    2.12457  1.41%   136  390s
  1256   407    2.12449  107 3203    2.09495    2.12457  1.41%   136  395s
H 1266   409                       2.0985871    2.12457  1.24%   135  397s
H 1268   410                       2.1035095    2.12457  1.00%   135  401s
  1285   421    2.12449  121 1762    2.10351    2.12457  1.00%   134  405s
H 1295   411                       2.1073172    2.12457  0.82%   133  409s
H 1295   411                       2.1073558    2.12457  0.82%   133  410s
  1308   426    2.12455  102 4293    2.10736    2.12457  0.82%   132  415s
H 1322   438                       2.1075241    2.12457  0.81%   131  422s
  1331   447     cutoff  125         2.10752    2.12457  0.81%   131  425s
H 1347   445                       2.1075375    2.12457  0.81%   129  429s
H 1349   447                       2.1075700    2.12457  0.81%   129  429s
  1350   450    2.12455   95 2924    2.10757    2.12457  0.81%   129  430s
  1368   468    2.11846  113 3729    2.10757    2.12457  0.81%   128  435s
H 1373   469                       2.1076250    2.12457  0.80%   128  436s
H 1404   490                       2.1078336    2.12457  0.79%   125  441s
H 1430   466                       2.1167686    2.12457  0.37%   125  444s
H 1456   482                       2.1167828    2.12457  0.37%   123  445s
H 1488   495                       2.1168185    2.12457  0.37%   122  449s
  1493   502    2.12454   99 2259    2.11682    2.12457  0.37%   121  450s
H 1508   515                       2.1168236    2.12457  0.37%   121  451s
H 1534   539                       2.1168236    2.12457  0.37%   120  454s
  1549   540    2.12457   95 1942    2.11682    2.12457  0.37%   119  455s
  1579   556    2.12457   95 1941    2.11682    2.12457  0.37%   119  460s
  1591   566    2.11850   98 2662    2.11682    2.12457  0.37%   119  465s
H 1598   569                       2.1168238    2.12457  0.37%   118  470s
H 1614   567                       2.1168246    2.12457  0.37%   118  473s
  1621   576    2.12450  105 2640    2.11682    2.12457  0.37%   117  475s
  1638   581    2.12457  109 3226    2.11682    2.12457  0.37%   116  480s
H 1655   582                       2.1168249    2.12457  0.37%   116  484s
  1657   584    2.12457  104 2717    2.11682    2.12457  0.37%   116  485s
  1677   590    2.11759  103 3280    2.11682    2.12457  0.37%   115  490s
H 1682   593                       2.1168249    2.12457  0.37%   114  494s
H 1692   595                       2.1172703    2.12457  0.34%   114  496s
  1718   597 infeasible  103         2.11727    2.12457  0.34%   113  500s
  1758   609    2.12455  111 3104    2.11727    2.12457  0.34%   111  505s
H 1772   613                       2.1172729    2.12457  0.34%   111  506s
H 1793   608                       2.1172744    2.12457  0.34%   109  509s
  1793   610    2.12457   98 2810    2.11727    2.12457  0.34%   109  510s
H 1798   613                       2.1172847    2.12457  0.34%   109  512s
  1824   619    2.12457   98 4272    2.11728    2.12457  0.34%   109  515s
H 1851   589                       2.1195348    2.12457  0.24%   107  517s
  1875   598    2.12350  106 4224    2.11953    2.12457  0.24%   107  520s
  1908   616    2.12457   94 2730    2.11953    2.12457  0.24%   106  526s
H 1933   594                       2.1206142    2.12457  0.19%   105  528s
  1949   596    2.12454  102 4394    2.12061    2.12457  0.19%   105  530s
H 1959   604                       2.1206392    2.12457  0.19%   104  532s
  1971   605    2.12452   94 3383    2.12064    2.12457  0.19%   104  535s
  1993   621    2.12231  112 2844    2.12064    2.12457  0.19%   103  540s
H 2020   631                       2.1206400    2.12457  0.19%   102  544s
  2035   638    2.12454  100 3845    2.12064    2.12457  0.19%   102  545s
H 2047   646                       2.1206400    2.12457  0.19%   102  548s
  2069   656    2.12437   93 2339    2.12064    2.12457  0.19%   101  550s
  2093   666 infeasible   98         2.12064    2.12457  0.19%   101  555s
  2133   677    2.12435  109 3452    2.12064    2.12457  0.19%  99.3  560s
H 2144   679                       2.1206555    2.12457  0.18%  99.0  563s
H 2160   695                       2.1207397    2.12457  0.18%  98.5  565s
H 2170   703                       2.1207397    2.12457  0.18%  98.2  569s
  2187   711    2.12437   96 4535    2.12074    2.12457  0.18%  97.7  570s
  2222   732    2.12330  120 2927    2.12074    2.12457  0.18%  96.3  575s
  2244   741    2.12457   91 2551    2.12074    2.12457  0.18%  95.5  580s
H 2271   754                       2.1207402    2.12457  0.18%  95.1  584s
H 2274   757                       2.1207442    2.12457  0.18%  94.9  585s
H 2303   764                       2.1207442    2.12457  0.18%  94.2  591s
  2325   788    2.12187  115 2989    2.12074    2.12457  0.18%  93.7  595s
H 2352   791                       2.1207444    2.12457  0.18%  93.3  599s
H 2358   789                       2.1207444    2.12457  0.18%  93.1  601s
  2379   797    2.12457   99 3289    2.12074    2.12457  0.18%  92.8  605s
  2408   812    2.12356   97 3921    2.12074    2.12457  0.18%  92.3  611s
H 2433   823                       2.1207464    2.12457  0.18%  91.6  613s
H 2438   822                       2.1207464    2.12457  0.18%  91.5  613s
  2462   837    2.12457   90 2301    2.12075    2.12457  0.18%  90.8  615s
H 2464   837                       2.1207468    2.12457  0.18%  90.8  619s
  2472   847    2.12457   94 3736    2.12075    2.12457  0.18%  90.7  620s
H 2489   862                       2.1207683    2.12457  0.18%  90.7  621s
  2544   882    2.12456  115 2819    2.12077    2.12457  0.18%  89.7  625s
  2600   891    2.12437   95 3110    2.12077    2.12457  0.18%  89.7  630s
H 2652   915                       2.1207684    2.12457  0.18%  88.8  633s
  2672   922    2.12457   91 3666    2.12077    2.12457  0.18%  88.4  635s
  2717   957    2.12437   90 2912    2.12077    2.12457  0.18%  87.6  640s
H 2760   984                       2.1207684    2.12457  0.18%  86.9  643s
  2787  1011    2.12439  102 3552    2.12077    2.12457  0.18%  86.4  645s
  2850  1054 infeasible  115         2.12077    2.12457  0.18%  85.8  650s
  2883  1063    2.12455  104 3082    2.12077    2.12457  0.18%  85.6  655s
H 2975  1110                       2.1207684    2.12457  0.18%  84.3  659s
  2977  1110 infeasible   99         2.12077    2.12457  0.18%  84.2  660s
  3025  1134    2.12457   97 4391    2.12077    2.12457  0.18%  84.3  665s
  3094  1179     cutoff  117         2.12077    2.12457  0.18%  83.4  670s
H 3150  1203                       2.1207686    2.12457  0.18%  82.7  673s
  3214  1224 infeasible  103         2.12077    2.12457  0.18%  81.8  675s
H 3248  1230                       2.1207689    2.12457  0.18%  81.5  680s
  3279  1247    2.12296  106 3552    2.12077    2.12457  0.18%  81.5  685s
  3409  1303 infeasible   92         2.12077    2.12457  0.18%  80.2  690s
  3482  1326     cutoff   99         2.12077    2.12457  0.18%  79.7  695s
  3562  1378    2.12297  110 3037    2.12077    2.12457  0.18%  78.9  700s
  3603  1391    2.12363  106 3603    2.12077    2.12457  0.18%  78.9  706s
  3621  1399    2.12360  112 2601    2.12077    2.12457  0.18%  78.9  710s
  3748  1469    2.12454  107 2722    2.12077    2.12457  0.18%  77.3  715s
  3859  1552     cutoff  103         2.12077    2.12457  0.18%  76.1  720s
  3970  1563     cutoff   93         2.12077    2.12457  0.18%  75.3  725s
  4029  1594    2.12455  101 4071    2.12077    2.12457  0.18%  74.9  730s
  4054  1601    2.12457  103 3843    2.12077    2.12457  0.18%  74.9  736s
  4098  1620    2.12360  125 1616    2.12077    2.12457  0.18%  74.5  740s
  4248  1656    2.12287  120 2559    2.12077    2.12457  0.18%  72.8  746s
  4262  1660    2.12447  108 3974    2.12077    2.12457  0.18%  72.7  751s
  4361  1715    2.12248  110 3810    2.12077    2.12457  0.18%  71.6  755s
  4534  1817    2.12457  120 2798    2.12077    2.12457  0.18%  70.2  760s
  4587  1846    2.12457  100 3174    2.12077    2.12457  0.18%  69.7  765s
  4715  1931    2.12256  117 2953    2.12077    2.12457  0.18%  68.8  770s
  4830  1951     cutoff  112         2.12077    2.12457  0.18%  68.2  775s
  4927  1962    2.12457  111 3068    2.12077    2.12457  0.18%  67.6  780s
  4999  1952 infeasible  104         2.12077    2.12457  0.18%  67.5  785s
  5031  1961    2.12457  103 2783    2.12077    2.12457  0.18%  67.3  791s
  5043  1961    2.12457  105 2143    2.12077    2.12457  0.18%  67.3  795s
  5102  1958    2.12451  121  553    2.12077    2.12457  0.18%  67.2  812s
  5104  1959    2.12457  104  788    2.12077    2.12457  0.18%  67.2  817s
  5105  1960    2.12435  103 1126    2.12077    2.12457  0.18%  67.2  820s
  5107  1961    2.12449  117 1515    2.12077    2.12457  0.18%  67.1  827s
  5108  1962    2.12457   51 1143    2.12077    2.12457  0.18%  67.1  830s
  5111  1964    2.12351  115 1928    2.12077    2.12457  0.18%  67.1  835s
  5114  1966    2.12451  116 2154    2.12077    2.12457  0.18%  67.1  842s
  5116  1967    2.12457   94 2367    2.12077    2.12457  0.18%  67.0  845s
  5119  1969    2.12444  117 2195    2.12077    2.12457  0.18%  67.0  850s
  5121  1971    2.12457   84 2204    2.12077    2.12457  0.18%  67.0  858s
  5123  1974    2.12457   21 1903    2.12077    2.12457  0.18%  69.8  860s
  5163  2001    2.12457   41 1683    2.12077    2.12457  0.18%  71.3  865s
  5221  2039    2.12457   70 1434    2.12077    2.12457  0.18%  73.1  870s
H 5252  1949                       2.1208014    2.12457  0.18%  74.0  872s
H 5278  1872                       2.1208014    2.12457  0.18%  74.9  874s
  5279  1875    2.12457   39 2624    2.12080    2.12457  0.18%  75.1  875s
  5343  1910    2.12457   36 2538    2.12080    2.12457  0.18%  77.3  880s
H 5434  1870                       2.1208016    2.12457  0.18%  79.8  884s
  5448  1870    2.12457   27 2436    2.12080    2.12457  0.18%  79.6  885s
  5528  1922    2.12457   61 2436    2.12080    2.12457  0.18%  81.4  890s
  5633  1976    2.12318   99 1502    2.12080    2.12457  0.18%  82.4  895s
H 5668  1911                       2.1208017    2.12457  0.18%  82.8  896s
H 5718  1839                       2.1208017    2.12457  0.18%  83.5  900s
  5774  1877    2.12457   65 2103    2.12080    2.12457  0.18%  85.4  905s
H 5826  1828                       2.1208036    2.12457  0.18%  85.9  907s
H 5850  1771                       2.1208061    2.12457  0.18%  86.0  909s
  5876  1774    2.12457   29 3182    2.12081    2.12457  0.18%  85.8  910s
  5907  1795    2.12457   44 1739    2.12081    2.12457  0.18%  87.6  916s
H 5934  1742                       2.1208062    2.12457  0.18%  88.6  919s
  5953  1756    2.12457   57 1985    2.12081    2.12457  0.18%  89.4  920s
  6039  1814    2.12457   84  780    2.12081    2.12457  0.18%  91.2  925s
  6166  1878    2.12260   92 1494    2.12081    2.12457  0.18%  92.2  930s
  6232  1898    2.12260   69 2500    2.12081    2.12457  0.18%  93.6  935s
  6275  1915    2.12260   56 2502    2.12081    2.12457  0.18%  94.6  940s
  6406  1988    2.12457   53 3133    2.12081    2.12457  0.18%  94.6  945s
H 6487  1962                       2.1208062    2.12457  0.18%  96.3  950s
  6597  2038    2.12457  118 1422    2.12081    2.12457  0.18%  97.5  955s
  6644  2055    2.12457   61 2107    2.12081    2.12457  0.18%  97.7  960s
  6759  2117    2.12260   60 3764    2.12081    2.12457  0.18%   100  965s
  6898  2183    2.12260   62 2793    2.12081    2.12457  0.18%   100  970s
  6966  2211    2.12260   61 2753    2.12081    2.12457  0.18%   101  975s
  7101  2259     cutoff   94         2.12081    2.12457  0.18%   102  980s
  7108  2259 infeasible   99         2.12081    2.12457  0.18%   105 1001s
  7109  2258 infeasible   98         2.12081    2.12457  0.18%   106 1007s
  7115  2256  postponed   97         2.12081    2.12457  0.18%   109 1030s
  7139  2260    2.12457   71 1159    2.12081    2.12457  0.18%   109 1035s
H 7194  2217                       2.1208071    2.12457  0.18%   110 1039s
  7204  2225    2.12442   94 1689    2.12081    2.12457  0.18%   110 1040s
  7261  2253    2.12457  104  573    2.12081    2.12457  0.18%   111 1045s
  7413  2283    2.12457   69 1190    2.12081    2.12457  0.18%   111 1050s
  7528  2323    2.12457   77 1214    2.12081    2.12457  0.18%   112 1055s
  7637  2352    2.12457   98  935    2.12081    2.12457  0.18%   113 1060s
  7728  2360    2.12457   87 1332    2.12081    2.12457  0.18%   113 1065s
  7811  2367    2.12457   93  926    2.12081    2.12457  0.18%   114 1070s
H 7812  2307                       2.1208071    2.12457  0.18%   114 1072s
  7868  2317    2.12457   97 1270    2.12081    2.12457  0.18%   114 1075s
  7953  2340    2.12382   95 1308    2.12081    2.12457  0.18%   115 1080s
  8076  2344     cutoff   94         2.12081    2.12457  0.18%   114 1085s
  8152  2336    2.12457   94  839    2.12081    2.12457  0.18%   115 1090s
  8266  2319    2.12457   93  995    2.12081    2.12457  0.18%   115 1095s
  8307  2317 infeasible   97         2.12081    2.12457  0.18%   116 1101s
  8328  2311    2.12457  101 1015    2.12081    2.12457  0.18%   116 1105s
  8421  2327 infeasible  108         2.12081    2.12457  0.18%   120 1137s
  8446  2333    2.12457   93  938    2.12081    2.12457  0.18%   120 1140s
  8553  2404     cutoff  103         2.12081    2.12457  0.18%   121 1145s
  8631  2432     cutoff  100         2.12081    2.12457  0.18%   121 1150s
  8729  2469    2.12457   87  788    2.12081    2.12457  0.18%   121 1155s
  8820  2513    2.12457   92  413    2.12081    2.12457  0.18%   122 1160s
  8936  2533    2.12457   83  913    2.12081    2.12457  0.18%   123 1165s
  9062  2591 infeasible  104         2.12081    2.12457  0.18%   124 1170s
  9140  2604    2.12457   96 1199    2.12081    2.12457  0.18%   125 1175s
  9295  2663    2.12457  100  858    2.12081    2.12457  0.18%   124 1180s
  9412  2676 infeasible   98         2.12081    2.12457  0.18%   125 1185s
  9455  2683 infeasible   98         2.12081    2.12457  0.18%   126 1190s
H 9502  2692                       2.1208073    2.12457  0.18%   126 1193s
  9514  2692 infeasible   96         2.12081    2.12457  0.18%   126 1195s

Cutting planes:
  Implied bound: 5
  Flow cover: 124
  Zero half: 90
  Relax-and-lift: 8

Explored 9553 nodes (1260251 simplex iterations) in 1200.01 seconds (2818.25 work units)
Thread count was 1 (of 64 available processors)

Solution count 10: 2.12081 2.12081 2.12081 ... 2.1208

Time limit reached
Warning: max constraint violation (1.0110e-06) exceeds tolerance
Best objective 2.120807271401e+00, best bound 2.124566698377e+00, gap 0.1773%
Tree policy:
if green_side <= 0.0:
    if cars_left <= 4.0:
        if cars_left <= 2.0:
            if cars_left <= 1.0:
                if cars_right <= 0.0:
                    if waiting_time <= 2.0:
                        return '(wait)'
                    else:
                        return '(switch_light)'
                else:
                    return '(switch_light)'
            else:
                if cars_right <= 1.0:
                    if waiting_time <= 3.0:
                        return '(wait)'
                    else:
                        return '(switch_light)'
                else:
                    if waiting_time <= 2.0:
                        return '(wait)'
                    else:
                        return '(switch_light)'
        else:
            if cars_left <= 3.0:
                if cars_right <= 1.0:
                    if waiting_time <= 2.0:
                        return '(wait)'
                    else:
                        return '(switch_light)'
                else:
                    if waiting_time <= 1.0:
                        return '(wait)'
                    else:
                        return '(switch_light)'
            else:
                if waiting_time <= 5.0:
                    if waiting_time <= 2.0:
                        return '(wait)'
                    else:
                        return '(switch_light)'
                else:
                    if cars_right <= 4.0:
                        return '(switch_light)'
                    else:
                        return '__random__'
    else:
        if waiting_time <= 5.0:
            if cars_right <= 4.0:
                if waiting_time <= 3.0:
                    return '(wait)'
                else:
                    return '__random__'
            else:
                return '(switch_light)'
        else:
            return '(switch_light)'
else:
    if cars_left <= 3.0:
        if green_side <= 0.0:
            if waiting_time <= 5.0:
                if waiting_time <= 4.0:
                    return '__random__'
                else:
                    if waiting_time <= 4.0:
                        return '__random__'
                    else:
                        return '(switch_light)'
            else:
                return '(switch_light)'
        else:
            if waiting_time <= 5.0:
                if waiting_time <= 1.0:
                    if cars_left <= 1.0:
                        return '(wait)'
                    else:
                        return '(switch_light)'
                else:
                    if cars_left <= 0.0:
                        return '(wait)'
                    else:
                        return '(switch_light)'
            else:
                return '(switch_light)'
    else:
        if cars_left <= 4.0:
            return '(switch_light)'
        else:
            if waiting_time <= 2.0:
                if cars_left <= 4.0:
                    return '__random__'
                else:
                    if cars_left <= 4.0:
                        return '(switch_light)'
                    else:
                        return '__random__'
            else:
                return '(switch_light)'
Optimal decision tree (depth=6) value: 2.1208072714010786
Writing result files...
