Solving...
Starting with fixed depth 4
Set parameter Username
Academic license - for non-commercial use only - expires 2025-09-20
Set parameter Threads to value 1
Set parameter TimeLimit to value 1200
Gurobi Optimizer version 10.0.0 build v10.0.0rc2 (linux64)

CPU model: AMD EPYC 9124 16-Core Processor, instruction set [SSE2|AVX|AVX2|AVX512]
Thread count: 32 physical cores, 64 logical processors, using up to 1 threads

Optimize a model with 24579 rows, 7929 columns and 181803 nonzeros
Model fingerprint: 0x98371e3b
Variable types: 1083 continuous, 6846 integer (6846 binary)
Coefficient statistics:
  Matrix range     [6e-12, 1e+02]
  Objective range  [2e-01, 2e+01]
  Bounds range     [1e+00, 1e+02]
  RHS range        [1e+00, 4e+00]
Presolve removed 12 rows and 27 columns
Presolve time: 0.48s
Presolved: 24567 rows, 7902 columns, 174620 nonzeros
Variable types: 1147 continuous, 6755 integer (6755 binary)

Root relaxation: objective 2.124836e+00, 3939 iterations, 0.31 seconds (1.34 work units)

    Nodes    |    Current Node    |     Objective Bounds      |     Work
 Expl Unexpl |  Obj  Depth IntInf | Incumbent    BestBd   Gap | It/Node Time

     0     0    2.12484    0  821          -    2.12484      -     -    1s
     0     0    2.12484    0  943          -    2.12484      -     -    1s
     0     0    2.12484    0  814          -    2.12484      -     -    1s
     0     0    2.12484    0  814          -    2.12484      -     -    1s
     0     0    2.12484    0 1488          -    2.12484      -     -    2s
     0     0    2.12484    0 1122          -    2.12484      -     -    2s
     0     0    2.12484    0 1443          -    2.12484      -     -    2s
     0     0    2.12484    0 1442          -    2.12484      -     -    2s
     0     0    2.12484    0 1803          -    2.12484      -     -    2s
     0     0    2.12484    0 1803          -    2.12484      -     -    2s
     0     2    2.12484    0 1803          -    2.12484      -     -    5s
*   16    16              10    -149.2974155    2.12484   101%   536    6s
H   27    21                    -105.9269672    2.12484   102%   457    7s
    68    48    2.12484    8 1321 -105.92697    2.12484   102%   444   10s
*   80    50              19     -31.3047772    2.12484   107%   438   10s
*   83    49              18     -28.1922773    2.12484   108%   446   11s
   105    65 infeasible   37       -28.19228    2.12484   108%   518   23s
   136    80   -2.78336   27  697  -28.19228    2.12484   108%   450   25s
*  166    61              12      -5.0166623    2.12484   142%   391   25s
*  175    66              15      -5.0163782    2.12484   142%   375   26s
*  230    78              16      -5.0054248    2.12484   142%   382   29s
*  233    77              17      -4.9255897    2.12484   143%   378   29s
   251    85   -4.27902   13 1340   -4.92559    2.12484   143%   379   30s
   357   136   -4.58340   27   99   -4.92559    2.12484   143%   327   35s
*  379   139              20      -4.7434727    2.12484   145%   323   35s
H  439   144                      -4.5715366    2.12484   146%   335   38s
   483   160 infeasible   14        -4.57154    2.12484   146%   334   40s
*  623   177              20      -2.9610217    2.12484   172%   313   44s
   630   177   -2.44673   21   82   -2.96102    2.12484   172%   310   45s
*  685   176              18      -1.6969435    2.12484   225%   314   48s
H  717   134                      -0.2171809    2.12484  1078%   316   50s
H  718   135                      -0.2171759    2.12484  1078%   316   50s
H  778   140                      -0.2171090    2.12484  1079%   321   52s
H  805   142                      -0.2169966    2.12484  1079%   322   53s
H  805   142                      -0.2169966    2.12484  1079%   322   54s
   854   183    1.11581   30  765   -0.21700    2.12484  1079%   310   55s
H  993   241                      -0.2169949    2.12484  1079%   284   57s
  1021   247    0.21362   24 1803   -0.21699    2.12484  1079%   284   60s
  1028   252    2.09971   20  942   -0.21699    2.12461  1079%   282   66s
  1038   258    2.04955   17 1778   -0.21699    2.12461  1079%   280   70s
  1043   262    1.13769   23 1660   -0.21699    2.12461  1079%   278   76s
  1115   296 infeasible   47        -0.21699    2.12461  1079%   290   85s
  1174   325    2.12389   48 1705   -0.21699    2.12461  1079%   285   90s
H 1206   302                       1.9016017    2.12461  11.7%   280   91s
  1292   327    2.10867   43 1901    1.90160    2.12461  11.7%   269   95s
H 1364   301                       1.9054715    2.12461  11.5%   268   99s
  1392   302    2.12461   24 1337    1.90547    2.12461  11.5%   265  100s
H 1395   289                       1.9054715    2.12461  11.5%   264  100s
H 1448   285                       1.9055124    2.12461  11.5%   258  101s
H 1500   279                       1.9055128    2.12461  11.5%   254  102s
H 1507   266                       1.9055129    2.12461  11.5%   253  103s
H 1526   252                       1.9129222    2.12461  11.1%   255  104s
  1549   252 infeasible   38         1.91292    2.12461  11.1%   254  105s
H 1643   253                       1.9129383    2.12461  11.1%   246  107s
H 1724   290                       1.9129465    2.12461  11.1%   239  109s
  1727   295    2.04560   51 1826    1.91295    2.12461  11.1%   238  110s
H 1812   309                       1.9129466    2.12461  11.1%   232  112s
  1913   377    2.12461   53 1900    1.91295    2.12461  11.1%   224  115s
H 2004   416                       1.9156693    2.12461  10.9%   217  119s
  2012   414    2.11570   50 1088    1.91567    2.12461  10.9%   217  120s
H 2031   420                       1.9157849    2.12461  10.9%   215  121s
H 2057   420                       1.9525680    2.12461  8.81%   213  121s
H 2058   421                       1.9525686    2.12461  8.81%   213  122s
  2142   454    2.07299   44 1101    1.95257    2.12461  8.81%   207  126s
  2277   480    2.12359   54 1666    1.95257    2.12461  8.81%   202  130s
  2300   480  postponed   40         1.95257    2.12461  8.81%   210  140s
H 2304   478                       1.9525751    2.12461  8.81%   213  142s
H 2304   478                       1.9525752    2.12461  8.81%   213  142s
  2328   481    2.11880   37 1039    1.95258    2.12461  8.81%   213  145s
H 2356   484                       1.9525752    2.12461  8.81%   212  147s
  2382   499    2.11497   51 1070    1.95258    2.12461  8.81%   210  150s
H 2417   502                       1.9525753    2.12461  8.81%   209  152s
  2423   508    2.12026   51 1253    1.95258    2.12461  8.81%   209  155s
H 2500   527                       1.9525753    2.12461  8.81%   206  157s
H 2527   536                       1.9613839    2.12461  8.32%   204  158s
H 2554   552                       1.9613863    2.12461  8.32%   203  159s
  2581   569    2.11687   49 1337    1.96139    2.12461  8.32%   201  160s
H 2608   578                       1.9613864    2.12461  8.32%   200  162s
H 2635   580                       1.9613890    2.12461  8.32%   198  163s
H 2703   605                       1.9613985    2.12461  8.32%   196  166s
  2761   616    2.12461   51 1145    1.96140    2.12461  8.32%   195  170s
H 2935   642                       1.9613987    2.12461  8.32%   189  174s
H 2988   655                       1.9613990    2.12461  8.32%   186  175s
H 3094   672                       1.9614015    2.12461  8.32%   181  180s
H 3121   678                       1.9614028    2.12461  8.32%   181  182s
H 3147   691                       1.9614035    2.12461  8.32%   180  183s
  3148   694    2.04972   57  720    1.96140    2.12461  8.32%   180  185s
  3395   750    2.10956   54 1704    1.96140    2.12461  8.32%   174  190s
  3518   790    2.09398   53 1301    1.96140    2.12461  8.32%   171  195s
  3756   892    2.10692   58 1112    1.96140    2.12461  8.32%   164  200s
  3931   922 infeasible   61         1.96140    2.12461  8.32%   162  205s
H 3943   891                       1.9884224    2.12461  6.85%   162  210s
H 4020   910                       1.9884259    2.12461  6.85%   161  213s
  4099   912 infeasible   34         1.98843    2.12461  6.85%   159  215s
H 4121   919                       1.9884349    2.12461  6.85%   159  216s
  4219   947 infeasible   46         1.98843    2.12461  6.85%   158  220s
H 4272   956                       1.9884350    2.12461  6.85%   157  221s
H 4370   974                       1.9884350    2.12461  6.85%   155  223s
H 4401   982                       1.9884350    2.12461  6.85%   154  225s
H 4457   954                       2.0078783    2.12461  5.81%   154  228s
  4480   957    2.12026   41 1008    2.00788    2.12461  5.81%   154  230s
H 4484   783                       2.0747000    2.12461  2.41%   154  231s
H 4487   780                       2.0747162    2.12461  2.40%   154  233s
H 4511   792                       2.0747162    2.12461  2.40%   153  234s
  4534   798    2.10312   54  991    2.07472    2.12461  2.40%   153  235s
H 4628   799                       2.0747353    2.12461  2.40%   150  237s
  4681   821    2.11926   43 1498    2.07474    2.12461  2.40%   149  241s
  4898   887    2.12461   25 1315    2.07474    2.12461  2.40%   146  245s
  5057   941    2.09534   47 1274    2.07474    2.12461  2.40%   144  250s
H 5307  1011                       2.0747356    2.12461  2.40%   139  255s
  5548  1130    2.11871   68 1614    2.07474    2.12461  2.40%   135  260s
H 5701   820                       2.1137707    2.12461  0.51%   132  263s
H 5782   846                       2.1137739    2.12461  0.51%   131  267s
H 5810   850                       2.1137739    2.12461  0.51%   131  269s
  5815   855    2.12287   37 1566    2.11377    2.12461  0.51%   131  270s
H 6156   961                       2.1137742    2.12461  0.51%   127  275s
  6268  1016     cutoff   41         2.11377    2.12461  0.51%   128  280s
  6494  1059    2.12461   35 1296    2.11377    2.12461  0.51%   127  285s
  6694  1098    2.12370   43 1324    2.11377    2.12461  0.51%   125  290s
H 6722  1092                       2.1137852    2.12461  0.51%   125  290s
H 6858  1101                       2.1137952    2.12461  0.51%   123  294s
  6894  1106    2.12267   44 1111    2.11380    2.12461  0.51%   122  295s
  7165  1140    2.12443   39 1130    2.11380    2.12461  0.51%   120  300s
  7363  1184    2.12461   43 1666    2.11380    2.12461  0.51%   119  305s
H 7632  1279                       2.1137953    2.12461  0.51%   116  309s
  7633  1280 infeasible   49         2.11380    2.12461  0.51%   116  310s
H 7701  1329                       2.1137974    2.12461  0.51%   116  311s
  7887  1461    2.11731   33  582    2.11380    2.12461  0.51%   115  315s
  8008  1522    2.12461   42 1474    2.11380    2.12461  0.51%   115  320s
H 8158  1595                       2.1137974    2.12461  0.51%   115  323s
  8255  1649 infeasible   55         2.11380    2.12461  0.51%   115  325s
  8429  1685    2.12461   58 1096    2.11380    2.12461  0.51%   114  330s
  8698  1772    2.12359   58 1024    2.11380    2.12461  0.51%   113  335s
H 8874  1837                       2.1138181    2.12461  0.51%   112  337s
H 8920  1839                       2.1138261    2.12461  0.51%   112  338s
  8925  1846    2.12247   57  428    2.11383    2.12461  0.51%   112  340s
  9103  1858 infeasible   63         2.11383    2.12461  0.51%   112  345s
  9411  1932    2.12461   57  944    2.11383    2.12461  0.51%   111  350s
  9542  1923    2.12461   58 1040    2.11383    2.12461  0.51%   110  355s
  9686  1940    2.12449   42 1136    2.11383    2.12461  0.51%   111  363s
  9737  1967 infeasible   65         2.11383    2.12461  0.51%   111  365s
  9920  2031    2.12091   60  571    2.11383    2.12461  0.51%   111  370s
 10118  2119 infeasible   66         2.11383    2.12461  0.51%   110  375s
 10203  2108    2.11722   60 1803    2.11383    2.12461  0.51%   111  380s
 10210  2113    2.12461   26  527    2.11383    2.12461  0.51%   111  385s
 10218  2118    2.12461   32 1917    2.11383    2.12461  0.51%   111  390s
 10228  2127    2.12461   29 1189    2.11383    2.12461  0.51%   112  395s
 10292  2137     cutoff   45         2.11383    2.12461  0.51%   112  400s
 10405  2154    2.12446   47 1632    2.11383    2.12461  0.51%   113  405s
 10496  2128    2.11475   47  714    2.11383    2.12461  0.51%   113  410s
 10603  2108    2.12105   43  387    2.11383    2.12461  0.51%   113  415s
 10722  2098    2.12461   37 1433    2.11383    2.12461  0.51%   113  420s
 10857  2085     cutoff   41         2.11383    2.12461  0.51%   113  425s
 10978  2049    2.12313   48 1288    2.11383    2.12461  0.51%   113  430s
 11132  2028    2.12461   42 1748    2.11383    2.12461  0.51%   113  435s
 11239  1991    2.12461   44 1347    2.11383    2.12461  0.51%   113  440s
 11353  1966    2.12024   41 1381    2.11383    2.12461  0.51%   113  445s
 11459  1949    2.11909   52  863    2.11383    2.12461  0.51%   112  451s
H11493  1823                       2.1138268    2.12461  0.51%   113  454s
 11503  1818    2.12025   36 1047    2.11383    2.12461  0.51%   113  455s
H11544  1708                       2.1138278    2.12461  0.51%   113  457s
 11634  1677    2.12461   34 2013    2.11383    2.12461  0.51%   113  460s
 11750  1649    2.12461   33 1459    2.11383    2.12461  0.51%   113  465s
 11835  1632    2.12320   53 1456    2.11383    2.12461  0.51%   113  470s
 11956  1585    2.12119   37 1883    2.11383    2.12461  0.51%   113  475s
 12010  1589    2.11930   43 1027    2.11383    2.12461  0.51%   113  481s
 12043  1578    2.12024   39  925    2.11383    2.12461  0.51%   112  485s
 12142  1575    2.11910   45  384    2.11383    2.12461  0.51%   112  490s
 12235  1538    2.12024   39 2116    2.11383    2.12461  0.51%   112  496s
 12312  1521    2.12105   45  692    2.11383    2.12461  0.51%   113  500s
 12392  1494    2.12461   36  816    2.11383    2.12461  0.51%   114  505s
 12461  1466    2.12461   39  862    2.11383    2.12461  0.51%   115  510s
H12467  1362                       2.1138432    2.12461  0.51%   115  510s
H12521  1265                       2.1138445    2.12461  0.51%   116  515s
 12575  1283    2.12461   41 1247    2.11384    2.12461  0.51%   116  520s
 12652  1283    2.12458   45  472    2.11384    2.12461  0.51%   117  525s
H12679  1190                       2.1138445    2.12461  0.51%   117  526s
 12717  1179    2.12024   45  781    2.11384    2.12461  0.51%   117  530s
 12822  1162    2.12461   36  646    2.11384    2.12461  0.51%   118  535s
 12888  1143    2.12461   35 1327    2.11384    2.12461  0.51%   118  540s
 13012  1117 infeasible   44         2.11384    2.12461  0.51%   118  545s
 13076  1109    2.12461   41 1024    2.11384    2.12461  0.51%   119  550s
 13100  1115    2.12461   42 1329    2.11384    2.12461  0.51%   119  555s
 13154  1109    2.12461   46 1680    2.11384    2.12461  0.51%   119  560s
 13209  1115    2.12320   55 1617    2.11384    2.12461  0.51%   119  565s
*13220  1031              64       2.1142289    2.12461  0.49%   119  565s
 13390  1002    2.12024   45  629    2.11423    2.12461  0.49%   119  570s
 13546  1008    2.12461   37  730    2.11423    2.12461  0.49%   118  575s
H13640   933                       2.1143267    2.12461  0.49%   119  582s
 13679   925    2.12461   49  925    2.11433    2.12461  0.49%   119  585s
 13791   903    2.12461   47 1781    2.11433    2.12461  0.49%   120  590s
H13797   802                       2.1147755    2.12461  0.46%   120  592s
 13837   775     cutoff   35         2.11478    2.12461  0.46%   120  595s
 13917   750    2.12461   37  454    2.11478    2.12461  0.46%   121  600s
H13974   658                       2.1147757    2.12461  0.46%   122  603s
 13996   654    2.12461   47 1265    2.11478    2.12461  0.46%   122  605s
H14002   587                       2.1147848    2.12461  0.46%   122  606s
H14069   600                       2.1147877    2.12461  0.46%   122  610s
 14214   633    2.12451   56  854    2.11479    2.12461  0.46%   122  615s
 14358   631    2.12453   49 1209    2.11479    2.12461  0.46%   122  620s
 14507   645 infeasible   42         2.11479    2.12461  0.46%   122  625s
H14526   638                       2.1147877    2.12461  0.46%   122  630s
 14588   662    2.12024   40 1322    2.11479    2.12461  0.46%   123  635s
 14714   709    2.12461   44 1134    2.11479    2.12461  0.46%   123  640s
 14830   692    2.12461   43 1661    2.11479    2.12461  0.46%   123  645s
 14898   712    2.12461   36 1318    2.11479    2.12461  0.46%   124  653s
 14925   716    2.12461   35 1363    2.11479    2.12461  0.46%   124  655s
 15067   755     cutoff   43         2.11479    2.12461  0.46%   124  660s
 15225   778    2.12461   37 1614    2.11479    2.12461  0.46%   124  665s
 15303   757    2.12461   43 1117    2.11479    2.12461  0.46%   124  753s
 15319   755    2.12461   43 1045    2.11479    2.12461  0.46%   124  755s
H15357   779                       2.1148024    2.12461  0.46%   125  761s
 15435   747     cutoff   38         2.11480    2.12461  0.46%   126  766s
 15567   756    2.12461   44 1473    2.11480    2.12461  0.46%   126  770s
 15663   749    2.12461   44 1882    2.11480    2.12461  0.46%   125  776s
 15773   740    2.12461   37 1504    2.11480    2.12461  0.46%   125  780s
 15936   730    2.12024   46  970    2.11480    2.12461  0.46%   126  785s
 15956   718    2.12461   41 1012    2.11480    2.12461  0.46%   126  791s
 16014   693    2.12461   33 1040    2.11480    2.12461  0.46%   126  795s
 16278   730    2.12174   41 1585    2.11480    2.12461  0.46%   126  800s
 16507   744    2.12345   44 1209    2.11480    2.12461  0.46%   125  805s
 16652   767    2.12461   41 1316    2.11480    2.12461  0.46%   125  810s
 16960   831    2.12461   45 1668    2.11480    2.12461  0.46%   125  815s
 17266   799    2.12024   53  263    2.11480    2.12461  0.46%   124  820s
 17461   832    2.12024   44  440    2.11480    2.12461  0.46%   124  825s
 17753   866     cutoff   47         2.11480    2.12461  0.46%   123  830s
 17862   903    2.12087   42  617    2.11480    2.12461  0.46%   123  835s
 18313   931    2.12461   47 1804    2.11480    2.12461  0.46%   122  840s
 18634   952    2.12320   42 1325    2.11480    2.12461  0.46%   121  845s
 18778   980    2.12461   44 1471    2.11480    2.12461  0.46%   121  850s
 18993   981    2.12461   37 1890    2.11480    2.12461  0.46%   120  855s
 19250   984    2.12024   42  711    2.11480    2.12461  0.46%   120  860s
 19351   970    2.12443   45 2380    2.11480    2.12461  0.46%   121  865s
 19394   964    2.12461   41 1556    2.11480    2.12461  0.46%   121  870s
 19533   986     cutoff   43         2.11480    2.12461  0.46%   121  875s
 19885  1027    2.12174   50  950    2.11480    2.12461  0.46%   119  880s
 20143  1060    2.12174   51  729    2.11480    2.12461  0.46%   119  885s
 20329  1094     cutoff   57         2.11480    2.12461  0.46%   119  890s
 20361  1076    2.12420   46 2296    2.11480    2.12461  0.46%   119  895s
 20661  1093    2.12461   44 1545    2.11480    2.12461  0.46%   118  900s
H20850  1123                       2.1148024    2.12461  0.46%   118  903s
 20876  1113    2.12461   38  880    2.11480    2.12461  0.46%   118  905s
 21047  1095    2.12461   42 1923    2.11480    2.12461  0.46%   118  913s
H21048  1094                       2.1148024    2.12461  0.46%   118  914s
 21056  1092    2.12458   37  663    2.11480    2.12461  0.46%   118  915s
 21229  1090    2.12461   43  810    2.11480    2.12461  0.46%   118  920s
H21289  1106                       2.1148024    2.12461  0.46%   118  923s
 21395  1120    2.12461   48 1009    2.11480    2.12461  0.46%   118  925s
 21714  1135 infeasible   63         2.11480    2.12461  0.46%   117  930s
 21912  1203    2.12461   43 1470    2.11480    2.12461  0.46%   117  935s
 22139  1231    2.12174   46  718    2.11480    2.12461  0.46%   117  940s
 22290  1237    2.12459   59  933    2.11480    2.12461  0.46%   117  948s
 22292  1237    2.12172   60  933    2.11480    2.12461  0.46%   117  950s
 22352  1240    2.11908   59  627    2.11480    2.12461  0.46%   117  955s
 22743  1289    2.12320   58  771    2.11480    2.12461  0.46%   116  962s
 22744  1290    2.11941   59  763    2.11480    2.12461  0.46%   116  966s
 22962  1305    2.12067   59  733    2.11480    2.12461  0.46%   115  970s
 23476  1409    2.12174   57 1628    2.11480    2.12461  0.46%   114  975s
 23774  1513     cutoff   45         2.11480    2.12461  0.46%   114  980s
H24045  1567                       2.1148024    2.12461  0.46%   114  986s
 24260  1587    2.12461   43  881    2.11480    2.12461  0.46%   114  990s
 24401  1540    2.12461   40  980    2.11480    2.12461  0.46%   114  995s
 24567  1519    2.12461   33 1987    2.11480    2.12461  0.46%   114 1000s
H24720  1531                       2.1148046    2.12461  0.46%   114 1006s
 24916  1562    2.12024   47  990    2.11480    2.12461  0.46%   114 1010s
 25075  1561    2.12461   38 2151    2.11480    2.12461  0.46%   114 1015s
H25132  1556                       2.1148055    2.12461  0.46%   114 1021s
H25133  1557                       2.1148055    2.12461  0.46%   114 1023s
 25134  1560    2.11968   46  950    2.11481    2.12461  0.46%   114 1026s
 25306  1586    2.12461   35 1199    2.11481    2.12461  0.46%   114 1030s
 25581  1615    2.12461   41  659    2.11481    2.12461  0.46%   113 1035s
 25738  1646 infeasible   56         2.11481    2.12461  0.46%   114 1041s
 25855  1663    2.12461   44 1568    2.11481    2.12461  0.46%   113 1046s
 25995  1633 infeasible   43         2.11481    2.12461  0.46%   113 1050s
 26133  1674    2.12461   50 1668    2.11481    2.12461  0.46%   113 1056s
H26144  1663                       2.1148056    2.12461  0.46%   113 1060s
 26178  1669    2.11739   50  714    2.11481    2.12461  0.46%   113 1066s
 26465  1719 infeasible   44         2.11481    2.12461  0.46%   112 1071s
 26548  1707    2.12461   41 1688    2.11481    2.12461  0.46%   112 1076s
 26679  1732 infeasible   46         2.11481    2.12461  0.46%   112 1080s
 27053  1830 infeasible   40         2.11481    2.12461  0.46%   111 1085s
 27150  1846    2.12378   41  869    2.11481    2.12461  0.46%   112 1090s
 27359  1878    2.12461   38 2517    2.11481    2.12461  0.46%   111 1097s
 27411  1888    2.12461   48 1930    2.11481    2.12461  0.46%   111 1100s
 27871  1913 infeasible   57         2.11481    2.12461  0.46%   110 1105s
H27894  1894                       2.1148056    2.12461  0.46%   110 1111s
H27898  1896                       2.1148056    2.12461  0.46%   110 1112s
 28078  1915    2.12461   40  964    2.11481    2.12461  0.46%   110 1115s
 28212  1896 infeasible   43         2.11481    2.12461  0.46%   109 1120s
 28522  1931    2.12461   53 1535    2.11481    2.12461  0.46%   109 1125s
 28890  1925    2.12024   42 1415    2.11481    2.12461  0.46%   108 1130s
 28901  1926    2.12461   40 2245    2.11481    2.12461  0.46%   108 1136s
 28972  1943 infeasible   50         2.11481    2.12461  0.46%   108 1140s
 29244  1970 infeasible   44         2.11481    2.12461  0.46%   108 1145s
 29539  1994 infeasible   39         2.11481    2.12461  0.46%   107 1150s
 29816  2066    2.12461   47  597    2.11481    2.12461  0.46%   107 1155s
 29931  2098 infeasible   47         2.11481    2.12461  0.46%   107 1160s
 30104  2138    2.11646   48  675    2.11481    2.12461  0.46%   107 1165s
 30123  2137 infeasible   44         2.11481    2.12461  0.46%   108 1172s
 30132  2136    2.12461   40  636    2.11481    2.12461  0.46%   108 1175s
H30155  2131                       2.1148057    2.12461  0.46%   108 1178s
 30213  2133    2.12439   46 1713    2.11481    2.12461  0.46%   108 1180s
H30253  2150                       2.1148057    2.12461  0.46%   108 1184s
 30260  2153    2.12119   41 1312    2.11481    2.12461  0.46%   108 1185s

Cutting planes:
  Implied bound: 12
  MIR: 3
  Flow cover: 69
  Zero half: 10
  Relax-and-lift: 9

Explored 30320 nodes (3275537 simplex iterations) in 1200.00 seconds (2156.11 work units)
Thread count was 1 (of 64 available processors)

Solution count 10: 2.11481 2.11481 2.11481 ... 2.11478

Time limit reached
Best objective 2.114805719930e+00, best bound 2.124605577143e+00, gap 0.4634%
Tree policy:
if green_side <= 0.0:
    if waiting_time <= 2.0:
        if cars_right <= 0.0:
            return '(wait)'
        else:
            if cars_left <= 1.0:
                return '(switch_light)'
            else:
                return '(wait)'
    else:
        if cars_left <= 1.0:
            if waiting_time <= 5.0:
                return '(switch_light)'
            else:
                return '(wait)'
        else:
            if cars_right <= 1.0:
                return '(wait)'
            else:
                return '(switch_light)'
else:
    if waiting_time <= 1.0:
        if cars_left <= 1.0:
            return '(wait)'
        else:
            if cars_right <= 1.0:
                return '(switch_light)'
            else:
                return '(wait)'
    else:
        if cars_left <= 0.0:
            return '(wait)'
        else:
            return '(switch_light)'
Optimal decision tree (depth=4) value: 2.1148057199302297
Writing result files...
