Solving...
Starting with fixed depth 7
Set parameter Username
Academic license - for non-commercial use only - expires 2025-09-20
Set parameter Threads to value 1
Set parameter TimeLimit to value 1200
Gurobi Optimizer version 10.0.0 build v10.0.0rc2 (linux64)

CPU model: AMD EPYC 9124 16-Core Processor, instruction set [SSE2|AVX|AVX2|AVX512]
Thread count: 32 physical cores, 64 logical processors, using up to 1 threads

Optimize a model with 186531 rows, 50937 columns and 1711179 nonzeros
Model fingerprint: 0x7e404b1f
Variable types: 1083 continuous, 49854 integer (49854 binary)
Coefficient statistics:
  Matrix range     [6e-12, 1e+02]
  Objective range  [2e-01, 2e+01]
  Bounds range     [1e+00, 1e+02]
  RHS range        [1e+00, 7e+00]
Presolve removed 572 rows and 699 columns
Presolve time: 4.13s
Presolved: 185959 rows, 50238 columns, 1698476 nonzeros
Variable types: 1147 continuous, 49091 integer (49091 binary)
Root relaxation presolved: 50238 rows, 236188 columns, 1748705 nonzeros


Root simplex log...

Iteration    Objective       Primal Inf.    Dual Inf.      Time
       0    6.5368511e+03   0.000000e+00   5.379501e+04      6s
    6425    2.1022886e+00   0.000000e+00   2.952150e+05     10s
   11495    2.0108765e+00   0.000000e+00   4.901463e+04     15s
   17635    1.9281866e+00   0.000000e+00   2.851325e+04     20s
   19129    2.1245755e+00   0.000000e+00   0.000000e+00     21s
   19131    2.1245755e+00   0.000000e+00   0.000000e+00     21s
Extra simplex iterations after uncrush: 2
   19137    2.1245755e+00   0.000000e+00   0.000000e+00     21s
Extra simplex iterations from dual to original model: 6

Root relaxation: objective 2.124576e+00, 19137 iterations, 16.24 seconds (48.69 work units)
Total elapsed time = 44.48s
Total elapsed time = 50.83s
Total elapsed time = 55.79s
Total elapsed time = 60.24s

    Nodes    |    Current Node    |     Objective Bounds      |     Work
 Expl Unexpl |  Obj  Depth IntInf | Incumbent    BestBd   Gap | It/Node Time

     0     0    2.12458    0  593          -    2.12458      -     -   61s
H    0     0                     -28.6992768    2.12458   107%     -   64s
     0     0    2.12458    0 1609  -28.69928    2.12458   107%     -   66s
H    0     0                      -9.3358635    2.12458   123%     -   66s
H    0     0                      -8.6958577    2.12458   124%     -   67s
     0     0    2.12458    0  545   -8.69586    2.12458   124%     -   88s
H    0     0                      -7.7157796    2.12458   128%     -   89s
     0     0    2.12458    0  773   -7.71578    2.12458   128%     -   90s
     0     0    2.12458    0  590   -7.71578    2.12458   128%     -  109s
H    0     0                      -2.9736510    2.12458   171%     -  110s
H    0     0                      -2.9736146    2.12458   171%     -  110s
H    0     0                       1.8703757    2.12458  13.6%     -  112s
     0     0    2.12458    0 1198    1.87038    2.12458  13.6%     -  112s
     0     0    2.12458    0  935    1.87038    2.12458  13.6%     -  127s
     0     0    2.12458    0  970    1.87038    2.12458  13.6%     -  129s
     0     0    2.12458    0  709    1.87038    2.12458  13.6%     -  142s
     0     0    2.12458    0  660    1.87038    2.12458  13.6%     -  144s
     0     0    2.12458    0  588    1.87038    2.12458  13.6%     -  172s
     0     0    2.12458    0  588    1.87038    2.12458  13.6%     -  187s
     0     1    2.12458    0  588    1.87038    2.12458  13.6%     -  209s
     1     2    2.12458    1  586    1.87038    2.12458  13.6%  3274  210s
     3     4    2.12458    2 1315    1.87038    2.12458  13.6%  1219  222s
    15    16    2.12458    8 1178    1.87038    2.12458  13.6%   265  225s
    18    19    2.12458   10  714    1.87038    2.12458  13.6%   564  238s
    24    23    2.12458   13 1297    1.87038    2.12458  13.6%   460  240s
    32    29    2.12458   20  673    1.87038    2.12458  13.6%   614  259s
    34    31    2.12458   21 2089    1.87038    2.12458  13.6%   591  260s
    50    47    2.12458   30  538    1.87038    2.12458  13.6%   533  276s
H   54    49                       1.8731551    2.12458  13.4%   499  278s
    58    54    2.12458   34 1296    1.87316    2.12458  13.4%   471  280s
    65    59    2.12458   38 2628    1.87316    2.12458  13.4%   455  285s
H   81    58                       2.0631667    2.12458  2.98%   382  290s
    91    60    2.12458   10  783    2.06317    2.12458  2.98%   412  303s
    94    61    2.12458   13  723    2.06317    2.12458  2.98%   400  305s
H  104    68                       2.0631793    2.12458  2.98%   363  307s
   114    80    2.12458   26 1209    2.06318    2.12458  2.98%   333  310s
   120    86    2.12458   30  592    2.06318    2.12458  2.98%   344  316s
H  130    94                       2.0631793    2.12458  2.98%   323  319s
   133    99    2.12458   38 3530    2.06318    2.12458  2.98%   316  320s
   138   104    2.12458   42 1605    2.06318    2.12458  2.98%   328  325s
   151   117    2.12458   50  584    2.06318    2.12458  2.98%   311  332s
   159   123    2.12458   55 1091    2.06318    2.12458  2.98%   298  335s
   175   132    2.09146   67  748    2.06318    2.12458  2.98%   279  340s
   179   133    2.08129   71  498    2.06318    2.12458  2.98%   274  345s
   197   147    2.07544   83  318    2.06318    2.12458  2.98%   252  350s
H  202   149                       2.0632419    2.12458  2.97%   246  351s
*  205   150              90       2.0746636    2.12458  2.41%   243  354s
H  208   147                       2.0747368    2.12458  2.40%   239  354s
   211   150    2.12458    7 2066    2.07474    2.12458  2.40%   237  355s
   214   152    2.12458   10  617    2.07474    2.12458  2.40%   268  371s
H  216   152                       2.0747383    2.12458  2.40%   267  371s
   228   166    2.12458   20  649    2.07474    2.12458  2.40%   268  379s
   229   167    2.12458   20  404    2.07474    2.12458  2.40%   285  387s
   236   174    2.12458   26 1672    2.07474    2.12458  2.40%   281  390s
   254   189    2.12458   38 1147    2.07474    2.12458  2.40%   266  395s
   271   188    2.12458   21  944    2.07474    2.12458  2.40%   265  400s
   286   198    2.12458   28  955    2.07474    2.12458  2.40%   255  405s
   297   203    2.12458   35  589    2.07474    2.12458  2.40%   256  410s
   308   204    2.12458   38  685    2.07474    2.12458  2.40%   258  415s
   326   201    2.12458   34 1013    2.07474    2.12458  2.40%   260  420s
   351   198     cutoff   34         2.07474    2.12458  2.40%   258  425s
   354   198    2.12458   40  970    2.07474    2.12458  2.40%   264  431s
   366   203    2.09462   47  961    2.07474    2.12458  2.40%   256  435s
   384   213    2.09462   54 1052    2.07474    2.12458  2.40%   245  440s
H  408   225                       2.0747383    2.12458  2.40%   235  445s
   421   224    2.12458   10  648    2.07474    2.12458  2.40%   246  461s
   432   234    2.11642   21 1681    2.07474    2.12458  2.40%   241  465s
   450   240    2.10541   39 1621    2.07474    2.12458  2.40%   232  470s
   472   251    2.07742   59 1413    2.07474    2.12458  2.40%   221  475s
   489   268    2.07495   76 3049    2.07474    2.12458  2.40%   215  480s
H  510   187                       2.1064906    2.12458  0.86%   207  485s
   511   182    2.12458   47  588    2.10649    2.12458  0.86%   207  504s
   513   183    2.12455   27  413    2.10649    2.12455  0.86%   206  533s
   514   184    2.12455    9  408    2.10649    2.12455  0.86%   206  547s
   515   185    2.12455   26  463    2.10649    2.12455  0.86%   205  559s
   516   185    2.12455   26  463    2.10649    2.12455  0.86%   205  560s
   517   186    2.12455   14  768    2.10649    2.12455  0.86%   205  574s
   518   187    2.12455   55 1106    2.10649    2.12455  0.86%   204  576s
   519   187    2.12455   35  494    2.10649    2.12455  0.86%   204  588s
   521   189    2.12455   27  439    2.10649    2.12455  0.86%   203  603s
   523   190    2.12455   23  581    2.10649    2.12455  0.86%   202  614s
   524   191    2.12455   22  426    2.10649    2.12455  0.86%   202  616s
   525   191    2.12455   17  423    2.10649    2.12455  0.86%   202  627s
   526   192    2.12357   17  419    2.10649    2.12455  0.86%   201  640s
   527   193    2.12455    5  421    2.10649    2.12455  0.86%   201  657s
   529   194    2.12455   55  435    2.10649    2.12455  0.86%   200  670s
   530   195    2.12455   57  435    2.10649    2.12455  0.86%   200  682s
   531   195    2.12455   15  435    2.10649    2.12455  0.86%   199  692s
   532   198    2.12455   11  422    2.10649    2.12455  0.86%   360  699s
   534   199    2.12455   12 1122    2.10649    2.12455  0.86%   360  700s
   549   209    2.12455   19 1691    2.10649    2.12455  0.86%   353  705s
   550   210    2.12455   20  520    2.10649    2.12455  0.86%   356  710s
   551   211    2.12455   20  520    2.10649    2.12455  0.86%   359  715s
   564   219    2.12455   27 1282    2.10649    2.12455  0.86%   352  724s
   567   221    2.12455   28 1566    2.10649    2.12455  0.86%   351  729s
   570   223    2.12455   30  480    2.10649    2.12455  0.86%   353  735s
   571   224    2.12455   30  621    2.10649    2.12455  0.86%   356  741s
   581   231    2.12455   35  571    2.10649    2.12455  0.86%   351  745s
   604   246    2.12455   47  716    2.10649    2.12455  0.86%   339  750s
   610   250    2.12455   50  664    2.10649    2.12455  0.86%   341  758s
   611   251    2.12455   50  685    2.10649    2.12455  0.86%   348  768s
   615   253    2.12455   52  978    2.10649    2.12455  0.86%   346  770s
   631   264    2.12455   60  431    2.10649    2.12455  0.86%   341  778s
   632   265    2.12455   61  645    2.10649    2.12455  0.86%   341  780s
H  639   256                       2.1076152    2.12455  0.80%   337  781s
   665   271    2.12249   78  699    2.10762    2.12455  0.80%   325  785s
   684   283    2.12249   87  753    2.10762    2.12455  0.80%   316  790s
   702   295    2.12249   96 2109    2.10762    2.12455  0.80%   309  795s
   730   314    2.12249  110 1319    2.10762    2.12455  0.80%   298  800s
   758   329    2.12249  124 1821    2.10762    2.12455  0.80%   288  805s
   782   334    2.12109  137 1502    2.10762    2.12455  0.80%   279  810s
H  791   322                       2.1076153    2.12455  0.80%   276  811s
   800   330    2.12455   18 1319    2.10762    2.12455  0.80%   274  815s
   803   332    2.12455   20  427    2.10762    2.12455  0.80%   276  822s
   804   332    2.12455   20  423    2.10762    2.12455  0.80%   278  827s
   809   336    2.12455   23 1315    2.10762    2.12455  0.80%   277  830s
   823   345    2.12455   30  516    2.10762    2.12455  0.80%   276  839s
   824   346    2.12455   30  496    2.10762    2.12455  0.80%   278  844s
   826   347    2.12418   31  500    2.10762    2.12455  0.80%   278  845s
   843   358    2.12455   40  652    2.10762    2.12455  0.80%   274  850s
   867   374    2.12455   52  640    2.10762    2.12455  0.80%   268  855s
   884   386    2.12455   60  571    2.10762    2.12455  0.80%   264  860s
   903   397    2.12455   70  722    2.10762    2.12455  0.80%   260  865s
   917   403    2.12451   77 1928    2.10762    2.12455  0.80%   257  870s
   940   418    2.12451   89 2169    2.10762    2.12455  0.80%   251  875s
   958   430    2.12451   98 2472    2.10762    2.12455  0.80%   247  880s
H  963   422                       2.1076220    2.12455  0.80%   246  881s
H  979   424                       2.1076437    2.12455  0.80%   243  890s
H  990   426                       2.1076603    2.12455  0.80%   240  894s
   995   432    2.12098  117 3358    2.10766    2.12455  0.80%   239  895s
H  999   434                       2.1077367    2.12455  0.80%   238  896s
  1017   454    2.12087  128 2515    2.10774    2.12455  0.80%   234  902s
  1038   469    2.12087  139 1415    2.10774    2.12455  0.80%   230  905s
H 1044   469                       2.1086494    2.12455  0.75%   228  906s
  1059   483    2.12087  149 1787    2.10865    2.12455  0.75%   226  910s
H 1071   474                       2.1146750    2.12455  0.47%   223  940s
H 1077   477                       2.1148330    2.12455  0.46%   222  941s
  1084   486    2.12455   20  707    2.11483    2.12455  0.46%   223  947s
  1093   495    2.12455   24 2116    2.11483    2.12455  0.46%   221  950s
H 1098   498                       2.1151922    2.12455  0.44%   221  955s
  1104   506    2.12455   30  563    2.11519    2.12455  0.44%   221  961s
  1105   507    2.12455   30  807    2.11519    2.12455  0.44%   223  965s
  1122   524    2.12455   39 1821    2.11519    2.12455  0.44%   220  970s
  1125   527    2.12455   40  658    2.11519    2.12455  0.44%   222  984s
  1126   528    2.12455   41  956    2.11519    2.12455  0.44%   222  985s
  1137   539    2.12455   46 1347    2.11519    2.12455  0.44%   220  990s
  1145   547    2.12455   50  599    2.11519    2.12455  0.44%   220  995s
H 1152   547                       2.1168251    2.12455  0.37%   219 1005s
  1164   557    2.12455   60  414    2.11683    2.12455  0.37%   219 1010s
  1171   564    2.12455   63 1110    2.11683    2.12455  0.37%   219 1015s
  1179   572    2.12455   67 1765    2.11683    2.12455  0.37%   218 1023s
  1184   577    2.12455   70 1002    2.11683    2.12455  0.37%   218 1026s
  1193   584    2.12455   74 3244    2.11683    2.12455  0.37%   218 1030s
  1203   587    2.12455   80  658    2.11683    2.12455  0.37%   217 1036s
H 1207   585                       2.1168260    2.12455  0.36%   217 1043s
  1210   587    2.12247   85 2798    2.11683    2.12455  0.36%   216 1045s
  1232   602    2.12247   98 1012    2.11683    2.12455  0.36%   213 1050s
H 1234   602                       2.1168262    2.12455  0.36%   213 1057s
  1242   611    2.12247  103 1032    2.11683    2.12455  0.36%   212 1060s
H 1260   627                       2.1168263    2.12455  0.36%   209 1064s
H 1261   628                       2.1168264    2.12455  0.36%   209 1069s
  1265   634    2.12247  114 1207    2.11683    2.12455  0.36%   209 1070s
  1288   657    2.12247  126 1306    2.11683    2.12455  0.36%   205 1075s
  1308   675    2.12247  136 1739    2.11683    2.12455  0.36%   203 1080s
  1328   693    2.12098  147 1139    2.11683    2.12455  0.36%   200 1085s
  1342   703    2.12098  154  953    2.11683    2.12455  0.36%   198 1090s
H 1369   702                       2.1168264    2.12455  0.36%   195 1100s
H 1369   700                       2.1172809    2.12455  0.34%   195 1101s
  1384   717    2.12455   74 2138    2.11728    2.12455  0.34%   194 1105s
H 1395   726                       2.1172836    2.12455  0.34%   193 1109s
H 1396   727                       2.1172844    2.12455  0.34%   193 1112s
  1409   742    2.12454   92 1924    2.11728    2.12455  0.34%   192 1115s
H 1421   735                       2.1172846    2.12455  0.34%   191 1118s
H 1423   737                       2.1172944    2.12455  0.34%   190 1123s
  1427   743    2.12455   66  841    2.11729    2.12455  0.34%   190 1125s
  1441   753    2.12455   71 1869    2.11729    2.12455  0.34%   190 1130s
H 1450   759                       2.1172948    2.12455  0.34%   189 1139s
  1453   764    2.12173   80  744    2.11729    2.12455  0.34%   190 1141s
  1469   767    2.12455   20  429    2.11729    2.12455  0.34%   191 1149s
  1470   768    2.12455   21  427    2.11729    2.12455  0.34%   191 1150s
H 1473   769                       2.1172948    2.12455  0.34%   191 1153s
  1474   772    2.12455   25 2042    2.11729    2.12455  0.34%   191 1155s
H 1477   773                       2.1179265    2.12455  0.31%   190 1161s
  1491   789    2.12455   30  409    2.11793    2.12455  0.31%   190 1168s
  1495   793    2.12455   32  973    2.11793    2.12455  0.31%   190 1170s
H 1499   795                       2.1179265    2.12455  0.31%   189 1172s
  1504   802    2.12455   37 1900    2.11793    2.12455  0.31%   189 1177s
  1512   810    2.12455   40  996    2.11793    2.12455  0.31%   189 1183s
  1519   817    2.12455   46 2473    2.11793    2.12455  0.31%   188 1185s
  1525   823    2.12455   50 1149    2.11793    2.12455  0.31%   189 1190s
  1531   829    2.12455   52 1617    2.11793    2.12455  0.31%   188 1195s
  1549   847    2.12455   60 2334    2.11793    2.12455  0.31%   187 1200s

Cutting planes:
  Implied bound: 1
  MIR: 27
  Flow cover: 204
  Zero half: 142
  Relax-and-lift: 3

Explored 1550 nodes (367626 simplex iterations) in 1200.11 seconds (5061.74 work units)
Thread count was 1 (of 64 available processors)

Solution count 10: 2.11793 2.11793 2.11729 ... 2.11683

Time limit reached
Best objective 2.117926501802e+00, best bound 2.124552204803e+00, gap 0.3128%
Tree policy:
if cars_left <= 0.0:
    if waiting_time <= 5.0:
        if green_side <= 0.0:
            if waiting_time <= 2.0:
                if cars_right <= 0.0:
                    return '(wait)'
                else:
                    return '(switch_light)'
            else:
                if waiting_time <= 3.0:
                    return '(switch_light)'
                else:
                    return '(wait)'
        else:
            return '(wait)'
    else:
        return '(switch_light)'
else:
    if green_side <= 0.0:
        if waiting_time <= 2.0:
            if cars_right <= 0.0:
                return '(wait)'
            else:
                if cars_left <= 1.0:
                    return '(switch_light)'
                else:
                    return '(wait)'
        else:
            if cars_left <= 1.0:
                return '(switch_light)'
            else:
                if waiting_time <= 3.0:
                    if cars_right <= 1.0:
                        if cars_left <= 2.0:
                            return '(wait)'
                        else:
                            return '(switch_light)'
                    else:
                        return '(switch_light)'
                else:
                    if cars_left <= 2.0:
                        return '(switch_light)'
                    else:
                        if waiting_time <= 5.0:
                            return '(switch_light)'
                        else:
                            return '(wait)'
    else:
        if waiting_time <= 1.0:
            if cars_right <= 4.0:
                if cars_left <= 1.0:
                    return '(wait)'
                else:
                    if cars_right <= 1.0:
                        return '(switch_light)'
                    else:
                        return '(wait)'
            else:
                if cars_left <= 4.0:
                    return '(wait)'
                else:
                    return '(switch_light)'
        else:
            return '(switch_light)'
Optimal decision tree (depth=7) value: 2.1179265018020716
Writing result files...
