Solving...
Starting with fixed depth 3
Set parameter Username
Academic license - for non-commercial use only - expires 2025-09-20
Set parameter Threads to value 1
Set parameter TimeLimit to value 1200
Gurobi Optimizer version 10.0.0 build v10.0.0rc2 (linux64)

CPU model: AMD EPYC 9124 16-Core Processor, instruction set [SSE2|AVX|AVX2|AVX512]
Thread count: 32 physical cores, 64 logical processors, using up to 1 threads

Optimize a model with 13011 rows, 4857 columns and 93603 nonzeros
Model fingerprint: 0x75834416
Variable types: 1083 continuous, 3774 integer (3774 binary)
Coefficient statistics:
  Matrix range     [6e-12, 1e+02]
  Objective range  [2e-01, 2e+01]
  Bounds range     [1e+00, 1e+02]
  RHS range        [1e+00, 3e+00]
Presolve added 28 rows and 21 columns
Presolve time: 0.19s
Presolved: 13039 rows, 4878 columns, 86756 nonzeros
Variable types: 1147 continuous, 3731 integer (3731 binary)

Root relaxation: objective 2.124929e+00, 3250 iterations, 0.14 seconds (0.31 work units)

    Nodes    |    Current Node    |     Objective Bounds      |     Work
 Expl Unexpl |  Obj  Depth IntInf | Incumbent    BestBd   Gap | It/Node Time

     0     0    2.12493    0  809          -    2.12493      -     -    0s
     0     0    2.12493    0  810          -    2.12493      -     -    0s
     0     0    2.12493    0  953          -    2.12493      -     -    1s
     0     0    2.12493    0  953          -    2.12493      -     -    1s
     0     0    2.12493    0 1098          -    2.12493      -     -    1s
     0     0    2.12493    0 1105          -    2.12493      -     -    1s
     0     0    2.12493    0 1105          -    2.12493      -     -    1s
     0     2    2.12493    0 1105          -    2.12493      -     -    3s
    30    32 -110.82155   19   50          -    2.12493      -   366    5s
*   33    29              21     -80.2194413    2.12493   103%   337    5s
*  105    59              23      -7.4983338    2.12493   128%   296    8s
*  106    58              23      -6.0896954    2.12493   135%   294    8s
   129    61     cutoff   35        -6.08970    2.12493   135%   280   10s
   292   158    2.08881    7  998   -6.08970    2.12493   135%   235   15s
   476   238    1.90178   17 1484   -6.08970    2.12493   135%   228   20s
   517   265    1.30900   28  976   -6.08970    2.12460   135%   224   25s
   533   276    2.12460    6 1573   -6.08970    2.12460   135%   217   30s
   548   287    2.12382   17 1488   -6.08970    2.12460   135%   239   35s
   551   289    0.00226   17 1168   -6.08970    2.12460   135%   238   41s
H  634   297                      -1.6978220    2.12460   225%  73.7   44s
   640   303   -0.14086   41  985   -1.69782    2.12460   225%  73.7   45s
*  660   296              51      -0.7732724    2.12460   375%  76.1   45s
H  715   287                      -0.7731686    2.12460   375%  83.5   47s
   863   312   -0.29022   49  447   -0.77317    2.12460   375%  83.4   50s
   970   330 infeasible   50        -0.77317    2.12460   375%  99.4   59s
   971   329 infeasible   49        -0.77317    2.12460   375%   101   60s
  1015   331 infeasible   51        -0.77317    2.12460   375%   117   70s
* 1021   173              55       0.2389452    2.12460   789%   119   72s
  1061   168    0.99247   53 1300    0.23895    2.12460   789%   130   75s
H 1091   146                       0.2392930    2.12460   788%   132   76s
  1128   140 infeasible   55         0.23929    2.12460   788%   148   81s
H 1145   122                       0.2392932    2.12460   788%   149   82s
  1217   116    2.12460   53 1044    0.23929    2.12460   788%   163   85s
  1232   119 infeasible   51         0.23929    2.12460   788%   181   94s
  1233   118     cutoff   51         0.23929    2.12460   788%   183   95s
H 1253   118                       0.2392976    2.12460   788%   186   97s
  1258   119 infeasible   49         0.23930    2.12460   788%   193  101s
  1294   121 infeasible   48         0.23930    2.12460   788%   204  106s
  1318   123    2.12460   48  764    0.23930    2.12460   788%   210  110s
H 1437   166                       0.2392993    2.12460   788%   209  114s
  1460   175    1.78726   34 1359    0.23930    2.12460   788%   207  115s
H 1491   180                       0.2393011    2.12460   788%   205  116s
H 1518   193                       0.2393060    2.12460   788%   205  117s
  1577   200 infeasible   46         0.23931    2.12460   788%   214  125s
  1677   247    1.03418   42 1248    0.23931    2.12460   788%   214  130s
  1740   265 infeasible   41         0.23931    2.12460   788%   219  137s
  1742   267    1.52460   42  962    0.23931    2.12460   788%   219  140s
  1835   301    2.12460   42 1227    0.23931    2.12460   788%   219  145s
  1891   322 infeasible   43         0.23931    2.12460   788%   238  162s
  1900   322 infeasible   45         0.23931    2.12460   788%   240  165s
  1911   327 infeasible   41         0.23931    2.12460   788%   253  179s
  1913   326     cutoff   41         0.23931    2.12460   788%   253  180s
H 1931   304                       0.9645193    2.12460   120%   252  182s
H 1958   313                       0.9645197    2.12460   120%   250  182s
H 1997   316                       0.9682953    2.12460   119%   249  184s
  2000   321    2.12233   47 1405    0.96830    2.12460   119%   248  185s
  2124   345    1.54754   51 1594    0.96830    2.12460   119%   246  190s
  2268   374 infeasible   41         0.96830    2.12460   119%   241  195s
  2328   393 infeasible   47         0.96830    2.12460   119%   243  200s
  2334   390    2.12460   40  966    0.96830    2.12460   119%   246  205s
H 2375   395                       0.9682967    2.12460   119%   247  208s
  2399   400 infeasible   46         0.96830    2.12460   119%   249  210s
H 2402   397                       0.9683909    2.12460   119%   249  212s
  2413   396    2.12460   43 1133    0.96839    2.12460   119%   252  215s
  2483   408    1.20652   54  943    0.96839    2.12460   119%   255  222s
  2525   415 infeasible   44         0.96839    2.12460   119%   256  225s
  2599   423     cutoff   42         0.96839    2.12460   119%   255  230s
H 2624   426                       1.0050509    2.12460   111%   254  234s
  2635   423    1.91486   42 1020    1.00505    2.12460   111%   254  235s
H 2643   419                       1.0050700    2.12460   111%   253  236s
  2654   425    1.93005   48  566    1.00507    2.12460   111%   255  240s
  2723   444    2.04646   40  973    1.00507    2.12460   111%   253  245s
  2763   456 infeasible   44         1.00507    2.12460   111%   256  250s
  2843   464    1.86197   44  893    1.00507    2.12460   111%   258  255s
  2910   477     cutoff   43         1.00507    2.12460   111%   260  260s
  3011   492    2.10423   43  672    1.00507    2.12460   111%   256  266s
  3066   499 infeasible   40         1.00507    2.12460   111%   259  276s
  3093   506 infeasible   53         1.00507    2.12460   111%   261  280s
  3232   543    2.01024   42  924    1.00507    2.12460   111%   261  285s
  3259   543     cutoff   47         1.00507    2.12460   111%   262  290s
  3354   571 infeasible   42         1.00507    2.12460   111%   265  302s
  3357   574    2.06589   44 1107    1.00507    2.12460   111%   265  306s
  3475   611     cutoff   45         1.00507    2.12460   111%   264  310s
  3615   647     cutoff   39         1.00507    2.12460   111%   265  315s
H 3645   651                       1.0050700    2.12460   111%   263  316s
  3680   667     cutoff   49         1.00507    2.12460   111%   263  320s
  3747   695 infeasible   45         1.00507    2.12460   111%   265  328s
  3755   695    2.00715   43  993    1.00507    2.12460   111%   265  330s
  3784   688    2.12460   38 1055    1.00507    2.12460   111%   267  335s
  3811   694     cutoff   45         1.00507    2.12460   111%   267  340s
  3821   693    1.65720   41  974    1.00507    2.12460   111%   270  345s
  3880   718    1.05353   51 1150    1.00507    2.12460   111%   271  350s
  3974   743 infeasible   50         1.00507    2.12460   111%   272  355s
  4044   769    2.12460   43  880    1.00507    2.12460   111%   273  360s
H 4052   771                       1.0050837    2.12460   111%   273  362s
  4090   767    2.02962   43 1080    1.00508    2.12460   111%   272  365s
  4154   775 infeasible   46         1.00508    2.12460   111%   273  372s
  4187   799    2.03753   54 1028    1.00508    2.12460   111%   273  375s
  4202   798 infeasible   46         1.00508    2.12460   111%   276  380s
  4283   817 infeasible   48         1.00508    2.12460   111%   275  385s
H 4373   826                       1.0050841    2.12460   111%   273  387s
  4574   880    1.23514   52 1131    1.00508    2.12460   111%   266  390s
  4666   908     cutoff   47         1.00508    2.12460   111%   265  395s
H 4668   906                       1.0050843    2.12460   111%   265  395s
  4696   909 infeasible   47         1.00508    2.12460   111%   267  401s
  4833   935    1.24638   55  588    1.00508    2.12460   111%   263  406s
H 4966   957                       1.0050926    2.12460   111%   259  408s
H 4992   964                       1.0053255    2.12460   111%   258  408s
  5090  1008    1.79668   52  788    1.00533    2.12460   111%   255  410s
H 5143  1029                       1.0053255    2.12460   111%   254  412s
  5207  1046    1.62741   41 1027    1.00533    2.12460   111%   254  415s
  5357  1100 infeasible   58         1.00533    2.12460   111%   254  420s
  5533  1161    2.12460   34 1094    1.00533    2.12460   111%   251  425s
H 5607  1189                       1.0053255    2.12460   111%   250  429s
H 5608  1190                       1.0053277    2.12460   111%   250  430s
  5680  1202 infeasible   41         1.00533    2.12460   111%   249  435s
  5865  1256 infeasible   51         1.00533    2.12460   111%   248  445s
  5866  1257    1.50641   50  877    1.00533    2.12460   111%   248  461s
  5998  1284 infeasible   44         1.00533    2.12460   111%   247  465s
  6262  1333     cutoff   40         1.00533    2.12460   111%   242  470s
  6448  1366    1.69935   45 1302    1.00533    2.12460   111%   240  475s
  6687  1410     cutoff   44         1.00533    2.12460   111%   237  480s
  6929  1471    1.02413   47 1413    1.00533    2.12460   111%   234  485s
  7091  1501 infeasible   45         1.00533    2.12460   111%   233  490s
  7177  1516 infeasible   46         1.00533    2.12460   111%   235  497s
  7241  1527    2.12460   31 1165    1.00533    2.12460   111%   235  500s
  7444  1566    1.54682   35 1477    1.00533    2.12460   111%   234  505s
  7593  1608    1.20830   45  865    1.00533    2.12460   111%   232  512s
  7745  1658     cutoff   51         1.00533    2.12460   111%   231  515s
  7912  1728 infeasible   50         1.00533    2.12460   111%   231  520s
  8084  1779 infeasible   44         1.00533    2.12460   111%   230  525s
  8132  1786    1.99437   46 1795    1.00533    2.12460   111%   231  530s
  8366  1835     cutoff   53         1.00533    2.12460   111%   229  535s
  8456  1851    1.20830   47  495    1.00533    2.12460   111%   228  540s
  8563  1874     cutoff   45         1.00533    2.12460   111%   228  545s
  8624  1887    1.95078   45  938    1.00533    2.12460   111%   228  550s
  8738  1908    2.12460   28 1184    1.00533    2.12460   111%   229  555s
  8877  1930 infeasible   39         1.00533    2.12460   111%   228  560s
  8953  1958  postponed   42         1.00533    2.12460   111%   229  566s
  8976  1957    2.12460   35  636    1.00533    2.12460   111%   230  570s
  8988  1965    1.16052   45 1474    1.00533    2.12460   111%   230  576s
  9033  1970 infeasible   43         1.00533    2.12460   111%   231  583s
  9085  1975     cutoff   41         1.00533    2.12460   111%   231  585s
  9270  2007    1.89358   41  793    1.00533    2.12460   111%   229  590s
  9435  2042 infeasible   46         1.00533    2.12460   111%   229  595s
  9659  2117    2.12418   38 1306    1.00533    2.12460   111%   228  604s
  9661  2117    1.76626   39 1425    1.00533    2.12460   111%   228  613s
  9676  2115 infeasible   45         1.00533    2.12460   111%   228  615s
  9805  2140    1.27501   41  944    1.00533    2.12460   111%   227  620s
 10028  2189 infeasible   45         1.00533    2.12460   111%   227  629s
 10033  2190    1.87587   45 1097    1.00533    2.12460   111%   227  630s
 10202  2237    2.12460   39  546    1.00533    2.12460   111%   226  784s
 10209  2242    2.12460   45 1286    1.00533    2.12460   111%   226  785s
 10378  2263 infeasible   43         1.00533    2.12460   111%   227  790s
 10480  2270    1.59288   51  961    1.00533    2.12460   111%   228  795s
 10689  2299 infeasible   43         1.00533    2.12460   111%   227  800s
 10827  2324 infeasible   51         1.00533    2.12460   111%   227  806s
 10928  2347 infeasible   44         1.00533    2.12460   111%   228  814s
 10931  2346    1.87729   45 1378    1.00533    2.12460   111%   228  816s
 10993  2361 infeasible   47         1.00533    2.12460   111%   228  820s
 11084  2383     cutoff   48         1.00533    2.12460   111%   228  825s
 11158  2409    2.10730   45 1656    1.00533    2.12460   111%   227  830s
 11267  2432 infeasible   45         1.00533    2.12460   111%   228  835s
 11348  2442 infeasible   48         1.00533    2.12460   111%   229  845s
 11417  2448    1.98253   49 1008    1.00533    2.12460   111%   229  850s
 11573  2458 infeasible   45         1.00533    2.12460   111%   229  855s
 11579  2460    1.62531   46 1499    1.00533    2.12460   111%   230  862s
 11632  2471    2.11936   47 1066    1.00533    2.12460   111%   231  865s
 11851  2500    1.89723   47 1191    1.00533    2.12460   111%   230  870s
H11862  2497                       1.0053278    2.12460   111%   230  871s
 11880  2506 infeasible   57         1.00533    2.12460   111%   231  877s
 11897  2507     cutoff   51         1.00533    2.12460   111%   231  880s
H11920  2504                       1.0053278    2.12460   111%   231  888s
 11923  2507 infeasible   46         1.00533    2.12460   111%   231  890s
 11932  2502 infeasible   48         1.00533    2.12460   111%   232  895s
 12033  2526     cutoff   47         1.00533    2.12460   111%   233  900s
 12099  2532     cutoff   48         1.00533    2.12460   111%   233  905s
 12207  2561    1.21588   49  975    1.00533    2.12460   111%   233  910s
 12332  2593    1.10351   51 1011    1.00533    2.12460   111%   233  915s
H12490  2615                       1.0053278    2.12460   111%   233  920s
 12616  2650    1.41418   48 1496    1.00533    2.12460   111%   232  925s
 12703  2645 infeasible   53         1.00533    2.12460   111%   233  930s
 12716  2650    2.07474   47 1103    1.00533    2.12460   111%   232  935s
 12743  2650    2.12460   47  825    1.00533    2.12460   111%   233  940s
H12767  2652                       1.0053303    2.12460   111%   233  943s
 12836  2670     cutoff   49         1.00533    2.12460   111%   233  945s
 13054  2722 infeasible   50         1.00533    2.12460   111%   232  950s
 13176  2740 infeasible   51         1.00533    2.12460   111%   232  956s
 13229  2758  postponed   55         1.00533    2.12460   111%   233  968s
 13232  2757    1.45448   48 1541    1.00533    2.12460   111%   233  970s
 13290  2758    2.11917   42 1047    1.00533    2.12460   111%   233  976s
 13393  2775    1.87591   46 1158    1.00533    2.12460   111%   233  980s
 13471  2789    2.12460   45 1601    1.00533    2.12460   111%   233  985s
 13584  2820    1.08765   51  866    1.00533    2.12460   111%   232  990s
 13767  2873    1.80333   50  846    1.00533    2.12460   111%   231  997s
 13790  2875    1.95079   44 1127    1.00533    2.12460   111%   231 1000s
 13937  2915     cutoff   54         1.00533    2.12460   111%   230 1005s
 13999  2912    2.12460   43 1225    1.00533    2.12460   111%   230 1013s
 14058  2934    1.38568   43 1174    1.00533    2.12460   111%   229 1015s
 14274  3001    1.51113   38 1253    1.00533    2.12460   111%   227 1020s
 14511  3079 infeasible   49         1.00533    2.12460   111%   226 1025s
 14665  3115    2.12460   43  551    1.00533    2.12460   111%   226 1030s
 14735  3121    2.01057   47 1054    1.00533    2.12460   111%   226 1035s
 14862  3149    1.34290   53 1820    1.00533    2.12460   111%   226 1040s
 15034  3182 infeasible   45         1.00533    2.12460   111%   226 1046s
 15036  3182    2.02185   44  791    1.00533    2.12460   111%   226 1051s
 15062  3184 infeasible   46         1.00533    2.12460   111%   226 1055s
 15315  3259     cutoff   52         1.00533    2.12460   111%   225 1060s
 15390  3286     cutoff   48         1.00533    2.12460   111%   224 1065s
 15670  3331    2.11460   42  576    1.00533    2.12460   111%   223 1070s
 15926  3421    2.12162   36 1299    1.00533    2.12460   111%   222 1075s
 15976  3434    1.31762   40  964    1.00533    2.12460   111%   222 1080s
 16246  3475 infeasible   40         1.00533    2.12460   111%   221 1085s
 16370  3507    2.12107   35 1015    1.00533    2.12460   111%   220 1090s
 16505  3550 infeasible   45         1.00533    2.12460   111%   220 1095s
 16533  3552    1.94472   45  969    1.00533    2.12460   111%   220 1100s
 16785  3610     cutoff   40         1.00533    2.12460   111%   219 1105s
 16819  3612    1.81283   39  840    1.00533    2.12460   111%   220 1110s
 17045  3636    2.12460   51  990    1.00533    2.12460   111%   219 1115s
 17170  3646 infeasible   50         1.00533    2.12460   111%   219 1120s
 17171  3645 infeasible   50         1.00533    2.12460   111%   220 1127s
 17192  3640    2.12460   43  829    1.00533    2.12460   111%   220 1130s
 17195  3639    1.11335   36 1343    1.00533    2.12460   111%   220 1135s
 17250  3648     cutoff   42         1.00533    2.12460   111%   220 1140s
 17412  3693    2.09142   39 1135    1.00533    2.12460   111%   219 1145s
 17632  3744    2.12092   40 1219    1.00533    2.12460   111%   218 1151s
 17715  3757    1.49555   45 1727    1.00533    2.12460   111%   218 1155s
 17859  3782  postponed   45         1.00533    2.12460   111%   219 1163s
 17862  3779 infeasible   44         1.00533    2.12460   111%   220 1167s
 17897  3779    2.12418   39 1383    1.00533    2.12460   111%   220 1174s
 17900  3780    1.76542   41 1040    1.00533    2.12460   111%   220 1175s
 18094  3840    1.70734   43 1018    1.00533    2.12460   111%   219 1180s
 18214  3886    2.11960   39 1366    1.00533    2.12460   111%   219 1185s
 18557  4018     cutoff   49         1.00533    2.12460   111%   217 1190s
 18837  4092 infeasible   44         1.00533    2.12460   111%   217 1199s

Cutting planes:
  Gomory: 3
  Implied bound: 1
  Projected implied bound: 3
  MIR: 11
  Flow cover: 202
  Zero half: 122
  Relax-and-lift: 1

Explored 18847 nodes (4210209 simplex iterations) in 1200.00 seconds (2024.49 work units)
Thread count was 1 (of 64 available processors)

Solution count 10: 1.00533 0.968391 0.96452 ... -1.69782

Time limit reached
Best objective 1.005330279259e+00, best bound 2.124601687386e+00, gap 111.3337%
Tree policy:
if cars_right <= 0.0:
    if cars_left <= 0.0:
        if green_side <= 0.0:
            return '__random__'
        else:
            return '(wait)'
    else:
        if green_side <= 0.0:
            return '(wait)'
        else:
            return '(switch_light)'
else:
    if green_side <= 0.0:
        if cars_left <= 1.0:
            return '(switch_light)'
        else:
            return '(wait)'
    else:
        if cars_left <= 0.0:
            return '(wait)'
        else:
            return '(switch_light)'
Optimal decision tree (depth=3) value: 1.0053302792586436
Writing result files...
