Solving...
Starting with fixed depth 5
Set parameter Username
Academic license - for non-commercial use only - expires 2025-09-20
Set parameter Threads to value 1
Set parameter TimeLimit to value 1200
Gurobi Optimizer version 10.0.0 build v10.0.0rc2 (linux64)

CPU model: AMD EPYC 9124 16-Core Processor, instruction set [SSE2|AVX|AVX2|AVX512]
Thread count: 32 physical cores, 64 logical processors, using up to 1 threads

Optimize a model with 47715 rows, 14073 columns and 375531 nonzeros
Model fingerprint: 0xefef6342
Variable types: 1083 continuous, 12990 integer (12990 binary)
Coefficient statistics:
  Matrix range     [6e-12, 1e+02]
  Objective range  [2e-01, 2e+01]
  Bounds range     [1e+00, 1e+02]
  RHS range        [1e+00, 5e+00]
Presolve removed 92 rows and 123 columns
Presolve time: 0.97s
Presolved: 47623 rows, 13950 columns, 367628 nonzeros
Variable types: 1147 continuous, 12803 integer (12803 binary)
Root relaxation presolved: 47623 rows, 13950 columns, 367628 nonzeros


Root relaxation: objective 2.124876e+00, 4867 iterations, 0.91 seconds (3.89 work units)

    Nodes    |    Current Node    |     Objective Bounds      |     Work
 Expl Unexpl |  Obj  Depth IntInf | Incumbent    BestBd   Gap | It/Node Time

     0     0    2.12488    0  811          -    2.12488      -     -    2s
     0     0    2.12488    0  521          -    2.12488      -     -    3s
     0     0    2.12488    0  881          -    2.12488      -     -    4s
     0     0    2.12488    0  657          -    2.12488      -     -    4s
     0     0    2.12488    0  657          -    2.12488      -     -    4s
     0     0    2.12488    0 1649          -    2.12488      -     -    4s
     0     0    2.12488    0 1649          -    2.12488      -     -    4s
     0     0    2.12488    0 1572          -    2.12488      -     -    5s
     0     0    2.12488    0 1572          -    2.12488      -     -    5s
     0     0    2.12488    0 1576          -    2.12488      -     -    5s
     0     0    2.12488    0 1576          -    2.12488      -     -    5s
     0     2    2.12488    0 1576          -    2.12488      -     -    9s
     4     6    2.12488    3  440          -    2.12488      -   512   10s
    47    49  -29.31487   31  917          -    2.12488      -   622   15s
*   56    54              37    -128.8723615    2.12488   102%   600   16s
   115    94    2.12488   29 2636 -128.87236    2.12488   102%   462   20s
*  231   179             102      -2.1913411    2.12488   197%   298   24s
*  246   182             111      -2.1855453    2.12488   197%   280   24s
   259   193    2.12488   11 1442   -2.18555    2.12488   197%   284   25s
*  374   258              85       0.5608860    2.12488   279%   245   29s
   385   259    0.56244   90   92    0.56089    2.12488   279%   239   30s
H  439   283                       0.6636807    2.12488   220%   239   32s
H  466   298                       0.6636807    2.12488   220%   239   33s
H  473   262                       1.4575890    2.12488  45.8%   236   33s
H  493   272                       1.5486393    2.12488  37.2%   228   34s
   509   290    1.77462   42 1143    1.54864    2.12488  37.2%   236   35s
   513   292    2.12387   15 1115    1.54864    2.12461  37.2%   234   40s
   519   296    1.77718   75 1070    1.54864    2.12461  37.2%   231   45s
   526   301    2.12461    9 1992    1.54864    2.12461  37.2%   228   50s
H  527   286                       1.5486393    2.12461  37.2%   228   51s
   533   290    2.12461   13 1906    1.54864    2.12461  37.2%   225   58s
H  533   275                       1.5486393    2.12461  37.2%   225   59s
   535   278    2.12461   11 1782    1.54864    2.12461  37.2%   269   60s
H  560   279                       1.5486395    2.12461  37.2%   265   62s
H  588   282                       1.5486395    2.12461  37.2%   266   63s
   618   287    2.12461   24 1350    1.54864    2.12461  37.2%   259   65s
H  690   309                       1.5486395    2.12461  37.2%   245   68s
   723   333    2.07547   74  689    1.54864    2.12461  37.2%   251   70s
H  733   306                       1.9129262    2.12461  11.1%   248   70s
H  743   293                       1.9129273    2.12461  11.1%   245   71s
H  750   259                       2.0631584    2.12461  2.98%   244   71s
H  769   248                       2.0631586    2.12461  2.98%   240   72s
   807   269    2.11306   45 1498    2.06316    2.12461  2.98%   238   75s
H  863   277                       2.0631590    2.12461  2.98%   236   77s
H  900   288                       2.0631590    2.12461  2.98%   231   79s
   910   297    2.12048   52 1260    2.06316    2.12461  2.98%   229   80s
H  944   307                       2.0631986    2.12461  2.98%   229   81s
  1022   344    2.12320   38 1889    2.06320    2.12461  2.98%   221   85s
H 1025   345                       2.0631986    2.12461  2.98%   222   85s
  1114   410    2.12320   38 1088    2.06320    2.12461  2.98%   222   90s
H 1210   498                       2.0631986    2.12461  2.98%   221   94s
  1218   498 infeasible   84         2.06320    2.12461  2.98%   219   95s
H 1223   493                       2.0631986    2.12461  2.98%   219   95s
H 1251   515                       2.0631986    2.12461  2.98%   217   96s
  1278   533    2.07542   41 1234    2.06320    2.12461  2.98%   215  100s
  1364   598    2.11578   72 1795    2.06320    2.12461  2.98%   214  105s
  1402   624    2.11698   53 1485    2.06320    2.12461  2.98%   213  110s
H 1493   687                       2.0713677    2.12461  2.57%   214  115s
H 1520   704                       2.0716357    2.12461  2.56%   213  116s
H 1527   711                       2.0716362    2.12461  2.56%   214  117s
H 1547   725                       2.0716399    2.12461  2.56%   212  119s
  1574   754    2.08301  100  652    2.07164    2.12461  2.56%   211  120s
* 1586   754             110       2.0716579    2.12461  2.56%   210  121s
H 1601   757                       2.0716917    2.12461  2.55%   208  121s
H 1628   765                       2.0726569    2.12461  2.51%   207  123s
  1658   780 infeasible   43         2.07266    2.12461  2.51%   206  125s
H 1765   862                       2.0726598    2.12461  2.51%   202  128s
H 1790   871                       2.0726599    2.12461  2.51%   201  129s
  1809   892    2.11691   60 1038    2.07266    2.12461  2.51%   200  130s
H 1842   796                       2.0822615    2.12461  2.03%   204  133s
H 1849   793                       2.0822635    2.12461  2.03%   203  133s
  1876   822    2.11986   70 1869    2.08226    2.12461  2.03%   203  135s
H 1926   858                       2.0822844    2.12461  2.03%   201  137s
H 1930   862                       2.0823043    2.12461  2.03%   201  138s
  1973   893    2.12033   63 1698    2.08230    2.12461  2.03%   199  140s
  2050   946    2.11670   68 2021    2.08230    2.12461  2.03%   200  145s
H 2121   997                       2.0823043    2.12461  2.03%   199  149s
  2122   998     cutoff   73         2.08230    2.12461  2.03%   199  150s
  2150  1003    2.09542   65  954    2.08230    2.12461  2.03%   199  156s
  2177  1011    2.12449   61 1638    2.08230    2.12461  2.03%   198  160s
  2208  1020    2.12449   72 1741    2.08230    2.12461  2.03%   198  165s
H 2230  1018                       2.0829609    2.12461  2.00%   197  166s
H 2231  1019                       2.0829769    2.12461  2.00%   197  166s
  2285  1053 infeasible   82         2.08298    2.12461  2.00%   197  170s
  2344  1102    2.11585   87  985    2.08298    2.12461  2.00%   197  175s
  2425  1156    2.12461   56  969    2.08298    2.12461  2.00%   193  180s
H 2426  1155                       2.0829769    2.12461  2.00%   193  180s
H 2480  1190                       2.0829769    2.12461  2.00%   191  183s
  2507  1205 infeasible  101         2.08298    2.12461  2.00%   191  185s
H 2520  1213                       2.0829769    2.12461  2.00%   191  186s
  2590  1267    2.12461   67 1161    2.08298    2.12461  2.00%   188  190s
H 2591  1266                       2.0829769    2.12461  2.00%   188  190s
H 2646  1160                       2.1086400    2.12461  0.76%   187  192s
H 2665  1169                       2.1086423    2.12461  0.76%   186  193s
H 2692  1173                       2.1086673    2.12461  0.76%   185  194s
H 2719  1200                       2.1086780    2.12461  0.76%   185  194s
  2719  1202    2.11683   92 1748    2.10868    2.12461  0.76%   185  195s
  2869  1271    2.12273   99 1548    2.10868    2.12461  0.76%   180  200s
H 3018  1351                       2.1086793    2.12461  0.76%   176  205s
  3123  1413    2.12461   87 2097    2.10868    2.12461  0.76%   174  210s
H 3196  1447                       2.1086793    2.12461  0.76%   172  212s
  3319  1499    2.12422   94 2384    2.10868    2.12461  0.76%   168  215s
  3390  1526    2.12461   80 2525    2.10868    2.12461  0.76%   168  220s
H 3451  1171                       2.1167726    2.12461  0.37%   168  224s
H 3454  1170                       2.1167856    2.12461  0.37%   168  225s
  3588  1234    2.12461   98 1421    2.11679    2.12461  0.37%   166  230s
  3647  1259    2.12461   78 2405    2.11679    2.12461  0.37%   167  236s
  3752  1322    2.12461   87 1583    2.11679    2.12461  0.37%   166  240s
H 3824  1348                       2.1167858    2.12461  0.37%   165  243s
  3871  1376    2.12461   85 1544    2.11679    2.12461  0.37%   165  245s
  3963  1407    2.12461   86 1717    2.11679    2.12461  0.37%   167  252s
  4025  1450 infeasible  112         2.11679    2.12461  0.37%   166  255s
H 4107  1366                       2.1174401    2.12461  0.34%   171  261s
  4177  1394 infeasible   94         2.11744    2.12461  0.34%   171  265s
H 4270  1429                       2.1174442    2.12461  0.34%   171  269s
  4273  1434    2.12461   80 2871    2.11744    2.12461  0.34%   171  270s
  4371  1468    2.12461   82 1560    2.11744    2.12461  0.34%   173  275s
  4506  1535    2.12399  107 1366    2.11744    2.12461  0.34%   174  280s
  4574  1558    2.12248  101 1187    2.11744    2.12461  0.34%   174  285s
  4650  1596    2.12461   87 2475    2.11744    2.12461  0.34%   176  290s
  4698  1596    2.12461   90  882    2.11744    2.12461  0.34%   178  295s
  4765  1608    2.12461   84 1253    2.11744    2.12461  0.34%   178  300s
  4879  1662 infeasible   88         2.11744    2.12461  0.34%   179  305s
H 4914  1672                       2.1174443    2.12461  0.34%   179  308s
  4980  1712 infeasible   98         2.11744    2.12461  0.34%   177  310s
  5072  1732 infeasible   80         2.11744    2.12461  0.34%   178  315s
  5102  1745    2.12461   80 1576    2.11744    2.12461  0.34%   178  320s
  5105  1747    2.12460   91  420    2.11744    2.12460  0.34%   178  325s
  5110  1750    2.12399   91 1230    2.11744    2.12460  0.34%   178  331s
  5115  1754    2.12320   39 1643    2.11744    2.12460  0.34%   177  335s
  5118  1756    2.12088   54 1400    2.11744    2.12460  0.34%   177  340s
  5122  1758    2.12260   69 1698    2.11744    2.12460  0.34%   177  346s
  5124  1760    2.11986   52 1698    2.11744    2.12460  0.34%   177  350s
  5193  1795    2.12460   38 2429    2.11744    2.12460  0.34%   182  355s
H 5232  1714                       2.1174463    2.12460  0.34%   183  357s
  5260  1734    2.12460   50 1772    2.11745    2.12460  0.34%   184  360s
  5341  1760    2.12460   34 1552    2.11745    2.12460  0.34%   183  365s
H 5358  1686                       2.1174463    2.12460  0.34%   183  366s
  5453  1729    2.12460   40 1168    2.11745    2.12460  0.34%   183  370s
  5520  1742    2.12460   44 1142    2.11745    2.12460  0.34%   186  375s
  5581  1762    2.12460   43  424    2.11745    2.12460  0.34%   188  380s
  5645  1785 infeasible   58         2.11745    2.12460  0.34%   190  385s
  5756  1797    2.12460   48 1945    2.11745    2.12460  0.34%   190  390s
H 5892  1750                       2.1174518    2.12460  0.34%   189  394s
  5895  1750    2.12460   58 1628    2.11745    2.12460  0.34%   189  395s
  5965  1732    2.12460   45  428    2.11745    2.12460  0.34%   191  400s
H 5979  1653                       2.1174641    2.12460  0.34%   191  401s
  6019  1669    2.12460   45  804    2.11746    2.12460  0.34%   191  405s
  6077  1684    2.12460   66 1145    2.11746    2.12460  0.34%   191  410s
  6139  1673    2.12460   41 1515    2.11746    2.12460  0.34%   193  415s
  6195  1681    2.12460   64 1689    2.11746    2.12460  0.34%   194  420s
  6230  1670    2.12460   45  909    2.11746    2.12460  0.34%   195  425s
  6284  1656 infeasible   51         2.11746    2.12460  0.34%   197  430s
H 6314  1594                       2.1174703    2.12460  0.34%   197  433s
  6338  1608     cutoff   83         2.11747    2.12460  0.34%   196  435s
  6396  1610    2.12460   63  914    2.11747    2.12460  0.34%   196  441s
H 6421  1542                       2.1174703    2.12460  0.34%   195  442s
  6475  1545    2.12319   69 1173    2.11747    2.12460  0.34%   195  447s
  6535  1540    2.12460   70  983    2.11747    2.12460  0.34%   194  451s
  6642  1519    2.12460   54  913    2.11747    2.12460  0.34%   193  455s
  6728  1557    2.12460   64  436    2.11747    2.12460  0.34%   194  460s
  6817  1554    2.12460   74 1097    2.11747    2.12460  0.34%   194  465s
  7099  1517    2.12460   61 1075    2.11747    2.12460  0.34%   190  470s
  7255  1492     cutoff   76         2.11747    2.12460  0.34%   188  475s
  7349  1469    2.12460   64 1291    2.11747    2.12460  0.34%   188  480s
H 7421  1389                       2.1181676    2.12460  0.30%   187  483s
H 7423  1327                       2.1181923    2.12460  0.30%   187  484s
  7431  1325     cutoff   78         2.11819    2.12460  0.30%   187  485s
H 7574  1231                       2.1181938    2.12460  0.30%   186  489s
  7589  1233    2.12460   60  796    2.11819    2.12460  0.30%   186  490s
H 7636  1192                       2.1181957    2.12460  0.30%   186  491s
  7767  1198    2.12460   67  879    2.11820    2.12460  0.30%   185  495s
H 7772  1147                       2.1182002    2.12460  0.30%   185  495s
  7895  1147    2.12459   76 1165    2.11820    2.12460  0.30%   185  500s
  8139  1138    2.12354   75 1279    2.11820    2.12460  0.30%   182  505s
  8269  1186     cutoff   74         2.11820    2.12460  0.30%   181  510s
H 8413  1194                       2.1182053    2.12460  0.30%   180  515s
H 8552  1225                       2.1182053    2.12460  0.30%   179  523s
  8673  1249     cutoff   80         2.11821    2.12460  0.30%   178  525s
  8976  1322    2.12232   65  870    2.11821    2.12460  0.30%   177  530s
  9085  1336     cutoff   71         2.11821    2.12460  0.30%   177  535s
  9213  1362    2.12460   80  763    2.11821    2.12460  0.30%   176  540s
  9409  1416    2.12023   70 1129    2.11821    2.12460  0.30%   175  545s
H 9552  1477                       2.1182053    2.12460  0.30%   175  550s
  9654  1484    2.12460   70  927    2.11821    2.12460  0.30%   174  555s
H 9716  1487                       2.1182053    2.12460  0.30%   174  558s
  9817  1516    2.12460   80  665    2.11821    2.12460  0.30%   173  560s
H 9847  1510                       2.1182075    2.12460  0.30%   173  561s
  9961  1524 infeasible   70         2.11821    2.12460  0.30%   173  565s
H10020  1529                       2.1182104    2.12460  0.30%   172  566s
 10106  1540    2.12115   72 1175    2.11821    2.12460  0.30%   172  571s
 10202  1550    2.12248   78  777    2.11821    2.12460  0.30%   171  575s
H10236  1552                       2.1188557    2.12460  0.27%   171  577s
 10305  1559    2.12454   70  965    2.11886    2.12460  0.27%   170  580s
 10556  1603    2.12460   66  729    2.11886    2.12460  0.27%   169  585s
 10772  1635    2.12262   72  718    2.11886    2.12460  0.27%   168  590s
 10964  1649    2.12453   71  983    2.11886    2.12460  0.27%   166  595s
 11141  1663     cutoff   70         2.11886    2.12460  0.27%   165  600s
 11242  1674    2.12460   67 1259    2.11886    2.12460  0.27%   165  606s
 11404  1700    2.12460   60  956    2.11886    2.12460  0.27%   164  610s
 11642  1772 infeasible   71         2.11886    2.12460  0.27%   163  615s
H11648  1770                       2.1188607    2.12460  0.27%   163  616s
 11771  1806    2.11917   72  479    2.11886    2.12460  0.27%   163  620s
H11783  1798                       2.1188632    2.12460  0.27%   163  624s
 11796  1800    2.12460   66  540    2.11886    2.12460  0.27%   163  625s
 12038  1856    2.12460   70  671    2.11886    2.12460  0.27%   162  630s
 12137  1858    2.12460   56 1186    2.11886    2.12460  0.27%   162  635s
H12197  1871                       2.1188768    2.12460  0.27%   162  639s
 12200  1872    2.12460   71  535    2.11888    2.12460  0.27%   162  641s
 12325  1882    2.11917   72  520    2.11888    2.12460  0.27%   161  645s
 12614  1918    2.12284   86  499    2.11888    2.12460  0.27%   159  650s
 12712  1931     cutoff   71         2.11888    2.12460  0.27%   159  655s
 12901  1970     cutoff   74         2.11888    2.12460  0.27%   159  660s
 13078  1996    2.12460   72  927    2.11888    2.12460  0.27%   158  667s
 13094  2002    2.12460   75  503    2.11888    2.12460  0.27%   158  670s
 13247  2036 infeasible   77         2.11888    2.12460  0.27%   158  675s
 13468  2072    2.12460   75  586    2.11888    2.12460  0.27%   157  680s
 13593  2104 infeasible   46         2.11888    2.12460  0.27%   157  685s
 13792  2149    2.12460   73  730    2.11888    2.12460  0.27%   156  690s
 13960  2160    2.12460   74  455    2.11888    2.12460  0.27%   155  695s
 14244  2199 infeasible   74         2.11888    2.12460  0.27%   154  700s
 14459  2222    2.12460   73  733    2.11888    2.12460  0.27%   152  705s
 14729  2242 infeasible   73         2.11888    2.12460  0.27%   151  710s
 14823  2255    2.12460   69  768    2.11888    2.12460  0.27%   150  715s
 15074  2293    2.12460   70  375    2.11888    2.12460  0.27%   150  720s
H15153  2303                       2.1189419    2.12460  0.27%   149  723s
 15218  2300    2.12460   72  477    2.11894    2.12460  0.27%   149  725s
H15288  2309                       2.1189581    2.12460  0.27%   149  727s
 15295  2306     cutoff   68         2.11896    2.12460  0.27%   149  730s
 15303  2310    2.12230   77  586    2.11896    2.12460  0.27%   149  780s
 15511  2319    2.12044   78 1553    2.11896    2.12460  0.27%   148  785s
 15854  2412 infeasible   73         2.11896    2.12460  0.27%   146  790s
H16028  2464                       2.1189987    2.12460  0.26%   146  794s
 16045  2471    2.12460   51  994    2.11900    2.12460  0.26%   146  795s
H16080  2495                       2.1189995    2.12460  0.26%   146  799s
H16080  2495                       2.1189995    2.12460  0.26%   146  800s
 16223  2553    2.12460   68  778    2.11900    2.12460  0.26%   146  805s
 16385  2596    2.12460   63  481    2.11900    2.12460  0.26%   147  810s
 16552  2627    2.12460   67 1257    2.11900    2.12460  0.26%   147  815s
 16779  2754    2.12460   65 1299    2.11900    2.12460  0.26%   147  820s
 16891  2796 infeasible   56         2.11900    2.12460  0.26%   147  825s
 17032  2853    2.12460   60 1462    2.11900    2.12460  0.26%   148  831s
 17089  2870    2.12460   61 1021    2.11900    2.12460  0.26%   148  835s
 17195  2896    2.12460   74  826    2.11900    2.12460  0.26%   149  840s
 17329  2889    2.12460   62  709    2.11900    2.12460  0.26%   149  845s
 17378  2890    2.12460   64  787    2.11900    2.12460  0.26%   149  850s
 17396  2890    2.12460   60 1201    2.11900    2.12460  0.26%   150  855s
 17572  2933 infeasible   80         2.11900    2.12460  0.26%   149  860s
 17762  2983    2.12460   79  602    2.11900    2.12460  0.26%   150  865s
H17908  2993                       2.1189999    2.12460  0.26%   150  869s
 17921  2994    2.12460   66 1134    2.11900    2.12460  0.26%   150  870s
 18133  3022    2.12460   60  814    2.11900    2.12460  0.26%   150  875s
 18222  3057 infeasible   60         2.11900    2.12460  0.26%   151  880s
H18273  2646                       2.1230284    2.12460  0.07%   151  882s
 18341  2650 infeasible   61         2.12303    2.12460  0.07%   151  885s
 18482  2687    2.12460   45  641    2.12303    2.12460  0.07%   151  890s
H18583  2750                       2.1230348    2.12460  0.07%   151  893s
H18610  2763                       2.1230348    2.12460  0.07%   151  894s
 18626  2775    2.12460   51 1294    2.12303    2.12460  0.07%   151  895s
 18749  2824    2.12460   67 1143    2.12303    2.12460  0.07%   152  900s
H18919  2836                       2.1230348    2.12460  0.07%   151  904s
 18927  2838    2.12460   52 2281    2.12303    2.12460  0.07%   152  905s
 19037  2858 infeasible   72         2.12303    2.12460  0.07%   152  910s
 19159  2894    2.12460   59 1188    2.12303    2.12460  0.07%   152  915s
 19215  2904    2.12460   71  538    2.12303    2.12460  0.07%   152  920s
 19367  2912 infeasible   74         2.12303    2.12460  0.07%   153  925s
 19472  2889    2.12460   70 1087    2.12303    2.12460  0.07%   153  930s
H19575  2877                       2.1230348    2.12460  0.07%   153  936s
 19601  2893 infeasible   58         2.12303    2.12460  0.07%   153  940s
 19786  2934    2.12460   65 2320    2.12303    2.12460  0.07%   153  945s
 19926  3001    2.12460   54 1433    2.12303    2.12460  0.07%   153  950s
 20063  3074    2.12460   49  995    2.12303    2.12460  0.07%   154  955s
 20135  3112    2.12460   52 1177    2.12303    2.12460  0.07%   154  960s
 20225  3148    2.12460   47 1201    2.12303    2.12460  0.07%   154  965s
 20405  3251    2.12460   63 1576    2.12303    2.12460  0.07%   154  990s
 20410  3254    2.12414   70 1401    2.12303    2.12460  0.07%   154  996s
 20413  3256    2.12460   65 1387    2.12303    2.12460  0.07%   154 1000s
 20416  3258    2.12460   70 1712    2.12303    2.12460  0.07%   154 1006s
 20419  3260    2.12460   62 1811    2.12303    2.12460  0.07%   154 1010s
 20423  3263    2.12460   70 2028    2.12303    2.12460  0.07%   154 1015s
H20427  3102                       2.1230349    2.12460  0.07%   154 1018s
 20447  3117    2.12460   49 1277    2.12303    2.12460  0.07%   154 1020s
 20556  3170    2.12460   66 1621    2.12303    2.12460  0.07%   155 1025s
 20673  3218    2.12460   53 2057    2.12303    2.12460  0.07%   155 1030s
 20751  3252    2.12460   59 2179    2.12303    2.12460  0.07%   155 1035s
 20843  3305    2.12443   89 1505    2.12303    2.12460  0.07%   155 1040s
H20921  3185                       2.1230349    2.12460  0.07%   155 1043s
 20948  3191    2.12460   60 1827    2.12303    2.12460  0.07%   155 1045s
 20993  3199 infeasible   88         2.12303    2.12460  0.07%   156 1053s
 21006  3202    2.12460   97 1058    2.12303    2.12460  0.07%   156 1055s
 21082  3221     cutoff   84         2.12303    2.12460  0.07%   156 1060s
 21155  3256    2.12454   66 1471    2.12303    2.12460  0.07%   156 1065s
 21211  3279    2.12454   52  998    2.12303    2.12460  0.07%   156 1070s
 21273  3311    2.12460   55 1441    2.12303    2.12460  0.07%   156 1075s
 21340  3332    2.12460   57 1679    2.12303    2.12460  0.07%   156 1080s
H21358  3193                       2.1230498    2.12460  0.07%   156 1081s
H21366  3058                       2.1230589    2.12460  0.07%   156 1082s
H21389  2928                       2.1230594    2.12460  0.07%   156 1082s
H21392  2803                       2.1230594    2.12460  0.07%   156 1083s
 21418  2821    2.12460   78 1535    2.12306    2.12460  0.07%   156 1085s
H21444  2711                       2.1230595    2.12460  0.07%   156 1086s
 21497  2722    2.12460   61 1664    2.12306    2.12460  0.07%   156 1091s
 21531  2733    2.12460   60 1055    2.12306    2.12460  0.07%   156 1095s
 21580  2731    2.12460   60 1093    2.12306    2.12460  0.07%   157 1100s
 21624  2741    2.12460   66 1347    2.12306    2.12460  0.07%   158 1105s
H21635  2624                       2.1230595    2.12460  0.07%   158 1106s
H21662  2523                       2.1230596    2.12460  0.07%   158 1108s
 21676  2532 infeasible   78         2.12306    2.12460  0.07%   158 1110s
H21687  2429                       2.1230599    2.12460  0.07%   158 1112s
 21713  2440    2.12454   59 1847    2.12306    2.12460  0.07%   158 1115s
 21765  2467    2.12454   78 2549    2.12306    2.12460  0.07%   158 1121s
 21802  2463    2.12460   64 1629    2.12306    2.12460  0.07%   158 1126s
 21817  2465    2.12460   68 1483    2.12306    2.12460  0.07%   158 1130s
H21843  2367                       2.1230599    2.12460  0.07%   158 1132s
 21869  2366    2.12460   79 2446    2.12306    2.12460  0.07%   158 1135s
H21910  2269                       2.1230654    2.12460  0.07%   158 1137s
 21929  2282     cutoff   79         2.12307    2.12460  0.07%   158 1140s
 21970  2291    2.12460   53 2047    2.12307    2.12460  0.07%   159 1145s
 22000  2291    2.12460   52 1309    2.12307    2.12460  0.07%   159 1150s
 22030  2299    2.12460   58  797    2.12307    2.12460  0.07%   159 1155s
 22070  2303 infeasible   70         2.12307    2.12460  0.07%   160 1160s
 22122  2336    2.12460   75 2425    2.12307    2.12460  0.07%   160 1165s
H22182  2270                       2.1230798    2.12460  0.07%   160 1169s
 22211  2278    2.12460   54 1859    2.12308    2.12460  0.07%   160 1170s
H22238  2209                       2.1230868    2.12460  0.07%   160 1172s
 22259  2214    2.12460   67 1051    2.12309    2.12460  0.07%   160 1175s
 22319  2240    2.12460   94 2436    2.12309    2.12460  0.07%   160 1180s
 22370  2254    2.12454   71 2379    2.12309    2.12460  0.07%   160 1185s
H22401  2181                       2.1230874    2.12460  0.07%   160 1189s
 22402  2183    2.12454   82 1713    2.12309    2.12460  0.07%   160 1190s
 22458  2181    2.12460   69 2110    2.12309    2.12460  0.07%   160 1197s

Cutting planes:
  Gomory: 1
  Implied bound: 2
  MIR: 3
  Flow cover: 27
  Zero half: 19
  Relax-and-lift: 2

Explored 22475 nodes (3607885 simplex iterations) in 1200.00 seconds (2174.23 work units)
Thread count was 1 (of 64 available processors)

Solution count 10: 2.12309 2.12309 2.12308 ... 2.12306

Time limit reached
Warning: max constraint violation (1.0115e-06) exceeds tolerance
Best objective 2.123087444811e+00, best bound 2.124596040386e+00, gap 0.0711%
Tree policy:
if green_side <= 0.0:
    if waiting_time <= 2.0:
        if cars_left <= 2.0:
            if cars_left <= 1.0:
                if cars_right <= 0.0:
                    return '(wait)'
                else:
                    return '(switch_light)'
            else:
                return '(wait)'
        else:
            if cars_right <= 1.0:
                return '(wait)'
            else:
                if waiting_time <= 1.0:
                    return '(wait)'
                else:
                    return '(switch_light)'
    else:
        if cars_left <= 1.0:
            return '(switch_light)'
        else:
            if waiting_time <= 3.0:
                if cars_right <= 1.0:
                    return '(wait)'
                else:
                    return '(switch_light)'
            else:
                if cars_right <= 0.0:
                    return '(wait)'
                else:
                    return '(switch_light)'
else:
    if cars_left <= 0.0:
        if green_side <= 0.0:
            return '(switch_light)'
        else:
            if waiting_time <= 5.0:
                return '(wait)'
            else:
                return '(switch_light)'
    else:
        if waiting_time <= 1.0:
            if cars_right <= 1.0:
                if cars_left <= 1.0:
                    return '(wait)'
                else:
                    return '(switch_light)'
            else:
                if cars_left <= 3.0:
                    return '(wait)'
                else:
                    return '(switch_light)'
        else:
            return '(switch_light)'
Optimal decision tree (depth=5) value: 2.123087444810528
Writing result files...
