Solving...
Starting with fixed depth 2
Set parameter Username
Academic license - for non-commercial use only - expires 2025-09-20
Set parameter Threads to value 1
Set parameter TimeLimit to value 1200
Gurobi Optimizer version 10.0.0 build v10.0.0rc2 (linux64)

CPU model: AMD EPYC 9124 16-Core Processor, instruction set [SSE2|AVX|AVX2|AVX512]
Thread count: 32 physical cores, 64 logical processors, using up to 1 threads

Optimize a model with 307057 rows, 128116 columns and 2576588 nonzeros
Model fingerprint: 0x1a3ab805
Variable types: 57316 continuous, 70800 integer (70800 binary)
Coefficient statistics:
  Matrix range     [1e-02, 1e+02]
  Objective range  [3e-01, 1e+00]
  Bounds range     [1e+00, 1e+02]
  RHS range        [1e+00, 2e+00]
Presolve removed 90 rows and 36 columns (presolve time = 5s) ...
Presolve removed 90 rows and 36 columns
Presolve time: 7.21s
Presolved: 306967 rows, 128080 columns, 1807491 nonzeros
Variable types: 57316 continuous, 70764 integer (70764 binary)
Root relaxation presolved: 306967 rows, 128080 columns, 1807491 nonzeros


Root simplex log...

Iteration    Objective       Primal Inf.    Dual Inf.      Time
       0   -0.0000000e+00   6.536812e+04   0.000000e+00     10s
   12634   -7.0044952e+01   7.942225e+00   0.000000e+00     15s
   16924   -7.0044953e+01   3.083037e+00   0.000000e+00     20s
   20184   -7.0044953e+01   1.974166e+00   0.000000e+00     25s
   22874   -7.0044953e+01   3.222631e-01   0.000000e+00     30s
   24372   -7.0044947e+01   0.000000e+00   0.000000e+00     33s

Root relaxation: objective -7.004495e+01, 24372 iterations, 24.03 seconds (111.82 work units)
Total elapsed time = 38.71s
Total elapsed time = 42.31s
Total elapsed time = 45.01s

    Nodes    |    Current Node    |     Objective Bounds      |     Work
 Expl Unexpl |  Obj  Depth IntInf | Incumbent    BestBd   Gap | It/Node Time

     0     0  -70.04495    0 4258          -  -70.04495      -     -   49s
H    0     0                     -75.8109073  -70.04495  7.61%     -   60s
     0     0  -70.04495    0 4191  -75.81091  -70.04495  7.61%     -   77s
     0     0  -70.04495    0 4190  -75.81091  -70.04495  7.61%     -   84s
     0     0  -70.04495    0 4510  -75.81091  -70.04495  7.61%     -  120s
H    0     0                     -75.7261113  -70.04495  7.50%     -  123s
     0     0  -70.04495    0 4510  -75.72611  -70.04495  7.50%     -  129s
     0     0  -70.04495    0 4616  -75.72611  -70.04495  7.50%     -  183s
     0     0  -70.04495    0 4605  -75.72611  -70.04495  7.50%     -  214s
     0     0  -70.04495    0 4322  -75.72611  -70.04495  7.50%     -  233s
     0     0  -70.04495    0 4312  -75.72611  -70.04495  7.50%     -  235s
     0     0  -70.04495    0 4307  -75.72611  -70.04495  7.50%     -  259s
     0     0  -70.04495    0 4357  -75.72611  -70.04495  7.50%     -  266s
     0     0  -70.04495    0 4286  -75.72611  -70.04495  7.50%     -  297s
     0     0  -70.04495    0 4286  -75.72611  -70.04495  7.50%     -  316s
H    0     0                     -75.7261113  -70.04495  7.50%     -  326s
H    0     0                     -75.3096024  -70.04495  6.99%     -  340s
H    0     0                     -75.3088775  -70.04495  6.99%     -  420s
     0     2  -70.04495    0 4286  -75.30888  -70.04495  6.99%     -  420s
     3     5  -70.04495    3 8397  -75.30888  -70.04495  6.99%  6727  426s
     4     6  -70.04495    3 7909  -75.30888  -70.04495  6.99%  6090  431s
     5     7  -70.04495    4 7908  -75.30888  -70.04495  6.99%  4877  439s
     6     8  -70.04495    4 44386  -75.30888  -70.04495  6.99% 13765  485s
     7     9  -70.04495    5 7927  -75.30888  -70.04495  6.99% 12885  490s
     9    11  -70.04495    6 44188  -75.30888  -70.04495  6.99% 17205  585s
    11    11     cutoff    8       -75.30888  -70.04495  6.99% 14132  592s
    14    12     cutoff    9       -75.30888  -70.04495  6.99% 11732  595s
    18    12     cutoff   11       -75.30888  -70.04495  6.99% 10121  600s
    23    15  -73.10363   13 32476  -75.30888  -70.04495  6.99%  9201  611s
    24    14     cutoff   14       -75.30888  -70.04495  6.99%  9104  615s
    26    14     cutoff   15       -75.30888  -70.04495  6.99%  8779  622s
    28    14     cutoff   16       -75.30888  -70.04495  6.99%  8382  626s
    30    14     cutoff   17       -75.30888  -70.04495  6.99%  8160  632s
    32    14     cutoff   18       -75.30888  -70.04495  6.99%  7949  637s
    34    16  -73.36397   19  213  -75.30888  -70.04495  6.99%  7775  641s
    38    18  -73.36539   21   56  -75.30888  -70.04495  6.99%  7105  645s
*   45    17              24     -73.3642565  -70.04495  4.52%  6013  646s
    51    17  -70.04495    3 16348  -73.36426  -70.04495  4.52%  5651  653s
    53    19  -70.04495    5 12303  -73.36426  -70.04495  4.52%  5553  656s
    56    20  -70.04495    7 12351  -73.36426  -70.04495  4.52%  5454  660s
    62    20  -70.04495   10 10189  -73.36426  -70.04495  4.52%  6097  724s
    63    21  -70.09508   10 3404  -73.36426  -70.04495  4.52%  6094  725s
    66    24  -70.04495   13 12529  -73.36426  -70.04495  4.52%  6021  730s
    70    24     cutoff   15       -73.36426  -70.04495  4.52%  6064  736s
    75    29  -70.04495   20 12357  -73.36426  -70.04495  4.52%  6143  795s
    79    31  -70.04495   23 12281  -73.36426  -70.04495  4.52%  6084  800s
    83    31     cutoff   25       -73.36426  -70.04495  4.52%  6288  811s
    85    33  -70.04495   26 13060  -73.36426  -70.04495  4.52%  6351  816s
    88    34  -70.04495   28 12266  -73.36426  -70.04495  4.52%  6316  820s
    92    34  -70.04495   30 12657  -73.36426  -70.04495  4.52%  6640  870s
    99    35     cutoff   34       -73.36426  -70.04495  4.52%  6638  876s
   105    37     cutoff   38       -73.36426  -70.04495  4.52%  6527  880s
   107    39  -70.04495   40 12117  -73.36426  -70.04495  4.52%  6778  911s
   108    38     cutoff   40       -73.36426  -70.04495  4.52%  6935  918s
   111    39     cutoff   42       -73.36426  -70.04495  4.52%  6875  922s
   114    40     cutoff   44       -73.36426  -70.04495  4.52%  6820  925s
   120    42     cutoff   48       -73.36426  -70.04495  4.52%  6727  930s
   122    44  -70.04495   50 12384  -73.36426  -70.04495  4.52%  6924  960s
   128    46     cutoff   54       -73.36426  -70.04495  4.52%  6831  965s
   132    46     cutoff   56       -73.36426  -70.04495  4.52%  6938  974s
   135    49  -70.04495   59 11193  -73.36426  -70.04495  4.52%  6791  975s
   137    49  -70.04495   60 11211  -73.36426  -70.04495  4.52%  7269 1023s
   138    48     cutoff   60       -73.36426  -70.04495  4.52%  7339 1026s
   143    51     cutoff   64       -73.36426  -70.04495  4.52%  7215 1030s
   146    52     cutoff   66       -73.36426  -70.04495  4.52%  7168 1035s
   151    53     cutoff   69       -73.36426  -70.04495  4.52%  7219 1044s
   152    52     cutoff   70       -73.36426  -70.04495  4.52%  7353 1052s
   153    51     cutoff   70       -73.36426  -70.04495  4.52%  7468 1057s
   154    50     cutoff   68       -73.36426  -70.04495  4.52%  7568 1063s
   156    50     cutoff    3       -73.36426  -70.04495  4.52%  7669 1071s
   166    60  -70.27780   11 26217  -73.36426  -70.04495  4.52%  7417 1082s
   169    63  -70.27780   13 22988  -73.36426  -70.04495  4.52%  7475 1091s
   177    71  -73.20359   20 22550  -73.36426  -70.04495  4.52%  7378 1103s
   183    75     cutoff   25       -73.36426  -70.04495  4.52%  7257 1111s
   187    79  -73.13178   28 22185  -73.36426  -70.04495  4.52%  7307 1123s
   189    79     cutoff   29       -73.36426  -70.04495  4.52%  7464 1135s
H  191    77                     -73.3624446  -70.04495  4.52%  7386 1142s
   193    77     cutoff   32       -73.36244  -70.04495  4.52%  7411 1145s
   196    80  -70.04980   34 1838  -73.36244  -70.04495  4.52%  7358 1151s
   197    79     cutoff   34       -73.36244  -70.04495  4.52%  7446 1157s
   200    82  -70.05200   36 14474  -73.36244  -70.04495  4.52%  7408 1161s
   204    86  -71.46229   38 17806  -73.36244  -70.04495  4.52%  7340 1165s
   208    88     cutoff   40       -73.36244  -70.04495  4.52%  7296 1173s
   211    89     cutoff   41       -73.36244  -70.04495  4.52%  7286 1177s
   213    89     cutoff   42       -73.36244  -70.04495  4.52%  7315 1182s
   215    89     cutoff   43       -73.36244  -70.04495  4.52%  7334 1186s
   217    89  -73.34197   44 1982  -73.36244  -70.04495  4.52%  7383 1191s
*  220    88              46     -73.3618496  -70.04495  4.52%  7296 1194s
   221    89  -73.35714   45   50  -73.36185  -70.04495  4.52%  7272 1195s

Cutting planes:
  Implied bound: 20
  MIR: 23
  Flow cover: 25
  Zero half: 271
  RLT: 1

Explored 229 nodes (1725186 simplex iterations) in 1200.06 seconds (4533.47 work units)
Thread count was 1 (of 64 available processors)

Solution count 6: -73.3618 -73.3624 -75.3089 ... -75.8109

Time limit reached
Warning: max constraint violation (1.3442e-06) exceeds tolerance
Best objective -7.336184963347e+01, best bound -7.004494709789e+01, gap 4.5213%
Tree policy:
if s1 <= 0.0:
    if s2 <= 0.0:
        return 'snd_idle21'
    else:
        return 'rec_idle21'
else:
    if x1 <= 103.0:
        return 'rec_req12'
    else:
        return 'snd_idle12'
Optimal decision tree (depth=2) value: -73.36184963347286
Writing result files...
