Solving...
Starting with fixed depth 1
Set parameter Username
Academic license - for non-commercial use only - expires 2025-09-20
Set parameter Threads to value 1
Set parameter TimeLimit to value 1200
Gurobi Optimizer version 10.0.0 build v10.0.0rc2 (linux64)

CPU model: AMD EPYC 9124 16-Core Processor, instruction set [SSE2|AVX|AVX2|AVX512]
Thread count: 32 physical cores, 64 logical processors, using up to 1 threads

Optimize a model with 184233 rows, 119136 columns and 1099624 nonzeros
Model fingerprint: 0x7c515f98
Variable types: 57316 continuous, 61820 integer (61820 binary)
Coefficient statistics:
  Matrix range     [1e-02, 1e+02]
  Objective range  [3e-01, 1e+00]
  Bounds range     [1e+00, 1e+02]
  RHS range        [1e+00, 1e+00]
Presolve removed 30 rows and 12 columns
Presolve time: 3.61s
Presolved: 184203 rows, 119124 columns, 843277 nonzeros
Variable types: 57316 continuous, 61808 integer (61808 binary)

Root simplex log...

Iteration    Objective       Primal Inf.    Dual Inf.      Time
       0   -0.0000000e+00   6.536612e+04   0.000000e+00      6s
   12870   -7.0044950e+01   9.316088e+00   0.000000e+00     10s
   15816   -7.0044947e+01   0.000000e+00   0.000000e+00     12s

Root relaxation: objective -7.004495e+01, 15816 iterations, 6.83 seconds (33.41 work units)
Total elapsed time = 19.29s
Total elapsed time = 20.69s

    Nodes    |    Current Node    |     Objective Bounds      |     Work
 Expl Unexpl |  Obj  Depth IntInf | Incumbent    BestBd   Gap | It/Node Time

     0     0  -70.04495    0 4244          -  -70.04495      -     -   23s
H    0     0                     -76.2392507  -70.04495  8.12%     -   34s
     0     0  -70.04495    0 4242  -76.23925  -70.04495  8.12%     -   41s
     0     0  -70.04495    0 4242  -76.23925  -70.04495  8.12%     -   53s
     0     0  -70.04495    0 4212  -76.23925  -70.04495  8.12%     -   68s
     0     0  -70.04495    0 4181  -76.23925  -70.04495  8.12%     -   72s
     0     0  -70.04495    0 4162  -76.23925  -70.04495  8.12%     -   99s
     0     0  -70.04495    0 4202  -76.23925  -70.04495  8.12%     -  104s
     0     0  -70.04495    0 4225  -76.23925  -70.04495  8.12%     -  118s
H    0     0                     -76.2382023  -70.04495  8.12%     -  124s
     0     0  -70.04495    0 4265  -76.23820  -70.04495  8.12%     -  125s
     0     0  -70.04495    0 4212  -76.23820  -70.04495  8.12%     -  157s
H    0     0                     -76.0609546  -70.04495  7.91%     -  164s
     0     0  -70.04495    0 4205  -76.06095  -70.04495  7.91%     -  178s
     0     0  -70.04495    0 4191  -76.06095  -70.04495  7.91%     -  187s
     0     0  -70.04495    0 4163  -76.06095  -70.04495  7.91%     -  225s
     0     0  -70.04495    0 4163  -76.06095  -70.04495  7.91%     -  229s
     0     0  -70.04495    0 4159  -76.06095  -70.04495  7.91%     -  263s
     0     0  -70.04495    0 4160  -76.06095  -70.04495  7.91%     -  266s
     0     0  -70.04495    0 4214  -76.06095  -70.04495  7.91%     -  281s
     0     0  -70.04495    0 4214  -76.06095  -70.04495  7.91%     -  283s
     0     0  -70.04495    0 4213  -76.06095  -70.04495  7.91%     -  458s
     0     0  -70.04495    0 4213  -76.06095  -70.04495  7.91%     -  474s
     0     2  -70.04495    0 4213  -76.06095  -70.04495  7.91%     -  523s
     2     4  -70.04495    1 40740  -76.06095  -70.04495  7.91% 41659  535s
     4     6  -70.04495    2 40740  -76.06095  -70.04495  7.91% 37565  549s
     5     7  -73.36367    3  100  -76.06095  -70.04495  7.91% 31432  550s
     7     7     cutoff    4       -76.06095  -70.04495  7.91% 23939  558s
     8     8  -70.04810    4 32602  -76.06095  -70.04495  7.91% 21206  570s
    11     7     cutoff    6       -76.06095  -70.04495  7.91% 18143  577s
    13     7     cutoff    7       -76.06095  -70.04495  7.91% 16091  583s
    14     8  -70.26592    7 20420  -76.06095  -70.04495  7.91% 15141  585s
    18    10  -70.27827   10 16276  -76.06095  -70.04495  7.91% 12256  591s
    20    10  -73.12987   11 24414  -76.06095  -70.04495  7.91% 12382  617s
*   21     9              12     -73.3697895  -70.04495  4.53% 12020  628s
    22     8     cutoff   12       -73.36979  -70.04495  4.53% 11920  643s
    23     9  -70.04495    3 40676  -73.36979  -70.04495  4.53% 13963  695s
H   27    11                     -73.3694567  -70.04495  4.53% 12181  697s
    29    15  -70.35459    9 20404  -73.36946  -70.04495  4.53% 11834  700s
    30    16  -73.11492   10 20437  -73.36946  -70.04495  4.53% 12240  707s
    32    16     cutoff   11       -73.36946  -70.04495  4.53% 11923  717s
*   35    17              12     -73.3690402  -70.04495  4.53% 10914  718s
*   36    16              13     -73.3668131  -70.04495  4.53% 10613  718s
    41    17  -70.04495    4 40709  -73.36681  -70.04495  4.53% 10750  726s
    43    19  -70.04495    5 39972  -73.36681  -70.04495  4.53% 11578  736s
    45    21  -70.04495    6 39488  -73.36681  -70.04495  4.53% 12350  746s
    51    23  -70.04495   10 4362  -73.36681  -70.04495  4.53% 11290  751s
    56    26  -70.04495   14 5747  -73.36681  -70.04495  4.53% 10599  755s
    61    29     cutoff   17       -73.36681  -70.04495  4.53% 11117  767s
    65    33  -70.09937   19 4950  -73.36681  -70.04495  4.53% 10669  770s
    70    36     cutoff   22       -73.36681  -70.04495  4.53% 10363  775s
    75    39     cutoff   25       -73.36681  -70.04495  4.53% 10087  781s
    81    43     cutoff   29       -73.36681  -70.04495  4.53%  9759  786s
    86    46     cutoff   33       -73.36681  -70.04495  4.53%  9802  804s
    87    45     cutoff   32       -73.36681  -70.04495  4.53%  9899  807s
    90    48  -70.27580   34 5715  -73.36681  -70.04495  4.53%  9729  814s
    91    49  -70.04495   35 5184  -73.36681  -70.04495  4.53%  9622  815s
    99    55     cutoff   42       -73.36681  -70.04495  4.53%  9363  827s
   102    56     cutoff   44       -73.36681  -70.04495  4.53%  9508  837s
   104    56     cutoff   45       -73.36681  -70.04495  4.53%  9623  843s
   106    58  -73.36177   46 10761  -73.36681  -70.04495  4.53%  9763  850s
   107    57     cutoff   47       -73.36681  -70.04495  4.53% 10074  858s
   109    57     cutoff   48       -73.36681  -70.04495  4.53% 10170  866s
   110    56     cutoff   48       -73.36681  -70.04495  4.53% 10435  873s
   112    58  -73.36286   48 10689  -73.36681  -70.04495  4.53% 10254  875s
   118    61 infeasible   54       -73.36681  -70.04495  4.53%  9780  880s
*  124    59               3     -73.3667037  -70.04495  4.53%  9342  881s
   127    60  -70.22362    6 36549  -73.36670  -70.04495  4.53%  9234  885s
   130    63  -73.10614    9 28427  -73.36670  -70.04495  4.53%  9259  894s
   132    63     cutoff   10       -73.36670  -70.04495  4.53%  9204  901s
   137    60  -71.98730   18 16569  -73.36670  -70.04495  4.53%  9140  906s
   142    61 infeasible   22       -73.36670  -70.04495  4.53%  9051  913s
   143    62  postponed   22       -73.36670  -70.04495  4.53%  9170  973s
   148    57     cutoff   15       -73.36670  -70.04495  4.53%  8949  975s
   150    57  -70.04495    7 12621  -73.36670  -70.04495  4.53%  8984  983s
*  154    48              11     -70.5254193  -70.04495  0.68%  8789  984s
H  158    44                     -70.5254193  -70.04495  0.68%  8570  985s
   178    56  -70.04495    9 12957  -70.52542  -70.04495  0.68%  7788  991s
   181    57     cutoff   10       -70.52542  -70.04495  0.68%  7768  995s
   182    58  -70.04495   10 12312  -70.52542  -70.04495  0.68%  7913 1024s
   183    59  -70.04495   11 12288  -70.52542  -70.04495  0.68%  7885 1026s
   184    58     cutoff   12       -70.52542  -70.04495  0.68%  8048 1034s
   185    59  -70.04495   10 12553  -70.52542  -70.04495  0.68%  8229 1062s
   190    62  -70.04495   12 12729  -70.52542  -70.04495  0.68%  8145 1069s
   191    63  -70.04495   14 12494  -70.52542  -70.04495  0.68%  8104 1071s
   193    63  postponed   14       -70.52542  -70.04495  0.68%  8396 1197s

Cutting planes:
  Gomory: 11
  Implied bound: 32
  MIR: 10
  Flow cover: 45
  Inf proof: 1
  Zero half: 164
  RLT: 1194
  Relax-and-lift: 2
  BQP: 14414

Explored 195 nodes (1843925 simplex iterations) in 1200.01 seconds (3360.06 work units)
Thread count was 1 (of 64 available processors)

Solution count 7: -70.5254 -73.3667 -73.3668 ... -76.2382

Time limit reached
Best objective -7.052541925219e+01, best bound -7.004494709791e+01, gap 0.6813%
Tree policy:
if s2 <= 5.0:
    return 'snd_req21'
else:
    return 'rec_req21'
Optimal decision tree (depth=1) value: -70.52541925218546
Writing result files...
