Solving...
Starting with fixed depth 8
Set parameter Username
Academic license - for non-commercial use only - expires 2025-09-20
Set parameter Threads to value 1
Set parameter TimeLimit to value 1200
Gurobi Optimizer version 10.0.0 build v10.0.0rc2 (linux64)

CPU model: AMD EPYC 9124 16-Core Processor, instruction set [SSE2|AVX|AVX2|AVX512]
Thread count: 32 physical cores, 64 logical processors, using up to 1 threads

Optimize a model with 15782881 rows, 1259596 columns and 262267796 nonzeros
Model fingerprint: 0x44e6bea4
Variable types: 57316 continuous, 1202280 integer (1202280 binary)
Coefficient statistics:
  Matrix range     [1e-02, 1e+02]
  Objective range  [3e-01, 1e+00]
  Bounds range     [1e+00, 1e+02]
  RHS range        [1e+00, 8e+00]
Presolve removed 0 rows and 2295 columns (presolve time = 6s) ...
Presolve removed 510 rows and 3060 columns (presolve time = 13s) ...
Presolve removed 7650 rows and 3060 columns (presolve time = 15s) ...
Presolve removed 7650 rows and 3060 columns (presolve time = 20s) ...
Presolve removed 7650 rows and 3060 columns (presolve time = 26s) ...
Presolve removed 7650 rows and 3060 columns (presolve time = 32s) ...
Presolve removed 7650 rows and 3060 columns (presolve time = 48s) ...
Presolve removed 7650 rows and 3060 columns (presolve time = 52s) ...
Presolve removed 7650 rows and 3060 columns (presolve time = 61s) ...
Presolve removed 7650 rows and 3060 columns (presolve time = 69s) ...
Presolve removed 7650 rows and 3060 columns (presolve time = 70s) ...
Presolve removed 7650 rows and 3060 columns (presolve time = 75s) ...
Presolve removed 7650 rows and 3060 columns (presolve time = 80s) ...
Presolve removed 7650 rows and 3060 columns (presolve time = 85s) ...
Presolve removed 7650 rows and 3060 columns (presolve time = 90s) ...
Presolve removed 7650 rows and 3060 columns (presolve time = 95s) ...
Presolve removed 7650 rows and 3060 columns (presolve time = 100s) ...
Presolve removed 7650 rows and 3060 columns (presolve time = 108s) ...
Presolve removed 7650 rows and 3060 columns (presolve time = 115s) ...
Presolve removed 7650 rows and 3060 columns (presolve time = 123s) ...
Presolve removed 7650 rows and 3060 columns (presolve time = 135s) ...
Presolve removed 7650 rows and 3060 columns (presolve time = 139s) ...
Presolve removed 7650 rows and 3060 columns (presolve time = 140s) ...
Presolve removed 7650 rows and 3060 columns (presolve time = 145s) ...
Presolve removed 7650 rows and 3060 columns (presolve time = 150s) ...
Presolve removed 7650 rows and 3060 columns (presolve time = 155s) ...
Presolve removed 7650 rows and 3060 columns (presolve time = 160s) ...
Presolve removed 7650 rows and 3060 columns (presolve time = 165s) ...
Presolve removed 7650 rows and 3060 columns (presolve time = 170s) ...
Presolve removed 7650 rows and 3060 columns (presolve time = 175s) ...
Presolve removed 7650 rows and 3060 columns (presolve time = 180s) ...
Presolve removed 7650 rows and 3060 columns (presolve time = 185s) ...
Presolve removed 7650 rows and 3060 columns (presolve time = 190s) ...
Presolve removed 7650 rows and 3060 columns (presolve time = 195s) ...
Presolve removed 7650 rows and 3060 columns (presolve time = 200s) ...
Presolve removed 7650 rows and 3060 columns (presolve time = 205s) ...
Presolve removed 7650 rows and 3060 columns (presolve time = 210s) ...
Presolve removed 7650 rows and 3060 columns (presolve time = 215s) ...
Presolve removed 7650 rows and 3060 columns (presolve time = 220s) ...
Presolve removed 7650 rows and 3060 columns (presolve time = 225s) ...
Presolve removed 7650 rows and 3060 columns (presolve time = 230s) ...
Presolve removed 7650 rows and 3060 columns (presolve time = 235s) ...
Presolve removed 7650 rows and 3060 columns (presolve time = 240s) ...
Presolve removed 7650 rows and 3060 columns (presolve time = 246s) ...
Presolve removed 7650 rows and 3060 columns (presolve time = 258s) ...
Presolve removed 7650 rows and 3060 columns (presolve time = 262s) ...
Presolve removed 7650 rows and 3060 columns (presolve time = 270s) ...
Presolve removed 7650 rows and 3060 columns (presolve time = 276s) ...
Presolve removed 7650 rows and 3060 columns (presolve time = 280s) ...
Presolve removed 7650 rows and 3060 columns (presolve time = 285s) ...
Presolve removed 7650 rows and 3060 columns (presolve time = 290s) ...
Presolve removed 7650 rows and 3060 columns (presolve time = 295s) ...
Presolve removed 7650 rows and 3060 columns (presolve time = 300s) ...
Presolve removed 7650 rows and 3060 columns (presolve time = 305s) ...
Presolve removed 7650 rows and 3060 columns (presolve time = 310s) ...
Presolve removed 7650 rows and 3060 columns (presolve time = 315s) ...
Presolve removed 7650 rows and 3060 columns (presolve time = 323s) ...
Presolve removed 7650 rows and 3060 columns (presolve time = 328s) ...
Presolve removed 7650 rows and 3060 columns (presolve time = 335s) ...
Presolve removed 7650 rows and 3060 columns (presolve time = 335s) ...
Presolve removed 7650 rows and 3060 columns (presolve time = 345s) ...
Presolve removed 7650 rows and 3060 columns (presolve time = 350s) ...
Presolve removed 7650 rows and 3060 columns (presolve time = 355s) ...
Presolve removed 7650 rows and 3060 columns (presolve time = 360s) ...
Presolve removed 7650 rows and 3060 columns (presolve time = 365s) ...
Presolve removed 7650 rows and 3060 columns (presolve time = 370s) ...
Presolve removed 7650 rows and 3060 columns (presolve time = 375s) ...
Presolve removed 7650 rows and 3060 columns (presolve time = 386s) ...
Presolve removed 7650 rows and 3060 columns (presolve time = 391s) ...
Presolve removed 7650 rows and 3060 columns (presolve time = 396s) ...
Presolve removed 7650 rows and 3060 columns (presolve time = 402s) ...
Presolve removed 7650 rows and 3060 columns (presolve time = 405s) ...
Presolve removed 7650 rows and 3060 columns (presolve time = 410s) ...
Presolve removed 7650 rows and 3060 columns (presolve time = 415s) ...
Presolve removed 7650 rows and 3060 columns (presolve time = 420s) ...
Presolve removed 7650 rows and 3060 columns (presolve time = 425s) ...
Presolve removed 7650 rows and 3060 columns (presolve time = 430s) ...
Presolve removed 7650 rows and 3060 columns (presolve time = 435s) ...
Presolve removed 7650 rows and 3060 columns (presolve time = 440s) ...
Presolve removed 7650 rows and 3060 columns (presolve time = 445s) ...
Presolve removed 7650 rows and 3060 columns (presolve time = 450s) ...
Presolve removed 7650 rows and 3060 columns (presolve time = 457s) ...
Presolve removed 7650 rows and 3060 columns (presolve time = 461s) ...
Presolve removed 7650 rows and 3060 columns (presolve time = 468s) ...
Presolve removed 7650 rows and 3060 columns (presolve time = 478s) ...
Presolve removed 7650 rows and 3060 columns (presolve time = 481s) ...
Presolve removed 7650 rows and 3060 columns (presolve time = 485s) ...
Presolve removed 7650 rows and 3060 columns (presolve time = 490s) ...
Presolve removed 7650 rows and 3060 columns (presolve time = 495s) ...
Presolve removed 7650 rows and 3060 columns (presolve time = 500s) ...
Presolve removed 7650 rows and 3060 columns (presolve time = 505s) ...
Presolve removed 7650 rows and 3060 columns (presolve time = 510s) ...
Presolve removed 7650 rows and 3060 columns (presolve time = 515s) ...
Presolve removed 7650 rows and 3060 columns (presolve time = 525s) ...
Presolve removed 7650 rows and 3060 columns (presolve time = 530s) ...
Presolve removed 7650 rows and 3060 columns (presolve time = 535s) ...
Presolve removed 7650 rows and 3060 columns (presolve time = 540s) ...
Presolve removed 7650 rows and 3060 columns (presolve time = 545s) ...
Presolve removed 7650 rows and 3060 columns (presolve time = 550s) ...
Presolve removed 7650 rows and 3060 columns (presolve time = 560s) ...
Presolve removed 7650 rows and 3060 columns (presolve time = 561s) ...
Presolve removed 7650 rows and 3060 columns (presolve time = 565s) ...
Presolve removed 7650 rows and 3060 columns (presolve time = 570s) ...
Presolve removed 7650 rows and 3060 columns (presolve time = 579s) ...
Presolve removed 7650 rows and 3060 columns (presolve time = 587s) ...
Presolve removed 7650 rows and 3060 columns
Presolve time: 586.71s
Presolved: 15775231 rows, 1256536 columns, 197586855 nonzeros
Variable types: 57316 continuous, 1199220 integer (1199220 binary)
Found heuristic solution: objective -78.2581615
Root relaxation presolved: 1256536 rows, 17031767 columns, 198843391 nonzeros


Root simplex log...

Iteration    Objective       Primal Inf.    Dual Inf.      Time
       0    0.0000000e+00   0.000000e+00   3.304100e+04    770s
    5366    0.0000000e+00   0.000000e+00   9.900000e-01    771s
  114535   -6.9969711e+01   0.000000e+00   6.596856e+00    775s
  263311   -6.9969711e+01   0.000000e+00   6.596856e+00    780s
  412087   -6.9969711e+01   0.000000e+00   6.596856e+00    785s
  542266   -6.9969711e+01   0.000000e+00   6.596856e+00    790s
  653848   -6.9969711e+01   0.000000e+00   6.596856e+00    795s
  765430   -6.9969711e+01   0.000000e+00   6.596856e+00    801s
  858415   -6.9969711e+01   0.000000e+00   6.596856e+00    806s
Warning: Markowitz tolerance tightened to 0.5
  897094   -7.1501474e+01   2.802868e+03   5.825464e+11    824s
  906309   -7.1501474e+01   2.802868e+03   6.131974e+11    831s
  915524   -7.1501474e+01   2.802869e+03   1.096296e+12    836s
  924739   -7.1501464e+01   2.802869e+03   6.031621e+11    842s
  933954   -7.1501462e+01   2.802869e+03   8.600263e+11    848s
  943169   -7.1501464e+01   2.802869e+03   1.102618e+12    853s
  952384   -7.1501439e+01   2.802869e+03   2.113744e+12    858s
  961599   -7.1501436e+01   2.802869e+03   1.414221e+12    862s
  980029   -7.1501438e+01   2.802869e+03   1.624046e+12    870s
  998459   -7.1501342e+01   2.802869e+03   1.065133e+12    878s
 1007674   -7.1501276e+01   2.802869e+03   1.192423e+12    883s
 1016889   -7.1501263e+01   2.802870e+03   1.218405e+12    886s
 1026104   -7.1501255e+01   2.802870e+03   1.394045e+12    891s
 1044534   -7.1501255e+01   2.802870e+03   1.350516e+12    897s
 1053373    1.3548374e+03   3.740217e-02   4.711989e+11    902s
 1054437   -7.0044947e+01   0.000000e+00   0.000000e+00    934s
 1054437   -7.0044947e+01   0.000000e+00   0.000000e+00    940s

Root relaxation: objective -7.004495e+01, 1054437 iterations, 264.75 seconds (751.13 work units)
Total elapsed time = 940.69s

    Nodes    |    Current Node    |     Objective Bounds      |     Work
 Expl Unexpl |  Obj  Depth IntInf | Incumbent    BestBd   Gap | It/Node Time

     0     0  -70.04495    0 5467  -78.25816  -70.04495  10.5%     - 1200s

Explored 1 nodes (1058800 simplex iterations) in 1201.06 seconds (4823.95 work units)
Thread count was 1 (of 64 available processors)

Solution count 1: -78.2582 

Time limit reached
Best objective -7.825816153072e+01, best bound -7.004494709789e+01, gap 10.4950%
Tree policy:
return 'time'
Optimal decision tree (depth=8) value: -78.2581615307223
Writing result files...
