Solving...
Starting with fixed depth 6
Set parameter Username
Academic license - for non-commercial use only - expires 2025-09-20
Set parameter Threads to value 1
Set parameter TimeLimit to value 1200
Gurobi Optimizer version 10.0.0 build v10.0.0rc2 (linux64)

CPU model: AMD EPYC 9124 16-Core Processor, instruction set [SSE2|AVX|AVX2|AVX512]
Thread count: 32 physical cores, 64 logical processors, using up to 1 threads

Optimize a model with 1733287 rows, 206935 columns and 18220159 nonzeros
Model fingerprint: 0x5ac01a13
Variable types: 24240 continuous, 182695 integer (182695 binary)
Coefficient statistics:
  Matrix range     [1e-02, 1e+02]
  Objective range  [2e-01, 1e+00]
  Bounds range     [1e+00, 1e+02]
  RHS range        [1e+00, 6e+00]
Presolve removed 693 rows and 3402 columns (presolve time = 5s) ...
Presolve removed 693 rows and 3402 columns (presolve time = 10s) ...
Presolve removed 693 rows and 3402 columns (presolve time = 15s) ...
Presolve removed 693 rows and 3402 columns (presolve time = 20s) ...
Presolve removed 693 rows and 3402 columns (presolve time = 25s) ...
Presolve removed 693 rows and 3402 columns
Presolve time: 25.77s
Presolved: 1732594 rows, 203533 columns, 14242403 nonzeros
Variable types: 24240 continuous, 179293 integer (179293 binary)
Found heuristic solution: objective -0.9900000
Found heuristic solution: objective -0.8149296
Root relaxation presolved: 203533 rows, 1936127 columns, 14445936 nonzeros


Root simplex log...

Iteration    Objective       Primal Inf.    Dual Inf.      Time
       0      handle free variables                         42s
  172108   -9.6968142e+31   8.323802e+33   9.696814e+01     45s
  180307   -2.8228993e-01   8.745417e+03   0.000000e+00     50s
  189835    1.4388261e+00   1.184860e+04   0.000000e+00     55s
  191580    1.5796645e+00   1.989163e+03   0.000000e+00     60s
  192351    1.5972022e+00   1.736617e+03   0.000000e+00     66s
  193041    1.6360113e+00   1.724231e+03   0.000000e+00     70s
  193891    1.7151221e+00   5.667607e+01   0.000000e+00     75s
  194758    1.7344998e+00   0.000000e+00   0.000000e+00     80s
  194758    9.7341286e-01   0.000000e+00   0.000000e+00     81s

Root relaxation: objective 9.734129e-01, 194758 iterations, 46.81 seconds (159.55 work units)

    Nodes    |    Current Node    |     Objective Bounds      |     Work
 Expl Unexpl |  Obj  Depth IntInf | Incumbent    BestBd   Gap | It/Node Time

     0     0    0.97341    0 14798   -0.81493    0.97341   219%     -  185s
     0     0    0.97341    0 11959   -0.81493    0.97341   219%     -  203s
     0     0    0.97341    0 8999   -0.81493    0.97341   219%     -  400s
     0     0    0.97341    0 6326   -0.81493    0.97341   219%     -  515s
     0     0    0.97341    0 8007   -0.81493    0.97341   219%     -  681s
     0     0    0.97341    0 7743   -0.81493    0.97341   219%     -  813s
     0     0    0.97341    0 7294   -0.81493    0.97341   219%     -  819s
     0     0    0.97341    0 3384   -0.81493    0.97341   219%     - 1023s
     0     0    0.97341    0 5432   -0.81493    0.97341   219%     - 1041s
     0     0    0.97341    0 8049   -0.81493    0.97341   219%     - 1161s
     0     0    0.97341    0 7859   -0.81493    0.97341   219%     - 1167s
     0     0    0.97341    0 6754   -0.81493    0.97341   219%     - 1200s

Cutting planes:
  Gomory: 1
  MIR: 1853
  Flow cover: 261
  Zero half: 1884

Explored 1 nodes (254690 simplex iterations) in 1200.11 seconds (6302.83 work units)
Thread count was 1 (of 64 available processors)

Solution count 2: -0.81493 -0.99 

Time limit reached
Best objective -8.149295734751e-01, best bound 9.734128595697e-01, gap 219.4475%
Tree policy:
if bottom_right_circle <= 1.0:
    return '__random__'
else:
    return '(top_left)'
Optimal decision tree (depth=6) value: -0.8149295734750887
Writing result files...
