Solving...
Starting with fixed depth 1
Set parameter Username
Academic license - for non-commercial use only - expires 2025-09-20
Set parameter Threads to value 1
Set parameter TimeLimit to value 1200
Gurobi Optimizer version 10.0.0 build v10.0.0rc2 (linux64)

CPU model: AMD EPYC 9124 16-Core Processor, instruction set [SSE2|AVX|AVX2|AVX512]
Thread count: 32 physical cores, 64 logical processors, using up to 1 threads

Optimize a model with 79995 rows, 51005 columns and 390653 nonzeros
Model fingerprint: 0x093b4f8f
Variable types: 24240 continuous, 26765 integer (26765 binary)
Coefficient statistics:
  Matrix range     [1e-02, 1e+02]
  Objective range  [2e-01, 1e+00]
  Bounds range     [1e+00, 1e+02]
  RHS range        [1e+00, 1e+00]
Presolve removed 11 rows and 54 columns
Presolve time: 0.63s
Presolved: 79984 rows, 50951 columns, 327181 nonzeros
Variable types: 24240 continuous, 26711 integer (26711 binary)

Root simplex log...

Iteration    Objective       Primal Inf.    Dual Inf.      Time
   14365    1.0099979e+00   7.927930e+02   0.000000e+00      5s
   23521    1.0097675e+00   2.319336e+03   0.000000e+00     10s
   28351    1.0097587e+00   6.791124e+01   0.000000e+00     15s
   32721    1.0097488e+00   7.436367e+02   0.000000e+00     20s
   36611    1.0096994e+00   1.574473e+04   0.000000e+00     25s
   39931    1.0077288e+00   1.786284e+04   0.000000e+00     30s
   44282    9.7980714e-01   1.284631e+04   0.000000e+00     35s
   49283    9.7786166e-01   1.836386e+00   0.000000e+00     40s
   55101    9.7337028e-01   2.291692e+04   0.000000e+00     45s
   58041    9.7341286e-01   0.000000e+00   0.000000e+00     48s

Root relaxation: objective 9.734129e-01, 58041 iterations, 47.28 seconds (176.97 work units)
Total elapsed time = 51.37s

    Nodes    |    Current Node    |     Objective Bounds      |     Work
 Expl Unexpl |  Obj  Depth IntInf | Incumbent    BestBd   Gap | It/Node Time

     0     0    0.97341    0 2712          -    0.97341      -     -   51s
H    0     0                      -0.9900000    0.97341   198%     -   52s
     0     0    0.97341    0 3371   -0.99000    0.97341   198%     -   59s
     0     0    0.97341    0 3032   -0.99000    0.97341   198%     -   88s
     0     0    0.97341    0 3016   -0.99000    0.97341   198%     -   88s
     0     0    0.97341    0 2678   -0.99000    0.97341   198%     -  101s
     0     0    0.97341    0 2577   -0.99000    0.97341   198%     -  122s
     0     0    0.97341    0 2566   -0.99000    0.97341   198%     -  132s
     0     0    0.97341    0 2566   -0.99000    0.97341   198%     -  145s
     0     2    0.97341    0 2566   -0.99000    0.97341   198%     -  258s
     2     4    0.97079    1 21820   -0.99000    0.97341   198% 21441  267s
H    4     4                      -0.8149296    0.97341   219% 11021  272s
     6     8    0.97131    3 18408   -0.81493    0.97341   219% 16804  280s
     7     9    0.97341    4 4780   -0.81493    0.97341   219% 16055  287s
     8    10    0.97179    4 20378   -0.81493    0.97341   219% 17374  295s
     9    11    0.97341    5 6278   -0.81493    0.97341   219% 15904  318s
    10    12    0.97079    5 21834   -0.81493    0.97341   219% 16807  323s
    11    13    0.97341    6 5052   -0.81493    0.97341   219% 15711  330s
    12    14    0.97083    6 21091   -0.81493    0.97341   219% 16530  336s
    13    15    0.97243    7 5726   -0.81493    0.97341   219% 16634  343s
    14    16    0.97186    7 21106   -0.81493    0.97243   219% 17114  348s
    15    17   -0.71660    8 5297   -0.81493    0.97242   219% 16335  350s
    16    18    0.96826    8 4270   -0.81493    0.97186   219% 17579  371s
    17    19    0.95430    9 15982   -0.81493    0.97186   219% 17772  380s
    18    20    0.92723    9 8266   -0.81493    0.97186   219% 17949  386s
    19    21    0.63820   10 13843   -0.81493    0.97186   219% 17479  390s
    21    23   -0.37450   11 12843   -0.81493    0.97186   219% 16661  400s
*   24    22              12      -0.7553022    0.97186   229% 14754  400s
    28    26   -0.67028   13 8565   -0.75530    0.97186   229% 12980  405s
    35    25    0.65215    9 19408   -0.75530    0.97180   229% 10730  410s
    39    27   -0.42456   12 5824   -0.75530    0.97180   229%  9918  415s
    40    26     cutoff   12        -0.75530    0.97180   229%  9837  420s
    59    27   -0.53191   13 2912   -0.75530    0.97175   229%  6939  425s
    67    27    0.84969    7 17466   -0.75530    0.97145   229%  6300  430s
    77    31   -0.39534   14 5820   -0.75530    0.97145   229%  5739  436s
    80    34   -0.23363   15 10188   -0.75530    0.97145   229%  5745  440s
    92    36    0.49171    5 8730   -0.75530    0.97122   229%  5386  454s
    93    37    0.37444    6 8730   -0.75530    0.97122   229%  5368  455s
   106    36    0.86167    4 20408   -0.75530    0.97111   229%  4924  463s
   107    37    0.39559    5 16408   -0.75530    0.97111   229%  4915  465s
   108    38    0.05787    6 12130   -0.75530    0.97111   229%  4984  473s
   112    38     cutoff    8        -0.75530    0.97111   229%  4854  475s
   133    37    0.95626    7 21091   -0.75530    0.97081   229%  4290  480s
   137    41    0.34197   11 11781   -0.75530    0.97081   229%  4288  488s
   139    41   -0.24134   12 10098   -0.75530    0.97081   229%  4257  490s
   143    41    0.42503   12 16239   -0.75530    0.97081   229%  4239  495s
   156    42    0.96207    3 19408   -0.75530    0.97081   229%  3947  500s
   184    39    0.56052    2 14544   -0.75530    0.97077   229%  3487  511s
   185    40   -0.64663    3 4852   -0.75530    0.97077   229%  3534  516s
   195    38    0.79181    7 19408   -0.75530    0.97072   229%  3397  520s
   200    43   -0.04660   12 15496   -0.75530    0.97072   229%  3370  526s
   209    44   -0.74412    3 10402   -0.75530    0.95685   227%  3276  530s
   212    43    0.49999    6 8730   -0.75530    0.95471   226%  3295  537s
   215    46    0.09547    9 6790   -0.75530    0.95471   226%  3295  540s
   226    45    0.74257    5 18468   -0.75530    0.93626   224%  3203  546s
   229    48    0.21695    8 16588   -0.75530    0.93626   224%  3195  550s
   233    52   -0.33524   12 11190   -0.75530    0.93626   224%  3178  555s
   237    54   -0.64934   15 7278   -0.75530    0.93626   224%  3176  560s
   246    53    0.60935    9 13464   -0.75530    0.92714   223%  3127  567s
   248    53   -0.10847   10 11781   -0.75530    0.92714   223%  3125  570s
   251    52    0.92207   10 5132   -0.75530    0.92706   223%  3171  577s
   252    53    0.82728   11 6939   -0.75530    0.92706   223%  3233  582s
   258    53    0.82728   12 7290   -0.75530    0.92706   223%  3264  586s
   288    75   -0.71675   36 5241   -0.75530    0.92706   223%  3001  590s
   427   214   -0.71689  175 4188   -0.75530    0.92706   223%  2025  595s
   511   275   -0.71695  140 2566   -0.75530    0.92706   223%  1708  647s
   513   276   -0.71696  178 2738   -0.75530    0.92706   223%  1701  741s
   514   277   -0.71695  146 2954   -0.75530    0.92706   223%  1698  908s
   516   278    0.13094   11 2955   -0.75530    0.92706   223%  1691  986s
   517   279   -0.71695  193 2955   -0.75530    0.92706   223%  1688  990s

Cutting planes:
  MIR: 19
  Flow cover: 3
  RLT: 1209

Explored 517 nodes (1132987 simplex iterations) in 1200.03 seconds (2703.63 work units)
Thread count was 1 (of 64 available processors)

Solution count 3: -0.755302 -0.81493 -0.99 

Time limit reached
Best objective -7.553021850611e-01, best bound 9.270603567184e-01, gap 222.7403%
Tree policy:
if center_cross <= 0.0:
    return '(center)'
else:
    return '__random__'
Optimal decision tree (depth=1) value: -0.7553021850611481
Writing result files...
