Solving...
Starting with fixed depth 3
Set parameter Username
Academic license - for non-commercial use only - expires 2025-09-20
Set parameter Threads to value 1
Set parameter TimeLimit to value 1200
Gurobi Optimizer version 10.0.0 build v10.0.0rc2 (linux64)

CPU model: AMD EPYC 9124 16-Core Processor, instruction set [SSE2|AVX|AVX2|AVX512]
Thread count: 32 physical cores, 64 logical processors, using up to 1 threads

Optimize a model with 239991 rows, 66095 columns and 1753271 nonzeros
Model fingerprint: 0xa45e8299
Variable types: 24240 continuous, 41855 integer (41855 binary)
Coefficient statistics:
  Matrix range     [1e-02, 1e+02]
  Objective range  [2e-01, 1e+00]
  Bounds range     [1e+00, 1e+02]
  RHS range        [1e+00, 3e+00]
Presolve removed 77 rows and 378 columns
Presolve time: 2.96s
Presolved: 239914 rows, 65717 columns, 1311147 nonzeros
Variable types: 24240 continuous, 41477 integer (41477 binary)
Found heuristic solution: objective -0.9887625
Root relaxation presolved: 65717 rows, 305631 columns, 1376864 nonzeros


Root simplex log...

Iteration    Objective       Primal Inf.    Dual Inf.      Time
   25896   -1.4840802e+32   9.664764e+33   1.484080e+02      5s
   44046    5.5496260e+17   2.611378e+04   0.000000e+00     10s
   53796    5.5496260e+17   5.476907e+06   0.000000e+00     15s
   56722    5.5496260e+17   1.404990e+03   0.000000e+00     20s
   58674    9.7341286e-01   0.000000e+00   0.000000e+00     24s
   58674    9.7341286e-01   0.000000e+00   0.000000e+00     24s

Root relaxation: objective 9.734129e-01, 58674 iterations, 20.34 seconds (60.81 work units)
Total elapsed time = 38.16s

    Nodes    |    Current Node    |     Objective Bounds      |     Work
 Expl Unexpl |  Obj  Depth IntInf | Incumbent    BestBd   Gap | It/Node Time

     0     0    0.97341    0 3631   -0.98876    0.97341   198%     -   40s
H    0     0                      -0.9312035    0.97341   205%     -   40s
     0     0    0.97341    0 4239   -0.93120    0.97341   205%     -   48s
     0     0    0.97341    0 3756   -0.93120    0.97341   205%     -   87s
     0     0    0.97341    0 2814   -0.93120    0.97341   205%     -   88s
     0     0    0.97341    0 2807   -0.93120    0.97341   205%     -  105s
     0     0    0.97341    0 2785   -0.93120    0.97341   205%     -  129s
     0     0    0.97341    0 2771   -0.93120    0.97341   205%     -  144s
     0     0    0.97341    0 2771   -0.93120    0.97341   205%     -  144s
     0     0    0.97341    0 2766   -0.93120    0.97341   205%     -  162s
     0     0    0.97341    0 2766   -0.93120    0.97341   205%     -  163s
     0     0    0.97341    0 3045   -0.93120    0.97341   205%     -  190s
     0     0    0.97341    0 3045   -0.93120    0.97341   205%     -  191s
     0     0    0.97341    0 2946   -0.93120    0.97341   205%     -  217s
     0     0    0.97341    0 2946   -0.93120    0.97341   205%     -  248s
H    0     0                      -0.8149296    0.97341   219%     -  256s
H    0     0                      -0.8149277    0.97341   219%     -  258s
     0     2    0.97341    0 2946   -0.81493    0.97341   219%     -  541s
     2     4    0.97341    1 2758   -0.81493    0.97341   219%  6887  545s
     4     6    0.97341    2 4581   -0.81493    0.97341   219%  3867  551s
     6     8    0.97341    4 4492   -0.81493    0.97341   219%  3407  556s
     8    10    0.97341    5 4369   -0.81493    0.97341   219%  3315  565s
     9    11    0.97341    5 16848   -0.81493    0.97341   219%  4831  653s
    10    12    0.97341    6 4368   -0.81493    0.97341   219%  4658  656s
    13    15    0.97341    9 3496   -0.81493    0.97341   219%  3585  660s
    16    18    0.97341   12 11308   -0.81493    0.97341   219%  3822  697s
    17    19    0.97341   12 15824   -0.81493    0.97341   219%  4584  709s
    18    20    0.97341   13 5460   -0.81493    0.97341   219%  4366  710s
    19    21    0.97341   14 10938   -0.81493    0.97341   219%  4833  743s
    20    22    0.97341   14 4157   -0.81493    0.97341   219%  5006  771s
    24    26    0.97341   17 3671   -0.81493    0.97341   219%  4259  775s
    27    29    0.97341   18 3874   -0.81493    0.97341   219%  3913  781s
    29    31    0.93703   20 5411   -0.81493    0.97341   219%  3889  785s
    32    34    0.89916   22 4553   -0.81493    0.97341   219%  3679  790s
    34    36    0.18087   24 4252   -0.81493    0.97341   219%  3552  795s
*   53    49              33      -0.4466091    0.97341   318%  2330  798s
    56    48    0.97341   16 2168   -0.44661    0.97341   318%  2225  800s
    68    46     cutoff   17        -0.44661    0.97341   318%  2087  808s
    70    48    0.97035   17 8375   -0.44661    0.97341   318%  2132  813s
    72    50    0.97112   18 8421   -0.44661    0.97341   318%  2413  831s
    76    54    0.97277   20 7348   -0.44661    0.97341   318%  2529  836s
    81    59    0.97341   23 2668   -0.44661    0.97341   318%  2479  840s
H   83    57                      -0.2951535    0.97341   430%  2555  846s
    86    62    0.91716   24 4056   -0.29515    0.97341   430%  2837  850s
    91    67    0.91474   26 4831   -0.29515    0.97341   430%  2900  855s
    95    71    0.97341   30 3855   -0.29515    0.97341   430%  2924  860s
    98    74    0.41635   31 3229   -0.29515    0.97341   430%  3130  866s
   105    77     cutoff   34        -0.29515    0.97341   430%  3090  870s
   111    79    0.75274   40 2426   -0.29515    0.97341   430%  3078  875s
   138    94    0.38512   56 3415   -0.29515    0.97341   430%  2602  889s
   141    93     cutoff   57        -0.29515    0.97341   430%  2548  890s
H  158    88                      -0.1630437    0.97341   697%  2309  897s
   167    91    0.84589   32 3862   -0.16304    0.97341   697%  2249  900s
   174    88    0.97341   11 15760   -0.16304    0.97341   697%  2315  914s
   175    89    0.97341   12 13183   -0.16304    0.97341   697%  2307  916s
   178    92    0.96726   15 10088   -0.16304    0.97341   697%  2285  921s
   179    93    0.58939   16 3693   -0.16304    0.97341   697%  2346  925s
   186   100    0.51969   23 7038   -0.16304    0.97341   697%  2326  932s
   190   102     cutoff   27        -0.16304    0.97341   697%  2344  940s
   193   105    0.21274   29 5268   -0.16304    0.97341   697%  2349  946s
   197   109    0.00391   33 3537   -0.16304    0.97341   697%  2325  950s
   202   104     cutoff   31        -0.16304    0.97341   697%  2314  955s
   204   102     cutoff   29        -0.16304    0.97341   697%  2362  963s
   205   103    0.97341   10 3819   -0.16304    0.97341   697%  2363  967s
   207   105    0.97341   12 2539   -0.16304    0.97341   697%  2348  970s
   210   108    0.97341   15 2537   -0.16304    0.97341   697%  2324  976s
   212   110    0.97341   17 16944   -0.16304    0.97341   697%  2426 1011s
   213   111    0.97325   18 21433   -0.16304    0.97341   697%  2446 1018s
   215   113    0.17056   20 13031   -0.16304    0.97341   697%  2591 1045s
   220   113    0.97324   21 15707   -0.16304    0.97341   697%  2579 1050s
   227   120    0.94735   28 5790   -0.16304    0.97341   697%  2658 1057s
   229   122    0.81328   30 6040   -0.16304    0.97341   697%  2712 1060s
   230   123   -0.10374   31 5361   -0.16304    0.97341   697%  2747 1066s
   243   122    0.97341   12 7083   -0.16304    0.97341   697%  2653 1078s
   244   123    0.97341   13 6495   -0.16304    0.97341   697%  2656 1080s
   246   123     cutoff   15        -0.16304    0.97341   697%  2813 1095s
   250   123     cutoff   17        -0.16304    0.97341   697%  2789 1100s
   253   122     cutoff   17        -0.16304    0.97341   697%  2829 1106s
   254   123    0.97341   13 3653   -0.16304    0.97341   697%  2837 1112s
   256   125    0.97076   15 13921   -0.16304    0.97341   697%  2890 1121s
   260   127    0.95756   18 15458   -0.16304    0.97341   697%  2896 1125s
   262   129    0.92511   20 16040   -0.16304    0.97341   697%  2914 1130s
   263   130    0.43012   21 14358   -0.16304    0.97341   697%  2939 1138s
   265   128     cutoff   22        -0.16304    0.97341   697%  2931 1140s
   275   130    0.97011   14 14205   -0.16304    0.97341   697%  2955 1168s
   276   131    0.95970   15 9073   -0.16304    0.97341   697%  2972 1170s
   281   136    0.83845   17 9936   -0.16304    0.97341   697%  3002 1175s
   284   139    0.61726   18 1319   -0.16304    0.97341   697%  3055 1180s
   292   141    0.40618   22 3465   -0.16304    0.97341   697%  3057 1187s
   294   139     cutoff   23        -0.16304    0.97341   697%  3063 1190s

Cutting planes:
  Implied bound: 434
  MIR: 67
  Flow cover: 539
  Zero half: 665

Explored 295 nodes (1053164 simplex iterations) in 1200.01 seconds (4417.78 work units)
Thread count was 1 (of 64 available processors)

Solution count 7: -0.163044 -0.295154 -0.446609 ... -0.988763

Time limit reached
Best objective -1.630437187887e-01, best bound 9.734128595697e-01, gap 697.0257%
Tree policy:
if top_left_cross <= 0.0:
    if bottom_right_cross <= -1.0:
        if top_right_circle <= 0.0:
            return '__random__'
        else:
            return '(top_center)'
    else:
        if top_right_circle <= -1.0:
            return '(center)'
        else:
            return '(top_left)'
else:
    if bottom_right_free <= 0.0:
        return '(center)'
    else:
        if bottom_center_free <= 0.0:
            return '(bottom_right)'
        else:
            return '(bottom_center)'
Optimal decision tree (depth=3) value: -0.16304371878866603
Writing result files...
