Solving...
Starting with fixed depth 2
Set parameter Username
Academic license - for non-commercial use only - expires 2025-09-20
Set parameter Threads to value 1
Set parameter TimeLimit to value 1200
Gurobi Optimizer version 10.0.0 build v10.0.0rc2 (linux64)

CPU model: AMD EPYC 9124 16-Core Processor, instruction set [SSE2|AVX|AVX2|AVX512]
Thread count: 32 physical cores, 64 logical processors, using up to 1 threads

Optimize a model with 133327 rows, 56035 columns and 812539 nonzeros
Model fingerprint: 0x967aebf7
Variable types: 24240 continuous, 31795 integer (31795 binary)
Coefficient statistics:
  Matrix range     [1e-02, 1e+02]
  Objective range  [2e-01, 1e+00]
  Bounds range     [1e+00, 1e+02]
  RHS range        [1e+00, 2e+00]
Presolve removed 33 rows and 162 columns
Presolve time: 1.36s
Presolved: 133294 rows, 55873 columns, 622863 nonzeros
Variable types: 24240 continuous, 31633 integer (31633 binary)
Root relaxation presolved: 133294 rows, 55873 columns, 622863 nonzeros


Root simplex log...

Iteration    Objective       Primal Inf.    Dual Inf.      Time
   11198    1.0100440e+00   1.198849e+03   0.000000e+00      5s
   17521    1.0100028e+00   7.475847e+03   0.000000e+00     10s
   22687    1.0099763e+00   8.773517e+02   0.000000e+00     15s
   26690    1.0099719e+00   1.711259e+02   0.000000e+00     20s
   30520    1.0099685e+00   1.745220e+02   0.000000e+00     25s
   33900    1.0099634e+00   1.815464e+02   0.000000e+00     30s
   36700    1.0099532e+00   1.847815e+03   0.000000e+00     35s
   39440    1.0099283e+00   6.021018e+03   0.000000e+00     40s
   42120    1.0098790e+00   1.072673e+04   0.000000e+00     45s
   44240    1.0096960e+00   1.705128e+04   0.000000e+00     50s
   46300    1.0087381e+00   1.138810e+05   0.000000e+00     55s
   48830    1.0065942e+00   2.836000e+04   0.000000e+00     60s
   51570    9.8864923e-01   8.215799e+06   0.000000e+00     65s
   55553    9.7627205e-01   2.042897e+05   0.000000e+00     70s
   59803    9.7579703e-01   1.391701e+03   0.000000e+00     75s
   63693    9.7575350e-01   3.571751e+03   0.000000e+00     80s
   66833    9.7561391e-01   8.243554e+03   0.000000e+00     85s
   70169    9.7342508e-01   5.277311e+04   0.000000e+00     90s
   72943    9.7341286e-01   0.000000e+00   0.000000e+00     94s

Root relaxation: objective 9.734129e-01, 72943 iterations, 92.26 seconds (455.61 work units)
Total elapsed time = 103.23s

    Nodes    |    Current Node    |     Objective Bounds      |     Work
 Expl Unexpl |  Obj  Depth IntInf | Incumbent    BestBd   Gap | It/Node Time

     0     0    0.97341    0 2720          -    0.97341      -     -  104s
H    0     0                      -0.9900000    0.97341   198%     -  104s
     0     0    0.97341    0 2736   -0.99000    0.97341   198%     -  107s
H    0     0                      -0.9887625    0.97341   198%     -  146s
     0     0    0.97341    0 2738   -0.98876    0.97341   198%     -  146s
     0     0    0.97341    0 2737   -0.98876    0.97341   198%     -  154s
     0     0    0.97341    0 2739   -0.98876    0.97341   198%     -  155s
     0     0    0.97341    0 2749   -0.98876    0.97341   198%     -  163s
     0     0    0.97341    0 2747   -0.98876    0.97341   198%     -  206s
     0     0    0.97341    0 2745   -0.98876    0.97341   198%     -  217s
     0     0    0.97341    0 2756   -0.98876    0.97341   198%     -  218s
     0     0    0.97341    0 2731   -0.98876    0.97341   198%     -  228s
     0     0    0.97341    0 2742   -0.98876    0.97341   198%     -  229s
     0     0    0.97341    0 1858   -0.98876    0.97341   198%     -  237s
     0     0    0.97341    0 1844   -0.98876    0.97341   198%     -  238s
     0     0    0.97341    0 1773   -0.98876    0.97341   198%     -  246s
     0     0    0.97341    0 1773   -0.98876    0.97341   198%     -  255s
     0     2    0.97341    0 1773   -0.98876    0.97341   198%     -  438s
     2     4    0.97341    1 2721   -0.98876    0.97341   198%  6440  441s
     4     6    0.97341    2 2488   -0.98876    0.97341   198%  6436  454s
     5     7    0.97341    3 2503   -0.98876    0.97341   198%  5391  456s
     8    10    0.97135    5 21829   -0.98876    0.97341   198%  7110  468s
     9    11    0.97341    6 3815   -0.98876    0.97341   198%  6931  482s
    11    13    0.97080    7 21086   -0.98876    0.97341   198%  8141  497s
    12    14    0.97341    8 5632   -0.98876    0.97341   198%  8169  503s
    13    15    0.97083    8 20340   -0.98876    0.97341   198%  9623  511s
    15    17    0.97080    9 21101   -0.98876    0.97341   198% 10344  522s
    16    18    0.97135   10 11235   -0.98876    0.97341   198% 10481  529s
    17    19    0.97161   10 21101   -0.98876    0.97341   198% 11178  534s
    18    20   -0.74900   11 4270   -0.98876    0.97341   198% 10701  536s
    20    22    0.95431   12 15980   -0.98876    0.97341   198% 10865  550s
    21    23    0.83067   12 12600   -0.98876    0.97341   198% 11157  555s
H   22    22                      -0.9813375    0.97341   199% 10649  555s
    23    25   -0.28902   13 14268   -0.98134    0.97341   199% 10807  571s
    28    26    0.36032   16 4282   -0.98134    0.97341   199%  9120  576s
H   32    24                      -0.7553022    0.97341   229%  8055  579s
    34    24    0.97341    2 2582   -0.75530    0.97341   229%  8027  592s
    36    26    0.97341    4 7376   -0.75530    0.97341   229%  7863  604s
    38    28    0.97341    6 7368   -0.75530    0.97341   229%  7519  627s
    42    32    0.97341   10 7370   -0.75530    0.97341   229%  7259  636s
    44    34    0.49586   11 13456   -0.75530    0.97341   229%  7532  645s
    48    36    0.53132   14 13576   -0.75530    0.97341   229%  7564  662s
    51    39    0.97341   16 11705   -0.75530    0.97341   229%  7305  667s
    53    41    0.97341   18 11123   -0.75530    0.97341   229%  7142  670s
    55    43    0.97341   20 5848   -0.75530    0.97341   229%  7415  680s
    57    45    0.04521   21 11879   -0.75530    0.97341   229%  7945  697s
    58    46    0.97083   22 9837   -0.75530    0.97341   229%  8091  703s
    59    45     cutoff   22        -0.75530    0.97341   229%  8064  709s
    60    46    0.97017   23 9354   -0.75530    0.97341   229%  8000  710s
    62    46   -0.68960   23 7100   -0.75530    0.97341   229%  8142  715s
    64    48    0.96079   25 10103   -0.75530    0.97341   229%  8244  721s
    76    46    0.97075    4 21086   -0.75530    0.97341   229%  7729  734s
    77    47    0.94834    5 19404   -0.75530    0.97341   229%  7667  736s
    79    49    0.67178    7 16040   -0.75530    0.97341   229%  7585  741s
    80    50    0.32269    8 10096   -0.75530    0.97341   229%  7590  745s
    82    52   -0.50598    9 5205   -0.75530    0.97341   229%  7543  750s
    91    53   -0.72969   11 5050   -0.75530    0.97341   229%  6870  755s
    95    53    0.97341    5 3187   -0.75530    0.97341   229%  6638  760s
    96    54    0.97341    6 8696   -0.75530    0.97341   229%  6806  786s
   100    58    0.97339   10 11145   -0.75530    0.97341   229%  6685  791s
   101    59    0.38365   10 13460   -0.75530    0.97341   229%  6946  803s
   104    62    0.97288   13 10609   -0.75530    0.97341   229%  6820  805s
   114    62   -0.75413    8 10395   -0.75530    0.97341   229%  6689  812s
   117    59     cutoff   10        -0.75530    0.97341   229%  6633  816s
   118    60   -0.75374    9 10185   -0.75530    0.97341   229%  6683  820s
   123    61    0.97341    7 6330   -0.75530    0.97341   229%  6481  825s
   136    59     cutoff    7        -0.75530    0.97341   229%  6091  834s
   137    59    0.09616    6 6900   -0.75530    0.97341   229%  6068  835s
   152    60    0.97341    9 5333   -0.75530    0.97341   229%  5567  842s
   153    61    0.97341   10 3754   -0.75530    0.97341   229%  5681  850s
   158    66    0.97076   15 9326   -0.75530    0.97341   229%  5646  855s
   166    70     cutoff   22        -0.75530    0.97341   229%  5628  862s
   186    80    0.97341    5 2755   -0.75530    0.97341   229%  5111  867s
   190    84    0.97275    9 7518   -0.75530    0.97341   229%  5096  872s
   193    87    0.89032   12 14070   -0.75530    0.97341   229%  5162  878s
   194    88    0.72226   13 12926   -0.75530    0.97341   229%  5210  882s
   199    93   -0.52982   18 6788   -0.75530    0.97341   229%  5201  894s
   200    94   -0.63125   19 5091   -0.75530    0.97341   229%  5183  895s
   205    93   -0.55988   19 5091   -0.75530    0.97341   229%  5126  900s
   209    91    0.95529    7 10364   -0.75530    0.97341   229%  5196  910s
   211    93    0.66112    9 17914   -0.75530    0.97341   229%  5273  921s
   214    96    0.31580   12 13807   -0.75530    0.97341   229%  5225  925s
   224    98    0.97341    3 4477   -0.75530    0.97341   229%  5022  930s
   229   103    0.97149    8 11055   -0.75530    0.97341   229%  5007  938s
   231   105    0.96496   10 12269   -0.75530    0.97341   229%  5006  945s
H  239   103                      -0.5729625    0.97341   270%  4855  947s
   242   102    0.97059    3 21820   -0.57296    0.97341   270%  4912  957s
   243   103    0.57278    4 14544   -0.57296    0.97341   270%  4955  963s
   244   102     cutoff    5        -0.57296    0.97341   270%  4980  968s
   247   101    0.97341    3 12911   -0.57296    0.97341   270%  5003  980s
   249   103    0.97331    5 17560   -0.57296    0.97341   270%  5032  989s
   250   104    0.95944    5 15047   -0.57296    0.97341   270%  5046  993s
   251   105    0.57863    6 4330   -0.57296    0.97341   270%  5073  996s
   257   111    0.56892   11 14088   -0.57296    0.97341   270%  5038 1000s
*  264    93              15       0.2450250    0.97341   297%  4913 1001s
   269    94    0.97341    6 2549    0.24503    0.97341   297%  4830 1005s
   272    97    0.97341    9 5646    0.24503    0.97341   297%  4824 1017s
   273    98    0.97341   10 4069    0.24503    0.97341   297%  4877 1029s
   274    99    0.97341   11 4062    0.24503    0.97341   297%  4861 1031s
   278   103    0.96439   15 13175    0.24503    0.97341   297%  4879 1038s
   282   107    0.89936   19 11790    0.24503    0.97341   297%  4837 1041s
   285   110    0.89934   22 13648    0.24503    0.97341   297%  4811 1048s
   290   115    0.80604   27 12205    0.24503    0.97341   297%  4747 1050s
   296   119     cutoff   33         0.24503    0.97341   297%  4704 1058s
   301   118    0.39876   31 7824    0.24503    0.97341   297%  4640 1060s
   304   117    0.97302    5 10565    0.24503    0.97341   297%  4655 1069s
   305   118    0.95514    6 14266    0.24503    0.97341   297%  4680 1074s
   306   119    0.94878    7 12382    0.24503    0.97341   297%  4676 1075s
   315   126    0.65454   15 13570    0.24503    0.97341   297%  4596 1080s
*  324   131              23       0.2478836    0.97341   293%  4481 1081s
   327   128     cutoff    7         0.24788    0.97341   293%  4497 1089s
   328   129    0.97341    8 2570    0.24788    0.97341   293%  4485 1090s
   342   143    0.97341   22 3273    0.24788    0.97341   293%  4326 1095s
   344   145    0.97341   24 9988    0.24788    0.97341   293%  4357 1111s
   347   148    0.93028   27 8202    0.24788    0.97341   293%  4353 1117s
   348   149    0.72735   28 7350    0.24788    0.97341   293%  4360 1122s
   349   150    0.66862   29 12054    0.24788    0.97341   293%  4438 1129s
   354   147    0.97341    4 12904    0.24788    0.97341   293%  4383 1131s
   356   149    0.59444    6 1027    0.24788    0.97341   293%  4403 1136s
   361   154    0.57543   11 5348    0.24788    0.97341   293%  4378 1141s
   365   158    0.50521   15 4768    0.24788    0.97341   293%  4369 1154s
   366   157     cutoff   16         0.24788    0.97341   293%  4397 1165s
   367   156     cutoff   16         0.24788    0.97341   293%  4432 1177s
   371   156    0.54049   14 6770    0.24788    0.97341   293%  4413 1180s
   372   157    0.46357   15 6170    0.24788    0.97341   293%  4432 1185s
   373   156     cutoff   16         0.24788    0.97341   293%  4465 1195s

Cutting planes:
  Implied bound: 483
  MIR: 112
  Flow cover: 197
  Zero half: 6

Explored 376 nodes (1824874 simplex iterations) in 1200.01 seconds (4028.23 work units)
Thread count was 1 (of 64 available processors)

Solution count 7: 0.247884 0.245025 -0.572963 ... -0.99

Time limit reached
Best objective 2.478836250496e-01, best bound 9.734128595697e-01, gap 292.6895%
Tree policy:
if bottom_center_free <= 0.0:
    if bottom_right_free <= 0.0:
        return '(center)'
    else:
        return '(bottom_right)'
else:
    if bottom_left_free <= 0.0:
        return '(bottom_center)'
    else:
        return '(bottom_left)'
Optimal decision tree (depth=2) value: 0.2478836250495768
Writing result files...
