Solving...
Starting with fixed depth 2
Set parameter Username
Academic license - for non-commercial use only - expires 2025-09-20
Set parameter Threads to value 1
Set parameter TimeLimit to value 1200
Gurobi Optimizer version 10.0.0 build v10.0.0rc2 (linux64)

CPU model: AMD EPYC 9124 16-Core Processor, instruction set [SSE2|AVX|AVX2|AVX512]
Thread count: 32 physical cores, 64 logical processors, using up to 1 threads

Optimize a model with 716317 rows, 294917 columns and 3731793 nonzeros
Model fingerprint: 0xfbfe22be
Variable types: 135303 continuous, 159614 integer (159614 binary)
Coefficient statistics:
  Matrix range     [1e-02, 1e+02]
  Objective range  [1e+00, 1e+00]
  Bounds range     [1e+00, 1e+02]
  RHS range        [1e+00, 2e+00]
Presolve removed 108 rows and 42 columns (presolve time = 5s) ...
Presolve removed 108 rows and 42 columns (presolve time = 10s) ...
Presolve removed 105 rows and 39 columns
Presolve time: 12.36s
Presolved: 716212 rows, 294878 columns, 3578844 nonzeros
Variable types: 135306 continuous, 159572 integer (159572 binary)

Root simplex log...

Iteration    Objective       Primal Inf.    Dual Inf.      Time
       0    2.1434343e+03   1.734854e+05   0.000000e+00     18s
   13266    1.0101010e+02   1.438445e+00   0.000000e+00     20s
   15794    1.0101010e+02   4.686795e-01   0.000000e+00     25s
   17910    3.9191030e+01   6.308691e-01   0.000000e+00     30s
   19510    3.9191030e+01   2.674344e-01   0.000000e+00     36s
   21020    3.9191030e+01   2.259008e-01   0.000000e+00     41s
   22210    3.9191030e+01   2.454806e-01   0.000000e+00     45s
   23310    3.9191030e+01   2.827581e-01   0.000000e+00     50s
   24650    3.9191030e+01   1.770748e-01   0.000000e+00     56s
   25730    3.9191030e+01   1.606969e-01   0.000000e+00     60s
   26730    3.9191030e+01   2.187221e-01   0.000000e+00     65s
   27780    3.9191030e+01   2.192370e-01   0.000000e+00     70s
   28730    3.9191030e+01   2.225044e-01   0.000000e+00     75s
   29750    3.9191030e+01   2.221734e-01   0.000000e+00     81s
   30550    3.9191030e+01   3.313611e-01   0.000000e+00     85s
   31250    3.9191030e+01   3.633417e-01   0.000000e+00     90s
   31950    3.9191030e+01   2.078534e-01   0.000000e+00     95s
   32890    3.9191030e+01   1.044761e-01   0.000000e+00    100s
   33870    3.9191030e+01   1.016661e-01   0.000000e+00    105s
   34760    3.9191030e+01   9.357201e-02   0.000000e+00    111s
   35600    3.9191030e+01   8.580456e-02   0.000000e+00    115s
   36580    3.9191030e+01   1.516633e-01   0.000000e+00    120s
   37510    3.9191030e+01   9.349120e-02   0.000000e+00    125s
   38400    3.9191030e+01   5.612937e-02   0.000000e+00    131s
   39300    3.9191030e+01   1.646234e-01   0.000000e+00    136s
   40080    3.9191030e+01   1.844064e-01   0.000000e+00    141s
   41160    3.9191030e+01   1.056142e-01   0.000000e+00    145s
   42140    3.9191030e+01   7.272396e-02   0.000000e+00    150s
   42918    3.9191033e+01   0.000000e+00   0.000000e+00    155s

Root relaxation: objective 3.919103e+01, 42918 iterations, 138.04 seconds (486.42 work units)
Total elapsed time = 169.80s
Total elapsed time = 170.88s

    Nodes    |    Current Node    |     Objective Bounds      |     Work
 Expl Unexpl |  Obj  Depth IntInf | Incumbent    BestBd   Gap | It/Node Time

     0     0   39.19103    0  305          -   39.19103      -     -  172s
H    0     0                      38.5193895   39.19103  1.74%     -  177s
H    0     0                      38.5193898   39.19103  1.74%     -  178s
     0     0   39.19103    0  314   38.51939   39.19103  1.74%     -  186s
H    0     0                      38.5193945   39.19103  1.74%     -  191s
H    0     0                      38.5195022   39.19103  1.74%     -  191s
H    0     0                      38.8281212   39.19103  0.93%     -  196s
     0     0   39.19103    0  317   38.82812   39.19103  0.93%     -  236s
H    0     0                      38.8281212   39.19103  0.93%     -  244s
     0     0   39.19103    0  317   38.82812   39.19103  0.93%     -  298s
     0     0   39.19103    0  317   38.82812   39.19103  0.93%     -  357s
     0     0   39.19103    0  318   38.82812   39.19103  0.93%     -  384s
     0     0   39.19103    0  313   38.82812   39.19103  0.93%     -  437s
     0     0   39.19103    0  313   38.82812   39.19103  0.93%     -  444s
H    0     0                      39.0095765   39.19103  0.47%     -  484s
     0     2   39.19103    0  313   39.00958   39.19103  0.47%     -  487s
     1     2   39.19103    1  329   39.00958   39.19103  0.47% 16677  586s
     3     4   39.19103    3 6529   39.00958   39.19103  0.47%  6591  605s
     4     5   39.19103    4 8011   39.00958   39.19103  0.47%  4973  615s
     5     6   39.19103    4 6504   39.00958   39.19103  0.47%  5525  634s
     6     7   39.19103    5 8011   39.00958   39.19103  0.47%  4608  649s
     7     8   39.19103    6 4657   39.00958   39.19103  0.47%  3958  651s
     8     8   39.19103    7 4799   39.00958   39.19103  0.47%  3472  659s
     9     9   39.19103    7 4656   39.00958   39.19103  0.47%  3759  706s
    10    10   39.19103    8   13   39.00958   39.19103  0.47%  3570  722s
    12    12   39.19103   10 4739   39.00958   39.19103  0.47%  4996  832s
    13    13   39.19103   11 6200   39.00958   39.19103  0.47%  4902  871s
    14    12     cutoff   11        39.00958   39.19103  0.47%  7017  884s
    15    13   39.19103   12 8965   39.00958   39.19103  0.47%  6666  892s
    16    12     cutoff   12        39.00958   39.19103  0.47%  9174  918s
    17    13   39.19103   13 10772   39.00958   39.19103  0.47%  8652  922s
    19    15   39.19103   14 6521   39.00958   39.19103  0.47%  7753  926s
    20    14     cutoff   14        39.00958   39.19103  0.47%  8623  930s
    22    14     cutoff   15        39.00958   39.19103  0.47%  9006  937s
    24    14     cutoff   16        39.00958   39.19103  0.47%  9250  945s
    26    16   39.19103   18 7933   39.00958   39.19103  0.47%  8629  952s
    27    15     cutoff   18        39.00958   39.19103  0.47%  9289  956s
H   28    14                      39.0095766   39.19103  0.47%  8957 1045s
    29    17   39.19103   20 7995   39.00958   39.19103  0.47%  9437 1106s
    30    18   39.19103   21 8006   39.00958   39.19103  0.47%  9203 1113s
    31    19   39.19103   22 7999   39.00958   39.19103  0.47%  8971 1119s
    32    18     cutoff   22        39.00958   39.19103  0.47%  9546 1124s
    33    19   39.19103   23 7927   39.00958   39.19103  0.47%  9260 1126s
    34    18     cutoff   23        39.00958   39.19103  0.47%  9653 1132s
    36    20   39.19103   24 6206   39.00958   39.19103  0.47%  9621 1142s
*   37     3              25      39.1910331   39.19103  0.00%  9733 1144s

Cutting planes:
  Gomory: 1
  MIR: 11
  Flow cover: 1
  Zero half: 2

Explored 38 nodes (469236 simplex iterations) in 1144.47 seconds (4503.95 work units)
Thread count was 1 (of 64 available processors)

Solution count 8: 39.191 39.0096 38.8281 ... 38.5194

Optimal solution found (tolerance 1.00e-04)
Best objective 3.919103308391e+01, best bound 3.919103308391e+01, gap 0.0000%
Tree policy:
if y1 <= 1.0:
    if b <= 1.0:
        return 'send1'
    else:
        return 'cd'
else:
    if s1 <= 2.0:
        return 'end1'
    else:
        return 'end2'
Optimal decision tree (depth=2) value: 39.19103308390623
Writing result files...
