Solving...
Starting with fixed depth 7
Set parameter Username
Academic license - for non-commercial use only - expires 2025-09-20
Set parameter Threads to value 1
Set parameter TimeLimit to value 1200
Gurobi Optimizer version 10.0.0 build v10.0.0rc2 (linux64)

CPU model: AMD EPYC 9124 16-Core Processor, instruction set [SSE2|AVX|AVX2|AVX512]
Thread count: 32 physical cores, 64 logical processors, using up to 1 threads

Optimize a model with 18481053 rows, 1299069 columns and 192397801 nonzeros
Model fingerprint: 0xe2db17d1
Variable types: 135303 continuous, 1163766 integer (1163766 binary)
Coefficient statistics:
  Matrix range     [1e-02, 1e+02]
  Objective range  [1e+00, 1e+00]
  Bounds range     [1e+00, 1e+02]
  RHS range        [1e+00, 7e+00]
Presolve removed 0 rows and 1397 columns (presolve time = 6s) ...
Presolve removed 254 rows and 1651 columns (presolve time = 11s) ...
Presolve removed 4572 rows and 1651 columns (presolve time = 18s) ...
Presolve removed 4572 rows and 1651 columns (presolve time = 22s) ...
Presolve removed 4572 rows and 1651 columns (presolve time = 27s) ...
Presolve removed 4572 rows and 1651 columns (presolve time = 31s) ...
Presolve removed 4572 rows and 1778 columns (presolve time = 42s) ...
Presolve removed 4572 rows and 1778 columns (presolve time = 46s) ...
Presolve removed 4572 rows and 1778 columns (presolve time = 55s) ...
Presolve removed 4572 rows and 1778 columns (presolve time = 60s) ...
Presolve removed 4572 rows and 1778 columns (presolve time = 60s) ...
Presolve removed 4572 rows and 1778 columns (presolve time = 65s) ...
Presolve removed 4572 rows and 1778 columns (presolve time = 72s) ...
Presolve removed 4572 rows and 1778 columns (presolve time = 77s) ...
Presolve removed 4572 rows and 1778 columns (presolve time = 83s) ...
Presolve removed 4572 rows and 1778 columns (presolve time = 95s) ...
Presolve removed 4572 rows and 1778 columns (presolve time = 95s) ...
Presolve removed 4572 rows and 1778 columns (presolve time = 100s) ...
Presolve removed 4572 rows and 1778 columns (presolve time = 105s) ...
Presolve removed 4572 rows and 1778 columns (presolve time = 110s) ...
Presolve removed 4572 rows and 1778 columns (presolve time = 115s) ...
Presolve removed 4572 rows and 1778 columns (presolve time = 120s) ...
Presolve removed 4572 rows and 1778 columns (presolve time = 125s) ...
Presolve removed 4572 rows and 1778 columns (presolve time = 130s) ...
Presolve removed 4572 rows and 1778 columns (presolve time = 135s) ...
Presolve removed 4572 rows and 1778 columns (presolve time = 140s) ...
Presolve removed 4572 rows and 1778 columns (presolve time = 145s) ...
Presolve removed 4572 rows and 1778 columns (presolve time = 150s) ...
Presolve removed 4572 rows and 1778 columns (presolve time = 155s) ...
Presolve removed 4572 rows and 1778 columns (presolve time = 160s) ...
Presolve removed 4572 rows and 1778 columns (presolve time = 165s) ...
Presolve removed 4572 rows and 1778 columns (presolve time = 170s) ...
Presolve removed 4572 rows and 1778 columns (presolve time = 175s) ...
Presolve removed 4572 rows and 1778 columns (presolve time = 180s) ...
Presolve removed 4572 rows and 1778 columns (presolve time = 185s) ...
Presolve removed 4572 rows and 1778 columns (presolve time = 190s) ...
Presolve removed 4572 rows and 1778 columns (presolve time = 195s) ...
Presolve removed 4572 rows and 1778 columns (presolve time = 200s) ...
Presolve removed 4572 rows and 1778 columns (presolve time = 206s) ...
Presolve removed 4572 rows and 1778 columns (presolve time = 216s) ...
Presolve removed 4572 rows and 1778 columns (presolve time = 220s) ...
Presolve removed 4572 rows and 1778 columns (presolve time = 229s) ...
Presolve removed 4572 rows and 1778 columns (presolve time = 234s) ...
Presolve removed 4572 rows and 1778 columns (presolve time = 235s) ...
Presolve removed 4572 rows and 1778 columns (presolve time = 240s) ...
Presolve removed 4572 rows and 1778 columns (presolve time = 249s) ...
Presolve removed 4572 rows and 1778 columns (presolve time = 255s) ...
Presolve removed 4572 rows and 1778 columns (presolve time = 267s) ...
Presolve removed 4572 rows and 1778 columns (presolve time = 270s) ...
Presolve removed 4572 rows and 1778 columns (presolve time = 278s) ...
Presolve removed 4572 rows and 1778 columns (presolve time = 283s) ...
Presolve removed 4572 rows and 1778 columns (presolve time = 286s) ...
Presolve removed 4572 rows and 1778 columns (presolve time = 291s) ...
Presolve removed 4572 rows and 1778 columns (presolve time = 295s) ...
Presolve removed 4572 rows and 1778 columns (presolve time = 305s) ...
Presolve removed 4572 rows and 1778 columns (presolve time = 310s) ...
Presolve removed 4572 rows and 1778 columns (presolve time = 310s) ...
Presolve removed 4572 rows and 1778 columns (presolve time = 315s) ...
Presolve removed 4572 rows and 1778 columns (presolve time = 320s) ...
Presolve removed 4572 rows and 1778 columns (presolve time = 325s) ...
Presolve removed 4572 rows and 1778 columns (presolve time = 330s) ...
Presolve removed 4572 rows and 1778 columns (presolve time = 337s) ...
Presolve removed 4572 rows and 1778 columns (presolve time = 340s) ...
Presolve removed 4572 rows and 1778 columns (presolve time = 345s) ...
Presolve removed 4572 rows and 1778 columns (presolve time = 350s) ...
Presolve removed 4572 rows and 1778 columns (presolve time = 355s) ...
Presolve removed 4572 rows and 1778 columns (presolve time = 360s) ...
Presolve removed 4572 rows and 1778 columns (presolve time = 365s) ...
Presolve removed 4572 rows and 1778 columns (presolve time = 370s) ...
Presolve removed 4572 rows and 1778 columns (presolve time = 375s) ...
Presolve removed 4572 rows and 1778 columns (presolve time = 380s) ...
Presolve removed 4572 rows and 1778 columns (presolve time = 391s) ...
Presolve removed 4572 rows and 1778 columns (presolve time = 399s) ...
Presolve removed 4569 rows and 1775 columns
Presolve time: 399.10s
Presolved: 18476484 rows, 1297294 columns, 186575138 nonzeros
Variable types: 135306 continuous, 1161988 integer (1161988 binary)
Found heuristic solution: objective 0.3821206
Root relaxation presolved: 1297294 rows, 19773778 columns, 187872432 nonzeros


Root simplex log...

Iteration    Objective       Primal Inf.    Dual Inf.      Time
       0    2.2020202e+02   0.000000e+00   2.402020e+02    638s
   57051    2.2020202e+02   0.000000e+00   4.991972e+04    640s
  209187    2.2020202e+02   0.000000e+00   4.991972e+04    646s
  323289    2.2020202e+02   0.000000e+00   4.991972e+04    650s
  456408    2.2020202e+02   0.000000e+00   4.991972e+04    656s
  570510    2.2020202e+02   0.000000e+00   4.991972e+04    661s
  665595    2.2020202e+02   0.000000e+00   4.991972e+04    665s
  779697    2.2020202e+02   0.000000e+00   4.991972e+04    671s
  854297    3.9191033e+01   0.000000e+00   0.000000e+00    681s
  854297    3.9191033e+01   0.000000e+00   0.000000e+00    687s

Root relaxation: objective 3.919103e+01, 854297 iterations, 162.11 seconds (477.79 work units)

    Nodes    |    Current Node    |     Objective Bounds      |     Work
 Expl Unexpl |  Obj  Depth IntInf | Incumbent    BestBd   Gap | It/Node Time

     0     0   39.19103    0 21699    0.38212   39.19103      -     -  977s
H    0     0                      38.2120631   39.19103  2.56%     - 1011s
H    0     0                      38.2120660   39.19103  2.56%     - 1020s
H    0     0                      38.8281200   39.19103  0.93%     - 1037s
     0     0   39.19103    0 28171   38.82812   39.19103  0.93%     - 1198s

Cutting planes:
  Gomory: 4
  Implied bound: 2
  MIR: 3
  Flow cover: 17
  Zero half: 8
  Relax-and-lift: 1

Explored 1 nodes (886984 simplex iterations) in 1205.87 seconds (4118.60 work units)
Thread count was 1 (of 64 available processors)

Solution count 4: 38.8281 38.2121 38.2121 0.382121 

Time limit reached
Best objective 3.882811995685e+01, best bound 3.919103308391e+01, gap 0.9347%
Tree policy:
if b <= 0.0:
    if cd2 <= 4.0:
        if x2 <= 26.0:
            return 'send1'
        else:
            return 'time'
    else:
        if cd2 <= 4.0:
            return 'send1'
        else:
            if cd2 <= 4.0:
                return 'time'
            else:
                if cd2 <= 4.0:
                    return 'send2'
                else:
                    if cd2 <= 4.0:
                        return 'time'
                    else:
                        if cd2 <= 4.0:
                            return 'time'
                        else:
                            return 'send1'
else:
    if cd2 <= 4.0:
        if b <= 1.0:
            return 'time'
        else:
            if y2 <= 0.0:
                return 'cd'
            else:
                return 'time'
    else:
        if cd2 <= 4.0:
            return 'send1'
        else:
            if cd2 <= 4.0:
                return 'send2'
            else:
                return 'time'
Optimal decision tree (depth=7) value: 38.82811995685484
Writing result files...
