Solving...
Starting with fixed depth 8
Set parameter Username
Academic license - for non-commercial use only - expires 2025-09-20
Set parameter Threads to value 1
Set parameter TimeLimit to value 1200
Gurobi Optimizer version 10.0.0 build v10.0.0rc2 (linux64)

CPU model: AMD EPYC 9124 16-Core Processor, instruction set [SSE2|AVX|AVX2|AVX512]
Thread count: 32 physical cores, 64 logical processors, using up to 1 threads

Optimize a model with 36818845 rows, 2335613 columns and 418994025 nonzeros
Model fingerprint: 0x2eea1c17
Variable types: 135303 continuous, 2200310 integer (2200310 binary)
Coefficient statistics:
  Matrix range     [1e-02, 1e+02]
  Objective range  [1e+00, 1e+00]
  Bounds range     [1e+00, 1e+02]
  RHS range        [1e+00, 8e+00]
Presolve removed 0 rows and 0 columns (presolve time = 6s) ...
Presolve removed 0 rows and 2805 columns (presolve time = 11s) ...
Presolve removed 510 rows and 3315 columns (presolve time = 23s) ...
Presolve removed 9180 rows and 3315 columns (presolve time = 27s) ...
Presolve removed 9180 rows and 3315 columns (presolve time = 40s) ...
Presolve removed 9180 rows and 3315 columns (presolve time = 54s) ...
Presolve removed 9180 rows and 3315 columns (presolve time = 61s) ...
Presolve removed 9180 rows and 3315 columns (presolve time = 73s) ...
Presolve removed 9180 rows and 3570 columns (presolve time = 76s) ...
Presolve removed 9180 rows and 3570 columns (presolve time = 97s) ...
Presolve removed 9180 rows and 3570 columns (presolve time = 105s) ...
Presolve removed 9180 rows and 3570 columns (presolve time = 111s) ...
Presolve removed 9180 rows and 3570 columns (presolve time = 116s) ...
Presolve removed 9180 rows and 3570 columns (presolve time = 131s) ...
Presolve removed 9180 rows and 3570 columns (presolve time = 142s) ...
Presolve removed 9180 rows and 3570 columns (presolve time = 145s) ...
Presolve removed 9180 rows and 3570 columns (presolve time = 150s) ...
Presolve removed 9180 rows and 3570 columns (presolve time = 155s) ...
Presolve removed 9180 rows and 3570 columns (presolve time = 160s) ...
Presolve removed 9180 rows and 3570 columns (presolve time = 171s) ...
Presolve removed 9180 rows and 3570 columns (presolve time = 182s) ...
Presolve removed 9180 rows and 3570 columns (presolve time = 196s) ...
Presolve removed 9180 rows and 3570 columns (presolve time = 224s) ...
Presolve removed 9180 rows and 3570 columns (presolve time = 231s) ...
Presolve removed 9180 rows and 3570 columns (presolve time = 235s) ...
Presolve removed 9180 rows and 3570 columns (presolve time = 240s) ...
Presolve removed 9180 rows and 3570 columns (presolve time = 245s) ...
Presolve removed 9180 rows and 3570 columns (presolve time = 250s) ...
Presolve removed 9180 rows and 3570 columns (presolve time = 255s) ...
Presolve removed 9180 rows and 3570 columns (presolve time = 260s) ...
Presolve removed 9180 rows and 3570 columns (presolve time = 265s) ...
Presolve removed 9180 rows and 3570 columns (presolve time = 270s) ...
Presolve removed 9180 rows and 3570 columns (presolve time = 275s) ...
Presolve removed 9180 rows and 3570 columns (presolve time = 280s) ...
Presolve removed 9180 rows and 3570 columns (presolve time = 285s) ...
Presolve removed 9180 rows and 3570 columns (presolve time = 290s) ...
Presolve removed 9180 rows and 3570 columns (presolve time = 295s) ...
Presolve removed 9180 rows and 3570 columns (presolve time = 300s) ...
Presolve removed 9180 rows and 3570 columns (presolve time = 305s) ...
Presolve removed 9180 rows and 3570 columns (presolve time = 310s) ...
Presolve removed 9180 rows and 3570 columns (presolve time = 315s) ...
Presolve removed 9180 rows and 3570 columns (presolve time = 320s) ...
Presolve removed 9180 rows and 3570 columns (presolve time = 325s) ...
Presolve removed 9180 rows and 3570 columns (presolve time = 330s) ...
Presolve removed 9180 rows and 3570 columns (presolve time = 335s) ...
Presolve removed 9180 rows and 3570 columns (presolve time = 340s) ...
Presolve removed 9180 rows and 3570 columns (presolve time = 345s) ...
Presolve removed 9180 rows and 3570 columns (presolve time = 350s) ...
Presolve removed 9180 rows and 3570 columns (presolve time = 355s) ...
Presolve removed 9180 rows and 3570 columns (presolve time = 360s) ...
Presolve removed 9180 rows and 3570 columns (presolve time = 365s) ...
Presolve removed 9180 rows and 3570 columns (presolve time = 370s) ...
Presolve removed 9180 rows and 3570 columns (presolve time = 375s) ...
Presolve removed 9180 rows and 3570 columns (presolve time = 380s) ...
Presolve removed 9180 rows and 3570 columns (presolve time = 385s) ...
Presolve removed 9180 rows and 3570 columns (presolve time = 390s) ...
Presolve removed 9180 rows and 3570 columns (presolve time = 395s) ...
Presolve removed 9180 rows and 3570 columns (presolve time = 400s) ...
Presolve removed 9180 rows and 3570 columns (presolve time = 405s) ...
Presolve removed 9180 rows and 3570 columns (presolve time = 410s) ...
Presolve removed 9180 rows and 3570 columns (presolve time = 415s) ...
Presolve removed 9180 rows and 3570 columns (presolve time = 420s) ...
Presolve removed 9180 rows and 3570 columns (presolve time = 425s) ...
Presolve removed 9180 rows and 3570 columns (presolve time = 430s) ...
Presolve removed 9180 rows and 3570 columns (presolve time = 435s) ...
Presolve removed 9180 rows and 3570 columns (presolve time = 441s) ...
Presolve removed 9180 rows and 3570 columns (presolve time = 445s) ...
Presolve removed 9180 rows and 3570 columns (presolve time = 454s) ...
Presolve removed 9180 rows and 3570 columns (presolve time = 456s) ...
Presolve removed 9180 rows and 3570 columns (presolve time = 475s) ...
Presolve removed 9180 rows and 3570 columns (presolve time = 484s) ...
Presolve removed 9180 rows and 3570 columns (presolve time = 489s) ...
Presolve removed 9180 rows and 3570 columns (presolve time = 505s) ...
Presolve removed 9180 rows and 3570 columns (presolve time = 515s) ...
Presolve removed 9180 rows and 3570 columns (presolve time = 520s) ...
Presolve removed 9180 rows and 3570 columns (presolve time = 525s) ...
Presolve removed 9180 rows and 3570 columns (presolve time = 530s) ...
Presolve removed 9180 rows and 3570 columns (presolve time = 539s) ...
Presolve removed 9180 rows and 3570 columns (presolve time = 548s) ...
Presolve removed 9180 rows and 3570 columns (presolve time = 550s) ...
Presolve removed 9180 rows and 3570 columns (presolve time = 562s) ...
Presolve removed 9180 rows and 3570 columns (presolve time = 585s) ...
Presolve removed 9180 rows and 3570 columns (presolve time = 592s) ...
Presolve removed 9180 rows and 3570 columns (presolve time = 595s) ...
Presolve removed 9180 rows and 3570 columns (presolve time = 600s) ...
Presolve removed 9180 rows and 3570 columns (presolve time = 610s) ...
Presolve removed 9180 rows and 3570 columns (presolve time = 619s) ...
Presolve removed 9180 rows and 3570 columns (presolve time = 621s) ...
Presolve removed 9180 rows and 3570 columns (presolve time = 626s) ...
Presolve removed 9180 rows and 3570 columns (presolve time = 631s) ...
Presolve removed 9180 rows and 3570 columns (presolve time = 636s) ...
Presolve removed 9180 rows and 3570 columns (presolve time = 640s) ...
Presolve removed 9180 rows and 3570 columns (presolve time = 662s) ...
Presolve removed 9180 rows and 3570 columns (presolve time = 672s) ...
Presolve removed 9180 rows and 3570 columns (presolve time = 675s) ...
Presolve removed 9180 rows and 3570 columns (presolve time = 680s) ...
Presolve removed 9180 rows and 3570 columns (presolve time = 685s) ...
Presolve removed 9180 rows and 3570 columns (presolve time = 690s) ...
Presolve removed 9180 rows and 3570 columns (presolve time = 695s) ...
Presolve removed 9180 rows and 3570 columns (presolve time = 700s) ...
Presolve removed 9180 rows and 3570 columns (presolve time = 705s) ...
Presolve removed 9180 rows and 3570 columns (presolve time = 710s) ...
Presolve removed 9180 rows and 3570 columns (presolve time = 715s) ...
Presolve removed 9180 rows and 3570 columns (presolve time = 720s) ...
Presolve removed 9180 rows and 3570 columns (presolve time = 736s) ...
Presolve removed 9180 rows and 3570 columns (presolve time = 741s) ...
Presolve removed 9180 rows and 3570 columns (presolve time = 746s) ...
Presolve removed 9180 rows and 3570 columns (presolve time = 750s) ...
Presolve removed 9180 rows and 3570 columns (presolve time = 755s) ...
Presolve removed 9180 rows and 3570 columns (presolve time = 761s) ...
Presolve removed 9180 rows and 3570 columns (presolve time = 765s) ...
Presolve removed 9180 rows and 3570 columns (presolve time = 770s) ...
Presolve removed 9180 rows and 3570 columns (presolve time = 775s) ...
Presolve removed 9180 rows and 3570 columns (presolve time = 780s) ...
Presolve removed 9180 rows and 3570 columns (presolve time = 785s) ...
Presolve removed 9180 rows and 3570 columns (presolve time = 790s) ...
Presolve removed 9180 rows and 3570 columns (presolve time = 795s) ...
Presolve removed 9180 rows and 3570 columns (presolve time = 800s) ...
Presolve removed 9180 rows and 3570 columns (presolve time = 805s) ...
Presolve removed 9180 rows and 3570 columns (presolve time = 810s) ...
Presolve removed 9180 rows and 3570 columns (presolve time = 815s) ...
Presolve removed 9180 rows and 3570 columns (presolve time = 838s) ...
Presolve removed 9180 rows and 3570 columns (presolve time = 854s) ...
Presolve removed 9177 rows and 3567 columns
Presolve time: 853.79s
Presolved: 36809668 rows, 2332046 columns, 407332738 nonzeros
Variable types: 135306 continuous, 2196740 integer (2196740 binary)
Found heuristic solution: objective 0.3821206

Root relaxation: time limit, 0 iterations, 98.42 seconds (141.45 work units)

Explored 1 nodes (0 simplex iterations) in 1203.88 seconds (2016.83 work units)
Thread count was 1 (of 64 available processors)

Solution count 1: 0.382121 

Time limit reached
Best objective 3.821206352192e-01, best bound 2.143434343434e+03, gap 560831.3253%
Tree policy:
return 'time'
Optimal decision tree (depth=8) value: 0.38212063521915035
Writing result files...
