Solving...
Starting with fixed depth 7
Set parameter Username
Academic license - for non-commercial use only - expires 2025-09-20
Set parameter Threads to value 1
Set parameter TimeLimit to value 1200
Gurobi Optimizer version 10.0.0 build v10.0.0rc2 (linux64)

CPU model: AMD EPYC 9124 16-Core Processor, instruction set [SSE2|AVX|AVX2|AVX512]
Thread count: 32 physical cores, 64 logical processors, using up to 1 threads

Optimize a model with 14118660 rows, 626182 columns and 134290230 nonzeros
Model fingerprint: 0xc61225af
Variable types: 106318 continuous, 519864 integer (519864 binary)
Coefficient statistics:
  Matrix range     [1e-02, 1e+02]
  Objective range  [1e+00, 1e+00]
  Bounds range     [1e+00, 1e+02]
  RHS range        [1e+00, 7e+00]
Presolve removed 127 rows and 1778 columns (presolve time = 7s) ...
Presolve removed 4445 rows and 1778 columns (presolve time = 10s) ...
Presolve removed 4445 rows and 1778 columns (presolve time = 17s) ...
Presolve removed 4445 rows and 1905 columns (presolve time = 24s) ...
Presolve removed 4445 rows and 1905 columns (presolve time = 27s) ...
Presolve removed 4445 rows and 1905 columns (presolve time = 32s) ...
Presolve removed 4445 rows and 1905 columns (presolve time = 35s) ...
Presolve removed 4445 rows and 1905 columns (presolve time = 40s) ...
Presolve removed 4445 rows and 1905 columns (presolve time = 45s) ...
Presolve removed 4445 rows and 1905 columns (presolve time = 50s) ...
Presolve removed 4445 rows and 1905 columns (presolve time = 55s) ...
Presolve removed 4445 rows and 1905 columns (presolve time = 60s) ...
Presolve removed 4572 rows and 2032 columns (presolve time = 68s) ...
Presolve removed 4572 rows and 2032 columns (presolve time = 72s) ...
Presolve removed 4572 rows and 2032 columns (presolve time = 75s) ...
Presolve removed 4572 rows and 2032 columns (presolve time = 80s) ...
Presolve removed 4572 rows and 2032 columns (presolve time = 85s) ...
Presolve removed 4572 rows and 2032 columns (presolve time = 90s) ...
Presolve removed 4572 rows and 2032 columns (presolve time = 95s) ...
Presolve removed 4572 rows and 2032 columns (presolve time = 100s) ...
Presolve removed 4572 rows and 2032 columns (presolve time = 105s) ...
Presolve removed 4572 rows and 2032 columns (presolve time = 110s) ...
Presolve removed 4572 rows and 2032 columns (presolve time = 115s) ...
Presolve removed 4572 rows and 2032 columns (presolve time = 120s) ...
Presolve removed 4572 rows and 2032 columns (presolve time = 126s) ...
Presolve removed 4572 rows and 2032 columns (presolve time = 130s) ...
Presolve removed 4572 rows and 2032 columns (presolve time = 137s) ...
Presolve removed 4572 rows and 2032 columns (presolve time = 140s) ...
Presolve removed 4572 rows and 2032 columns (presolve time = 145s) ...
Presolve removed 4572 rows and 2032 columns (presolve time = 150s) ...
Presolve removed 4572 rows and 2032 columns (presolve time = 155s) ...
Presolve removed 4572 rows and 2032 columns (presolve time = 160s) ...
Presolve removed 4572 rows and 2032 columns (presolve time = 166s) ...
Presolve removed 4572 rows and 2032 columns (presolve time = 170s) ...
Presolve removed 4572 rows and 2032 columns (presolve time = 175s) ...
Presolve removed 4572 rows and 2032 columns (presolve time = 180s) ...
Presolve removed 4572 rows and 2032 columns (presolve time = 186s) ...
Presolve removed 4572 rows and 2032 columns (presolve time = 194s) ...
Presolve removed 4572 rows and 2032 columns (presolve time = 198s) ...
Presolve removed 4572 rows and 2032 columns (presolve time = 200s) ...
Presolve removed 4572 rows and 2032 columns (presolve time = 205s) ...
Presolve removed 4572 rows and 2032 columns (presolve time = 210s) ...
Presolve removed 4572 rows and 2032 columns (presolve time = 215s) ...
Presolve removed 4572 rows and 2032 columns (presolve time = 220s) ...
Presolve removed 4572 rows and 2032 columns (presolve time = 225s) ...
Presolve removed 4572 rows and 2032 columns (presolve time = 230s) ...
Presolve removed 4572 rows and 2032 columns (presolve time = 235s) ...
Presolve removed 4572 rows and 2032 columns (presolve time = 240s) ...
Presolve removed 4572 rows and 2032 columns (presolve time = 248s) ...
Presolve removed 4572 rows and 2032 columns (presolve time = 253s) ...
Presolve removed 4521 rows and 1981 columns
Presolve time: 253.19s
Presolved: 14114139 rows, 624201 columns, 130011616 nonzeros
Variable types: 106369 continuous, 517832 integer (517832 binary)
Found heuristic solution: objective 0.0273005
Root relaxation presolved: 624201 rows, 14738340 columns, 130635817 nonzeros


Root simplex log...

Iteration    Objective       Primal Inf.    Dual Inf.      Time
       0    1.0303030e+02   0.000000e+00   2.080004e+02    377s
  250398    1.0303030e+02   0.000000e+00   2.080004e+02    380s
  399566    1.0303030e+02   0.000000e+00   1.659936e+08    390s
  400836    1.0101010e+00   0.000000e+00   3.648350e+07    399s
  402186    9.4173634e-01   0.000000e+00   2.504063e+08    410s
  403626    9.2579843e-01   0.000000e+00   1.194518e+08    423s
  404946    9.0624503e-01   0.000000e+00   1.615631e+08    435s
  406316    8.9019519e-01   0.000000e+00   5.944611e+07    449s
  408557    8.6288629e-01   0.000000e+00   7.530385e+07    470s
  409637    8.5233638e-01   0.000000e+00   1.344445e+08    480s
  410287    8.4281615e-01   0.000000e+00   1.350845e+08    487s
  411667    8.2862008e-01   0.000000e+00   1.383080e+08    500s
  412993    8.0993734e-01   0.000000e+00   8.104958e+07    514s
  414575    7.8802397e-01   0.000000e+00   5.531901e+07    530s
  416027    7.6746617e-01   0.000000e+00   4.937829e+07    545s
  417609    7.4132019e-01   0.000000e+00   4.757439e+07    562s
  419055    6.0004097e-01   0.000000e+00   9.813505e+07    577s
  420637    4.8813251e-01   0.000000e+00   4.291556e+07    594s
  422077    4.3355419e-01   0.000000e+00   1.112175e+08    610s
  423659    2.4437214e-01   0.000000e+00   6.750988e+07    627s
  425241    1.6386665e-01   0.000000e+00   7.319766e+07    645s
  426823   -1.7164609e-01   0.000000e+00   5.972525e+07    661s
  428405   -1.8250082e-01   0.000000e+00   7.782716e+07    678s
  429987   -1.9244295e-01   0.000000e+00   3.923519e+07    695s
  431569   -2.0280489e-01   0.000000e+00   1.427466e+08    712s
  433151   -2.1258228e-01   0.000000e+00   1.265718e+08    729s
  434733   -2.2168481e-01   0.000000e+00   2.054940e+08    746s
  436315   -2.2886685e-01   0.000000e+00   1.415486e+08    764s
  437897   -2.3532425e-01   0.000000e+00   4.551924e+07    781s
  439479   -2.4357180e-01   0.000000e+00   3.270430e+07    799s
  441061   -2.5237136e-01   0.000000e+00   9.878649e+07    817s
  442643   -2.6221682e-01   0.000000e+00   4.376260e+07    834s
  444225   -2.7140639e-01   0.000000e+00   1.487516e+08    852s
  445807   -2.8009542e-01   0.000000e+00   5.893264e+07    870s
  447389   -2.8663003e-01   0.000000e+00   1.844767e+07    887s
  448971   -2.9567082e-01   0.000000e+00   9.478394e+07    905s
  450553   -3.0405390e-01   0.000000e+00   2.578573e+07    922s
  452135   -3.1187717e-01   0.000000e+00   5.857742e+07    940s
  453717   -3.1904889e-01   0.000000e+00   1.775930e+07    957s
  455243   -3.2501331e-01   0.000000e+00   8.145611e+07    976s
  456782   -3.3101366e-01   0.000000e+00   4.474711e+07    994s
  458364   -3.3735821e-01   0.000000e+00   4.668919e+07   1013s
  459916   -3.4348109e-01   0.000000e+00   1.281503e+07   1031s
  461487   -3.4989635e-01   0.000000e+00   5.476013e+07   1050s
  463008   -3.5680541e-01   0.000000e+00   5.962008e+07   1067s
  464589   -3.6266231e-01   0.000000e+00   1.641639e+07   1085s
  466150   -3.6950813e-01   0.000000e+00   3.089515e+07   1102s
  467661   -3.7564074e-01   0.000000e+00   4.515923e+07   1119s
  469121   -3.8104487e-01   0.000000e+00   1.269258e+08   1136s
  470491   -3.8573703e-01   0.000000e+00   3.590232e+07   1152s
  471891   -3.9074523e-01   0.000000e+00   2.414384e+07   1168s
  473341   -3.9597013e-01   0.000000e+00   1.453562e+07   1186s

Root relaxation: time limit, 474596 iterations, 890.39 seconds (3459.89 work units)

    Nodes    |    Current Node    |     Objective Bounds      |     Work
 Expl Unexpl |  Obj  Depth IntInf | Incumbent    BestBd   Gap | It/Node Time

     0     0          -    0         0.02730 3503.03030      -     - 1200s

Explored 1 nodes (474596 simplex iterations) in 1200.59 seconds (4022.38 work units)
Thread count was 1 (of 64 available processors)

Solution count 1: 0.0273005 

Time limit reached
Best objective 2.730049957170e-02, best bound 3.503030303030e+03, gap 12831278.0260%
Tree policy:
if bc2 <= 1.0:
    return 'station2_cmd_74'
else:
    if bc2 <= 1.0:
        return 'station2_cmd_74'
    else:
        if bc2 <= 1.0:
            return 'time'
        else:
            if bc2 <= 1.0:
                return 'time'
            else:
                if bc2 <= 1.0:
                    return 'time'
                else:
                    if bc2 <= 1.0:
                        return 'time'
                    else:
                        if bc2 <= 1.0:
                            return 'time'
                        else:
                            return 'station2_cmd_59'
Optimal decision tree (depth=7) value: 0.027300499571703267
Writing result files...
