Solving...
Starting with fixed depth 8
Set parameter Username
Academic license - for non-commercial use only - expires 2025-09-20
Set parameter Threads to value 1
Set parameter TimeLimit to value 1200
Gurobi Optimizer version 10.0.0 build v10.0.0rc2 (linux64)

CPU model: AMD EPYC 9124 16-Core Processor, instruction set [SSE2|AVX|AVX2|AVX512]
Thread count: 32 physical cores, 64 logical processors, using up to 1 threads

Optimize a model with 28127876 rows, 1042950 columns and 295278390 nonzeros
Model fingerprint: 0xb8956eab
Variable types: 106318 continuous, 936632 integer (936632 binary)
Coefficient statistics:
  Matrix range     [1e-02, 1e+02]
  Objective range  [1e+00, 1e+00]
  Bounds range     [1e+00, 1e+02]
  RHS range        [1e+00, 8e+00]
Presolve removed 0 rows and 0 columns (presolve time = 5s) ...
Presolve removed 255 rows and 3570 columns (presolve time = 15s) ...
Presolve removed 8925 rows and 3570 columns (presolve time = 23s) ...
Presolve removed 8925 rows and 3570 columns (presolve time = 29s) ...
Presolve removed 8925 rows and 3570 columns (presolve time = 31s) ...
Presolve removed 8925 rows and 3570 columns (presolve time = 40s) ...
Presolve removed 8925 rows and 3825 columns (presolve time = 40s) ...
Presolve removed 8925 rows and 3825 columns (presolve time = 54s) ...
Presolve removed 8925 rows and 3825 columns (presolve time = 59s) ...
Presolve removed 8925 rows and 3825 columns (presolve time = 62s) ...
Presolve removed 8925 rows and 3825 columns (presolve time = 72s) ...
Presolve removed 8925 rows and 3825 columns (presolve time = 78s) ...
Presolve removed 8925 rows and 3825 columns (presolve time = 80s) ...
Presolve removed 8925 rows and 3825 columns (presolve time = 85s) ...
Presolve removed 8925 rows and 3825 columns (presolve time = 90s) ...
Presolve removed 8925 rows and 3825 columns (presolve time = 95s) ...
Presolve removed 8925 rows and 3825 columns (presolve time = 100s) ...
Presolve removed 8925 rows and 3825 columns (presolve time = 105s) ...
Presolve removed 8925 rows and 3825 columns (presolve time = 110s) ...
Presolve removed 8925 rows and 3825 columns (presolve time = 115s) ...
Presolve removed 8925 rows and 3825 columns (presolve time = 120s) ...
Presolve removed 8925 rows and 3825 columns (presolve time = 125s) ...
Presolve removed 8925 rows and 3825 columns (presolve time = 130s) ...
Presolve removed 8925 rows and 3825 columns (presolve time = 135s) ...
Presolve removed 8925 rows and 3825 columns (presolve time = 142s) ...
Presolve removed 9180 rows and 4080 columns (presolve time = 151s) ...
Presolve removed 9180 rows and 4080 columns (presolve time = 160s) ...
Presolve removed 9180 rows and 4080 columns (presolve time = 160s) ...
Presolve removed 9180 rows and 4080 columns (presolve time = 167s) ...
Presolve removed 9180 rows and 4080 columns (presolve time = 170s) ...
Presolve removed 9180 rows and 4080 columns (presolve time = 175s) ...
Presolve removed 9180 rows and 4080 columns (presolve time = 181s) ...
Presolve removed 9180 rows and 4080 columns (presolve time = 185s) ...
Presolve removed 9180 rows and 4080 columns (presolve time = 190s) ...
Presolve removed 9180 rows and 4080 columns (presolve time = 195s) ...
Presolve removed 9180 rows and 4080 columns (presolve time = 200s) ...
Presolve removed 9180 rows and 4080 columns (presolve time = 205s) ...
Presolve removed 9180 rows and 4080 columns (presolve time = 210s) ...
Presolve removed 9180 rows and 4080 columns (presolve time = 215s) ...
Presolve removed 9180 rows and 4080 columns (presolve time = 220s) ...
Presolve removed 9180 rows and 4080 columns (presolve time = 225s) ...
Presolve removed 9180 rows and 4080 columns (presolve time = 230s) ...
Presolve removed 9180 rows and 4080 columns (presolve time = 235s) ...
Presolve removed 9180 rows and 4080 columns (presolve time = 240s) ...
Presolve removed 9180 rows and 4080 columns (presolve time = 245s) ...
Presolve removed 9180 rows and 4080 columns (presolve time = 252s) ...
Presolve removed 9180 rows and 4080 columns (presolve time = 264s) ...
Presolve removed 9180 rows and 4080 columns (presolve time = 269s) ...
Presolve removed 9180 rows and 4080 columns (presolve time = 272s) ...
Presolve removed 9180 rows and 4080 columns (presolve time = 281s) ...
Presolve removed 9180 rows and 4080 columns (presolve time = 288s) ...
Presolve removed 9180 rows and 4080 columns (presolve time = 290s) ...
Presolve removed 9180 rows and 4080 columns (presolve time = 295s) ...
Presolve removed 9180 rows and 4080 columns (presolve time = 300s) ...
Presolve removed 9180 rows and 4080 columns (presolve time = 305s) ...
Presolve removed 9180 rows and 4080 columns (presolve time = 310s) ...
Presolve removed 9180 rows and 4080 columns (presolve time = 315s) ...
Presolve removed 9180 rows and 4080 columns (presolve time = 320s) ...
Presolve removed 9180 rows and 4080 columns (presolve time = 325s) ...
Presolve removed 9180 rows and 4080 columns (presolve time = 330s) ...
Presolve removed 9180 rows and 4080 columns (presolve time = 335s) ...
Presolve removed 9180 rows and 4080 columns (presolve time = 340s) ...
Presolve removed 9180 rows and 4080 columns (presolve time = 345s) ...
Presolve removed 9180 rows and 4080 columns (presolve time = 351s) ...
Presolve removed 9180 rows and 4080 columns (presolve time = 357s) ...
Presolve removed 9180 rows and 4080 columns (presolve time = 366s) ...
Presolve removed 9180 rows and 4080 columns (presolve time = 370s) ...
Presolve removed 9180 rows and 4080 columns (presolve time = 375s) ...
Presolve removed 9180 rows and 4080 columns (presolve time = 380s) ...
Presolve removed 9180 rows and 4080 columns (presolve time = 387s) ...
Presolve removed 9180 rows and 4080 columns (presolve time = 392s) ...
Presolve removed 9180 rows and 4080 columns (presolve time = 396s) ...
Presolve removed 9180 rows and 4080 columns (presolve time = 402s) ...
Presolve removed 9180 rows and 4080 columns (presolve time = 417s) ...
Presolve removed 9180 rows and 4080 columns (presolve time = 424s) ...
Presolve removed 9180 rows and 4080 columns (presolve time = 425s) ...
Presolve removed 9180 rows and 4080 columns (presolve time = 430s) ...
Presolve removed 9180 rows and 4080 columns (presolve time = 435s) ...
Presolve removed 9180 rows and 4080 columns (presolve time = 440s) ...
Presolve removed 9180 rows and 4080 columns (presolve time = 445s) ...
Presolve removed 9180 rows and 4080 columns (presolve time = 450s) ...
Presolve removed 9180 rows and 4080 columns (presolve time = 461s) ...
Presolve removed 9180 rows and 4080 columns (presolve time = 466s) ...
Presolve removed 9180 rows and 4080 columns (presolve time = 470s) ...
Presolve removed 9180 rows and 4080 columns (presolve time = 476s) ...
Presolve removed 9180 rows and 4080 columns (presolve time = 480s) ...
Presolve removed 9180 rows and 4080 columns (presolve time = 485s) ...
Presolve removed 9180 rows and 4080 columns (presolve time = 490s) ...
Presolve removed 9180 rows and 4080 columns (presolve time = 495s) ...
Presolve removed 9180 rows and 4080 columns (presolve time = 500s) ...
Presolve removed 9180 rows and 4080 columns (presolve time = 505s) ...
Presolve removed 9180 rows and 4080 columns (presolve time = 510s) ...
Presolve removed 9180 rows and 4080 columns (presolve time = 515s) ...
Presolve removed 9180 rows and 4080 columns (presolve time = 527s) ...
Presolve removed 9180 rows and 4080 columns (presolve time = 538s) ...
Presolve removed 9129 rows and 4029 columns
Presolve time: 538.45s
Presolved: 28118747 rows, 1038921 columns, 286727040 nonzeros
Variable types: 106369 continuous, 932552 integer (932552 binary)
Found heuristic solution: objective 0.0273004
Found heuristic solution: objective 0.0273004
Root relaxation presolved: 1038921 rows, 29157668 columns, 287765961 nonzeros


Root simplex log...

Iteration    Objective       Primal Inf.    Dual Inf.      Time
       0    1.0303030e+02   0.000000e+00   2.080004e+02    792s
  194314    1.0303030e+02   0.000000e+00   2.080004e+02    795s
  422220    1.0303030e+02   0.000000e+00   2.080004e+02    800s
  650126    1.0303030e+02   0.000000e+00   2.080004e+02    806s
  799327    1.0303030e+02   0.000000e+00   1.037360e+09    825s
  800927    1.0101010e+00   0.000000e+00   7.551417e+07    839s
  801658    9.6176305e-01   0.000000e+00   1.560056e+08    847s
  802574    9.4749494e-01   0.000000e+00   8.910520e+07    856s
  804411    9.2213507e-01   0.000000e+00   2.549311e+08    876s
  806451    9.0780014e-01   0.000000e+00   9.999536e+07    900s
  808289    8.8749720e-01   0.000000e+00   2.107762e+08    921s
  810329    8.6982147e-01   0.000000e+00   1.026790e+08    946s
  812369    8.5191444e-01   0.000000e+00   6.949165e+07    970s
  813380    8.3762472e-01   0.000000e+00   1.892427e+08    983s
  814298    8.3205766e-01   0.000000e+00   6.242032e+07    995s
  815789    8.1579968e-01   0.000000e+00   2.560538e+07   1014s
  817625    7.8656589e-01   0.000000e+00   1.033066e+08   1038s
  819279    7.5353740e-01   0.000000e+00   2.644630e+08   1059s
  820924    7.3284973e-01   0.000000e+00   3.752639e+07   1080s
  822576    6.3155108e-01   0.000000e+00   9.040515e+07   1101s
  824007    4.2037005e-01   0.000000e+00   3.806968e+07   1121s
  825659   -1.0299341e-01   0.000000e+00   3.622435e+07   1142s
  827311   -1.5453313e-01   0.000000e+00   4.103852e+07   1164s
  828963   -1.6525034e-01   0.000000e+00   6.866281e+07   1186s

Root relaxation: time limit, 830028 iterations, 555.55 seconds (2830.27 work units)

    Nodes    |    Current Node    |     Objective Bounds      |     Work
 Expl Unexpl |  Obj  Depth IntInf | Incumbent    BestBd   Gap | It/Node Time

     0     0          -    0         0.02730 3503.03030      -     - 1200s

Explored 1 nodes (830028 simplex iterations) in 1201.24 seconds (4032.45 work units)
Thread count was 1 (of 64 available processors)

Solution count 2: 0.0273004 0.0273004 

Time limit reached
Best objective 2.730039770103e-02, best bound 3.503030303030e+03, gap 12831325.9059%
Tree policy:
return 'station2_cmd_74'
Optimal decision tree (depth=8) value: 0.027300397701033572
Writing result files...
