Solving...
Starting with fixed depth 5
Set parameter Username
Academic license - for non-commercial use only - expires 2025-09-20
Set parameter Threads to value 1
Set parameter TimeLimit to value 1200
Gurobi Optimizer version 10.0.0 build v10.0.0rc2 (linux64)

CPU model: AMD EPYC 9124 16-Core Processor, instruction set [SSE2|AVX|AVX2|AVX512]
Thread count: 32 physical cores, 64 logical processors, using up to 1 threads

Optimize a model with 12735 rows, 3280 columns and 90220 nonzeros
Model fingerprint: 0x5b4e0dec
Variable types: 320 continuous, 2960 integer (2960 binary)
Coefficient statistics:
  Matrix range     [1e-02, 1e+02]
  Objective range  [2e-01, 3e-01]
  Bounds range     [1e+00, 1e+02]
  RHS range        [1e+00, 5e+00]
Presolve removed 248 rows and 155 columns
Presolve time: 0.10s
Presolved: 12487 rows, 3125 columns, 88521 nonzeros
Variable types: 320 continuous, 2805 integer (2805 binary)

Root relaxation: objective 4.146404e-01, 916 iterations, 0.04 seconds (0.09 work units)

    Nodes    |    Current Node    |     Objective Bounds      |     Work
 Expl Unexpl |  Obj  Depth IntInf | Incumbent    BestBd   Gap | It/Node Time

     0     0    0.41464    0  169          -    0.41464      -     -    0s
     0     0    0.41464    0  286          -    0.41464      -     -    0s
     0     0    0.41464    0  121          -    0.41464      -     -    0s
     0     0    0.41464    0  123          -    0.41464      -     -    0s
     0     0    0.41464    0  123          -    0.41464      -     -    0s
     0     0    0.41464    0  121          -    0.41464      -     -    0s
     0     0    0.41464    0   98          -    0.41464      -     -    1s
     0     0    0.41464    0   95          -    0.41464      -     -    1s
     0     0    0.41464    0   92          -    0.41464      -     -    1s
     0     0    0.41464    0   96          -    0.41464      -     -    1s
     0     0    0.41464    0   96          -    0.41464      -     -    1s
     0     2    0.41464    0   96          -    0.41464      -     -    2s
*   40    37              31       0.3043324    0.41464  36.2%  91.7    3s
H   41    35                       0.3407737    0.41464  21.7%  89.5    3s
*   43    34              33       0.3413091    0.41464  21.5%  87.6    3s
   240   170    0.41464   14  164    0.34131    0.41464  21.5%  62.1    5s
H  250   178                       0.3413092    0.41464  21.5%  61.8    5s
*  340   244              63       0.3429678    0.41464  20.9%  57.3    5s
H  342   228                       0.3551505    0.41464  16.8%  57.0    5s
*  348   163              18       0.3870226    0.41464  7.14%  57.9    5s
   521   265    0.41464   16  143    0.38702    0.41464  7.14%  54.6   10s
   543   281    0.41464   19  427    0.38702    0.41464  7.14%   102   15s
H  557   275                       0.3870231    0.41464  7.14%   102   15s
H  642   298                       0.3891312    0.41464  6.56%  93.7   16s
H  653   288                       0.3917562    0.41464  5.84%  92.3   17s
H  666   270                       0.3921406    0.41464  5.74%  90.8   17s
H  688   260                       0.3929711    0.41464  5.51%  88.6   17s
H  740   277                       0.3929713    0.41464  5.51%  84.0   18s
   840   313    0.41464   26  272    0.39297    0.41464  5.51%  78.0   20s
H  872   318                       0.3929716    0.41464  5.51%  77.3   20s
H 1234   479                       0.3931093    0.41464  5.48%  67.9   24s
  1291   521    0.39338   61  395    0.39311    0.41464  5.48%  66.0   25s
H 1372   565                       0.3931095    0.41464  5.48%  63.6   25s
H 1399   582                       0.3931095    0.41464  5.48%  63.5   26s
H 1474   621                       0.3931212    0.41464  5.47%  62.0   28s
H 1526   647                       0.3931288    0.41464  5.47%  61.0   29s
  1552   663    0.39517   88   71    0.39313    0.41464  5.47%  60.3   30s
H 1589   676                       0.3931289    0.41464  5.47%  59.7   30s
H 1606   665                       0.3936534    0.41464  5.33%  59.4   31s
H 1671   620                       0.3953677    0.41464  4.87%  58.5   32s
H 1746   651                       0.3954161    0.41464  4.86%  57.6   33s
H 1752   645                       0.3954174    0.41464  4.86%  57.4   34s
H 1779   649                       0.3955746    0.41464  4.82%  57.1   34s
  1820   671    0.40111   70  101    0.39557    0.41464  4.82%  56.3   35s
H 1971   611                       0.3975526    0.41464  4.30%  54.4   36s
H 1980   606                       0.3984483    0.41464  4.06%  54.2   36s
  2716   988     cutoff   62         0.39845    0.41464  4.06%  47.5   40s
H 3175  1195                       0.3986158    0.41464  4.02%  47.5   43s
H 3200  1040                       0.4021347    0.41464  3.11%  47.6   44s
  3244  1055    0.41030   35  274    0.40213    0.41464  3.11%  47.2   45s
H 3795   896                       0.4092562    0.41464  1.32%  46.7   47s
H 3870   914                       0.4092563    0.41464  1.32%  46.7   48s
  4065  1033    0.41464   53  150    0.40926    0.41464  1.32%  46.8   50s
H 4315  1146                       0.4093034    0.41464  1.30%  47.2   52s
  4599  1239    0.41464   60  217    0.40930    0.41464  1.30%  47.3   55s
  5104  1463    0.41464   33  111    0.40930    0.41464  1.30%  46.3   60s
  5124  1477    0.41216   31   77    0.40930    0.41464  1.30%  46.1   65s
  5303  1531    0.41464   34  311    0.40930    0.41464  1.30%  51.7   70s
H 5360  1469                       0.4093038    0.41464  1.30%  52.2   71s
  5638  1489    0.41464   55   68    0.40930    0.41464  1.30%  52.4   75s
H 6024  1274                       0.4098705    0.41464  1.16%  51.4   78s
  6133  1243    0.41323   46  275    0.40987    0.41464  1.16%  51.3   80s
  6387  1171    0.41464   63  230    0.40987    0.41464  1.16%  50.9   85s
H 6536  1106                       0.4098705    0.41464  1.16%  51.3   89s
  6565  1107    0.41022   67  170    0.40987    0.41464  1.16%  51.2   90s
H 6976   907                       0.4110253    0.41464  0.88%  51.0   95s
H 7240   884                       0.4110255    0.41464  0.88%  51.6   98s
  7409   931    0.41129   50  314    0.41103    0.41464  0.88%  51.6  100s
H 7417   868                       0.4110255    0.41464  0.88%  51.6  100s
H 7659   812                       0.4110257    0.41464  0.88%  51.6  102s
H 7760   764                       0.4110258    0.41464  0.88%  51.6  103s
  7865   755    0.41447   49  279    0.41103    0.41464  0.88%  52.3  105s
* 7948   722              71       0.4113401    0.41464  0.80%  52.3  106s
  8234   774    0.41443   70  145    0.41134    0.41464  0.80%  53.2  110s
  8605   836    0.41445   59  329    0.41134    0.41464  0.80%  53.8  115s
  8960   900    0.41464   56  205    0.41134    0.41464  0.80%  54.9  120s
H 9125   901                       0.4113401    0.41464  0.80%  55.1  121s
* 9132   904              67       0.4113914    0.41464  0.79%  55.1  121s
* 9135   897              67       0.4114523    0.41464  0.77%  55.0  121s
H 9183   910                       0.4114524    0.41464  0.77%  55.0  122s
H 9202   721                       0.4140960    0.41464  0.13%  55.0  123s
  9397   736     cutoff   45         0.41410    0.41464  0.13%  55.5  125s
  9730   793    0.41464   46  175    0.41410    0.41464  0.13%  56.4  130s
H 9909   826                       0.4140960    0.41464  0.13%  56.4  131s
* 9992   825              62       0.4142542    0.41464  0.09%  56.8  132s
H10046   804                       0.4143111    0.41464  0.08%  56.6  133s
 10184   840    0.41464   55   68    0.41431    0.41464  0.08%  56.8  135s
H10216   800                       0.4143111    0.41464  0.08%  56.8  139s
 10222   804    0.41464   48  120    0.41431    0.41464  0.08%  56.8  140s
H10277   788                       0.4143112    0.41464  0.08%  58.7  141s
 10568   745    0.41464   60  185    0.41431    0.41464  0.08%  58.7  145s
H10810   704                       0.4143127    0.41464  0.08%  58.7  147s
H10836   654                       0.4143127    0.41464  0.08%  58.7  148s
H10908   606                       0.4143892    0.41464  0.06%  58.9  149s
 10976   574    0.41464   50  117    0.41439    0.41464  0.06%  59.0  150s
H11030   531                       0.4143892    0.41464  0.06%  59.0  150s
H11352   475                       0.4143892    0.41464  0.06%  58.9  154s
 11368   478    0.41459   67  206    0.41439    0.41464  0.06%  58.9  155s
H11482   425                       0.4143894    0.41464  0.06%  59.2  157s
 11650   429    0.41452   87   81    0.41439    0.41464  0.06%  59.1  160s
 11879   449    0.41452   57  188    0.41439    0.41464  0.06%  59.1  165s
 12358   559    0.41452   63  169    0.41439    0.41464  0.06%  58.0  170s
 12825   703    0.41464   60  176    0.41439    0.41464  0.06%  57.5  175s
 13451   874    0.41464   50  236    0.41439    0.41464  0.06%  57.4  180s
 14122  1102    0.41464   66   86    0.41439    0.41464  0.06%  56.8  185s
*14279  1091              87       0.4144312    0.41464  0.05%  56.4  185s
*14285  1090              89       0.4144499    0.41464  0.05%  56.4  185s
H14427  1107                       0.4144500    0.41464  0.05%  56.1  186s
H14428  1108                       0.4144503    0.41464  0.05%  56.1  187s
 15022  1373     cutoff   85         0.41445    0.41464  0.05%  55.0  190s
H15428  1536                       0.4144504    0.41464  0.05%  54.2  193s
 15830  1667 infeasible   60         0.41445    0.41464  0.05%  53.7  195s
 17332  1874    0.41455   74   62    0.41445    0.41464  0.05%  50.9  200s
 18731  2244    0.41452   54  218    0.41445    0.41464  0.05%  48.9  205s
H19291  2003                       0.4145027    0.41464  0.03%  49.0  209s
 19392  1998     cutoff   70         0.41450    0.41464  0.03%  48.8  210s
H19972  1986                       0.4145058    0.41464  0.03%  48.3  213s
 20266  1998    0.41464   74  108    0.41451    0.41464  0.03%  48.0  215s
 20404  2045    0.41464   66  113    0.41451    0.41464  0.03%  47.9  221s
 20828  2108    0.41464   63  234    0.41451    0.41464  0.03%  47.8  225s
 21266  2098    0.41464   59  310    0.41451    0.41464  0.03%  47.7  230s
 21796  2141    0.41452   65  135    0.41451    0.41464  0.03%  47.9  235s
H21956  2139                       0.4145059    0.41464  0.03%  47.8  236s
 22348  2148    0.41460   82   63    0.41451    0.41464  0.03%  47.9  240s
H22417  2151                       0.4145059    0.41464  0.03%  47.9  241s
 22997  2277    0.41464   60  151    0.41451    0.41464  0.03%  47.9  245s
H23046  2274                       0.4145059    0.41464  0.03%  47.8  245s
H23448  2330                       0.4145060    0.41464  0.03%  47.4  247s
 23735  2374     cutoff   67         0.41451    0.41464  0.03%  47.5  250s
H23900  2383                       0.4145060    0.41464  0.03%  47.6  251s
 24374  2383    0.41452   58  382    0.41451    0.41464  0.03%  47.5  255s
*24580  1824              69       0.4145180    0.41464  0.03%  47.4  256s
 25034  1855    0.41464   65  276    0.41452    0.41464  0.03%  47.4  260s
 25642  1890    0.41464   60  187    0.41452    0.41464  0.03%  47.1  265s
 26944  2052    0.41464   60  178    0.41452    0.41464  0.03%  45.7  270s
 28002  2302     cutoff   50         0.41452    0.41464  0.03%  45.1  275s
 28769  2453 infeasible   63         0.41452    0.41464  0.03%  45.0  280s
H28871  2441                       0.4145180    0.41464  0.03%  45.1  281s
 29391  2564    0.41464   56  205    0.41452    0.41464  0.03%  45.2  285s
H29422  2571                       0.4145180    0.41464  0.03%  45.2  286s
 30168  2692    0.41464   63  191    0.41452    0.41464  0.03%  45.0  290s
 31034  2742    0.41464   71  197    0.41452    0.41464  0.03%  44.5  295s
H31870  2732                       0.4145180    0.41464  0.03%  43.9  297s
H31876  2723                       0.4145180    0.41464  0.03%  43.9  298s
 32207  2816     cutoff   75         0.41452    0.41464  0.03%  43.9  300s
 32879  2885    0.41464   79  135    0.41452    0.41464  0.03%  43.5  305s
 33530  2853 infeasible   86         0.41452    0.41464  0.03%  43.1  310s
 34550  2942    0.41464   77   77    0.41452    0.41464  0.03%  42.7  315s
 36080  2964    0.41464   76  120    0.41452    0.41464  0.03%  41.7  320s
 37480  2946    0.41464   68  289    0.41452    0.41464  0.03%  41.0  325s
 38297  3011    0.41455   74  185    0.41452    0.41464  0.03%  41.1  330s
H38514  3059                       0.4145182    0.41464  0.03%  41.1  332s
H39187  3135                       0.4145183    0.41464  0.03%  40.9  335s
 39677  3191    0.41464   70  112    0.41452    0.41464  0.03%  40.8  340s
 40826  3270    0.41464   89   88    0.41452    0.41464  0.03%  40.4  345s
 42988  3401    0.41460   92   53    0.41452    0.41464  0.03%  39.1  350s
 44844  3507     cutoff   95         0.41452    0.41464  0.03%  38.1  355s
 46516  3666    0.41464   75  107    0.41452    0.41464  0.03%  37.5  360s
 47532  3790    0.41462   86  181    0.41452    0.41464  0.03%  37.2  365s
 48980  3865    0.41464   79  225    0.41452    0.41464  0.03%  36.8  370s
H49081  3867                       0.4145183    0.41464  0.03%  36.8  370s
 50100  3989    0.41464   79  279    0.41452    0.41464  0.03%  36.5  375s
 50792  3972    0.41464   51  176    0.41452    0.41464  0.03%  36.5  380s
H51248  3983                       0.4145183    0.41464  0.03%  36.5  382s
 51688  4047     cutoff   66         0.41452    0.41464  0.03%  36.4  385s
 52691  4158    0.41464   61  145    0.41452    0.41464  0.03%  36.2  390s
 53680  4218 infeasible   60         0.41452    0.41464  0.03%  36.2  395s
 54010  4259     cutoff   56         0.41452    0.41464  0.03%  36.5  400s
 54548  4285 infeasible   59         0.41452    0.41464  0.03%  36.7  405s
H55147  4340                       0.4145183    0.41464  0.03%  36.8  410s
 55795  4366    0.41464   50  101    0.41452    0.41464  0.03%  36.7  415s
 56293  4412    0.41464   67  174    0.41452    0.41464  0.03%  37.0  420s
 57433  4542     cutoff   73         0.41452    0.41464  0.03%  36.8  425s
H57991  4580                       0.4145183    0.41464  0.03%  36.9  429s
 58020  4580    0.41464   67  263    0.41452    0.41464  0.03%  36.9  430s
 58921  4658     cutoff   58         0.41452    0.41464  0.03%  36.9  435s
 59484  4681    0.41464   59  175    0.41452    0.41464  0.03%  37.1  440s
 59963  4720    0.41464   63  126    0.41452    0.41464  0.03%  37.3  445s
 61039  4919    0.41457   83   62    0.41452    0.41464  0.03%  37.2  450s
 62957  5026    0.41464   68   94    0.41452    0.41464  0.03%  36.7  455s
 64196  5076    0.41464   60  251    0.41452    0.41464  0.03%  36.5  460s
 65491  5116    0.41464   75  130    0.41452    0.41464  0.03%  36.2  465s
 66508  5130    0.41458   80  104    0.41452    0.41464  0.03%  36.1  470s
 67879  5121    0.41464   63  197    0.41452    0.41464  0.03%  35.9  475s
 69097  5216    0.41464   76   69    0.41452    0.41464  0.03%  35.8  480s
 70228  5258    0.41464   76  199    0.41452    0.41464  0.03%  35.6  485s
H70361  5241                       0.4145184    0.41464  0.03%  35.6  486s
H70362  5242                       0.4145184    0.41464  0.03%  35.6  487s
 70473  5243    0.41464   70  230    0.41452    0.41464  0.03%  35.6  490s
 71384  5254    0.41455   70  137    0.41452    0.41464  0.03%  35.5  495s
 72614  5361    0.41464   57  290    0.41452    0.41464  0.03%  35.2  500s
 73898  5466    0.41464   70  203    0.41452    0.41464  0.03%  35.0  505s
 75139  5493    0.41464   82  127    0.41452    0.41464  0.03%  34.7  510s
 76744  5752    0.41464   70  227    0.41452    0.41464  0.03%  34.5  515s
 78192  5977    0.41464   70  166    0.41452    0.41464  0.03%  34.2  520s
 79451  6055    0.41464   52  299    0.41452    0.41464  0.03%  34.1  525s
 80505  6208    0.41464   62  327    0.41452    0.41464  0.03%  34.0  530s
 81183  6262 infeasible   70         0.41452    0.41464  0.03%  34.1  535s
 82648  6476    0.41464   82   72    0.41452    0.41464  0.03%  33.8  540s
 84467  6582    0.41464   84   84    0.41452    0.41464  0.03%  33.5  545s
 86278  6684    0.41464   84   75    0.41452    0.41464  0.03%  33.3  550s
 87927  6844 infeasible   72         0.41452    0.41464  0.03%  33.0  555s
H88569  6915                       0.4145187    0.41464  0.03%  33.0  557s
 88924  6948    0.41455   77   33    0.41452    0.41464  0.03%  32.9  560s
 90607  7111     cutoff   78         0.41452    0.41464  0.03%  32.7  565s
 91935  7221    0.41464   77  187    0.41452    0.41464  0.03%  32.6  570s
 93426  7277     cutoff   76         0.41452    0.41464  0.03%  32.4  575s
 94222  7313    0.41464   69  143    0.41452    0.41464  0.03%  32.3  580s
 95039  7361    0.41464   69  205    0.41452    0.41464  0.03%  32.3  585s
 96374  7532    0.41455   73   93    0.41452    0.41464  0.03%  32.2  590s
 97588  7618    0.41464   76  197    0.41452    0.41464  0.03%  32.1  595s
 98723  7709     cutoff   90         0.41452    0.41464  0.03%  32.0  600s
 100350  7847     cutoff   76         0.41452    0.41464  0.03%  31.9  605s
 101303  7799    0.41464   69  264    0.41452    0.41464  0.03%  31.9  610s
 102370  7867     cutoff   70         0.41452    0.41464  0.03%  31.8  615s
 103925  8039    0.41464   74  195    0.41452    0.41464  0.03%  31.7  620s
 104849  8115    0.41464   68  308    0.41452    0.41464  0.03%  31.6  625s
 106378  8157    0.41464   69   81    0.41452    0.41464  0.03%  31.5  630s
 107191  8200    0.41464   82  138    0.41452    0.41464  0.03%  31.5  635s
 107744  8222     cutoff   75         0.41452    0.41464  0.03%  31.6  640s
 108250  8249    0.41464   64  182    0.41452    0.41464  0.03%  31.7  645s
 109078  8306 infeasible   52         0.41452    0.41464  0.03%  31.7  650s
 109556  8293    0.41464   60  155    0.41452    0.41464  0.03%  31.9  655s
 110295  8342    0.41464   74  276    0.41452    0.41464  0.03%  31.9  660s
 111055  8411     cutoff   75         0.41452    0.41464  0.03%  31.9  665s
 111808  8556    0.41464   63  184    0.41452    0.41464  0.03%  32.0  670s
 112664  8697    0.41464   74   92    0.41452    0.41464  0.03%  32.1  675s
 113279  8776    0.41464   50  122    0.41452    0.41464  0.03%  32.1  680s
 114228  8940    0.41464   66  117    0.41452    0.41464  0.03%  32.1  685s
 115172  8986     cutoff   63         0.41452    0.41464  0.03%  32.1  690s
 116356  9075    0.41464   70  123    0.41452    0.41464  0.03%  32.1  695s
 117291  9095    0.41464   69  323    0.41452    0.41464  0.03%  32.1  700s
 118186  9245    0.41464   64  191    0.41452    0.41464  0.03%  32.0  705s
 119756  9382 infeasible   79         0.41452    0.41464  0.03%  31.8  710s
 121161  9552    0.41464   70   90    0.41452    0.41464  0.03%  31.7  715s
 122529  9764    0.41464   76  212    0.41452    0.41464  0.03%  31.6  720s
 123631  9936    0.41464   74  110    0.41452    0.41464  0.03%  31.5  725s
 125230 10144    0.41464   81  110    0.41452    0.41464  0.03%  31.3  730s
 127001 10304    0.41464   87   63    0.41452    0.41464  0.03%  31.1  735s
 128418 10333    0.41464   74  105    0.41452    0.41464  0.03%  30.9  740s
 130186 10540     cutoff   92         0.41452    0.41464  0.03%  30.7  745s
 131761 10764    0.41464   85  131    0.41452    0.41464  0.03%  30.6  750s
 133280 10828     cutoff   95         0.41452    0.41464  0.03%  30.4  755s
 134851 11004     cutoff   72         0.41452    0.41464  0.03%  30.3  760s
 136016 11113    0.41464   74   58    0.41452    0.41464  0.03%  30.2  765s
 137189 11203 infeasible   81         0.41452    0.41464  0.03%  30.1  770s
 138476 11309     cutoff   83         0.41452    0.41464  0.03%  30.0  775s
H139200 11341                       0.4145187    0.41464  0.03%  29.9  776s
 140261 11366    0.41464   78  274    0.41452    0.41464  0.03%  29.8  780s
 141732 11564    0.41464   73  166    0.41452    0.41464  0.03%  29.7  785s
 142948 11649    0.41464   74  128    0.41452    0.41464  0.03%  29.7  790s
 144274 11795    0.41464   72  234    0.41452    0.41464  0.03%  29.6  795s
 145616 11873    0.41464   78   95    0.41452    0.41464  0.03%  29.5  800s
 147350 11941    0.41464   83  103    0.41452    0.41464  0.03%  29.4  805s
 148265 12084     cutoff   81         0.41452    0.41464  0.03%  29.3  810s
 149136 12152    0.41464   64  340    0.41452    0.41464  0.03%  29.4  815s
 149936 12211    0.41464   71  158    0.41452    0.41464  0.03%  29.3  820s
 150868 12378    0.41464   75  121    0.41452    0.41464  0.03%  29.4  825s
H151560 12411                       0.4145189    0.41464  0.03%  29.4  828s
 151868 12439    0.41464   84   75    0.41452    0.41464  0.03%  29.4  830s
 152906 12467    0.41464   80   86    0.41452    0.41464  0.03%  29.4  835s
 153745 12584    0.41464   75  149    0.41452    0.41464  0.03%  29.4  840s
 155158 12617    0.41464   78  201    0.41452    0.41464  0.03%  29.3  845s
 156054 12711    0.41462   84  156    0.41452    0.41464  0.03%  29.3  850s
 156972 12702    0.41464   67  307    0.41452    0.41464  0.03%  29.3  855s
 157918 12727    0.41464   78  211    0.41452    0.41464  0.03%  29.3  860s
 158773 12795    0.41464   71  209    0.41452    0.41464  0.03%  29.3  865s
 160075 12956    0.41464   70   97    0.41452    0.41464  0.03%  29.2  870s
 160875 13054    0.41464   77  329    0.41452    0.41464  0.03%  29.3  875s
 161965 13123    0.41464   72  172    0.41452    0.41464  0.03%  29.2  880s
 163174 13214     cutoff   88         0.41452    0.41464  0.03%  29.2  885s
 163919 13234    0.41464   86  169    0.41452    0.41464  0.03%  29.2  890s
 164904 13309    0.41464   70  111    0.41452    0.41464  0.03%  29.2  895s
 165779 13322    0.41464   78  183    0.41452    0.41464  0.03%  29.2  900s
 166490 13291     cutoff   75         0.41452    0.41464  0.03%  29.3  905s
 167333 13419    0.41464   71  141    0.41452    0.41464  0.03%  29.3  910s
 168476 13545    0.41463   78  110    0.41452    0.41464  0.03%  29.2  915s
 169432 13642 infeasible   60         0.41452    0.41464  0.03%  29.2  920s
 170616 13697 infeasible   69         0.41452    0.41464  0.03%  29.2  925s
 172041 13766    0.41464   54  182    0.41452    0.41464  0.03%  29.1  930s
 173148 13845    0.41463   69  173    0.41452    0.41464  0.03%  29.1  935s
 174081 13891     cutoff   78         0.41452    0.41464  0.03%  29.1  940s
 175157 13977 infeasible   72         0.41452    0.41464  0.03%  29.1  945s
 176707 14169    0.41464   64  224    0.41452    0.41464  0.03%  29.1  950s
 177515 14173 infeasible   60         0.41452    0.41464  0.03%  29.1  955s
 178282 14291    0.41464   70  186    0.41452    0.41464  0.03%  29.1  960s
 179270 14387    0.41455   79  190    0.41452    0.41464  0.03%  29.1  965s
 180244 14450     cutoff   77         0.41452    0.41464  0.03%  29.1  970s
 181304 14570    0.41464   93  142    0.41452    0.41464  0.03%  29.1  975s
 182646 14689    0.41464   70  178    0.41452    0.41464  0.03%  29.0  980s
 183415 14752    0.41464   70   85    0.41452    0.41464  0.03%  29.0  985s
 184491 14844    0.41464   66  309    0.41452    0.41464  0.03%  29.0  990s
 185337 14968     cutoff   85         0.41452    0.41464  0.03%  29.0  995s
 186802 15036     cutoff   73         0.41452    0.41464  0.03%  28.9 1000s
 187952 15135     cutoff   79         0.41452    0.41464  0.03%  28.9 1005s
 188754 15196    0.41464   79  260    0.41452    0.41464  0.03%  28.9 1010s
 190345 15418    0.41464   82  169    0.41452    0.41464  0.03%  28.8 1015s
 191403 15475    0.41464   66  222    0.41452    0.41464  0.03%  28.8 1020s
 192182 15533     cutoff   70         0.41452    0.41464  0.03%  28.8 1025s
 193164 15694     cutoff   81         0.41452    0.41464  0.03%  28.7 1030s
 194369 15840     cutoff   85         0.41452    0.41464  0.03%  28.7 1035s
 196180 15887     cutoff   80         0.41452    0.41464  0.03%  28.6 1040s
 197285 15905 infeasible   88         0.41452    0.41464  0.03%  28.6 1045s
 198487 16010     cutoff   82         0.41452    0.41464  0.03%  28.5 1050s
 199723 16132    0.41464   72  139    0.41452    0.41464  0.03%  28.5 1055s
 200532 16129    0.41464   70   39    0.41452    0.41464  0.03%  28.5 1060s
H200682 16153                       0.4145189    0.41464  0.03%  28.6 1062s
 201017 16167    0.41464   78   97    0.41452    0.41464  0.03%  28.6 1065s
 202350 16277    0.41455   75  231    0.41452    0.41464  0.03%  28.5 1070s
 203179 16304    0.41464   74  199    0.41452    0.41464  0.03%  28.5 1075s
 204443 16448    0.41464   86   65    0.41452    0.41464  0.03%  28.5 1080s
 205466 16615    0.41464   60  221    0.41452    0.41464  0.03%  28.5 1085s
 206076 16657    0.41462   71  194    0.41452    0.41464  0.03%  28.5 1090s
 207236 16898    0.41464   69  109    0.41452    0.41464  0.03%  28.5 1095s
 208195 17049    0.41464   47  417    0.41452    0.41464  0.03%  28.5 1100s
 208921 17121    0.41464   55  326    0.41452    0.41464  0.03%  28.6 1105s
 209614 17232 infeasible   66         0.41452    0.41464  0.03%  28.6 1110s
 210491 17323    0.41464   59  203    0.41452    0.41464  0.03%  28.7 1115s
 211505 17527    0.41464   78  243    0.41452    0.41464  0.03%  28.7 1120s
 213042 17592    0.41458   78   41    0.41452    0.41464  0.03%  28.6 1125s
 214160 17723    0.41464   70  160    0.41452    0.41464  0.03%  28.6 1130s
 215550 17979    0.41464   79  160    0.41452    0.41464  0.03%  28.5 1135s
 216603 18085     cutoff  101         0.41452    0.41464  0.03%  28.5 1140s
 218073 18142    0.41464   80   80    0.41452    0.41464  0.03%  28.4 1145s
 218979 18128    0.41462   76  152    0.41452    0.41464  0.03%  28.4 1150s
 220408 18226    0.41464   76  118    0.41452    0.41464  0.03%  28.3 1155s
 221784 18360    0.41462   80  104    0.41452    0.41464  0.03%  28.3 1160s
 223101 18408     cutoff   80         0.41452    0.41464  0.03%  28.2 1165s
H223321 18420                       0.4145189    0.41464  0.03%  28.3 1166s
 224031 18439 infeasible   86         0.41452    0.41464  0.03%  28.2 1170s
 225027 18570     cutoff   60         0.41452    0.41464  0.03%  28.2 1175s
 226326 18728    0.41462   74  160    0.41452    0.41464  0.03%  28.2 1180s
 227630 18845    0.41464   71  155    0.41452    0.41464  0.03%  28.2 1185s
 229310 19108    0.41464   60  114    0.41452    0.41464  0.03%  28.1 1190s
 230582 19263     cutoff   79         0.41452    0.41464  0.03%  28.1 1195s

Cutting planes:
  Gomory: 3
  Lift-and-project: 9
  Cover: 1
  Implied bound: 6
  MIR: 11
  StrongCG: 1
  Flow cover: 130
  Inf proof: 3
  Zero half: 29

Explored 232038 nodes (6515369 simplex iterations) in 1200.00 seconds (1671.37 work units)
Thread count was 1 (of 64 available processors)

Solution count 10: 0.414519 0.414519 0.414519 ... 0.414518

Time limit reached
Best objective 4.145189149446e-01, best bound 4.146403591162e-01, gap 0.0293%
Tree policy:
if X <= 4.0:
    if Y <= 3.0:
        if Y <= 1.0:
            if Y <= 0.0:
                if X <= 0.0:
                    return '(Up)'
                else:
                    return '(Right)'
            else:
                return '(Up)'
        else:
            if X <= 3.0:
                if Y <= 2.0:
                    return '(Left)'
                else:
                    return '(Up)'
            else:
                if Y <= 2.0:
                    return '(Right)'
                else:
                    return '(Left)'
    else:
        if X <= 2.0:
            if X <= 1.0:
                if X <= 0.0:
                    return '(Left)'
                else:
                    return '(Down)'
            else:
                if Y <= 6.0:
                    return '(Right)'
                else:
                    return '(Left)'
        else:
            if X <= 3.0:
                if Y <= 5.0:
                    return '(Right)'
                else:
                    return '(Left)'
            else:
                if Y <= 4.0:
                    return '(Right)'
                else:
                    return '(Up)'
else:
    if X <= 5.0:
        if Y <= 3.0:
            if Y <= 2.0:
                if Y <= 1.0:
                    return '(Right)'
                else:
                    return '(Up)'
            else:
                if Y <= 2.0:
                    return '(Left)'
                else:
                    return '(Down)'
        else:
            if Y <= 4.0:
                if X <= 4.0:
                    return '(Right)'
                else:
                    return '(Down)'
            else:
                if Y <= 5.0:
                    return '(Left)'
                else:
                    return '(Right)'
    else:
        if X <= 6.0:
            if Y <= 5.0:
                if Y <= 3.0:
                    return '(Right)'
                else:
                    return '(Up)'
            else:
                return '(Down)'
        else:
            if Y <= 2.0:
                if Y <= 0.0:
                    return '(Right)'
                else:
                    return '(Down)'
            else:
                return '(Right)'
Optimal decision tree (depth=5) value: 0.4145189149445847
Writing result files...
