Solving...
Starting with fixed depth 6
Set parameter Username
Academic license - for non-commercial use only - expires 2025-09-20
Set parameter Threads to value 1
Set parameter TimeLimit to value 1200
Gurobi Optimizer version 10.0.0 build v10.0.0rc2 (linux64)

CPU model: AMD EPYC 9124 16-Core Processor, instruction set [SSE2|AVX|AVX2|AVX512]
Thread count: 32 physical cores, 64 logical processors, using up to 1 threads

Optimize a model with 25087 rows, 6000 columns and 199436 nonzeros
Model fingerprint: 0xb6b817eb
Variable types: 320 continuous, 5680 integer (5680 binary)
Coefficient statistics:
  Matrix range     [1e-02, 1e+02]
  Objective range  [2e-01, 3e-01]
  Bounds range     [1e+00, 1e+02]
  RHS range        [1e+00, 6e+00]
Presolve removed 504 rows and 315 columns
Presolve time: 0.21s
Presolved: 24583 rows, 5685 columns, 195689 nonzeros
Variable types: 320 continuous, 5365 integer (5365 binary)
Found heuristic solution: objective 0.0010996

Root relaxation: objective 4.146404e-01, 986 iterations, 0.06 seconds (0.17 work units)

    Nodes    |    Current Node    |     Objective Bounds      |     Work
 Expl Unexpl |  Obj  Depth IntInf | Incumbent    BestBd   Gap | It/Node Time

     0     0    0.41464    0  170    0.00110    0.41464      -     -    0s
     0     0    0.41464    0  284    0.00110    0.41464      -     -    0s
H    0     0                       0.0016055    0.41464      -     -    0s
     0     0    0.41464    0  272    0.00161    0.41464      -     -    0s
     0     0    0.41464    0  156    0.00161    0.41464      -     -    1s
     0     0    0.41464    0  157    0.00161    0.41464      -     -    1s
     0     0    0.41464    0  152    0.00161    0.41464      -     -    1s
H    0     0                       0.0016542    0.41464      -     -    1s
     0     0    0.41464    0  152    0.00165    0.41464      -     -    1s
     0     0    0.41464    0  122    0.00165    0.41464      -     -    2s
     0     0    0.41464    0  122    0.00165    0.41464      -     -    2s
     0     0    0.41464    0  169    0.00165    0.41464      -     -    2s
H    0     0                       0.0522966    0.41464   693%     -    2s
     0     0    0.41464    0   84    0.05230    0.41464   693%     -    2s
H    0     0                       0.1841877    0.41464   125%     -    2s
     0     0    0.41464    0   75    0.18419    0.41464   125%     -    3s
H    0     0                       0.1841877    0.41464   125%     -    3s
     0     0    0.41464    0   74    0.18419    0.41464   125%     -    3s
     0     0    0.41464    0  105    0.18419    0.41464   125%     -    3s
     0     0    0.41464    0   81    0.18419    0.41464   125%     -    3s
H    0     0                       0.1841877    0.41464   125%     -    3s
     0     0    0.41464    0   81    0.18419    0.41464   125%     -    3s
     0     0    0.41464    0   78    0.18419    0.41464   125%     -    4s
     0     0    0.41464    0   78    0.18419    0.41464   125%     -    4s
H    0     0                       0.1841877    0.41464   125%     -    4s
     0     2    0.41464    0   78    0.18419    0.41464   125%     -    5s
H   52    48                       0.1841877    0.41464   125%  90.0    6s
*   64    53              44       0.3551505    0.41464  16.8%  81.7    6s
H   78    37                       0.3870226    0.41464  7.14%  80.5    7s
H  130    77                       0.3870227    0.41464  7.14%  74.2    7s
H  136    78                       0.3870229    0.41464  7.14%  77.1    8s
H  340   232                       0.3870229    0.41464  7.14%  71.0    9s
   347   239    0.41458   37   82    0.38702    0.41464  7.14%  69.9   10s
   516   327    0.40122   68  100    0.38702    0.41464  7.14%  59.5   15s
   524   333    0.41464    9  117    0.38702    0.41464  7.14%  58.6   20s
H  533   321                       0.3870229    0.41464  7.14%  57.6   24s
H  533   305                       0.3870234    0.41464  7.14%  57.6   25s
   656   388    0.41464   74  292    0.38702    0.41464  7.14%   106   30s
H  690   384                       0.3870234    0.41464  7.14%   102   30s
   861   457    0.41464   31  315    0.38702    0.41464  7.14%  89.9   35s
H  976   509                       0.3870235    0.41464  7.14%  86.0   38s
H 1074   549                       0.3870236    0.41464  7.14%  81.0   40s
  1263   649    0.41464   30  280    0.38702    0.41464  7.14%  72.5   45s
  1581   908    0.41464   48  262    0.38702    0.41464  7.14%  63.4   50s
H 1628   896                       0.3951373    0.41464  4.94%  62.7   51s
H 1654   918                       0.3969396    0.41464  4.46%  62.0   51s
H 1680   937                       0.3973545    0.41464  4.35%  61.9   52s
H 1697   941                       0.3975667    0.41464  4.29%  61.4   52s
H 1706   925                       0.3996475    0.41464  3.75%  61.3   53s
H 1732   951                       0.3996475    0.41464  3.75%  60.7   53s
H 1758   977                       0.3996475    0.41464  3.75%  59.9   54s
  1773   978    0.39970   98  305    0.39965    0.41464  3.75%  59.9   55s
* 1830  1011             148       0.3996942    0.41464  3.74%  58.5   56s
H 1837  1004                       0.3996943    0.41464  3.74%  58.2   57s
H 1892  1044                       0.3996944    0.41464  3.74%  57.4   60s
  2063  1181    0.41464   69  237    0.39969    0.41464  3.74%  58.2   65s
H 2141  1202                       0.4013225    0.41464  3.32%  57.2   65s
H 2171  1197                       0.4033925    0.41464  2.79%  56.7   66s
H 2206   909                       0.4081949    0.41464  1.58%  57.0   67s
H 2365  1030                       0.4084519    0.41464  1.52%  55.1   69s
  2383  1048    0.41147   80  304    0.40845    0.41464  1.52%  55.3   70s
H 2521  1062                       0.4100016    0.41464  1.13%  54.5   72s
H 2602  1102                       0.4100019    0.41464  1.13%  53.8   73s
H 2728  1055                       0.4129821    0.41464  0.40%  52.7   75s
H 2729   993                       0.4140400    0.41464  0.15%  53.2   76s
H 2835  1072                       0.4140400    0.41464  0.15%  52.8   77s
  2985  1183 infeasible   72         0.41404    0.41464  0.15%  53.2   80s
H 3007  1154                       0.4140960    0.41464  0.13%  53.0   80s
H 3008  1150                       0.4144312    0.41464  0.05%  53.1   80s
H 3219  1268                       0.4144312    0.41464  0.05%  53.2   84s
  3233  1268    0.41464   56  324    0.41443    0.41464  0.05%  53.2   85s
H 3278  1301                       0.4144312    0.41464  0.05%  52.8   85s
H 3335  1332                       0.4144313    0.41464  0.05%  52.4   87s
  3553  1462    0.41464   49  291    0.41443    0.41464  0.05%  52.1   90s
H 3637  1516                       0.4144314    0.41464  0.05%  52.0   91s
H 3756  1603                       0.4144483    0.41464  0.05%  51.5   93s
  3920  1680    0.41464   63  230    0.41445    0.41464  0.05%  51.2   95s
H 3995  1687                       0.4145058    0.41464  0.03%  51.6   97s
H 4138  1770                       0.4145059    0.41464  0.03%  51.8  100s
H 4319  1866                       0.4145059    0.41464  0.03%  52.6  104s
  4320  1869    0.41464   46  304    0.41451    0.41464  0.03%  52.6  105s
  4586  2025    0.41464   73  144    0.41451    0.41464  0.03%  53.1  110s
  4912  2214    0.41464   73  103    0.41451    0.41464  0.03%  53.0  115s
  5104  2330    0.41464   71  105    0.41451    0.41464  0.03%  52.2  121s
  5113  2336    0.41464   50  129    0.41451    0.41464  0.03%  52.1  125s
  5124  2344    0.41464   64  163    0.41451    0.41464  0.03%  52.0  130s
  5303  2425    0.41464   35  113    0.41451    0.41464  0.03%  57.7  135s
  5556  2493    0.41464   50  347    0.41451    0.41464  0.03%  58.1  140s
H 5730  2432                       0.4145149    0.41464  0.03%  57.2  142s
H 5755  2246                       0.4145756    0.41464  0.02%  57.1  142s
H 5782  2124                       0.4146187    0.41464  0.01%  56.9  143s

Cutting planes:
  Lift-and-project: 3
  Implied bound: 1
  MIR: 24
  StrongCG: 1
  Flow cover: 15
  Zero half: 5
  Relax-and-lift: 2

Explored 5783 nodes (339567 simplex iterations) in 143.11 seconds (277.01 work units)
Thread count was 1 (of 64 available processors)

Solution count 10: 0.414619 0.414576 0.414515 ... 0.414431

Optimal solution found (tolerance 1.00e-04)
Best objective 4.146187091672e-01, best bound 4.146403591162e-01, gap 0.0052%
Tree policy:
if X <= 2.0:
    if Y <= 5.0:
        if X <= 0.0:
            if X <= 3.0:
                if Y <= 3.0:
                    return '(Up)'
                else:
                    return '(Left)'
            else:
                return '(Left)'
        else:
            if Y <= 1.0:
                if Y <= 0.0:
                    return '(Right)'
                else:
                    if X <= 0.0:
                        return '(Down)'
                    else:
                        return '(Up)'
            else:
                if X <= 1.0:
                    if Y <= 4.0:
                        return '(Up)'
                    else:
                        return '(Down)'
                else:
                    if Y <= 1.0:
                        return '__random__'
                    else:
                        return '(Left)'
    else:
        if X <= 1.0:
            if X <= 0.0:
                return '(Left)'
            else:
                return '(Down)'
        else:
            if X <= 1.0:
                return '(Left)'
            else:
                if Y <= 6.0:
                    return '(Down)'
                else:
                    return '(Left)'
else:
    if Y <= 2.0:
        if X <= 6.0:
            if Y <= 1.0:
                if X <= 4.0:
                    if Y <= 0.0:
                        return '(Right)'
                    else:
                        return '(Up)'
                else:
                    return '(Right)'
            else:
                if X <= 4.0:
                    return '(Right)'
                else:
                    if X <= 5.0:
                        return '(Up)'
                    else:
                        return '(Right)'
        else:
            if X <= 6.0:
                return '(Left)'
            else:
                if Y <= 0.0:
                    return '(Right)'
                else:
                    return '(Down)'
    else:
        if Y <= 4.0:
            if X <= 5.0:
                if Y <= 3.0:
                    if X <= 3.0:
                        return '(Down)'
                    else:
                        return '(Left)'
                else:
                    if X <= 4.0:
                        return '(Right)'
                    else:
                        return '(Down)'
            else:
                if Y <= 3.0:
                    return '(Right)'
                else:
                    if X <= 6.0:
                        return '(Up)'
                    else:
                        return '(Right)'
        else:
            if X <= 4.0:
                if X <= 3.0:
                    if Y <= 5.0:
                        return '(Down)'
                    else:
                        return '(Left)'
                else:
                    return '(Up)'
            else:
                if X <= 5.0:
                    if Y <= 5.0:
                        return '(Left)'
                    else:
                        return '(Right)'
                else:
                    if Y <= 6.0:
                        return '(Right)'
                    else:
                        return '(Down)'
Optimal decision tree (depth=6) value: 0.41461870916717364
Writing result files...
