Solving...
Starting with fixed depth 4
Set parameter Username
Academic license - for non-commercial use only - expires 2025-09-20
Set parameter Threads to value 1
Set parameter TimeLimit to value 1200
Gurobi Optimizer version 10.0.0 build v10.0.0rc2 (linux64)

CPU model: AMD EPYC 9124 16-Core Processor, instruction set [SSE2|AVX|AVX2|AVX512]
Thread count: 32 physical cores, 64 logical processors, using up to 1 threads

Optimize a model with 6559 rows, 1920 columns and 40732 nonzeros
Model fingerprint: 0x1ee464b4
Variable types: 320 continuous, 1600 integer (1600 binary)
Coefficient statistics:
  Matrix range     [1e-02, 1e+02]
  Objective range  [2e-01, 3e-01]
  Bounds range     [1e+00, 1e+02]
  RHS range        [1e+00, 4e+00]
Presolve removed 120 rows and 75 columns
Presolve time: 0.05s
Presolved: 6439 rows, 1845 columns, 39977 nonzeros
Variable types: 320 continuous, 1525 integer (1525 binary)

Root relaxation: objective 4.146404e-01, 929 iterations, 0.03 seconds (0.08 work units)

    Nodes    |    Current Node    |     Objective Bounds      |     Work
 Expl Unexpl |  Obj  Depth IntInf | Incumbent    BestBd   Gap | It/Node Time

     0     0    0.41464    0  159          -    0.41464      -     -    0s
     0     0    0.41464    0  159          -    0.41464      -     -    0s
     0     0    0.41464    0  110          -    0.41464      -     -    0s
     0     0    0.41464    0  105          -    0.41464      -     -    0s
     0     0    0.41464    0  119          -    0.41464      -     -    0s
     0     0    0.41464    0  117          -    0.41464      -     -    0s
     0     0    0.41464    0  166          -    0.41464      -     -    0s
     0     0    0.41464    0  166          -    0.41464      -     -    0s
     0     0    0.41464    0  123          -    0.41464      -     -    0s
H    0     0                       0.0016218    0.41464      -     -    0s
     0     0    0.41464    0  120    0.00162    0.41464      -     -    0s
     0     0    0.41464    0  145    0.00162    0.41464      -     -    0s
     0     0    0.41464    0  145    0.00162    0.41464      -     -    0s
     0     0    0.41464    0  118    0.00162    0.41464      -     -    1s
     0     0    0.41464    0  110    0.00162    0.41464      -     -    1s
H    0     0                       0.0046097    0.41464  8895%     -    1s
H    0     0                       0.0047019    0.41464  8719%     -    1s
     0     2    0.41464    0  110    0.00470    0.41464  8719%     -    1s
*   23    21              15       0.3870226    0.41464  7.14%  82.0    1s
H   82    54                       0.3870226    0.41464  7.14%  61.2    1s
*  185   111              54       0.3891138    0.41464  6.56%  37.8    2s
*  210   113              26       0.3891710    0.41464  6.54%  36.9    2s
   522   283    0.39596   43  279    0.38917    0.41464  6.54%  25.7    5s
*  760   357              70       0.3974178    0.41464  4.33%  53.4    9s
H  819   361                       0.3974178    0.41464  4.33%  51.4    9s
   889   344    0.41464   22  136    0.39742    0.41464  4.33%  50.2   10s
H  970   351                       0.3974179    0.41464  4.33%  49.4   10s
H 1317   408                       0.3979421    0.41464  4.20%  48.2   12s
H 1397   449                       0.3979422    0.41464  4.20%  47.2   13s
H 1503   495                       0.3984455    0.41464  4.06%  47.1   14s
  1572   531    0.41464   29  210    0.39845    0.41464  4.06%  46.3   15s
H 1681   553                       0.3984456    0.41464  4.06%  46.4   16s
  2173   732    0.39958   42  105    0.39845    0.41464  4.06%  46.1   20s
  3150   919     cutoff   49         0.39845    0.41464  4.06%  46.8   25s
  4330  1010    0.41464   34  193    0.39845    0.41464  4.06%  45.1   30s
H 5103  1174                       0.3984458    0.41464  4.06%  45.7   34s
  5105  1175    0.41450   35  224    0.39845    0.41464  4.06%  45.7   35s
  5243  1240    0.41464   41  140    0.39845    0.41464  4.06%  49.3   40s
  5839  1276    0.40451   48  212    0.39845    0.41464  4.06%  49.3   45s
H 6091  1218                       0.3984459    0.41464  4.06%  49.3   47s
H 6117  1157                       0.3984459    0.41464  4.06%  49.3   48s
  6305  1123    0.40169   45  268    0.39845    0.41464  4.06%  49.5   50s
H 6578  1027                       0.3986900    0.41464  4.00%  49.0   52s
H 6665   951                       0.3991747    0.41464  3.87%  48.9   53s
  6776   928    0.40729   50  199    0.39917    0.41464  3.87%  48.7   55s
H 7610   877                       0.3991749    0.41464  3.87%  48.1   59s
  7673   895    0.40057   44  169    0.39917    0.41464  3.87%  48.0   60s
H 8444   961                       0.4017684    0.41464  3.20%  47.2   63s
  8681  1064    0.40860   46  205    0.40177    0.41464  3.20%  47.1   65s
H 9224  1228                       0.4017685    0.41464  3.20%  46.3   66s
H 9475  1304                       0.4017685    0.41464  3.20%  46.4   68s
  9604  1342    0.41464   37  129    0.40177    0.41464  3.20%  46.8   70s
 10774  1590    0.41464   41  143    0.40177    0.41464  3.20%  47.0   75s
H11065  1626                       0.4019474    0.41464  3.16%  47.1   76s
*11282  1648              64       0.4020823    0.41464  3.12%  47.4   78s
 11506  1707     cutoff   46         0.40208    0.41464  3.12%  47.7   80s
H11643  1685                       0.4021131    0.41464  3.12%  47.7   80s
 12267  1738    0.40589   46  221    0.40211    0.41464  3.12%  48.1   85s
H12928  1784                       0.4021585    0.41464  3.10%  48.9   88s
 13166  1843    0.41459   41  257    0.40216    0.41464  3.10%  48.9   90s
 14143  1952    0.40304   53  104    0.40216    0.41464  3.10%  48.6   95s
 15004  1971    0.41464   36   80    0.40216    0.41464  3.10%  48.8  100s
H15305  1885                       0.4021585    0.41464  3.10%  49.4  102s
 15325  1898    0.41406   40   93    0.40216    0.41464  3.10%  49.3  105s
H15325  1803                       0.4021589    0.41464  3.10%  49.3  105s
 15679  1863    0.40585   60  152    0.40216    0.41464  3.10%  50.7  110s
H15746  1788                       0.4021589    0.41464  3.10%  50.9  111s
H15772  1705                       0.4021591    0.41464  3.10%  50.9  111s
 16116  1692    0.41127   47  194    0.40216    0.41464  3.10%  51.1  115s
 16472  1697    0.40696   54  301    0.40216    0.41464  3.10%  51.1  120s
 16806  1682    0.41464   57  235    0.40216    0.41464  3.10%  50.9  125s
 17455  1611 infeasible   62         0.40216    0.41464  3.10%  50.8  130s
 18245  1546    0.41464   56  183    0.40216    0.41464  3.10%  50.7  135s
 19175  1448     cutoff   59         0.40216    0.41464  3.10%  50.4  140s
 20233  1433    0.41464   46  128    0.40216    0.41464  3.10%  49.9  145s
 20404  1509    0.41160   56  348    0.40216    0.41464  3.10%  49.9  153s
 20855  1637    0.40717   64  161    0.40216    0.41464  3.10%  49.6  155s
 21688  1688    0.41464   60  173    0.40216    0.41464  3.10%  49.7  160s
H22283  1716                       0.4021592    0.41464  3.10%  49.9  164s
 22354  1721    0.41206   58  186    0.40216    0.41464  3.10%  50.0  165s
 23083  1769    0.41464   60  247    0.40216    0.41464  3.10%  50.2  170s
 23643  1841    0.41206   57  328    0.40216    0.41464  3.10%  50.2  175s
 24687  1979    0.41464   56   86    0.40216    0.41464  3.10%  50.0  180s
H25646  2166                       0.4021651    0.41464  3.10%  49.8  184s
 25650  2170    0.40676   55  275    0.40217    0.41464  3.10%  49.8  185s
 26640  2467    0.41464   46   96    0.40217    0.41464  3.10%  49.6  190s
H26646  2471                       0.4021652    0.41464  3.10%  49.6  190s
*27137  2568              60       0.4024404    0.41464  3.03%  49.5  194s
*27169  2583              71       0.4025360    0.41464  3.01%  49.4  194s
 27437  2606 infeasible   52         0.40254    0.41464  3.01%  49.4  195s
H27997  2679                       0.4025363    0.41464  3.01%  49.3  197s
 28187  2691    0.41464   48  214    0.40254    0.41464  3.01%  49.3  200s
H28998  2779                       0.4025364    0.41464  3.01%  49.3  204s
 29026  2784    0.41464   50  255    0.40254    0.41464  3.01%  49.3  205s
 29908  2946    0.41405   55  298    0.40254    0.41464  3.01%  49.3  210s
 30706  3050    0.41140   53  242    0.40254    0.41464  3.01%  49.4  215s
H31431  3105                       0.4025364    0.41464  3.01%  49.3  219s
 31571  3105    0.41464   42  274    0.40254    0.41464  3.01%  49.4  220s
 32614  3369    0.41464   56  276    0.40254    0.41464  3.01%  49.2  225s
*33513  3308              67       0.4044967    0.41464  2.51%  49.1  229s
*33531  3282              64       0.4046888    0.41464  2.46%  49.0  229s
 33595  3278    0.41464   56  172    0.40469    0.41464  2.46%  49.0  230s
H33853  3321                       0.4047315    0.41464  2.45%  49.1  231s
H34544  3446                       0.4047320    0.41464  2.45%  49.0  235s
 35312  3489    0.40833   55  232    0.40473    0.41464  2.45%  49.1  240s
H35854  3580                       0.4047320    0.41464  2.45%  49.1  244s
 35886  3579     cutoff   55         0.40473    0.41464  2.45%  49.1  245s
 36870  3672    0.41458   51  336    0.40473    0.41464  2.45%  49.0  250s
H37035  3696                       0.4047320    0.41464  2.45%  49.0  251s
 37755  3818    0.41435   56  322    0.40473    0.41464  2.45%  49.0  255s
 38253  3871    0.41464   56  163    0.40473    0.41464  2.45%  49.1  260s
 39027  3915    0.41464   55  288    0.40473    0.41464  2.45%  49.3  265s
 39864  4011    0.41199   52  187    0.40473    0.41464  2.45%  49.4  270s
 40802  4140    0.41464   52  181    0.40473    0.41464  2.45%  49.4  275s
 41466  4237    0.40594   60  142    0.40473    0.41464  2.45%  49.5  280s
 42247  4327    0.41464   61  209    0.40473    0.41464  2.45%  49.6  285s
 43078  4390    0.41464   56  245    0.40473    0.41464  2.45%  49.6  290s
 44093  4545    0.41464   56  104    0.40473    0.41464  2.45%  49.4  295s
 45155  4738    0.41049   51  321    0.40473    0.41464  2.45%  49.1  300s
 46286  4867     cutoff   52         0.40473    0.41464  2.45%  48.9  305s
 47172  4948    0.41199   56  176    0.40473    0.41464  2.45%  48.9  310s
 48351  5032    0.41364   59  326    0.40473    0.41464  2.45%  48.6  315s
H49051  5154                       0.4047320    0.41464  2.45%  48.7  319s
 49106  5158    0.40729   60  244    0.40473    0.41464  2.45%  48.7  320s
 49900  5200 infeasible   52         0.40473    0.41464  2.45%  48.9  325s
H50052  5233                       0.4047321    0.41464  2.45%  48.9  326s
 50844  5380    0.41464   59  264    0.40473    0.41464  2.45%  48.8  330s
 51603  5455    0.41464   56  175    0.40473    0.41464  2.45%  48.7  335s
 52401  5533    0.41464   56  205    0.40473    0.41464  2.45%  48.9  340s
H52955  5578                       0.4047321    0.41464  2.45%  48.9  343s
 53127  5594    0.41464   46  109    0.40473    0.41464  2.45%  48.9  345s
H53778  5692                       0.4047321    0.41464  2.45%  48.9  349s
 53922  5691     cutoff   52         0.40473    0.41464  2.45%  49.0  350s
 54888  5780    0.40676   57  230    0.40473    0.41464  2.45%  49.0  355s
 55617  5819    0.41464   52  209    0.40473    0.41464  2.45%  49.0  360s
 56724  5924    0.41228   55  146    0.40473    0.41464  2.45%  48.9  365s
 57572  6028     cutoff   55         0.40473    0.41464  2.45%  48.8  370s
 58581  6169    0.41464   55  212    0.40473    0.41464  2.45%  48.9  375s
 59296  6240    0.41206   55  295    0.40473    0.41464  2.45%  49.0  380s
 60229  6340    0.41360   54  344    0.40473    0.41464  2.45%  49.0  385s
 60895  6398    0.40676   55  277    0.40473    0.41464  2.45%  49.1  390s
 61922  6484    0.41464   56  185    0.40473    0.41464  2.45%  49.2  395s
 62499  6555    0.41464   56  140    0.40473    0.41464  2.45%  49.3  400s
 63539  6625    0.40778   53  160    0.40473    0.41464  2.45%  49.3  405s
 64220  6635    0.41125   54  225    0.40473    0.41464  2.45%  49.5  410s
 65021  6775    0.40943   51  309    0.40473    0.41464  2.45%  49.5  415s
 65974  6876    0.40969   53  299    0.40473    0.41464  2.45%  49.5  420s
 66438  6897     cutoff   55         0.40473    0.41464  2.45%  49.6  425s
 67133  6967    0.40943   54  219    0.40473    0.41464  2.45%  49.7  430s
 67660  6999     cutoff   48         0.40473    0.41464  2.45%  49.9  435s
 68313  7041    0.41464   50  162    0.40473    0.41464  2.45%  50.0  440s
 69120  7087    0.41464   46  189    0.40473    0.41464  2.45%  50.1  445s
 69970  7219     cutoff   47         0.40473    0.41464  2.45%  50.1  450s
 70741  7280    0.41464   56  160    0.40473    0.41464  2.45%  50.2  455s
 71586  7358    0.41228   57   66    0.40473    0.41464  2.45%  50.2  460s
 72310  7439 infeasible   57         0.40473    0.41464  2.45%  50.2  465s
 73434  7577     cutoff   54         0.40473    0.41464  2.45%  50.1  470s
 74165  7657    0.40755   51  222    0.40473    0.41464  2.45%  50.1  475s
 75096  7900    0.41371   55  262    0.40473    0.41464  2.45%  50.1  480s
 76178  8078    0.40768   58  262    0.40473    0.41464  2.45%  49.9  485s
 77287  8148    0.41464   47  140    0.40473    0.41464  2.45%  49.8  490s
 78516  8466    0.40597   55  228    0.40473    0.41464  2.45%  49.6  495s
 79341  8718    0.41464   46  135    0.40473    0.41464  2.45%  49.7  500s
 80752  8989    0.41464   56  119    0.40473    0.41464  2.45%  49.5  505s
 81928  9111    0.41464   60  303    0.40473    0.41464  2.45%  49.4  510s
 83284  9373    0.41312   61  220    0.40473    0.41464  2.45%  49.2  515s
 84289  9509    0.40859   56  221    0.40473    0.41464  2.45%  49.1  520s
 85154  9550    0.41464   53  243    0.40473    0.41464  2.45%  49.1  525s
 86677  9794 infeasible   62         0.40473    0.41464  2.45%  48.9  530s
 87946  9993    0.40474   64  143    0.40473    0.41464  2.45%  48.7  535s
H87956  9993                       0.4047321    0.41464  2.45%  48.7  535s
 88714 10112    0.41464   46   89    0.40473    0.41464  2.45%  48.7  540s
 89660 10182    0.40997   55  240    0.40473    0.41464  2.45%  48.8  545s
 90868 10507    0.41030   48  264    0.40473    0.41464  2.45%  48.7  550s
 91976 10676    0.40750   64  213    0.40473    0.41464  2.45%  48.7  555s
 93212 10883    0.41464   56   96    0.40473    0.41464  2.45%  48.5  560s
 94178 11067 infeasible   63         0.40473    0.41464  2.45%  48.5  565s
 95292 11188    0.41464   46  101    0.40473    0.41464  2.45%  48.5  570s
 96303 11307    0.40692   65  237    0.40473    0.41464  2.45%  48.4  575s
 97245 11396 infeasible   58         0.40473    0.41464  2.45%  48.4  580s
 98042 11513    0.40904   54  291    0.40473    0.41464  2.45%  48.4  585s
 99773 11760    0.41205   56  308    0.40473    0.41464  2.45%  48.1  590s
 100992 11892    0.41464   58  111    0.40473    0.41464  2.45%  48.0  595s
 102165 12023 infeasible   62         0.40473    0.41464  2.45%  48.0  600s
 103167 12121 infeasible   60         0.40473    0.41464  2.45%  47.9  605s
 103922 12194     cutoff   61         0.40473    0.41464  2.45%  47.9  610s
 104967 12296    0.40970   58  263    0.40473    0.41464  2.45%  47.9  615s
 106103 12443    0.41462   53  333    0.40473    0.41464  2.45%  47.9  620s
 107128 12586    0.41464   59  235    0.40473    0.41464  2.45%  47.8  625s
 108000 12658    0.40597   54  243    0.40473    0.41464  2.45%  47.8  630s
 109065 12792    0.41464   56  174    0.40473    0.41464  2.45%  47.7  635s
 110077 12837    0.40525   53  133    0.40473    0.41464  2.45%  47.6  640s
 110764 12871    0.41206   58  185    0.40473    0.41464  2.45%  47.7  645s
 112169 12960    0.40701   64  213    0.40473    0.41464  2.45%  47.5  650s
 113680 12916    0.40716   63  145    0.40473    0.41460  2.44%  47.4  655s
 115211 13072     cutoff   64         0.40473    0.41460  2.44%  47.1  660s
 116600 13240    0.41047   64  314    0.40473    0.41460  2.44%  46.9  665s
 118356 13335 infeasible   62         0.40473    0.41459  2.44%  46.7  670s
 119773 13358    0.41199   53  151    0.40473    0.41458  2.43%  46.5  675s
 120646 13281    0.41049   68  231    0.40473    0.41456  2.43%  46.5  680s
 121600 13354     cutoff   54         0.40473    0.41455  2.42%  46.5  685s
 122585 13423 infeasible   56         0.40473    0.41455  2.42%  46.4  690s
 124069 13620    0.41190   55  275    0.40473    0.41455  2.42%  46.2  695s
 125486 13718     cutoff   55         0.40473    0.41455  2.42%  46.1  700s
 126450 13622    0.40533   55  200    0.40473    0.41444  2.40%  46.0  705s
 127950 13502 infeasible   65         0.40473    0.41432  2.37%  45.8  710s
 129601 13390    0.41405   56  282    0.40473    0.41405  2.30%  45.7  715s
 131227 13268     cutoff   57         0.40473    0.41356  2.18%  45.5  720s
 133288 13298    0.40480   58   63    0.40473    0.41228  1.86%  45.3  725s
 134995 13406    0.41228   55  135    0.40473    0.41228  1.86%  45.2  730s
 136962 13577 infeasible   53         0.40473    0.41228  1.86%  45.0  735s
 138869 13586     cutoff   58         0.40473    0.41228  1.86%  44.9  740s
 141439 13829    0.41228   61  233    0.40473    0.41228  1.86%  44.5  745s
 143181 13876    0.41228   61  253    0.40473    0.41228  1.86%  44.5  750s
 145027 13873    0.41222   59  367    0.40473    0.41228  1.86%  44.4  755s
 146825 13981 infeasible   66         0.40473    0.41228  1.86%  44.3  760s
 148847 14013     cutoff   56         0.40473    0.41228  1.86%  44.2  765s
 150632 13945    0.41206   54  225    0.40473    0.41206  1.81%  44.1  770s
 152374 14085    0.41206   53  229    0.40473    0.41206  1.81%  44.0  775s
 154230 14272    0.40943   67  164    0.40473    0.41206  1.81%  44.0  780s
 156072 14437 infeasible   61         0.40473    0.41206  1.81%  43.9  785s
 157722 14505    0.41206   56  336    0.40473    0.41206  1.81%  43.8  790s
 159677 14598    0.40902   60  181    0.40473    0.41206  1.81%  43.7  795s
 161340 14656     cutoff   51         0.40473    0.41206  1.81%  43.6  800s
 163567 14895    0.40822   61  283    0.40473    0.41206  1.81%  43.5  805s
 165874 15204    0.40740   51  249    0.40473    0.41206  1.81%  43.3  810s
 167665 15407    0.40875   58  232    0.40473    0.41206  1.81%  43.3  815s
 169398 15566    0.41177   50  337    0.40473    0.41206  1.81%  43.2  820s
 171374 15625    0.41073   62  303    0.40473    0.41206  1.81%  43.1  825s
 173470 15730    0.40868   62  201    0.40473    0.41206  1.81%  43.0  830s
 175304 15879    0.40943   68  106    0.40473    0.41206  1.81%  43.0  835s
 177039 16051    0.40632   69  111    0.40473    0.41206  1.81%  43.0  840s
 178705 16226    0.41101   64  184    0.40473    0.41206  1.81%  43.0  845s
 180587 16304    0.41206   56  175    0.40473    0.41206  1.81%  42.9  850s
 182132 16526    0.41101   66  291    0.40473    0.41206  1.81%  42.9  855s
 183882 16623 infeasible   58         0.40473    0.41206  1.81%  42.8  860s
 185742 16712     cutoff   69         0.40473    0.41206  1.81%  42.8  865s
 187541 16839    0.41190   55  256    0.40473    0.41206  1.81%  42.7  870s
 189256 16944    0.41206   60  283    0.40473    0.41206  1.81%  42.7  875s
 191172 17066     cutoff   55         0.40473    0.41206  1.81%  42.6  880s
 192846 17159    0.41206   56  253    0.40473    0.41206  1.81%  42.6  885s
 194624 17247    0.40943   53  310    0.40473    0.41206  1.81%  42.5  890s
 196541 17338 infeasible   59         0.40473    0.41206  1.81%  42.5  895s
 198260 17393    0.40794   68  183    0.40473    0.41206  1.81%  42.4  900s
 200545 17506    0.41206   64  271    0.40473    0.41206  1.81%  42.3  905s
 202527 17637    0.40862   64  291    0.40473    0.41206  1.81%  42.2  910s
 204307 17718    0.41183   63  255    0.40473    0.41206  1.81%  42.2  915s
 206412 17676    0.41203   55  302    0.40473    0.41205  1.81%  42.1  920s
 208144 17364    0.41201   56  237    0.40473    0.41201  1.80%  42.0  925s
 209862 17305 infeasible   58         0.40473    0.41199  1.79%  42.0  930s
 211847 17210     cutoff   61         0.40473    0.41199  1.79%  41.9  935s
 213886 17007    0.40597   57  240    0.40473    0.41199  1.79%  41.7  940s
 215867 16804    0.40799   56  230    0.40473    0.41199  1.79%  41.6  945s
 217553 16686     cutoff   64         0.40473    0.41196  1.79%  41.6  950s
 219245 16068    0.40674   68  216    0.40473    0.41168  1.72%  41.5  955s
 220847 15837    0.41151   52  258    0.40473    0.41151  1.67%  41.4  960s
 222456 15801    0.41147   58  239    0.40473    0.41147  1.67%  41.3  965s
 224335 15738    0.41122   69  213    0.40473    0.41131  1.63%  41.2  970s
 226333 15673     cutoff   59         0.40473    0.41119  1.60%  41.1  975s
 228154 15560    0.41101   56  287    0.40473    0.41101  1.55%  41.0  980s
 229849 15241    0.40785   51  366    0.40473    0.41051  1.43%  40.9  985s
 231505 15139    0.41051   55  281    0.40473    0.41051  1.43%  40.9  990s
 233645 15223 infeasible   62         0.40473    0.41051  1.43%  40.7  995s
 236006 15429    0.40475   62  127    0.40473    0.41051  1.43%  40.5 1000s
 237957 15446    0.41051   78  225    0.40473    0.41051  1.43%  40.4 1005s
 239919 15340    0.41051   59  294    0.40473    0.41051  1.43%  40.4 1010s
 241692 15081    0.40784   65  222    0.40473    0.41049  1.42%  40.3 1015s
 243274 14920    0.41030   53  111    0.40473    0.41030  1.38%  40.3 1020s
 245220 14928 infeasible   52         0.40473    0.41030  1.38%  40.2 1025s
 246800 14937    0.41030   49  288    0.40473    0.41030  1.38%  40.2 1030s
 248712 15014    0.41030   46  346    0.40473    0.41030  1.38%  40.1 1035s
 250263 15085    0.41030   57  345    0.40473    0.41030  1.38%  40.1 1040s
 251821 15160    0.41030   58  201    0.40473    0.41030  1.38%  40.1 1045s
 253341 15161     cutoff   53         0.40473    0.41030  1.38%  40.1 1050s
 255041 15030    0.41023   63  222    0.40473    0.41023  1.36%  40.0 1055s
 256306 15033     cutoff   55         0.40473    0.41022  1.36%  40.1 1060s
 257972 14684    0.40661   58  202    0.40473    0.40978  1.25%  40.0 1065s
 259782 14347 infeasible   68         0.40473    0.40970  1.23%  40.0 1070s
 261561 13985    0.40965   58  246    0.40473    0.40965  1.22%  39.9 1075s
 263204 14032    0.40965   58  260    0.40473    0.40965  1.22%  39.9 1080s
 265022 13927    0.40483   61  162    0.40473    0.40965  1.22%  39.9 1085s
 266665 13867    0.40965   63  224    0.40473    0.40965  1.22%  39.9 1090s
 268333 13903    0.40965   62  292    0.40473    0.40965  1.22%  39.9 1095s
 270051 13854    0.40965   59  229    0.40473    0.40965  1.22%  39.9 1100s
 271744 13735    0.40965   59  124    0.40473    0.40965  1.22%  39.9 1105s
 273518 13695    0.40965   57  188    0.40473    0.40965  1.22%  39.9 1110s
 275189 13672    0.40965   51  420    0.40473    0.40965  1.22%  39.9 1115s
 276924 13616 infeasible   55         0.40473    0.40965  1.21%  39.9 1120s
 278695 13454     cutoff   66         0.40473    0.40955  1.19%  39.8 1125s
 280633 12911     cutoff   61         0.40473    0.40943  1.16%  39.7 1130s
 282561 12477    0.40940   57  178    0.40473    0.40940  1.15%  39.7 1135s
 284582 12128    0.40933   56  316    0.40473    0.40933  1.14%  39.6 1140s
 286335 11809    0.40921   63  291    0.40473    0.40921  1.11%  39.5 1145s
 288290 11416 infeasible   66         0.40473    0.40902  1.06%  39.4 1150s
 290121 11045     cutoff   65         0.40473    0.40891  1.03%  39.3 1155s
 291692 10630     cutoff   68         0.40473    0.40862  0.96%  39.3 1160s
 293417 10554 infeasible   73         0.40473    0.40862  0.96%  39.3 1165s
 295374 10362 infeasible   61         0.40473    0.40859  0.95%  39.2 1170s
 296969 10084 infeasible   59         0.40473    0.40858  0.95%  39.2 1175s
 298498  9872    0.40858   56  355    0.40473    0.40858  0.95%  39.1 1180s
 300004  9787 infeasible   58         0.40473    0.40858  0.95%  39.1 1185s
 301580  9614    0.40653   62  204    0.40473    0.40858  0.95%  39.0 1190s
 303096  9563     cutoff   51         0.40473    0.40858  0.95%  39.0 1195s

Cutting planes:
  Lift-and-project: 11
  Implied bound: 3
  MIR: 18
  Flow cover: 6
  Relax-and-lift: 1

Explored 304646 nodes (11878985 simplex iterations) in 1200.00 seconds (1653.69 work units)
Thread count was 1 (of 64 available processors)

Solution count 10: 0.404732 0.404732 0.404732 ... 0.404497

Time limit reached
Best objective 4.047321310334e-01, best bound 4.085801156271e-01, gap 0.9507%
Tree policy:
if X <= 5.0:
    if Y <= 4.0:
        if Y <= 1.0:
            if Y <= 0.0:
                return '(Right)'
            else:
                return '(Up)'
        else:
            if X <= 4.0:
                return '(Right)'
            else:
                return '(Down)'
    else:
        if X <= 4.0:
            if X <= 3.0:
                return '(Right)'
            else:
                return '(Up)'
        else:
            if Y <= 5.0:
                return '(Left)'
            else:
                return '(Right)'
else:
    if X <= 6.0:
        if Y <= 3.0:
            return '(Right)'
        else:
            if Y <= 5.0:
                return '(Up)'
            else:
                return '(Down)'
    else:
        if Y <= 2.0:
            if Y <= 0.0:
                return '(Right)'
            else:
                return '(Down)'
        else:
            if Y <= 2.0:
                return '(Left)'
            else:
                return '(Right)'
Optimal decision tree (depth=4) value: 0.4047321310334312
Writing result files...
