Solving...
Starting with fixed depth 3
Set parameter Username
Academic license - for non-commercial use only - expires 2025-09-20
Set parameter Threads to value 1
Set parameter TimeLimit to value 1200
Gurobi Optimizer version 10.0.0 build v10.0.0rc2 (linux64)

CPU model: AMD EPYC 9124 16-Core Processor, instruction set [SSE2|AVX|AVX2|AVX512]
Thread count: 32 physical cores, 64 logical processors, using up to 1 threads

Optimize a model with 3471 rows, 1240 columns and 18548 nonzeros
Model fingerprint: 0x46d395fe
Variable types: 320 continuous, 920 integer (920 binary)
Coefficient statistics:
  Matrix range     [1e-02, 1e+02]
  Objective range  [2e-01, 3e-01]
  Bounds range     [1e+00, 1e+02]
  RHS range        [1e+00, 3e+00]
Presolve removed 62 rows and 40 columns
Presolve time: 0.03s
Presolved: 3409 rows, 1200 columns, 18217 nonzeros
Variable types: 320 continuous, 880 integer (880 binary)

Root relaxation: objective 4.146404e-01, 913 iterations, 0.03 seconds (0.07 work units)

    Nodes    |    Current Node    |     Objective Bounds      |     Work
 Expl Unexpl |  Obj  Depth IntInf | Incumbent    BestBd   Gap | It/Node Time

     0     0    0.41464    0  171          -    0.41464      -     -    0s
     0     0    0.41464    0  209          -    0.41464      -     -    0s
     0     0    0.41464    0  110          -    0.41464      -     -    0s
     0     0    0.41464    0  189          -    0.41464      -     -    0s
     0     0    0.41464    0  127          -    0.41464      -     -    0s
     0     0    0.41464    0  172          -    0.41464      -     -    0s
     0     0    0.41464    0  167          -    0.41464      -     -    0s
     0     0    0.41464    0  157          -    0.41464      -     -    0s
     0     0    0.41464    0  128          -    0.41464      -     -    0s
     0     0    0.41464    0  100          -    0.41464      -     -    0s
     0     2    0.41464    0  100          -    0.41464      -     -    0s
*   37    30              24       0.0051008    0.41464  8029%  61.0    0s
*   74    52              27       0.1782532    0.41464   133%  56.1    1s
*   77    53              28       0.1837301    0.41464   126%  54.2    1s
*   78    52              28       0.1838799    0.41464   125%  53.6    1s
H   95    47                       0.3257095    0.41464  27.3%  52.9    1s
*   96    45              19       0.3257095    0.41464  27.3%  52.6    1s
*  107    43              14       0.3746560    0.41464  10.7%  51.1    1s
*  108    40              14       0.3870226    0.41464  7.14%  50.7    1s
H  479   143                       0.3870229    0.41464  7.14%  35.9    1s
H  675   175                       0.3870229    0.41464  7.14%  35.9    2s
H  702   194                       0.3870231    0.41464  7.14%  35.2    2s
*  919   235              37       0.3891360    0.41464  6.55%  34.9    2s
H 1091   277                       0.3891362    0.41464  6.55%  35.0    3s
  1149   308    0.40953   16  115    0.38914    0.41464  6.55%  34.0    5s
* 1205   308              33       0.3892525    0.41464  6.52%  50.4    8s
* 1260   303              46       0.3892525    0.41464  6.52%  51.5    9s
* 1281   289              38       0.3892544    0.41464  6.52%  51.8    9s
* 1294   273              37       0.3896980    0.41464  6.40%  51.6    9s
H 1297   252                       0.3926847    0.41464  5.59%  51.5    9s
H 1381   208                       0.3926847    0.41464  5.59%  52.2    9s
  1407   197    0.40987   33  206    0.39268    0.41206  4.93%  52.1   10s
H 1471   169                       0.3926848    0.41194  4.90%  51.9   10s
H 1786    51                       0.3926852    0.40427  2.95%  48.9   11s

Cutting planes:
  Lift-and-project: 15
  Implied bound: 3
  MIR: 9
  Flow cover: 11
  Zero half: 10
  Relax-and-lift: 1

Explored 1965 nodes (97531 simplex iterations) in 12.03 seconds (18.73 work units)
Thread count was 1 (of 64 available processors)

Solution count 10: 0.392685 0.392685 0.392685 ... 0.387023

Optimal solution found (tolerance 1.00e-04)
Best objective 3.926852227629e-01, best bound 3.926975063991e-01, gap 0.0031%
Tree policy:
if X <= 6.0:
    if X <= 5.0:
        if Y <= 0.0:
            return '(Right)'
        else:
            return '(Up)'
    else:
        if Y <= 3.0:
            return '(Right)'
        else:
            return '(Up)'
else:
    if Y <= 0.0:
        return '(Right)'
    else:
        if Y <= 1.0:
            return '(Down)'
        else:
            return '(Right)'
Optimal decision tree (depth=3) value: 0.392685222762892
Writing result files...
